[0.004s] Invoking command in '/home/wzb/ros2ws/orbbec_ws/build/orbbec_camera': AMENT_PREFIX_PATH=/home/wzb/ros2ws/orbbec_ws/install/orbbec_camera_msgs:${AMENT_PREFIX_PATH} CMAKE_PREFIX_PATH=/home/wzb/ros2ws/orbbec_ws/install/orbbec_camera_msgs:/opt/ros/humble LD_LIBRARY_PATH=/home/wzb/ros2ws/orbbec_ws/install/orbbec_camera_msgs/lib:${LD_LIBRARY_PATH} PYTHONPATH=/home/wzb/ros2ws/orbbec_ws/install/orbbec_camera_msgs/local/lib/python3.10/dist-packages:${PYTHONPATH} /usr/bin/cmake /home/wzb/ros2ws/orbbec_ws/src/OrbbecSDK_ROS2/orbbec_camera -DCMAKE_BUILD_TYPE=Release -DCMAKE_INSTALL_PREFIX=/home/wzb/ros2ws/orbbec_ws/install/orbbec_camera
[0.030s] -- The C compiler identification is GNU 11.4.0
[0.057s] -- The CXX compiler identification is GNU 11.4.0
[0.061s] -- Detecting C compiler ABI info
[0.093s] -- Detecting C compiler ABI info - done
[0.097s] -- Check for working C compiler: /usr/bin/cc - skipped
[0.097s] -- Detecting C compile features
[0.097s] -- Detecting C compile features - done
[0.099s] -- Detecting CXX compiler ABI info
[0.137s] -- Detecting CXX compiler ABI info - done
[0.141s] -- Check for working CXX compiler: /usr/bin/c++ - skipped
[0.141s] -- Detecting CXX compile features
[0.141s] -- Detecting CXX compile features - done
[0.142s] -- Found ament_cmake: 1.3.12 (/opt/ros/humble/share/ament_cmake/cmake)
[0.219s] -- Found Python3: /usr/bin/python3 (found version "3.10.12") found components: Interpreter 
[0.262s] -- Found ament_index_cpp: 1.4.0 (/opt/ros/humble/share/ament_index_cpp/cmake)
[0.265s] -- Found builtin_interfaces: 1.2.2 (/opt/ros/humble/share/builtin_interfaces/cmake)
[0.281s] -- Found rosidl_generator_c: 3.1.7 (/opt/ros/humble/share/rosidl_generator_c/cmake)
[0.283s] -- Found rosidl_adapter: 3.1.7 (/opt/ros/humble/share/rosidl_adapter/cmake)
[0.287s] -- Found rosidl_generator_cpp: 3.1.7 (/opt/ros/humble/share/rosidl_generator_cpp/cmake)
[0.292s] -- Using all available rosidl_typesupport_c: rosidl_typesupport_fastrtps_c;rosidl_typesupport_introspection_c
[0.300s] -- Using all available rosidl_typesupport_cpp: rosidl_typesupport_fastrtps_cpp;rosidl_typesupport_introspection_cpp
[0.308s] -- Found cv_bridge: 3.2.1 (/opt/ros/humble/share/cv_bridge/cmake)
[0.337s] -- Found camera_info_manager: 3.1.12 (/opt/ros/humble/share/camera_info_manager/cmake)
[0.356s] -- Found rmw_implementation_cmake: 6.1.2 (/opt/ros/humble/share/rmw_implementation_cmake/cmake)
[0.358s] -- Found rmw_fastrtps_cpp: 6.2.9 (/opt/ros/humble/share/rmw_fastrtps_cpp/cmake)
[0.394s] -- Found OpenSSL: /usr/lib/x86_64-linux-gnu/libcrypto.so (found version "3.0.2")  
[0.416s] -- Found FastRTPS: /opt/ros/humble/include  
[0.435s] -- Using RMW implementation 'rmw_fastrtps_cpp' as default
[0.439s] -- Looking for pthread.h
[0.512s] -- Looking for pthread.h - found
[0.512s] -- Performing Test CMAKE_HAVE_LIBC_PTHREAD
[0.562s] -- Performing Test CMAKE_HAVE_LIBC_PTHREAD - Success
[0.563s] -- Found Threads: TRUE  
[0.587s] -- Found image_transport: 3.1.12 (/opt/ros/humble/share/image_transport/cmake)
[0.602s] -- Found image_publisher: 3.0.8 (/opt/ros/humble/share/image_publisher/cmake)
[0.615s] -- Found OpenCV: /usr (found version "4.5.4") 
[0.616s] -- Found orbbec_camera_msgs: 2.6.3 (/home/wzb/ros2ws/orbbec_ws/install/orbbec_camera_msgs/share/orbbec_camera_msgs/cmake)
[0.625s] -- Found std_srvs: 4.9.0 (/opt/ros/humble/share/std_srvs/cmake)
[0.630s] -- Found tf2: 0.25.17 (/opt/ros/humble/share/tf2/cmake)
[0.632s] -- Found tf2_msgs: 0.25.17 (/opt/ros/humble/share/tf2_msgs/cmake)
[0.654s] -- Found tf2_ros: 0.25.17 (/opt/ros/humble/share/tf2_ros/cmake)
[0.663s] -- Found tf2_sensor_msgs: 0.25.17 (/opt/ros/humble/share/tf2_sensor_msgs/cmake)
[0.667s] -- Found diagnostic_updater: 4.0.6 (/opt/ros/humble/share/diagnostic_updater/cmake)
[0.679s] -- Found PkgConfig: /usr/bin/pkg-config (found version "0.29.2") 
[0.681s] -- ORRBEC Machine : x86_64
[0.681s] 
[0.681s] -- ORRBEC Machine Bits : 64
[0.681s] 
[0.770s] -- Found ament_lint_auto: 0.12.14 (/opt/ros/humble/share/ament_lint_auto/cmake)
[0.806s] -- Configuring done
[0.916s] -- Generating done
[0.944s] -- Build files have been written to: /home/wzb/ros2ws/orbbec_ws/build/orbbec_camera
[0.952s] Invoked command in '/home/wzb/ros2ws/orbbec_ws/build/orbbec_camera' returned '0': AMENT_PREFIX_PATH=/home/wzb/ros2ws/orbbec_ws/install/orbbec_camera_msgs:${AMENT_PREFIX_PATH} CMAKE_PREFIX_PATH=/home/wzb/ros2ws/orbbec_ws/install/orbbec_camera_msgs:/opt/ros/humble LD_LIBRARY_PATH=/home/wzb/ros2ws/orbbec_ws/install/orbbec_camera_msgs/lib:${LD_LIBRARY_PATH} PYTHONPATH=/home/wzb/ros2ws/orbbec_ws/install/orbbec_camera_msgs/local/lib/python3.10/dist-packages:${PYTHONPATH} /usr/bin/cmake /home/wzb/ros2ws/orbbec_ws/src/OrbbecSDK_ROS2/orbbec_camera -DCMAKE_BUILD_TYPE=Release -DCMAKE_INSTALL_PREFIX=/home/wzb/ros2ws/orbbec_ws/install/orbbec_camera
[0.953s] Invoking command in '/home/wzb/ros2ws/orbbec_ws/build/orbbec_camera': AMENT_PREFIX_PATH=/home/wzb/ros2ws/orbbec_ws/install/orbbec_camera_msgs:${AMENT_PREFIX_PATH} CMAKE_PREFIX_PATH=/home/wzb/ros2ws/orbbec_ws/install/orbbec_camera_msgs:/opt/ros/humble LD_LIBRARY_PATH=/home/wzb/ros2ws/orbbec_ws/install/orbbec_camera_msgs/lib:${LD_LIBRARY_PATH} PYTHONPATH=/home/wzb/ros2ws/orbbec_ws/install/orbbec_camera_msgs/local/lib/python3.10/dist-packages:${PYTHONPATH} /usr/bin/cmake --build /home/wzb/ros2ws/orbbec_ws/build/orbbec_camera -- -j20 -l20
[0.977s] [  2%] [32mBuilding CXX object CMakeFiles/frame_latency_node.dir/rclcpp_components/node_main_frame_latency_node.cpp.o[0m
[0.977s] [  4%] [32mBuilding CXX object CMakeFiles/multi_save_rgbir_node.dir/rclcpp_components/node_main_multi_save_rgbir_node.cpp.o[0m
[0.977s] [  6%] [32mBuilding CXX object CMakeFiles/frame_latency.dir/tools/frame_latency.cpp.o[0m
[0.978s] [  8%] [32mBuilding CXX object CMakeFiles/start_benchmark.dir/tools/start_benchmark.cpp.o[0m
[0.978s] [ 11%] [32mBuilding CXX object CMakeFiles/orbbec_camera.dir/src/image_publisher.cpp.o[0m
[0.978s] [ 15%] [32mBuilding CXX object CMakeFiles/orbbec_camera_node.dir/rclcpp_components/node_main_orbbec_camera_node.cpp.o[0m
[0.978s] [ 17%] [32mBuilding CXX object CMakeFiles/orbbec_camera.dir/src/dynamic_params.cpp.o[0m
[0.978s] [ 17%] [32mBuilding CXX object CMakeFiles/multi_save_rgbir.dir/tools/multi_save_rgbir.cpp.o[0m
[0.979s] [ 20%] [32mBuilding CXX object CMakeFiles/orbbec_camera.dir/src/ob_camera_node.cpp.o[0m
[0.979s] [ 22%] [32mBuilding CXX object CMakeFiles/start_benchmark_node.dir/rclcpp_components/node_main_start_benchmark_node.cpp.o[0m
[0.979s] [ 24%] [32mBuilding CXX object CMakeFiles/orbbec_camera.dir/src/synced_imu_publisher.cpp.o[0m
[0.979s] [ 26%] [32mBuilding CXX object CMakeFiles/orbbec_camera.dir/src/ob_lidar_node.cpp.o[0m
[0.979s] [ 28%] [32mBuilding CXX object CMakeFiles/orbbec_camera.dir/src/ros_service.cpp.o[0m
[0.979s] [ 31%] [32mBuilding CXX object CMakeFiles/orbbec_camera.dir/src/utils.cpp.o[0m
[0.979s] [ 33%] [32mBuilding CXX object CMakeFiles/orbbec_camera.dir/src/jpeg_decoder.cpp.o[0m
[0.980s] [ 37%] [32mBuilding CXX object CMakeFiles/orbbec_camera.dir/src/ob_camera_node_driver.cpp.o[0m
[0.980s] [ 37%] [32mBuilding CXX object CMakeFiles/multi_save_rgbir.dir/src/utils.cpp.o[0m
[0.980s] [ 40%] [32mBuilding CXX object CMakeFiles/orbbec_camera.dir/src/ros_param_backend.cpp.o[0m
[0.980s] [ 42%] [32mBuilding CXX object CMakeFiles/orbbec_camera.dir/src/d2c_viewer.cpp.o[0m
[4.390s] [ 44%] [32m[1mLinking CXX executable start_benchmark_node[0m
[4.565s] [ 44%] Built target start_benchmark_node
[4.706s] [ 46%] [32m[1mLinking CXX executable multi_save_rgbir_node[0m
[4.830s] [ 46%] Built target multi_save_rgbir_node
[4.901s] [ 48%] [32m[1mLinking CXX executable frame_latency_node[0m
[4.974s] [ 48%] Built target frame_latency_node
[4.997s] [ 51%] [32m[1mLinking CXX executable orbbec_camera_node[0m
[5.068s] [ 51%] Built target orbbec_camera_node
[16.279s] [ 53%] [32m[1mLinking CXX shared library libstart_benchmark.so[0m
[16.459s] [ 53%] Built target start_benchmark
[18.415s] [ 55%] [32m[1mLinking CXX shared library libmulti_save_rgbir.so[0m
[18.614s] [ 55%] Built target multi_save_rgbir
[24.463s] [ 57%] [32m[1mLinking CXX shared library libframe_latency.so[0m
[24.691s] [ 57%] Built target frame_latency
[25.664s] [ 60%] [32m[1mLinking CXX shared library liborbbec_camera.so[0m
[25.938s] [ 60%] Built target orbbec_camera
[25.948s] [ 71%] [32mBuilding CXX object CMakeFiles/set_device_ip.dir/tools/set_device_ip.cpp.o[0m
[25.948s] [ 71%] [32mBuilding CXX object CMakeFiles/list_camera_profile_mode_node.dir/tools/list_camera_profile.cpp.o[0m
[25.948s] [ 71%] [32mBuilding CXX object CMakeFiles/list_depth_work_mode_node.dir/tools/list_depth_work_mode.cpp.o[0m
[25.948s] [ 71%] [32mBuilding CXX object CMakeFiles/topic_statistics_node.dir/tools/topic_statistics.cpp.o[0m
[25.948s] [ 71%] [32mBuilding CXX object CMakeFiles/ob_benchmark_node.dir/tools/ob_benchmark.cpp.o[0m
[25.949s] [ 73%] [32mBuilding CXX object CMakeFiles/list_devices_node.dir/tools/list_devices_node.cpp.o[0m
[25.951s] [ 75%] [32mBuilding CXX object CMakeFiles/image_sync_example_node.dir/examples/multi_camera_time_sync/image_sync_example_node.cpp.o[0m
[25.951s] [ 77%] [32mBuilding CXX object CMakeFiles/435le_example_node.dir/examples/435le_new_interface/camera_example_node.cpp.o[0m
[25.951s] [ 80%] [32mBuilding CXX object CMakeFiles/service_benchmark_node.dir/scripts/service_benchmark_node.cpp.o[0m
[31.364s] [ 82%] [32m[1mLinking CXX executable list_depth_work_mode_node[0m
[31.460s] [ 82%] Built target list_depth_work_mode_node
[31.539s] [ 84%] [32m[1mLinking CXX executable list_devices_node[0m
[31.714s] [ 86%] [32m[1mLinking CXX executable list_camera_profile_mode_node[0m
[31.858s] [ 86%] Built target list_devices_node
[32.014s] [ 86%] Built target list_camera_profile_mode_node
[32.257s] [ 88%] [32m[1mLinking CXX executable set_device_ip[0m
[32.377s] [ 88%] Built target set_device_ip
[33.122s] [ 91%] [32m[1mLinking CXX executable ob_benchmark_node[0m
[33.230s] [ 91%] Built target ob_benchmark_node
[34.144s] [ 93%] [32m[1mLinking CXX executable topic_statistics_node[0m
[34.292s] [ 93%] Built target topic_statistics_node
[35.517s] [ 95%] [32m[1mLinking CXX executable image_sync_example_node[0m
[35.818s] [ 95%] Built target image_sync_example_node
[35.988s] [ 97%] [32m[1mLinking CXX executable 435le_example_node[0m
[36.120s] [ 97%] Built target 435le_example_node
[37.987s] [100%] [32m[1mLinking CXX executable service_benchmark_node[0m
[38.105s] [100%] Built target service_benchmark_node
[38.111s] Invoked command in '/home/wzb/ros2ws/orbbec_ws/build/orbbec_camera' returned '0': AMENT_PREFIX_PATH=/home/wzb/ros2ws/orbbec_ws/install/orbbec_camera_msgs:${AMENT_PREFIX_PATH} CMAKE_PREFIX_PATH=/home/wzb/ros2ws/orbbec_ws/install/orbbec_camera_msgs:/opt/ros/humble LD_LIBRARY_PATH=/home/wzb/ros2ws/orbbec_ws/install/orbbec_camera_msgs/lib:${LD_LIBRARY_PATH} PYTHONPATH=/home/wzb/ros2ws/orbbec_ws/install/orbbec_camera_msgs/local/lib/python3.10/dist-packages:${PYTHONPATH} /usr/bin/cmake --build /home/wzb/ros2ws/orbbec_ws/build/orbbec_camera -- -j20 -l20
[38.113s] Invoking command in '/home/wzb/ros2ws/orbbec_ws/build/orbbec_camera': AMENT_PREFIX_PATH=/home/wzb/ros2ws/orbbec_ws/install/orbbec_camera_msgs:${AMENT_PREFIX_PATH} CMAKE_PREFIX_PATH=/home/wzb/ros2ws/orbbec_ws/install/orbbec_camera_msgs:/opt/ros/humble LD_LIBRARY_PATH=/home/wzb/ros2ws/orbbec_ws/install/orbbec_camera_msgs/lib:${LD_LIBRARY_PATH} PYTHONPATH=/home/wzb/ros2ws/orbbec_ws/install/orbbec_camera_msgs/local/lib/python3.10/dist-packages:${PYTHONPATH} /usr/bin/cmake --install /home/wzb/ros2ws/orbbec_ws/build/orbbec_camera
[38.116s] -- Install configuration: "Release"
[38.116s] -- Installing: /home/wzb/ros2ws/orbbec_ws/install/orbbec_camera/lib/orbbec_camera/orbbec_camera_node
[38.116s] -- Set runtime path of "/home/wzb/ros2ws/orbbec_ws/install/orbbec_camera/lib/orbbec_camera/orbbec_camera_node" to ":/home/wzb/ros2ws/orbbec_ws/src/OrbbecSDK_ROS2/orbbec_camera/SDK/lib/x64"
[38.116s] -- Installing: /home/wzb/ros2ws/orbbec_ws/install/orbbec_camera/lib/orbbec_camera/common_benchmark_node.py
[38.116s] -- Installing: /home/wzb/ros2ws/orbbec_ws/install/orbbec_camera/lib/orbbec_camera/service_benchmark_node.py
[38.116s] -- Installing: /home/wzb/ros2ws/orbbec_ws/install/orbbec_camera/lib/orbbec_camera/frame_latency_node
[38.116s] -- Set runtime path of "/home/wzb/ros2ws/orbbec_ws/install/orbbec_camera/lib/orbbec_camera/frame_latency_node" to ":/home/wzb/ros2ws/orbbec_ws/src/OrbbecSDK_ROS2/orbbec_camera/SDK/lib/x64"
[38.116s] -- Installing: /home/wzb/ros2ws/orbbec_ws/install/orbbec_camera/lib/orbbec_camera/start_benchmark_node
[38.116s] -- Set runtime path of "/home/wzb/ros2ws/orbbec_ws/install/orbbec_camera/lib/orbbec_camera/start_benchmark_node" to ":/home/wzb/ros2ws/orbbec_ws/src/OrbbecSDK_ROS2/orbbec_camera/SDK/lib/x64"
[38.116s] -- Installing: /home/wzb/ros2ws/orbbec_ws/install/orbbec_camera/lib/orbbec_camera/multi_save_rgbir_node
[38.117s] -- Set runtime path of "/home/wzb/ros2ws/orbbec_ws/install/orbbec_camera/lib/orbbec_camera/multi_save_rgbir_node" to ":/home/wzb/ros2ws/orbbec_ws/src/OrbbecSDK_ROS2/orbbec_camera/SDK/lib/x64"
[38.117s] -- Installing: /home/wzb/ros2ws/orbbec_ws/install/orbbec_camera/lib/liborbbec_camera.so
[38.119s] -- Set runtime path of "/home/wzb/ros2ws/orbbec_ws/install/orbbec_camera/lib/liborbbec_camera.so" to ":/home/wzb/ros2ws/orbbec_ws/src/OrbbecSDK_ROS2/orbbec_camera/SDK/lib/x64"
[38.119s] -- Installing: /home/wzb/ros2ws/orbbec_ws/install/orbbec_camera/lib/libframe_latency.so
[38.122s] -- Set runtime path of "/home/wzb/ros2ws/orbbec_ws/install/orbbec_camera/lib/libframe_latency.so" to ":/home/wzb/ros2ws/orbbec_ws/src/OrbbecSDK_ROS2/orbbec_camera/SDK/lib/x64"
[38.122s] -- Installing: /home/wzb/ros2ws/orbbec_ws/install/orbbec_camera/lib/libstart_benchmark.so
[38.123s] -- Set runtime path of "/home/wzb/ros2ws/orbbec_ws/install/orbbec_camera/lib/libstart_benchmark.so" to ":/home/wzb/ros2ws/orbbec_ws/src/OrbbecSDK_ROS2/orbbec_camera/SDK/lib/x64"
[38.123s] -- Installing: /home/wzb/ros2ws/orbbec_ws/install/orbbec_camera/lib/libmulti_save_rgbir.so
[38.124s] -- Set runtime path of "/home/wzb/ros2ws/orbbec_ws/install/orbbec_camera/lib/libmulti_save_rgbir.so" to ":/home/wzb/ros2ws/orbbec_ws/src/OrbbecSDK_ROS2/orbbec_camera/SDK/lib/x64"
[38.124s] -- Installing: /home/wzb/ros2ws/orbbec_ws/install/orbbec_camera/include
[38.124s] -- Installing: /home/wzb/ros2ws/orbbec_ws/install/orbbec_camera/include/orbbec_camera
[38.124s] -- Installing: /home/wzb/ros2ws/orbbec_ws/install/orbbec_camera/include/orbbec_camera/image_publisher.h
[38.124s] -- Installing: /home/wzb/ros2ws/orbbec_ws/install/orbbec_camera/include/orbbec_camera/constants.h
[38.124s] -- Installing: /home/wzb/ros2ws/orbbec_ws/install/orbbec_camera/include/orbbec_camera/fps_counter.hpp
[38.124s] -- Installing: /home/wzb/ros2ws/orbbec_ws/install/orbbec_camera/include/orbbec_camera/jetson_nv_decoder.h
[38.124s] -- Installing: /home/wzb/ros2ws/orbbec_ws/install/orbbec_camera/include/orbbec_camera/utils.h
[38.124s] -- Installing: /home/wzb/ros2ws/orbbec_ws/install/orbbec_camera/include/orbbec_camera/d2c_viewer.h
[38.124s] -- Installing: /home/wzb/ros2ws/orbbec_ws/install/orbbec_camera/include/orbbec_camera/fps_delay_status.hpp
[38.124s] -- Installing: /home/wzb/ros2ws/orbbec_ws/install/orbbec_camera/include/orbbec_camera/ob_camera_node_driver.h
[38.124s] -- Installing: /home/wzb/ros2ws/orbbec_ws/install/orbbec_camera/include/orbbec_camera/dynamic_params.h
[38.124s] -- Installing: /home/wzb/ros2ws/orbbec_ws/install/orbbec_camera/include/orbbec_camera/synced_imu_publisher.h
[38.124s] -- Installing: /home/wzb/ros2ws/orbbec_ws/install/orbbec_camera/include/orbbec_camera/ob_lidar_node.h
[38.124s] -- Installing: /home/wzb/ros2ws/orbbec_ws/install/orbbec_camera/include/orbbec_camera/ob_camera_node.h
[38.124s] -- Installing: /home/wzb/ros2ws/orbbec_ws/install/orbbec_camera/include/orbbec_camera/rk_mpp_decoder.h
[38.124s] -- Installing: /home/wzb/ros2ws/orbbec_ws/install/orbbec_camera/include/orbbec_camera/jpeg_decoder.h
[38.124s] -- Installing: /home/wzb/ros2ws/orbbec_ws/install/orbbec_camera/include/orbbec_camera/ros_param_backend.h
[38.124s] -- Installing: /home/wzb/ros2ws/orbbec_ws/install/orbbec_camera/include/magic_enum
[38.124s] -- Installing: /home/wzb/ros2ws/orbbec_ws/install/orbbec_camera/include/magic_enum/magic_enum.hpp
[38.125s] -- Installing: /home/wzb/ros2ws/orbbec_ws/install/orbbec_camera/share/orbbec_camera//launch
[38.125s] -- Installing: /home/wzb/ros2ws/orbbec_ws/install/orbbec_camera/share/orbbec_camera//launch/gemini_330_series.launch.py
[38.125s] -- Installing: /home/wzb/ros2ws/orbbec_ws/install/orbbec_camera/share/orbbec_camera//launch/gemini2.launch.py
[38.125s] -- Installing: /home/wzb/ros2ws/orbbec_ws/install/orbbec_camera/share/orbbec_camera//launch/femto.launch.py
[38.125s] -- Installing: /home/wzb/ros2ws/orbbec_ws/install/orbbec_camera/share/orbbec_camera//launch/gemini435_le.launch.py
[38.125s] -- Installing: /home/wzb/ros2ws/orbbec_ws/install/orbbec_camera/share/orbbec_camera//launch/orbbec_camera.launch.py
[38.125s] -- Installing: /home/wzb/ros2ws/orbbec_ws/install/orbbec_camera/share/orbbec_camera//launch/femto_mega.launch.py
[38.125s] -- Installing: /home/wzb/ros2ws/orbbec_ws/install/orbbec_camera/share/orbbec_camera//launch/gemini_330_series_low_cpu.launch.py
[38.125s] -- Installing: /home/wzb/ros2ws/orbbec_ws/install/orbbec_camera/share/orbbec_camera//launch/multi_lidar.launch.py
[38.125s] -- Installing: /home/wzb/ros2ws/orbbec_ws/install/orbbec_camera/share/orbbec_camera//launch/femto_bolt.launch.py
[38.125s] -- Installing: /home/wzb/ros2ws/orbbec_ws/install/orbbec_camera/share/orbbec_camera//launch/dabai_a.launch.py
[38.125s] -- Installing: /home/wzb/ros2ws/orbbec_ws/install/orbbec_camera/share/orbbec_camera//launch/astra2.launch.py
[38.125s] -- Installing: /home/wzb/ros2ws/orbbec_ws/install/orbbec_camera/share/orbbec_camera//launch/dabai_max_pro.launch.py
[38.125s] -- Installing: /home/wzb/ros2ws/orbbec_ws/install/orbbec_camera/share/orbbec_camera//launch/gemini345.launch.py
[38.125s] -- Installing: /home/wzb/ros2ws/orbbec_ws/install/orbbec_camera/share/orbbec_camera//launch/dabai_dcw2.launch.py
[38.125s] -- Installing: /home/wzb/ros2ws/orbbec_ws/install/orbbec_camera/share/orbbec_camera//launch/gemini_intra_process_demo_launch.py
[38.125s] -- Installing: /home/wzb/ros2ws/orbbec_ws/install/orbbec_camera/share/orbbec_camera//launch/multi_camera.launch.py
[38.125s] -- Installing: /home/wzb/ros2ws/orbbec_ws/install/orbbec_camera/share/orbbec_camera//launch/gemini345_lg.launch.py
[38.125s] -- Installing: /home/wzb/ros2ws/orbbec_ws/install/orbbec_camera/share/orbbec_camera//launch/utils_yaml.py
[38.125s] -- Installing: /home/wzb/ros2ws/orbbec_ws/install/orbbec_camera/share/orbbec_camera//launch/multi_camera_synced.launch.py
[38.125s] -- Installing: /home/wzb/ros2ws/orbbec_ws/install/orbbec_camera/share/orbbec_camera//launch/dabai_al.launch.py
[38.125s] -- Installing: /home/wzb/ros2ws/orbbec_ws/install/orbbec_camera/share/orbbec_camera//launch/astra.launch.py
[38.125s] -- Installing: /home/wzb/ros2ws/orbbec_ws/install/orbbec_camera/share/orbbec_camera//launch/orbbec_multicamera.launch.py
[38.125s] -- Installing: /home/wzb/ros2ws/orbbec_ws/install/orbbec_camera/share/orbbec_camera//launch/gemini210.launch.py
[38.125s] -- Installing: /home/wzb/ros2ws/orbbec_ws/install/orbbec_camera/share/orbbec_camera//launch/gemini2L.launch.py
[38.125s] -- Installing: /home/wzb/ros2ws/orbbec_ws/install/orbbec_camera/share/orbbec_camera//launch/lidar.launch.py
[38.125s] -- Installing: /home/wzb/ros2ws/orbbec_ws/install/orbbec_camera/share/orbbec_camera//config
[38.125s] -- Installing: /home/wzb/ros2ws/orbbec_ws/install/orbbec_camera/share/orbbec_camera//config/camera_params.yaml
[38.125s] -- Installing: /home/wzb/ros2ws/orbbec_ws/install/orbbec_camera/share/orbbec_camera//config/gemini330Lg_series.yaml
[38.125s] -- Installing: /home/wzb/ros2ws/orbbec_ws/install/orbbec_camera/share/orbbec_camera//config/femto_bolt.yaml
[38.126s] -- Installing: /home/wzb/ros2ws/orbbec_ws/install/orbbec_camera/share/orbbec_camera//config/common.yaml
[38.126s] -- Installing: /home/wzb/ros2ws/orbbec_ws/install/orbbec_camera/share/orbbec_camera//config/astra2.yaml
[38.126s] -- Installing: /home/wzb/ros2ws/orbbec_ws/install/orbbec_camera/share/orbbec_camera//config/gemini2.yaml
[38.126s] -- Installing: /home/wzb/ros2ws/orbbec_ws/install/orbbec_camera/share/orbbec_camera//config/OrbbecSDKConfig_v2.0.xml
[38.126s] -- Installing: /home/wzb/ros2ws/orbbec_ws/install/orbbec_camera/share/orbbec_camera//config/gemini2L.yaml
[38.126s] -- Installing: /home/wzb/ros2ws/orbbec_ws/install/orbbec_camera/share/orbbec_camera//config/gemini330_series.yaml
[38.126s] -- Installing: /home/wzb/ros2ws/orbbec_ws/install/orbbec_camera/share/orbbec_camera//config/camera_secondary_params.yaml
[38.126s] -- Installing: /home/wzb/ros2ws/orbbec_ws/install/orbbec_camera/share/orbbec_camera//config/tools
[38.126s] -- Installing: /home/wzb/ros2ws/orbbec_ws/install/orbbec_camera/share/orbbec_camera//config/tools/startbenchmark
[38.126s] -- Installing: /home/wzb/ros2ws/orbbec_ws/install/orbbec_camera/share/orbbec_camera//config/tools/startbenchmark/start_benchmark_params.json
[38.126s] -- Installing: /home/wzb/ros2ws/orbbec_ws/install/orbbec_camera/share/orbbec_camera//config/tools/multisavergbir
[38.126s] -- Installing: /home/wzb/ros2ws/orbbec_ws/install/orbbec_camera/share/orbbec_camera//config/tools/multisavergbir/multi_save_rgbir_params.json
[38.126s] -- Installing: /home/wzb/ros2ws/orbbec_ws/install/orbbec_camera/share/orbbec_camera//config/depthfilter
[38.126s] -- Installing: /home/wzb/ros2ws/orbbec_ws/install/orbbec_camera/share/orbbec_camera//config/depthfilter/Gemini2_v1.7.json
[38.126s] -- Installing: /home/wzb/ros2ws/orbbec_ws/install/orbbec_camera/share/orbbec_camera//config/depthfilter/Openni_device.json
[38.126s] -- Installing: /home/wzb/ros2ws/orbbec_ws/install/orbbec_camera/share/orbbec_camera//config/femto.yaml
[38.126s] -- Installing: /home/wzb/ros2ws/orbbec_ws/install/orbbec_camera/share/orbbec_camera//config/.gitkeep
[38.126s] -- Installing: /home/wzb/ros2ws/orbbec_ws/install/orbbec_camera/share/orbbec_camera//config/femto_mega.yaml
[38.126s] -- Installing: /home/wzb/ros2ws/orbbec_ws/install/orbbec_camera/share/orbbec_camera//examples
[38.126s] -- Installing: /home/wzb/ros2ws/orbbec_ws/install/orbbec_camera/share/orbbec_camera//examples/gmsl_camera
[38.126s] -- Installing: /home/wzb/ros2ws/orbbec_ws/install/orbbec_camera/share/orbbec_camera//examples/gmsl_camera/gemini_330_gmsl.launch.py
[38.126s] -- Installing: /home/wzb/ros2ws/orbbec_ws/install/orbbec_camera/share/orbbec_camera//examples/gmsl_camera/multi_gmsl_camera_synced.launch.py
[38.126s] -- Installing: /home/wzb/ros2ws/orbbec_ws/install/orbbec_camera/share/orbbec_camera//examples/gmsl_camera/multi_gmsl_camera.launch.py
[38.126s] -- Installing: /home/wzb/ros2ws/orbbec_ws/install/orbbec_camera/share/orbbec_camera//examples/benchmark
[38.126s] -- Installing: /home/wzb/ros2ws/orbbec_ws/install/orbbec_camera/share/orbbec_camera//examples/benchmark/gemini_330_series_benchmark.launch.py
[38.126s] -- Installing: /home/wzb/ros2ws/orbbec_ws/install/orbbec_camera/share/orbbec_camera//examples/benchmark/ob_benchmark_0.launch.py
[38.126s] -- Installing: /home/wzb/ros2ws/orbbec_ws/install/orbbec_camera/share/orbbec_camera//examples/benchmark/ob_benchmark_1.launch.py
[38.126s] -- Installing: /home/wzb/ros2ws/orbbec_ws/install/orbbec_camera/share/orbbec_camera//examples/multi_camera_synced_verification_tool
[38.126s] -- Installing: /home/wzb/ros2ws/orbbec_ws/install/orbbec_camera/share/orbbec_camera//examples/multi_camera_synced_verification_tool/gemini_330_series_synced_verify.launch.py
[38.126s] -- Installing: /home/wzb/ros2ws/orbbec_ws/install/orbbec_camera/share/orbbec_camera//examples/multi_camera_synced_verification_tool/multi_camera_synced_verify.launch.py
[38.126s] -- Installing: /home/wzb/ros2ws/orbbec_ws/install/orbbec_camera/share/orbbec_camera//examples/multi_camera_synced_verification_tool/multicamera_sync
[38.127s] -- Installing: /home/wzb/ros2ws/orbbec_ws/install/orbbec_camera/share/orbbec_camera//examples/multi_camera_synced_verification_tool/multicamera_sync/Python
[38.127s] -- Installing: /home/wzb/ros2ws/orbbec_ws/install/orbbec_camera/share/orbbec_camera//examples/multi_camera_synced_verification_tool/multicamera_sync/Python/script
[38.127s] -- Installing: /home/wzb/ros2ws/orbbec_ws/install/orbbec_camera/share/orbbec_camera//examples/multi_camera_synced_verification_tool/multicamera_sync/Python/script/config_frameMatch_g330.py
[38.127s] -- Installing: /home/wzb/ros2ws/orbbec_ws/install/orbbec_camera/share/orbbec_camera//examples/multi_camera_synced_verification_tool/multicamera_sync/Python/script/config_frameMatch-systemTimestamp.py
[38.127s] -- Installing: /home/wzb/ros2ws/orbbec_ws/install/orbbec_camera/share/orbbec_camera//examples/multi_camera_synced_verification_tool/multicamera_sync/Python/script/config_frameMatch_Gemini2VL.py
[38.127s] -- Installing: /home/wzb/ros2ws/orbbec_ws/install/orbbec_camera/share/orbbec_camera//examples/multi_camera_synced_verification_tool/multicamera_sync/Python/script/config_frameMatch.py
[38.127s] -- Installing: /home/wzb/ros2ws/orbbec_ws/install/orbbec_camera/share/orbbec_camera//examples/multi_camera_synced_verification_tool/multicamera_sync/Python/script/config_frameMatch-Astra2_new.py
[38.127s] -- Installing: /home/wzb/ros2ws/orbbec_ws/install/orbbec_camera/share/orbbec_camera//examples/multi_camera_synced_verification_tool/multicamera_sync/Python/SyncFramesMain.py
[38.127s] -- Installing: /home/wzb/ros2ws/orbbec_ws/install/orbbec_camera/share/orbbec_camera//examples/multi_camera_synced_verification_tool/multicamera_sync/Python/Config.ini
[38.127s] -- Installing: /home/wzb/ros2ws/orbbec_ws/install/orbbec_camera/share/orbbec_camera//examples/multi_camera_synced_verification_tool/multicamera_sync/Python/README.md
[38.127s] -- Installing: /home/wzb/ros2ws/orbbec_ws/install/orbbec_camera/share/orbbec_camera//examples/multi_camera_synced_verification_tool/multicamera_sync/output
[38.127s] -- Installing: /home/wzb/ros2ws/orbbec_ws/install/orbbec_camera/share/orbbec_camera//examples/multi_camera_synced_verification_tool/multicamera_sync/output/20250218102900
[38.127s] -- Installing: /home/wzb/ros2ws/orbbec_ws/install/orbbec_camera/share/orbbec_camera//examples/multi_camera_synced_verification_tool/multicamera_sync/output/20250218102900/results-2025-02-25_163648
[38.127s] -- Installing: /home/wzb/ros2ws/orbbec_ws/install/orbbec_camera/share/orbbec_camera//examples/multi_camera_synced_verification_tool/multicamera_sync/output/20250218102900/results-2025-02-25_163648/matchFrames
[38.127s] -- Installing: /home/wzb/ros2ws/orbbec_ws/install/orbbec_camera/share/orbbec_camera//examples/multi_camera_synced_verification_tool/multicamera_sync/output/20250218102900/results-2025-02-25_163648/matchFrames/4_ir_left_SNCP1L44P00051_Index1_1739874543360_[0].jpg
[38.127s] -- Installing: /home/wzb/ros2ws/orbbec_ws/install/orbbec_camera/share/orbbec_camera//examples/multi_camera_synced_verification_tool/multicamera_sync/output/20250218102900/results-2025-02-25_163648/matchFrames/7_ir_left_SNCP1E5420006D_Index0_1739874543427_[0].jpg
[38.127s] -- Installing: /home/wzb/ros2ws/orbbec_ws/install/orbbec_camera/share/orbbec_camera//examples/multi_camera_synced_verification_tool/multicamera_sync/output/20250218102900/results-2025-02-25_163648/matchFrames/6_color_SNCP1L44P00051_Index1_1739874543560_[0].jpg
[38.127s] -- Installing: /home/wzb/ros2ws/orbbec_ws/install/orbbec_camera/share/orbbec_camera//examples/multi_camera_synced_verification_tool/multicamera_sync/output/20250218102900/results-2025-02-25_163648/matchFrames/2_color_SNCP1L44P00051_Index1_1739874543460_[0].jpg
[38.127s] -- Installing: /home/wzb/ros2ws/orbbec_ws/install/orbbec_camera/share/orbbec_camera//examples/multi_camera_synced_verification_tool/multicamera_sync/output/20250218102900/results-2025-02-25_163648/matchFrames/9_ir_left_SNCP1L44P00051_Index1_1739874543394_[1].jpg
[38.127s] -- Installing: /home/wzb/ros2ws/orbbec_ws/install/orbbec_camera/share/orbbec_camera//examples/multi_camera_synced_verification_tool/multicamera_sync/output/20250218102900/results-2025-02-25_163648/matchFrames/6_color_SNCP1E5420006D_Index0_1739874543561_[1].jpg
[38.127s] -- Installing: /home/wzb/ros2ws/orbbec_ws/install/orbbec_camera/share/orbbec_camera//examples/multi_camera_synced_verification_tool/multicamera_sync/output/20250218102900/results-2025-02-25_163648/matchFrames/7_color_SNCP1E5420006D_Index0_1739874543427_[0].jpg
[38.127s] -- Installing: /home/wzb/ros2ws/orbbec_ws/install/orbbec_camera/share/orbbec_camera//examples/multi_camera_synced_verification_tool/multicamera_sync/output/20250218102900/results-2025-02-25_163648/matchFrames/4_color_SNCP1L44P00051_Index1_1739874543360_[0].jpg
[38.127s] -- Installing: /home/wzb/ros2ws/orbbec_ws/install/orbbec_camera/share/orbbec_camera//examples/multi_camera_synced_verification_tool/multicamera_sync/output/20250218102900/results-2025-02-25_163648/matchFrames/4_color_SNCP1E5420006D_Index0_1739874543360_[0].jpg
[38.128s] -- Installing: /home/wzb/ros2ws/orbbec_ws/install/orbbec_camera/share/orbbec_camera//examples/multi_camera_synced_verification_tool/multicamera_sync/output/20250218102900/results-2025-02-25_163648/matchFrames/3_color_SNCP1E5420006D_Index0_1739874543260_[0].jpg
[38.128s] -- Installing: /home/wzb/ros2ws/orbbec_ws/install/orbbec_camera/share/orbbec_camera//examples/multi_camera_synced_verification_tool/multicamera_sync/output/20250218102900/results-2025-02-25_163648/matchFrames/5_color_SNCP1E5420006D_Index0_1739874543327_[0].jpg
[38.128s] -- Installing: /home/wzb/ros2ws/orbbec_ws/install/orbbec_camera/share/orbbec_camera//examples/multi_camera_synced_verification_tool/multicamera_sync/output/20250218102900/results-2025-02-25_163648/matchFrames/1_color_SNCP1L44P00051_Index1_1739874543494_[0].jpg
[38.128s] -- Installing: /home/wzb/ros2ws/orbbec_ws/install/orbbec_camera/share/orbbec_camera//examples/multi_camera_synced_verification_tool/multicamera_sync/output/20250218102900/results-2025-02-25_163648/matchFrames/1_ir_left_SNCP1E5420006D_Index0_1739874543494_[0].jpg
[38.128s] -- Installing: /home/wzb/ros2ws/orbbec_ws/install/orbbec_camera/share/orbbec_camera//examples/multi_camera_synced_verification_tool/multicamera_sync/output/20250218102900/results-2025-02-25_163648/matchFrames/0_color_SNCP1E5420006D_Index0_1739874543527_[0].jpg
[38.128s] -- Installing: /home/wzb/ros2ws/orbbec_ws/install/orbbec_camera/share/orbbec_camera//examples/multi_camera_synced_verification_tool/multicamera_sync/output/20250218102900/results-2025-02-25_163648/matchFrames/2_ir_left_SNCP1E5420006D_Index0_1739874543461_[1].jpg
[38.128s] -- Installing: /home/wzb/ros2ws/orbbec_ws/install/orbbec_camera/share/orbbec_camera//examples/multi_camera_synced_verification_tool/multicamera_sync/output/20250218102900/results-2025-02-25_163648/matchFrames/3_ir_left_SNCP1L44P00051_Index1_1739874543260_[0].jpg
[38.128s] -- Installing: /home/wzb/ros2ws/orbbec_ws/install/orbbec_camera/share/orbbec_camera//examples/multi_camera_synced_verification_tool/multicamera_sync/output/20250218102900/results-2025-02-25_163648/matchFrames/10_ir_left_SNCP1E5420006D_Index0_1739874543227_[0].jpg
[38.128s] -- Installing: /home/wzb/ros2ws/orbbec_ws/install/orbbec_camera/share/orbbec_camera//examples/multi_camera_synced_verification_tool/multicamera_sync/output/20250218102900/results-2025-02-25_163648/matchFrames/6_ir_left_SNCP1L44P00051_Index1_1739874543560_[0].jpg
[38.128s] -- Installing: /home/wzb/ros2ws/orbbec_ws/install/orbbec_camera/share/orbbec_camera//examples/multi_camera_synced_verification_tool/multicamera_sync/output/20250218102900/results-2025-02-25_163648/matchFrames/3_ir_left_SNCP1E5420006D_Index0_1739874543260_[0].jpg
[38.128s] -- Installing: /home/wzb/ros2ws/orbbec_ws/install/orbbec_camera/share/orbbec_camera//examples/multi_camera_synced_verification_tool/multicamera_sync/output/20250218102900/results-2025-02-25_163648/matchFrames/7_color_SNCP1L44P00051_Index1_1739874543427_[0].jpg
[38.128s] -- Installing: /home/wzb/ros2ws/orbbec_ws/install/orbbec_camera/share/orbbec_camera//examples/multi_camera_synced_verification_tool/multicamera_sync/output/20250218102900/results-2025-02-25_163648/matchFrames/9_ir_left_SNCP1E5420006D_Index0_1739874543394_[1].jpg
[38.128s] -- Installing: /home/wzb/ros2ws/orbbec_ws/install/orbbec_camera/share/orbbec_camera//examples/multi_camera_synced_verification_tool/multicamera_sync/output/20250218102900/results-2025-02-25_163648/matchFrames/10_color_SNCP1L44P00051_Index1_1739874543227_[0].jpg
[38.129s] -- Installing: /home/wzb/ros2ws/orbbec_ws/install/orbbec_camera/share/orbbec_camera//examples/multi_camera_synced_verification_tool/multicamera_sync/output/20250218102900/results-2025-02-25_163648/matchFrames/5_ir_left_SNCP1L44P00051_Index1_1739874543327_[0].jpg
[38.129s] -- Installing: /home/wzb/ros2ws/orbbec_ws/install/orbbec_camera/share/orbbec_camera//examples/multi_camera_synced_verification_tool/multicamera_sync/output/20250218102900/results-2025-02-25_163648/matchFrames/4_ir_left_SNCP1E5420006D_Index0_1739874543361_[1].jpg
[38.129s] -- Installing: /home/wzb/ros2ws/orbbec_ws/install/orbbec_camera/share/orbbec_camera//examples/multi_camera_synced_verification_tool/multicamera_sync/output/20250218102900/results-2025-02-25_163648/matchFrames/8_ir_left_SNCP1E5420006D_Index0_1739874543294_[1].jpg
[38.129s] -- Installing: /home/wzb/ros2ws/orbbec_ws/install/orbbec_camera/share/orbbec_camera//examples/multi_camera_synced_verification_tool/multicamera_sync/output/20250218102900/results-2025-02-25_163648/matchFrames/7_ir_left_SNCP1L44P00051_Index1_1739874543427_[0].jpg
[38.129s] -- Installing: /home/wzb/ros2ws/orbbec_ws/install/orbbec_camera/share/orbbec_camera//examples/multi_camera_synced_verification_tool/multicamera_sync/output/20250218102900/results-2025-02-25_163648/matchFrames/8_color_SNCP1E5420006D_Index0_1739874543294_[1].jpg
[38.129s] -- Installing: /home/wzb/ros2ws/orbbec_ws/install/orbbec_camera/share/orbbec_camera//examples/multi_camera_synced_verification_tool/multicamera_sync/output/20250218102900/results-2025-02-25_163648/matchFrames/5_ir_left_SNCP1E5420006D_Index0_1739874543327_[0].jpg
[38.129s] -- Installing: /home/wzb/ros2ws/orbbec_ws/install/orbbec_camera/share/orbbec_camera//examples/multi_camera_synced_verification_tool/multicamera_sync/output/20250218102900/results-2025-02-25_163648/matchFrames/2_color_SNCP1E5420006D_Index0_1739874543461_[1].jpg
[38.129s] -- Installing: /home/wzb/ros2ws/orbbec_ws/install/orbbec_camera/share/orbbec_camera//examples/multi_camera_synced_verification_tool/multicamera_sync/output/20250218102900/results-2025-02-25_163648/matchFrames/6_ir_left_SNCP1E5420006D_Index0_1739874543561_[1].jpg
[38.129s] -- Installing: /home/wzb/ros2ws/orbbec_ws/install/orbbec_camera/share/orbbec_camera//examples/multi_camera_synced_verification_tool/multicamera_sync/output/20250218102900/results-2025-02-25_163648/matchFrames/8_color_SNCP1L44P00051_Index1_1739874543293_[0].jpg
[38.129s] -- Installing: /home/wzb/ros2ws/orbbec_ws/install/orbbec_camera/share/orbbec_camera//examples/multi_camera_synced_verification_tool/multicamera_sync/output/20250218102900/results-2025-02-25_163648/matchFrames/10_color_SNCP1E5420006D_Index0_1739874543227_[0].jpg
[38.129s] -- Installing: /home/wzb/ros2ws/orbbec_ws/install/orbbec_camera/share/orbbec_camera//examples/multi_camera_synced_verification_tool/multicamera_sync/output/20250218102900/results-2025-02-25_163648/matchFrames/10_ir_left_SNCP1L44P00051_Index1_1739874543227_[0].jpg
[38.129s] -- Installing: /home/wzb/ros2ws/orbbec_ws/install/orbbec_camera/share/orbbec_camera//examples/multi_camera_synced_verification_tool/multicamera_sync/output/20250218102900/results-2025-02-25_163648/matchFrames/5_color_SNCP1L44P00051_Index1_1739874543327_[0].jpg
[38.130s] -- Installing: /home/wzb/ros2ws/orbbec_ws/install/orbbec_camera/share/orbbec_camera//examples/multi_camera_synced_verification_tool/multicamera_sync/output/20250218102900/results-2025-02-25_163648/matchFrames/3_color_SNCP1L44P00051_Index1_1739874543260_[0].jpg
[38.130s] -- Installing: /home/wzb/ros2ws/orbbec_ws/install/orbbec_camera/share/orbbec_camera//examples/multi_camera_synced_verification_tool/multicamera_sync/output/20250218102900/results-2025-02-25_163648/matchFrames/9_color_SNCP1L44P00051_Index1_1739874543393_[0].jpg
[38.130s] -- Installing: /home/wzb/ros2ws/orbbec_ws/install/orbbec_camera/share/orbbec_camera//examples/multi_camera_synced_verification_tool/multicamera_sync/output/20250218102900/results-2025-02-25_163648/matchFrames/8_ir_left_SNCP1L44P00051_Index1_1739874543294_[1].jpg
[38.130s] -- Installing: /home/wzb/ros2ws/orbbec_ws/install/orbbec_camera/share/orbbec_camera//examples/multi_camera_synced_verification_tool/multicamera_sync/output/20250218102900/results-2025-02-25_163648/matchFrames/0_ir_left_SNCP1L44P00051_Index1_1739874543527_[0].jpg
[38.130s] -- Installing: /home/wzb/ros2ws/orbbec_ws/install/orbbec_camera/share/orbbec_camera//examples/multi_camera_synced_verification_tool/multicamera_sync/output/20250218102900/results-2025-02-25_163648/matchFrames/0_color_SNCP1L44P00051_Index1_1739874543527_[0].jpg
[38.130s] -- Installing: /home/wzb/ros2ws/orbbec_ws/install/orbbec_camera/share/orbbec_camera//examples/multi_camera_synced_verification_tool/multicamera_sync/output/20250218102900/results-2025-02-25_163648/matchFrames/1_color_SNCP1E5420006D_Index0_1739874543494_[0].jpg
[38.130s] -- Installing: /home/wzb/ros2ws/orbbec_ws/install/orbbec_camera/share/orbbec_camera//examples/multi_camera_synced_verification_tool/multicamera_sync/output/20250218102900/results-2025-02-25_163648/matchFrames/9_color_SNCP1E5420006D_Index0_1739874543394_[1].jpg
[38.130s] -- Installing: /home/wzb/ros2ws/orbbec_ws/install/orbbec_camera/share/orbbec_camera//examples/multi_camera_synced_verification_tool/multicamera_sync/output/20250218102900/results-2025-02-25_163648/matchFrames/2_ir_left_SNCP1L44P00051_Index1_1739874543460_[0].jpg
[38.130s] -- Installing: /home/wzb/ros2ws/orbbec_ws/install/orbbec_camera/share/orbbec_camera//examples/multi_camera_synced_verification_tool/multicamera_sync/output/20250218102900/results-2025-02-25_163648/matchFrames/0_ir_left_SNCP1E5420006D_Index0_1739874543527_[0].jpg
[38.130s] -- Installing: /home/wzb/ros2ws/orbbec_ws/install/orbbec_camera/share/orbbec_camera//examples/multi_camera_synced_verification_tool/multicamera_sync/output/20250218102900/results-2025-02-25_163648/matchFrames/1_ir_left_SNCP1L44P00051_Index1_1739874543494_[0].jpg
[38.130s] -- Installing: /home/wzb/ros2ws/orbbec_ws/install/orbbec_camera/share/orbbec_camera//examples/multi_camera_synced_verification_tool/multicamera_sync/output/20250218102900/results-2025-02-25_163648/frameMatchLog.txt
[38.130s] -- Installing: /home/wzb/ros2ws/orbbec_ws/install/orbbec_camera/share/orbbec_camera//examples/multi_camera_synced_verification_tool/multicamera_sync/output/20250218102900/StreamProfileInfo.txt
[38.130s] -- Installing: /home/wzb/ros2ws/orbbec_ws/install/orbbec_camera/share/orbbec_camera//examples/multi_camera_synced_verification_tool/multicamera_sync/output/20250218102900/DevicesInfo.txt
[38.130s] -- Installing: /home/wzb/ros2ws/orbbec_ws/install/orbbec_camera/share/orbbec_camera//examples/multi_camera_synced_verification_tool/multicamera_sync/output/20250218102900/TotalModeFrames
[38.131s] -- Installing: /home/wzb/ros2ws/orbbec_ws/install/orbbec_camera/share/orbbec_camera//examples/multi_camera_synced_verification_tool/multicamera_sync/output/20250218102900/TotalModeFrames/SNCP1L44P00051_Index1
[38.131s] -- Installing: /home/wzb/ros2ws/orbbec_ws/install/orbbec_camera/share/orbbec_camera//examples/multi_camera_synced_verification_tool/multicamera_sync/output/20250218102900/TotalModeFrames/SNCP1L44P00051_Index1/ir#left_SNCP1L44P00051_Index1_g1739874543227_f0_s1739874543250_e5000_d16_.jpg
[38.131s] -- Installing: /home/wzb/ros2ws/orbbec_ws/install/orbbec_camera/share/orbbec_camera//examples/multi_camera_synced_verification_tool/multicamera_sync/output/20250218102900/TotalModeFrames/SNCP1L44P00051_Index1/ir#left_SNCP1L44P00051_Index1_g1739874543260_f1_s1739874543294_e5000_d16_.jpg
[38.131s] -- Installing: /home/wzb/ros2ws/orbbec_ws/install/orbbec_camera/share/orbbec_camera//examples/multi_camera_synced_verification_tool/multicamera_sync/output/20250218102900/TotalModeFrames/SNCP1L44P00051_Index1/color_SNCP1L44P00051_Index1_g1739874543427_f6_s1739874543485_e50_d16_.jpg
[38.131s] -- Installing: /home/wzb/ros2ws/orbbec_ws/install/orbbec_camera/share/orbbec_camera//examples/multi_camera_synced_verification_tool/multicamera_sync/output/20250218102900/TotalModeFrames/SNCP1L44P00051_Index1/color_SNCP1L44P00051_Index1_g1739874543227_f0_s1739874543304_e50_d16_.jpg
[38.131s] -- Installing: /home/wzb/ros2ws/orbbec_ws/install/orbbec_camera/share/orbbec_camera//examples/multi_camera_synced_verification_tool/multicamera_sync/output/20250218102900/TotalModeFrames/SNCP1L44P00051_Index1/color_SNCP1L44P00051_Index1_g1739874543460_f7_s1739874543505_e50_d16_.jpg
[38.131s] -- Installing: /home/wzb/ros2ws/orbbec_ws/install/orbbec_camera/share/orbbec_camera//examples/multi_camera_synced_verification_tool/multicamera_sync/output/20250218102900/TotalModeFrames/SNCP1L44P00051_Index1/color_SNCP1L44P00051_Index1_g1739874543293_f2_s1739874543446_e50_d16_.jpg
[38.131s] -- Installing: /home/wzb/ros2ws/orbbec_ws/install/orbbec_camera/share/orbbec_camera//examples/multi_camera_synced_verification_tool/multicamera_sync/output/20250218102900/TotalModeFrames/SNCP1L44P00051_Index1/ir#left_SNCP1L44P00051_Index1_g1739874543360_f4_s1739874543460_e5000_d16_.jpg
[38.131s] -- Installing: /home/wzb/ros2ws/orbbec_ws/install/orbbec_camera/share/orbbec_camera//examples/multi_camera_synced_verification_tool/multicamera_sync/output/20250218102900/TotalModeFrames/SNCP1L44P00051_Index1/color_SNCP1L44P00051_Index1_g1739874543327_f3_s1739874543458_e50_d16_.jpg
[38.131s] -- Installing: /home/wzb/ros2ws/orbbec_ws/install/orbbec_camera/share/orbbec_camera//examples/multi_camera_synced_verification_tool/multicamera_sync/output/20250218102900/TotalModeFrames/SNCP1L44P00051_Index1/color_SNCP1L44P00051_Index1_g1739874543360_f4_s1739874543468_e50_d16_.jpg
[38.131s] -- Installing: /home/wzb/ros2ws/orbbec_ws/install/orbbec_camera/share/orbbec_camera//examples/multi_camera_synced_verification_tool/multicamera_sync/output/20250218102900/TotalModeFrames/SNCP1L44P00051_Index1/color_SNCP1L44P00051_Index1_g1739874543393_f5_s1739874543470_e50_d16_.jpg
[38.131s] -- Installing: /home/wzb/ros2ws/orbbec_ws/install/orbbec_camera/share/orbbec_camera//examples/multi_camera_synced_verification_tool/multicamera_sync/output/20250218102900/TotalModeFrames/SNCP1L44P00051_Index1/ir#left_SNCP1L44P00051_Index1_g1739874543394_f5_s1739874543661_e5000_d16_.jpg
[38.132s] -- Installing: /home/wzb/ros2ws/orbbec_ws/install/orbbec_camera/share/orbbec_camera//examples/multi_camera_synced_verification_tool/multicamera_sync/output/20250218102900/TotalModeFrames/SNCP1L44P00051_Index1/color_SNCP1L44P00051_Index1_g1739874543560_f10_s1739874543618_e50_d16_.jpg
[38.132s] -- Installing: /home/wzb/ros2ws/orbbec_ws/install/orbbec_camera/share/orbbec_camera//examples/multi_camera_synced_verification_tool/multicamera_sync/output/20250218102900/TotalModeFrames/SNCP1L44P00051_Index1/ir#left_SNCP1L44P00051_Index1_g1739874543494_f8_s1739874543687_e5000_d16_.jpg
[38.132s] -- Installing: /home/wzb/ros2ws/orbbec_ws/install/orbbec_camera/share/orbbec_camera//examples/multi_camera_synced_verification_tool/multicamera_sync/output/20250218102900/TotalModeFrames/SNCP1L44P00051_Index1/ir#left_SNCP1L44P00051_Index1_g1739874543460_f7_s1739874543685_e5000_d16_.jpg
[38.132s] -- Installing: /home/wzb/ros2ws/orbbec_ws/install/orbbec_camera/share/orbbec_camera//examples/multi_camera_synced_verification_tool/multicamera_sync/output/20250218102900/TotalModeFrames/SNCP1L44P00051_Index1/color_SNCP1L44P00051_Index1_g1739874543527_f9_s1739874543616_e50_d16_.jpg
[38.132s] -- Installing: /home/wzb/ros2ws/orbbec_ws/install/orbbec_camera/share/orbbec_camera//examples/multi_camera_synced_verification_tool/multicamera_sync/output/20250218102900/TotalModeFrames/SNCP1L44P00051_Index1/ir#left_SNCP1L44P00051_Index1_g1739874543527_f10_s1739874543687_e5000_d16_.jpg
[38.132s] -- Installing: /home/wzb/ros2ws/orbbec_ws/install/orbbec_camera/share/orbbec_camera//examples/multi_camera_synced_verification_tool/multicamera_sync/output/20250218102900/TotalModeFrames/SNCP1L44P00051_Index1/ir#left_SNCP1L44P00051_Index1_g1739874543327_f3_s1739874543460_e5000_d16_.jpg
[38.132s] -- Installing: /home/wzb/ros2ws/orbbec_ws/install/orbbec_camera/share/orbbec_camera//examples/multi_camera_synced_verification_tool/multicamera_sync/output/20250218102900/TotalModeFrames/SNCP1L44P00051_Index1/ir#left_SNCP1L44P00051_Index1_g1739874543427_f6_s1739874543684_e5000_d16_.jpg
[38.132s] -- Installing: /home/wzb/ros2ws/orbbec_ws/install/orbbec_camera/share/orbbec_camera//examples/multi_camera_synced_verification_tool/multicamera_sync/output/20250218102900/TotalModeFrames/SNCP1L44P00051_Index1/ir#left_SNCP1L44P00051_Index1_g1739874543294_f2_s1739874543319_e5000_d16_.jpg
[38.132s] -- Installing: /home/wzb/ros2ws/orbbec_ws/install/orbbec_camera/share/orbbec_camera//examples/multi_camera_synced_verification_tool/multicamera_sync/output/20250218102900/TotalModeFrames/SNCP1L44P00051_Index1/ir#left_SNCP1L44P00051_Index1_g1739874543560_f11_s1739874543687_e5000_d16_.jpg
[38.132s] -- Installing: /home/wzb/ros2ws/orbbec_ws/install/orbbec_camera/share/orbbec_camera//examples/multi_camera_synced_verification_tool/multicamera_sync/output/20250218102900/TotalModeFrames/SNCP1L44P00051_Index1/color_SNCP1L44P00051_Index1_g1739874543494_f8_s1739874543540_e50_d16_.jpg
[38.132s] -- Installing: /home/wzb/ros2ws/orbbec_ws/install/orbbec_camera/share/orbbec_camera//examples/multi_camera_synced_verification_tool/multicamera_sync/output/20250218102900/TotalModeFrames/SNCP1L44P00051_Index1/color_SNCP1L44P00051_Index1_g1739874543260_f1_s1739874543345_e50_d16_.jpg
[38.132s] -- Installing: /home/wzb/ros2ws/orbbec_ws/install/orbbec_camera/share/orbbec_camera//examples/multi_camera_synced_verification_tool/multicamera_sync/output/20250218102900/TotalModeFrames/SNCP1E5420006D_Index0
[38.132s] -- Installing: /home/wzb/ros2ws/orbbec_ws/install/orbbec_camera/share/orbbec_camera//examples/multi_camera_synced_verification_tool/multicamera_sync/output/20250218102900/TotalModeFrames/SNCP1E5420006D_Index0/color_SNCP1E5420006D_Index0_g1739874543227_f0_s1739874543327_e50_d16_.jpg
[38.132s] -- Installing: /home/wzb/ros2ws/orbbec_ws/install/orbbec_camera/share/orbbec_camera//examples/multi_camera_synced_verification_tool/multicamera_sync/output/20250218102900/TotalModeFrames/SNCP1E5420006D_Index0/ir#left_SNCP1E5420006D_Index0_g1739874543394_f5_s1739874543473_e5000_d16_.jpg
[38.132s] -- Installing: /home/wzb/ros2ws/orbbec_ws/install/orbbec_camera/share/orbbec_camera//examples/multi_camera_synced_verification_tool/multicamera_sync/output/20250218102900/TotalModeFrames/SNCP1E5420006D_Index0/ir#left_SNCP1E5420006D_Index0_g1739874543527_f9_s1739874543627_e5000_d16_.jpg
[38.133s] -- Installing: /home/wzb/ros2ws/orbbec_ws/install/orbbec_camera/share/orbbec_camera//examples/multi_camera_synced_verification_tool/multicamera_sync/output/20250218102900/TotalModeFrames/SNCP1E5420006D_Index0/color_SNCP1E5420006D_Index0_g1739874543461_f7_s1739874543520_e50_d16_.jpg
[38.133s] -- Installing: /home/wzb/ros2ws/orbbec_ws/install/orbbec_camera/share/orbbec_camera//examples/multi_camera_synced_verification_tool/multicamera_sync/output/20250218102900/TotalModeFrames/SNCP1E5420006D_Index0/ir#left_SNCP1E5420006D_Index0_g1739874543227_f0_s1739874543250_e5000_d16_.jpg
[38.133s] -- Installing: /home/wzb/ros2ws/orbbec_ws/install/orbbec_camera/share/orbbec_camera//examples/multi_camera_synced_verification_tool/multicamera_sync/output/20250218102900/TotalModeFrames/SNCP1E5420006D_Index0/ir#left_SNCP1E5420006D_Index0_g1739874543561_f10_s1739874543628_e5000_d16_.jpg
[38.133s] -- Installing: /home/wzb/ros2ws/orbbec_ws/install/orbbec_camera/share/orbbec_camera//examples/multi_camera_synced_verification_tool/multicamera_sync/output/20250218102900/TotalModeFrames/SNCP1E5420006D_Index0/color_SNCP1E5420006D_Index0_g1739874543394_f5_s1739874543506_e50_d16_.jpg
[38.133s] -- Installing: /home/wzb/ros2ws/orbbec_ws/install/orbbec_camera/share/orbbec_camera//examples/multi_camera_synced_verification_tool/multicamera_sync/output/20250218102900/TotalModeFrames/SNCP1E5420006D_Index0/ir#left_SNCP1E5420006D_Index0_g1739874543294_f2_s1739874543329_e5000_d16_.jpg
[38.133s] -- Installing: /home/wzb/ros2ws/orbbec_ws/install/orbbec_camera/share/orbbec_camera//examples/multi_camera_synced_verification_tool/multicamera_sync/output/20250218102900/TotalModeFrames/SNCP1E5420006D_Index0/color_SNCP1E5420006D_Index0_g1739874543494_f8_s1739874543548_e50_d16_.jpg
[38.133s] -- Installing: /home/wzb/ros2ws/orbbec_ws/install/orbbec_camera/share/orbbec_camera//examples/multi_camera_synced_verification_tool/multicamera_sync/output/20250218102900/TotalModeFrames/SNCP1E5420006D_Index0/ir#left_SNCP1E5420006D_Index0_g1739874543494_f8_s1739874543528_e5000_d16_.jpg
[38.133s] -- Installing: /home/wzb/ros2ws/orbbec_ws/install/orbbec_camera/share/orbbec_camera//examples/multi_camera_synced_verification_tool/multicamera_sync/output/20250218102900/TotalModeFrames/SNCP1E5420006D_Index0/ir#left_SNCP1E5420006D_Index0_g1739874543461_f7_s1739874543493_e5000_d16_.jpg
[38.133s] -- Installing: /home/wzb/ros2ws/orbbec_ws/install/orbbec_camera/share/orbbec_camera//examples/multi_camera_synced_verification_tool/multicamera_sync/output/20250218102900/TotalModeFrames/SNCP1E5420006D_Index0/color_SNCP1E5420006D_Index0_g1739874543294_f2_s1739874543359_e50_d16_.jpg
[38.133s] -- Installing: /home/wzb/ros2ws/orbbec_ws/install/orbbec_camera/share/orbbec_camera//examples/multi_camera_synced_verification_tool/multicamera_sync/output/20250218102900/TotalModeFrames/SNCP1E5420006D_Index0/ir#left_SNCP1E5420006D_Index0_g1739874543361_f4_s1739874543405_e5000_d16_.jpg
[38.133s] -- Installing: /home/wzb/ros2ws/orbbec_ws/install/orbbec_camera/share/orbbec_camera//examples/multi_camera_synced_verification_tool/multicamera_sync/output/20250218102900/TotalModeFrames/SNCP1E5420006D_Index0/ir#left_SNCP1E5420006D_Index0_g1739874543327_f3_s1739874543393_e5000_d16_.jpg
[38.133s] -- Installing: /home/wzb/ros2ws/orbbec_ws/install/orbbec_camera/share/orbbec_camera//examples/multi_camera_synced_verification_tool/multicamera_sync/output/20250218102900/TotalModeFrames/SNCP1E5420006D_Index0/color_SNCP1E5420006D_Index0_g1739874543561_f10_s1739874543648_e50_d16_.jpg
[38.133s] -- Installing: /home/wzb/ros2ws/orbbec_ws/install/orbbec_camera/share/orbbec_camera//examples/multi_camera_synced_verification_tool/multicamera_sync/output/20250218102900/TotalModeFrames/SNCP1E5420006D_Index0/color_SNCP1E5420006D_Index0_g1739874543360_f4_s1739874543442_e50_d16_.jpg
[38.134s] -- Installing: /home/wzb/ros2ws/orbbec_ws/install/orbbec_camera/share/orbbec_camera//examples/multi_camera_synced_verification_tool/multicamera_sync/output/20250218102900/TotalModeFrames/SNCP1E5420006D_Index0/ir#left_SNCP1E5420006D_Index0_g1739874543427_f6_s1739874543474_e5000_d16_.jpg
[38.134s] -- Installing: /home/wzb/ros2ws/orbbec_ws/install/orbbec_camera/share/orbbec_camera//examples/multi_camera_synced_verification_tool/multicamera_sync/output/20250218102900/TotalModeFrames/SNCP1E5420006D_Index0/ir#left_SNCP1E5420006D_Index0_g1739874543260_f1_s1739874543310_e5000_d16_.jpg
[38.134s] -- Installing: /home/wzb/ros2ws/orbbec_ws/install/orbbec_camera/share/orbbec_camera//examples/multi_camera_synced_verification_tool/multicamera_sync/output/20250218102900/TotalModeFrames/SNCP1E5420006D_Index0/color_SNCP1E5420006D_Index0_g1739874543327_f3_s1739874543441_e50_d16_.jpg
[38.134s] -- Installing: /home/wzb/ros2ws/orbbec_ws/install/orbbec_camera/share/orbbec_camera//examples/multi_camera_synced_verification_tool/multicamera_sync/output/20250218102900/TotalModeFrames/SNCP1E5420006D_Index0/color_SNCP1E5420006D_Index0_g1739874543527_f9_s1739874543603_e50_d16_.jpg
[38.134s] -- Installing: /home/wzb/ros2ws/orbbec_ws/install/orbbec_camera/share/orbbec_camera//examples/multi_camera_synced_verification_tool/multicamera_sync/output/20250218102900/TotalModeFrames/SNCP1E5420006D_Index0/color_SNCP1E5420006D_Index0_g1739874543427_f6_s1739874543518_e50_d16_.jpg
[38.134s] -- Installing: /home/wzb/ros2ws/orbbec_ws/install/orbbec_camera/share/orbbec_camera//examples/multi_camera_synced_verification_tool/multicamera_sync/output/20250218102900/TotalModeFrames/SNCP1E5420006D_Index0/color_SNCP1E5420006D_Index0_g1739874543260_f1_s1739874543351_e50_d16_.jpg
[38.134s] -- Installing: /home/wzb/ros2ws/orbbec_ws/install/orbbec_camera/share/orbbec_camera//examples/multi_camera_synced_verification_tool/gemini_synced_verify.launch.py
[38.134s] -- Installing: /home/wzb/ros2ws/orbbec_ws/install/orbbec_camera/share/orbbec_camera//examples/net_camera
[38.134s] -- Installing: /home/wzb/ros2ws/orbbec_ws/install/orbbec_camera/share/orbbec_camera//examples/net_camera/multi_net_camera.launch.py
[38.134s] -- Installing: /home/wzb/ros2ws/orbbec_ws/install/orbbec_camera/share/orbbec_camera//examples/lower_cpu_usage
[38.134s] -- Installing: /home/wzb/ros2ws/orbbec_ws/install/orbbec_camera/share/orbbec_camera//examples/lower_cpu_usage/gemini_330_series_lower_cpu_usage.launch.py
[38.134s] -- Installing: /home/wzb/ros2ws/orbbec_ws/install/orbbec_camera/share/orbbec_camera//examples/lower_cpu_usage/multi_camera_lower_cpu_usage.launch.py
[38.134s] -- Installing: /home/wzb/ros2ws/orbbec_ws/install/orbbec_camera/share/orbbec_camera//examples/multi_camera_time_sync
[38.134s] -- Installing: /home/wzb/ros2ws/orbbec_ws/install/orbbec_camera/share/orbbec_camera//examples/multi_camera_time_sync/image_sync_example_node.cpp
[38.134s] -- Installing: /home/wzb/ros2ws/orbbec_ws/install/orbbec_camera/share/orbbec_camera//examples/435le_new_interface
[38.134s] -- Installing: /home/wzb/ros2ws/orbbec_ws/install/orbbec_camera/share/orbbec_camera//examples/435le_new_interface/camera_example_node.cpp
[38.134s] -- Installing: /home/wzb/ros2ws/orbbec_ws/install/orbbec_camera/share/orbbec_camera//examples/435le_new_interface/README.MD
[38.134s] -- Installing: /home/wzb/ros2ws/orbbec_ws/install/orbbec_camera/share/orbbec_camera//examples/README.MD
[38.134s] -- Up-to-date: /home/wzb/ros2ws/orbbec_ws/install/orbbec_camera/include
[38.134s] -- Installing: /home/wzb/ros2ws/orbbec_ws/install/orbbec_camera/include/libobsensor
[38.134s] -- Installing: /home/wzb/ros2ws/orbbec_ws/install/orbbec_camera/include/libobsensor/ObSensor.hpp
[38.135s] -- Installing: /home/wzb/ros2ws/orbbec_ws/install/orbbec_camera/include/libobsensor/ObSensor.h
[38.135s] -- Installing: /home/wzb/ros2ws/orbbec_ws/install/orbbec_camera/include/libobsensor/hpp
[38.135s] -- Installing: /home/wzb/ros2ws/orbbec_ws/install/orbbec_camera/include/libobsensor/hpp/RecordPlayback.hpp
[38.135s] -- Installing: /home/wzb/ros2ws/orbbec_ws/install/orbbec_camera/include/libobsensor/hpp/Version.hpp
[38.135s] -- Installing: /home/wzb/ros2ws/orbbec_ws/install/orbbec_camera/include/libobsensor/hpp/Types.hpp
[38.135s] -- Installing: /home/wzb/ros2ws/orbbec_ws/install/orbbec_camera/include/libobsensor/hpp/Frame.hpp
[38.135s] -- Installing: /home/wzb/ros2ws/orbbec_ws/install/orbbec_camera/include/libobsensor/hpp/Error.hpp
[38.135s] -- Installing: /home/wzb/ros2ws/orbbec_ws/install/orbbec_camera/include/libobsensor/hpp/Context.hpp
[38.135s] -- Installing: /home/wzb/ros2ws/orbbec_ws/install/orbbec_camera/include/libobsensor/hpp/Sensor.hpp
[38.135s] -- Installing: /home/wzb/ros2ws/orbbec_ws/install/orbbec_camera/include/libobsensor/hpp/Pipeline.hpp
[38.135s] -- Installing: /home/wzb/ros2ws/orbbec_ws/install/orbbec_camera/include/libobsensor/hpp/TypeHelper.hpp
[38.135s] -- Installing: /home/wzb/ros2ws/orbbec_ws/install/orbbec_camera/include/libobsensor/hpp/Filter.hpp
[38.135s] -- Installing: /home/wzb/ros2ws/orbbec_ws/install/orbbec_camera/include/libobsensor/hpp/Utils.hpp
[38.135s] -- Installing: /home/wzb/ros2ws/orbbec_ws/install/orbbec_camera/include/libobsensor/hpp/Device.hpp
[38.135s] -- Installing: /home/wzb/ros2ws/orbbec_ws/install/orbbec_camera/include/libobsensor/hpp/StreamProfile.hpp
[38.135s] -- Installing: /home/wzb/ros2ws/orbbec_ws/install/orbbec_camera/include/libobsensor/h
[38.135s] -- Installing: /home/wzb/ros2ws/orbbec_ws/install/orbbec_camera/include/libobsensor/h/MultipleDevices.h
[38.135s] -- Installing: /home/wzb/ros2ws/orbbec_ws/install/orbbec_camera/include/libobsensor/h/Utils.h
[38.135s] -- Installing: /home/wzb/ros2ws/orbbec_ws/install/orbbec_camera/include/libobsensor/h/Pipeline.h
[38.135s] -- Installing: /home/wzb/ros2ws/orbbec_ws/install/orbbec_camera/include/libobsensor/h/Error.h
[38.135s] -- Installing: /home/wzb/ros2ws/orbbec_ws/install/orbbec_camera/include/libobsensor/h/TypeHelper.h
[38.135s] -- Installing: /home/wzb/ros2ws/orbbec_ws/install/orbbec_camera/include/libobsensor/h/ObTypes.h
[38.135s] -- Installing: /home/wzb/ros2ws/orbbec_ws/install/orbbec_camera/include/libobsensor/h/RecordPlayback.h
[38.135s] -- Installing: /home/wzb/ros2ws/orbbec_ws/install/orbbec_camera/include/libobsensor/h/StreamProfile.h
[38.135s] -- Installing: /home/wzb/ros2ws/orbbec_ws/install/orbbec_camera/include/libobsensor/h/Sensor.h
[38.135s] -- Installing: /home/wzb/ros2ws/orbbec_ws/install/orbbec_camera/include/libobsensor/h/Export.h
[38.135s] -- Installing: /home/wzb/ros2ws/orbbec_ws/install/orbbec_camera/include/libobsensor/h/Property.h
[38.135s] -- Installing: /home/wzb/ros2ws/orbbec_ws/install/orbbec_camera/include/libobsensor/h/Context.h
[38.135s] -- Installing: /home/wzb/ros2ws/orbbec_ws/install/orbbec_camera/include/libobsensor/h/Advanced.h
[38.135s] -- Installing: /home/wzb/ros2ws/orbbec_ws/install/orbbec_camera/include/libobsensor/h/Filter.h
[38.136s] -- Installing: /home/wzb/ros2ws/orbbec_ws/install/orbbec_camera/include/libobsensor/h/Device.h
[38.136s] -- Installing: /home/wzb/ros2ws/orbbec_ws/install/orbbec_camera/include/libobsensor/h/Frame.h
[38.136s] -- Installing: /home/wzb/ros2ws/orbbec_ws/install/orbbec_camera/include/libobsensor/h/Version.h
[38.136s] -- Up-to-date: /home/wzb/ros2ws/orbbec_ws/install/orbbec_camera/lib/
[38.136s] -- Installing: /home/wzb/ros2ws/orbbec_ws/install/orbbec_camera/lib//libOrbbecSDK.so
[38.136s] -- Installing: /home/wzb/ros2ws/orbbec_ws/install/orbbec_camera/lib//extensions
[38.136s] -- Installing: /home/wzb/ros2ws/orbbec_ws/install/orbbec_camera/lib//extensions/firmwareupdater
[38.136s] -- Installing: /home/wzb/ros2ws/orbbec_ws/install/orbbec_camera/lib//extensions/firmwareupdater/libfirmwareupdater.so
[38.136s] -- Installing: /home/wzb/ros2ws/orbbec_ws/install/orbbec_camera/lib//extensions/depthengine
[38.136s] -- Installing: /home/wzb/ros2ws/orbbec_ws/install/orbbec_camera/lib//extensions/depthengine/libdepthengine.so.2.0
[38.136s] -- Installing: /home/wzb/ros2ws/orbbec_ws/install/orbbec_camera/lib//extensions/depthengine/libdepthengine.so
[38.136s] -- Installing: /home/wzb/ros2ws/orbbec_ws/install/orbbec_camera/lib//extensions/frameprocessor
[38.136s] -- Installing: /home/wzb/ros2ws/orbbec_ws/install/orbbec_camera/lib//extensions/frameprocessor/libob_frame_processor.so
[38.136s] -- Installing: /home/wzb/ros2ws/orbbec_ws/install/orbbec_camera/lib//extensions/filters
[38.137s] -- Installing: /home/wzb/ros2ws/orbbec_ws/install/orbbec_camera/lib//extensions/filters/libFilterProcessor.so
[38.137s] -- Installing: /home/wzb/ros2ws/orbbec_ws/install/orbbec_camera/lib//extensions/filters/libob_priv_filter.so
[38.137s] -- Installing: /home/wzb/ros2ws/orbbec_ws/install/orbbec_camera/lib//libOrbbecSDK.so.2
[38.137s] -- Installing: /home/wzb/ros2ws/orbbec_ws/install/orbbec_camera/lib//libOrbbecSDK.so.2.6.3
[38.143s] -- Installing: /home/wzb/ros2ws/orbbec_ws/install/orbbec_camera/lib/extensions/libdepthengine.so
[38.144s] -- Installing: /home/wzb/ros2ws/orbbec_ws/install/orbbec_camera/lib/extensions/libdepthengine.so.2.0
[38.144s] -- Installing: /home/wzb/ros2ws/orbbec_ws/install/orbbec_camera/lib/extensions/libFilterProcessor.so
[38.144s] -- Installing: /home/wzb/ros2ws/orbbec_ws/install/orbbec_camera/lib/extensions/libob_priv_filter.so
[38.144s] -- Installing: /home/wzb/ros2ws/orbbec_ws/install/orbbec_camera/lib/extensions/libfirmwareupdater.so
[38.144s] -- Installing: /home/wzb/ros2ws/orbbec_ws/install/orbbec_camera/lib/extensions/libob_frame_processor.so
[38.144s] -- Installing: /home/wzb/ros2ws/orbbec_ws/install/orbbec_camera/share/orbbec_camera/udev/99-obsensor-libusb.rules
[38.145s] -- Installing: /home/wzb/ros2ws/orbbec_ws/install/orbbec_camera/lib/orbbec_camera/list_devices_node
[38.145s] -- Set runtime path of "/home/wzb/ros2ws/orbbec_ws/install/orbbec_camera/lib/orbbec_camera/list_devices_node" to ":/home/wzb/ros2ws/orbbec_ws/src/OrbbecSDK_ROS2/orbbec_camera/SDK/lib/x64"
[38.145s] -- Installing: /home/wzb/ros2ws/orbbec_ws/install/orbbec_camera/lib/orbbec_camera/list_depth_work_mode_node
[38.145s] -- Set runtime path of "/home/wzb/ros2ws/orbbec_ws/install/orbbec_camera/lib/orbbec_camera/list_depth_work_mode_node" to ":/home/wzb/ros2ws/orbbec_ws/src/OrbbecSDK_ROS2/orbbec_camera/SDK/lib/x64"
[38.145s] -- Installing: /home/wzb/ros2ws/orbbec_ws/install/orbbec_camera/lib/orbbec_camera/list_camera_profile_mode_node
[38.145s] -- Set runtime path of "/home/wzb/ros2ws/orbbec_ws/install/orbbec_camera/lib/orbbec_camera/list_camera_profile_mode_node" to ":/home/wzb/ros2ws/orbbec_ws/src/OrbbecSDK_ROS2/orbbec_camera/SDK/lib/x64"
[38.145s] -- Installing: /home/wzb/ros2ws/orbbec_ws/install/orbbec_camera/lib/orbbec_camera/topic_statistics_node
[38.146s] -- Set runtime path of "/home/wzb/ros2ws/orbbec_ws/install/orbbec_camera/lib/orbbec_camera/topic_statistics_node" to ":/home/wzb/ros2ws/orbbec_ws/src/OrbbecSDK_ROS2/orbbec_camera/SDK/lib/x64"
[38.146s] -- Installing: /home/wzb/ros2ws/orbbec_ws/install/orbbec_camera/lib/orbbec_camera/service_benchmark_node
[38.146s] -- Set runtime path of "/home/wzb/ros2ws/orbbec_ws/install/orbbec_camera/lib/orbbec_camera/service_benchmark_node" to ":/home/wzb/ros2ws/orbbec_ws/src/OrbbecSDK_ROS2/orbbec_camera/SDK/lib/x64"
[38.146s] -- Installing: /home/wzb/ros2ws/orbbec_ws/install/orbbec_camera/lib/orbbec_camera/ob_benchmark_node
[38.146s] -- Set runtime path of "/home/wzb/ros2ws/orbbec_ws/install/orbbec_camera/lib/orbbec_camera/ob_benchmark_node" to ":/home/wzb/ros2ws/orbbec_ws/src/OrbbecSDK_ROS2/orbbec_camera/SDK/lib/x64"
[38.146s] -- Installing: /home/wzb/ros2ws/orbbec_ws/install/orbbec_camera/lib/orbbec_camera/435le_example_node
[38.147s] -- Set runtime path of "/home/wzb/ros2ws/orbbec_ws/install/orbbec_camera/lib/orbbec_camera/435le_example_node" to ":/home/wzb/ros2ws/orbbec_ws/src/OrbbecSDK_ROS2/orbbec_camera/SDK/lib/x64"
[38.147s] -- Installing: /home/wzb/ros2ws/orbbec_ws/install/orbbec_camera/lib/orbbec_camera/set_device_ip
[38.147s] -- Set runtime path of "/home/wzb/ros2ws/orbbec_ws/install/orbbec_camera/lib/orbbec_camera/set_device_ip" to ":/home/wzb/ros2ws/orbbec_ws/src/OrbbecSDK_ROS2/orbbec_camera/SDK/lib/x64"
[38.147s] -- Installing: /home/wzb/ros2ws/orbbec_ws/install/orbbec_camera/lib/orbbec_camera/image_sync_example_node
[38.147s] -- Set runtime path of "/home/wzb/ros2ws/orbbec_ws/install/orbbec_camera/lib/orbbec_camera/image_sync_example_node" to ":/home/wzb/ros2ws/orbbec_ws/src/OrbbecSDK_ROS2/orbbec_camera/SDK/lib/x64"
[38.147s] -- Installing: /home/wzb/ros2ws/orbbec_ws/install/orbbec_camera/share/orbbec_camera/environment/library_path.sh
[38.147s] -- Installing: /home/wzb/ros2ws/orbbec_ws/install/orbbec_camera/share/orbbec_camera/environment/library_path.dsv
[38.147s] -- Installing: /home/wzb/ros2ws/orbbec_ws/install/orbbec_camera/share/ament_index/resource_index/package_run_dependencies/orbbec_camera
[38.148s] -- Installing: /home/wzb/ros2ws/orbbec_ws/install/orbbec_camera/share/ament_index/resource_index/parent_prefix_path/orbbec_camera
[38.148s] -- Installing: /home/wzb/ros2ws/orbbec_ws/install/orbbec_camera/share/orbbec_camera/environment/ament_prefix_path.sh
[38.148s] -- Installing: /home/wzb/ros2ws/orbbec_ws/install/orbbec_camera/share/orbbec_camera/environment/ament_prefix_path.dsv
[38.148s] -- Installing: /home/wzb/ros2ws/orbbec_ws/install/orbbec_camera/share/orbbec_camera/environment/path.sh
[38.148s] -- Installing: /home/wzb/ros2ws/orbbec_ws/install/orbbec_camera/share/orbbec_camera/environment/path.dsv
[38.148s] -- Installing: /home/wzb/ros2ws/orbbec_ws/install/orbbec_camera/share/orbbec_camera/local_setup.bash
[38.148s] -- Installing: /home/wzb/ros2ws/orbbec_ws/install/orbbec_camera/share/orbbec_camera/local_setup.sh
[38.148s] -- Installing: /home/wzb/ros2ws/orbbec_ws/install/orbbec_camera/share/orbbec_camera/local_setup.zsh
[38.148s] -- Installing: /home/wzb/ros2ws/orbbec_ws/install/orbbec_camera/share/orbbec_camera/local_setup.dsv
[38.148s] -- Installing: /home/wzb/ros2ws/orbbec_ws/install/orbbec_camera/share/orbbec_camera/package.dsv
[38.148s] -- Installing: /home/wzb/ros2ws/orbbec_ws/install/orbbec_camera/share/ament_index/resource_index/packages/orbbec_camera
[38.148s] -- Installing: /home/wzb/ros2ws/orbbec_ws/install/orbbec_camera/share/ament_index/resource_index/rclcpp_components/orbbec_camera
[38.148s] -- Installing: /home/wzb/ros2ws/orbbec_ws/install/orbbec_camera/share/orbbec_camera/cmake/ament_cmake_export_include_directories-extras.cmake
[38.148s] -- Installing: /home/wzb/ros2ws/orbbec_ws/install/orbbec_camera/share/orbbec_camera/cmake/ament_cmake_export_libraries-extras.cmake
[38.148s] -- Installing: /home/wzb/ros2ws/orbbec_ws/install/orbbec_camera/share/orbbec_camera/cmake/ament_cmake_export_dependencies-extras.cmake
[38.148s] -- Installing: /home/wzb/ros2ws/orbbec_ws/install/orbbec_camera/share/orbbec_camera/cmake/orbbec_cameraConfig.cmake
[38.148s] -- Installing: /home/wzb/ros2ws/orbbec_ws/install/orbbec_camera/share/orbbec_camera/cmake/orbbec_cameraConfig-version.cmake
[38.148s] -- Installing: /home/wzb/ros2ws/orbbec_ws/install/orbbec_camera/share/orbbec_camera/package.xml
[38.150s] Invoked command in '/home/wzb/ros2ws/orbbec_ws/build/orbbec_camera' returned '0': AMENT_PREFIX_PATH=/home/wzb/ros2ws/orbbec_ws/install/orbbec_camera_msgs:${AMENT_PREFIX_PATH} CMAKE_PREFIX_PATH=/home/wzb/ros2ws/orbbec_ws/install/orbbec_camera_msgs:/opt/ros/humble LD_LIBRARY_PATH=/home/wzb/ros2ws/orbbec_ws/install/orbbec_camera_msgs/lib:${LD_LIBRARY_PATH} PYTHONPATH=/home/wzb/ros2ws/orbbec_ws/install/orbbec_camera_msgs/local/lib/python3.10/dist-packages:${PYTHONPATH} /usr/bin/cmake --install /home/wzb/ros2ws/orbbec_ws/build/orbbec_camera
