[0.010s] Invoking command in '/home/wzb/ros2ws/moveit_ws/build/moveit_ros_perception': AMENT_PREFIX_PATH=/home/wzb/ros2ws/moveit_ws/install/moveit_ros_planning:/home/wzb/ros2ws/moveit_ws/install/moveit_ros_occupancy_map_monitor:/home/wzb/ros2ws/moveit_ws/install/moveit_core:/home/wzb/ros2ws/moveit_ws/install/moveit_resources_panda_moveit_config:/home/wzb/ros2ws/moveit_ws/install/moveit_resources_pr2_description:/home/wzb/ros2ws/moveit_ws/install/moveit_resources_panda_description:/home/wzb/ros2ws/moveit_ws/install/moveit_msgs:/home/wzb/ros2ws/moveit_ws/install/moveit_configs_utils:/home/wzb/ros2ws/moveit_ws/install/moveit_common:${AMENT_PREFIX_PATH} CMAKE_PREFIX_PATH=/home/wzb/ros2ws/moveit_ws/install/moveit_ros_planning:/home/wzb/ros2ws/moveit_ws/install/moveit_ros_occupancy_map_monitor:/home/wzb/ros2ws/moveit_ws/install/moveit_core:/home/wzb/ros2ws/moveit_ws/install/moveit_resources_panda_moveit_config:/home/wzb/ros2ws/moveit_ws/install/moveit_resources_pr2_description:/home/wzb/ros2ws/moveit_ws/install/moveit_resources_panda_description:/home/wzb/ros2ws/moveit_ws/install/moveit_msgs:/home/wzb/ros2ws/moveit_ws/install/moveit_common:/opt/ros/humble LD_LIBRARY_PATH=/home/wzb/ros2ws/moveit_ws/install/moveit_ros_planning/lib:/home/wzb/ros2ws/moveit_ws/install/moveit_ros_occupancy_map_monitor/lib:/home/wzb/ros2ws/moveit_ws/install/moveit_core/lib:/home/wzb/ros2ws/moveit_ws/install/moveit_msgs/lib:${LD_LIBRARY_PATH} PATH=/home/wzb/ros2ws/moveit_ws/install/moveit_core/bin:${PATH} PYTHONPATH=/home/wzb/ros2ws/moveit_ws/install/moveit_msgs/local/lib/python3.10/dist-packages:/home/wzb/ros2ws/moveit_ws/install/moveit_configs_utils/lib/python3.10/site-packages:${PYTHONPATH} /usr/bin/cmake /home/wzb/ros2ws/moveit_ws/src/moveit2/moveit_ros/perception -DCMAKE_BUILD_TYPE=Release -DCMAKE_INSTALL_PREFIX=/home/wzb/ros2ws/moveit_ws/install/moveit_ros_perception
[0.048s] -- The CXX compiler identification is GNU 11.4.0
[0.052s] -- Detecting CXX compiler ABI info
[0.094s] -- Detecting CXX compiler ABI info - done
[0.099s] -- Check for working CXX compiler: /usr/bin/c++ - skipped
[0.099s] -- Detecting CXX compile features
[0.099s] -- Detecting CXX compile features - done
[0.100s] -- Found moveit_common: 2.14.1 (/home/wzb/ros2ws/moveit_ws/install/moveit_common/share/moveit_common/cmake)
[0.101s] -- Found ament_cmake: 1.3.12 (/opt/ros/humble/share/ament_cmake/cmake)
[0.186s] -- Found Python3: /usr/bin/python3 (found version "3.10.12") found components: Interpreter 
[0.280s] -- Found OpenGL: /usr/lib/x86_64-linux-gnu/libOpenGL.so   
[0.305s] -- Found GLEW: /usr/include (found version "2.2.0") 
[0.308s] -- Found PkgConfig: /usr/bin/pkg-config (found version "0.29.2") 
[0.308s] -- Checking for module 'glut'
[0.309s] --   No package 'glut' found
[0.311s] -- Found GLUT: /usr/lib/x86_64-linux-gnu/libglut.so  
[0.312s] -- Found cv_bridge: 3.2.1 (/opt/ros/humble/share/cv_bridge/cmake)
[0.336s] -- Found rosidl_generator_c: 3.1.7 (/opt/ros/humble/share/rosidl_generator_c/cmake)
[0.339s] -- Found rosidl_adapter: 3.1.7 (/opt/ros/humble/share/rosidl_adapter/cmake)
[0.344s] -- Found rosidl_generator_cpp: 3.1.7 (/opt/ros/humble/share/rosidl_generator_cpp/cmake)
[0.352s] -- Using all available rosidl_typesupport_c: rosidl_typesupport_fastrtps_c;rosidl_typesupport_introspection_c
[0.361s] -- Using all available rosidl_typesupport_cpp: rosidl_typesupport_fastrtps_cpp;rosidl_typesupport_introspection_cpp
[0.396s] -- Found moveit_core: 2.14.1 (/home/wzb/ros2ws/moveit_ws/install/moveit_core/share/moveit_core/cmake)
[0.532s] -- Found Boost: /usr/lib/x86_64-linux-gnu/cmake/Boost-1.74.0/BoostConfig.cmake (found version "1.74.0") found components: chrono date_time filesystem iostreams program_options regex serialization system thread 
[0.559s] -- Found parameter_traits: 0.5.0 (/opt/ros/humble/share/parameter_traits/cmake)
[0.583s] -- Found rmw_implementation_cmake: 6.1.2 (/opt/ros/humble/share/rmw_implementation_cmake/cmake)
[0.585s] -- Found rmw_fastrtps_cpp: 6.2.9 (/opt/ros/humble/share/rmw_fastrtps_cpp/cmake)
[0.626s] -- Found OpenSSL: /usr/lib/x86_64-linux-gnu/libcrypto.so (found version "3.0.2")  
[0.639s] -- Found FastRTPS: /opt/ros/humble/include  
[0.660s] -- Using RMW implementation 'rmw_fastrtps_cpp' as default
[0.666s] -- Found Threads: TRUE  
[0.693s] -- Found rclcpp_lifecycle: 16.0.16 (/opt/ros/humble/share/rclcpp_lifecycle/cmake)
[0.708s] -- Found Boost: /usr/lib/x86_64-linux-gnu/cmake/Boost-1.74.0/BoostConfig.cmake (found version "1.74.0") found components: filesystem 
[0.747s] -- library: /usr/lib/x86_64-linux-gnu/libcurl.so
[0.774s] -- Found Eigen3: TRUE (found version "3.4.0") 
[0.774s] -- Ensuring Eigen3 include directory is part of orocos-kdl CMake target
[0.912s] -- Found image_transport: 3.1.12 (/opt/ros/humble/share/image_transport/cmake)
[0.914s] -- Found moveit_ros_occupancy_map_monitor: 2.14.1 (/home/wzb/ros2ws/moveit_ws/install/moveit_ros_occupancy_map_monitor/share/moveit_ros_occupancy_map_monitor/cmake)
[1.065s] -- Found OpenMP_CXX: -fopenmp (found version "4.5") 
[1.065s] -- Found OpenMP: TRUE (found version "4.5")  
[1.068s] -- Found OpenCV: /usr (found version "4.5.4") 
[1.070s] -- Found Boost: /usr/lib/x86_64-linux-gnu/cmake/Boost-1.74.0/BoostConfig.cmake (found version "1.74.0") found components: thread 
[1.083s] -- Performing Test COMPILER_HAS_HIDDEN_VISIBILITY
[1.137s] -- Performing Test COMPILER_HAS_HIDDEN_VISIBILITY - Success
[1.138s] -- Performing Test COMPILER_HAS_HIDDEN_INLINE_VISIBILITY
[1.199s] -- Performing Test COMPILER_HAS_HIDDEN_INLINE_VISIBILITY - Success
[1.199s] -- Performing Test COMPILER_HAS_DEPRECATED_ATTR
[1.282s] -- Performing Test COMPILER_HAS_DEPRECATED_ATTR - Success
[1.330s] -- Configuring done
[1.547s] -- Generating done
[1.598s] -- Build files have been written to: /home/wzb/ros2ws/moveit_ws/build/moveit_ros_perception
[1.662s] Invoked command in '/home/wzb/ros2ws/moveit_ws/build/moveit_ros_perception' returned '0': AMENT_PREFIX_PATH=/home/wzb/ros2ws/moveit_ws/install/moveit_ros_planning:/home/wzb/ros2ws/moveit_ws/install/moveit_ros_occupancy_map_monitor:/home/wzb/ros2ws/moveit_ws/install/moveit_core:/home/wzb/ros2ws/moveit_ws/install/moveit_resources_panda_moveit_config:/home/wzb/ros2ws/moveit_ws/install/moveit_resources_pr2_description:/home/wzb/ros2ws/moveit_ws/install/moveit_resources_panda_description:/home/wzb/ros2ws/moveit_ws/install/moveit_msgs:/home/wzb/ros2ws/moveit_ws/install/moveit_configs_utils:/home/wzb/ros2ws/moveit_ws/install/moveit_common:${AMENT_PREFIX_PATH} CMAKE_PREFIX_PATH=/home/wzb/ros2ws/moveit_ws/install/moveit_ros_planning:/home/wzb/ros2ws/moveit_ws/install/moveit_ros_occupancy_map_monitor:/home/wzb/ros2ws/moveit_ws/install/moveit_core:/home/wzb/ros2ws/moveit_ws/install/moveit_resources_panda_moveit_config:/home/wzb/ros2ws/moveit_ws/install/moveit_resources_pr2_description:/home/wzb/ros2ws/moveit_ws/install/moveit_resources_panda_description:/home/wzb/ros2ws/moveit_ws/install/moveit_msgs:/home/wzb/ros2ws/moveit_ws/install/moveit_common:/opt/ros/humble LD_LIBRARY_PATH=/home/wzb/ros2ws/moveit_ws/install/moveit_ros_planning/lib:/home/wzb/ros2ws/moveit_ws/install/moveit_ros_occupancy_map_monitor/lib:/home/wzb/ros2ws/moveit_ws/install/moveit_core/lib:/home/wzb/ros2ws/moveit_ws/install/moveit_msgs/lib:${LD_LIBRARY_PATH} PATH=/home/wzb/ros2ws/moveit_ws/install/moveit_core/bin:${PATH} PYTHONPATH=/home/wzb/ros2ws/moveit_ws/install/moveit_msgs/local/lib/python3.10/dist-packages:/home/wzb/ros2ws/moveit_ws/install/moveit_configs_utils/lib/python3.10/site-packages:${PYTHONPATH} /usr/bin/cmake /home/wzb/ros2ws/moveit_ws/src/moveit2/moveit_ros/perception -DCMAKE_BUILD_TYPE=Release -DCMAKE_INSTALL_PREFIX=/home/wzb/ros2ws/moveit_ws/install/moveit_ros_perception
[1.663s] Invoking command in '/home/wzb/ros2ws/moveit_ws/build/moveit_ros_perception': AMENT_PREFIX_PATH=/home/wzb/ros2ws/moveit_ws/install/moveit_ros_planning:/home/wzb/ros2ws/moveit_ws/install/moveit_ros_occupancy_map_monitor:/home/wzb/ros2ws/moveit_ws/install/moveit_core:/home/wzb/ros2ws/moveit_ws/install/moveit_resources_panda_moveit_config:/home/wzb/ros2ws/moveit_ws/install/moveit_resources_pr2_description:/home/wzb/ros2ws/moveit_ws/install/moveit_resources_panda_description:/home/wzb/ros2ws/moveit_ws/install/moveit_msgs:/home/wzb/ros2ws/moveit_ws/install/moveit_configs_utils:/home/wzb/ros2ws/moveit_ws/install/moveit_common:${AMENT_PREFIX_PATH} CMAKE_PREFIX_PATH=/home/wzb/ros2ws/moveit_ws/install/moveit_ros_planning:/home/wzb/ros2ws/moveit_ws/install/moveit_ros_occupancy_map_monitor:/home/wzb/ros2ws/moveit_ws/install/moveit_core:/home/wzb/ros2ws/moveit_ws/install/moveit_resources_panda_moveit_config:/home/wzb/ros2ws/moveit_ws/install/moveit_resources_pr2_description:/home/wzb/ros2ws/moveit_ws/install/moveit_resources_panda_description:/home/wzb/ros2ws/moveit_ws/install/moveit_msgs:/home/wzb/ros2ws/moveit_ws/install/moveit_common:/opt/ros/humble LD_LIBRARY_PATH=/home/wzb/ros2ws/moveit_ws/install/moveit_ros_planning/lib:/home/wzb/ros2ws/moveit_ws/install/moveit_ros_occupancy_map_monitor/lib:/home/wzb/ros2ws/moveit_ws/install/moveit_core/lib:/home/wzb/ros2ws/moveit_ws/install/moveit_msgs/lib:${LD_LIBRARY_PATH} PATH=/home/wzb/ros2ws/moveit_ws/install/moveit_core/bin:${PATH} PYTHONPATH=/home/wzb/ros2ws/moveit_ws/install/moveit_msgs/local/lib/python3.10/dist-packages:/home/wzb/ros2ws/moveit_ws/install/moveit_configs_utils/lib/python3.10/site-packages:${PYTHONPATH} /usr/bin/cmake --build /home/wzb/ros2ws/moveit_ws/build/moveit_ros_perception -- -j20 -l20
[1.885s] [  5%] [32mBuilding CXX object lazy_free_space_updater/CMakeFiles/moveit_lazy_free_space_updater.dir/src/lazy_free_space_updater.cpp.o[0m
[1.907s] [ 10%] [32mBuilding CXX object point_containment_filter/CMakeFiles/moveit_point_containment_filter.dir/src/shape_mask.cpp.o[0m
[1.943s] [ 15%] [32mBuilding CXX object semantic_world/CMakeFiles/moveit_semantic_world.dir/src/semantic_world.cpp.o[0m
[1.970s] [ 20%] [32mBuilding CXX object mesh_filter/CMakeFiles/moveit_mesh_filter.dir/src/mesh_filter_base.cpp.o[0m
[1.990s] [ 25%] [32mBuilding CXX object mesh_filter/CMakeFiles/moveit_mesh_filter.dir/src/sensor_model.cpp.o[0m
[2.022s] [ 30%] [32mBuilding CXX object mesh_filter/CMakeFiles/moveit_mesh_filter.dir/src/stereo_camera_model.cpp.o[0m
[2.062s] [ 35%] [32mBuilding CXX object mesh_filter/CMakeFiles/moveit_mesh_filter.dir/src/gl_renderer.cpp.o[0m
[2.089s] [ 40%] [32mBuilding CXX object mesh_filter/CMakeFiles/moveit_mesh_filter.dir/src/gl_mesh.cpp.o[0m
[7.927s] [ 45%] [32m[1mLinking CXX shared library libmoveit_lazy_free_space_updater.so[0m
[8.679s] [ 45%] Built target moveit_lazy_free_space_updater
[9.711s] [ 50%] [32m[1mLinking CXX shared library libmoveit_mesh_filter.so[0m
[10.615s] [ 50%] Built target moveit_mesh_filter
[10.764s] [ 55%] [32mBuilding CXX object depth_image_octomap_updater/CMakeFiles/moveit_depth_image_octomap_updater_core.dir/src/depth_image_octomap_updater.cpp.o[0m
[11.139s] [ 60%] [32m[1mLinking CXX shared library libmoveit_point_containment_filter.so[0m
[11.487s] [ 60%] Built target moveit_point_containment_filter
[11.624s] [ 65%] [32mBuilding CXX object pointcloud_octomap_updater/CMakeFiles/moveit_pointcloud_octomap_updater_core.dir/src/pointcloud_octomap_updater.cpp.o[0m
[23.222s] [ 70%] [32m[1mLinking CXX shared library libmoveit_depth_image_octomap_updater_core.so[0m
[23.425s] [ 70%] Built target moveit_depth_image_octomap_updater_core
[23.442s] [ 75%] [32mBuilding CXX object depth_image_octomap_updater/CMakeFiles/moveit_depth_image_octomap_updater.dir/src/updater_plugin.cpp.o[0m
[26.833s] [ 80%] [32m[1mLinking CXX shared library libmoveit_depth_image_octomap_updater.so[0m
[26.948s] [ 80%] Built target moveit_depth_image_octomap_updater
[34.148s] [ 85%] [32m[1mLinking CXX shared library libmoveit_pointcloud_octomap_updater_core.so[0m
[34.523s] [ 85%] Built target moveit_pointcloud_octomap_updater_core
[34.547s] [ 90%] [32mBuilding CXX object pointcloud_octomap_updater/CMakeFiles/moveit_pointcloud_octomap_updater.dir/src/plugin_init.cpp.o[0m
[34.847s] [ 95%] [32m[1mLinking CXX shared library libmoveit_semantic_world.so[0m
[35.282s] [ 95%] Built target moveit_semantic_world
[39.677s] [100%] [32m[1mLinking CXX shared library libmoveit_pointcloud_octomap_updater.so[0m
[39.784s] [100%] Built target moveit_pointcloud_octomap_updater
[39.797s] Invoked command in '/home/wzb/ros2ws/moveit_ws/build/moveit_ros_perception' returned '0': AMENT_PREFIX_PATH=/home/wzb/ros2ws/moveit_ws/install/moveit_ros_planning:/home/wzb/ros2ws/moveit_ws/install/moveit_ros_occupancy_map_monitor:/home/wzb/ros2ws/moveit_ws/install/moveit_core:/home/wzb/ros2ws/moveit_ws/install/moveit_resources_panda_moveit_config:/home/wzb/ros2ws/moveit_ws/install/moveit_resources_pr2_description:/home/wzb/ros2ws/moveit_ws/install/moveit_resources_panda_description:/home/wzb/ros2ws/moveit_ws/install/moveit_msgs:/home/wzb/ros2ws/moveit_ws/install/moveit_configs_utils:/home/wzb/ros2ws/moveit_ws/install/moveit_common:${AMENT_PREFIX_PATH} CMAKE_PREFIX_PATH=/home/wzb/ros2ws/moveit_ws/install/moveit_ros_planning:/home/wzb/ros2ws/moveit_ws/install/moveit_ros_occupancy_map_monitor:/home/wzb/ros2ws/moveit_ws/install/moveit_core:/home/wzb/ros2ws/moveit_ws/install/moveit_resources_panda_moveit_config:/home/wzb/ros2ws/moveit_ws/install/moveit_resources_pr2_description:/home/wzb/ros2ws/moveit_ws/install/moveit_resources_panda_description:/home/wzb/ros2ws/moveit_ws/install/moveit_msgs:/home/wzb/ros2ws/moveit_ws/install/moveit_common:/opt/ros/humble LD_LIBRARY_PATH=/home/wzb/ros2ws/moveit_ws/install/moveit_ros_planning/lib:/home/wzb/ros2ws/moveit_ws/install/moveit_ros_occupancy_map_monitor/lib:/home/wzb/ros2ws/moveit_ws/install/moveit_core/lib:/home/wzb/ros2ws/moveit_ws/install/moveit_msgs/lib:${LD_LIBRARY_PATH} PATH=/home/wzb/ros2ws/moveit_ws/install/moveit_core/bin:${PATH} PYTHONPATH=/home/wzb/ros2ws/moveit_ws/install/moveit_msgs/local/lib/python3.10/dist-packages:/home/wzb/ros2ws/moveit_ws/install/moveit_configs_utils/lib/python3.10/site-packages:${PYTHONPATH} /usr/bin/cmake --build /home/wzb/ros2ws/moveit_ws/build/moveit_ros_perception -- -j20 -l20
[39.799s] Invoking command in '/home/wzb/ros2ws/moveit_ws/build/moveit_ros_perception': AMENT_PREFIX_PATH=/home/wzb/ros2ws/moveit_ws/install/moveit_ros_planning:/home/wzb/ros2ws/moveit_ws/install/moveit_ros_occupancy_map_monitor:/home/wzb/ros2ws/moveit_ws/install/moveit_core:/home/wzb/ros2ws/moveit_ws/install/moveit_resources_panda_moveit_config:/home/wzb/ros2ws/moveit_ws/install/moveit_resources_pr2_description:/home/wzb/ros2ws/moveit_ws/install/moveit_resources_panda_description:/home/wzb/ros2ws/moveit_ws/install/moveit_msgs:/home/wzb/ros2ws/moveit_ws/install/moveit_configs_utils:/home/wzb/ros2ws/moveit_ws/install/moveit_common:${AMENT_PREFIX_PATH} CMAKE_PREFIX_PATH=/home/wzb/ros2ws/moveit_ws/install/moveit_ros_planning:/home/wzb/ros2ws/moveit_ws/install/moveit_ros_occupancy_map_monitor:/home/wzb/ros2ws/moveit_ws/install/moveit_core:/home/wzb/ros2ws/moveit_ws/install/moveit_resources_panda_moveit_config:/home/wzb/ros2ws/moveit_ws/install/moveit_resources_pr2_description:/home/wzb/ros2ws/moveit_ws/install/moveit_resources_panda_description:/home/wzb/ros2ws/moveit_ws/install/moveit_msgs:/home/wzb/ros2ws/moveit_ws/install/moveit_common:/opt/ros/humble LD_LIBRARY_PATH=/home/wzb/ros2ws/moveit_ws/install/moveit_ros_planning/lib:/home/wzb/ros2ws/moveit_ws/install/moveit_ros_occupancy_map_monitor/lib:/home/wzb/ros2ws/moveit_ws/install/moveit_core/lib:/home/wzb/ros2ws/moveit_ws/install/moveit_msgs/lib:${LD_LIBRARY_PATH} PATH=/home/wzb/ros2ws/moveit_ws/install/moveit_core/bin:${PATH} PYTHONPATH=/home/wzb/ros2ws/moveit_ws/install/moveit_msgs/local/lib/python3.10/dist-packages:/home/wzb/ros2ws/moveit_ws/install/moveit_configs_utils/lib/python3.10/site-packages:${PYTHONPATH} /usr/bin/cmake --install /home/wzb/ros2ws/moveit_ws/build/moveit_ros_perception
[39.803s] -- Install configuration: "Release"
[39.803s] -- Installing: /home/wzb/ros2ws/moveit_ws/install/moveit_ros_perception/include/moveit_ros_perception
[39.803s] -- Installing: /home/wzb/ros2ws/moveit_ws/install/moveit_ros_perception/include/moveit_ros_perception/moveit
[39.803s] -- Installing: /home/wzb/ros2ws/moveit_ws/install/moveit_ros_perception/include/moveit_ros_perception/moveit/lazy_free_space_updater
[39.803s] -- Installing: /home/wzb/ros2ws/moveit_ws/install/moveit_ros_perception/include/moveit_ros_perception/moveit/lazy_free_space_updater/lazy_free_space_updater.hpp
[39.803s] -- Installing: /home/wzb/ros2ws/moveit_ws/install/moveit_ros_perception/include/moveit_ros_perception/moveit/lazy_free_space_updater/lazy_free_space_updater.h
[39.804s] -- Up-to-date: /home/wzb/ros2ws/moveit_ws/install/moveit_ros_perception/include/moveit_ros_perception
[39.804s] -- Up-to-date: /home/wzb/ros2ws/moveit_ws/install/moveit_ros_perception/include/moveit_ros_perception/moveit
[39.804s] -- Installing: /home/wzb/ros2ws/moveit_ws/install/moveit_ros_perception/include/moveit_ros_perception/moveit/point_containment_filter
[39.804s] -- Installing: /home/wzb/ros2ws/moveit_ws/install/moveit_ros_perception/include/moveit_ros_perception/moveit/point_containment_filter/shape_mask.h
[39.804s] -- Installing: /home/wzb/ros2ws/moveit_ws/install/moveit_ros_perception/include/moveit_ros_perception/moveit/point_containment_filter/shape_mask.hpp
[39.804s] -- Up-to-date: /home/wzb/ros2ws/moveit_ws/install/moveit_ros_perception/include/moveit_ros_perception
[39.804s] -- Up-to-date: /home/wzb/ros2ws/moveit_ws/install/moveit_ros_perception/include/moveit_ros_perception/moveit
[39.804s] -- Installing: /home/wzb/ros2ws/moveit_ws/install/moveit_ros_perception/include/moveit_ros_perception/moveit/pointcloud_octomap_updater
[39.804s] -- Installing: /home/wzb/ros2ws/moveit_ws/install/moveit_ros_perception/include/moveit_ros_perception/moveit/pointcloud_octomap_updater/pointcloud_octomap_updater.hpp
[39.804s] -- Installing: /home/wzb/ros2ws/moveit_ws/install/moveit_ros_perception/include/moveit_ros_perception/moveit/pointcloud_octomap_updater/pointcloud_octomap_updater.h
[39.804s] -- Up-to-date: /home/wzb/ros2ws/moveit_ws/install/moveit_ros_perception/include/moveit_ros_perception
[39.804s] -- Up-to-date: /home/wzb/ros2ws/moveit_ws/install/moveit_ros_perception/include/moveit_ros_perception/moveit
[39.804s] -- Installing: /home/wzb/ros2ws/moveit_ws/install/moveit_ros_perception/include/moveit_ros_perception/moveit/mesh_filter
[39.804s] -- Installing: /home/wzb/ros2ws/moveit_ws/install/moveit_ros_perception/include/moveit_ros_perception/moveit/mesh_filter/stereo_camera_model.hpp
[39.804s] -- Installing: /home/wzb/ros2ws/moveit_ws/install/moveit_ros_perception/include/moveit_ros_perception/moveit/mesh_filter/mesh_filter.h
[39.805s] -- Installing: /home/wzb/ros2ws/moveit_ws/install/moveit_ros_perception/include/moveit_ros_perception/moveit/mesh_filter/gl_renderer.hpp
[39.805s] -- Installing: /home/wzb/ros2ws/moveit_ws/install/moveit_ros_perception/include/moveit_ros_perception/moveit/mesh_filter/stereo_camera_model.h
[39.805s] -- Installing: /home/wzb/ros2ws/moveit_ws/install/moveit_ros_perception/include/moveit_ros_perception/moveit/mesh_filter/mesh_filter.hpp
[39.805s] -- Installing: /home/wzb/ros2ws/moveit_ws/install/moveit_ros_perception/include/moveit_ros_perception/moveit/mesh_filter/gl_renderer.h
[39.805s] -- Installing: /home/wzb/ros2ws/moveit_ws/install/moveit_ros_perception/include/moveit_ros_perception/moveit/mesh_filter/sensor_model.h
[39.805s] -- Installing: /home/wzb/ros2ws/moveit_ws/install/moveit_ros_perception/include/moveit_ros_perception/moveit/mesh_filter/gl_mesh.h
[39.805s] -- Installing: /home/wzb/ros2ws/moveit_ws/install/moveit_ros_perception/include/moveit_ros_perception/moveit/mesh_filter/depth_self_filter_nodelet.hpp
[39.805s] -- Installing: /home/wzb/ros2ws/moveit_ws/install/moveit_ros_perception/include/moveit_ros_perception/moveit/mesh_filter/filter_job.h
[39.805s] -- Installing: /home/wzb/ros2ws/moveit_ws/install/moveit_ros_perception/include/moveit_ros_perception/moveit/mesh_filter/sensor_model.hpp
[39.805s] -- Installing: /home/wzb/ros2ws/moveit_ws/install/moveit_ros_perception/include/moveit_ros_perception/moveit/mesh_filter/transform_provider.h
[39.805s] -- Installing: /home/wzb/ros2ws/moveit_ws/install/moveit_ros_perception/include/moveit_ros_perception/moveit/mesh_filter/filter_job.hpp
[39.805s] -- Installing: /home/wzb/ros2ws/moveit_ws/install/moveit_ros_perception/include/moveit_ros_perception/moveit/mesh_filter/gl_mesh.hpp
[39.805s] -- Installing: /home/wzb/ros2ws/moveit_ws/install/moveit_ros_perception/include/moveit_ros_perception/moveit/mesh_filter/mesh_filter_base.hpp
[39.805s] -- Installing: /home/wzb/ros2ws/moveit_ws/install/moveit_ros_perception/include/moveit_ros_perception/moveit/mesh_filter/transform_provider.hpp
[39.805s] -- Installing: /home/wzb/ros2ws/moveit_ws/install/moveit_ros_perception/include/moveit_ros_perception/moveit/mesh_filter/depth_self_filter_nodelet.h
[39.805s] -- Installing: /home/wzb/ros2ws/moveit_ws/install/moveit_ros_perception/include/moveit_ros_perception/moveit/mesh_filter/mesh_filter_base.h
[39.805s] -- Installing: /home/wzb/ros2ws/moveit_ws/install/moveit_ros_perception/include/moveit_ros_perception/moveit_mesh_filter_export.h
[39.805s] -- Up-to-date: /home/wzb/ros2ws/moveit_ws/install/moveit_ros_perception/include/moveit_ros_perception
[39.805s] -- Up-to-date: /home/wzb/ros2ws/moveit_ws/install/moveit_ros_perception/include/moveit_ros_perception/moveit
[39.805s] -- Installing: /home/wzb/ros2ws/moveit_ws/install/moveit_ros_perception/include/moveit_ros_perception/moveit/depth_image_octomap_updater
[39.805s] -- Installing: /home/wzb/ros2ws/moveit_ws/install/moveit_ros_perception/include/moveit_ros_perception/moveit/depth_image_octomap_updater/depth_image_octomap_updater.hpp
[39.805s] -- Installing: /home/wzb/ros2ws/moveit_ws/install/moveit_ros_perception/include/moveit_ros_perception/moveit/depth_image_octomap_updater/depth_image_octomap_updater.h
[39.805s] -- Up-to-date: /home/wzb/ros2ws/moveit_ws/install/moveit_ros_perception/include/moveit_ros_perception
[39.805s] -- Up-to-date: /home/wzb/ros2ws/moveit_ws/install/moveit_ros_perception/include/moveit_ros_perception/moveit
[39.805s] -- Installing: /home/wzb/ros2ws/moveit_ws/install/moveit_ros_perception/include/moveit_ros_perception/moveit/semantic_world
[39.805s] -- Installing: /home/wzb/ros2ws/moveit_ws/install/moveit_ros_perception/include/moveit_ros_perception/moveit/semantic_world/semantic_world.h
[39.805s] -- Installing: /home/wzb/ros2ws/moveit_ws/install/moveit_ros_perception/include/moveit_ros_perception/moveit/semantic_world/semantic_world.hpp
[39.806s] -- Installing: /home/wzb/ros2ws/moveit_ws/install/moveit_ros_perception/lib/libmoveit_depth_image_octomap_updater.so.2.14.1
[39.806s] -- Set runtime path of "/home/wzb/ros2ws/moveit_ws/install/moveit_ros_perception/lib/libmoveit_depth_image_octomap_updater.so.2.14.1" to ""
[39.806s] -- Installing: /home/wzb/ros2ws/moveit_ws/install/moveit_ros_perception/lib/libmoveit_depth_image_octomap_updater.so
[39.806s] -- Installing: /home/wzb/ros2ws/moveit_ws/install/moveit_ros_perception/lib/libmoveit_depth_image_octomap_updater_core.so.2.14.1
[39.806s] -- Set runtime path of "/home/wzb/ros2ws/moveit_ws/install/moveit_ros_perception/lib/libmoveit_depth_image_octomap_updater_core.so.2.14.1" to ""
[39.806s] -- Installing: /home/wzb/ros2ws/moveit_ws/install/moveit_ros_perception/lib/libmoveit_depth_image_octomap_updater_core.so
[39.806s] -- Installing: /home/wzb/ros2ws/moveit_ws/install/moveit_ros_perception/lib/libmoveit_lazy_free_space_updater.so.2.14.1
[39.806s] -- Set runtime path of "/home/wzb/ros2ws/moveit_ws/install/moveit_ros_perception/lib/libmoveit_lazy_free_space_updater.so.2.14.1" to ""
[39.806s] -- Installing: /home/wzb/ros2ws/moveit_ws/install/moveit_ros_perception/lib/libmoveit_lazy_free_space_updater.so
[39.806s] -- Installing: /home/wzb/ros2ws/moveit_ws/install/moveit_ros_perception/lib/libmoveit_mesh_filter.so.2.14.1
[39.807s] -- Set runtime path of "/home/wzb/ros2ws/moveit_ws/install/moveit_ros_perception/lib/libmoveit_mesh_filter.so.2.14.1" to ""
[39.807s] -- Installing: /home/wzb/ros2ws/moveit_ws/install/moveit_ros_perception/lib/libmoveit_mesh_filter.so
[39.807s] -- Installing: /home/wzb/ros2ws/moveit_ws/install/moveit_ros_perception/lib/libmoveit_point_containment_filter.so.2.14.1
[39.807s] -- Set runtime path of "/home/wzb/ros2ws/moveit_ws/install/moveit_ros_perception/lib/libmoveit_point_containment_filter.so.2.14.1" to ""
[39.807s] -- Installing: /home/wzb/ros2ws/moveit_ws/install/moveit_ros_perception/lib/libmoveit_point_containment_filter.so
[39.807s] -- Installing: /home/wzb/ros2ws/moveit_ws/install/moveit_ros_perception/lib/libmoveit_pointcloud_octomap_updater.so.2.14.1
[39.807s] -- Set runtime path of "/home/wzb/ros2ws/moveit_ws/install/moveit_ros_perception/lib/libmoveit_pointcloud_octomap_updater.so.2.14.1" to ""
[39.807s] -- Installing: /home/wzb/ros2ws/moveit_ws/install/moveit_ros_perception/lib/libmoveit_pointcloud_octomap_updater.so
[39.807s] -- Installing: /home/wzb/ros2ws/moveit_ws/install/moveit_ros_perception/lib/libmoveit_pointcloud_octomap_updater_core.so.2.14.1
[39.808s] -- Set runtime path of "/home/wzb/ros2ws/moveit_ws/install/moveit_ros_perception/lib/libmoveit_pointcloud_octomap_updater_core.so.2.14.1" to ""
[39.808s] -- Installing: /home/wzb/ros2ws/moveit_ws/install/moveit_ros_perception/lib/libmoveit_pointcloud_octomap_updater_core.so
[39.808s] -- Installing: /home/wzb/ros2ws/moveit_ws/install/moveit_ros_perception/lib/libmoveit_semantic_world.so.2.14.1
[39.809s] -- Set runtime path of "/home/wzb/ros2ws/moveit_ws/install/moveit_ros_perception/lib/libmoveit_semantic_world.so.2.14.1" to ""
[39.809s] -- Installing: /home/wzb/ros2ws/moveit_ws/install/moveit_ros_perception/lib/libmoveit_semantic_world.so
[39.809s] -- Installing: /home/wzb/ros2ws/moveit_ws/install/moveit_ros_perception/share/moveit_ros_perception/environment/library_path.sh
[39.809s] -- Installing: /home/wzb/ros2ws/moveit_ws/install/moveit_ros_perception/share/moveit_ros_perception/environment/library_path.dsv
[39.809s] -- Installing: /home/wzb/ros2ws/moveit_ws/install/moveit_ros_perception/share/moveit_ros_perception/pointcloud_octomap_updater_plugin_description.xml
[39.809s] -- Installing: /home/wzb/ros2ws/moveit_ws/install/moveit_ros_perception/share/moveit_ros_perception/depth_image_octomap_updater_plugin_description.xml
[39.810s] -- Installing: /home/wzb/ros2ws/moveit_ws/install/moveit_ros_perception/share/ament_index/resource_index/package_run_dependencies/moveit_ros_perception
[39.810s] -- Installing: /home/wzb/ros2ws/moveit_ws/install/moveit_ros_perception/share/ament_index/resource_index/parent_prefix_path/moveit_ros_perception
[39.810s] -- Installing: /home/wzb/ros2ws/moveit_ws/install/moveit_ros_perception/share/moveit_ros_perception/environment/ament_prefix_path.sh
[39.810s] -- Installing: /home/wzb/ros2ws/moveit_ws/install/moveit_ros_perception/share/moveit_ros_perception/environment/ament_prefix_path.dsv
[39.810s] -- Installing: /home/wzb/ros2ws/moveit_ws/install/moveit_ros_perception/share/moveit_ros_perception/environment/path.sh
[39.810s] -- Installing: /home/wzb/ros2ws/moveit_ws/install/moveit_ros_perception/share/moveit_ros_perception/environment/path.dsv
[39.810s] -- Installing: /home/wzb/ros2ws/moveit_ws/install/moveit_ros_perception/share/moveit_ros_perception/local_setup.bash
[39.810s] -- Installing: /home/wzb/ros2ws/moveit_ws/install/moveit_ros_perception/share/moveit_ros_perception/local_setup.sh
[39.810s] -- Installing: /home/wzb/ros2ws/moveit_ws/install/moveit_ros_perception/share/moveit_ros_perception/local_setup.zsh
[39.810s] -- Installing: /home/wzb/ros2ws/moveit_ws/install/moveit_ros_perception/share/moveit_ros_perception/local_setup.dsv
[39.810s] -- Installing: /home/wzb/ros2ws/moveit_ws/install/moveit_ros_perception/share/moveit_ros_perception/package.dsv
[39.810s] -- Installing: /home/wzb/ros2ws/moveit_ws/install/moveit_ros_perception/share/ament_index/resource_index/packages/moveit_ros_perception
[39.810s] -- Installing: /home/wzb/ros2ws/moveit_ws/install/moveit_ros_perception/share/ament_index/resource_index/moveit_ros_occupancy_map_monitor__pluginlib__plugin/moveit_ros_perception
[39.810s] -- Installing: /home/wzb/ros2ws/moveit_ws/install/moveit_ros_perception/share/moveit_ros_perception/cmake/moveit_ros_perceptionTargetsExport.cmake
[39.810s] -- Installing: /home/wzb/ros2ws/moveit_ws/install/moveit_ros_perception/share/moveit_ros_perception/cmake/moveit_ros_perceptionTargetsExport-release.cmake
[39.810s] -- Installing: /home/wzb/ros2ws/moveit_ws/install/moveit_ros_perception/share/moveit_ros_perception/cmake/ConfigExtras.cmake
[39.810s] -- Installing: /home/wzb/ros2ws/moveit_ws/install/moveit_ros_perception/share/moveit_ros_perception/cmake/ament_cmake_export_targets-extras.cmake
[39.810s] -- Installing: /home/wzb/ros2ws/moveit_ws/install/moveit_ros_perception/share/moveit_ros_perception/cmake/ament_cmake_export_dependencies-extras.cmake
[39.811s] -- Installing: /home/wzb/ros2ws/moveit_ws/install/moveit_ros_perception/share/moveit_ros_perception/cmake/moveit_ros_perceptionConfig.cmake
[39.811s] -- Installing: /home/wzb/ros2ws/moveit_ws/install/moveit_ros_perception/share/moveit_ros_perception/cmake/moveit_ros_perceptionConfig-version.cmake
[39.811s] -- Installing: /home/wzb/ros2ws/moveit_ws/install/moveit_ros_perception/share/moveit_ros_perception/package.xml
[39.812s] Invoked command in '/home/wzb/ros2ws/moveit_ws/build/moveit_ros_perception' returned '0': AMENT_PREFIX_PATH=/home/wzb/ros2ws/moveit_ws/install/moveit_ros_planning:/home/wzb/ros2ws/moveit_ws/install/moveit_ros_occupancy_map_monitor:/home/wzb/ros2ws/moveit_ws/install/moveit_core:/home/wzb/ros2ws/moveit_ws/install/moveit_resources_panda_moveit_config:/home/wzb/ros2ws/moveit_ws/install/moveit_resources_pr2_description:/home/wzb/ros2ws/moveit_ws/install/moveit_resources_panda_description:/home/wzb/ros2ws/moveit_ws/install/moveit_msgs:/home/wzb/ros2ws/moveit_ws/install/moveit_configs_utils:/home/wzb/ros2ws/moveit_ws/install/moveit_common:${AMENT_PREFIX_PATH} CMAKE_PREFIX_PATH=/home/wzb/ros2ws/moveit_ws/install/moveit_ros_planning:/home/wzb/ros2ws/moveit_ws/install/moveit_ros_occupancy_map_monitor:/home/wzb/ros2ws/moveit_ws/install/moveit_core:/home/wzb/ros2ws/moveit_ws/install/moveit_resources_panda_moveit_config:/home/wzb/ros2ws/moveit_ws/install/moveit_resources_pr2_description:/home/wzb/ros2ws/moveit_ws/install/moveit_resources_panda_description:/home/wzb/ros2ws/moveit_ws/install/moveit_msgs:/home/wzb/ros2ws/moveit_ws/install/moveit_common:/opt/ros/humble LD_LIBRARY_PATH=/home/wzb/ros2ws/moveit_ws/install/moveit_ros_planning/lib:/home/wzb/ros2ws/moveit_ws/install/moveit_ros_occupancy_map_monitor/lib:/home/wzb/ros2ws/moveit_ws/install/moveit_core/lib:/home/wzb/ros2ws/moveit_ws/install/moveit_msgs/lib:${LD_LIBRARY_PATH} PATH=/home/wzb/ros2ws/moveit_ws/install/moveit_core/bin:${PATH} PYTHONPATH=/home/wzb/ros2ws/moveit_ws/install/moveit_msgs/local/lib/python3.10/dist-packages:/home/wzb/ros2ws/moveit_ws/install/moveit_configs_utils/lib/python3.10/site-packages:${PYTHONPATH} /usr/bin/cmake --install /home/wzb/ros2ws/moveit_ws/build/moveit_ros_perception
