-- The CXX compiler identification is GNU 11.4.0
-- Detecting CXX compiler ABI info
-- Detecting CXX compiler ABI info - done
-- Check for working CXX compiler: /usr/bin/c++ - skipped
-- Detecting CXX compile features
-- Detecting CXX compile features - done
-- Found moveit_common: 2.14.1 (/home/wzb/ros2ws/moveit_ws/install/moveit_common/share/moveit_common/cmake)
-- Found ament_cmake: 1.3.12 (/opt/ros/humble/share/ament_cmake/cmake)
-- Found Python3: /usr/bin/python3 (found version "3.10.12") found components: Interpreter 
-- Found moveit_core: 2.14.1 (/home/wzb/ros2ws/moveit_ws/install/moveit_core/share/moveit_core/cmake)
-- Found Boost: /usr/lib/x86_64-linux-gnu/cmake/Boost-1.74.0/BoostConfig.cmake (found version "1.74.0") found components: chrono date_time filesystem iostreams program_options regex serialization system thread 
-- Found parameter_traits: 0.5.0 (/opt/ros/humble/share/parameter_traits/cmake)
-- Found rosidl_generator_c: 3.1.7 (/opt/ros/humble/share/rosidl_generator_c/cmake)
-- Found rosidl_adapter: 3.1.7 (/opt/ros/humble/share/rosidl_adapter/cmake)
-- Found rosidl_generator_cpp: 3.1.7 (/opt/ros/humble/share/rosidl_generator_cpp/cmake)
-- Using all available rosidl_typesupport_c: rosidl_typesupport_fastrtps_c;rosidl_typesupport_introspection_c
-- Using all available rosidl_typesupport_cpp: rosidl_typesupport_fastrtps_cpp;rosidl_typesupport_introspection_cpp
-- Found rmw_implementation_cmake: 6.1.2 (/opt/ros/humble/share/rmw_implementation_cmake/cmake)
-- Found rmw_fastrtps_cpp: 6.2.9 (/opt/ros/humble/share/rmw_fastrtps_cpp/cmake)
-- Found OpenSSL: /usr/lib/x86_64-linux-gnu/libcrypto.so (found version "3.0.2")  
-- Found FastRTPS: /opt/ros/humble/include  
-- Using RMW implementation 'rmw_fastrtps_cpp' as default
-- Found Threads: TRUE  
-- Found rclcpp_lifecycle: 16.0.16 (/opt/ros/humble/share/rclcpp_lifecycle/cmake)
-- Found Boost: /usr/lib/x86_64-linux-gnu/cmake/Boost-1.74.0/BoostConfig.cmake (found version "1.74.0") found components: filesystem 
-- library: /usr/lib/x86_64-linux-gnu/libcurl.so
-- Found Eigen3: TRUE (found version "3.4.0") 
-- Ensuring Eigen3 include directory is part of orocos-kdl CMake target
-- Configuring done
-- Generating done
-- Build files have been written to: /home/wzb/ros2ws/moveit_ws/build/chomp_motion_planner
[ 50%] [32mBuilding CXX object CMakeFiles/chomp_motion_planner.dir/src/chomp_parameters.cpp.o[0m
[ 50%] [32mBuilding CXX object CMakeFiles/chomp_motion_planner.dir/src/chomp_trajectory.cpp.o[0m
[ 50%] [32mBuilding CXX object CMakeFiles/chomp_motion_planner.dir/src/chomp_cost.cpp.o[0m
[ 66%] [32mBuilding CXX object CMakeFiles/chomp_motion_planner.dir/src/chomp_optimizer.cpp.o[0m
[ 83%] [32mBuilding CXX object CMakeFiles/chomp_motion_planner.dir/src/chomp_planner.cpp.o[0m
[100%] [32m[1mLinking CXX shared library libchomp_motion_planner.so[0m
[100%] Built target chomp_motion_planner
-- Install configuration: "Release"
-- Installing: /home/wzb/ros2ws/moveit_ws/install/chomp_motion_planner/lib/libchomp_motion_planner.so.2.14.1
-- Set runtime path of "/home/wzb/ros2ws/moveit_ws/install/chomp_motion_planner/lib/libchomp_motion_planner.so.2.14.1" to ""
-- Installing: /home/wzb/ros2ws/moveit_ws/install/chomp_motion_planner/lib/libchomp_motion_planner.so
-- Installing: /home/wzb/ros2ws/moveit_ws/install/chomp_motion_planner/include/chomp_motion_planner
-- Installing: /home/wzb/ros2ws/moveit_ws/install/chomp_motion_planner/include/chomp_motion_planner/chomp_motion_planner
-- Installing: /home/wzb/ros2ws/moveit_ws/install/chomp_motion_planner/include/chomp_motion_planner/chomp_motion_planner/chomp_cost.hpp
-- Installing: /home/wzb/ros2ws/moveit_ws/install/chomp_motion_planner/include/chomp_motion_planner/chomp_motion_planner/chomp_optimizer.hpp
-- Installing: /home/wzb/ros2ws/moveit_ws/install/chomp_motion_planner/include/chomp_motion_planner/chomp_motion_planner/chomp_trajectory.h
-- Installing: /home/wzb/ros2ws/moveit_ws/install/chomp_motion_planner/include/chomp_motion_planner/chomp_motion_planner/chomp_parameters.h
-- Installing: /home/wzb/ros2ws/moveit_ws/install/chomp_motion_planner/include/chomp_motion_planner/chomp_motion_planner/chomp_optimizer.h
-- Installing: /home/wzb/ros2ws/moveit_ws/install/chomp_motion_planner/include/chomp_motion_planner/chomp_motion_planner/chomp_planner.h
-- Installing: /home/wzb/ros2ws/moveit_ws/install/chomp_motion_planner/include/chomp_motion_planner/chomp_motion_planner/chomp_utils.h
-- Installing: /home/wzb/ros2ws/moveit_ws/install/chomp_motion_planner/include/chomp_motion_planner/chomp_motion_planner/chomp_cost.h
-- Installing: /home/wzb/ros2ws/moveit_ws/install/chomp_motion_planner/include/chomp_motion_planner/chomp_motion_planner/chomp_parameters.hpp
-- Installing: /home/wzb/ros2ws/moveit_ws/install/chomp_motion_planner/include/chomp_motion_planner/chomp_motion_planner/chomp_trajectory.hpp
-- Installing: /home/wzb/ros2ws/moveit_ws/install/chomp_motion_planner/include/chomp_motion_planner/chomp_motion_planner/multivariate_gaussian.h
-- Installing: /home/wzb/ros2ws/moveit_ws/install/chomp_motion_planner/include/chomp_motion_planner/chomp_motion_planner/multivariate_gaussian.hpp
-- Installing: /home/wzb/ros2ws/moveit_ws/install/chomp_motion_planner/include/chomp_motion_planner/chomp_motion_planner/chomp_utils.hpp
-- Installing: /home/wzb/ros2ws/moveit_ws/install/chomp_motion_planner/include/chomp_motion_planner/chomp_motion_planner/chomp_planner.hpp
-- Installing: /home/wzb/ros2ws/moveit_ws/install/chomp_motion_planner/share/chomp_motion_planner/environment/library_path.sh
-- Installing: /home/wzb/ros2ws/moveit_ws/install/chomp_motion_planner/share/chomp_motion_planner/environment/library_path.dsv
-- Installing: /home/wzb/ros2ws/moveit_ws/install/chomp_motion_planner/share/ament_index/resource_index/package_run_dependencies/chomp_motion_planner
-- Installing: /home/wzb/ros2ws/moveit_ws/install/chomp_motion_planner/share/ament_index/resource_index/parent_prefix_path/chomp_motion_planner
-- Installing: /home/wzb/ros2ws/moveit_ws/install/chomp_motion_planner/share/chomp_motion_planner/environment/ament_prefix_path.sh
-- Installing: /home/wzb/ros2ws/moveit_ws/install/chomp_motion_planner/share/chomp_motion_planner/environment/ament_prefix_path.dsv
-- Installing: /home/wzb/ros2ws/moveit_ws/install/chomp_motion_planner/share/chomp_motion_planner/environment/path.sh
-- Installing: /home/wzb/ros2ws/moveit_ws/install/chomp_motion_planner/share/chomp_motion_planner/environment/path.dsv
-- Installing: /home/wzb/ros2ws/moveit_ws/install/chomp_motion_planner/share/chomp_motion_planner/local_setup.bash
-- Installing: /home/wzb/ros2ws/moveit_ws/install/chomp_motion_planner/share/chomp_motion_planner/local_setup.sh
-- Installing: /home/wzb/ros2ws/moveit_ws/install/chomp_motion_planner/share/chomp_motion_planner/local_setup.zsh
-- Installing: /home/wzb/ros2ws/moveit_ws/install/chomp_motion_planner/share/chomp_motion_planner/local_setup.dsv
-- Installing: /home/wzb/ros2ws/moveit_ws/install/chomp_motion_planner/share/chomp_motion_planner/package.dsv
-- Installing: /home/wzb/ros2ws/moveit_ws/install/chomp_motion_planner/share/ament_index/resource_index/packages/chomp_motion_planner
-- Installing: /home/wzb/ros2ws/moveit_ws/install/chomp_motion_planner/share/chomp_motion_planner/cmake/chomp_motion_plannerTargetsExport.cmake
-- Installing: /home/wzb/ros2ws/moveit_ws/install/chomp_motion_planner/share/chomp_motion_planner/cmake/chomp_motion_plannerTargetsExport-release.cmake
-- Installing: /home/wzb/ros2ws/moveit_ws/install/chomp_motion_planner/share/chomp_motion_planner/cmake/ament_cmake_export_targets-extras.cmake
-- Installing: /home/wzb/ros2ws/moveit_ws/install/chomp_motion_planner/share/chomp_motion_planner/cmake/chomp_motion_plannerConfig.cmake
-- Installing: /home/wzb/ros2ws/moveit_ws/install/chomp_motion_planner/share/chomp_motion_planner/cmake/chomp_motion_plannerConfig-version.cmake
-- Installing: /home/wzb/ros2ws/moveit_ws/install/chomp_motion_planner/share/chomp_motion_planner/package.xml
