[0.011s] Invoking command in '/home/wzb/ros2ws/moveit_ws/build/moveit_simple_controller_manager': AMENT_PREFIX_PATH=/home/wzb/ros2ws/moveit_ws/install/moveit_core:/home/wzb/ros2ws/moveit_ws/install/moveit_resources_panda_moveit_config:/home/wzb/ros2ws/moveit_ws/install/moveit_resources_pr2_description:/home/wzb/ros2ws/moveit_ws/install/moveit_resources_panda_description:/home/wzb/ros2ws/moveit_ws/install/moveit_msgs:/home/wzb/ros2ws/moveit_ws/install/moveit_common:${AMENT_PREFIX_PATH} CMAKE_PREFIX_PATH=/home/wzb/ros2ws/moveit_ws/install/moveit_core:/home/wzb/ros2ws/moveit_ws/install/moveit_resources_panda_moveit_config:/home/wzb/ros2ws/moveit_ws/install/moveit_resources_pr2_description:/home/wzb/ros2ws/moveit_ws/install/moveit_resources_panda_description:/home/wzb/ros2ws/moveit_ws/install/moveit_msgs:/home/wzb/ros2ws/moveit_ws/install/moveit_common:/opt/ros/humble LD_LIBRARY_PATH=/home/wzb/ros2ws/moveit_ws/install/moveit_core/lib:/home/wzb/ros2ws/moveit_ws/install/moveit_msgs/lib:${LD_LIBRARY_PATH} PATH=/home/wzb/ros2ws/moveit_ws/install/moveit_core/bin:${PATH} PYTHONPATH=/home/wzb/ros2ws/moveit_ws/install/moveit_msgs/local/lib/python3.10/dist-packages:${PYTHONPATH} /usr/bin/cmake /home/wzb/ros2ws/moveit_ws/src/moveit2/moveit_plugins/moveit_simple_controller_manager -DCMAKE_BUILD_TYPE=Release -DCMAKE_INSTALL_PREFIX=/home/wzb/ros2ws/moveit_ws/install/moveit_simple_controller_manager
[0.047s] -- The CXX compiler identification is GNU 11.4.0
[0.052s] -- Detecting CXX compiler ABI info
[0.108s] -- Detecting CXX compiler ABI info - done
[0.116s] -- Check for working CXX compiler: /usr/bin/c++ - skipped
[0.116s] -- Detecting CXX compile features
[0.116s] -- Detecting CXX compile features - done
[0.117s] -- Found moveit_common: 2.14.1 (/home/wzb/ros2ws/moveit_ws/install/moveit_common/share/moveit_common/cmake)
[0.119s] -- Found ament_cmake: 1.3.12 (/opt/ros/humble/share/ament_cmake/cmake)
[0.207s] -- Found Python3: /usr/bin/python3 (found version "3.10.12") found components: Interpreter 
[0.298s] -- Found moveit_core: 2.14.1 (/home/wzb/ros2ws/moveit_ws/install/moveit_core/share/moveit_core/cmake)
[0.443s] -- Found Boost: /usr/lib/x86_64-linux-gnu/cmake/Boost-1.74.0/BoostConfig.cmake (found version "1.74.0") found components: chrono date_time filesystem iostreams program_options regex serialization system thread 
[0.472s] -- Found parameter_traits: 0.5.0 (/opt/ros/humble/share/parameter_traits/cmake)
[0.493s] -- Found rosidl_generator_c: 3.1.7 (/opt/ros/humble/share/rosidl_generator_c/cmake)
[0.496s] -- Found rosidl_adapter: 3.1.7 (/opt/ros/humble/share/rosidl_adapter/cmake)
[0.501s] -- Found rosidl_generator_cpp: 3.1.7 (/opt/ros/humble/share/rosidl_generator_cpp/cmake)
[0.508s] -- Using all available rosidl_typesupport_c: rosidl_typesupport_fastrtps_c;rosidl_typesupport_introspection_c
[0.518s] -- Using all available rosidl_typesupport_cpp: rosidl_typesupport_fastrtps_cpp;rosidl_typesupport_introspection_cpp
[0.543s] -- Found rmw_implementation_cmake: 6.1.2 (/opt/ros/humble/share/rmw_implementation_cmake/cmake)
[0.545s] -- Found rmw_fastrtps_cpp: 6.2.9 (/opt/ros/humble/share/rmw_fastrtps_cpp/cmake)
[0.586s] -- Found OpenSSL: /usr/lib/x86_64-linux-gnu/libcrypto.so (found version "3.0.2")  
[0.598s] -- Found FastRTPS: /opt/ros/humble/include  
[0.620s] -- Using RMW implementation 'rmw_fastrtps_cpp' as default
[0.625s] -- Found Threads: TRUE  
[0.659s] -- Found rclcpp_lifecycle: 16.0.16 (/opt/ros/humble/share/rclcpp_lifecycle/cmake)
[0.673s] -- Found Boost: /usr/lib/x86_64-linux-gnu/cmake/Boost-1.74.0/BoostConfig.cmake (found version "1.74.0") found components: filesystem 
[0.718s] -- library: /usr/lib/x86_64-linux-gnu/libcurl.so
[0.759s] -- Found Eigen3: TRUE (found version "3.4.0") 
[0.759s] -- Ensuring Eigen3 include directory is part of orocos-kdl CMake target
[0.909s] -- Found control_msgs: 4.8.0 (/opt/ros/humble/share/control_msgs/cmake)
[0.925s] -- Found Boost: /usr/lib/x86_64-linux-gnu/cmake/Boost-1.74.0/BoostConfig.cmake (found version "1.74.0") found components: thread 
[0.930s] -- Configuring done
[0.944s] -- Generating done
[0.950s] -- Build files have been written to: /home/wzb/ros2ws/moveit_ws/build/moveit_simple_controller_manager
[0.961s] Invoked command in '/home/wzb/ros2ws/moveit_ws/build/moveit_simple_controller_manager' returned '0': AMENT_PREFIX_PATH=/home/wzb/ros2ws/moveit_ws/install/moveit_core:/home/wzb/ros2ws/moveit_ws/install/moveit_resources_panda_moveit_config:/home/wzb/ros2ws/moveit_ws/install/moveit_resources_pr2_description:/home/wzb/ros2ws/moveit_ws/install/moveit_resources_panda_description:/home/wzb/ros2ws/moveit_ws/install/moveit_msgs:/home/wzb/ros2ws/moveit_ws/install/moveit_common:${AMENT_PREFIX_PATH} CMAKE_PREFIX_PATH=/home/wzb/ros2ws/moveit_ws/install/moveit_core:/home/wzb/ros2ws/moveit_ws/install/moveit_resources_panda_moveit_config:/home/wzb/ros2ws/moveit_ws/install/moveit_resources_pr2_description:/home/wzb/ros2ws/moveit_ws/install/moveit_resources_panda_description:/home/wzb/ros2ws/moveit_ws/install/moveit_msgs:/home/wzb/ros2ws/moveit_ws/install/moveit_common:/opt/ros/humble LD_LIBRARY_PATH=/home/wzb/ros2ws/moveit_ws/install/moveit_core/lib:/home/wzb/ros2ws/moveit_ws/install/moveit_msgs/lib:${LD_LIBRARY_PATH} PATH=/home/wzb/ros2ws/moveit_ws/install/moveit_core/bin:${PATH} PYTHONPATH=/home/wzb/ros2ws/moveit_ws/install/moveit_msgs/local/lib/python3.10/dist-packages:${PYTHONPATH} /usr/bin/cmake /home/wzb/ros2ws/moveit_ws/src/moveit2/moveit_plugins/moveit_simple_controller_manager -DCMAKE_BUILD_TYPE=Release -DCMAKE_INSTALL_PREFIX=/home/wzb/ros2ws/moveit_ws/install/moveit_simple_controller_manager
[0.962s] Invoking command in '/home/wzb/ros2ws/moveit_ws/build/moveit_simple_controller_manager': AMENT_PREFIX_PATH=/home/wzb/ros2ws/moveit_ws/install/moveit_core:/home/wzb/ros2ws/moveit_ws/install/moveit_resources_panda_moveit_config:/home/wzb/ros2ws/moveit_ws/install/moveit_resources_pr2_description:/home/wzb/ros2ws/moveit_ws/install/moveit_resources_panda_description:/home/wzb/ros2ws/moveit_ws/install/moveit_msgs:/home/wzb/ros2ws/moveit_ws/install/moveit_common:${AMENT_PREFIX_PATH} CMAKE_PREFIX_PATH=/home/wzb/ros2ws/moveit_ws/install/moveit_core:/home/wzb/ros2ws/moveit_ws/install/moveit_resources_panda_moveit_config:/home/wzb/ros2ws/moveit_ws/install/moveit_resources_pr2_description:/home/wzb/ros2ws/moveit_ws/install/moveit_resources_panda_description:/home/wzb/ros2ws/moveit_ws/install/moveit_msgs:/home/wzb/ros2ws/moveit_ws/install/moveit_common:/opt/ros/humble LD_LIBRARY_PATH=/home/wzb/ros2ws/moveit_ws/install/moveit_core/lib:/home/wzb/ros2ws/moveit_ws/install/moveit_msgs/lib:${LD_LIBRARY_PATH} PATH=/home/wzb/ros2ws/moveit_ws/install/moveit_core/bin:${PATH} PYTHONPATH=/home/wzb/ros2ws/moveit_ws/install/moveit_msgs/local/lib/python3.10/dist-packages:${PYTHONPATH} /usr/bin/cmake --build /home/wzb/ros2ws/moveit_ws/build/moveit_simple_controller_manager -- -j20 -l20
[1.021s] [ 66%] [32mBuilding CXX object CMakeFiles/moveit_simple_controller_manager.dir/src/moveit_simple_controller_manager.cpp.o[0m
[1.021s] [ 66%] [32mBuilding CXX object CMakeFiles/moveit_simple_controller_manager.dir/src/follow_joint_trajectory_controller_handle.cpp.o[0m
[11.855s] [100%] [32m[1mLinking CXX shared library libmoveit_simple_controller_manager.so[0m
[11.998s] [100%] Built target moveit_simple_controller_manager
[12.013s] Invoked command in '/home/wzb/ros2ws/moveit_ws/build/moveit_simple_controller_manager' returned '0': AMENT_PREFIX_PATH=/home/wzb/ros2ws/moveit_ws/install/moveit_core:/home/wzb/ros2ws/moveit_ws/install/moveit_resources_panda_moveit_config:/home/wzb/ros2ws/moveit_ws/install/moveit_resources_pr2_description:/home/wzb/ros2ws/moveit_ws/install/moveit_resources_panda_description:/home/wzb/ros2ws/moveit_ws/install/moveit_msgs:/home/wzb/ros2ws/moveit_ws/install/moveit_common:${AMENT_PREFIX_PATH} CMAKE_PREFIX_PATH=/home/wzb/ros2ws/moveit_ws/install/moveit_core:/home/wzb/ros2ws/moveit_ws/install/moveit_resources_panda_moveit_config:/home/wzb/ros2ws/moveit_ws/install/moveit_resources_pr2_description:/home/wzb/ros2ws/moveit_ws/install/moveit_resources_panda_description:/home/wzb/ros2ws/moveit_ws/install/moveit_msgs:/home/wzb/ros2ws/moveit_ws/install/moveit_common:/opt/ros/humble LD_LIBRARY_PATH=/home/wzb/ros2ws/moveit_ws/install/moveit_core/lib:/home/wzb/ros2ws/moveit_ws/install/moveit_msgs/lib:${LD_LIBRARY_PATH} PATH=/home/wzb/ros2ws/moveit_ws/install/moveit_core/bin:${PATH} PYTHONPATH=/home/wzb/ros2ws/moveit_ws/install/moveit_msgs/local/lib/python3.10/dist-packages:${PYTHONPATH} /usr/bin/cmake --build /home/wzb/ros2ws/moveit_ws/build/moveit_simple_controller_manager -- -j20 -l20
[12.014s] Invoking command in '/home/wzb/ros2ws/moveit_ws/build/moveit_simple_controller_manager': AMENT_PREFIX_PATH=/home/wzb/ros2ws/moveit_ws/install/moveit_core:/home/wzb/ros2ws/moveit_ws/install/moveit_resources_panda_moveit_config:/home/wzb/ros2ws/moveit_ws/install/moveit_resources_pr2_description:/home/wzb/ros2ws/moveit_ws/install/moveit_resources_panda_description:/home/wzb/ros2ws/moveit_ws/install/moveit_msgs:/home/wzb/ros2ws/moveit_ws/install/moveit_common:${AMENT_PREFIX_PATH} CMAKE_PREFIX_PATH=/home/wzb/ros2ws/moveit_ws/install/moveit_core:/home/wzb/ros2ws/moveit_ws/install/moveit_resources_panda_moveit_config:/home/wzb/ros2ws/moveit_ws/install/moveit_resources_pr2_description:/home/wzb/ros2ws/moveit_ws/install/moveit_resources_panda_description:/home/wzb/ros2ws/moveit_ws/install/moveit_msgs:/home/wzb/ros2ws/moveit_ws/install/moveit_common:/opt/ros/humble LD_LIBRARY_PATH=/home/wzb/ros2ws/moveit_ws/install/moveit_core/lib:/home/wzb/ros2ws/moveit_ws/install/moveit_msgs/lib:${LD_LIBRARY_PATH} PATH=/home/wzb/ros2ws/moveit_ws/install/moveit_core/bin:${PATH} PYTHONPATH=/home/wzb/ros2ws/moveit_ws/install/moveit_msgs/local/lib/python3.10/dist-packages:${PYTHONPATH} /usr/bin/cmake --install /home/wzb/ros2ws/moveit_ws/build/moveit_simple_controller_manager
[12.022s] -- Install configuration: "Release"
[12.022s] -- Installing: /home/wzb/ros2ws/moveit_ws/install/moveit_simple_controller_manager/lib/libmoveit_simple_controller_manager.so.2.14.1
[12.024s] -- Set runtime path of "/home/wzb/ros2ws/moveit_ws/install/moveit_simple_controller_manager/lib/libmoveit_simple_controller_manager.so.2.14.1" to ""
[12.024s] -- Installing: /home/wzb/ros2ws/moveit_ws/install/moveit_simple_controller_manager/lib/libmoveit_simple_controller_manager.so
[12.024s] -- Installing: /home/wzb/ros2ws/moveit_ws/install/moveit_simple_controller_manager/include/moveit_simple_controller_manager
[12.024s] -- Installing: /home/wzb/ros2ws/moveit_ws/install/moveit_simple_controller_manager/include/moveit_simple_controller_manager/moveit_simple_controller_manager
[12.024s] -- Installing: /home/wzb/ros2ws/moveit_ws/install/moveit_simple_controller_manager/include/moveit_simple_controller_manager/moveit_simple_controller_manager/action_based_controller_handle.h
[12.024s] -- Installing: /home/wzb/ros2ws/moveit_ws/install/moveit_simple_controller_manager/include/moveit_simple_controller_manager/moveit_simple_controller_manager/parallel_gripper_command_controller_handle.hpp
[12.024s] -- Installing: /home/wzb/ros2ws/moveit_ws/install/moveit_simple_controller_manager/include/moveit_simple_controller_manager/moveit_simple_controller_manager/action_based_controller_handle.hpp
[12.024s] -- Installing: /home/wzb/ros2ws/moveit_ws/install/moveit_simple_controller_manager/include/moveit_simple_controller_manager/moveit_simple_controller_manager/follow_joint_trajectory_controller_handle.h
[12.024s] -- Installing: /home/wzb/ros2ws/moveit_ws/install/moveit_simple_controller_manager/include/moveit_simple_controller_manager/moveit_simple_controller_manager/gripper_command_controller_handle.hpp
[12.024s] -- Installing: /home/wzb/ros2ws/moveit_ws/install/moveit_simple_controller_manager/include/moveit_simple_controller_manager/moveit_simple_controller_manager/empty_controller_handle.h
[12.024s] -- Installing: /home/wzb/ros2ws/moveit_ws/install/moveit_simple_controller_manager/include/moveit_simple_controller_manager/moveit_simple_controller_manager/follow_joint_trajectory_controller_handle.hpp
[12.025s] -- Installing: /home/wzb/ros2ws/moveit_ws/install/moveit_simple_controller_manager/include/moveit_simple_controller_manager/moveit_simple_controller_manager/empty_controller_handle.hpp
[12.025s] -- Installing: /home/wzb/ros2ws/moveit_ws/install/moveit_simple_controller_manager/include/moveit_simple_controller_manager/moveit_simple_controller_manager/gripper_controller_handle.h
[12.025s] -- Installing: /home/wzb/ros2ws/moveit_ws/install/moveit_simple_controller_manager/share/moveit_simple_controller_manager/environment/library_path.sh
[12.025s] -- Installing: /home/wzb/ros2ws/moveit_ws/install/moveit_simple_controller_manager/share/moveit_simple_controller_manager/environment/library_path.dsv
[12.025s] -- Installing: /home/wzb/ros2ws/moveit_ws/install/moveit_simple_controller_manager/share/moveit_simple_controller_manager/moveit_simple_controller_manager_plugin_description.xml
[12.025s] -- Installing: /home/wzb/ros2ws/moveit_ws/install/moveit_simple_controller_manager/share/ament_index/resource_index/package_run_dependencies/moveit_simple_controller_manager
[12.025s] -- Installing: /home/wzb/ros2ws/moveit_ws/install/moveit_simple_controller_manager/share/ament_index/resource_index/parent_prefix_path/moveit_simple_controller_manager
[12.026s] -- Installing: /home/wzb/ros2ws/moveit_ws/install/moveit_simple_controller_manager/share/moveit_simple_controller_manager/environment/ament_prefix_path.sh
[12.026s] -- Installing: /home/wzb/ros2ws/moveit_ws/install/moveit_simple_controller_manager/share/moveit_simple_controller_manager/environment/ament_prefix_path.dsv
[12.026s] -- Installing: /home/wzb/ros2ws/moveit_ws/install/moveit_simple_controller_manager/share/moveit_simple_controller_manager/environment/path.sh
[12.026s] -- Installing: /home/wzb/ros2ws/moveit_ws/install/moveit_simple_controller_manager/share/moveit_simple_controller_manager/environment/path.dsv
[12.026s] -- Installing: /home/wzb/ros2ws/moveit_ws/install/moveit_simple_controller_manager/share/moveit_simple_controller_manager/local_setup.bash
[12.026s] -- Installing: /home/wzb/ros2ws/moveit_ws/install/moveit_simple_controller_manager/share/moveit_simple_controller_manager/local_setup.sh
[12.026s] -- Installing: /home/wzb/ros2ws/moveit_ws/install/moveit_simple_controller_manager/share/moveit_simple_controller_manager/local_setup.zsh
[12.026s] -- Installing: /home/wzb/ros2ws/moveit_ws/install/moveit_simple_controller_manager/share/moveit_simple_controller_manager/local_setup.dsv
[12.027s] -- Installing: /home/wzb/ros2ws/moveit_ws/install/moveit_simple_controller_manager/share/moveit_simple_controller_manager/package.dsv
[12.027s] -- Installing: /home/wzb/ros2ws/moveit_ws/install/moveit_simple_controller_manager/share/ament_index/resource_index/packages/moveit_simple_controller_manager
[12.027s] -- Installing: /home/wzb/ros2ws/moveit_ws/install/moveit_simple_controller_manager/share/ament_index/resource_index/moveit_core__pluginlib__plugin/moveit_simple_controller_manager
[12.027s] -- Installing: /home/wzb/ros2ws/moveit_ws/install/moveit_simple_controller_manager/share/moveit_simple_controller_manager/cmake/moveit_simple_controller_managerTargetsExport.cmake
[12.027s] -- Installing: /home/wzb/ros2ws/moveit_ws/install/moveit_simple_controller_manager/share/moveit_simple_controller_manager/cmake/moveit_simple_controller_managerTargetsExport-release.cmake
[12.027s] -- Installing: /home/wzb/ros2ws/moveit_ws/install/moveit_simple_controller_manager/share/moveit_simple_controller_manager/cmake/ConfigExtras.cmake
[12.027s] -- Installing: /home/wzb/ros2ws/moveit_ws/install/moveit_simple_controller_manager/share/moveit_simple_controller_manager/cmake/ament_cmake_export_targets-extras.cmake
[12.028s] -- Installing: /home/wzb/ros2ws/moveit_ws/install/moveit_simple_controller_manager/share/moveit_simple_controller_manager/cmake/ament_cmake_export_dependencies-extras.cmake
[12.028s] -- Installing: /home/wzb/ros2ws/moveit_ws/install/moveit_simple_controller_manager/share/moveit_simple_controller_manager/cmake/moveit_simple_controller_managerConfig.cmake
[12.028s] -- Installing: /home/wzb/ros2ws/moveit_ws/install/moveit_simple_controller_manager/share/moveit_simple_controller_manager/cmake/moveit_simple_controller_managerConfig-version.cmake
[12.028s] -- Installing: /home/wzb/ros2ws/moveit_ws/install/moveit_simple_controller_manager/share/moveit_simple_controller_manager/package.xml
[12.030s] Invoked command in '/home/wzb/ros2ws/moveit_ws/build/moveit_simple_controller_manager' returned '0': AMENT_PREFIX_PATH=/home/wzb/ros2ws/moveit_ws/install/moveit_core:/home/wzb/ros2ws/moveit_ws/install/moveit_resources_panda_moveit_config:/home/wzb/ros2ws/moveit_ws/install/moveit_resources_pr2_description:/home/wzb/ros2ws/moveit_ws/install/moveit_resources_panda_description:/home/wzb/ros2ws/moveit_ws/install/moveit_msgs:/home/wzb/ros2ws/moveit_ws/install/moveit_common:${AMENT_PREFIX_PATH} CMAKE_PREFIX_PATH=/home/wzb/ros2ws/moveit_ws/install/moveit_core:/home/wzb/ros2ws/moveit_ws/install/moveit_resources_panda_moveit_config:/home/wzb/ros2ws/moveit_ws/install/moveit_resources_pr2_description:/home/wzb/ros2ws/moveit_ws/install/moveit_resources_panda_description:/home/wzb/ros2ws/moveit_ws/install/moveit_msgs:/home/wzb/ros2ws/moveit_ws/install/moveit_common:/opt/ros/humble LD_LIBRARY_PATH=/home/wzb/ros2ws/moveit_ws/install/moveit_core/lib:/home/wzb/ros2ws/moveit_ws/install/moveit_msgs/lib:${LD_LIBRARY_PATH} PATH=/home/wzb/ros2ws/moveit_ws/install/moveit_core/bin:${PATH} PYTHONPATH=/home/wzb/ros2ws/moveit_ws/install/moveit_msgs/local/lib/python3.10/dist-packages:${PYTHONPATH} /usr/bin/cmake --install /home/wzb/ros2ws/moveit_ws/build/moveit_simple_controller_manager
