[0.008s] Invoking command in '/home/wzb/ros2ws/trac_ws/build/trac_ik_lib': CMAKE_PREFIX_PATH=${CMAKE_PREFIX_PATH}:/home/wzb/ros2ws/my_piper_ros/install/piper:/home/wzb/ros2ws/moveit_ws/install/moveit_configs_utils:/opt/ros/humble /usr/bin/cmake /home/wzb/ros2ws/trac_ws/src/trac_ik/trac_ik_lib -DCMAKE_INSTALL_PREFIX=/home/wzb/ros2ws/trac_ws/install/trac_ik_lib
[0.041s] -- The C compiler identification is GNU 11.4.0
[0.070s] -- The CXX compiler identification is GNU 11.4.0
[0.074s] -- Detecting C compiler ABI info
[0.116s] -- Detecting C compiler ABI info - done
[0.122s] -- Check for working C compiler: /usr/bin/cc - skipped
[0.122s] -- Detecting C compile features
[0.122s] -- Detecting C compile features - done
[0.124s] -- Detecting CXX compiler ABI info
[0.171s] -- Detecting CXX compiler ABI info - done
[0.175s] -- Check for working CXX compiler: /usr/bin/c++ - skipped
[0.175s] -- Detecting CXX compile features
[0.175s] -- Detecting CXX compile features - done
[0.178s] -- Found ament_cmake: 1.3.12 (/opt/ros/humble/share/ament_cmake/cmake)
[0.271s] -- Found Python3: /usr/bin/python3 (found version "3.10.12") found components: Interpreter 
[0.349s] -- Found eigen3_cmake_module: 0.1.1 (/opt/ros/humble/share/eigen3_cmake_module/cmake)
[0.355s] -- Found Eigen3: TRUE (found version "3.4.0") 
[0.357s] -- Found kdl_parser: 2.6.4 (/opt/ros/humble/share/kdl_parser/cmake)
[0.369s] -- Ensuring Eigen3 include directory is part of orocos-kdl CMake target
[0.383s] -- Found rclcpp: 16.0.16 (/opt/ros/humble/share/rclcpp/cmake)
[0.419s] -- Found rosidl_generator_c: 3.1.7 (/opt/ros/humble/share/rosidl_generator_c/cmake)
[0.426s] -- Found rosidl_adapter: 3.1.7 (/opt/ros/humble/share/rosidl_adapter/cmake)
[0.437s] -- Found rosidl_generator_cpp: 3.1.7 (/opt/ros/humble/share/rosidl_generator_cpp/cmake)
[0.449s] -- Using all available rosidl_typesupport_c: rosidl_typesupport_fastrtps_c;rosidl_typesupport_introspection_c
[0.468s] -- Using all available rosidl_typesupport_cpp: rosidl_typesupport_fastrtps_cpp;rosidl_typesupport_introspection_cpp
[0.515s] -- Found rmw_implementation_cmake: 6.1.2 (/opt/ros/humble/share/rmw_implementation_cmake/cmake)
[0.519s] -- Found rmw_fastrtps_cpp: 6.2.9 (/opt/ros/humble/share/rmw_fastrtps_cpp/cmake)
[0.585s] -- Found OpenSSL: /usr/lib/x86_64-linux-gnu/libcrypto.so (found version "3.0.2")  
[0.602s] -- Found FastRTPS: /opt/ros/humble/include  
[0.627s] -- Using RMW implementation 'rmw_fastrtps_cpp' as default
[0.641s] -- Looking for pthread.h
[1.079s] -- Looking for pthread.h - found
[1.080s] -- Performing Test CMAKE_HAVE_LIBC_PTHREAD
[1.123s] -- Performing Test CMAKE_HAVE_LIBC_PTHREAD - Success
[1.124s] -- Found Threads: TRUE  
[1.161s] -- Found urdf: 2.6.1 (/opt/ros/humble/share/urdf/cmake)
[1.199s] -- Found ament_lint_auto: 0.12.14 (/opt/ros/humble/share/ament_lint_auto/cmake)
[1.266s] -- Added test 'copyright' to check source files copyright and LICENSE
[1.267s] -- Added test 'cpplint' to check C / C++ code against the Google style
[1.267s] -- Configured cpplint exclude dirs and/or files: 
[1.268s] -- Added test 'lint_cmake' to check CMake code style
[1.269s] -- Added test 'xmllint' to check XML markup files
[1.271s] -- Configuring done
[1.276s] -- Generating done
[1.278s] -- Build files have been written to: /home/wzb/ros2ws/trac_ws/build/trac_ik_lib
[1.284s] Invoked command in '/home/wzb/ros2ws/trac_ws/build/trac_ik_lib' returned '0': CMAKE_PREFIX_PATH=${CMAKE_PREFIX_PATH}:/home/wzb/ros2ws/my_piper_ros/install/piper:/home/wzb/ros2ws/moveit_ws/install/moveit_configs_utils:/opt/ros/humble /usr/bin/cmake /home/wzb/ros2ws/trac_ws/src/trac_ik/trac_ik_lib -DCMAKE_INSTALL_PREFIX=/home/wzb/ros2ws/trac_ws/install/trac_ik_lib
[1.285s] Invoking command in '/home/wzb/ros2ws/trac_ws/build/trac_ik_lib': CMAKE_PREFIX_PATH=${CMAKE_PREFIX_PATH}:/home/wzb/ros2ws/my_piper_ros/install/piper:/home/wzb/ros2ws/moveit_ws/install/moveit_configs_utils:/opt/ros/humble /usr/bin/cmake --build /home/wzb/ros2ws/trac_ws/build/trac_ik_lib -- -j20 -l20
[1.315s] [ 25%] [32mBuilding CXX object CMakeFiles/trac_ik_lib.dir/src/kdl_tl.cpp.o[0m
[1.315s] [ 50%] [32mBuilding CXX object CMakeFiles/trac_ik_lib.dir/src/nlopt_ik.cpp.o[0m
[1.316s] [ 75%] [32mBuilding CXX object CMakeFiles/trac_ik_lib.dir/src/trac_ik.cpp.o[0m
[6.384s] [100%] [32m[1mLinking CXX shared library libtrac_ik_lib.so[0m
[6.539s] [100%] Built target trac_ik_lib
[6.546s] Invoked command in '/home/wzb/ros2ws/trac_ws/build/trac_ik_lib' returned '0': CMAKE_PREFIX_PATH=${CMAKE_PREFIX_PATH}:/home/wzb/ros2ws/my_piper_ros/install/piper:/home/wzb/ros2ws/moveit_ws/install/moveit_configs_utils:/opt/ros/humble /usr/bin/cmake --build /home/wzb/ros2ws/trac_ws/build/trac_ik_lib -- -j20 -l20
[6.552s] Invoking command in '/home/wzb/ros2ws/trac_ws/build/trac_ik_lib': CMAKE_PREFIX_PATH=${CMAKE_PREFIX_PATH}:/home/wzb/ros2ws/my_piper_ros/install/piper:/home/wzb/ros2ws/moveit_ws/install/moveit_configs_utils:/opt/ros/humble /usr/bin/cmake --install /home/wzb/ros2ws/trac_ws/build/trac_ik_lib
[6.557s] -- Install configuration: ""
[6.557s] -- Installing: /home/wzb/ros2ws/trac_ws/install/trac_ik_lib/share/trac_ik_lib/environment/library_path.sh
[6.557s] -- Installing: /home/wzb/ros2ws/trac_ws/install/trac_ik_lib/share/trac_ik_lib/environment/library_path.dsv
[6.557s] -- Installing: /home/wzb/ros2ws/trac_ws/install/trac_ik_lib/include
[6.557s] -- Installing: /home/wzb/ros2ws/trac_ws/install/trac_ik_lib/include/trac_ik
[6.557s] -- Installing: /home/wzb/ros2ws/trac_ws/install/trac_ik_lib/include/trac_ik/dual_quaternion.h
[6.557s] -- Installing: /home/wzb/ros2ws/trac_ws/install/trac_ik_lib/include/trac_ik/visibility_control.hpp
[6.557s] -- Installing: /home/wzb/ros2ws/trac_ws/install/trac_ik_lib/include/trac_ik/kdl_tl.hpp
[6.557s] -- Installing: /home/wzb/ros2ws/trac_ws/install/trac_ik_lib/include/trac_ik/nlopt_ik.hpp
[6.557s] -- Installing: /home/wzb/ros2ws/trac_ws/install/trac_ik_lib/include/trac_ik/math3d.h
[6.557s] -- Installing: /home/wzb/ros2ws/trac_ws/install/trac_ik_lib/include/trac_ik/trac_ik.hpp
[6.557s] -- Installing: /home/wzb/ros2ws/trac_ws/install/trac_ik_lib/lib/libtrac_ik_lib.so
[6.560s] -- Set runtime path of "/home/wzb/ros2ws/trac_ws/install/trac_ik_lib/lib/libtrac_ik_lib.so" to ""
[6.560s] -- Installing: /home/wzb/ros2ws/trac_ws/install/trac_ik_lib/share/ament_index/resource_index/package_run_dependencies/trac_ik_lib
[6.560s] -- Installing: /home/wzb/ros2ws/trac_ws/install/trac_ik_lib/share/ament_index/resource_index/parent_prefix_path/trac_ik_lib
[6.560s] -- Installing: /home/wzb/ros2ws/trac_ws/install/trac_ik_lib/share/trac_ik_lib/environment/ament_prefix_path.sh
[6.560s] -- Installing: /home/wzb/ros2ws/trac_ws/install/trac_ik_lib/share/trac_ik_lib/environment/ament_prefix_path.dsv
[6.560s] -- Installing: /home/wzb/ros2ws/trac_ws/install/trac_ik_lib/share/trac_ik_lib/environment/path.sh
[6.560s] -- Installing: /home/wzb/ros2ws/trac_ws/install/trac_ik_lib/share/trac_ik_lib/environment/path.dsv
[6.560s] -- Installing: /home/wzb/ros2ws/trac_ws/install/trac_ik_lib/share/trac_ik_lib/local_setup.bash
[6.560s] -- Installing: /home/wzb/ros2ws/trac_ws/install/trac_ik_lib/share/trac_ik_lib/local_setup.sh
[6.560s] -- Installing: /home/wzb/ros2ws/trac_ws/install/trac_ik_lib/share/trac_ik_lib/local_setup.zsh
[6.560s] -- Installing: /home/wzb/ros2ws/trac_ws/install/trac_ik_lib/share/trac_ik_lib/local_setup.dsv
[6.560s] -- Installing: /home/wzb/ros2ws/trac_ws/install/trac_ik_lib/share/trac_ik_lib/package.dsv
[6.560s] -- Installing: /home/wzb/ros2ws/trac_ws/install/trac_ik_lib/share/ament_index/resource_index/packages/trac_ik_lib
[6.560s] -- Installing: /home/wzb/ros2ws/trac_ws/install/trac_ik_lib/share/trac_ik_lib/cmake/export_trac_ik_libExport.cmake
[6.560s] -- Installing: /home/wzb/ros2ws/trac_ws/install/trac_ik_lib/share/trac_ik_lib/cmake/export_trac_ik_libExport-noconfig.cmake
[6.560s] -- Installing: /home/wzb/ros2ws/trac_ws/install/trac_ik_lib/share/trac_ik_lib/cmake/ament_cmake_export_targets-extras.cmake
[6.560s] -- Installing: /home/wzb/ros2ws/trac_ws/install/trac_ik_lib/share/trac_ik_lib/cmake/ament_cmake_export_dependencies-extras.cmake
[6.560s] -- Installing: /home/wzb/ros2ws/trac_ws/install/trac_ik_lib/share/trac_ik_lib/cmake/trac_ik_libConfig.cmake
[6.560s] -- Installing: /home/wzb/ros2ws/trac_ws/install/trac_ik_lib/share/trac_ik_lib/cmake/trac_ik_libConfig-version.cmake
[6.560s] -- Installing: /home/wzb/ros2ws/trac_ws/install/trac_ik_lib/share/trac_ik_lib/package.xml
[6.561s] Invoked command in '/home/wzb/ros2ws/trac_ws/build/trac_ik_lib' returned '0': CMAKE_PREFIX_PATH=${CMAKE_PREFIX_PATH}:/home/wzb/ros2ws/my_piper_ros/install/piper:/home/wzb/ros2ws/moveit_ws/install/moveit_configs_utils:/opt/ros/humble /usr/bin/cmake --install /home/wzb/ros2ws/trac_ws/build/trac_ik_lib
