[0.020s] Invoking command in '/home/wzb/ros2ws/moveit_ws/build/moveit_setup_assistant': AMENT_PREFIX_PATH=/home/wzb/ros2ws/moveit_ws/install/moveit_setup_srdf_plugins:/home/wzb/ros2ws/moveit_ws/install/moveit_setup_core_plugins:/home/wzb/ros2ws/moveit_ws/install/moveit_setup_controllers:/home/wzb/ros2ws/moveit_ws/install/moveit_setup_app_plugins:/home/wzb/ros2ws/moveit_ws/install/moveit_setup_framework:/home/wzb/ros2ws/moveit_ws/install/moveit_ros_visualization:/home/wzb/ros2ws/moveit_ws/install/moveit_ros_planning_interface:/home/wzb/ros2ws/moveit_ws/install/moveit_ros_move_group:/home/wzb/ros2ws/moveit_ws/install/moveit_ros_warehouse:/home/wzb/ros2ws/moveit_ws/install/moveit_ros_robot_interaction:/home/wzb/ros2ws/moveit_ws/install/moveit_kinematics:/home/wzb/ros2ws/moveit_ws/install/moveit_ros_planning:/home/wzb/ros2ws/moveit_ws/install/moveit_simple_controller_manager:/home/wzb/ros2ws/moveit_ws/install/moveit_ros_occupancy_map_monitor:/home/wzb/ros2ws/moveit_ws/install/moveit_core:/home/wzb/ros2ws/moveit_ws/install/moveit_resources_panda_moveit_config:/home/wzb/ros2ws/moveit_ws/install/moveit_resources_fanuc_moveit_config:/home/wzb/ros2ws/moveit_ws/install/moveit_resources_pr2_description:/home/wzb/ros2ws/moveit_ws/install/moveit_resources_panda_description:/home/wzb/ros2ws/moveit_ws/install/moveit_resources_fanuc_description:/home/wzb/ros2ws/moveit_ws/install/moveit_msgs:/home/wzb/ros2ws/moveit_ws/install/moveit_configs_utils:/home/wzb/ros2ws/moveit_ws/install/moveit_common:${AMENT_PREFIX_PATH} CMAKE_PREFIX_PATH=/home/wzb/ros2ws/moveit_ws/install/moveit_setup_srdf_plugins:/home/wzb/ros2ws/moveit_ws/install/moveit_setup_core_plugins:/home/wzb/ros2ws/moveit_ws/install/moveit_setup_controllers:/home/wzb/ros2ws/moveit_ws/install/moveit_setup_app_plugins:/home/wzb/ros2ws/moveit_ws/install/moveit_setup_framework:/home/wzb/ros2ws/moveit_ws/install/moveit_ros_visualization:/home/wzb/ros2ws/moveit_ws/install/moveit_ros_planning_interface:/home/wzb/ros2ws/moveit_ws/install/moveit_ros_move_group:/home/wzb/ros2ws/moveit_ws/install/moveit_ros_warehouse:/home/wzb/ros2ws/moveit_ws/install/moveit_ros_robot_interaction:/home/wzb/ros2ws/moveit_ws/install/moveit_kinematics:/home/wzb/ros2ws/moveit_ws/install/moveit_ros_planning:/home/wzb/ros2ws/moveit_ws/install/moveit_simple_controller_manager:/home/wzb/ros2ws/moveit_ws/install/moveit_ros_occupancy_map_monitor:/home/wzb/ros2ws/moveit_ws/install/moveit_core:/home/wzb/ros2ws/moveit_ws/install/moveit_resources_panda_moveit_config:/home/wzb/ros2ws/moveit_ws/install/moveit_resources_fanuc_moveit_config:/home/wzb/ros2ws/moveit_ws/install/moveit_resources_pr2_description:/home/wzb/ros2ws/moveit_ws/install/moveit_resources_panda_description:/home/wzb/ros2ws/moveit_ws/install/moveit_resources_fanuc_description:/home/wzb/ros2ws/moveit_ws/install/moveit_msgs:/home/wzb/ros2ws/moveit_ws/install/moveit_common:/opt/ros/humble LD_LIBRARY_PATH=/home/wzb/ros2ws/moveit_ws/install/moveit_setup_srdf_plugins/lib:/home/wzb/ros2ws/moveit_ws/install/moveit_setup_core_plugins/lib:/home/wzb/ros2ws/moveit_ws/install/moveit_setup_controllers/lib:/home/wzb/ros2ws/moveit_ws/install/moveit_setup_app_plugins/lib:/home/wzb/ros2ws/moveit_ws/install/moveit_setup_framework/lib:/home/wzb/ros2ws/moveit_ws/install/moveit_ros_visualization/lib:/home/wzb/ros2ws/moveit_ws/install/moveit_ros_planning_interface/lib:/home/wzb/ros2ws/moveit_ws/install/moveit_ros_move_group/lib:/home/wzb/ros2ws/moveit_ws/install/moveit_ros_warehouse/lib:/home/wzb/ros2ws/moveit_ws/install/moveit_ros_robot_interaction/lib:/home/wzb/ros2ws/moveit_ws/install/moveit_kinematics/lib:/home/wzb/ros2ws/moveit_ws/install/moveit_ros_planning/lib:/home/wzb/ros2ws/moveit_ws/install/moveit_simple_controller_manager/lib:/home/wzb/ros2ws/moveit_ws/install/moveit_ros_occupancy_map_monitor/lib:/home/wzb/ros2ws/moveit_ws/install/moveit_core/lib:/home/wzb/ros2ws/moveit_ws/install/moveit_msgs/lib:${LD_LIBRARY_PATH} PATH=/home/wzb/ros2ws/moveit_ws/install/moveit_core/bin:${PATH} PYTHONPATH=/home/wzb/ros2ws/moveit_ws/install/moveit_msgs/local/lib/python3.10/dist-packages:/home/wzb/ros2ws/moveit_ws/install/moveit_configs_utils/lib/python3.10/site-packages:${PYTHONPATH} /usr/bin/cmake /home/wzb/ros2ws/moveit_ws/src/moveit2/moveit_setup_assistant/moveit_setup_assistant -DCMAKE_BUILD_TYPE=Release -DCMAKE_INSTALL_PREFIX=/home/wzb/ros2ws/moveit_ws/install/moveit_setup_assistant
[0.055s] -- The CXX compiler identification is GNU 11.4.0
[0.059s] -- Detecting CXX compiler ABI info
[0.101s] -- Detecting CXX compiler ABI info - done
[0.104s] -- Check for working CXX compiler: /usr/bin/c++ - skipped
[0.105s] -- Detecting CXX compile features
[0.105s] -- Detecting CXX compile features - done
[0.106s] -- Found moveit_common: 2.14.1 (/home/wzb/ros2ws/moveit_ws/install/moveit_common/share/moveit_common/cmake)
[0.108s] -- Found ament_cmake: 1.3.12 (/opt/ros/humble/share/ament_cmake/cmake)
[0.189s] -- Found Python3: /usr/bin/python3 (found version "3.10.12") found components: Interpreter 
[0.281s] -- Found ament_index_cpp: 1.4.0 (/opt/ros/humble/share/ament_index_cpp/cmake)
[0.288s] -- Found Boost: /usr/lib/x86_64-linux-gnu/cmake/Boost-1.74.0/BoostConfig.cmake (found version "1.74.0") found components: program_options 
[0.289s] -- Found moveit_setup_framework: 2.14.1 (/home/wzb/ros2ws/moveit_ws/install/moveit_setup_framework/share/moveit_setup_framework/cmake)
[0.319s] -- Found rosidl_generator_c: 3.1.7 (/opt/ros/humble/share/rosidl_generator_c/cmake)
[0.323s] -- Found rosidl_adapter: 3.1.7 (/opt/ros/humble/share/rosidl_adapter/cmake)
[0.329s] -- Found rosidl_generator_cpp: 3.1.7 (/opt/ros/humble/share/rosidl_generator_cpp/cmake)
[0.337s] -- Using all available rosidl_typesupport_c: rosidl_typesupport_fastrtps_c;rosidl_typesupport_introspection_c
[0.348s] -- Using all available rosidl_typesupport_cpp: rosidl_typesupport_fastrtps_cpp;rosidl_typesupport_introspection_cpp
[0.379s] -- Found rmw_implementation_cmake: 6.1.2 (/opt/ros/humble/share/rmw_implementation_cmake/cmake)
[0.381s] -- Found rmw_fastrtps_cpp: 6.2.9 (/opt/ros/humble/share/rmw_fastrtps_cpp/cmake)
[0.427s] -- Found OpenSSL: /usr/lib/x86_64-linux-gnu/libcrypto.so (found version "3.0.2")  
[0.441s] -- Found FastRTPS: /opt/ros/humble/include  
[0.463s] -- Using RMW implementation 'rmw_fastrtps_cpp' as default
[0.470s] -- Looking for C++ include pthread.h
[0.915s] -- Looking for C++ include pthread.h - found
[0.915s] -- Performing Test CMAKE_HAVE_LIBC_PTHREAD
[1.075s] -- Performing Test CMAKE_HAVE_LIBC_PTHREAD - Success
[1.076s] -- Found Threads: TRUE  
[1.134s] -- Found Boost: /usr/lib/x86_64-linux-gnu/cmake/Boost-1.74.0/BoostConfig.cmake (found version "1.74.0") found components: chrono date_time filesystem iostreams program_options regex serialization system thread 
[1.163s] -- Found parameter_traits: 0.5.0 (/opt/ros/humble/share/parameter_traits/cmake)
[1.172s] -- Found rclcpp_lifecycle: 16.0.16 (/opt/ros/humble/share/rclcpp_lifecycle/cmake)
[1.187s] -- Found Boost: /usr/lib/x86_64-linux-gnu/cmake/Boost-1.74.0/BoostConfig.cmake (found version "1.74.0") found components: filesystem 
[1.241s] -- library: /usr/lib/x86_64-linux-gnu/libcurl.so
[1.281s] -- Found Eigen3: TRUE (found version "3.4.0") 
[1.281s] -- Ensuring Eigen3 include directory is part of orocos-kdl CMake target
[1.431s] -- Found Boost: /usr/lib/x86_64-linux-gnu/cmake/Boost-1.74.0/BoostConfig.cmake (found version "1.74.0") found components: system filesystem date_time program_options thread chrono 
[1.451s] -- Found Boost: /usr/lib/x86_64-linux-gnu/cmake/Boost-1.74.0/BoostConfig.cmake (found version "1.74.0") found components: thread date_time system filesystem 
[1.459s] -- Found Boost: /usr/lib/x86_64-linux-gnu/cmake/Boost-1.74.0/BoostConfig.cmake (found version "1.74.0") found components: date_time filesystem program_options system thread 
[1.467s] -- Found Boost: /usr/lib/x86_64-linux-gnu/cmake/Boost-1.74.0/BoostConfig.cmake (found version "1.74.0") found components: thread system filesystem regex date_time program_options 
[1.479s] -- Found Boost: /usr/lib/x86_64-linux-gnu/cmake/Boost-1.74.0/BoostConfig.cmake (found version "1.74.0") found components: system filesystem date_time program_options thread 
[1.509s] -- Setting OGRE_DIR to: '/opt/ros/humble/share/rviz_ogre_vendor/cmake/../../../opt/rviz_ogre_vendor/lib/OGRE/cmake'
[1.510s] -- Found OGRE
[1.510s] --   static     : OFF
[1.510s] --   components : HLMS;MeshLodGenerator;Overlay;Paging;Property;RTShaderSystem;Terrain;Volume
[1.510s] --   plugins    : Plugin_BSPSceneManager;Plugin_OctreeSceneManager;Plugin_PCZSceneManager;Plugin_ParticleFX;RenderSystem_GL;RenderSystem_GL3Plus;Codec_STBI
[1.510s] --   media      : /opt/ros/humble/opt/rviz_ogre_vendor/share/OGRE/Media
[1.510s] -- OGRE_LIBRARIES: OgreHLMS;OgreMeshLodGenerator;OgreOverlay;OgrePaging;OgreProperty;OgreRTShaderSystem;OgreTerrain;OgreVolume;OgreMain
[1.510s] -- OGRE_LIBRARY_DIRS: /opt/ros/humble/opt/rviz_ogre_vendor/lib
[1.510s] -- OGRE_PLUGINS: Plugin_BSPSceneManager;Plugin_OctreeSceneManager;Plugin_PCZSceneManager;Plugin_ParticleFX;RenderSystem_GL;RenderSystem_GL3Plus;Codec_STBI
[1.510s] -- OGRE_PLUGIN_DIR: /opt/ros/humble/opt/rviz_ogre_vendor/lib/OGRE
[1.510s] -- rviz_ogre_vendor::OgreOverlay for IMPORTED_LOCATION_RELEASE: /opt/ros/humble/opt/rviz_ogre_vendor/lib/libOgreOverlay.so
[1.510s] -- rviz_ogre_vendor::OgreOverlay for IMPORTED_LOCATION_DEBUG: /opt/ros/humble/opt/rviz_ogre_vendor/lib/libOgreOverlay.so
[1.510s] -- rviz_ogre_vendor::OgreMain for IMPORTED_LOCATION_RELEASE: /opt/ros/humble/opt/rviz_ogre_vendor/lib/libOgreMain.so
[1.510s] -- rviz_ogre_vendor::OgreMain for IMPORTED_LOCATION_DEBUG: /opt/ros/humble/opt/rviz_ogre_vendor/lib/libOgreMain.so
[1.511s] -- Could not find freeimage library
[1.521s] -- Found ZLIB: /usr/lib/x86_64-linux-gnu/libz.so (found version "1.2.11") 
[1.524s] -- Found OpenGL: /usr/lib/x86_64-linux-gnu/libOpenGL.so   
[1.573s] -- Found X11: /usr/include   
[1.573s] -- Looking for XOpenDisplay in /usr/lib/x86_64-linux-gnu/libX11.so;/usr/lib/x86_64-linux-gnu/libXext.so
[1.631s] -- Looking for XOpenDisplay in /usr/lib/x86_64-linux-gnu/libX11.so;/usr/lib/x86_64-linux-gnu/libXext.so - found
[1.631s] -- Looking for gethostbyname
[1.686s] -- Looking for gethostbyname - found
[1.686s] -- Looking for connect
[1.741s] -- Looking for connect - found
[1.741s] -- Looking for remove
[1.797s] -- Looking for remove - found
[1.797s] -- Looking for shmat
[1.852s] -- Looking for shmat - found
[1.852s] -- Looking for IceConnectionNumber in ICE
[1.908s] -- Looking for IceConnectionNumber in ICE - found
[1.917s] -- Setting assimp_DIR to: '/opt/ros/humble/share/rviz_assimp_vendor/cmake/../../../opt/rviz_assimp_vendor/lib/cmake/assimp-4.1'
[1.969s] -- Found moveit_setup_srdf_plugins: 2.14.1 (/home/wzb/ros2ws/moveit_ws/install/moveit_setup_srdf_plugins/share/moveit_setup_srdf_plugins/cmake)
[1.980s] -- Configuring done
[2.046s] -- Generating done
[2.053s] -- Build files have been written to: /home/wzb/ros2ws/moveit_ws/build/moveit_setup_assistant
[2.062s] Invoked command in '/home/wzb/ros2ws/moveit_ws/build/moveit_setup_assistant' returned '0': AMENT_PREFIX_PATH=/home/wzb/ros2ws/moveit_ws/install/moveit_setup_srdf_plugins:/home/wzb/ros2ws/moveit_ws/install/moveit_setup_core_plugins:/home/wzb/ros2ws/moveit_ws/install/moveit_setup_controllers:/home/wzb/ros2ws/moveit_ws/install/moveit_setup_app_plugins:/home/wzb/ros2ws/moveit_ws/install/moveit_setup_framework:/home/wzb/ros2ws/moveit_ws/install/moveit_ros_visualization:/home/wzb/ros2ws/moveit_ws/install/moveit_ros_planning_interface:/home/wzb/ros2ws/moveit_ws/install/moveit_ros_move_group:/home/wzb/ros2ws/moveit_ws/install/moveit_ros_warehouse:/home/wzb/ros2ws/moveit_ws/install/moveit_ros_robot_interaction:/home/wzb/ros2ws/moveit_ws/install/moveit_kinematics:/home/wzb/ros2ws/moveit_ws/install/moveit_ros_planning:/home/wzb/ros2ws/moveit_ws/install/moveit_simple_controller_manager:/home/wzb/ros2ws/moveit_ws/install/moveit_ros_occupancy_map_monitor:/home/wzb/ros2ws/moveit_ws/install/moveit_core:/home/wzb/ros2ws/moveit_ws/install/moveit_resources_panda_moveit_config:/home/wzb/ros2ws/moveit_ws/install/moveit_resources_fanuc_moveit_config:/home/wzb/ros2ws/moveit_ws/install/moveit_resources_pr2_description:/home/wzb/ros2ws/moveit_ws/install/moveit_resources_panda_description:/home/wzb/ros2ws/moveit_ws/install/moveit_resources_fanuc_description:/home/wzb/ros2ws/moveit_ws/install/moveit_msgs:/home/wzb/ros2ws/moveit_ws/install/moveit_configs_utils:/home/wzb/ros2ws/moveit_ws/install/moveit_common:${AMENT_PREFIX_PATH} CMAKE_PREFIX_PATH=/home/wzb/ros2ws/moveit_ws/install/moveit_setup_srdf_plugins:/home/wzb/ros2ws/moveit_ws/install/moveit_setup_core_plugins:/home/wzb/ros2ws/moveit_ws/install/moveit_setup_controllers:/home/wzb/ros2ws/moveit_ws/install/moveit_setup_app_plugins:/home/wzb/ros2ws/moveit_ws/install/moveit_setup_framework:/home/wzb/ros2ws/moveit_ws/install/moveit_ros_visualization:/home/wzb/ros2ws/moveit_ws/install/moveit_ros_planning_interface:/home/wzb/ros2ws/moveit_ws/install/moveit_ros_move_group:/home/wzb/ros2ws/moveit_ws/install/moveit_ros_warehouse:/home/wzb/ros2ws/moveit_ws/install/moveit_ros_robot_interaction:/home/wzb/ros2ws/moveit_ws/install/moveit_kinematics:/home/wzb/ros2ws/moveit_ws/install/moveit_ros_planning:/home/wzb/ros2ws/moveit_ws/install/moveit_simple_controller_manager:/home/wzb/ros2ws/moveit_ws/install/moveit_ros_occupancy_map_monitor:/home/wzb/ros2ws/moveit_ws/install/moveit_core:/home/wzb/ros2ws/moveit_ws/install/moveit_resources_panda_moveit_config:/home/wzb/ros2ws/moveit_ws/install/moveit_resources_fanuc_moveit_config:/home/wzb/ros2ws/moveit_ws/install/moveit_resources_pr2_description:/home/wzb/ros2ws/moveit_ws/install/moveit_resources_panda_description:/home/wzb/ros2ws/moveit_ws/install/moveit_resources_fanuc_description:/home/wzb/ros2ws/moveit_ws/install/moveit_msgs:/home/wzb/ros2ws/moveit_ws/install/moveit_common:/opt/ros/humble LD_LIBRARY_PATH=/home/wzb/ros2ws/moveit_ws/install/moveit_setup_srdf_plugins/lib:/home/wzb/ros2ws/moveit_ws/install/moveit_setup_core_plugins/lib:/home/wzb/ros2ws/moveit_ws/install/moveit_setup_controllers/lib:/home/wzb/ros2ws/moveit_ws/install/moveit_setup_app_plugins/lib:/home/wzb/ros2ws/moveit_ws/install/moveit_setup_framework/lib:/home/wzb/ros2ws/moveit_ws/install/moveit_ros_visualization/lib:/home/wzb/ros2ws/moveit_ws/install/moveit_ros_planning_interface/lib:/home/wzb/ros2ws/moveit_ws/install/moveit_ros_move_group/lib:/home/wzb/ros2ws/moveit_ws/install/moveit_ros_warehouse/lib:/home/wzb/ros2ws/moveit_ws/install/moveit_ros_robot_interaction/lib:/home/wzb/ros2ws/moveit_ws/install/moveit_kinematics/lib:/home/wzb/ros2ws/moveit_ws/install/moveit_ros_planning/lib:/home/wzb/ros2ws/moveit_ws/install/moveit_simple_controller_manager/lib:/home/wzb/ros2ws/moveit_ws/install/moveit_ros_occupancy_map_monitor/lib:/home/wzb/ros2ws/moveit_ws/install/moveit_core/lib:/home/wzb/ros2ws/moveit_ws/install/moveit_msgs/lib:${LD_LIBRARY_PATH} PATH=/home/wzb/ros2ws/moveit_ws/install/moveit_core/bin:${PATH} PYTHONPATH=/home/wzb/ros2ws/moveit_ws/install/moveit_msgs/local/lib/python3.10/dist-packages:/home/wzb/ros2ws/moveit_ws/install/moveit_configs_utils/lib/python3.10/site-packages:${PYTHONPATH} /usr/bin/cmake /home/wzb/ros2ws/moveit_ws/src/moveit2/moveit_setup_assistant/moveit_setup_assistant -DCMAKE_BUILD_TYPE=Release -DCMAKE_INSTALL_PREFIX=/home/wzb/ros2ws/moveit_ws/install/moveit_setup_assistant
[2.062s] Invoking command in '/home/wzb/ros2ws/moveit_ws/build/moveit_setup_assistant': AMENT_PREFIX_PATH=/home/wzb/ros2ws/moveit_ws/install/moveit_setup_srdf_plugins:/home/wzb/ros2ws/moveit_ws/install/moveit_setup_core_plugins:/home/wzb/ros2ws/moveit_ws/install/moveit_setup_controllers:/home/wzb/ros2ws/moveit_ws/install/moveit_setup_app_plugins:/home/wzb/ros2ws/moveit_ws/install/moveit_setup_framework:/home/wzb/ros2ws/moveit_ws/install/moveit_ros_visualization:/home/wzb/ros2ws/moveit_ws/install/moveit_ros_planning_interface:/home/wzb/ros2ws/moveit_ws/install/moveit_ros_move_group:/home/wzb/ros2ws/moveit_ws/install/moveit_ros_warehouse:/home/wzb/ros2ws/moveit_ws/install/moveit_ros_robot_interaction:/home/wzb/ros2ws/moveit_ws/install/moveit_kinematics:/home/wzb/ros2ws/moveit_ws/install/moveit_ros_planning:/home/wzb/ros2ws/moveit_ws/install/moveit_simple_controller_manager:/home/wzb/ros2ws/moveit_ws/install/moveit_ros_occupancy_map_monitor:/home/wzb/ros2ws/moveit_ws/install/moveit_core:/home/wzb/ros2ws/moveit_ws/install/moveit_resources_panda_moveit_config:/home/wzb/ros2ws/moveit_ws/install/moveit_resources_fanuc_moveit_config:/home/wzb/ros2ws/moveit_ws/install/moveit_resources_pr2_description:/home/wzb/ros2ws/moveit_ws/install/moveit_resources_panda_description:/home/wzb/ros2ws/moveit_ws/install/moveit_resources_fanuc_description:/home/wzb/ros2ws/moveit_ws/install/moveit_msgs:/home/wzb/ros2ws/moveit_ws/install/moveit_configs_utils:/home/wzb/ros2ws/moveit_ws/install/moveit_common:${AMENT_PREFIX_PATH} CMAKE_PREFIX_PATH=/home/wzb/ros2ws/moveit_ws/install/moveit_setup_srdf_plugins:/home/wzb/ros2ws/moveit_ws/install/moveit_setup_core_plugins:/home/wzb/ros2ws/moveit_ws/install/moveit_setup_controllers:/home/wzb/ros2ws/moveit_ws/install/moveit_setup_app_plugins:/home/wzb/ros2ws/moveit_ws/install/moveit_setup_framework:/home/wzb/ros2ws/moveit_ws/install/moveit_ros_visualization:/home/wzb/ros2ws/moveit_ws/install/moveit_ros_planning_interface:/home/wzb/ros2ws/moveit_ws/install/moveit_ros_move_group:/home/wzb/ros2ws/moveit_ws/install/moveit_ros_warehouse:/home/wzb/ros2ws/moveit_ws/install/moveit_ros_robot_interaction:/home/wzb/ros2ws/moveit_ws/install/moveit_kinematics:/home/wzb/ros2ws/moveit_ws/install/moveit_ros_planning:/home/wzb/ros2ws/moveit_ws/install/moveit_simple_controller_manager:/home/wzb/ros2ws/moveit_ws/install/moveit_ros_occupancy_map_monitor:/home/wzb/ros2ws/moveit_ws/install/moveit_core:/home/wzb/ros2ws/moveit_ws/install/moveit_resources_panda_moveit_config:/home/wzb/ros2ws/moveit_ws/install/moveit_resources_fanuc_moveit_config:/home/wzb/ros2ws/moveit_ws/install/moveit_resources_pr2_description:/home/wzb/ros2ws/moveit_ws/install/moveit_resources_panda_description:/home/wzb/ros2ws/moveit_ws/install/moveit_resources_fanuc_description:/home/wzb/ros2ws/moveit_ws/install/moveit_msgs:/home/wzb/ros2ws/moveit_ws/install/moveit_common:/opt/ros/humble LD_LIBRARY_PATH=/home/wzb/ros2ws/moveit_ws/install/moveit_setup_srdf_plugins/lib:/home/wzb/ros2ws/moveit_ws/install/moveit_setup_core_plugins/lib:/home/wzb/ros2ws/moveit_ws/install/moveit_setup_controllers/lib:/home/wzb/ros2ws/moveit_ws/install/moveit_setup_app_plugins/lib:/home/wzb/ros2ws/moveit_ws/install/moveit_setup_framework/lib:/home/wzb/ros2ws/moveit_ws/install/moveit_ros_visualization/lib:/home/wzb/ros2ws/moveit_ws/install/moveit_ros_planning_interface/lib:/home/wzb/ros2ws/moveit_ws/install/moveit_ros_move_group/lib:/home/wzb/ros2ws/moveit_ws/install/moveit_ros_warehouse/lib:/home/wzb/ros2ws/moveit_ws/install/moveit_ros_robot_interaction/lib:/home/wzb/ros2ws/moveit_ws/install/moveit_kinematics/lib:/home/wzb/ros2ws/moveit_ws/install/moveit_ros_planning/lib:/home/wzb/ros2ws/moveit_ws/install/moveit_simple_controller_manager/lib:/home/wzb/ros2ws/moveit_ws/install/moveit_ros_occupancy_map_monitor/lib:/home/wzb/ros2ws/moveit_ws/install/moveit_core/lib:/home/wzb/ros2ws/moveit_ws/install/moveit_msgs/lib:${LD_LIBRARY_PATH} PATH=/home/wzb/ros2ws/moveit_ws/install/moveit_core/bin:${PATH} PYTHONPATH=/home/wzb/ros2ws/moveit_ws/install/moveit_msgs/local/lib/python3.10/dist-packages:/home/wzb/ros2ws/moveit_ws/install/moveit_configs_utils/lib/python3.10/site-packages:${PYTHONPATH} /usr/bin/cmake --build /home/wzb/ros2ws/moveit_ws/build/moveit_setup_assistant -- -j20 -l20
[2.089s] [  7%] [34m[1mAutomatic MOC for target moveit_setup_assistant[0m
[2.089s] [ 14%] [34m[1mAutomatic MOC for target moveit_setup_assistant_updater[0m
[2.106s] [ 14%] Built target moveit_setup_assistant_autogen
[2.106s] [ 14%] Built target moveit_setup_assistant_updater_autogen
[2.111s] [ 21%] [34m[1mGenerating include/moveit_setup_assistant/moc_setup_assistant_widget.cpp[0m
[2.111s] [ 28%] [34m[1mGenerating include/moveit_setup_assistant/moc_navigation_widget.cpp[0m
[2.116s] [ 42%] [32mBuilding CXX object CMakeFiles/moveit_setup_assistant_updater.dir/src/collisions_updater.cpp.o[0m
[2.116s] [ 42%] [32mBuilding CXX object CMakeFiles/moveit_setup_assistant_updater.dir/moveit_setup_assistant_updater_autogen/mocs_compilation.cpp.o[0m
[2.123s] [ 64%] [32mBuilding CXX object CMakeFiles/moveit_setup_assistant.dir/src/main.cpp.o[0m
[2.123s] [ 64%] [32mBuilding CXX object CMakeFiles/moveit_setup_assistant.dir/src/setup_assistant_widget.cpp.o[0m
[2.123s] [ 64%] [32mBuilding CXX object CMakeFiles/moveit_setup_assistant.dir/moveit_setup_assistant_autogen/mocs_compilation.cpp.o[0m
[2.123s] [ 71%] [32mBuilding CXX object CMakeFiles/moveit_setup_assistant.dir/src/navigation_widget.cpp.o[0m
[2.123s] [ 78%] [32mBuilding CXX object CMakeFiles/moveit_setup_assistant.dir/include/moveit_setup_assistant/moc_navigation_widget.cpp.o[0m
[2.123s] [ 85%] [32mBuilding CXX object CMakeFiles/moveit_setup_assistant.dir/include/moveit_setup_assistant/moc_setup_assistant_widget.cpp.o[0m
[10.778s] [ 92%] [32m[1mLinking CXX executable collisions_updater[0m
[11.176s] [ 92%] Built target moveit_setup_assistant_updater
[12.165s] [100%] [32m[1mLinking CXX executable moveit_setup_assistant[0m
[12.736s] [100%] Built target moveit_setup_assistant
[12.741s] Invoked command in '/home/wzb/ros2ws/moveit_ws/build/moveit_setup_assistant' returned '0': AMENT_PREFIX_PATH=/home/wzb/ros2ws/moveit_ws/install/moveit_setup_srdf_plugins:/home/wzb/ros2ws/moveit_ws/install/moveit_setup_core_plugins:/home/wzb/ros2ws/moveit_ws/install/moveit_setup_controllers:/home/wzb/ros2ws/moveit_ws/install/moveit_setup_app_plugins:/home/wzb/ros2ws/moveit_ws/install/moveit_setup_framework:/home/wzb/ros2ws/moveit_ws/install/moveit_ros_visualization:/home/wzb/ros2ws/moveit_ws/install/moveit_ros_planning_interface:/home/wzb/ros2ws/moveit_ws/install/moveit_ros_move_group:/home/wzb/ros2ws/moveit_ws/install/moveit_ros_warehouse:/home/wzb/ros2ws/moveit_ws/install/moveit_ros_robot_interaction:/home/wzb/ros2ws/moveit_ws/install/moveit_kinematics:/home/wzb/ros2ws/moveit_ws/install/moveit_ros_planning:/home/wzb/ros2ws/moveit_ws/install/moveit_simple_controller_manager:/home/wzb/ros2ws/moveit_ws/install/moveit_ros_occupancy_map_monitor:/home/wzb/ros2ws/moveit_ws/install/moveit_core:/home/wzb/ros2ws/moveit_ws/install/moveit_resources_panda_moveit_config:/home/wzb/ros2ws/moveit_ws/install/moveit_resources_fanuc_moveit_config:/home/wzb/ros2ws/moveit_ws/install/moveit_resources_pr2_description:/home/wzb/ros2ws/moveit_ws/install/moveit_resources_panda_description:/home/wzb/ros2ws/moveit_ws/install/moveit_resources_fanuc_description:/home/wzb/ros2ws/moveit_ws/install/moveit_msgs:/home/wzb/ros2ws/moveit_ws/install/moveit_configs_utils:/home/wzb/ros2ws/moveit_ws/install/moveit_common:${AMENT_PREFIX_PATH} CMAKE_PREFIX_PATH=/home/wzb/ros2ws/moveit_ws/install/moveit_setup_srdf_plugins:/home/wzb/ros2ws/moveit_ws/install/moveit_setup_core_plugins:/home/wzb/ros2ws/moveit_ws/install/moveit_setup_controllers:/home/wzb/ros2ws/moveit_ws/install/moveit_setup_app_plugins:/home/wzb/ros2ws/moveit_ws/install/moveit_setup_framework:/home/wzb/ros2ws/moveit_ws/install/moveit_ros_visualization:/home/wzb/ros2ws/moveit_ws/install/moveit_ros_planning_interface:/home/wzb/ros2ws/moveit_ws/install/moveit_ros_move_group:/home/wzb/ros2ws/moveit_ws/install/moveit_ros_warehouse:/home/wzb/ros2ws/moveit_ws/install/moveit_ros_robot_interaction:/home/wzb/ros2ws/moveit_ws/install/moveit_kinematics:/home/wzb/ros2ws/moveit_ws/install/moveit_ros_planning:/home/wzb/ros2ws/moveit_ws/install/moveit_simple_controller_manager:/home/wzb/ros2ws/moveit_ws/install/moveit_ros_occupancy_map_monitor:/home/wzb/ros2ws/moveit_ws/install/moveit_core:/home/wzb/ros2ws/moveit_ws/install/moveit_resources_panda_moveit_config:/home/wzb/ros2ws/moveit_ws/install/moveit_resources_fanuc_moveit_config:/home/wzb/ros2ws/moveit_ws/install/moveit_resources_pr2_description:/home/wzb/ros2ws/moveit_ws/install/moveit_resources_panda_description:/home/wzb/ros2ws/moveit_ws/install/moveit_resources_fanuc_description:/home/wzb/ros2ws/moveit_ws/install/moveit_msgs:/home/wzb/ros2ws/moveit_ws/install/moveit_common:/opt/ros/humble LD_LIBRARY_PATH=/home/wzb/ros2ws/moveit_ws/install/moveit_setup_srdf_plugins/lib:/home/wzb/ros2ws/moveit_ws/install/moveit_setup_core_plugins/lib:/home/wzb/ros2ws/moveit_ws/install/moveit_setup_controllers/lib:/home/wzb/ros2ws/moveit_ws/install/moveit_setup_app_plugins/lib:/home/wzb/ros2ws/moveit_ws/install/moveit_setup_framework/lib:/home/wzb/ros2ws/moveit_ws/install/moveit_ros_visualization/lib:/home/wzb/ros2ws/moveit_ws/install/moveit_ros_planning_interface/lib:/home/wzb/ros2ws/moveit_ws/install/moveit_ros_move_group/lib:/home/wzb/ros2ws/moveit_ws/install/moveit_ros_warehouse/lib:/home/wzb/ros2ws/moveit_ws/install/moveit_ros_robot_interaction/lib:/home/wzb/ros2ws/moveit_ws/install/moveit_kinematics/lib:/home/wzb/ros2ws/moveit_ws/install/moveit_ros_planning/lib:/home/wzb/ros2ws/moveit_ws/install/moveit_simple_controller_manager/lib:/home/wzb/ros2ws/moveit_ws/install/moveit_ros_occupancy_map_monitor/lib:/home/wzb/ros2ws/moveit_ws/install/moveit_core/lib:/home/wzb/ros2ws/moveit_ws/install/moveit_msgs/lib:${LD_LIBRARY_PATH} PATH=/home/wzb/ros2ws/moveit_ws/install/moveit_core/bin:${PATH} PYTHONPATH=/home/wzb/ros2ws/moveit_ws/install/moveit_msgs/local/lib/python3.10/dist-packages:/home/wzb/ros2ws/moveit_ws/install/moveit_configs_utils/lib/python3.10/site-packages:${PYTHONPATH} /usr/bin/cmake --build /home/wzb/ros2ws/moveit_ws/build/moveit_setup_assistant -- -j20 -l20
[12.742s] Invoking command in '/home/wzb/ros2ws/moveit_ws/build/moveit_setup_assistant': AMENT_PREFIX_PATH=/home/wzb/ros2ws/moveit_ws/install/moveit_setup_srdf_plugins:/home/wzb/ros2ws/moveit_ws/install/moveit_setup_core_plugins:/home/wzb/ros2ws/moveit_ws/install/moveit_setup_controllers:/home/wzb/ros2ws/moveit_ws/install/moveit_setup_app_plugins:/home/wzb/ros2ws/moveit_ws/install/moveit_setup_framework:/home/wzb/ros2ws/moveit_ws/install/moveit_ros_visualization:/home/wzb/ros2ws/moveit_ws/install/moveit_ros_planning_interface:/home/wzb/ros2ws/moveit_ws/install/moveit_ros_move_group:/home/wzb/ros2ws/moveit_ws/install/moveit_ros_warehouse:/home/wzb/ros2ws/moveit_ws/install/moveit_ros_robot_interaction:/home/wzb/ros2ws/moveit_ws/install/moveit_kinematics:/home/wzb/ros2ws/moveit_ws/install/moveit_ros_planning:/home/wzb/ros2ws/moveit_ws/install/moveit_simple_controller_manager:/home/wzb/ros2ws/moveit_ws/install/moveit_ros_occupancy_map_monitor:/home/wzb/ros2ws/moveit_ws/install/moveit_core:/home/wzb/ros2ws/moveit_ws/install/moveit_resources_panda_moveit_config:/home/wzb/ros2ws/moveit_ws/install/moveit_resources_fanuc_moveit_config:/home/wzb/ros2ws/moveit_ws/install/moveit_resources_pr2_description:/home/wzb/ros2ws/moveit_ws/install/moveit_resources_panda_description:/home/wzb/ros2ws/moveit_ws/install/moveit_resources_fanuc_description:/home/wzb/ros2ws/moveit_ws/install/moveit_msgs:/home/wzb/ros2ws/moveit_ws/install/moveit_configs_utils:/home/wzb/ros2ws/moveit_ws/install/moveit_common:${AMENT_PREFIX_PATH} CMAKE_PREFIX_PATH=/home/wzb/ros2ws/moveit_ws/install/moveit_setup_srdf_plugins:/home/wzb/ros2ws/moveit_ws/install/moveit_setup_core_plugins:/home/wzb/ros2ws/moveit_ws/install/moveit_setup_controllers:/home/wzb/ros2ws/moveit_ws/install/moveit_setup_app_plugins:/home/wzb/ros2ws/moveit_ws/install/moveit_setup_framework:/home/wzb/ros2ws/moveit_ws/install/moveit_ros_visualization:/home/wzb/ros2ws/moveit_ws/install/moveit_ros_planning_interface:/home/wzb/ros2ws/moveit_ws/install/moveit_ros_move_group:/home/wzb/ros2ws/moveit_ws/install/moveit_ros_warehouse:/home/wzb/ros2ws/moveit_ws/install/moveit_ros_robot_interaction:/home/wzb/ros2ws/moveit_ws/install/moveit_kinematics:/home/wzb/ros2ws/moveit_ws/install/moveit_ros_planning:/home/wzb/ros2ws/moveit_ws/install/moveit_simple_controller_manager:/home/wzb/ros2ws/moveit_ws/install/moveit_ros_occupancy_map_monitor:/home/wzb/ros2ws/moveit_ws/install/moveit_core:/home/wzb/ros2ws/moveit_ws/install/moveit_resources_panda_moveit_config:/home/wzb/ros2ws/moveit_ws/install/moveit_resources_fanuc_moveit_config:/home/wzb/ros2ws/moveit_ws/install/moveit_resources_pr2_description:/home/wzb/ros2ws/moveit_ws/install/moveit_resources_panda_description:/home/wzb/ros2ws/moveit_ws/install/moveit_resources_fanuc_description:/home/wzb/ros2ws/moveit_ws/install/moveit_msgs:/home/wzb/ros2ws/moveit_ws/install/moveit_common:/opt/ros/humble LD_LIBRARY_PATH=/home/wzb/ros2ws/moveit_ws/install/moveit_setup_srdf_plugins/lib:/home/wzb/ros2ws/moveit_ws/install/moveit_setup_core_plugins/lib:/home/wzb/ros2ws/moveit_ws/install/moveit_setup_controllers/lib:/home/wzb/ros2ws/moveit_ws/install/moveit_setup_app_plugins/lib:/home/wzb/ros2ws/moveit_ws/install/moveit_setup_framework/lib:/home/wzb/ros2ws/moveit_ws/install/moveit_ros_visualization/lib:/home/wzb/ros2ws/moveit_ws/install/moveit_ros_planning_interface/lib:/home/wzb/ros2ws/moveit_ws/install/moveit_ros_move_group/lib:/home/wzb/ros2ws/moveit_ws/install/moveit_ros_warehouse/lib:/home/wzb/ros2ws/moveit_ws/install/moveit_ros_robot_interaction/lib:/home/wzb/ros2ws/moveit_ws/install/moveit_kinematics/lib:/home/wzb/ros2ws/moveit_ws/install/moveit_ros_planning/lib:/home/wzb/ros2ws/moveit_ws/install/moveit_simple_controller_manager/lib:/home/wzb/ros2ws/moveit_ws/install/moveit_ros_occupancy_map_monitor/lib:/home/wzb/ros2ws/moveit_ws/install/moveit_core/lib:/home/wzb/ros2ws/moveit_ws/install/moveit_msgs/lib:${LD_LIBRARY_PATH} PATH=/home/wzb/ros2ws/moveit_ws/install/moveit_core/bin:${PATH} PYTHONPATH=/home/wzb/ros2ws/moveit_ws/install/moveit_msgs/local/lib/python3.10/dist-packages:/home/wzb/ros2ws/moveit_ws/install/moveit_configs_utils/lib/python3.10/site-packages:${PYTHONPATH} /usr/bin/cmake --install /home/wzb/ros2ws/moveit_ws/build/moveit_setup_assistant
[12.746s] -- Install configuration: "Release"
[12.746s] -- Installing: /home/wzb/ros2ws/moveit_ws/install/moveit_setup_assistant/lib/moveit_setup_assistant/moveit_setup_assistant
[12.747s] -- Set runtime path of "/home/wzb/ros2ws/moveit_ws/install/moveit_setup_assistant/lib/moveit_setup_assistant/moveit_setup_assistant" to ""
[12.747s] -- Installing: /home/wzb/ros2ws/moveit_ws/install/moveit_setup_assistant/lib/moveit_setup_assistant/collisions_updater
[12.747s] -- Set runtime path of "/home/wzb/ros2ws/moveit_ws/install/moveit_setup_assistant/lib/moveit_setup_assistant/collisions_updater" to ""
[12.747s] -- Installing: /home/wzb/ros2ws/moveit_ws/install/moveit_setup_assistant/include/moveit_setup_assistant
[12.747s] -- Installing: /home/wzb/ros2ws/moveit_ws/install/moveit_setup_assistant/include/moveit_setup_assistant/moveit_setup_assistant
[12.747s] -- Installing: /home/wzb/ros2ws/moveit_ws/install/moveit_setup_assistant/include/moveit_setup_assistant/moveit_setup_assistant/navigation_widget.hpp
[12.747s] -- Installing: /home/wzb/ros2ws/moveit_ws/install/moveit_setup_assistant/include/moveit_setup_assistant/moveit_setup_assistant/navigation_widget.h
[12.747s] -- Installing: /home/wzb/ros2ws/moveit_ws/install/moveit_setup_assistant/include/moveit_setup_assistant/moveit_setup_assistant/setup_assistant_widget.hpp
[12.747s] -- Installing: /home/wzb/ros2ws/moveit_ws/install/moveit_setup_assistant/include/moveit_setup_assistant/moveit_setup_assistant/setup_assistant_widget.h
[12.747s] -- Installing: /home/wzb/ros2ws/moveit_ws/install/moveit_setup_assistant/share/moveit_setup_assistant/launch
[12.747s] -- Installing: /home/wzb/ros2ws/moveit_ws/install/moveit_setup_assistant/share/moveit_setup_assistant/launch/setup_assistant.launch.py
[12.747s] -- Installing: /home/wzb/ros2ws/moveit_ws/install/moveit_setup_assistant/share/moveit_setup_assistant/resources
[12.747s] -- Installing: /home/wzb/ros2ws/moveit_ws/install/moveit_setup_assistant/share/moveit_setup_assistant/resources/MoveIt_Setup_Assistant2.png
[12.747s] -- Installing: /home/wzb/ros2ws/moveit_ws/install/moveit_setup_assistant/share/moveit_setup_assistant/environment/library_path.sh
[12.747s] -- Installing: /home/wzb/ros2ws/moveit_ws/install/moveit_setup_assistant/share/moveit_setup_assistant/environment/library_path.dsv
[12.747s] -- Installing: /home/wzb/ros2ws/moveit_ws/install/moveit_setup_assistant/share/ament_index/resource_index/package_run_dependencies/moveit_setup_assistant
[12.747s] -- Installing: /home/wzb/ros2ws/moveit_ws/install/moveit_setup_assistant/share/ament_index/resource_index/parent_prefix_path/moveit_setup_assistant
[12.748s] -- Installing: /home/wzb/ros2ws/moveit_ws/install/moveit_setup_assistant/share/moveit_setup_assistant/environment/ament_prefix_path.sh
[12.748s] -- Installing: /home/wzb/ros2ws/moveit_ws/install/moveit_setup_assistant/share/moveit_setup_assistant/environment/ament_prefix_path.dsv
[12.748s] -- Installing: /home/wzb/ros2ws/moveit_ws/install/moveit_setup_assistant/share/moveit_setup_assistant/environment/path.sh
[12.748s] -- Installing: /home/wzb/ros2ws/moveit_ws/install/moveit_setup_assistant/share/moveit_setup_assistant/environment/path.dsv
[12.748s] -- Installing: /home/wzb/ros2ws/moveit_ws/install/moveit_setup_assistant/share/moveit_setup_assistant/local_setup.bash
[12.748s] -- Installing: /home/wzb/ros2ws/moveit_ws/install/moveit_setup_assistant/share/moveit_setup_assistant/local_setup.sh
[12.748s] -- Installing: /home/wzb/ros2ws/moveit_ws/install/moveit_setup_assistant/share/moveit_setup_assistant/local_setup.zsh
[12.748s] -- Installing: /home/wzb/ros2ws/moveit_ws/install/moveit_setup_assistant/share/moveit_setup_assistant/local_setup.dsv
[12.748s] -- Installing: /home/wzb/ros2ws/moveit_ws/install/moveit_setup_assistant/share/moveit_setup_assistant/package.dsv
[12.748s] -- Installing: /home/wzb/ros2ws/moveit_ws/install/moveit_setup_assistant/share/ament_index/resource_index/packages/moveit_setup_assistant
[12.748s] -- Installing: /home/wzb/ros2ws/moveit_ws/install/moveit_setup_assistant/share/moveit_setup_assistant/cmake/moveit_setup_assistantTargetsExport.cmake
[12.748s] -- Installing: /home/wzb/ros2ws/moveit_ws/install/moveit_setup_assistant/share/moveit_setup_assistant/cmake/moveit_setup_assistantTargetsExport-release.cmake
[12.748s] -- Installing: /home/wzb/ros2ws/moveit_ws/install/moveit_setup_assistant/share/moveit_setup_assistant/cmake/ament_cmake_export_include_directories-extras.cmake
[12.748s] -- Installing: /home/wzb/ros2ws/moveit_ws/install/moveit_setup_assistant/share/moveit_setup_assistant/cmake/ament_cmake_export_targets-extras.cmake
[12.748s] -- Installing: /home/wzb/ros2ws/moveit_ws/install/moveit_setup_assistant/share/moveit_setup_assistant/cmake/ament_cmake_export_dependencies-extras.cmake
[12.748s] -- Installing: /home/wzb/ros2ws/moveit_ws/install/moveit_setup_assistant/share/moveit_setup_assistant/cmake/moveit_setup_assistantConfig.cmake
[12.748s] -- Installing: /home/wzb/ros2ws/moveit_ws/install/moveit_setup_assistant/share/moveit_setup_assistant/cmake/moveit_setup_assistantConfig-version.cmake
[12.748s] -- Installing: /home/wzb/ros2ws/moveit_ws/install/moveit_setup_assistant/share/moveit_setup_assistant/package.xml
[12.749s] Invoked command in '/home/wzb/ros2ws/moveit_ws/build/moveit_setup_assistant' returned '0': AMENT_PREFIX_PATH=/home/wzb/ros2ws/moveit_ws/install/moveit_setup_srdf_plugins:/home/wzb/ros2ws/moveit_ws/install/moveit_setup_core_plugins:/home/wzb/ros2ws/moveit_ws/install/moveit_setup_controllers:/home/wzb/ros2ws/moveit_ws/install/moveit_setup_app_plugins:/home/wzb/ros2ws/moveit_ws/install/moveit_setup_framework:/home/wzb/ros2ws/moveit_ws/install/moveit_ros_visualization:/home/wzb/ros2ws/moveit_ws/install/moveit_ros_planning_interface:/home/wzb/ros2ws/moveit_ws/install/moveit_ros_move_group:/home/wzb/ros2ws/moveit_ws/install/moveit_ros_warehouse:/home/wzb/ros2ws/moveit_ws/install/moveit_ros_robot_interaction:/home/wzb/ros2ws/moveit_ws/install/moveit_kinematics:/home/wzb/ros2ws/moveit_ws/install/moveit_ros_planning:/home/wzb/ros2ws/moveit_ws/install/moveit_simple_controller_manager:/home/wzb/ros2ws/moveit_ws/install/moveit_ros_occupancy_map_monitor:/home/wzb/ros2ws/moveit_ws/install/moveit_core:/home/wzb/ros2ws/moveit_ws/install/moveit_resources_panda_moveit_config:/home/wzb/ros2ws/moveit_ws/install/moveit_resources_fanuc_moveit_config:/home/wzb/ros2ws/moveit_ws/install/moveit_resources_pr2_description:/home/wzb/ros2ws/moveit_ws/install/moveit_resources_panda_description:/home/wzb/ros2ws/moveit_ws/install/moveit_resources_fanuc_description:/home/wzb/ros2ws/moveit_ws/install/moveit_msgs:/home/wzb/ros2ws/moveit_ws/install/moveit_configs_utils:/home/wzb/ros2ws/moveit_ws/install/moveit_common:${AMENT_PREFIX_PATH} CMAKE_PREFIX_PATH=/home/wzb/ros2ws/moveit_ws/install/moveit_setup_srdf_plugins:/home/wzb/ros2ws/moveit_ws/install/moveit_setup_core_plugins:/home/wzb/ros2ws/moveit_ws/install/moveit_setup_controllers:/home/wzb/ros2ws/moveit_ws/install/moveit_setup_app_plugins:/home/wzb/ros2ws/moveit_ws/install/moveit_setup_framework:/home/wzb/ros2ws/moveit_ws/install/moveit_ros_visualization:/home/wzb/ros2ws/moveit_ws/install/moveit_ros_planning_interface:/home/wzb/ros2ws/moveit_ws/install/moveit_ros_move_group:/home/wzb/ros2ws/moveit_ws/install/moveit_ros_warehouse:/home/wzb/ros2ws/moveit_ws/install/moveit_ros_robot_interaction:/home/wzb/ros2ws/moveit_ws/install/moveit_kinematics:/home/wzb/ros2ws/moveit_ws/install/moveit_ros_planning:/home/wzb/ros2ws/moveit_ws/install/moveit_simple_controller_manager:/home/wzb/ros2ws/moveit_ws/install/moveit_ros_occupancy_map_monitor:/home/wzb/ros2ws/moveit_ws/install/moveit_core:/home/wzb/ros2ws/moveit_ws/install/moveit_resources_panda_moveit_config:/home/wzb/ros2ws/moveit_ws/install/moveit_resources_fanuc_moveit_config:/home/wzb/ros2ws/moveit_ws/install/moveit_resources_pr2_description:/home/wzb/ros2ws/moveit_ws/install/moveit_resources_panda_description:/home/wzb/ros2ws/moveit_ws/install/moveit_resources_fanuc_description:/home/wzb/ros2ws/moveit_ws/install/moveit_msgs:/home/wzb/ros2ws/moveit_ws/install/moveit_common:/opt/ros/humble LD_LIBRARY_PATH=/home/wzb/ros2ws/moveit_ws/install/moveit_setup_srdf_plugins/lib:/home/wzb/ros2ws/moveit_ws/install/moveit_setup_core_plugins/lib:/home/wzb/ros2ws/moveit_ws/install/moveit_setup_controllers/lib:/home/wzb/ros2ws/moveit_ws/install/moveit_setup_app_plugins/lib:/home/wzb/ros2ws/moveit_ws/install/moveit_setup_framework/lib:/home/wzb/ros2ws/moveit_ws/install/moveit_ros_visualization/lib:/home/wzb/ros2ws/moveit_ws/install/moveit_ros_planning_interface/lib:/home/wzb/ros2ws/moveit_ws/install/moveit_ros_move_group/lib:/home/wzb/ros2ws/moveit_ws/install/moveit_ros_warehouse/lib:/home/wzb/ros2ws/moveit_ws/install/moveit_ros_robot_interaction/lib:/home/wzb/ros2ws/moveit_ws/install/moveit_kinematics/lib:/home/wzb/ros2ws/moveit_ws/install/moveit_ros_planning/lib:/home/wzb/ros2ws/moveit_ws/install/moveit_simple_controller_manager/lib:/home/wzb/ros2ws/moveit_ws/install/moveit_ros_occupancy_map_monitor/lib:/home/wzb/ros2ws/moveit_ws/install/moveit_core/lib:/home/wzb/ros2ws/moveit_ws/install/moveit_msgs/lib:${LD_LIBRARY_PATH} PATH=/home/wzb/ros2ws/moveit_ws/install/moveit_core/bin:${PATH} PYTHONPATH=/home/wzb/ros2ws/moveit_ws/install/moveit_msgs/local/lib/python3.10/dist-packages:/home/wzb/ros2ws/moveit_ws/install/moveit_configs_utils/lib/python3.10/site-packages:${PYTHONPATH} /usr/bin/cmake --install /home/wzb/ros2ws/moveit_ws/build/moveit_setup_assistant
