[0.035s] Invoking command in '/home/wzb/ros2ws/moveit_ws/build/moveit_hybrid_planning': AMENT_PREFIX_PATH=/home/wzb/ros2ws/moveit_ws/install/moveit_ros_planning_interface:/home/wzb/ros2ws/moveit_ws/install/moveit_ros_move_group:/home/wzb/ros2ws/moveit_ws/install/moveit_ros_warehouse:/home/wzb/ros2ws/moveit_ws/install/moveit_planners_ompl:/home/wzb/ros2ws/moveit_ws/install/moveit_kinematics:/home/wzb/ros2ws/moveit_ws/install/moveit_ros_planning:/home/wzb/ros2ws/moveit_ws/install/moveit_simple_controller_manager:/home/wzb/ros2ws/moveit_ws/install/moveit_ros_occupancy_map_monitor:/home/wzb/ros2ws/moveit_ws/install/moveit_core:/home/wzb/ros2ws/moveit_ws/install/moveit_resources_panda_moveit_config:/home/wzb/ros2ws/moveit_ws/install/moveit_resources_fanuc_moveit_config:/home/wzb/ros2ws/moveit_ws/install/moveit_resources_pr2_description:/home/wzb/ros2ws/moveit_ws/install/moveit_resources_panda_description:/home/wzb/ros2ws/moveit_ws/install/moveit_resources_fanuc_description:/home/wzb/ros2ws/moveit_ws/install/moveit_msgs:/home/wzb/ros2ws/moveit_ws/install/moveit_configs_utils:/home/wzb/ros2ws/moveit_ws/install/moveit_common:${AMENT_PREFIX_PATH} CMAKE_PREFIX_PATH=/home/wzb/ros2ws/moveit_ws/install/moveit_ros_planning_interface:/home/wzb/ros2ws/moveit_ws/install/moveit_ros_move_group:/home/wzb/ros2ws/moveit_ws/install/moveit_ros_warehouse:/home/wzb/ros2ws/moveit_ws/install/moveit_planners_ompl:/home/wzb/ros2ws/moveit_ws/install/moveit_kinematics:/home/wzb/ros2ws/moveit_ws/install/moveit_ros_planning:/home/wzb/ros2ws/moveit_ws/install/moveit_simple_controller_manager:/home/wzb/ros2ws/moveit_ws/install/moveit_ros_occupancy_map_monitor:/home/wzb/ros2ws/moveit_ws/install/moveit_core:/home/wzb/ros2ws/moveit_ws/install/moveit_resources_panda_moveit_config:/home/wzb/ros2ws/moveit_ws/install/moveit_resources_fanuc_moveit_config:/home/wzb/ros2ws/moveit_ws/install/moveit_resources_pr2_description:/home/wzb/ros2ws/moveit_ws/install/moveit_resources_panda_description:/home/wzb/ros2ws/moveit_ws/install/moveit_resources_fanuc_description:/home/wzb/ros2ws/moveit_ws/install/moveit_msgs:/home/wzb/ros2ws/moveit_ws/install/moveit_common:/opt/ros/humble LD_LIBRARY_PATH=/home/wzb/ros2ws/moveit_ws/install/moveit_ros_planning_interface/lib:/home/wzb/ros2ws/moveit_ws/install/moveit_ros_move_group/lib:/home/wzb/ros2ws/moveit_ws/install/moveit_ros_warehouse/lib:/home/wzb/ros2ws/moveit_ws/install/moveit_planners_ompl/lib:/home/wzb/ros2ws/moveit_ws/install/moveit_kinematics/lib:/home/wzb/ros2ws/moveit_ws/install/moveit_ros_planning/lib:/home/wzb/ros2ws/moveit_ws/install/moveit_simple_controller_manager/lib:/home/wzb/ros2ws/moveit_ws/install/moveit_ros_occupancy_map_monitor/lib:/home/wzb/ros2ws/moveit_ws/install/moveit_core/lib:/home/wzb/ros2ws/moveit_ws/install/moveit_msgs/lib:${LD_LIBRARY_PATH} PATH=/home/wzb/ros2ws/moveit_ws/install/moveit_core/bin:${PATH} PYTHONPATH=/home/wzb/ros2ws/moveit_ws/install/moveit_msgs/local/lib/python3.10/dist-packages:/home/wzb/ros2ws/moveit_ws/install/moveit_configs_utils/lib/python3.10/site-packages:${PYTHONPATH} /usr/bin/cmake /home/wzb/ros2ws/moveit_ws/src/moveit2/moveit_ros/hybrid_planning -DCMAKE_BUILD_TYPE=Release -DCMAKE_INSTALL_PREFIX=/home/wzb/ros2ws/moveit_ws/install/moveit_hybrid_planning
[0.104s] -- The CXX compiler identification is GNU 11.4.0
[0.111s] -- Detecting CXX compiler ABI info
[0.175s] -- Detecting CXX compiler ABI info - done
[0.184s] -- Check for working CXX compiler: /usr/bin/c++ - skipped
[0.184s] -- Detecting CXX compile features
[0.185s] -- Detecting CXX compile features - done
[0.187s] -- Found moveit_common: 2.14.1 (/home/wzb/ros2ws/moveit_ws/install/moveit_common/share/moveit_common/cmake)
[0.190s] -- Found ament_cmake: 1.3.12 (/opt/ros/humble/share/ament_cmake/cmake)
[0.367s] -- Found Python3: /usr/bin/python3 (found version "3.10.12") found components: Interpreter 
[0.538s] -- Found generate_parameter_library: 0.5.0 (/opt/ros/humble/share/generate_parameter_library/cmake)
[0.544s] -- Found parameter_traits: 0.5.0 (/opt/ros/humble/share/parameter_traits/cmake)
[0.607s] -- Found rosidl_generator_c: 3.1.7 (/opt/ros/humble/share/rosidl_generator_c/cmake)
[0.615s] -- Found rosidl_adapter: 3.1.7 (/opt/ros/humble/share/rosidl_adapter/cmake)
[0.628s] -- Found rosidl_generator_cpp: 3.1.7 (/opt/ros/humble/share/rosidl_generator_cpp/cmake)
[0.645s] -- Using all available rosidl_typesupport_c: rosidl_typesupport_fastrtps_c;rosidl_typesupport_introspection_c
[0.667s] -- Using all available rosidl_typesupport_cpp: rosidl_typesupport_fastrtps_cpp;rosidl_typesupport_introspection_cpp
[0.730s] -- Found rmw_implementation_cmake: 6.1.2 (/opt/ros/humble/share/rmw_implementation_cmake/cmake)
[0.734s] -- Found rmw_fastrtps_cpp: 6.2.9 (/opt/ros/humble/share/rmw_fastrtps_cpp/cmake)
[0.826s] -- Found OpenSSL: /usr/lib/x86_64-linux-gnu/libcrypto.so (found version "3.0.2")  
[0.855s] -- Found FastRTPS: /opt/ros/humble/include  
[0.900s] -- Using RMW implementation 'rmw_fastrtps_cpp' as default
[0.913s] -- Looking for C++ include pthread.h
[1.056s] -- Looking for C++ include pthread.h - found
[1.056s] -- Performing Test CMAKE_HAVE_LIBC_PTHREAD
[1.169s] -- Performing Test CMAKE_HAVE_LIBC_PTHREAD - Success
[1.169s] -- Found Threads: TRUE  
[1.255s] -- Found rclcpp_lifecycle: 16.0.16 (/opt/ros/humble/share/rclcpp_lifecycle/cmake)
[1.280s] -- Found moveit_core: 2.14.1 (/home/wzb/ros2ws/moveit_ws/install/moveit_core/share/moveit_core/cmake)
[1.330s] -- Found Boost: /usr/lib/x86_64-linux-gnu/cmake/Boost-1.74.0/BoostConfig.cmake (found version "1.74.0") found components: chrono date_time filesystem iostreams program_options regex serialization system thread 
[1.386s] -- Found Boost: /usr/lib/x86_64-linux-gnu/cmake/Boost-1.74.0/BoostConfig.cmake (found version "1.74.0") found components: filesystem 
[1.510s] -- library: /usr/lib/x86_64-linux-gnu/libcurl.so
[1.597s] -- Found Eigen3: TRUE (found version "3.4.0") 
[1.598s] -- Ensuring Eigen3 include directory is part of orocos-kdl CMake target
[1.918s] -- Found moveit_ros_planning: 2.14.1 (/home/wzb/ros2ws/moveit_ws/install/moveit_ros_planning/share/moveit_ros_planning/cmake)
[1.925s] -- Found Boost: /usr/lib/x86_64-linux-gnu/cmake/Boost-1.74.0/BoostConfig.cmake (found version "1.74.0") found components: system filesystem date_time program_options thread chrono 
[1.961s] -- Found moveit_ros_planning_interface: 2.14.1 (/home/wzb/ros2ws/moveit_ws/install/moveit_ros_planning_interface/share/moveit_ros_planning_interface/cmake)
[1.967s] -- Found Boost: /usr/lib/x86_64-linux-gnu/cmake/Boost-1.74.0/BoostConfig.cmake (found version "1.74.0") found components: date_time filesystem program_options system thread 
[1.984s] -- Found Boost: /usr/lib/x86_64-linux-gnu/cmake/Boost-1.74.0/BoostConfig.cmake (found version "1.74.0") found components: thread system filesystem regex date_time program_options 
[2.011s] -- Found Boost: /usr/lib/x86_64-linux-gnu/cmake/Boost-1.74.0/BoostConfig.cmake (found version "1.74.0") found components: system filesystem date_time program_options thread 
[2.187s] -- Found ament_cmake_gtest: 1.3.12 (/opt/ros/humble/share/ament_cmake_gtest/cmake)
[2.190s] -- Found ros_testing: 0.4.0 (/opt/ros/humble/share/ros_testing/cmake)
[2.193s] -- Found launch_testing_ament_cmake: 1.0.13 (/opt/ros/humble/share/launch_testing_ament_cmake/cmake)
[2.196s] -- Found python_cmake_module: 0.10.0 (/opt/ros/humble/share/python_cmake_module/cmake)
[2.224s] -- Found PythonInterp: /usr/bin/python3 (found suitable version "3.10.12", minimum required is "3.6") 
[2.228s] -- Found PythonLibs: /usr/lib/x86_64-linux-gnu/libpython3.10.so (found suitable version "3.10.12", minimum required is "3.5") 
[2.228s] -- Using PYTHON_EXECUTABLE: /usr/bin/python3
[2.228s] -- Using PYTHON_INCLUDE_DIRS: /usr/include/python3.10
[2.228s] -- Using PYTHON_LIBRARIES: /usr/lib/x86_64-linux-gnu/libpython3.10.so
[2.253s] -- Found PythonExtra: .so  
[2.259s] -- Found Boost: /usr/lib/x86_64-linux-gnu/cmake/Boost-1.74.0/BoostConfig.cmake (found version "1.74.0") found components: filesystem 
[2.267s] -- Configuring done
[2.492s] -- Generating done
[2.556s] -- Build files have been written to: /home/wzb/ros2ws/moveit_ws/build/moveit_hybrid_planning
[2.587s] Invoked command in '/home/wzb/ros2ws/moveit_ws/build/moveit_hybrid_planning' returned '0': AMENT_PREFIX_PATH=/home/wzb/ros2ws/moveit_ws/install/moveit_ros_planning_interface:/home/wzb/ros2ws/moveit_ws/install/moveit_ros_move_group:/home/wzb/ros2ws/moveit_ws/install/moveit_ros_warehouse:/home/wzb/ros2ws/moveit_ws/install/moveit_planners_ompl:/home/wzb/ros2ws/moveit_ws/install/moveit_kinematics:/home/wzb/ros2ws/moveit_ws/install/moveit_ros_planning:/home/wzb/ros2ws/moveit_ws/install/moveit_simple_controller_manager:/home/wzb/ros2ws/moveit_ws/install/moveit_ros_occupancy_map_monitor:/home/wzb/ros2ws/moveit_ws/install/moveit_core:/home/wzb/ros2ws/moveit_ws/install/moveit_resources_panda_moveit_config:/home/wzb/ros2ws/moveit_ws/install/moveit_resources_fanuc_moveit_config:/home/wzb/ros2ws/moveit_ws/install/moveit_resources_pr2_description:/home/wzb/ros2ws/moveit_ws/install/moveit_resources_panda_description:/home/wzb/ros2ws/moveit_ws/install/moveit_resources_fanuc_description:/home/wzb/ros2ws/moveit_ws/install/moveit_msgs:/home/wzb/ros2ws/moveit_ws/install/moveit_configs_utils:/home/wzb/ros2ws/moveit_ws/install/moveit_common:${AMENT_PREFIX_PATH} CMAKE_PREFIX_PATH=/home/wzb/ros2ws/moveit_ws/install/moveit_ros_planning_interface:/home/wzb/ros2ws/moveit_ws/install/moveit_ros_move_group:/home/wzb/ros2ws/moveit_ws/install/moveit_ros_warehouse:/home/wzb/ros2ws/moveit_ws/install/moveit_planners_ompl:/home/wzb/ros2ws/moveit_ws/install/moveit_kinematics:/home/wzb/ros2ws/moveit_ws/install/moveit_ros_planning:/home/wzb/ros2ws/moveit_ws/install/moveit_simple_controller_manager:/home/wzb/ros2ws/moveit_ws/install/moveit_ros_occupancy_map_monitor:/home/wzb/ros2ws/moveit_ws/install/moveit_core:/home/wzb/ros2ws/moveit_ws/install/moveit_resources_panda_moveit_config:/home/wzb/ros2ws/moveit_ws/install/moveit_resources_fanuc_moveit_config:/home/wzb/ros2ws/moveit_ws/install/moveit_resources_pr2_description:/home/wzb/ros2ws/moveit_ws/install/moveit_resources_panda_description:/home/wzb/ros2ws/moveit_ws/install/moveit_resources_fanuc_description:/home/wzb/ros2ws/moveit_ws/install/moveit_msgs:/home/wzb/ros2ws/moveit_ws/install/moveit_common:/opt/ros/humble LD_LIBRARY_PATH=/home/wzb/ros2ws/moveit_ws/install/moveit_ros_planning_interface/lib:/home/wzb/ros2ws/moveit_ws/install/moveit_ros_move_group/lib:/home/wzb/ros2ws/moveit_ws/install/moveit_ros_warehouse/lib:/home/wzb/ros2ws/moveit_ws/install/moveit_planners_ompl/lib:/home/wzb/ros2ws/moveit_ws/install/moveit_kinematics/lib:/home/wzb/ros2ws/moveit_ws/install/moveit_ros_planning/lib:/home/wzb/ros2ws/moveit_ws/install/moveit_simple_controller_manager/lib:/home/wzb/ros2ws/moveit_ws/install/moveit_ros_occupancy_map_monitor/lib:/home/wzb/ros2ws/moveit_ws/install/moveit_core/lib:/home/wzb/ros2ws/moveit_ws/install/moveit_msgs/lib:${LD_LIBRARY_PATH} PATH=/home/wzb/ros2ws/moveit_ws/install/moveit_core/bin:${PATH} PYTHONPATH=/home/wzb/ros2ws/moveit_ws/install/moveit_msgs/local/lib/python3.10/dist-packages:/home/wzb/ros2ws/moveit_ws/install/moveit_configs_utils/lib/python3.10/site-packages:${PYTHONPATH} /usr/bin/cmake /home/wzb/ros2ws/moveit_ws/src/moveit2/moveit_ros/hybrid_planning -DCMAKE_BUILD_TYPE=Release -DCMAKE_INSTALL_PREFIX=/home/wzb/ros2ws/moveit_ws/install/moveit_hybrid_planning
[2.587s] Invoking command in '/home/wzb/ros2ws/moveit_ws/build/moveit_hybrid_planning': AMENT_PREFIX_PATH=/home/wzb/ros2ws/moveit_ws/install/moveit_ros_planning_interface:/home/wzb/ros2ws/moveit_ws/install/moveit_ros_move_group:/home/wzb/ros2ws/moveit_ws/install/moveit_ros_warehouse:/home/wzb/ros2ws/moveit_ws/install/moveit_planners_ompl:/home/wzb/ros2ws/moveit_ws/install/moveit_kinematics:/home/wzb/ros2ws/moveit_ws/install/moveit_ros_planning:/home/wzb/ros2ws/moveit_ws/install/moveit_simple_controller_manager:/home/wzb/ros2ws/moveit_ws/install/moveit_ros_occupancy_map_monitor:/home/wzb/ros2ws/moveit_ws/install/moveit_core:/home/wzb/ros2ws/moveit_ws/install/moveit_resources_panda_moveit_config:/home/wzb/ros2ws/moveit_ws/install/moveit_resources_fanuc_moveit_config:/home/wzb/ros2ws/moveit_ws/install/moveit_resources_pr2_description:/home/wzb/ros2ws/moveit_ws/install/moveit_resources_panda_description:/home/wzb/ros2ws/moveit_ws/install/moveit_resources_fanuc_description:/home/wzb/ros2ws/moveit_ws/install/moveit_msgs:/home/wzb/ros2ws/moveit_ws/install/moveit_configs_utils:/home/wzb/ros2ws/moveit_ws/install/moveit_common:${AMENT_PREFIX_PATH} CMAKE_PREFIX_PATH=/home/wzb/ros2ws/moveit_ws/install/moveit_ros_planning_interface:/home/wzb/ros2ws/moveit_ws/install/moveit_ros_move_group:/home/wzb/ros2ws/moveit_ws/install/moveit_ros_warehouse:/home/wzb/ros2ws/moveit_ws/install/moveit_planners_ompl:/home/wzb/ros2ws/moveit_ws/install/moveit_kinematics:/home/wzb/ros2ws/moveit_ws/install/moveit_ros_planning:/home/wzb/ros2ws/moveit_ws/install/moveit_simple_controller_manager:/home/wzb/ros2ws/moveit_ws/install/moveit_ros_occupancy_map_monitor:/home/wzb/ros2ws/moveit_ws/install/moveit_core:/home/wzb/ros2ws/moveit_ws/install/moveit_resources_panda_moveit_config:/home/wzb/ros2ws/moveit_ws/install/moveit_resources_fanuc_moveit_config:/home/wzb/ros2ws/moveit_ws/install/moveit_resources_pr2_description:/home/wzb/ros2ws/moveit_ws/install/moveit_resources_panda_description:/home/wzb/ros2ws/moveit_ws/install/moveit_resources_fanuc_description:/home/wzb/ros2ws/moveit_ws/install/moveit_msgs:/home/wzb/ros2ws/moveit_ws/install/moveit_common:/opt/ros/humble LD_LIBRARY_PATH=/home/wzb/ros2ws/moveit_ws/install/moveit_ros_planning_interface/lib:/home/wzb/ros2ws/moveit_ws/install/moveit_ros_move_group/lib:/home/wzb/ros2ws/moveit_ws/install/moveit_ros_warehouse/lib:/home/wzb/ros2ws/moveit_ws/install/moveit_planners_ompl/lib:/home/wzb/ros2ws/moveit_ws/install/moveit_kinematics/lib:/home/wzb/ros2ws/moveit_ws/install/moveit_ros_planning/lib:/home/wzb/ros2ws/moveit_ws/install/moveit_simple_controller_manager/lib:/home/wzb/ros2ws/moveit_ws/install/moveit_ros_occupancy_map_monitor/lib:/home/wzb/ros2ws/moveit_ws/install/moveit_core/lib:/home/wzb/ros2ws/moveit_ws/install/moveit_msgs/lib:${LD_LIBRARY_PATH} PATH=/home/wzb/ros2ws/moveit_ws/install/moveit_core/bin:${PATH} PYTHONPATH=/home/wzb/ros2ws/moveit_ws/install/moveit_msgs/local/lib/python3.10/dist-packages:/home/wzb/ros2ws/moveit_ws/install/moveit_configs_utils/lib/python3.10/site-packages:${PYTHONPATH} /usr/bin/cmake --build /home/wzb/ros2ws/moveit_ws/build/moveit_hybrid_planning -- -j20 -l20
[2.662s] [  4%] [32mBuilding CXX object global_planner/global_planner_component/CMakeFiles/moveit_global_planner_component.dir/src/global_planner_component.cpp.o[0m
[2.663s] [  9%] [32mBuilding CXX object test/CMakeFiles/cancel_action.dir/cancel_action.cpp.o[0m
[2.667s] [ 13%] [32mBuilding CXX object global_planner/global_planner_plugins/CMakeFiles/motion_planning_pipeline_plugin.dir/src/moveit_planning_pipeline.cpp.o[0m
[2.695s] [ 18%] [34m[1mRunning `/opt/ros/humble/bin/generate_parameter_library_cpp /home/wzb/ros2ws/moveit_ws/build/moveit_hybrid_planning/local_planner/local_planner_component/include/moveit_hybrid_planning/local_planner_parameters.hpp /home/wzb/ros2ws/moveit_ws/src/moveit2/moveit_ros/hybrid_planning/local_planner/local_planner_component/res/local_planner_parameters.yaml `[0m
[2.699s] [ 22%] [32mBuilding CXX object local_planner/local_constraint_solver_plugins/CMakeFiles/forward_trajectory_plugin.dir/src/forward_trajectory.cpp.o[0m
[2.708s] [ 27%] [32mBuilding CXX object local_planner/trajectory_operator_plugins/CMakeFiles/simple_sampler_plugin.dir/src/simple_sampler.cpp.o[0m
[2.740s] [ 31%] [34m[1mRunning `/opt/ros/humble/bin/generate_parameter_library_cpp /home/wzb/ros2ws/moveit_ws/build/moveit_hybrid_planning/hybrid_planning_manager/hybrid_planning_manager_component/include/moveit_hybrid_planning/hp_manager_parameters.hpp /home/wzb/ros2ws/moveit_ws/src/moveit2/moveit_ros/hybrid_planning/hybrid_planning_manager/hybrid_planning_manager_component/res/hp_manager_parameters.yaml `[0m
[3.196s] [ 36%] [34m[1mCreating deprecated header file /home/wzb/ros2ws/moveit_ws/build/moveit_hybrid_planning/hybrid_planning_manager/hybrid_planning_manager_component/include/hp_manager_parameters.hpp[0m
[3.221s] [ 40%] [34m[1mCreating deprecated header file /home/wzb/ros2ws/moveit_ws/build/moveit_hybrid_planning/local_planner/local_planner_component/include/local_planner_parameters.hpp[0m
[3.300s] [ 40%] Built target hp_manager_parameters
[3.304s] [ 40%] Built target local_planner_parameters
[3.408s] [ 45%] [32mBuilding CXX object hybrid_planning_manager/hybrid_planning_manager_component/CMakeFiles/moveit_hybrid_planning_manager.dir/src/hybrid_planning_manager.cpp.o[0m
[3.417s] [ 50%] [32mBuilding CXX object local_planner/local_planner_component/CMakeFiles/moveit_local_planner_component.dir/src/local_planner_component.cpp.o[0m
[8.507s] [ 54%] [32m[1mLinking CXX executable cancel_action[0m
[9.448s] [ 54%] Built target cancel_action
[15.447s] [ 59%] [32m[1mLinking CXX shared library libsimple_sampler_plugin.so[0m
[15.787s] [ 59%] Built target simple_sampler_plugin
[24.552s] [ 63%] [32m[1mLinking CXX shared library libforward_trajectory_plugin.so[0m
[25.088s] [ 63%] Built target forward_trajectory_plugin
[30.999s] [ 68%] [32m[1mLinking CXX shared library libmotion_planning_pipeline_plugin.so[0m
[31.193s] [ 68%] Built target motion_planning_pipeline_plugin
[35.833s] [ 72%] [32m[1mLinking CXX shared library libmoveit_hybrid_planning_manager.so[0m
[35.880s] [ 77%] [32m[1mLinking CXX shared library libmoveit_global_planner_component.so[0m
[36.066s] [ 77%] Built target moveit_hybrid_planning_manager
[36.143s] [ 77%] Built target moveit_global_planner_component
[42.541s] [ 81%] [32m[1mLinking CXX shared library libmoveit_local_planner_component.so[0m
[42.774s] [ 81%] Built target moveit_local_planner_component
[42.789s] [ 86%] [32mBuilding CXX object hybrid_planning_manager/planner_logic_plugins/CMakeFiles/single_plan_execution_plugin.dir/src/single_plan_execution.cpp.o[0m
[45.675s] [ 90%] [32m[1mLinking CXX shared library libsingle_plan_execution_plugin.so[0m
[46.910s] [ 90%] Built target single_plan_execution_plugin
[46.922s] [ 95%] [32mBuilding CXX object hybrid_planning_manager/planner_logic_plugins/CMakeFiles/replan_invalidated_trajectory_plugin.dir/src/replan_invalidated_trajectory.cpp.o[0m
[49.584s] [100%] [32m[1mLinking CXX shared library libreplan_invalidated_trajectory_plugin.so[0m
[50.693s] [100%] Built target replan_invalidated_trajectory_plugin
[50.699s] Invoked command in '/home/wzb/ros2ws/moveit_ws/build/moveit_hybrid_planning' returned '0': AMENT_PREFIX_PATH=/home/wzb/ros2ws/moveit_ws/install/moveit_ros_planning_interface:/home/wzb/ros2ws/moveit_ws/install/moveit_ros_move_group:/home/wzb/ros2ws/moveit_ws/install/moveit_ros_warehouse:/home/wzb/ros2ws/moveit_ws/install/moveit_planners_ompl:/home/wzb/ros2ws/moveit_ws/install/moveit_kinematics:/home/wzb/ros2ws/moveit_ws/install/moveit_ros_planning:/home/wzb/ros2ws/moveit_ws/install/moveit_simple_controller_manager:/home/wzb/ros2ws/moveit_ws/install/moveit_ros_occupancy_map_monitor:/home/wzb/ros2ws/moveit_ws/install/moveit_core:/home/wzb/ros2ws/moveit_ws/install/moveit_resources_panda_moveit_config:/home/wzb/ros2ws/moveit_ws/install/moveit_resources_fanuc_moveit_config:/home/wzb/ros2ws/moveit_ws/install/moveit_resources_pr2_description:/home/wzb/ros2ws/moveit_ws/install/moveit_resources_panda_description:/home/wzb/ros2ws/moveit_ws/install/moveit_resources_fanuc_description:/home/wzb/ros2ws/moveit_ws/install/moveit_msgs:/home/wzb/ros2ws/moveit_ws/install/moveit_configs_utils:/home/wzb/ros2ws/moveit_ws/install/moveit_common:${AMENT_PREFIX_PATH} CMAKE_PREFIX_PATH=/home/wzb/ros2ws/moveit_ws/install/moveit_ros_planning_interface:/home/wzb/ros2ws/moveit_ws/install/moveit_ros_move_group:/home/wzb/ros2ws/moveit_ws/install/moveit_ros_warehouse:/home/wzb/ros2ws/moveit_ws/install/moveit_planners_ompl:/home/wzb/ros2ws/moveit_ws/install/moveit_kinematics:/home/wzb/ros2ws/moveit_ws/install/moveit_ros_planning:/home/wzb/ros2ws/moveit_ws/install/moveit_simple_controller_manager:/home/wzb/ros2ws/moveit_ws/install/moveit_ros_occupancy_map_monitor:/home/wzb/ros2ws/moveit_ws/install/moveit_core:/home/wzb/ros2ws/moveit_ws/install/moveit_resources_panda_moveit_config:/home/wzb/ros2ws/moveit_ws/install/moveit_resources_fanuc_moveit_config:/home/wzb/ros2ws/moveit_ws/install/moveit_resources_pr2_description:/home/wzb/ros2ws/moveit_ws/install/moveit_resources_panda_description:/home/wzb/ros2ws/moveit_ws/install/moveit_resources_fanuc_description:/home/wzb/ros2ws/moveit_ws/install/moveit_msgs:/home/wzb/ros2ws/moveit_ws/install/moveit_common:/opt/ros/humble LD_LIBRARY_PATH=/home/wzb/ros2ws/moveit_ws/install/moveit_ros_planning_interface/lib:/home/wzb/ros2ws/moveit_ws/install/moveit_ros_move_group/lib:/home/wzb/ros2ws/moveit_ws/install/moveit_ros_warehouse/lib:/home/wzb/ros2ws/moveit_ws/install/moveit_planners_ompl/lib:/home/wzb/ros2ws/moveit_ws/install/moveit_kinematics/lib:/home/wzb/ros2ws/moveit_ws/install/moveit_ros_planning/lib:/home/wzb/ros2ws/moveit_ws/install/moveit_simple_controller_manager/lib:/home/wzb/ros2ws/moveit_ws/install/moveit_ros_occupancy_map_monitor/lib:/home/wzb/ros2ws/moveit_ws/install/moveit_core/lib:/home/wzb/ros2ws/moveit_ws/install/moveit_msgs/lib:${LD_LIBRARY_PATH} PATH=/home/wzb/ros2ws/moveit_ws/install/moveit_core/bin:${PATH} PYTHONPATH=/home/wzb/ros2ws/moveit_ws/install/moveit_msgs/local/lib/python3.10/dist-packages:/home/wzb/ros2ws/moveit_ws/install/moveit_configs_utils/lib/python3.10/site-packages:${PYTHONPATH} /usr/bin/cmake --build /home/wzb/ros2ws/moveit_ws/build/moveit_hybrid_planning -- -j20 -l20
[50.700s] Invoking command in '/home/wzb/ros2ws/moveit_ws/build/moveit_hybrid_planning': AMENT_PREFIX_PATH=/home/wzb/ros2ws/moveit_ws/install/moveit_ros_planning_interface:/home/wzb/ros2ws/moveit_ws/install/moveit_ros_move_group:/home/wzb/ros2ws/moveit_ws/install/moveit_ros_warehouse:/home/wzb/ros2ws/moveit_ws/install/moveit_planners_ompl:/home/wzb/ros2ws/moveit_ws/install/moveit_kinematics:/home/wzb/ros2ws/moveit_ws/install/moveit_ros_planning:/home/wzb/ros2ws/moveit_ws/install/moveit_simple_controller_manager:/home/wzb/ros2ws/moveit_ws/install/moveit_ros_occupancy_map_monitor:/home/wzb/ros2ws/moveit_ws/install/moveit_core:/home/wzb/ros2ws/moveit_ws/install/moveit_resources_panda_moveit_config:/home/wzb/ros2ws/moveit_ws/install/moveit_resources_fanuc_moveit_config:/home/wzb/ros2ws/moveit_ws/install/moveit_resources_pr2_description:/home/wzb/ros2ws/moveit_ws/install/moveit_resources_panda_description:/home/wzb/ros2ws/moveit_ws/install/moveit_resources_fanuc_description:/home/wzb/ros2ws/moveit_ws/install/moveit_msgs:/home/wzb/ros2ws/moveit_ws/install/moveit_configs_utils:/home/wzb/ros2ws/moveit_ws/install/moveit_common:${AMENT_PREFIX_PATH} CMAKE_PREFIX_PATH=/home/wzb/ros2ws/moveit_ws/install/moveit_ros_planning_interface:/home/wzb/ros2ws/moveit_ws/install/moveit_ros_move_group:/home/wzb/ros2ws/moveit_ws/install/moveit_ros_warehouse:/home/wzb/ros2ws/moveit_ws/install/moveit_planners_ompl:/home/wzb/ros2ws/moveit_ws/install/moveit_kinematics:/home/wzb/ros2ws/moveit_ws/install/moveit_ros_planning:/home/wzb/ros2ws/moveit_ws/install/moveit_simple_controller_manager:/home/wzb/ros2ws/moveit_ws/install/moveit_ros_occupancy_map_monitor:/home/wzb/ros2ws/moveit_ws/install/moveit_core:/home/wzb/ros2ws/moveit_ws/install/moveit_resources_panda_moveit_config:/home/wzb/ros2ws/moveit_ws/install/moveit_resources_fanuc_moveit_config:/home/wzb/ros2ws/moveit_ws/install/moveit_resources_pr2_description:/home/wzb/ros2ws/moveit_ws/install/moveit_resources_panda_description:/home/wzb/ros2ws/moveit_ws/install/moveit_resources_fanuc_description:/home/wzb/ros2ws/moveit_ws/install/moveit_msgs:/home/wzb/ros2ws/moveit_ws/install/moveit_common:/opt/ros/humble LD_LIBRARY_PATH=/home/wzb/ros2ws/moveit_ws/install/moveit_ros_planning_interface/lib:/home/wzb/ros2ws/moveit_ws/install/moveit_ros_move_group/lib:/home/wzb/ros2ws/moveit_ws/install/moveit_ros_warehouse/lib:/home/wzb/ros2ws/moveit_ws/install/moveit_planners_ompl/lib:/home/wzb/ros2ws/moveit_ws/install/moveit_kinematics/lib:/home/wzb/ros2ws/moveit_ws/install/moveit_ros_planning/lib:/home/wzb/ros2ws/moveit_ws/install/moveit_simple_controller_manager/lib:/home/wzb/ros2ws/moveit_ws/install/moveit_ros_occupancy_map_monitor/lib:/home/wzb/ros2ws/moveit_ws/install/moveit_core/lib:/home/wzb/ros2ws/moveit_ws/install/moveit_msgs/lib:${LD_LIBRARY_PATH} PATH=/home/wzb/ros2ws/moveit_ws/install/moveit_core/bin:${PATH} PYTHONPATH=/home/wzb/ros2ws/moveit_ws/install/moveit_msgs/local/lib/python3.10/dist-packages:/home/wzb/ros2ws/moveit_ws/install/moveit_configs_utils/lib/python3.10/site-packages:${PYTHONPATH} /usr/bin/cmake --install /home/wzb/ros2ws/moveit_ws/build/moveit_hybrid_planning
[50.705s] -- Install configuration: "Release"
[50.705s] -- Installing: /home/wzb/ros2ws/moveit_ws/install/moveit_hybrid_planning/include/moveit_hybrid_planning
[50.705s] -- Installing: /home/wzb/ros2ws/moveit_ws/install/moveit_hybrid_planning/include/moveit_hybrid_planning/hp_manager_parameters.hpp
[50.705s] -- Up-to-date: /home/wzb/ros2ws/moveit_ws/install/moveit_hybrid_planning/include/moveit_hybrid_planning
[50.705s] -- Installing: /home/wzb/ros2ws/moveit_ws/install/moveit_hybrid_planning/include/moveit_hybrid_planning/local_planner_parameters.hpp
[50.705s] -- Installing: /home/wzb/ros2ws/moveit_ws/install/moveit_hybrid_planning/lib/libmoveit_global_planner_component.so.2.14.1
[50.706s] -- Set runtime path of "/home/wzb/ros2ws/moveit_ws/install/moveit_hybrid_planning/lib/libmoveit_global_planner_component.so.2.14.1" to ""
[50.706s] -- Installing: /home/wzb/ros2ws/moveit_ws/install/moveit_hybrid_planning/lib/libmoveit_global_planner_component.so
[50.706s] -- Installing: /home/wzb/ros2ws/moveit_ws/install/moveit_hybrid_planning/lib/libmoveit_hybrid_planning_manager.so.2.14.1
[50.707s] -- Set runtime path of "/home/wzb/ros2ws/moveit_ws/install/moveit_hybrid_planning/lib/libmoveit_hybrid_planning_manager.so.2.14.1" to ""
[50.707s] -- Installing: /home/wzb/ros2ws/moveit_ws/install/moveit_hybrid_planning/lib/libmoveit_hybrid_planning_manager.so
[50.707s] -- Installing: /home/wzb/ros2ws/moveit_ws/install/moveit_hybrid_planning/lib/libmoveit_local_planner_component.so.2.14.1
[50.708s] -- Set runtime path of "/home/wzb/ros2ws/moveit_ws/install/moveit_hybrid_planning/lib/libmoveit_local_planner_component.so.2.14.1" to ""
[50.708s] -- Installing: /home/wzb/ros2ws/moveit_ws/install/moveit_hybrid_planning/lib/libmoveit_local_planner_component.so
[50.708s] -- Installing: /home/wzb/ros2ws/moveit_ws/install/moveit_hybrid_planning/lib/libforward_trajectory_plugin.so.2.14.1
[50.709s] -- Set runtime path of "/home/wzb/ros2ws/moveit_ws/install/moveit_hybrid_planning/lib/libforward_trajectory_plugin.so.2.14.1" to ""
[50.709s] -- Installing: /home/wzb/ros2ws/moveit_ws/install/moveit_hybrid_planning/lib/libforward_trajectory_plugin.so
[50.709s] -- Installing: /home/wzb/ros2ws/moveit_ws/install/moveit_hybrid_planning/lib/libmotion_planning_pipeline_plugin.so.2.14.1
[50.709s] -- Set runtime path of "/home/wzb/ros2ws/moveit_ws/install/moveit_hybrid_planning/lib/libmotion_planning_pipeline_plugin.so.2.14.1" to ""
[50.709s] -- Installing: /home/wzb/ros2ws/moveit_ws/install/moveit_hybrid_planning/lib/libmotion_planning_pipeline_plugin.so
[50.709s] -- Installing: /home/wzb/ros2ws/moveit_ws/install/moveit_hybrid_planning/lib/libreplan_invalidated_trajectory_plugin.so.2.14.1
[50.709s] -- Set runtime path of "/home/wzb/ros2ws/moveit_ws/install/moveit_hybrid_planning/lib/libreplan_invalidated_trajectory_plugin.so.2.14.1" to ""
[50.709s] -- Installing: /home/wzb/ros2ws/moveit_ws/install/moveit_hybrid_planning/lib/libreplan_invalidated_trajectory_plugin.so
[50.709s] -- Installing: /home/wzb/ros2ws/moveit_ws/install/moveit_hybrid_planning/lib/libsimple_sampler_plugin.so.2.14.1
[50.709s] -- Set runtime path of "/home/wzb/ros2ws/moveit_ws/install/moveit_hybrid_planning/lib/libsimple_sampler_plugin.so.2.14.1" to ""
[50.709s] -- Installing: /home/wzb/ros2ws/moveit_ws/install/moveit_hybrid_planning/lib/libsimple_sampler_plugin.so
[50.709s] -- Installing: /home/wzb/ros2ws/moveit_ws/install/moveit_hybrid_planning/lib/libsingle_plan_execution_plugin.so.2.14.1
[50.709s] -- Set runtime path of "/home/wzb/ros2ws/moveit_ws/install/moveit_hybrid_planning/lib/libsingle_plan_execution_plugin.so.2.14.1" to ""
[50.710s] -- Installing: /home/wzb/ros2ws/moveit_ws/install/moveit_hybrid_planning/lib/libsingle_plan_execution_plugin.so
[50.710s] -- Installing: /home/wzb/ros2ws/moveit_ws/install/moveit_hybrid_planning/lib/moveit_hybrid_planning/cancel_action
[50.710s] -- Set runtime path of "/home/wzb/ros2ws/moveit_ws/install/moveit_hybrid_planning/lib/moveit_hybrid_planning/cancel_action" to ""
[50.710s] -- Up-to-date: /home/wzb/ros2ws/moveit_ws/install/moveit_hybrid_planning/include/moveit_hybrid_planning
[50.710s] -- Installing: /home/wzb/ros2ws/moveit_ws/install/moveit_hybrid_planning/include/moveit_hybrid_planning/moveit
[50.710s] -- Installing: /home/wzb/ros2ws/moveit_ws/install/moveit_hybrid_planning/include/moveit_hybrid_planning/moveit/global_planner
[50.710s] -- Installing: /home/wzb/ros2ws/moveit_ws/install/moveit_hybrid_planning/include/moveit_hybrid_planning/moveit/global_planner/global_planner_interface.h
[50.710s] -- Installing: /home/wzb/ros2ws/moveit_ws/install/moveit_hybrid_planning/include/moveit_hybrid_planning/moveit/global_planner/global_planner_component.h
[50.710s] -- Installing: /home/wzb/ros2ws/moveit_ws/install/moveit_hybrid_planning/include/moveit_hybrid_planning/moveit/global_planner/global_planner_interface.hpp
[50.710s] -- Installing: /home/wzb/ros2ws/moveit_ws/install/moveit_hybrid_planning/include/moveit_hybrid_planning/moveit/global_planner/global_planner_component.hpp
[50.710s] -- Up-to-date: /home/wzb/ros2ws/moveit_ws/install/moveit_hybrid_planning/include/moveit_hybrid_planning
[50.710s] -- Up-to-date: /home/wzb/ros2ws/moveit_ws/install/moveit_hybrid_planning/include/moveit_hybrid_planning/moveit
[50.710s] -- Up-to-date: /home/wzb/ros2ws/moveit_ws/install/moveit_hybrid_planning/include/moveit_hybrid_planning/moveit/global_planner
[50.710s] -- Installing: /home/wzb/ros2ws/moveit_ws/install/moveit_hybrid_planning/include/moveit_hybrid_planning/moveit/global_planner/moveit_planning_pipeline.h
[50.710s] -- Installing: /home/wzb/ros2ws/moveit_ws/install/moveit_hybrid_planning/include/moveit_hybrid_planning/moveit/global_planner/moveit_planning_pipeline.hpp
[50.710s] -- Up-to-date: /home/wzb/ros2ws/moveit_ws/install/moveit_hybrid_planning/include/moveit_hybrid_planning
[50.710s] -- Up-to-date: /home/wzb/ros2ws/moveit_ws/install/moveit_hybrid_planning/include/moveit_hybrid_planning/moveit
[50.710s] -- Installing: /home/wzb/ros2ws/moveit_ws/install/moveit_hybrid_planning/include/moveit_hybrid_planning/moveit/hybrid_planning_manager
[50.710s] -- Installing: /home/wzb/ros2ws/moveit_ws/install/moveit_hybrid_planning/include/moveit_hybrid_planning/moveit/hybrid_planning_manager/hybrid_planning_events.hpp
[50.710s] -- Installing: /home/wzb/ros2ws/moveit_ws/install/moveit_hybrid_planning/include/moveit_hybrid_planning/moveit/hybrid_planning_manager/hybrid_planning_events.h
[50.710s] -- Installing: /home/wzb/ros2ws/moveit_ws/install/moveit_hybrid_planning/include/moveit_hybrid_planning/moveit/hybrid_planning_manager/hybrid_planning_manager.h
[50.710s] -- Installing: /home/wzb/ros2ws/moveit_ws/install/moveit_hybrid_planning/include/moveit_hybrid_planning/moveit/hybrid_planning_manager/planner_logic_interface.hpp
[50.710s] -- Installing: /home/wzb/ros2ws/moveit_ws/install/moveit_hybrid_planning/include/moveit_hybrid_planning/moveit/hybrid_planning_manager/hybrid_planning_manager.hpp
[50.710s] -- Installing: /home/wzb/ros2ws/moveit_ws/install/moveit_hybrid_planning/include/moveit_hybrid_planning/moveit/hybrid_planning_manager/planner_logic_interface.h
[50.711s] -- Up-to-date: /home/wzb/ros2ws/moveit_ws/install/moveit_hybrid_planning/include/moveit_hybrid_planning
[50.711s] -- Up-to-date: /home/wzb/ros2ws/moveit_ws/install/moveit_hybrid_planning/include/moveit_hybrid_planning/moveit
[50.711s] -- Installing: /home/wzb/ros2ws/moveit_ws/install/moveit_hybrid_planning/include/moveit_hybrid_planning/moveit/planner_logic_plugins
[50.711s] -- Installing: /home/wzb/ros2ws/moveit_ws/install/moveit_hybrid_planning/include/moveit_hybrid_planning/moveit/planner_logic_plugins/single_plan_execution.h
[50.711s] -- Installing: /home/wzb/ros2ws/moveit_ws/install/moveit_hybrid_planning/include/moveit_hybrid_planning/moveit/planner_logic_plugins/replan_invalidated_trajectory.h
[50.711s] -- Installing: /home/wzb/ros2ws/moveit_ws/install/moveit_hybrid_planning/include/moveit_hybrid_planning/moveit/planner_logic_plugins/replan_invalidated_trajectory.hpp
[50.711s] -- Installing: /home/wzb/ros2ws/moveit_ws/install/moveit_hybrid_planning/include/moveit_hybrid_planning/moveit/planner_logic_plugins/single_plan_execution.hpp
[50.711s] -- Up-to-date: /home/wzb/ros2ws/moveit_ws/install/moveit_hybrid_planning/include/moveit_hybrid_planning
[50.711s] -- Up-to-date: /home/wzb/ros2ws/moveit_ws/install/moveit_hybrid_planning/include/moveit_hybrid_planning/moveit
[50.711s] -- Installing: /home/wzb/ros2ws/moveit_ws/install/moveit_hybrid_planning/include/moveit_hybrid_planning/moveit/local_planner
[50.711s] -- Installing: /home/wzb/ros2ws/moveit_ws/install/moveit_hybrid_planning/include/moveit_hybrid_planning/moveit/local_planner/feedback_types.h
[50.711s] -- Installing: /home/wzb/ros2ws/moveit_ws/install/moveit_hybrid_planning/include/moveit_hybrid_planning/moveit/local_planner/local_constraint_solver_interface.h
[50.711s] -- Installing: /home/wzb/ros2ws/moveit_ws/install/moveit_hybrid_planning/include/moveit_hybrid_planning/moveit/local_planner/local_planner_component.h
[50.711s] -- Installing: /home/wzb/ros2ws/moveit_ws/install/moveit_hybrid_planning/include/moveit_hybrid_planning/moveit/local_planner/local_planner_component.hpp
[50.711s] -- Installing: /home/wzb/ros2ws/moveit_ws/install/moveit_hybrid_planning/include/moveit_hybrid_planning/moveit/local_planner/trajectory_operator_interface.hpp
[50.711s] -- Installing: /home/wzb/ros2ws/moveit_ws/install/moveit_hybrid_planning/include/moveit_hybrid_planning/moveit/local_planner/local_constraint_solver_interface.hpp
[50.711s] -- Installing: /home/wzb/ros2ws/moveit_ws/install/moveit_hybrid_planning/include/moveit_hybrid_planning/moveit/local_planner/trajectory_operator_interface.h
[50.711s] -- Installing: /home/wzb/ros2ws/moveit_ws/install/moveit_hybrid_planning/include/moveit_hybrid_planning/moveit/local_planner/feedback_types.hpp
[50.711s] -- Up-to-date: /home/wzb/ros2ws/moveit_ws/install/moveit_hybrid_planning/include/moveit_hybrid_planning
[50.711s] -- Up-to-date: /home/wzb/ros2ws/moveit_ws/install/moveit_hybrid_planning/include/moveit_hybrid_planning/moveit
[50.711s] -- Installing: /home/wzb/ros2ws/moveit_ws/install/moveit_hybrid_planning/include/moveit_hybrid_planning/moveit/trajectory_operator_plugins
[50.711s] -- Installing: /home/wzb/ros2ws/moveit_ws/install/moveit_hybrid_planning/include/moveit_hybrid_planning/moveit/trajectory_operator_plugins/simple_sampler.h
[50.711s] -- Installing: /home/wzb/ros2ws/moveit_ws/install/moveit_hybrid_planning/include/moveit_hybrid_planning/moveit/trajectory_operator_plugins/simple_sampler.hpp
[50.711s] -- Up-to-date: /home/wzb/ros2ws/moveit_ws/install/moveit_hybrid_planning/include/moveit_hybrid_planning
[50.711s] -- Up-to-date: /home/wzb/ros2ws/moveit_ws/install/moveit_hybrid_planning/include/moveit_hybrid_planning/moveit
[50.711s] -- Installing: /home/wzb/ros2ws/moveit_ws/install/moveit_hybrid_planning/include/moveit_hybrid_planning/moveit/local_constraint_solver_plugins
[50.711s] -- Installing: /home/wzb/ros2ws/moveit_ws/install/moveit_hybrid_planning/include/moveit_hybrid_planning/moveit/local_constraint_solver_plugins/forward_trajectory.hpp
[50.711s] -- Installing: /home/wzb/ros2ws/moveit_ws/install/moveit_hybrid_planning/include/moveit_hybrid_planning/moveit/local_constraint_solver_plugins/forward_trajectory.h
[50.711s] -- Installing: /home/wzb/ros2ws/moveit_ws/install/moveit_hybrid_planning/share/moveit_hybrid_planning/launch
[50.711s] -- Installing: /home/wzb/ros2ws/moveit_ws/install/moveit_hybrid_planning/share/moveit_hybrid_planning/launch/hybrid_planning_common.py
[50.712s] -- Installing: /home/wzb/ros2ws/moveit_ws/install/moveit_hybrid_planning/share/moveit_hybrid_planning/launch/test_basic_integration.test.py
[50.712s] -- Installing: /home/wzb/ros2ws/moveit_ws/install/moveit_hybrid_planning/share/moveit_hybrid_planning/config
[50.712s] -- Installing: /home/wzb/ros2ws/moveit_ws/install/moveit_hybrid_planning/share/moveit_hybrid_planning/config/hybrid_planning_manager.yaml
[50.712s] -- Installing: /home/wzb/ros2ws/moveit_ws/install/moveit_hybrid_planning/share/moveit_hybrid_planning/config/hybrid_planning_demo.rviz
[50.712s] -- Installing: /home/wzb/ros2ws/moveit_ws/install/moveit_hybrid_planning/share/moveit_hybrid_planning/config/demo_controller.yaml
[50.712s] -- Installing: /home/wzb/ros2ws/moveit_ws/install/moveit_hybrid_planning/share/moveit_hybrid_planning/config/global_planner.yaml
[50.712s] -- Installing: /home/wzb/ros2ws/moveit_ws/install/moveit_hybrid_planning/share/moveit_hybrid_planning/config/local_planner.yaml
[50.712s] -- Installing: /home/wzb/ros2ws/moveit_ws/install/moveit_hybrid_planning/share/moveit_hybrid_planning/single_plan_execution_plugin.xml
[50.712s] -- Installing: /home/wzb/ros2ws/moveit_ws/install/moveit_hybrid_planning/share/moveit_hybrid_planning/moveit_planning_pipeline_plugin.xml
[50.712s] -- Installing: /home/wzb/ros2ws/moveit_ws/install/moveit_hybrid_planning/share/moveit_hybrid_planning/simple_sampler_plugin.xml
[50.712s] -- Installing: /home/wzb/ros2ws/moveit_ws/install/moveit_hybrid_planning/share/moveit_hybrid_planning/replan_invalidated_trajectory_plugin.xml
[50.712s] -- Installing: /home/wzb/ros2ws/moveit_ws/install/moveit_hybrid_planning/share/moveit_hybrid_planning/forward_trajectory_plugin.xml
[50.712s] -- Installing: /home/wzb/ros2ws/moveit_ws/install/moveit_hybrid_planning/share/moveit_hybrid_planning/environment/library_path.sh
[50.712s] -- Installing: /home/wzb/ros2ws/moveit_ws/install/moveit_hybrid_planning/share/moveit_hybrid_planning/environment/library_path.dsv
[50.712s] -- Installing: /home/wzb/ros2ws/moveit_ws/install/moveit_hybrid_planning/share/ament_index/resource_index/package_run_dependencies/moveit_hybrid_planning
[50.712s] -- Installing: /home/wzb/ros2ws/moveit_ws/install/moveit_hybrid_planning/share/ament_index/resource_index/parent_prefix_path/moveit_hybrid_planning
[50.712s] -- Installing: /home/wzb/ros2ws/moveit_ws/install/moveit_hybrid_planning/share/moveit_hybrid_planning/environment/ament_prefix_path.sh
[50.712s] -- Installing: /home/wzb/ros2ws/moveit_ws/install/moveit_hybrid_planning/share/moveit_hybrid_planning/environment/ament_prefix_path.dsv
[50.712s] -- Installing: /home/wzb/ros2ws/moveit_ws/install/moveit_hybrid_planning/share/moveit_hybrid_planning/environment/path.sh
[50.712s] -- Installing: /home/wzb/ros2ws/moveit_ws/install/moveit_hybrid_planning/share/moveit_hybrid_planning/environment/path.dsv
[50.712s] -- Installing: /home/wzb/ros2ws/moveit_ws/install/moveit_hybrid_planning/share/moveit_hybrid_planning/local_setup.bash
[50.712s] -- Installing: /home/wzb/ros2ws/moveit_ws/install/moveit_hybrid_planning/share/moveit_hybrid_planning/local_setup.sh
[50.712s] -- Installing: /home/wzb/ros2ws/moveit_ws/install/moveit_hybrid_planning/share/moveit_hybrid_planning/local_setup.zsh
[50.712s] -- Installing: /home/wzb/ros2ws/moveit_ws/install/moveit_hybrid_planning/share/moveit_hybrid_planning/local_setup.dsv
[50.712s] -- Installing: /home/wzb/ros2ws/moveit_ws/install/moveit_hybrid_planning/share/moveit_hybrid_planning/package.dsv
[50.712s] -- Installing: /home/wzb/ros2ws/moveit_ws/install/moveit_hybrid_planning/share/ament_index/resource_index/packages/moveit_hybrid_planning
[50.712s] -- Installing: /home/wzb/ros2ws/moveit_ws/install/moveit_hybrid_planning/share/ament_index/resource_index/moveit_hybrid_planning__pluginlib__plugin/moveit_hybrid_planning
[50.712s] -- Installing: /home/wzb/ros2ws/moveit_ws/install/moveit_hybrid_planning/share/ament_index/resource_index/rclcpp_components/moveit_hybrid_planning
[50.712s] -- Installing: /home/wzb/ros2ws/moveit_ws/install/moveit_hybrid_planning/share/moveit_hybrid_planning/cmake/moveit_hybrid_planningTargetsExport.cmake
[50.713s] -- Installing: /home/wzb/ros2ws/moveit_ws/install/moveit_hybrid_planning/share/moveit_hybrid_planning/cmake/moveit_hybrid_planningTargetsExport-release.cmake
[50.713s] -- Installing: /home/wzb/ros2ws/moveit_ws/install/moveit_hybrid_planning/share/moveit_hybrid_planning/cmake/ament_cmake_export_dependencies-extras.cmake
[50.713s] -- Installing: /home/wzb/ros2ws/moveit_ws/install/moveit_hybrid_planning/share/moveit_hybrid_planning/cmake/ament_cmake_export_targets-extras.cmake
[50.713s] -- Installing: /home/wzb/ros2ws/moveit_ws/install/moveit_hybrid_planning/share/moveit_hybrid_planning/cmake/moveit_hybrid_planningConfig.cmake
[50.713s] -- Installing: /home/wzb/ros2ws/moveit_ws/install/moveit_hybrid_planning/share/moveit_hybrid_planning/cmake/moveit_hybrid_planningConfig-version.cmake
[50.713s] -- Installing: /home/wzb/ros2ws/moveit_ws/install/moveit_hybrid_planning/share/moveit_hybrid_planning/package.xml
[50.714s] Invoked command in '/home/wzb/ros2ws/moveit_ws/build/moveit_hybrid_planning' returned '0': AMENT_PREFIX_PATH=/home/wzb/ros2ws/moveit_ws/install/moveit_ros_planning_interface:/home/wzb/ros2ws/moveit_ws/install/moveit_ros_move_group:/home/wzb/ros2ws/moveit_ws/install/moveit_ros_warehouse:/home/wzb/ros2ws/moveit_ws/install/moveit_planners_ompl:/home/wzb/ros2ws/moveit_ws/install/moveit_kinematics:/home/wzb/ros2ws/moveit_ws/install/moveit_ros_planning:/home/wzb/ros2ws/moveit_ws/install/moveit_simple_controller_manager:/home/wzb/ros2ws/moveit_ws/install/moveit_ros_occupancy_map_monitor:/home/wzb/ros2ws/moveit_ws/install/moveit_core:/home/wzb/ros2ws/moveit_ws/install/moveit_resources_panda_moveit_config:/home/wzb/ros2ws/moveit_ws/install/moveit_resources_fanuc_moveit_config:/home/wzb/ros2ws/moveit_ws/install/moveit_resources_pr2_description:/home/wzb/ros2ws/moveit_ws/install/moveit_resources_panda_description:/home/wzb/ros2ws/moveit_ws/install/moveit_resources_fanuc_description:/home/wzb/ros2ws/moveit_ws/install/moveit_msgs:/home/wzb/ros2ws/moveit_ws/install/moveit_configs_utils:/home/wzb/ros2ws/moveit_ws/install/moveit_common:${AMENT_PREFIX_PATH} CMAKE_PREFIX_PATH=/home/wzb/ros2ws/moveit_ws/install/moveit_ros_planning_interface:/home/wzb/ros2ws/moveit_ws/install/moveit_ros_move_group:/home/wzb/ros2ws/moveit_ws/install/moveit_ros_warehouse:/home/wzb/ros2ws/moveit_ws/install/moveit_planners_ompl:/home/wzb/ros2ws/moveit_ws/install/moveit_kinematics:/home/wzb/ros2ws/moveit_ws/install/moveit_ros_planning:/home/wzb/ros2ws/moveit_ws/install/moveit_simple_controller_manager:/home/wzb/ros2ws/moveit_ws/install/moveit_ros_occupancy_map_monitor:/home/wzb/ros2ws/moveit_ws/install/moveit_core:/home/wzb/ros2ws/moveit_ws/install/moveit_resources_panda_moveit_config:/home/wzb/ros2ws/moveit_ws/install/moveit_resources_fanuc_moveit_config:/home/wzb/ros2ws/moveit_ws/install/moveit_resources_pr2_description:/home/wzb/ros2ws/moveit_ws/install/moveit_resources_panda_description:/home/wzb/ros2ws/moveit_ws/install/moveit_resources_fanuc_description:/home/wzb/ros2ws/moveit_ws/install/moveit_msgs:/home/wzb/ros2ws/moveit_ws/install/moveit_common:/opt/ros/humble LD_LIBRARY_PATH=/home/wzb/ros2ws/moveit_ws/install/moveit_ros_planning_interface/lib:/home/wzb/ros2ws/moveit_ws/install/moveit_ros_move_group/lib:/home/wzb/ros2ws/moveit_ws/install/moveit_ros_warehouse/lib:/home/wzb/ros2ws/moveit_ws/install/moveit_planners_ompl/lib:/home/wzb/ros2ws/moveit_ws/install/moveit_kinematics/lib:/home/wzb/ros2ws/moveit_ws/install/moveit_ros_planning/lib:/home/wzb/ros2ws/moveit_ws/install/moveit_simple_controller_manager/lib:/home/wzb/ros2ws/moveit_ws/install/moveit_ros_occupancy_map_monitor/lib:/home/wzb/ros2ws/moveit_ws/install/moveit_core/lib:/home/wzb/ros2ws/moveit_ws/install/moveit_msgs/lib:${LD_LIBRARY_PATH} PATH=/home/wzb/ros2ws/moveit_ws/install/moveit_core/bin:${PATH} PYTHONPATH=/home/wzb/ros2ws/moveit_ws/install/moveit_msgs/local/lib/python3.10/dist-packages:/home/wzb/ros2ws/moveit_ws/install/moveit_configs_utils/lib/python3.10/site-packages:${PYTHONPATH} /usr/bin/cmake --install /home/wzb/ros2ws/moveit_ws/build/moveit_hybrid_planning
