[0.023s] Invoking command in '/home/wzb/ros2ws/moveit_ws/build/moveit_common': CMAKE_PREFIX_PATH=${CMAKE_PREFIX_PATH}:/home/wzb/ros2ws/my_piper_ros/install/piper:/home/wzb/ros2ws/moveit_ws/install/moveit_configs_utils:/opt/ros/humble /usr/bin/cmake --build /home/wzb/ros2ws/moveit_ws/build/moveit_common -- -j20 -l20
[0.170s] Invoked command in '/home/wzb/ros2ws/moveit_ws/build/moveit_common' returned '0': CMAKE_PREFIX_PATH=${CMAKE_PREFIX_PATH}:/home/wzb/ros2ws/my_piper_ros/install/piper:/home/wzb/ros2ws/moveit_ws/install/moveit_configs_utils:/opt/ros/humble /usr/bin/cmake --build /home/wzb/ros2ws/moveit_ws/build/moveit_common -- -j20 -l20
[0.176s] Invoking command in '/home/wzb/ros2ws/moveit_ws/build/moveit_common': CMAKE_PREFIX_PATH=${CMAKE_PREFIX_PATH}:/home/wzb/ros2ws/my_piper_ros/install/piper:/home/wzb/ros2ws/moveit_ws/install/moveit_configs_utils:/opt/ros/humble /usr/bin/cmake --install /home/wzb/ros2ws/moveit_ws/build/moveit_common
[0.180s] -- Install configuration: "Release"
[0.180s] -- Up-to-date: /home/wzb/ros2ws/moveit_ws/install/moveit_common/share/ament_index/resource_index/package_run_dependencies/moveit_common
[0.180s] -- Up-to-date: /home/wzb/ros2ws/moveit_ws/install/moveit_common/share/ament_index/resource_index/parent_prefix_path/moveit_common
[0.180s] -- Up-to-date: /home/wzb/ros2ws/moveit_ws/install/moveit_common/share/moveit_common/environment/ament_prefix_path.sh
[0.180s] -- Up-to-date: /home/wzb/ros2ws/moveit_ws/install/moveit_common/share/moveit_common/environment/ament_prefix_path.dsv
[0.181s] -- Up-to-date: /home/wzb/ros2ws/moveit_ws/install/moveit_common/share/moveit_common/environment/path.sh
[0.181s] -- Up-to-date: /home/wzb/ros2ws/moveit_ws/install/moveit_common/share/moveit_common/environment/path.dsv
[0.181s] -- Up-to-date: /home/wzb/ros2ws/moveit_ws/install/moveit_common/share/moveit_common/local_setup.bash
[0.181s] -- Up-to-date: /home/wzb/ros2ws/moveit_ws/install/moveit_common/share/moveit_common/local_setup.sh
[0.181s] -- Up-to-date: /home/wzb/ros2ws/moveit_ws/install/moveit_common/share/moveit_common/local_setup.zsh
[0.181s] -- Up-to-date: /home/wzb/ros2ws/moveit_ws/install/moveit_common/share/moveit_common/local_setup.dsv
[0.181s] -- Up-to-date: /home/wzb/ros2ws/moveit_ws/install/moveit_common/share/moveit_common/package.dsv
[0.181s] -- Up-to-date: /home/wzb/ros2ws/moveit_ws/install/moveit_common/share/ament_index/resource_index/packages/moveit_common
[0.181s] -- Up-to-date: /home/wzb/ros2ws/moveit_ws/install/moveit_common/share/moveit_common/cmake/moveit_common-extras.cmake
[0.181s] -- Up-to-date: /home/wzb/ros2ws/moveit_ws/install/moveit_common/share/moveit_common/cmake/moveit_commonConfig.cmake
[0.181s] -- Up-to-date: /home/wzb/ros2ws/moveit_ws/install/moveit_common/share/moveit_common/cmake/moveit_commonConfig-version.cmake
[0.181s] -- Up-to-date: /home/wzb/ros2ws/moveit_ws/install/moveit_common/share/moveit_common/package.xml
[0.181s] -- Up-to-date: /home/wzb/ros2ws/moveit_ws/install/moveit_common/share/moveit_common/cmake
[0.181s] -- Up-to-date: /home/wzb/ros2ws/moveit_ws/install/moveit_common/share/moveit_common/cmake/moveit_package.cmake
[0.182s] Invoked command in '/home/wzb/ros2ws/moveit_ws/build/moveit_common' returned '0': CMAKE_PREFIX_PATH=${CMAKE_PREFIX_PATH}:/home/wzb/ros2ws/my_piper_ros/install/piper:/home/wzb/ros2ws/moveit_ws/install/moveit_configs_utils:/opt/ros/humble /usr/bin/cmake --install /home/wzb/ros2ws/moveit_ws/build/moveit_common
