-- The C compiler identification is GNU 11.4.0
-- The CXX compiler identification is GNU 11.4.0
-- Detecting C compiler ABI info
-- Detecting C compiler ABI info - done
-- Check for working C compiler: /usr/bin/cc - skipped
-- Detecting C compile features
-- Detecting C compile features - done
-- Detecting CXX compiler ABI info
-- Detecting CXX compiler ABI info - done
-- Check for working CXX compiler: /usr/bin/c++ - skipped
-- Detecting CXX compile features
-- Detecting CXX compile features - done
-- Found ament_cmake: 1.3.12 (/opt/ros/humble/share/ament_cmake/cmake)
-- Found Python3: /usr/bin/python3 (found version "3.10.12") found components: Interpreter 
-- Configuring done
-- Generating done
-- Build files have been written to: /home/wzb/ros2ws/coffee_ws/build/coffee_detect
Built target ament_cmake_python_copy_coffee_detect
running egg_info
creating coffee_detect.egg-info
writing coffee_detect.egg-info/PKG-INFO
writing dependency_links to coffee_detect.egg-info/dependency_links.txt
writing top-level names to coffee_detect.egg-info/top_level.txt
writing manifest file 'coffee_detect.egg-info/SOURCES.txt'
reading manifest file 'coffee_detect.egg-info/SOURCES.txt'
writing manifest file 'coffee_detect.egg-info/SOURCES.txt'
Built target ament_cmake_python_build_coffee_detect_egg
-- Install configuration: ""
-- Installing: /home/wzb/ros2ws/coffee_ws/install/coffee_detect/share/coffee_detect/environment/pythonpath.sh
-- Installing: /home/wzb/ros2ws/coffee_ws/install/coffee_detect/share/coffee_detect/environment/pythonpath.dsv
-- Installing: /home/wzb/ros2ws/coffee_ws/install/coffee_detect/local/lib/python3.10/dist-packages/coffee_detect-0.1.0-py3.10.egg-info
-- Installing: /home/wzb/ros2ws/coffee_ws/install/coffee_detect/local/lib/python3.10/dist-packages/coffee_detect-0.1.0-py3.10.egg-info/dependency_links.txt
-- Installing: /home/wzb/ros2ws/coffee_ws/install/coffee_detect/local/lib/python3.10/dist-packages/coffee_detect-0.1.0-py3.10.egg-info/SOURCES.txt
-- Installing: /home/wzb/ros2ws/coffee_ws/install/coffee_detect/local/lib/python3.10/dist-packages/coffee_detect-0.1.0-py3.10.egg-info/PKG-INFO
-- Installing: /home/wzb/ros2ws/coffee_ws/install/coffee_detect/local/lib/python3.10/dist-packages/coffee_detect-0.1.0-py3.10.egg-info/top_level.txt
-- Installing: /home/wzb/ros2ws/coffee_ws/install/coffee_detect/local/lib/python3.10/dist-packages/coffee_detect
-- Installing: /home/wzb/ros2ws/coffee_ws/install/coffee_detect/local/lib/python3.10/dist-packages/coffee_detect/coffee.py
-- Installing: /home/wzb/ros2ws/coffee_ws/install/coffee_detect/local/lib/python3.10/dist-packages/coffee_detect/__init__.py
Listing '/home/wzb/ros2ws/coffee_ws/install/coffee_detect/local/lib/python3.10/dist-packages/coffee_detect'...
Compiling '/home/wzb/ros2ws/coffee_ws/install/coffee_detect/local/lib/python3.10/dist-packages/coffee_detect/__init__.py'...
Compiling '/home/wzb/ros2ws/coffee_ws/install/coffee_detect/local/lib/python3.10/dist-packages/coffee_detect/coffee.py'...
-- Installing: /home/wzb/ros2ws/coffee_ws/install/coffee_detect/share/coffee_detect/launch
-- Installing: /home/wzb/ros2ws/coffee_ws/install/coffee_detect/share/coffee_detect/launch/coffee.launch.py
-- Installing: /home/wzb/ros2ws/coffee_ws/install/coffee_detect/share/coffee_detect/config
-- Installing: /home/wzb/ros2ws/coffee_ws/install/coffee_detect/share/coffee_detect/config/params.yaml
-- Installing: /home/wzb/ros2ws/coffee_ws/install/coffee_detect/lib/coffee_detect/coffee.py
-- Installing: /home/wzb/ros2ws/coffee_ws/install/coffee_detect/share/ament_index/resource_index/package_run_dependencies/coffee_detect
-- Installing: /home/wzb/ros2ws/coffee_ws/install/coffee_detect/share/ament_index/resource_index/parent_prefix_path/coffee_detect
-- Installing: /home/wzb/ros2ws/coffee_ws/install/coffee_detect/share/coffee_detect/environment/ament_prefix_path.sh
-- Installing: /home/wzb/ros2ws/coffee_ws/install/coffee_detect/share/coffee_detect/environment/ament_prefix_path.dsv
-- Installing: /home/wzb/ros2ws/coffee_ws/install/coffee_detect/share/coffee_detect/environment/path.sh
-- Installing: /home/wzb/ros2ws/coffee_ws/install/coffee_detect/share/coffee_detect/environment/path.dsv
-- Installing: /home/wzb/ros2ws/coffee_ws/install/coffee_detect/share/coffee_detect/local_setup.bash
-- Installing: /home/wzb/ros2ws/coffee_ws/install/coffee_detect/share/coffee_detect/local_setup.sh
-- Installing: /home/wzb/ros2ws/coffee_ws/install/coffee_detect/share/coffee_detect/local_setup.zsh
-- Installing: /home/wzb/ros2ws/coffee_ws/install/coffee_detect/share/coffee_detect/local_setup.dsv
-- Installing: /home/wzb/ros2ws/coffee_ws/install/coffee_detect/share/coffee_detect/package.dsv
-- Installing: /home/wzb/ros2ws/coffee_ws/install/coffee_detect/share/ament_index/resource_index/packages/coffee_detect
-- Installing: /home/wzb/ros2ws/coffee_ws/install/coffee_detect/share/coffee_detect/cmake/coffee_detectConfig.cmake
-- Installing: /home/wzb/ros2ws/coffee_ws/install/coffee_detect/share/coffee_detect/cmake/coffee_detectConfig-version.cmake
-- Installing: /home/wzb/ros2ws/coffee_ws/install/coffee_detect/share/coffee_detect/package.xml
