[0.009s] Invoking command in '/home/wzb/ros2ws/coffee_ws/build/coffee_detect': CMAKE_PREFIX_PATH=${CMAKE_PREFIX_PATH}:/home/wzb/ros2ws/moveit_ws/install/moveit_configs_utils:/home/wzb/ros2ws/my_piper_ros/install/piper:/opt/ros/humble /usr/bin/cmake /home/wzb/ros2ws/coffee_ws/src/coffee_detect -DCMAKE_INSTALL_PREFIX=/home/wzb/ros2ws/coffee_ws/install/coffee_detect
[0.069s] -- The C compiler identification is GNU 11.4.0
[0.126s] -- The CXX compiler identification is GNU 11.4.0
[0.133s] -- Detecting C compiler ABI info
[0.189s] -- Detecting C compiler ABI info - done
[0.193s] -- Check for working C compiler: /usr/bin/cc - skipped
[0.193s] -- Detecting C compile features
[0.193s] -- Detecting C compile features - done
[0.195s] -- Detecting CXX compiler ABI info
[0.256s] -- Detecting CXX compiler ABI info - done
[0.261s] -- Check for working CXX compiler: /usr/bin/c++ - skipped
[0.261s] -- Detecting CXX compile features
[0.261s] -- Detecting CXX compile features - done
[0.266s] -- Found ament_cmake: 1.3.12 (/opt/ros/humble/share/ament_cmake/cmake)
[0.373s] -- Found Python3: /usr/bin/python3 (found version "3.10.12") found components: Interpreter 
[0.560s] -- Configuring done
[0.562s] -- Generating done
[0.563s] -- Build files have been written to: /home/wzb/ros2ws/coffee_ws/build/coffee_detect
[0.566s] Invoked command in '/home/wzb/ros2ws/coffee_ws/build/coffee_detect' returned '0': CMAKE_PREFIX_PATH=${CMAKE_PREFIX_PATH}:/home/wzb/ros2ws/moveit_ws/install/moveit_configs_utils:/home/wzb/ros2ws/my_piper_ros/install/piper:/opt/ros/humble /usr/bin/cmake /home/wzb/ros2ws/coffee_ws/src/coffee_detect -DCMAKE_INSTALL_PREFIX=/home/wzb/ros2ws/coffee_ws/install/coffee_detect
[0.567s] Invoking command in '/home/wzb/ros2ws/coffee_ws/build/coffee_detect': CMAKE_PREFIX_PATH=${CMAKE_PREFIX_PATH}:/home/wzb/ros2ws/moveit_ws/install/moveit_configs_utils:/home/wzb/ros2ws/my_piper_ros/install/piper:/opt/ros/humble /usr/bin/cmake --build /home/wzb/ros2ws/coffee_ws/build/coffee_detect -- -j20 -l20
[0.618s] Built target ament_cmake_python_copy_coffee_detect
[0.748s] running egg_info
[0.748s] creating coffee_detect.egg-info
[0.748s] writing coffee_detect.egg-info/PKG-INFO
[0.748s] writing dependency_links to coffee_detect.egg-info/dependency_links.txt
[0.748s] writing top-level names to coffee_detect.egg-info/top_level.txt
[0.748s] writing manifest file 'coffee_detect.egg-info/SOURCES.txt'
[0.750s] reading manifest file 'coffee_detect.egg-info/SOURCES.txt'
[0.750s] writing manifest file 'coffee_detect.egg-info/SOURCES.txt'
[0.766s] Built target ament_cmake_python_build_coffee_detect_egg
[0.774s] Invoked command in '/home/wzb/ros2ws/coffee_ws/build/coffee_detect' returned '0': CMAKE_PREFIX_PATH=${CMAKE_PREFIX_PATH}:/home/wzb/ros2ws/moveit_ws/install/moveit_configs_utils:/home/wzb/ros2ws/my_piper_ros/install/piper:/opt/ros/humble /usr/bin/cmake --build /home/wzb/ros2ws/coffee_ws/build/coffee_detect -- -j20 -l20
[0.780s] Invoking command in '/home/wzb/ros2ws/coffee_ws/build/coffee_detect': CMAKE_PREFIX_PATH=${CMAKE_PREFIX_PATH}:/home/wzb/ros2ws/moveit_ws/install/moveit_configs_utils:/home/wzb/ros2ws/my_piper_ros/install/piper:/opt/ros/humble /usr/bin/cmake --install /home/wzb/ros2ws/coffee_ws/build/coffee_detect
[0.786s] -- Install configuration: ""
[0.786s] -- Installing: /home/wzb/ros2ws/coffee_ws/install/coffee_detect/share/coffee_detect/environment/pythonpath.sh
[0.786s] -- Installing: /home/wzb/ros2ws/coffee_ws/install/coffee_detect/share/coffee_detect/environment/pythonpath.dsv
[0.786s] -- Installing: /home/wzb/ros2ws/coffee_ws/install/coffee_detect/local/lib/python3.10/dist-packages/coffee_detect-0.1.0-py3.10.egg-info
[0.786s] -- Installing: /home/wzb/ros2ws/coffee_ws/install/coffee_detect/local/lib/python3.10/dist-packages/coffee_detect-0.1.0-py3.10.egg-info/dependency_links.txt
[0.786s] -- Installing: /home/wzb/ros2ws/coffee_ws/install/coffee_detect/local/lib/python3.10/dist-packages/coffee_detect-0.1.0-py3.10.egg-info/SOURCES.txt
[0.786s] -- Installing: /home/wzb/ros2ws/coffee_ws/install/coffee_detect/local/lib/python3.10/dist-packages/coffee_detect-0.1.0-py3.10.egg-info/PKG-INFO
[0.786s] -- Installing: /home/wzb/ros2ws/coffee_ws/install/coffee_detect/local/lib/python3.10/dist-packages/coffee_detect-0.1.0-py3.10.egg-info/top_level.txt
[0.786s] -- Installing: /home/wzb/ros2ws/coffee_ws/install/coffee_detect/local/lib/python3.10/dist-packages/coffee_detect
[0.786s] -- Installing: /home/wzb/ros2ws/coffee_ws/install/coffee_detect/local/lib/python3.10/dist-packages/coffee_detect/coffee.py
[0.786s] -- Installing: /home/wzb/ros2ws/coffee_ws/install/coffee_detect/local/lib/python3.10/dist-packages/coffee_detect/__init__.py
[0.808s] Listing '/home/wzb/ros2ws/coffee_ws/install/coffee_detect/local/lib/python3.10/dist-packages/coffee_detect'...
[0.808s] Compiling '/home/wzb/ros2ws/coffee_ws/install/coffee_detect/local/lib/python3.10/dist-packages/coffee_detect/__init__.py'...
[0.808s] Compiling '/home/wzb/ros2ws/coffee_ws/install/coffee_detect/local/lib/python3.10/dist-packages/coffee_detect/coffee.py'...
[0.810s] -- Installing: /home/wzb/ros2ws/coffee_ws/install/coffee_detect/share/coffee_detect/launch
[0.811s] -- Installing: /home/wzb/ros2ws/coffee_ws/install/coffee_detect/share/coffee_detect/launch/coffee.launch.py
[0.811s] -- Installing: /home/wzb/ros2ws/coffee_ws/install/coffee_detect/share/coffee_detect/config
[0.811s] -- Installing: /home/wzb/ros2ws/coffee_ws/install/coffee_detect/share/coffee_detect/config/params.yaml
[0.811s] -- Installing: /home/wzb/ros2ws/coffee_ws/install/coffee_detect/lib/coffee_detect/coffee.py
[0.811s] -- Installing: /home/wzb/ros2ws/coffee_ws/install/coffee_detect/share/ament_index/resource_index/package_run_dependencies/coffee_detect
[0.811s] -- Installing: /home/wzb/ros2ws/coffee_ws/install/coffee_detect/share/ament_index/resource_index/parent_prefix_path/coffee_detect
[0.811s] -- Installing: /home/wzb/ros2ws/coffee_ws/install/coffee_detect/share/coffee_detect/environment/ament_prefix_path.sh
[0.811s] -- Installing: /home/wzb/ros2ws/coffee_ws/install/coffee_detect/share/coffee_detect/environment/ament_prefix_path.dsv
[0.811s] -- Installing: /home/wzb/ros2ws/coffee_ws/install/coffee_detect/share/coffee_detect/environment/path.sh
[0.811s] -- Installing: /home/wzb/ros2ws/coffee_ws/install/coffee_detect/share/coffee_detect/environment/path.dsv
[0.811s] -- Installing: /home/wzb/ros2ws/coffee_ws/install/coffee_detect/share/coffee_detect/local_setup.bash
[0.811s] -- Installing: /home/wzb/ros2ws/coffee_ws/install/coffee_detect/share/coffee_detect/local_setup.sh
[0.811s] -- Installing: /home/wzb/ros2ws/coffee_ws/install/coffee_detect/share/coffee_detect/local_setup.zsh
[0.811s] -- Installing: /home/wzb/ros2ws/coffee_ws/install/coffee_detect/share/coffee_detect/local_setup.dsv
[0.811s] -- Installing: /home/wzb/ros2ws/coffee_ws/install/coffee_detect/share/coffee_detect/package.dsv
[0.811s] -- Installing: /home/wzb/ros2ws/coffee_ws/install/coffee_detect/share/ament_index/resource_index/packages/coffee_detect
[0.811s] -- Installing: /home/wzb/ros2ws/coffee_ws/install/coffee_detect/share/coffee_detect/cmake/coffee_detectConfig.cmake
[0.811s] -- Installing: /home/wzb/ros2ws/coffee_ws/install/coffee_detect/share/coffee_detect/cmake/coffee_detectConfig-version.cmake
[0.811s] -- Installing: /home/wzb/ros2ws/coffee_ws/install/coffee_detect/share/coffee_detect/package.xml
[0.812s] Invoked command in '/home/wzb/ros2ws/coffee_ws/build/coffee_detect' returned '0': CMAKE_PREFIX_PATH=${CMAKE_PREFIX_PATH}:/home/wzb/ros2ws/moveit_ws/install/moveit_configs_utils:/home/wzb/ros2ws/my_piper_ros/install/piper:/opt/ros/humble /usr/bin/cmake --install /home/wzb/ros2ws/coffee_ws/build/coffee_detect
