[0.007s] Invoking command in '/home/wzb/ros2ws/moveit_ws/build/moveit_ros_planning': AMENT_PREFIX_PATH=/home/wzb/ros2ws/moveit_ws/install/moveit_ros_occupancy_map_monitor:/home/wzb/ros2ws/moveit_ws/install/moveit_core:/home/wzb/ros2ws/moveit_ws/install/moveit_resources_panda_moveit_config:/home/wzb/ros2ws/moveit_ws/install/moveit_resources_pr2_description:/home/wzb/ros2ws/moveit_ws/install/moveit_resources_panda_description:/home/wzb/ros2ws/moveit_ws/install/moveit_msgs:/home/wzb/ros2ws/moveit_ws/install/moveit_configs_utils:/home/wzb/ros2ws/moveit_ws/install/moveit_common:${AMENT_PREFIX_PATH} CMAKE_PREFIX_PATH=/home/wzb/ros2ws/moveit_ws/install/moveit_ros_occupancy_map_monitor:/home/wzb/ros2ws/moveit_ws/install/moveit_core:/home/wzb/ros2ws/moveit_ws/install/moveit_resources_panda_moveit_config:/home/wzb/ros2ws/moveit_ws/install/moveit_resources_pr2_description:/home/wzb/ros2ws/moveit_ws/install/moveit_resources_panda_description:/home/wzb/ros2ws/moveit_ws/install/moveit_msgs:/home/wzb/ros2ws/moveit_ws/install/moveit_common:/opt/ros/humble LD_LIBRARY_PATH=/home/wzb/ros2ws/moveit_ws/install/moveit_ros_occupancy_map_monitor/lib:/home/wzb/ros2ws/moveit_ws/install/moveit_core/lib:/home/wzb/ros2ws/moveit_ws/install/moveit_msgs/lib:${LD_LIBRARY_PATH} PATH=/home/wzb/ros2ws/moveit_ws/install/moveit_core/bin:${PATH} PYTHONPATH=/home/wzb/ros2ws/moveit_ws/install/moveit_msgs/local/lib/python3.10/dist-packages:/home/wzb/ros2ws/moveit_ws/install/moveit_configs_utils/lib/python3.10/site-packages:${PYTHONPATH} /usr/bin/cmake /home/wzb/ros2ws/moveit_ws/src/moveit2/moveit_ros/planning -DCMAKE_BUILD_TYPE=Release -DCMAKE_INSTALL_PREFIX=/home/wzb/ros2ws/moveit_ws/install/moveit_ros_planning
[0.040s] -- The CXX compiler identification is GNU 11.4.0
[0.044s] -- Detecting CXX compiler ABI info
[0.083s] -- Detecting CXX compiler ABI info - done
[0.087s] -- Check for working CXX compiler: /usr/bin/c++ - skipped
[0.087s] -- Detecting CXX compile features
[0.088s] -- Detecting CXX compile features - done
[0.088s] -- Found moveit_common: 2.14.1 (/home/wzb/ros2ws/moveit_ws/install/moveit_common/share/moveit_common/cmake)
[0.089s] -- Found ament_cmake: 1.3.12 (/opt/ros/humble/share/ament_cmake/cmake)
[0.172s] -- Found Python3: /usr/bin/python3 (found version "3.10.12") found components: Interpreter 
[0.257s] -- Found ament_index_cpp: 1.4.0 (/opt/ros/humble/share/ament_index_cpp/cmake)
[0.262s] -- Found generate_parameter_library: 0.5.0 (/opt/ros/humble/share/generate_parameter_library/cmake)
[0.263s] -- Found parameter_traits: 0.5.0 (/opt/ros/humble/share/parameter_traits/cmake)
[0.287s] -- Found rosidl_generator_c: 3.1.7 (/opt/ros/humble/share/rosidl_generator_c/cmake)
[0.290s] -- Found rosidl_adapter: 3.1.7 (/opt/ros/humble/share/rosidl_adapter/cmake)
[0.294s] -- Found rosidl_generator_cpp: 3.1.7 (/opt/ros/humble/share/rosidl_generator_cpp/cmake)
[0.301s] -- Using all available rosidl_typesupport_c: rosidl_typesupport_fastrtps_c;rosidl_typesupport_introspection_c
[0.311s] -- Using all available rosidl_typesupport_cpp: rosidl_typesupport_fastrtps_cpp;rosidl_typesupport_introspection_cpp
[0.336s] -- Found rmw_implementation_cmake: 6.1.2 (/opt/ros/humble/share/rmw_implementation_cmake/cmake)
[0.338s] -- Found rmw_fastrtps_cpp: 6.2.9 (/opt/ros/humble/share/rmw_fastrtps_cpp/cmake)
[0.378s] -- Found OpenSSL: /usr/lib/x86_64-linux-gnu/libcrypto.so (found version "3.0.2")  
[0.392s] -- Found FastRTPS: /opt/ros/humble/include  
[0.413s] -- Using RMW implementation 'rmw_fastrtps_cpp' as default
[0.418s] -- Looking for C++ include pthread.h
[0.477s] -- Looking for C++ include pthread.h - found
[0.478s] -- Performing Test CMAKE_HAVE_LIBC_PTHREAD
[0.535s] -- Performing Test CMAKE_HAVE_LIBC_PTHREAD - Success
[0.536s] -- Found Threads: TRUE  
[0.570s] -- Found rclcpp_lifecycle: 16.0.16 (/opt/ros/humble/share/rclcpp_lifecycle/cmake)
[0.581s] -- Found message_filters: 4.3.11 (/opt/ros/humble/share/message_filters/cmake)
[0.583s] -- Found moveit_core: 2.14.1 (/home/wzb/ros2ws/moveit_ws/install/moveit_core/share/moveit_core/cmake)
[0.602s] -- Found Boost: /usr/lib/x86_64-linux-gnu/cmake/Boost-1.74.0/BoostConfig.cmake (found version "1.74.0") found components: chrono date_time filesystem iostreams program_options regex serialization system thread 
[0.625s] -- Found Boost: /usr/lib/x86_64-linux-gnu/cmake/Boost-1.74.0/BoostConfig.cmake (found version "1.74.0") found components: filesystem 
[0.671s] -- library: /usr/lib/x86_64-linux-gnu/libcurl.so
[0.708s] -- Found Eigen3: TRUE (found version "3.4.0") 
[0.708s] -- Ensuring Eigen3 include directory is part of orocos-kdl CMake target
[0.840s] -- Found moveit_ros_occupancy_map_monitor: 2.14.1 (/home/wzb/ros2ws/moveit_ws/install/moveit_ros_occupancy_map_monitor/share/moveit_ros_occupancy_map_monitor/cmake)
[0.849s] -- Found Boost: /usr/lib/x86_64-linux-gnu/cmake/Boost-1.74.0/BoostConfig.cmake (found version "1.74.0") found components: system filesystem date_time program_options thread chrono 
[0.869s] -- Performing Test COMPILER_HAS_HIDDEN_VISIBILITY
[0.925s] -- Performing Test COMPILER_HAS_HIDDEN_VISIBILITY - Success
[0.925s] -- Performing Test COMPILER_HAS_HIDDEN_INLINE_VISIBILITY
[0.981s] -- Performing Test COMPILER_HAS_HIDDEN_INLINE_VISIBILITY - Success
[0.981s] -- Performing Test COMPILER_HAS_DEPRECATED_ATTR
[1.037s] -- Performing Test COMPILER_HAS_DEPRECATED_ATTR - Success
[1.044s] -- Found ament_cmake_gtest: 1.3.12 (/opt/ros/humble/share/ament_cmake_gtest/cmake)
[1.047s] -- Found gtest sources under '/opt/ros/humble/src/gtest_vendor': C++ tests using 'Google Test' will be built
[1.070s] -- The C compiler identification is GNU 11.4.0
[1.074s] -- Detecting C compiler ABI info
[1.124s] -- Detecting C compiler ABI info - done
[1.129s] -- Check for working C compiler: /usr/bin/cc - skipped
[1.129s] -- Detecting C compile features
[1.130s] -- Detecting C compile features - done
[1.137s] -- Found ament_cmake_gtest: 1.3.12 (/opt/ros/humble/share/ament_cmake_gtest/cmake)
[1.138s] -- Found ament_cmake_gmock: 1.3.12 (/opt/ros/humble/share/ament_cmake_gmock/cmake)
[1.139s] -- Found gmock sources under '/opt/ros/humble/src/gmock_vendor': C++ tests using 'Google Mock' will be built
[1.141s] -- Found gtest sources under '/opt/ros/humble/src/gtest_vendor': C++ tests using 'Google Test' will be built
[1.149s] -- Found ament_cmake_gtest: 1.3.12 (/opt/ros/humble/share/ament_cmake_gtest/cmake)
[1.149s] -- Found ament_cmake_gmock: 1.3.12 (/opt/ros/humble/share/ament_cmake_gmock/cmake)
[1.150s] -- Found ros_testing: 0.4.0 (/opt/ros/humble/share/ros_testing/cmake)
[1.151s] -- Found launch_testing_ament_cmake: 1.0.13 (/opt/ros/humble/share/launch_testing_ament_cmake/cmake)
[1.152s] -- Found python_cmake_module: 0.10.0 (/opt/ros/humble/share/python_cmake_module/cmake)
[1.165s] -- Found PythonInterp: /usr/bin/python3 (found suitable version "3.10.12", minimum required is "3.6") 
[1.168s] -- Found PythonLibs: /usr/lib/x86_64-linux-gnu/libpython3.10.so (found suitable version "3.10.12", minimum required is "3.5") 
[1.168s] -- Using PYTHON_EXECUTABLE: /usr/bin/python3
[1.168s] -- Using PYTHON_INCLUDE_DIRS: /usr/include/python3.10
[1.168s] -- Using PYTHON_LIBRARIES: /usr/lib/x86_64-linux-gnu/libpython3.10.so
[1.180s] -- Found PythonExtra: .so  
[1.181s] -- Found gmock sources under '/opt/ros/humble/src/gmock_vendor': C++ tests using 'Google Mock' will be built
[1.181s] -- Found gtest sources under '/opt/ros/humble/src/gtest_vendor': C++ tests using 'Google Test' will be built
[1.193s] -- Found launch_testing_ament_cmake: 1.0.13 (/opt/ros/humble/share/launch_testing_ament_cmake/cmake)
[1.193s] -- Found python_cmake_module: 0.10.0 (/opt/ros/humble/share/python_cmake_module/cmake)
[1.207s] -- Using PYTHON_EXECUTABLE: /usr/bin/python3
[1.207s] -- Using PYTHON_INCLUDE_DIRS: /usr/include/python3.10
[1.207s] -- Using PYTHON_LIBRARIES: /usr/lib/x86_64-linux-gnu/libpython3.10.so
[1.217s] -- Configuring done
[1.434s] -- Generating done
[1.501s] -- Build files have been written to: /home/wzb/ros2ws/moveit_ws/build/moveit_ros_planning
[1.520s] Invoked command in '/home/wzb/ros2ws/moveit_ws/build/moveit_ros_planning' returned '0': AMENT_PREFIX_PATH=/home/wzb/ros2ws/moveit_ws/install/moveit_ros_occupancy_map_monitor:/home/wzb/ros2ws/moveit_ws/install/moveit_core:/home/wzb/ros2ws/moveit_ws/install/moveit_resources_panda_moveit_config:/home/wzb/ros2ws/moveit_ws/install/moveit_resources_pr2_description:/home/wzb/ros2ws/moveit_ws/install/moveit_resources_panda_description:/home/wzb/ros2ws/moveit_ws/install/moveit_msgs:/home/wzb/ros2ws/moveit_ws/install/moveit_configs_utils:/home/wzb/ros2ws/moveit_ws/install/moveit_common:${AMENT_PREFIX_PATH} CMAKE_PREFIX_PATH=/home/wzb/ros2ws/moveit_ws/install/moveit_ros_occupancy_map_monitor:/home/wzb/ros2ws/moveit_ws/install/moveit_core:/home/wzb/ros2ws/moveit_ws/install/moveit_resources_panda_moveit_config:/home/wzb/ros2ws/moveit_ws/install/moveit_resources_pr2_description:/home/wzb/ros2ws/moveit_ws/install/moveit_resources_panda_description:/home/wzb/ros2ws/moveit_ws/install/moveit_msgs:/home/wzb/ros2ws/moveit_ws/install/moveit_common:/opt/ros/humble LD_LIBRARY_PATH=/home/wzb/ros2ws/moveit_ws/install/moveit_ros_occupancy_map_monitor/lib:/home/wzb/ros2ws/moveit_ws/install/moveit_core/lib:/home/wzb/ros2ws/moveit_ws/install/moveit_msgs/lib:${LD_LIBRARY_PATH} PATH=/home/wzb/ros2ws/moveit_ws/install/moveit_core/bin:${PATH} PYTHONPATH=/home/wzb/ros2ws/moveit_ws/install/moveit_msgs/local/lib/python3.10/dist-packages:/home/wzb/ros2ws/moveit_ws/install/moveit_configs_utils/lib/python3.10/site-packages:${PYTHONPATH} /usr/bin/cmake /home/wzb/ros2ws/moveit_ws/src/moveit2/moveit_ros/planning -DCMAKE_BUILD_TYPE=Release -DCMAKE_INSTALL_PREFIX=/home/wzb/ros2ws/moveit_ws/install/moveit_ros_planning
[1.521s] Invoking command in '/home/wzb/ros2ws/moveit_ws/build/moveit_ros_planning': AMENT_PREFIX_PATH=/home/wzb/ros2ws/moveit_ws/install/moveit_ros_occupancy_map_monitor:/home/wzb/ros2ws/moveit_ws/install/moveit_core:/home/wzb/ros2ws/moveit_ws/install/moveit_resources_panda_moveit_config:/home/wzb/ros2ws/moveit_ws/install/moveit_resources_pr2_description:/home/wzb/ros2ws/moveit_ws/install/moveit_resources_panda_description:/home/wzb/ros2ws/moveit_ws/install/moveit_msgs:/home/wzb/ros2ws/moveit_ws/install/moveit_configs_utils:/home/wzb/ros2ws/moveit_ws/install/moveit_common:${AMENT_PREFIX_PATH} CMAKE_PREFIX_PATH=/home/wzb/ros2ws/moveit_ws/install/moveit_ros_occupancy_map_monitor:/home/wzb/ros2ws/moveit_ws/install/moveit_core:/home/wzb/ros2ws/moveit_ws/install/moveit_resources_panda_moveit_config:/home/wzb/ros2ws/moveit_ws/install/moveit_resources_pr2_description:/home/wzb/ros2ws/moveit_ws/install/moveit_resources_panda_description:/home/wzb/ros2ws/moveit_ws/install/moveit_msgs:/home/wzb/ros2ws/moveit_ws/install/moveit_common:/opt/ros/humble LD_LIBRARY_PATH=/home/wzb/ros2ws/moveit_ws/install/moveit_ros_occupancy_map_monitor/lib:/home/wzb/ros2ws/moveit_ws/install/moveit_core/lib:/home/wzb/ros2ws/moveit_ws/install/moveit_msgs/lib:${LD_LIBRARY_PATH} PATH=/home/wzb/ros2ws/moveit_ws/install/moveit_core/bin:${PATH} PYTHONPATH=/home/wzb/ros2ws/moveit_ws/install/moveit_msgs/local/lib/python3.10/dist-packages:/home/wzb/ros2ws/moveit_ws/install/moveit_configs_utils/lib/python3.10/site-packages:${PYTHONPATH} /usr/bin/cmake --build /home/wzb/ros2ws/moveit_ws/build/moveit_ros_planning -- -j20 -l20
[1.552s] [  1%] [32mBuilding CXX object collision_plugin_loader/CMakeFiles/moveit_collision_plugin_loader.dir/src/collision_plugin_loader.cpp.o[0m
[1.552s] [  2%] [32mBuilding CXX object CMakeFiles/srdf_publisher.dir/rclcpp_components/node_main_srdf_publisher.cpp.o[0m
[1.553s] [  3%] [32mBuilding CXX object gmock/CMakeFiles/gmock.dir/opt/ros/humble/src/gtest_vendor/src/gtest-all.cc.o[0m
[1.553s] [  5%] [32mBuilding CXX object gmock/CMakeFiles/gmock.dir/src/gmock-all.cc.o[0m
[1.553s] [  5%] [32mBuilding CXX object gtest/CMakeFiles/gtest_main.dir/src/gtest_main.cc.o[0m
[1.553s] [  6%] [34m[1mRunning `/opt/ros/humble/bin/generate_parameter_library_cpp /home/wzb/ros2ws/moveit_ws/build/moveit_ros_planning/planning_request_adapter_plugins/include/moveit_ros_planning/default_request_adapter_parameters.hpp /home/wzb/ros2ws/moveit_ws/src/moveit2/moveit_ros/planning/planning_request_adapter_plugins/res/default_request_adapter_params.yaml `[0m
[1.553s] [  7%] [32mBuilding CXX object gmock/CMakeFiles/gmock_main.dir/src/gmock_main.cc.o[0m
[1.554s] [ 10%] [32mBuilding CXX object gtest/CMakeFiles/gtest.dir/src/gtest-all.cc.o[0m
[1.554s] [ 10%] [32mBuilding CXX object rdf_loader/CMakeFiles/moveit_rdf_loader.dir/src/rdf_loader.cpp.o[0m
[1.554s] [ 13%] [32mBuilding CXX object srdf_publisher_node/CMakeFiles/srdf_publisher_node.dir/src/srdf_publisher_node.cpp.o[0m
[1.554s] [ 13%] [32mBuilding CXX object planning_pipeline/CMakeFiles/moveit_pipeline_test_plugins.dir/test/planning_pipeline_test_plugins.cpp.o[0m
[1.554s] [ 13%] [32mBuilding CXX object rdf_loader/CMakeFiles/moveit_rdf_loader.dir/src/synchronized_string_parameter.cpp.o[0m
[1.554s] [ 14%] [34m[1mRunning `/opt/ros/humble/bin/generate_parameter_library_cpp /home/wzb/ros2ws/moveit_ws/build/moveit_ros_planning/planning_pipeline/include/moveit_ros_planning/planning_pipeline_parameters.hpp /home/wzb/ros2ws/moveit_ws/src/moveit2/moveit_ros/planning/planning_pipeline/res/planning_pipeline_parameters.yaml `[0m
[1.558s] [ 15%] [34m[1mRunning `/opt/ros/humble/bin/generate_parameter_library_cpp /home/wzb/ros2ws/moveit_ws/build/moveit_ros_planning/kinematics_plugin_loader/include/moveit_ros_planning/kinematics_parameters.hpp /home/wzb/ros2ws/moveit_ws/src/moveit2/moveit_ros/planning/kinematics_plugin_loader/src/kinematics_parameters.yaml `[0m
[1.561s] [ 16%] [34m[1mRunning `/opt/ros/humble/bin/generate_parameter_library_cpp /home/wzb/ros2ws/moveit_ws/build/moveit_ros_planning/planning_response_adapter_plugins/include/moveit_ros_planning/default_response_adapter_parameters.hpp /home/wzb/ros2ws/moveit_ws/src/moveit2/moveit_ros/planning/planning_response_adapter_plugins/res/default_response_adapter_params.yaml `[0m
[1.762s] [ 17%] [34m[1mCreating deprecated header file /home/wzb/ros2ws/moveit_ws/build/moveit_ros_planning/planning_request_adapter_plugins/include/default_request_adapter_parameters.hpp[0m
[1.779s] [ 17%] Built target default_request_adapter_parameters
[1.787s] [ 19%] [34m[1mCreating deprecated header file /home/wzb/ros2ws/moveit_ws/build/moveit_ros_planning/planning_pipeline/include/planning_pipeline_parameters.hpp[0m
[1.787s] [ 20%] [34m[1mCreating deprecated header file /home/wzb/ros2ws/moveit_ws/build/moveit_ros_planning/kinematics_plugin_loader/include/kinematics_parameters.hpp[0m
[1.800s] [ 21%] [32mBuilding CXX object planning_request_adapter_plugins/CMakeFiles/moveit_default_planning_request_adapter_plugins.dir/src/check_start_state_bounds.cpp.o[0m
[1.801s] [ 22%] [32mBuilding CXX object planning_request_adapter_plugins/CMakeFiles/moveit_default_planning_request_adapter_plugins.dir/src/check_for_stacked_constraints.cpp.o[0m
[1.803s] [ 22%] Built target planning_pipeline_parameters
[1.807s] [ 23%] [32mBuilding CXX object planning_request_adapter_plugins/CMakeFiles/moveit_default_planning_request_adapter_plugins.dir/src/resolve_constraint_frames.cpp.o[0m
[1.824s] [ 23%] Built target kinematics_parameters
[1.832s] [ 24%] [32mBuilding CXX object planning_request_adapter_plugins/CMakeFiles/moveit_default_planning_request_adapter_plugins.dir/src/check_start_state_collision.cpp.o[0m
[1.834s] [ 25%] [32mBuilding CXX object planning_request_adapter_plugins/CMakeFiles/moveit_default_planning_request_adapter_plugins.dir/src/validate_workspace_bounds.cpp.o[0m
[1.853s] [ 26%] [32mBuilding CXX object planning_pipeline/CMakeFiles/moveit_planning_pipeline.dir/src/planning_pipeline.cpp.o[0m
[2.103s] [ 28%] [34m[1mCreating deprecated header file /home/wzb/ros2ws/moveit_ws/build/moveit_ros_planning/planning_response_adapter_plugins/include/default_response_adapter_parameters.hpp[0m
[2.118s] [ 28%] Built target default_response_adapter_parameters
[2.164s] [ 29%] [32mBuilding CXX object planning_response_adapter_plugins/CMakeFiles/moveit_default_planning_response_adapter_plugins.dir/src/add_time_optimal_parameterization.cpp.o[0m
[2.165s] [ 30%] [32mBuilding CXX object planning_response_adapter_plugins/CMakeFiles/moveit_default_planning_response_adapter_plugins.dir/src/add_ruckig_traj_smoothing.cpp.o[0m
[2.185s] [ 31%] [32mBuilding CXX object planning_response_adapter_plugins/CMakeFiles/moveit_default_planning_response_adapter_plugins.dir/src/display_motion_path.cpp.o[0m
[2.789s] [ 32%] [32m[1mLinking CXX static library libgtest_main.a[0m
[2.918s] [ 32%] Built target gtest_main
[2.937s] [ 33%] [32mBuilding CXX object planning_response_adapter_plugins/CMakeFiles/moveit_default_planning_response_adapter_plugins.dir/src/validate_path.cpp.o[0m
[2.946s] [ 34%] [32m[1mLinking CXX static library libgmock_main.a[0m
[3.073s] [ 34%] Built target gmock_main
[6.237s] [ 35%] [32m[1mLinking CXX executable srdf_publisher[0m
[6.404s] [ 35%] Built target srdf_publisher
[7.473s] [ 37%] [32m[1mLinking CXX shared library libsrdf_publisher_node.so[0m
[7.607s] [ 37%] Built target srdf_publisher_node
[10.174s] [ 38%] [32m[1mLinking CXX static library libgtest.a[0m
[10.210s] [ 38%] Built target gtest
[10.646s] [ 39%] [32m[1mLinking CXX static library libgmock.a[0m
[10.682s] [ 39%] Built target gmock
[10.713s] [ 40%] [32m[1mLinking CXX shared library libmoveit_pipeline_test_plugins.so[0m
[10.728s] [ 41%] [32m[1mLinking CXX shared library libmoveit_collision_plugin_loader.so[0m
[10.896s] [ 41%] Built target moveit_pipeline_test_plugins
[10.901s] [ 41%] Built target moveit_collision_plugin_loader
[11.667s] [ 42%] [32m[1mLinking CXX shared library libmoveit_default_planning_request_adapter_plugins.so[0m
[11.784s] [ 42%] Built target moveit_default_planning_request_adapter_plugins
[13.450s] [ 43%] [32m[1mLinking CXX shared library libmoveit_rdf_loader.so[0m
[13.575s] [ 43%] Built target moveit_rdf_loader
[13.586s] [ 46%] [32mBuilding CXX object constraint_sampler_manager_loader/CMakeFiles/moveit_constraint_sampler_manager_loader.dir/src/constraint_sampler_manager_loader.cpp.o[0m
[13.587s] [ 46%] [32mBuilding CXX object kinematics_plugin_loader/CMakeFiles/moveit_kinematics_plugin_loader.dir/src/kinematics_plugin_loader.cpp.o[0m
[13.707s] [ 47%] [32m[1mLinking CXX shared library libmoveit_default_planning_response_adapter_plugins.so[0m
[13.835s] [ 47%] Built target moveit_default_planning_response_adapter_plugins
[18.639s] [ 48%] [32m[1mLinking CXX shared library libmoveit_planning_pipeline.so[0m
[18.756s] [ 48%] Built target moveit_planning_pipeline
[18.766s] [ 52%] [32mBuilding CXX object planning_request_adapter_plugins/CMakeFiles/test_check_start_state_bounds.dir/test/test_check_start_state_bounds.cpp.o[0m
[18.766s] [ 52%] [32mBuilding CXX object planning_pipeline_interfaces/CMakeFiles/moveit_planning_pipeline_interfaces.dir/src/plan_responses_container.cpp.o[0m
[18.766s] [ 52%] [32mBuilding CXX object planning_pipeline/CMakeFiles/moveit_planning_pipeline_test.dir/test/planning_pipeline_tests.cpp.o[0m
[18.766s] [ 52%] [32mBuilding CXX object planning_pipeline_interfaces/CMakeFiles/moveit_planning_pipeline_interfaces.dir/src/planning_pipeline_interfaces.cpp.o[0m
[18.766s] [ 55%] [32mBuilding CXX object planning_pipeline_interfaces/CMakeFiles/moveit_planning_pipeline_interfaces.dir/src/solution_selection_functions.cpp.o[0m
[18.766s] [ 55%] [32mBuilding CXX object planning_pipeline_interfaces/CMakeFiles/moveit_planning_pipeline_interfaces.dir/src/stopping_criterion_function.cpp.o[0m
[20.850s] [ 56%] [32m[1mLinking CXX shared library libmoveit_kinematics_plugin_loader.so[0m
[20.973s] [ 56%] Built target moveit_kinematics_plugin_loader
[20.986s] [ 57%] [32mBuilding CXX object robot_model_loader/CMakeFiles/moveit_robot_model_loader.dir/src/robot_model_loader.cpp.o[0m
[21.201s] [ 58%] [32m[1mLinking CXX shared library libmoveit_constraint_sampler_manager_loader.so[0m
[21.323s] [ 58%] Built target moveit_constraint_sampler_manager_loader
[25.128s] [ 59%] [32m[1mLinking CXX shared library libmoveit_robot_model_loader.so[0m
[25.233s] [ 59%] Built target moveit_robot_model_loader
[25.243s] [ 61%] [32mBuilding CXX object planning_components_tools/CMakeFiles/moveit_print_planning_model_info.dir/src/print_planning_model_info.cpp.o[0m
[25.244s] [ 61%] [32mBuilding CXX object planning_scene_monitor/CMakeFiles/moveit_planning_scene_monitor.dir/src/planning_scene_monitor.cpp.o[0m
[25.244s] [ 62%] [32mBuilding CXX object planning_scene_monitor/CMakeFiles/moveit_planning_scene_monitor.dir/src/trajectory_monitor.cpp.o[0m
[25.244s] [ 64%] [32mBuilding CXX object planning_scene_monitor/CMakeFiles/moveit_planning_scene_monitor.dir/src/current_state_monitor.cpp.o[0m
[25.244s] [ 65%] [32mBuilding CXX object planning_scene_monitor/CMakeFiles/moveit_planning_scene_monitor.dir/src/current_state_monitor_middleware_handle.cpp.o[0m
[25.245s] [ 66%] [32mBuilding CXX object planning_scene_monitor/CMakeFiles/moveit_planning_scene_monitor.dir/src/trajectory_monitor_middleware_handle.cpp.o[0m
[28.406s] [ 67%] [32m[1mLinking CXX executable test_check_start_state_bounds[0m
[28.534s] [ 68%] [32m[1mLinking CXX shared library libmoveit_planning_pipeline_interfaces.so[0m
[28.630s] [ 68%] Built target test_check_start_state_bounds
[28.659s] [ 68%] Built target moveit_planning_pipeline_interfaces
[29.099s] [ 69%] [32m[1mLinking CXX executable moveit_planning_pipeline_test[0m
[29.261s] [ 70%] [32m[1mLinking CXX executable moveit_print_planning_model_info[0m
[29.311s] [ 70%] Built target moveit_planning_pipeline_test
[29.412s] [ 70%] Built target moveit_print_planning_model_info
[44.062s] [ 71%] [32m[1mLinking CXX shared library libmoveit_planning_scene_monitor.so[0m
[44.298s] [ 71%] Built target moveit_planning_scene_monitor
[44.308s] [ 76%] [32mBuilding CXX object planning_components_tools/CMakeFiles/moveit_evaluate_collision_checking_speed.dir/src/evaluate_collision_checking_speed.cpp.o[0m
[44.308s] [ 76%] [32mBuilding CXX object planning_components_tools/CMakeFiles/moveit_print_planning_scene_info.dir/src/print_planning_scene_info.cpp.o[0m
[44.308s] [ 76%] [32mBuilding CXX object trajectory_execution_manager/CMakeFiles/moveit_trajectory_execution_manager.dir/src/trajectory_execution_manager.cpp.o[0m
[44.308s] [ 77%] [32mBuilding CXX object planning_scene_monitor/CMakeFiles/trajectory_monitor_tests.dir/test/trajectory_monitor_tests.cpp.o[0m
[44.308s] [ 77%] [32mBuilding CXX object planning_components_tools/CMakeFiles/moveit_publish_scene_from_text.dir/src/publish_scene_from_text.cpp.o[0m
[44.308s] [ 78%] [32mBuilding CXX object planning_scene_monitor/CMakeFiles/current_state_monitor_tests.dir/test/current_state_monitor_tests.cpp.o[0m
[44.309s] [ 79%] [32mBuilding CXX object planning_components_tools/CMakeFiles/moveit_display_random_state.dir/src/display_random_state.cpp.o[0m
[44.309s] [ 80%] [32mBuilding CXX object planning_scene_monitor/CMakeFiles/demo_scene.dir/demos/demo_scene.cpp.o[0m
[44.310s] [ 82%] [32mBuilding CXX object planning_components_tools/CMakeFiles/moveit_visualize_robot_collision_volume.dir/src/visualize_robot_collision_volume.cpp.o[0m
[44.313s] [ 83%] [32mBuilding CXX object planning_scene_monitor/CMakeFiles/planning_scene_monitor_test.dir/test/planning_scene_monitor_test.cpp.o[0m
[52.130s] [ 84%] [32m[1mLinking CXX executable moveit_print_planning_scene_info[0m
[52.374s] [ 85%] [32m[1mLinking CXX executable current_state_monitor_tests[0m
[52.588s] [ 85%] Built target moveit_print_planning_scene_info
[52.653s] [ 85%] Built target current_state_monitor_tests
[52.696s] [ 86%] [32m[1mLinking CXX executable trajectory_monitor_tests[0m
[52.876s] [ 87%] [32m[1mLinking CXX executable demo_scene[0m
[52.888s] [ 88%] [32m[1mLinking CXX executable moveit_visualize_robot_collision_volume[0m
[53.000s] [ 88%] Built target trajectory_monitor_tests
[53.026s] [ 88%] Built target demo_scene
[53.122s] [ 88%] Built target moveit_visualize_robot_collision_volume
[53.483s] [ 89%] [32m[1mLinking CXX executable moveit_display_random_state[0m
[53.683s] [ 89%] Built target moveit_display_random_state
[53.811s] [ 91%] [32m[1mLinking CXX executable moveit_publish_scene_from_text[0m
[54.006s] [ 91%] Built target moveit_publish_scene_from_text
[54.574s] [ 92%] [32m[1mLinking CXX executable planning_scene_monitor_test[0m
[54.756s] [ 93%] [32m[1mLinking CXX executable moveit_evaluate_collision_checking_speed[0m
[54.760s] [ 93%] Built target planning_scene_monitor_test
[54.933s] [ 93%] Built target moveit_evaluate_collision_checking_speed
[60.908s] [ 94%] [32m[1mLinking CXX shared library libmoveit_trajectory_execution_manager.so[0m
[61.078s] [ 94%] Built target moveit_trajectory_execution_manager
[61.089s] [ 95%] [32mBuilding CXX object moveit_cpp/CMakeFiles/moveit_cpp.dir/src/moveit_cpp.cpp.o[0m
[61.089s] [ 96%] [32mBuilding CXX object plan_execution/CMakeFiles/moveit_plan_execution.dir/src/plan_execution.cpp.o[0m
[61.089s] [ 97%] [32mBuilding CXX object moveit_cpp/CMakeFiles/moveit_cpp.dir/src/planning_component.cpp.o[0m
[67.456s] [ 98%] [32m[1mLinking CXX shared library libmoveit_plan_execution.so[0m
[67.605s] [ 98%] Built target moveit_plan_execution
[67.905s] [100%] [32m[1mLinking CXX shared library libmoveit_cpp.so[0m
[68.066s] [100%] Built target moveit_cpp
[68.071s] Invoked command in '/home/wzb/ros2ws/moveit_ws/build/moveit_ros_planning' returned '0': AMENT_PREFIX_PATH=/home/wzb/ros2ws/moveit_ws/install/moveit_ros_occupancy_map_monitor:/home/wzb/ros2ws/moveit_ws/install/moveit_core:/home/wzb/ros2ws/moveit_ws/install/moveit_resources_panda_moveit_config:/home/wzb/ros2ws/moveit_ws/install/moveit_resources_pr2_description:/home/wzb/ros2ws/moveit_ws/install/moveit_resources_panda_description:/home/wzb/ros2ws/moveit_ws/install/moveit_msgs:/home/wzb/ros2ws/moveit_ws/install/moveit_configs_utils:/home/wzb/ros2ws/moveit_ws/install/moveit_common:${AMENT_PREFIX_PATH} CMAKE_PREFIX_PATH=/home/wzb/ros2ws/moveit_ws/install/moveit_ros_occupancy_map_monitor:/home/wzb/ros2ws/moveit_ws/install/moveit_core:/home/wzb/ros2ws/moveit_ws/install/moveit_resources_panda_moveit_config:/home/wzb/ros2ws/moveit_ws/install/moveit_resources_pr2_description:/home/wzb/ros2ws/moveit_ws/install/moveit_resources_panda_description:/home/wzb/ros2ws/moveit_ws/install/moveit_msgs:/home/wzb/ros2ws/moveit_ws/install/moveit_common:/opt/ros/humble LD_LIBRARY_PATH=/home/wzb/ros2ws/moveit_ws/install/moveit_ros_occupancy_map_monitor/lib:/home/wzb/ros2ws/moveit_ws/install/moveit_core/lib:/home/wzb/ros2ws/moveit_ws/install/moveit_msgs/lib:${LD_LIBRARY_PATH} PATH=/home/wzb/ros2ws/moveit_ws/install/moveit_core/bin:${PATH} PYTHONPATH=/home/wzb/ros2ws/moveit_ws/install/moveit_msgs/local/lib/python3.10/dist-packages:/home/wzb/ros2ws/moveit_ws/install/moveit_configs_utils/lib/python3.10/site-packages:${PYTHONPATH} /usr/bin/cmake --build /home/wzb/ros2ws/moveit_ws/build/moveit_ros_planning -- -j20 -l20
[68.072s] Invoking command in '/home/wzb/ros2ws/moveit_ws/build/moveit_ros_planning': AMENT_PREFIX_PATH=/home/wzb/ros2ws/moveit_ws/install/moveit_ros_occupancy_map_monitor:/home/wzb/ros2ws/moveit_ws/install/moveit_core:/home/wzb/ros2ws/moveit_ws/install/moveit_resources_panda_moveit_config:/home/wzb/ros2ws/moveit_ws/install/moveit_resources_pr2_description:/home/wzb/ros2ws/moveit_ws/install/moveit_resources_panda_description:/home/wzb/ros2ws/moveit_ws/install/moveit_msgs:/home/wzb/ros2ws/moveit_ws/install/moveit_configs_utils:/home/wzb/ros2ws/moveit_ws/install/moveit_common:${AMENT_PREFIX_PATH} CMAKE_PREFIX_PATH=/home/wzb/ros2ws/moveit_ws/install/moveit_ros_occupancy_map_monitor:/home/wzb/ros2ws/moveit_ws/install/moveit_core:/home/wzb/ros2ws/moveit_ws/install/moveit_resources_panda_moveit_config:/home/wzb/ros2ws/moveit_ws/install/moveit_resources_pr2_description:/home/wzb/ros2ws/moveit_ws/install/moveit_resources_panda_description:/home/wzb/ros2ws/moveit_ws/install/moveit_msgs:/home/wzb/ros2ws/moveit_ws/install/moveit_common:/opt/ros/humble LD_LIBRARY_PATH=/home/wzb/ros2ws/moveit_ws/install/moveit_ros_occupancy_map_monitor/lib:/home/wzb/ros2ws/moveit_ws/install/moveit_core/lib:/home/wzb/ros2ws/moveit_ws/install/moveit_msgs/lib:${LD_LIBRARY_PATH} PATH=/home/wzb/ros2ws/moveit_ws/install/moveit_core/bin:${PATH} PYTHONPATH=/home/wzb/ros2ws/moveit_ws/install/moveit_msgs/local/lib/python3.10/dist-packages:/home/wzb/ros2ws/moveit_ws/install/moveit_configs_utils/lib/python3.10/site-packages:${PYTHONPATH} /usr/bin/cmake --install /home/wzb/ros2ws/moveit_ws/build/moveit_ros_planning
[68.076s] -- Install configuration: "Release"
[68.076s] -- Installing: /home/wzb/ros2ws/moveit_ws/install/moveit_ros_planning/include/moveit_ros_planning
[68.076s] -- Installing: /home/wzb/ros2ws/moveit_ws/install/moveit_ros_planning/include/moveit_ros_planning/moveit
[68.076s] -- Installing: /home/wzb/ros2ws/moveit_ws/install/moveit_ros_planning/include/moveit_ros_planning/moveit/collision_plugin_loader
[68.076s] -- Installing: /home/wzb/ros2ws/moveit_ws/install/moveit_ros_planning/include/moveit_ros_planning/moveit/collision_plugin_loader/collision_plugin_loader.h
[68.076s] -- Installing: /home/wzb/ros2ws/moveit_ws/install/moveit_ros_planning/include/moveit_ros_planning/moveit/collision_plugin_loader/collision_plugin_loader.hpp
[68.076s] -- Up-to-date: /home/wzb/ros2ws/moveit_ws/install/moveit_ros_planning/include/moveit_ros_planning
[68.076s] -- Up-to-date: /home/wzb/ros2ws/moveit_ws/install/moveit_ros_planning/include/moveit_ros_planning/moveit
[68.076s] -- Installing: /home/wzb/ros2ws/moveit_ws/install/moveit_ros_planning/include/moveit_ros_planning/moveit/constraint_sampler_manager_loader
[68.076s] -- Installing: /home/wzb/ros2ws/moveit_ws/install/moveit_ros_planning/include/moveit_ros_planning/moveit/constraint_sampler_manager_loader/constraint_sampler_manager_loader.hpp
[68.076s] -- Installing: /home/wzb/ros2ws/moveit_ws/install/moveit_ros_planning/include/moveit_ros_planning/moveit/constraint_sampler_manager_loader/constraint_sampler_manager_loader.h
[68.076s] -- Up-to-date: /home/wzb/ros2ws/moveit_ws/install/moveit_ros_planning/include/moveit_ros_planning
[68.076s] -- Installing: /home/wzb/ros2ws/moveit_ws/install/moveit_ros_planning/include/moveit_ros_planning/kinematics_parameters.hpp
[68.076s] -- Up-to-date: /home/wzb/ros2ws/moveit_ws/install/moveit_ros_planning/include/moveit_ros_planning
[68.076s] -- Up-to-date: /home/wzb/ros2ws/moveit_ws/install/moveit_ros_planning/include/moveit_ros_planning/moveit
[68.076s] -- Installing: /home/wzb/ros2ws/moveit_ws/install/moveit_ros_planning/include/moveit_ros_planning/moveit/kinematics_plugin_loader
[68.076s] -- Installing: /home/wzb/ros2ws/moveit_ws/install/moveit_ros_planning/include/moveit_ros_planning/moveit/kinematics_plugin_loader/kinematics_plugin_loader.h
[68.076s] -- Installing: /home/wzb/ros2ws/moveit_ws/install/moveit_ros_planning/include/moveit_ros_planning/moveit/kinematics_plugin_loader/kinematics_plugin_loader.hpp
[68.076s] -- Up-to-date: /home/wzb/ros2ws/moveit_ws/install/moveit_ros_planning/include/moveit_ros_planning
[68.076s] -- Up-to-date: /home/wzb/ros2ws/moveit_ws/install/moveit_ros_planning/include/moveit_ros_planning/moveit
[68.077s] -- Installing: /home/wzb/ros2ws/moveit_ws/install/moveit_ros_planning/include/moveit_ros_planning/moveit/moveit_cpp
[68.077s] -- Installing: /home/wzb/ros2ws/moveit_ws/install/moveit_ros_planning/include/moveit_ros_planning/moveit/moveit_cpp/moveit_cpp.hpp
[68.077s] -- Installing: /home/wzb/ros2ws/moveit_ws/install/moveit_ros_planning/include/moveit_ros_planning/moveit/moveit_cpp/planning_component.h
[68.077s] -- Installing: /home/wzb/ros2ws/moveit_ws/install/moveit_ros_planning/include/moveit_ros_planning/moveit/moveit_cpp/planning_component.hpp
[68.077s] -- Installing: /home/wzb/ros2ws/moveit_ws/install/moveit_ros_planning/include/moveit_ros_planning/moveit/moveit_cpp/moveit_cpp.h
[68.077s] -- Up-to-date: /home/wzb/ros2ws/moveit_ws/install/moveit_ros_planning/include/moveit_ros_planning
[68.077s] -- Up-to-date: /home/wzb/ros2ws/moveit_ws/install/moveit_ros_planning/include/moveit_ros_planning/moveit
[68.077s] -- Installing: /home/wzb/ros2ws/moveit_ws/install/moveit_ros_planning/include/moveit_ros_planning/moveit/plan_execution
[68.077s] -- Installing: /home/wzb/ros2ws/moveit_ws/install/moveit_ros_planning/include/moveit_ros_planning/moveit/plan_execution/plan_execution.hpp
[68.077s] -- Installing: /home/wzb/ros2ws/moveit_ws/install/moveit_ros_planning/include/moveit_ros_planning/moveit/plan_execution/plan_execution.h
[68.077s] -- Installing: /home/wzb/ros2ws/moveit_ws/install/moveit_ros_planning/include/moveit_ros_planning/moveit/plan_execution/plan_representation.hpp
[68.077s] -- Installing: /home/wzb/ros2ws/moveit_ws/install/moveit_ros_planning/include/moveit_ros_planning/moveit/plan_execution/plan_representation.h
[68.077s] -- Installing: /home/wzb/ros2ws/moveit_ws/install/moveit_ros_planning/lib/moveit_ros_planning/moveit_print_planning_model_info
[68.077s] -- Set runtime path of "/home/wzb/ros2ws/moveit_ws/install/moveit_ros_planning/lib/moveit_ros_planning/moveit_print_planning_model_info" to ""
[68.077s] -- Installing: /home/wzb/ros2ws/moveit_ws/install/moveit_ros_planning/lib/moveit_ros_planning/moveit_print_planning_scene_info
[68.077s] -- Set runtime path of "/home/wzb/ros2ws/moveit_ws/install/moveit_ros_planning/lib/moveit_ros_planning/moveit_print_planning_scene_info" to ""
[68.077s] -- Installing: /home/wzb/ros2ws/moveit_ws/install/moveit_ros_planning/lib/moveit_ros_planning/moveit_display_random_state
[68.078s] -- Set runtime path of "/home/wzb/ros2ws/moveit_ws/install/moveit_ros_planning/lib/moveit_ros_planning/moveit_display_random_state" to ""
[68.078s] -- Installing: /home/wzb/ros2ws/moveit_ws/install/moveit_ros_planning/lib/moveit_ros_planning/moveit_visualize_robot_collision_volume
[68.078s] -- Set runtime path of "/home/wzb/ros2ws/moveit_ws/install/moveit_ros_planning/lib/moveit_ros_planning/moveit_visualize_robot_collision_volume" to ""
[68.078s] -- Installing: /home/wzb/ros2ws/moveit_ws/install/moveit_ros_planning/lib/moveit_ros_planning/moveit_evaluate_collision_checking_speed
[68.078s] -- Set runtime path of "/home/wzb/ros2ws/moveit_ws/install/moveit_ros_planning/lib/moveit_ros_planning/moveit_evaluate_collision_checking_speed" to ""
[68.078s] -- Installing: /home/wzb/ros2ws/moveit_ws/install/moveit_ros_planning/lib/moveit_ros_planning/moveit_publish_scene_from_text
[68.078s] -- Set runtime path of "/home/wzb/ros2ws/moveit_ws/install/moveit_ros_planning/lib/moveit_ros_planning/moveit_publish_scene_from_text" to ""
[68.079s] -- Up-to-date: /home/wzb/ros2ws/moveit_ws/install/moveit_ros_planning/include/moveit_ros_planning
[68.079s] -- Up-to-date: /home/wzb/ros2ws/moveit_ws/install/moveit_ros_planning/include/moveit_ros_planning/moveit
[68.079s] -- Installing: /home/wzb/ros2ws/moveit_ws/install/moveit_ros_planning/include/moveit_ros_planning/moveit/planning_pipeline_interfaces
[68.079s] -- Installing: /home/wzb/ros2ws/moveit_ws/install/moveit_ros_planning/include/moveit_ros_planning/moveit/planning_pipeline_interfaces/plan_responses_container.hpp
[68.079s] -- Installing: /home/wzb/ros2ws/moveit_ws/install/moveit_ros_planning/include/moveit_ros_planning/moveit/planning_pipeline_interfaces/planning_pipeline_interfaces.hpp
[68.079s] -- Installing: /home/wzb/ros2ws/moveit_ws/install/moveit_ros_planning/include/moveit_ros_planning/moveit/planning_pipeline_interfaces/plan_responses_container.h
[68.079s] -- Installing: /home/wzb/ros2ws/moveit_ws/install/moveit_ros_planning/include/moveit_ros_planning/moveit/planning_pipeline_interfaces/solution_selection_functions.hpp
[68.079s] -- Installing: /home/wzb/ros2ws/moveit_ws/install/moveit_ros_planning/include/moveit_ros_planning/moveit/planning_pipeline_interfaces/solution_selection_functions.h
[68.079s] -- Installing: /home/wzb/ros2ws/moveit_ws/install/moveit_ros_planning/include/moveit_ros_planning/moveit/planning_pipeline_interfaces/planning_pipeline_interfaces.h
[68.079s] -- Installing: /home/wzb/ros2ws/moveit_ws/install/moveit_ros_planning/include/moveit_ros_planning/moveit/planning_pipeline_interfaces/stopping_criterion_functions.h
[68.079s] -- Installing: /home/wzb/ros2ws/moveit_ws/install/moveit_ros_planning/include/moveit_ros_planning/moveit/planning_pipeline_interfaces/stopping_criterion_functions.hpp
[68.079s] -- Installing: /home/wzb/ros2ws/moveit_ws/install/moveit_ros_planning/include/moveit_ros_planning/moveit_planning_pipeline_interfaces_export.h
[68.079s] -- Up-to-date: /home/wzb/ros2ws/moveit_ws/install/moveit_ros_planning/include/moveit_ros_planning
[68.079s] -- Installing: /home/wzb/ros2ws/moveit_ws/install/moveit_ros_planning/include/moveit_ros_planning/planning_pipeline_parameters.hpp
[68.079s] -- Installing: /home/wzb/ros2ws/moveit_ws/install/moveit_ros_planning/lib/libmoveit_pipeline_test_plugins.so.2.14.1
[68.079s] -- Set runtime path of "/home/wzb/ros2ws/moveit_ws/install/moveit_ros_planning/lib/libmoveit_pipeline_test_plugins.so.2.14.1" to ""
[68.079s] -- Installing: /home/wzb/ros2ws/moveit_ws/install/moveit_ros_planning/lib/libmoveit_pipeline_test_plugins.so
[68.079s] -- Up-to-date: /home/wzb/ros2ws/moveit_ws/install/moveit_ros_planning/include/moveit_ros_planning
[68.079s] -- Up-to-date: /home/wzb/ros2ws/moveit_ws/install/moveit_ros_planning/include/moveit_ros_planning/moveit
[68.079s] -- Installing: /home/wzb/ros2ws/moveit_ws/install/moveit_ros_planning/include/moveit_ros_planning/moveit/planning_pipeline
[68.079s] -- Installing: /home/wzb/ros2ws/moveit_ws/install/moveit_ros_planning/include/moveit_ros_planning/moveit/planning_pipeline/planning_pipeline.hpp
[68.079s] -- Installing: /home/wzb/ros2ws/moveit_ws/install/moveit_ros_planning/include/moveit_ros_planning/moveit/planning_pipeline/planning_pipeline.h
[68.079s] -- Installing: /home/wzb/ros2ws/moveit_ws/install/moveit_ros_planning/include/moveit_ros_planning/moveit_planning_pipeline_export.h
[68.079s] -- Up-to-date: /home/wzb/ros2ws/moveit_ws/install/moveit_ros_planning/include/moveit_ros_planning
[68.080s] -- Installing: /home/wzb/ros2ws/moveit_ws/install/moveit_ros_planning/include/moveit_ros_planning/default_request_adapter_parameters.hpp
[68.080s] -- Up-to-date: /home/wzb/ros2ws/moveit_ws/install/moveit_ros_planning/include/moveit_ros_planning
[68.080s] -- Installing: /home/wzb/ros2ws/moveit_ws/install/moveit_ros_planning/include/moveit_ros_planning/default_response_adapter_parameters.hpp
[68.080s] -- Installing: /home/wzb/ros2ws/moveit_ws/install/moveit_ros_planning/lib/moveit_ros_planning/demo_scene
[68.080s] -- Set runtime path of "/home/wzb/ros2ws/moveit_ws/install/moveit_ros_planning/lib/moveit_ros_planning/demo_scene" to ""
[68.080s] -- Up-to-date: /home/wzb/ros2ws/moveit_ws/install/moveit_ros_planning/include/moveit_ros_planning
[68.080s] -- Up-to-date: /home/wzb/ros2ws/moveit_ws/install/moveit_ros_planning/include/moveit_ros_planning/moveit
[68.080s] -- Installing: /home/wzb/ros2ws/moveit_ws/install/moveit_ros_planning/include/moveit_ros_planning/moveit/planning_scene_monitor
[68.080s] -- Installing: /home/wzb/ros2ws/moveit_ws/install/moveit_ros_planning/include/moveit_ros_planning/moveit/planning_scene_monitor/current_state_monitor_middleware_handle.h
[68.080s] -- Installing: /home/wzb/ros2ws/moveit_ws/install/moveit_ros_planning/include/moveit_ros_planning/moveit/planning_scene_monitor/planning_scene_monitor.h
[68.080s] -- Installing: /home/wzb/ros2ws/moveit_ws/install/moveit_ros_planning/include/moveit_ros_planning/moveit/planning_scene_monitor/current_state_monitor_middleware_handle.hpp
[68.080s] -- Installing: /home/wzb/ros2ws/moveit_ws/install/moveit_ros_planning/include/moveit_ros_planning/moveit/planning_scene_monitor/current_state_monitor.hpp
[68.080s] -- Installing: /home/wzb/ros2ws/moveit_ws/install/moveit_ros_planning/include/moveit_ros_planning/moveit/planning_scene_monitor/current_state_monitor.h
[68.080s] -- Installing: /home/wzb/ros2ws/moveit_ws/install/moveit_ros_planning/include/moveit_ros_planning/moveit/planning_scene_monitor/planning_scene_monitor.hpp
[68.080s] -- Installing: /home/wzb/ros2ws/moveit_ws/install/moveit_ros_planning/include/moveit_ros_planning/moveit/planning_scene_monitor/trajectory_monitor.hpp
[68.080s] -- Installing: /home/wzb/ros2ws/moveit_ws/install/moveit_ros_planning/include/moveit_ros_planning/moveit/planning_scene_monitor/trajectory_monitor_middleware_handle.hpp
[68.080s] -- Installing: /home/wzb/ros2ws/moveit_ws/install/moveit_ros_planning/include/moveit_ros_planning/moveit/planning_scene_monitor/trajectory_monitor.h
[68.080s] -- Installing: /home/wzb/ros2ws/moveit_ws/install/moveit_ros_planning/include/moveit_ros_planning/moveit/planning_scene_monitor/trajectory_monitor_middleware_handle.h
[68.080s] -- Installing: /home/wzb/ros2ws/moveit_ws/install/moveit_ros_planning/include/moveit_ros_planning/moveit_planning_scene_monitor_export.h
[68.080s] -- Up-to-date: /home/wzb/ros2ws/moveit_ws/install/moveit_ros_planning/include/moveit_ros_planning
[68.081s] -- Up-to-date: /home/wzb/ros2ws/moveit_ws/install/moveit_ros_planning/include/moveit_ros_planning/moveit
[68.081s] -- Installing: /home/wzb/ros2ws/moveit_ws/install/moveit_ros_planning/include/moveit_ros_planning/moveit/rdf_loader
[68.081s] -- Installing: /home/wzb/ros2ws/moveit_ws/install/moveit_ros_planning/include/moveit_ros_planning/moveit/rdf_loader/synchronized_string_parameter.hpp
[68.081s] -- Installing: /home/wzb/ros2ws/moveit_ws/install/moveit_ros_planning/include/moveit_ros_planning/moveit/rdf_loader/rdf_loader.hpp
[68.081s] -- Installing: /home/wzb/ros2ws/moveit_ws/install/moveit_ros_planning/include/moveit_ros_planning/moveit/rdf_loader/rdf_loader.h
[68.081s] -- Installing: /home/wzb/ros2ws/moveit_ws/install/moveit_ros_planning/include/moveit_ros_planning/moveit/rdf_loader/synchronized_string_parameter.h
[68.081s] -- Installing: /home/wzb/ros2ws/moveit_ws/install/moveit_ros_planning/share/moveit_ros_planning/rdf_loader/test/data
[68.081s] -- Installing: /home/wzb/ros2ws/moveit_ws/install/moveit_ros_planning/share/moveit_ros_planning/rdf_loader/test/data/robin.srdf.xacro
[68.081s] -- Installing: /home/wzb/ros2ws/moveit_ws/install/moveit_ros_planning/share/moveit_ros_planning/rdf_loader/test/data/kermit.srdf
[68.081s] -- Installing: /home/wzb/ros2ws/moveit_ws/install/moveit_ros_planning/share/moveit_ros_planning/rdf_loader/test/data/kermit.urdf
[68.081s] -- Installing: /home/wzb/ros2ws/moveit_ws/install/moveit_ros_planning/share/moveit_ros_planning/rdf_loader/test/data/gonzo.srdf
[68.081s] -- Installing: /home/wzb/ros2ws/moveit_ws/install/moveit_ros_planning/share/moveit_ros_planning/rdf_loader/test/data/gonzo.urdf
[68.081s] -- Installing: /home/wzb/ros2ws/moveit_ws/install/moveit_ros_planning/share/moveit_ros_planning/rdf_loader/test/launch
[68.081s] -- Installing: /home/wzb/ros2ws/moveit_ws/install/moveit_ros_planning/share/moveit_ros_planning/rdf_loader/test/launch/test_rdf_integration.test.py
[68.081s] -- Up-to-date: /home/wzb/ros2ws/moveit_ws/install/moveit_ros_planning/include/moveit_ros_planning
[68.081s] -- Up-to-date: /home/wzb/ros2ws/moveit_ws/install/moveit_ros_planning/include/moveit_ros_planning/moveit
[68.081s] -- Installing: /home/wzb/ros2ws/moveit_ws/install/moveit_ros_planning/include/moveit_ros_planning/moveit/robot_model_loader
[68.081s] -- Installing: /home/wzb/ros2ws/moveit_ws/install/moveit_ros_planning/include/moveit_ros_planning/moveit/robot_model_loader/robot_model_loader.hpp
[68.081s] -- Installing: /home/wzb/ros2ws/moveit_ws/install/moveit_ros_planning/include/moveit_ros_planning/moveit/robot_model_loader/robot_model_loader.h
[68.081s] -- Up-to-date: /home/wzb/ros2ws/moveit_ws/install/moveit_ros_planning/include/moveit_ros_planning
[68.081s] -- Up-to-date: /home/wzb/ros2ws/moveit_ws/install/moveit_ros_planning/include/moveit_ros_planning/moveit
[68.081s] -- Installing: /home/wzb/ros2ws/moveit_ws/install/moveit_ros_planning/include/moveit_ros_planning/moveit/trajectory_execution_manager
[68.081s] -- Installing: /home/wzb/ros2ws/moveit_ws/install/moveit_ros_planning/include/moveit_ros_planning/moveit/trajectory_execution_manager/trajectory_execution_manager.h
[68.081s] -- Installing: /home/wzb/ros2ws/moveit_ws/install/moveit_ros_planning/include/moveit_ros_planning/moveit/trajectory_execution_manager/trajectory_execution_manager.hpp
[68.081s] -- Installing: /home/wzb/ros2ws/moveit_ws/install/moveit_ros_planning/include/moveit_ros_planning/moveit_trajectory_execution_manager_export.h
[68.081s] -- Installing: /home/wzb/ros2ws/moveit_ws/install/moveit_ros_planning/lib/libmoveit_collision_plugin_loader.so.2.14.1
[68.082s] -- Set runtime path of "/home/wzb/ros2ws/moveit_ws/install/moveit_ros_planning/lib/libmoveit_collision_plugin_loader.so.2.14.1" to ""
[68.082s] -- Installing: /home/wzb/ros2ws/moveit_ws/install/moveit_ros_planning/lib/libmoveit_collision_plugin_loader.so
[68.082s] -- Installing: /home/wzb/ros2ws/moveit_ws/install/moveit_ros_planning/lib/libmoveit_constraint_sampler_manager_loader.so.2.14.1
[68.082s] -- Set runtime path of "/home/wzb/ros2ws/moveit_ws/install/moveit_ros_planning/lib/libmoveit_constraint_sampler_manager_loader.so.2.14.1" to ""
[68.082s] -- Installing: /home/wzb/ros2ws/moveit_ws/install/moveit_ros_planning/lib/libmoveit_constraint_sampler_manager_loader.so
[68.082s] -- Installing: /home/wzb/ros2ws/moveit_ws/install/moveit_ros_planning/lib/libmoveit_cpp.so.2.14.1
[68.082s] -- Set runtime path of "/home/wzb/ros2ws/moveit_ws/install/moveit_ros_planning/lib/libmoveit_cpp.so.2.14.1" to ""
[68.082s] -- Installing: /home/wzb/ros2ws/moveit_ws/install/moveit_ros_planning/lib/libmoveit_cpp.so
[68.082s] -- Installing: /home/wzb/ros2ws/moveit_ws/install/moveit_ros_planning/lib/libmoveit_kinematics_plugin_loader.so.2.14.1
[68.083s] -- Set runtime path of "/home/wzb/ros2ws/moveit_ws/install/moveit_ros_planning/lib/libmoveit_kinematics_plugin_loader.so.2.14.1" to ""
[68.083s] -- Installing: /home/wzb/ros2ws/moveit_ws/install/moveit_ros_planning/lib/libmoveit_kinematics_plugin_loader.so
[68.083s] -- Installing: /home/wzb/ros2ws/moveit_ws/install/moveit_ros_planning/lib/libmoveit_plan_execution.so.2.14.1
[68.083s] -- Set runtime path of "/home/wzb/ros2ws/moveit_ws/install/moveit_ros_planning/lib/libmoveit_plan_execution.so.2.14.1" to ""
[68.083s] -- Installing: /home/wzb/ros2ws/moveit_ws/install/moveit_ros_planning/lib/libmoveit_plan_execution.so
[68.083s] -- Installing: /home/wzb/ros2ws/moveit_ws/install/moveit_ros_planning/lib/libmoveit_planning_pipeline.so.2.14.1
[68.084s] -- Set runtime path of "/home/wzb/ros2ws/moveit_ws/install/moveit_ros_planning/lib/libmoveit_planning_pipeline.so.2.14.1" to ""
[68.084s] -- Installing: /home/wzb/ros2ws/moveit_ws/install/moveit_ros_planning/lib/libmoveit_planning_pipeline.so
[68.084s] -- Installing: /home/wzb/ros2ws/moveit_ws/install/moveit_ros_planning/lib/libmoveit_planning_pipeline_interfaces.so.2.14.1
[68.084s] -- Set runtime path of "/home/wzb/ros2ws/moveit_ws/install/moveit_ros_planning/lib/libmoveit_planning_pipeline_interfaces.so.2.14.1" to ""
[68.084s] -- Installing: /home/wzb/ros2ws/moveit_ws/install/moveit_ros_planning/lib/libmoveit_planning_pipeline_interfaces.so
[68.084s] -- Installing: /home/wzb/ros2ws/moveit_ws/install/moveit_ros_planning/lib/libmoveit_planning_scene_monitor.so.2.14.1
[68.086s] -- Set runtime path of "/home/wzb/ros2ws/moveit_ws/install/moveit_ros_planning/lib/libmoveit_planning_scene_monitor.so.2.14.1" to ""
[68.086s] -- Installing: /home/wzb/ros2ws/moveit_ws/install/moveit_ros_planning/lib/libmoveit_planning_scene_monitor.so
[68.086s] -- Installing: /home/wzb/ros2ws/moveit_ws/install/moveit_ros_planning/lib/libmoveit_rdf_loader.so.2.14.1
[68.087s] -- Set runtime path of "/home/wzb/ros2ws/moveit_ws/install/moveit_ros_planning/lib/libmoveit_rdf_loader.so.2.14.1" to ""
[68.087s] -- Installing: /home/wzb/ros2ws/moveit_ws/install/moveit_ros_planning/lib/libmoveit_rdf_loader.so
[68.087s] -- Installing: /home/wzb/ros2ws/moveit_ws/install/moveit_ros_planning/lib/libmoveit_robot_model_loader.so.2.14.1
[68.087s] -- Set runtime path of "/home/wzb/ros2ws/moveit_ws/install/moveit_ros_planning/lib/libmoveit_robot_model_loader.so.2.14.1" to ""
[68.087s] -- Installing: /home/wzb/ros2ws/moveit_ws/install/moveit_ros_planning/lib/libmoveit_robot_model_loader.so
[68.087s] -- Installing: /home/wzb/ros2ws/moveit_ws/install/moveit_ros_planning/lib/libmoveit_trajectory_execution_manager.so.2.14.1
[68.088s] -- Set runtime path of "/home/wzb/ros2ws/moveit_ws/install/moveit_ros_planning/lib/libmoveit_trajectory_execution_manager.so.2.14.1" to ""
[68.088s] -- Installing: /home/wzb/ros2ws/moveit_ws/install/moveit_ros_planning/lib/libmoveit_trajectory_execution_manager.so
[68.088s] -- Installing: /home/wzb/ros2ws/moveit_ws/install/moveit_ros_planning/lib/libsrdf_publisher_node.so
[68.088s] -- Set runtime path of "/home/wzb/ros2ws/moveit_ws/install/moveit_ros_planning/lib/libsrdf_publisher_node.so" to ""
[68.088s] -- Installing: /home/wzb/ros2ws/moveit_ws/install/moveit_ros_planning/lib/libmoveit_default_planning_response_adapter_plugins.so.2.14.1
[68.089s] -- Set runtime path of "/home/wzb/ros2ws/moveit_ws/install/moveit_ros_planning/lib/libmoveit_default_planning_response_adapter_plugins.so.2.14.1" to ""
[68.089s] -- Installing: /home/wzb/ros2ws/moveit_ws/install/moveit_ros_planning/lib/libmoveit_default_planning_response_adapter_plugins.so
[68.089s] -- Installing: /home/wzb/ros2ws/moveit_ws/install/moveit_ros_planning/lib/libmoveit_default_planning_request_adapter_plugins.so.2.14.1
[68.089s] -- Set runtime path of "/home/wzb/ros2ws/moveit_ws/install/moveit_ros_planning/lib/libmoveit_default_planning_request_adapter_plugins.so.2.14.1" to ""
[68.089s] -- Installing: /home/wzb/ros2ws/moveit_ws/install/moveit_ros_planning/lib/libmoveit_default_planning_request_adapter_plugins.so
[68.089s] -- Installing: /home/wzb/ros2ws/moveit_ws/install/moveit_ros_planning/share/moveit_ros_planning/environment/library_path.sh
[68.089s] -- Installing: /home/wzb/ros2ws/moveit_ws/install/moveit_ros_planning/share/moveit_ros_planning/environment/library_path.dsv
[68.089s] -- Installing: /home/wzb/ros2ws/moveit_ws/install/moveit_ros_planning/lib/moveit_ros_planning/srdf_publisher
[68.089s] -- Set runtime path of "/home/wzb/ros2ws/moveit_ws/install/moveit_ros_planning/lib/moveit_ros_planning/srdf_publisher" to ""
[68.089s] -- Installing: /home/wzb/ros2ws/moveit_ws/install/moveit_ros_planning/share/moveit_ros_planning/default_request_adapters_plugin_description.xml
[68.089s] -- Installing: /home/wzb/ros2ws/moveit_ws/install/moveit_ros_planning/share/moveit_ros_planning/default_response_adapters_plugin_description.xml
[68.089s] -- Installing: /home/wzb/ros2ws/moveit_ws/install/moveit_ros_planning/share/moveit_ros_planning/planning_pipeline_test_plugins_description.xml
[68.089s] -- Installing: /home/wzb/ros2ws/moveit_ws/install/moveit_ros_planning/share/ament_index/resource_index/package_run_dependencies/moveit_ros_planning
[68.089s] -- Installing: /home/wzb/ros2ws/moveit_ws/install/moveit_ros_planning/share/ament_index/resource_index/parent_prefix_path/moveit_ros_planning
[68.089s] -- Installing: /home/wzb/ros2ws/moveit_ws/install/moveit_ros_planning/share/moveit_ros_planning/environment/ament_prefix_path.sh
[68.089s] -- Installing: /home/wzb/ros2ws/moveit_ws/install/moveit_ros_planning/share/moveit_ros_planning/environment/ament_prefix_path.dsv
[68.089s] -- Installing: /home/wzb/ros2ws/moveit_ws/install/moveit_ros_planning/share/moveit_ros_planning/environment/path.sh
[68.090s] -- Installing: /home/wzb/ros2ws/moveit_ws/install/moveit_ros_planning/share/moveit_ros_planning/environment/path.dsv
[68.090s] -- Installing: /home/wzb/ros2ws/moveit_ws/install/moveit_ros_planning/share/moveit_ros_planning/local_setup.bash
[68.090s] -- Installing: /home/wzb/ros2ws/moveit_ws/install/moveit_ros_planning/share/moveit_ros_planning/local_setup.sh
[68.090s] -- Installing: /home/wzb/ros2ws/moveit_ws/install/moveit_ros_planning/share/moveit_ros_planning/local_setup.zsh
[68.090s] -- Installing: /home/wzb/ros2ws/moveit_ws/install/moveit_ros_planning/share/moveit_ros_planning/local_setup.dsv
[68.090s] -- Installing: /home/wzb/ros2ws/moveit_ws/install/moveit_ros_planning/share/moveit_ros_planning/package.dsv
[68.090s] -- Installing: /home/wzb/ros2ws/moveit_ws/install/moveit_ros_planning/share/ament_index/resource_index/packages/moveit_ros_planning
[68.090s] -- Installing: /home/wzb/ros2ws/moveit_ws/install/moveit_ros_planning/share/ament_index/resource_index/moveit_core__pluginlib__plugin/moveit_ros_planning
[68.090s] -- Installing: /home/wzb/ros2ws/moveit_ws/install/moveit_ros_planning/share/moveit_ros_planning/cmake/moveit_ros_planningTargetsExport.cmake
[68.090s] -- Installing: /home/wzb/ros2ws/moveit_ws/install/moveit_ros_planning/share/moveit_ros_planning/cmake/moveit_ros_planningTargetsExport-release.cmake
[68.090s] -- Installing: /home/wzb/ros2ws/moveit_ws/install/moveit_ros_planning/share/ament_index/resource_index/rclcpp_components/moveit_ros_planning
[68.090s] -- Installing: /home/wzb/ros2ws/moveit_ws/install/moveit_ros_planning/share/moveit_ros_planning/cmake/ConfigExtras.cmake
[68.090s] -- Installing: /home/wzb/ros2ws/moveit_ws/install/moveit_ros_planning/share/moveit_ros_planning/cmake/ament_cmake_export_targets-extras.cmake
[68.090s] -- Installing: /home/wzb/ros2ws/moveit_ws/install/moveit_ros_planning/share/moveit_ros_planning/cmake/ament_cmake_export_dependencies-extras.cmake
[68.090s] -- Installing: /home/wzb/ros2ws/moveit_ws/install/moveit_ros_planning/share/moveit_ros_planning/cmake/moveit_ros_planningConfig.cmake
[68.090s] -- Installing: /home/wzb/ros2ws/moveit_ws/install/moveit_ros_planning/share/moveit_ros_planning/cmake/moveit_ros_planningConfig-version.cmake
[68.090s] -- Installing: /home/wzb/ros2ws/moveit_ws/install/moveit_ros_planning/share/moveit_ros_planning/package.xml
[68.091s] Invoked command in '/home/wzb/ros2ws/moveit_ws/build/moveit_ros_planning' returned '0': AMENT_PREFIX_PATH=/home/wzb/ros2ws/moveit_ws/install/moveit_ros_occupancy_map_monitor:/home/wzb/ros2ws/moveit_ws/install/moveit_core:/home/wzb/ros2ws/moveit_ws/install/moveit_resources_panda_moveit_config:/home/wzb/ros2ws/moveit_ws/install/moveit_resources_pr2_description:/home/wzb/ros2ws/moveit_ws/install/moveit_resources_panda_description:/home/wzb/ros2ws/moveit_ws/install/moveit_msgs:/home/wzb/ros2ws/moveit_ws/install/moveit_configs_utils:/home/wzb/ros2ws/moveit_ws/install/moveit_common:${AMENT_PREFIX_PATH} CMAKE_PREFIX_PATH=/home/wzb/ros2ws/moveit_ws/install/moveit_ros_occupancy_map_monitor:/home/wzb/ros2ws/moveit_ws/install/moveit_core:/home/wzb/ros2ws/moveit_ws/install/moveit_resources_panda_moveit_config:/home/wzb/ros2ws/moveit_ws/install/moveit_resources_pr2_description:/home/wzb/ros2ws/moveit_ws/install/moveit_resources_panda_description:/home/wzb/ros2ws/moveit_ws/install/moveit_msgs:/home/wzb/ros2ws/moveit_ws/install/moveit_common:/opt/ros/humble LD_LIBRARY_PATH=/home/wzb/ros2ws/moveit_ws/install/moveit_ros_occupancy_map_monitor/lib:/home/wzb/ros2ws/moveit_ws/install/moveit_core/lib:/home/wzb/ros2ws/moveit_ws/install/moveit_msgs/lib:${LD_LIBRARY_PATH} PATH=/home/wzb/ros2ws/moveit_ws/install/moveit_core/bin:${PATH} PYTHONPATH=/home/wzb/ros2ws/moveit_ws/install/moveit_msgs/local/lib/python3.10/dist-packages:/home/wzb/ros2ws/moveit_ws/install/moveit_configs_utils/lib/python3.10/site-packages:${PYTHONPATH} /usr/bin/cmake --install /home/wzb/ros2ws/moveit_ws/build/moveit_ros_planning
