[0.010s] Invoking command in '/home/wzb/ros2ws/moveit_ws/build/moveit_kinematics': AMENT_PREFIX_PATH=/home/wzb/ros2ws/moveit_ws/install/moveit_ros_planning:/home/wzb/ros2ws/moveit_ws/install/moveit_ros_occupancy_map_monitor:/home/wzb/ros2ws/moveit_ws/install/moveit_core:/home/wzb/ros2ws/moveit_ws/install/moveit_resources_panda_moveit_config:/home/wzb/ros2ws/moveit_ws/install/moveit_resources_fanuc_moveit_config:/home/wzb/ros2ws/moveit_ws/install/moveit_resources_pr2_description:/home/wzb/ros2ws/moveit_ws/install/moveit_resources_panda_description:/home/wzb/ros2ws/moveit_ws/install/moveit_resources_fanuc_description:/home/wzb/ros2ws/moveit_ws/install/moveit_msgs:/home/wzb/ros2ws/moveit_ws/install/moveit_configs_utils:/home/wzb/ros2ws/moveit_ws/install/moveit_common:${AMENT_PREFIX_PATH} CMAKE_PREFIX_PATH=/home/wzb/ros2ws/moveit_ws/install/moveit_ros_planning:/home/wzb/ros2ws/moveit_ws/install/moveit_ros_occupancy_map_monitor:/home/wzb/ros2ws/moveit_ws/install/moveit_core:/home/wzb/ros2ws/moveit_ws/install/moveit_resources_panda_moveit_config:/home/wzb/ros2ws/moveit_ws/install/moveit_resources_fanuc_moveit_config:/home/wzb/ros2ws/moveit_ws/install/moveit_resources_pr2_description:/home/wzb/ros2ws/moveit_ws/install/moveit_resources_panda_description:/home/wzb/ros2ws/moveit_ws/install/moveit_resources_fanuc_description:/home/wzb/ros2ws/moveit_ws/install/moveit_msgs:/home/wzb/ros2ws/moveit_ws/install/moveit_common:/opt/ros/humble LD_LIBRARY_PATH=/home/wzb/ros2ws/moveit_ws/install/moveit_ros_planning/lib:/home/wzb/ros2ws/moveit_ws/install/moveit_ros_occupancy_map_monitor/lib:/home/wzb/ros2ws/moveit_ws/install/moveit_core/lib:/home/wzb/ros2ws/moveit_ws/install/moveit_msgs/lib:${LD_LIBRARY_PATH} PATH=/home/wzb/ros2ws/moveit_ws/install/moveit_core/bin:${PATH} PYTHONPATH=/home/wzb/ros2ws/moveit_ws/install/moveit_msgs/local/lib/python3.10/dist-packages:/home/wzb/ros2ws/moveit_ws/install/moveit_configs_utils/lib/python3.10/site-packages:${PYTHONPATH} /usr/bin/cmake /home/wzb/ros2ws/moveit_ws/src/moveit2/moveit_kinematics -DCMAKE_BUILD_TYPE=Release -DCMAKE_INSTALL_PREFIX=/home/wzb/ros2ws/moveit_ws/install/moveit_kinematics
[0.043s] -- The CXX compiler identification is GNU 11.4.0
[0.047s] -- Detecting CXX compiler ABI info
[0.087s] -- Detecting CXX compiler ABI info - done
[0.091s] -- Check for working CXX compiler: /usr/bin/c++ - skipped
[0.091s] -- Detecting CXX compile features
[0.091s] -- Detecting CXX compile features - done
[0.092s] -- Found moveit_common: 2.14.1 (/home/wzb/ros2ws/moveit_ws/install/moveit_common/share/moveit_common/cmake)
[0.093s] -- Found ament_cmake: 1.3.12 (/opt/ros/humble/share/ament_cmake/cmake)
[0.179s] -- Found Python3: /usr/bin/python3 (found version "3.10.12") found components: Interpreter 
[0.272s] -- Found class_loader: 2.2.0 (/opt/ros/humble/share/class_loader/cmake)
[0.285s] -- Found generate_parameter_library: 0.5.0 (/opt/ros/humble/share/generate_parameter_library/cmake)
[0.287s] -- Found parameter_traits: 0.5.0 (/opt/ros/humble/share/parameter_traits/cmake)
[0.308s] -- Found rosidl_generator_c: 3.1.7 (/opt/ros/humble/share/rosidl_generator_c/cmake)
[0.311s] -- Found rosidl_adapter: 3.1.7 (/opt/ros/humble/share/rosidl_adapter/cmake)
[0.317s] -- Found rosidl_generator_cpp: 3.1.7 (/opt/ros/humble/share/rosidl_generator_cpp/cmake)
[0.324s] -- Using all available rosidl_typesupport_c: rosidl_typesupport_fastrtps_c;rosidl_typesupport_introspection_c
[0.333s] -- Using all available rosidl_typesupport_cpp: rosidl_typesupport_fastrtps_cpp;rosidl_typesupport_introspection_cpp
[0.361s] -- Found rmw_implementation_cmake: 6.1.2 (/opt/ros/humble/share/rmw_implementation_cmake/cmake)
[0.363s] -- Found rmw_fastrtps_cpp: 6.2.9 (/opt/ros/humble/share/rmw_fastrtps_cpp/cmake)
[0.409s] -- Found OpenSSL: /usr/lib/x86_64-linux-gnu/libcrypto.so (found version "3.0.2")  
[0.423s] -- Found FastRTPS: /opt/ros/humble/include  
[0.446s] -- Using RMW implementation 'rmw_fastrtps_cpp' as default
[0.452s] -- Looking for C++ include pthread.h
[0.510s] -- Looking for C++ include pthread.h - found
[0.510s] -- Performing Test CMAKE_HAVE_LIBC_PTHREAD
[0.569s] -- Performing Test CMAKE_HAVE_LIBC_PTHREAD - Success
[0.570s] -- Found Threads: TRUE  
[0.604s] -- Found rclcpp_lifecycle: 16.0.16 (/opt/ros/humble/share/rclcpp_lifecycle/cmake)
[0.616s] -- Found kdl_parser: 2.6.4 (/opt/ros/humble/share/kdl_parser/cmake)
[0.620s] -- Found eigen3_cmake_module: 0.1.1 (/opt/ros/humble/share/eigen3_cmake_module/cmake)
[0.621s] -- Found Eigen3: TRUE (found version "3.4.0") 
[0.621s] -- Ensuring Eigen3 include directory is part of orocos-kdl CMake target
[0.623s] -- Found moveit_core: 2.14.1 (/home/wzb/ros2ws/moveit_ws/install/moveit_core/share/moveit_core/cmake)
[0.644s] -- Found Boost: /usr/lib/x86_64-linux-gnu/cmake/Boost-1.74.0/BoostConfig.cmake (found version "1.74.0") found components: chrono date_time filesystem iostreams program_options regex serialization system thread 
[0.667s] -- Found Boost: /usr/lib/x86_64-linux-gnu/cmake/Boost-1.74.0/BoostConfig.cmake (found version "1.74.0") found components: filesystem 
[0.716s] -- library: /usr/lib/x86_64-linux-gnu/libcurl.so
[0.886s] -- Found moveit_ros_planning: 2.14.1 (/home/wzb/ros2ws/moveit_ws/install/moveit_ros_planning/share/moveit_ros_planning/cmake)
[0.889s] -- Found Boost: /usr/lib/x86_64-linux-gnu/cmake/Boost-1.74.0/BoostConfig.cmake (found version "1.74.0") found components: system filesystem date_time program_options thread chrono 
[0.909s] -- Found Boost: /usr/lib/x86_64-linux-gnu/cmake/Boost-1.74.0/BoostConfig.cmake (found version "1.74.0") found components: program_options system 
[0.936s] -- Found ament_cmake_gtest: 1.3.12 (/opt/ros/humble/share/ament_cmake_gtest/cmake)
[0.937s] -- Found ros_testing: 0.4.0 (/opt/ros/humble/share/ros_testing/cmake)
[0.938s] -- Found launch_testing_ament_cmake: 1.0.13 (/opt/ros/humble/share/launch_testing_ament_cmake/cmake)
[0.939s] -- Found python_cmake_module: 0.10.0 (/opt/ros/humble/share/python_cmake_module/cmake)
[0.952s] -- Found PythonInterp: /usr/bin/python3 (found suitable version "3.10.12", minimum required is "3.6") 
[0.955s] -- Found PythonLibs: /usr/lib/x86_64-linux-gnu/libpython3.10.so (found suitable version "3.10.12", minimum required is "3.5") 
[0.955s] -- Using PYTHON_EXECUTABLE: /usr/bin/python3
[0.955s] -- Using PYTHON_INCLUDE_DIRS: /usr/include/python3.10
[0.955s] -- Using PYTHON_LIBRARIES: /usr/lib/x86_64-linux-gnu/libpython3.10.so
[0.968s] -- Found PythonExtra: .so  
[0.968s] -- Found moveit_resources_fanuc_description: 3.1.1 (/home/wzb/ros2ws/moveit_ws/install/moveit_resources_fanuc_description/share/moveit_resources_fanuc_description/cmake)
[0.969s] -- Found moveit_resources_fanuc_moveit_config: 3.1.1 (/home/wzb/ros2ws/moveit_ws/install/moveit_resources_fanuc_moveit_config/share/moveit_resources_fanuc_moveit_config/cmake)
[0.969s] -- Found moveit_resources_panda_description: 3.1.1 (/home/wzb/ros2ws/moveit_ws/install/moveit_resources_panda_description/share/moveit_resources_panda_description/cmake)
[0.970s] -- Found moveit_resources_panda_moveit_config: 3.1.1 (/home/wzb/ros2ws/moveit_ws/install/moveit_resources_panda_moveit_config/share/moveit_resources_panda_moveit_config/cmake)
[0.971s] -- Found gtest sources under '/opt/ros/humble/src/gtest_vendor': C++ tests using 'Google Test' will be built
[0.995s] -- The C compiler identification is GNU 11.4.0
[0.999s] -- Detecting C compiler ABI info
[1.053s] -- Detecting C compiler ABI info - done
[1.057s] -- Check for working C compiler: /usr/bin/cc - skipped
[1.058s] -- Detecting C compile features
[1.058s] -- Detecting C compile features - done
[1.067s] -- Configuring done
[1.117s] -- Generating done
[1.134s] -- Build files have been written to: /home/wzb/ros2ws/moveit_ws/build/moveit_kinematics
[1.145s] Invoked command in '/home/wzb/ros2ws/moveit_ws/build/moveit_kinematics' returned '0': AMENT_PREFIX_PATH=/home/wzb/ros2ws/moveit_ws/install/moveit_ros_planning:/home/wzb/ros2ws/moveit_ws/install/moveit_ros_occupancy_map_monitor:/home/wzb/ros2ws/moveit_ws/install/moveit_core:/home/wzb/ros2ws/moveit_ws/install/moveit_resources_panda_moveit_config:/home/wzb/ros2ws/moveit_ws/install/moveit_resources_fanuc_moveit_config:/home/wzb/ros2ws/moveit_ws/install/moveit_resources_pr2_description:/home/wzb/ros2ws/moveit_ws/install/moveit_resources_panda_description:/home/wzb/ros2ws/moveit_ws/install/moveit_resources_fanuc_description:/home/wzb/ros2ws/moveit_ws/install/moveit_msgs:/home/wzb/ros2ws/moveit_ws/install/moveit_configs_utils:/home/wzb/ros2ws/moveit_ws/install/moveit_common:${AMENT_PREFIX_PATH} CMAKE_PREFIX_PATH=/home/wzb/ros2ws/moveit_ws/install/moveit_ros_planning:/home/wzb/ros2ws/moveit_ws/install/moveit_ros_occupancy_map_monitor:/home/wzb/ros2ws/moveit_ws/install/moveit_core:/home/wzb/ros2ws/moveit_ws/install/moveit_resources_panda_moveit_config:/home/wzb/ros2ws/moveit_ws/install/moveit_resources_fanuc_moveit_config:/home/wzb/ros2ws/moveit_ws/install/moveit_resources_pr2_description:/home/wzb/ros2ws/moveit_ws/install/moveit_resources_panda_description:/home/wzb/ros2ws/moveit_ws/install/moveit_resources_fanuc_description:/home/wzb/ros2ws/moveit_ws/install/moveit_msgs:/home/wzb/ros2ws/moveit_ws/install/moveit_common:/opt/ros/humble LD_LIBRARY_PATH=/home/wzb/ros2ws/moveit_ws/install/moveit_ros_planning/lib:/home/wzb/ros2ws/moveit_ws/install/moveit_ros_occupancy_map_monitor/lib:/home/wzb/ros2ws/moveit_ws/install/moveit_core/lib:/home/wzb/ros2ws/moveit_ws/install/moveit_msgs/lib:${LD_LIBRARY_PATH} PATH=/home/wzb/ros2ws/moveit_ws/install/moveit_core/bin:${PATH} PYTHONPATH=/home/wzb/ros2ws/moveit_ws/install/moveit_msgs/local/lib/python3.10/dist-packages:/home/wzb/ros2ws/moveit_ws/install/moveit_configs_utils/lib/python3.10/site-packages:${PYTHONPATH} /usr/bin/cmake /home/wzb/ros2ws/moveit_ws/src/moveit2/moveit_kinematics -DCMAKE_BUILD_TYPE=Release -DCMAKE_INSTALL_PREFIX=/home/wzb/ros2ws/moveit_ws/install/moveit_kinematics
[1.147s] Invoking command in '/home/wzb/ros2ws/moveit_ws/build/moveit_kinematics': AMENT_PREFIX_PATH=/home/wzb/ros2ws/moveit_ws/install/moveit_ros_planning:/home/wzb/ros2ws/moveit_ws/install/moveit_ros_occupancy_map_monitor:/home/wzb/ros2ws/moveit_ws/install/moveit_core:/home/wzb/ros2ws/moveit_ws/install/moveit_resources_panda_moveit_config:/home/wzb/ros2ws/moveit_ws/install/moveit_resources_fanuc_moveit_config:/home/wzb/ros2ws/moveit_ws/install/moveit_resources_pr2_description:/home/wzb/ros2ws/moveit_ws/install/moveit_resources_panda_description:/home/wzb/ros2ws/moveit_ws/install/moveit_resources_fanuc_description:/home/wzb/ros2ws/moveit_ws/install/moveit_msgs:/home/wzb/ros2ws/moveit_ws/install/moveit_configs_utils:/home/wzb/ros2ws/moveit_ws/install/moveit_common:${AMENT_PREFIX_PATH} CMAKE_PREFIX_PATH=/home/wzb/ros2ws/moveit_ws/install/moveit_ros_planning:/home/wzb/ros2ws/moveit_ws/install/moveit_ros_occupancy_map_monitor:/home/wzb/ros2ws/moveit_ws/install/moveit_core:/home/wzb/ros2ws/moveit_ws/install/moveit_resources_panda_moveit_config:/home/wzb/ros2ws/moveit_ws/install/moveit_resources_fanuc_moveit_config:/home/wzb/ros2ws/moveit_ws/install/moveit_resources_pr2_description:/home/wzb/ros2ws/moveit_ws/install/moveit_resources_panda_description:/home/wzb/ros2ws/moveit_ws/install/moveit_resources_fanuc_description:/home/wzb/ros2ws/moveit_ws/install/moveit_msgs:/home/wzb/ros2ws/moveit_ws/install/moveit_common:/opt/ros/humble LD_LIBRARY_PATH=/home/wzb/ros2ws/moveit_ws/install/moveit_ros_planning/lib:/home/wzb/ros2ws/moveit_ws/install/moveit_ros_occupancy_map_monitor/lib:/home/wzb/ros2ws/moveit_ws/install/moveit_core/lib:/home/wzb/ros2ws/moveit_ws/install/moveit_msgs/lib:${LD_LIBRARY_PATH} PATH=/home/wzb/ros2ws/moveit_ws/install/moveit_core/bin:${PATH} PYTHONPATH=/home/wzb/ros2ws/moveit_ws/install/moveit_msgs/local/lib/python3.10/dist-packages:/home/wzb/ros2ws/moveit_ws/install/moveit_configs_utils/lib/python3.10/site-packages:${PYTHONPATH} /usr/bin/cmake --build /home/wzb/ros2ws/moveit_ws/build/moveit_kinematics -- -j20 -l20
[1.172s] [  8%] [32mBuilding CXX object gtest/CMakeFiles/gtest_main.dir/src/gtest_main.cc.o[0m
[1.172s] [  8%] [34m[1mRunning `/opt/ros/humble/bin/generate_parameter_library_cpp /home/wzb/ros2ws/moveit_ws/build/moveit_kinematics/kdl_kinematics_plugin/include/moveit_kinematics/kdl_kinematics_parameters.hpp /home/wzb/ros2ws/moveit_ws/src/moveit2/moveit_kinematics/kdl_kinematics_plugin/src/kdl_kinematics_parameters.yaml `[0m
[1.172s] [ 13%] [34m[1mRunning `/opt/ros/humble/bin/generate_parameter_library_cpp /home/wzb/ros2ws/moveit_ws/build/moveit_kinematics/srv_kinematics_plugin/include/moveit_kinematics/srv_kinematics_parameters.hpp /home/wzb/ros2ws/moveit_ws/src/moveit2/moveit_kinematics/srv_kinematics_plugin/src/srv_kinematics_parameters.yaml `[0m
[1.172s] [ 17%] [34m[1mRunning `/opt/ros/humble/bin/generate_parameter_library_cpp /home/wzb/ros2ws/moveit_ws/build/moveit_kinematics/cached_ik_kinematics_plugin/include/moveit_kinematics/cached_ik_kinematics_parameters.hpp /home/wzb/ros2ws/moveit_ws/src/moveit2/moveit_kinematics/cached_ik_kinematics_plugin/include/moveit/cached_ik_kinematics_plugin/cached_ik_kinematics_parameters.yaml `[0m
[1.173s] [ 21%] [32mBuilding CXX object gtest/CMakeFiles/gtest.dir/src/gtest-all.cc.o[0m
[1.176s] [ 26%] [32mBuilding CXX object test/CMakeFiles/benchmark_ik.dir/benchmark_ik.cpp.o[0m
[1.323s] [ 30%] [34m[1mCreating deprecated header file /home/wzb/ros2ws/moveit_ws/build/moveit_kinematics/srv_kinematics_plugin/include/srv_kinematics_parameters.hpp[0m
[1.337s] [ 30%] Built target srv_kinematics_parameters
[1.340s] [ 34%] [34m[1mCreating deprecated header file /home/wzb/ros2ws/moveit_ws/build/moveit_kinematics/cached_ik_kinematics_plugin/include/cached_ik_kinematics_parameters.hpp[0m
[1.352s] [ 34%] Built target cached_ik_kinematics_parameters
[1.355s] [ 39%] [32mBuilding CXX object srv_kinematics_plugin/CMakeFiles/moveit_srv_kinematics_plugin.dir/src/srv_kinematics_plugin.cpp.o[0m
[1.405s] [ 43%] [34m[1mCreating deprecated header file /home/wzb/ros2ws/moveit_ws/build/moveit_kinematics/kdl_kinematics_plugin/include/kdl_kinematics_parameters.hpp[0m
[1.426s] [ 43%] Built target kdl_kinematics_parameters
[1.516s] [ 47%] [32mBuilding CXX object cached_ik_kinematics_plugin/CMakeFiles/moveit_cached_ik_kinematics_base.dir/src/ik_cache.cpp.o[0m
[1.554s] [ 52%] [32mBuilding CXX object kdl_kinematics_plugin/CMakeFiles/moveit_kdl_kinematics_plugin.dir/src/kdl_kinematics_plugin.cpp.o[0m
[1.556s] [ 56%] [32mBuilding CXX object kdl_kinematics_plugin/CMakeFiles/moveit_kdl_kinematics_plugin.dir/src/chainiksolver_vel_mimic_svd.cpp.o[0m
[2.218s] [ 60%] [32m[1mLinking CXX static library libgtest_main.a[0m
[2.441s] [ 60%] Built target gtest_main
[17.786s] [ 65%] [32m[1mLinking CXX static library libgtest.a[0m
[17.890s] [ 65%] Built target gtest
[21.845s] [ 69%] [32m[1mLinking CXX shared library libmoveit_srv_kinematics_plugin.so[0m
[22.023s] [ 69%] Built target moveit_srv_kinematics_plugin
[22.882s] [ 73%] [32m[1mLinking CXX executable benchmark_ik[0m
[23.035s] [ 78%] [32m[1mLinking CXX shared library libmoveit_cached_ik_kinematics_base.so[0m
[23.118s] [ 78%] Built target benchmark_ik
[23.187s] [ 78%] Built target moveit_cached_ik_kinematics_base
[23.451s] [ 82%] [32m[1mLinking CXX shared library libmoveit_kdl_kinematics_plugin.so[0m
[23.638s] [ 82%] Built target moveit_kdl_kinematics_plugin
[23.657s] [ 91%] [32mBuilding CXX object test/CMakeFiles/test_kinematics_plugin.dir/test_kinematics_plugin.cpp.o[0m
[23.657s] [ 91%] [32mBuilding CXX object cached_ik_kinematics_plugin/CMakeFiles/moveit_cached_ik_kinematics_plugin.dir/src/cached_ik_kinematics_plugin.cpp.o[0m
[32.918s] [ 95%] [32m[1mLinking CXX shared library libmoveit_cached_ik_kinematics_plugin.so[0m
[33.187s] [ 95%] Built target moveit_cached_ik_kinematics_plugin
[42.085s] [100%] [32m[1mLinking CXX executable test_kinematics_plugin[0m
[42.276s] [100%] Built target test_kinematics_plugin
[42.281s] Invoked command in '/home/wzb/ros2ws/moveit_ws/build/moveit_kinematics' returned '0': AMENT_PREFIX_PATH=/home/wzb/ros2ws/moveit_ws/install/moveit_ros_planning:/home/wzb/ros2ws/moveit_ws/install/moveit_ros_occupancy_map_monitor:/home/wzb/ros2ws/moveit_ws/install/moveit_core:/home/wzb/ros2ws/moveit_ws/install/moveit_resources_panda_moveit_config:/home/wzb/ros2ws/moveit_ws/install/moveit_resources_fanuc_moveit_config:/home/wzb/ros2ws/moveit_ws/install/moveit_resources_pr2_description:/home/wzb/ros2ws/moveit_ws/install/moveit_resources_panda_description:/home/wzb/ros2ws/moveit_ws/install/moveit_resources_fanuc_description:/home/wzb/ros2ws/moveit_ws/install/moveit_msgs:/home/wzb/ros2ws/moveit_ws/install/moveit_configs_utils:/home/wzb/ros2ws/moveit_ws/install/moveit_common:${AMENT_PREFIX_PATH} CMAKE_PREFIX_PATH=/home/wzb/ros2ws/moveit_ws/install/moveit_ros_planning:/home/wzb/ros2ws/moveit_ws/install/moveit_ros_occupancy_map_monitor:/home/wzb/ros2ws/moveit_ws/install/moveit_core:/home/wzb/ros2ws/moveit_ws/install/moveit_resources_panda_moveit_config:/home/wzb/ros2ws/moveit_ws/install/moveit_resources_fanuc_moveit_config:/home/wzb/ros2ws/moveit_ws/install/moveit_resources_pr2_description:/home/wzb/ros2ws/moveit_ws/install/moveit_resources_panda_description:/home/wzb/ros2ws/moveit_ws/install/moveit_resources_fanuc_description:/home/wzb/ros2ws/moveit_ws/install/moveit_msgs:/home/wzb/ros2ws/moveit_ws/install/moveit_common:/opt/ros/humble LD_LIBRARY_PATH=/home/wzb/ros2ws/moveit_ws/install/moveit_ros_planning/lib:/home/wzb/ros2ws/moveit_ws/install/moveit_ros_occupancy_map_monitor/lib:/home/wzb/ros2ws/moveit_ws/install/moveit_core/lib:/home/wzb/ros2ws/moveit_ws/install/moveit_msgs/lib:${LD_LIBRARY_PATH} PATH=/home/wzb/ros2ws/moveit_ws/install/moveit_core/bin:${PATH} PYTHONPATH=/home/wzb/ros2ws/moveit_ws/install/moveit_msgs/local/lib/python3.10/dist-packages:/home/wzb/ros2ws/moveit_ws/install/moveit_configs_utils/lib/python3.10/site-packages:${PYTHONPATH} /usr/bin/cmake --build /home/wzb/ros2ws/moveit_ws/build/moveit_kinematics -- -j20 -l20
[42.282s] Invoking command in '/home/wzb/ros2ws/moveit_ws/build/moveit_kinematics': AMENT_PREFIX_PATH=/home/wzb/ros2ws/moveit_ws/install/moveit_ros_planning:/home/wzb/ros2ws/moveit_ws/install/moveit_ros_occupancy_map_monitor:/home/wzb/ros2ws/moveit_ws/install/moveit_core:/home/wzb/ros2ws/moveit_ws/install/moveit_resources_panda_moveit_config:/home/wzb/ros2ws/moveit_ws/install/moveit_resources_fanuc_moveit_config:/home/wzb/ros2ws/moveit_ws/install/moveit_resources_pr2_description:/home/wzb/ros2ws/moveit_ws/install/moveit_resources_panda_description:/home/wzb/ros2ws/moveit_ws/install/moveit_resources_fanuc_description:/home/wzb/ros2ws/moveit_ws/install/moveit_msgs:/home/wzb/ros2ws/moveit_ws/install/moveit_configs_utils:/home/wzb/ros2ws/moveit_ws/install/moveit_common:${AMENT_PREFIX_PATH} CMAKE_PREFIX_PATH=/home/wzb/ros2ws/moveit_ws/install/moveit_ros_planning:/home/wzb/ros2ws/moveit_ws/install/moveit_ros_occupancy_map_monitor:/home/wzb/ros2ws/moveit_ws/install/moveit_core:/home/wzb/ros2ws/moveit_ws/install/moveit_resources_panda_moveit_config:/home/wzb/ros2ws/moveit_ws/install/moveit_resources_fanuc_moveit_config:/home/wzb/ros2ws/moveit_ws/install/moveit_resources_pr2_description:/home/wzb/ros2ws/moveit_ws/install/moveit_resources_panda_description:/home/wzb/ros2ws/moveit_ws/install/moveit_resources_fanuc_description:/home/wzb/ros2ws/moveit_ws/install/moveit_msgs:/home/wzb/ros2ws/moveit_ws/install/moveit_common:/opt/ros/humble LD_LIBRARY_PATH=/home/wzb/ros2ws/moveit_ws/install/moveit_ros_planning/lib:/home/wzb/ros2ws/moveit_ws/install/moveit_ros_occupancy_map_monitor/lib:/home/wzb/ros2ws/moveit_ws/install/moveit_core/lib:/home/wzb/ros2ws/moveit_ws/install/moveit_msgs/lib:${LD_LIBRARY_PATH} PATH=/home/wzb/ros2ws/moveit_ws/install/moveit_core/bin:${PATH} PYTHONPATH=/home/wzb/ros2ws/moveit_ws/install/moveit_msgs/local/lib/python3.10/dist-packages:/home/wzb/ros2ws/moveit_ws/install/moveit_configs_utils/lib/python3.10/site-packages:${PYTHONPATH} /usr/bin/cmake --install /home/wzb/ros2ws/moveit_ws/build/moveit_kinematics
[42.286s] -- Install configuration: "Release"
[42.286s] -- Installing: /home/wzb/ros2ws/moveit_ws/install/moveit_kinematics/share/moveit_kinematics/kdl_kinematics_plugin_description.xml
[42.286s] -- Installing: /home/wzb/ros2ws/moveit_ws/install/moveit_kinematics/share/moveit_kinematics/srv_kinematics_plugin_description.xml
[42.286s] -- Installing: /home/wzb/ros2ws/moveit_ws/install/moveit_kinematics/share/moveit_kinematics/cached_ik_kinematics_plugin_description.xml
[42.286s] -- Installing: /home/wzb/ros2ws/moveit_ws/install/moveit_kinematics/include/moveit_kinematics
[42.286s] -- Installing: /home/wzb/ros2ws/moveit_ws/install/moveit_kinematics/include/moveit_kinematics/cached_ik_kinematics_parameters.hpp
[42.286s] -- Up-to-date: /home/wzb/ros2ws/moveit_ws/install/moveit_kinematics/include/moveit_kinematics
[42.286s] -- Installing: /home/wzb/ros2ws/moveit_ws/install/moveit_kinematics/include/moveit_kinematics/moveit
[42.286s] -- Installing: /home/wzb/ros2ws/moveit_ws/install/moveit_kinematics/include/moveit_kinematics/moveit/cached_ik_kinematics_plugin
[42.286s] -- Installing: /home/wzb/ros2ws/moveit_ws/install/moveit_kinematics/include/moveit_kinematics/moveit/cached_ik_kinematics_plugin/cached_ik_kinematics_plugin-inl.h
[42.286s] -- Installing: /home/wzb/ros2ws/moveit_ws/install/moveit_kinematics/include/moveit_kinematics/moveit/cached_ik_kinematics_plugin/cached_ik_kinematics_parameters.yaml
[42.286s] -- Installing: /home/wzb/ros2ws/moveit_ws/install/moveit_kinematics/include/moveit_kinematics/moveit/cached_ik_kinematics_plugin/detail
[42.286s] -- Installing: /home/wzb/ros2ws/moveit_ws/install/moveit_kinematics/include/moveit_kinematics/moveit/cached_ik_kinematics_plugin/detail/GreedyKCenters.hpp
[42.286s] -- Installing: /home/wzb/ros2ws/moveit_ws/install/moveit_kinematics/include/moveit_kinematics/moveit/cached_ik_kinematics_plugin/detail/NearestNeighbors.hpp
[42.286s] -- Installing: /home/wzb/ros2ws/moveit_ws/install/moveit_kinematics/include/moveit_kinematics/moveit/cached_ik_kinematics_plugin/detail/NearestNeighborsGNAT.hpp
[42.286s] -- Installing: /home/wzb/ros2ws/moveit_ws/install/moveit_kinematics/include/moveit_kinematics/moveit/cached_ik_kinematics_plugin/detail/NearestNeighbors.h
[42.286s] -- Installing: /home/wzb/ros2ws/moveit_ws/install/moveit_kinematics/include/moveit_kinematics/moveit/cached_ik_kinematics_plugin/detail/NearestNeighborsGNAT.h
[42.286s] -- Installing: /home/wzb/ros2ws/moveit_ws/install/moveit_kinematics/include/moveit_kinematics/moveit/cached_ik_kinematics_plugin/detail/GreedyKCenters.h
[42.287s] -- Installing: /home/wzb/ros2ws/moveit_ws/install/moveit_kinematics/include/moveit_kinematics/moveit/cached_ik_kinematics_plugin/cached_ik_kinematics_plugin.h
[42.287s] -- Installing: /home/wzb/ros2ws/moveit_ws/install/moveit_kinematics/include/moveit_kinematics/moveit/cached_ik_kinematics_plugin/cached_ik_kinematics_plugin.hpp
[42.287s] -- Installing: /home/wzb/ros2ws/moveit_ws/install/moveit_kinematics/include/moveit_kinematics/moveit/cached_ik_kinematics_plugin/cached_ik_kinematics_plugin-inl.hpp
[42.287s] -- Installing: /home/wzb/ros2ws/moveit_ws/install/moveit_kinematics/share/moveit_kinematics/launch
[42.287s] -- Installing: /home/wzb/ros2ws/moveit_ws/install/moveit_kinematics/share/moveit_kinematics/launch/measure_ik_call_cost.launch
[42.287s] -- Installing: /home/wzb/ros2ws/moveit_ws/install/moveit_kinematics/lib/moveit_kinematics/auto_create_ikfast_moveit_plugin.sh
[42.287s] -- Installing: /home/wzb/ros2ws/moveit_ws/install/moveit_kinematics/lib/moveit_kinematics/create_ikfast_moveit_plugin.py
[42.287s] -- Installing: /home/wzb/ros2ws/moveit_ws/install/moveit_kinematics/lib/moveit_kinematics/round_collada_numbers.py
[42.287s] -- Installing: /home/wzb/ros2ws/moveit_ws/install/moveit_kinematics/share/moveit_kinematics/ikfast_kinematics_plugin/templates
[42.287s] -- Installing: /home/wzb/ros2ws/moveit_ws/install/moveit_kinematics/share/moveit_kinematics/ikfast_kinematics_plugin/templates/ikfast61_moveit_plugin_template.cpp
[42.287s] -- Installing: /home/wzb/ros2ws/moveit_ws/install/moveit_kinematics/share/moveit_kinematics/ikfast_kinematics_plugin/templates/ikfast_kinematics_parameters.yaml
[42.287s] -- Installing: /home/wzb/ros2ws/moveit_ws/install/moveit_kinematics/share/moveit_kinematics/ikfast_kinematics_plugin/templates/ikfast.h
[42.287s] -- Installing: /home/wzb/ros2ws/moveit_ws/install/moveit_kinematics/share/moveit_kinematics/ikfast_kinematics_plugin/templates/CMakeLists.txt
[42.287s] -- Up-to-date: /home/wzb/ros2ws/moveit_ws/install/moveit_kinematics/include/moveit_kinematics
[42.287s] -- Installing: /home/wzb/ros2ws/moveit_ws/install/moveit_kinematics/include/moveit_kinematics/kdl_kinematics_parameters.hpp
[42.287s] -- Up-to-date: /home/wzb/ros2ws/moveit_ws/install/moveit_kinematics/include/moveit_kinematics
[42.287s] -- Up-to-date: /home/wzb/ros2ws/moveit_ws/install/moveit_kinematics/include/moveit_kinematics/moveit
[42.287s] -- Installing: /home/wzb/ros2ws/moveit_ws/install/moveit_kinematics/include/moveit_kinematics/moveit/kdl_kinematics_plugin
[42.287s] -- Installing: /home/wzb/ros2ws/moveit_ws/install/moveit_kinematics/include/moveit_kinematics/moveit/kdl_kinematics_plugin/chainiksolver_vel_mimic_svd.hpp
[42.287s] -- Installing: /home/wzb/ros2ws/moveit_ws/install/moveit_kinematics/include/moveit_kinematics/moveit/kdl_kinematics_plugin/chainiksolver_vel_mimic_svd.h
[42.287s] -- Installing: /home/wzb/ros2ws/moveit_ws/install/moveit_kinematics/include/moveit_kinematics/moveit/kdl_kinematics_plugin/kdl_kinematics_plugin.hpp
[42.287s] -- Installing: /home/wzb/ros2ws/moveit_ws/install/moveit_kinematics/include/moveit_kinematics/moveit/kdl_kinematics_plugin/joint_mimic.h
[42.287s] -- Installing: /home/wzb/ros2ws/moveit_ws/install/moveit_kinematics/include/moveit_kinematics/moveit/kdl_kinematics_plugin/kdl_kinematics_plugin.h
[42.287s] -- Installing: /home/wzb/ros2ws/moveit_ws/install/moveit_kinematics/include/moveit_kinematics/moveit/kdl_kinematics_plugin/joint_mimic.hpp
[42.288s] -- Up-to-date: /home/wzb/ros2ws/moveit_ws/install/moveit_kinematics/include/moveit_kinematics
[42.288s] -- Installing: /home/wzb/ros2ws/moveit_ws/install/moveit_kinematics/include/moveit_kinematics/srv_kinematics_parameters.hpp
[42.288s] -- Up-to-date: /home/wzb/ros2ws/moveit_ws/install/moveit_kinematics/include/moveit_kinematics
[42.288s] -- Up-to-date: /home/wzb/ros2ws/moveit_ws/install/moveit_kinematics/include/moveit_kinematics/moveit
[42.288s] -- Installing: /home/wzb/ros2ws/moveit_ws/install/moveit_kinematics/include/moveit_kinematics/moveit/srv_kinematics_plugin
[42.288s] -- Installing: /home/wzb/ros2ws/moveit_ws/install/moveit_kinematics/include/moveit_kinematics/moveit/srv_kinematics_plugin/srv_kinematics_plugin.h
[42.288s] -- Installing: /home/wzb/ros2ws/moveit_ws/install/moveit_kinematics/include/moveit_kinematics/moveit/srv_kinematics_plugin/srv_kinematics_plugin.hpp
[42.288s] -- Installing: /home/wzb/ros2ws/moveit_ws/install/moveit_kinematics/share/moveit_kinematics/config
[42.288s] -- Installing: /home/wzb/ros2ws/moveit_ws/install/moveit_kinematics/share/moveit_kinematics/config/panda-kdl-singular-test.yaml
[42.288s] -- Installing: /home/wzb/ros2ws/moveit_ws/install/moveit_kinematics/share/moveit_kinematics/config/fanuc-kdl-singular-test.yaml
[42.288s] -- Installing: /home/wzb/ros2ws/moveit_ws/install/moveit_kinematics/share/moveit_kinematics/config/fanuc-kdl-test.yaml
[42.288s] -- Installing: /home/wzb/ros2ws/moveit_ws/install/moveit_kinematics/share/moveit_kinematics/config/panda-kdl-test.yaml
[42.288s] -- Up-to-date: /home/wzb/ros2ws/moveit_ws/install/moveit_kinematics/share/moveit_kinematics/launch
[42.288s] -- Installing: /home/wzb/ros2ws/moveit_ws/install/moveit_kinematics/share/moveit_kinematics/launch/fanuc-kdl-singular.test.py
[42.288s] -- Installing: /home/wzb/ros2ws/moveit_ws/install/moveit_kinematics/share/moveit_kinematics/launch/panda-kdl.test.py
[42.288s] -- Installing: /home/wzb/ros2ws/moveit_ws/install/moveit_kinematics/share/moveit_kinematics/launch/panda-kdl-singular.test.py
[42.288s] -- Installing: /home/wzb/ros2ws/moveit_ws/install/moveit_kinematics/share/moveit_kinematics/launch/fanuc-kdl.test.py
[42.288s] -- Installing: /home/wzb/ros2ws/moveit_ws/install/moveit_kinematics/lib/moveit_kinematics/benchmark_ik
[42.288s] -- Set runtime path of "/home/wzb/ros2ws/moveit_ws/install/moveit_kinematics/lib/moveit_kinematics/benchmark_ik" to ""
[42.288s] -- Installing: /home/wzb/ros2ws/moveit_ws/install/moveit_kinematics/lib/moveit_kinematics/test_kinematics_plugin
[42.289s] -- Set runtime path of "/home/wzb/ros2ws/moveit_ws/install/moveit_kinematics/lib/moveit_kinematics/test_kinematics_plugin" to ""
[42.289s] -- Installing: /home/wzb/ros2ws/moveit_ws/install/moveit_kinematics/lib/libmoveit_cached_ik_kinematics_base.so.2.14.1
[42.289s] -- Set runtime path of "/home/wzb/ros2ws/moveit_ws/install/moveit_kinematics/lib/libmoveit_cached_ik_kinematics_base.so.2.14.1" to ""
[42.289s] -- Installing: /home/wzb/ros2ws/moveit_ws/install/moveit_kinematics/lib/libmoveit_cached_ik_kinematics_base.so
[42.289s] -- Installing: /home/wzb/ros2ws/moveit_ws/install/moveit_kinematics/lib/libmoveit_cached_ik_kinematics_plugin.so.2.14.1
[42.289s] -- Set runtime path of "/home/wzb/ros2ws/moveit_ws/install/moveit_kinematics/lib/libmoveit_cached_ik_kinematics_plugin.so.2.14.1" to ""
[42.289s] -- Installing: /home/wzb/ros2ws/moveit_ws/install/moveit_kinematics/lib/libmoveit_cached_ik_kinematics_plugin.so
[42.289s] -- Installing: /home/wzb/ros2ws/moveit_ws/install/moveit_kinematics/lib/libmoveit_kdl_kinematics_plugin.so
[42.290s] -- Set runtime path of "/home/wzb/ros2ws/moveit_ws/install/moveit_kinematics/lib/libmoveit_kdl_kinematics_plugin.so" to ""
[42.290s] -- Installing: /home/wzb/ros2ws/moveit_ws/install/moveit_kinematics/lib/libmoveit_srv_kinematics_plugin.so.2.14.1
[42.290s] -- Set runtime path of "/home/wzb/ros2ws/moveit_ws/install/moveit_kinematics/lib/libmoveit_srv_kinematics_plugin.so.2.14.1" to ""
[42.290s] -- Installing: /home/wzb/ros2ws/moveit_ws/install/moveit_kinematics/lib/libmoveit_srv_kinematics_plugin.so
[42.290s] -- Installing: /home/wzb/ros2ws/moveit_ws/install/moveit_kinematics/share/moveit_kinematics/environment/library_path.sh
[42.290s] -- Installing: /home/wzb/ros2ws/moveit_ws/install/moveit_kinematics/share/moveit_kinematics/environment/library_path.dsv
[42.290s] -- Installing: /home/wzb/ros2ws/moveit_ws/install/moveit_kinematics/share/ament_index/resource_index/package_run_dependencies/moveit_kinematics
[42.290s] -- Installing: /home/wzb/ros2ws/moveit_ws/install/moveit_kinematics/share/ament_index/resource_index/parent_prefix_path/moveit_kinematics
[42.290s] -- Installing: /home/wzb/ros2ws/moveit_ws/install/moveit_kinematics/share/moveit_kinematics/environment/ament_prefix_path.sh
[42.290s] -- Installing: /home/wzb/ros2ws/moveit_ws/install/moveit_kinematics/share/moveit_kinematics/environment/ament_prefix_path.dsv
[42.290s] -- Installing: /home/wzb/ros2ws/moveit_ws/install/moveit_kinematics/share/moveit_kinematics/environment/path.sh
[42.290s] -- Installing: /home/wzb/ros2ws/moveit_ws/install/moveit_kinematics/share/moveit_kinematics/environment/path.dsv
[42.290s] -- Installing: /home/wzb/ros2ws/moveit_ws/install/moveit_kinematics/share/moveit_kinematics/local_setup.bash
[42.290s] -- Installing: /home/wzb/ros2ws/moveit_ws/install/moveit_kinematics/share/moveit_kinematics/local_setup.sh
[42.290s] -- Installing: /home/wzb/ros2ws/moveit_ws/install/moveit_kinematics/share/moveit_kinematics/local_setup.zsh
[42.290s] -- Installing: /home/wzb/ros2ws/moveit_ws/install/moveit_kinematics/share/moveit_kinematics/local_setup.dsv
[42.291s] -- Installing: /home/wzb/ros2ws/moveit_ws/install/moveit_kinematics/share/moveit_kinematics/package.dsv
[42.291s] -- Installing: /home/wzb/ros2ws/moveit_ws/install/moveit_kinematics/share/ament_index/resource_index/packages/moveit_kinematics
[42.291s] -- Installing: /home/wzb/ros2ws/moveit_ws/install/moveit_kinematics/share/ament_index/resource_index/moveit_core__pluginlib__plugin/moveit_kinematics
[42.291s] -- Installing: /home/wzb/ros2ws/moveit_ws/install/moveit_kinematics/share/moveit_kinematics/cmake/moveit_kinematicsTargetsExport.cmake
[42.291s] -- Installing: /home/wzb/ros2ws/moveit_ws/install/moveit_kinematics/share/moveit_kinematics/cmake/moveit_kinematicsTargetsExport-release.cmake
[42.291s] -- Installing: /home/wzb/ros2ws/moveit_ws/install/moveit_kinematics/share/moveit_kinematics/cmake/ConfigExtras.cmake
[42.291s] -- Installing: /home/wzb/ros2ws/moveit_ws/install/moveit_kinematics/share/moveit_kinematics/cmake/ament_cmake_export_targets-extras.cmake
[42.291s] -- Installing: /home/wzb/ros2ws/moveit_ws/install/moveit_kinematics/share/moveit_kinematics/cmake/ament_cmake_export_dependencies-extras.cmake
[42.291s] -- Installing: /home/wzb/ros2ws/moveit_ws/install/moveit_kinematics/share/moveit_kinematics/cmake/moveit_kinematicsConfig.cmake
[42.291s] -- Installing: /home/wzb/ros2ws/moveit_ws/install/moveit_kinematics/share/moveit_kinematics/cmake/moveit_kinematicsConfig-version.cmake
[42.291s] -- Installing: /home/wzb/ros2ws/moveit_ws/install/moveit_kinematics/share/moveit_kinematics/package.xml
[42.292s] Invoked command in '/home/wzb/ros2ws/moveit_ws/build/moveit_kinematics' returned '0': AMENT_PREFIX_PATH=/home/wzb/ros2ws/moveit_ws/install/moveit_ros_planning:/home/wzb/ros2ws/moveit_ws/install/moveit_ros_occupancy_map_monitor:/home/wzb/ros2ws/moveit_ws/install/moveit_core:/home/wzb/ros2ws/moveit_ws/install/moveit_resources_panda_moveit_config:/home/wzb/ros2ws/moveit_ws/install/moveit_resources_fanuc_moveit_config:/home/wzb/ros2ws/moveit_ws/install/moveit_resources_pr2_description:/home/wzb/ros2ws/moveit_ws/install/moveit_resources_panda_description:/home/wzb/ros2ws/moveit_ws/install/moveit_resources_fanuc_description:/home/wzb/ros2ws/moveit_ws/install/moveit_msgs:/home/wzb/ros2ws/moveit_ws/install/moveit_configs_utils:/home/wzb/ros2ws/moveit_ws/install/moveit_common:${AMENT_PREFIX_PATH} CMAKE_PREFIX_PATH=/home/wzb/ros2ws/moveit_ws/install/moveit_ros_planning:/home/wzb/ros2ws/moveit_ws/install/moveit_ros_occupancy_map_monitor:/home/wzb/ros2ws/moveit_ws/install/moveit_core:/home/wzb/ros2ws/moveit_ws/install/moveit_resources_panda_moveit_config:/home/wzb/ros2ws/moveit_ws/install/moveit_resources_fanuc_moveit_config:/home/wzb/ros2ws/moveit_ws/install/moveit_resources_pr2_description:/home/wzb/ros2ws/moveit_ws/install/moveit_resources_panda_description:/home/wzb/ros2ws/moveit_ws/install/moveit_resources_fanuc_description:/home/wzb/ros2ws/moveit_ws/install/moveit_msgs:/home/wzb/ros2ws/moveit_ws/install/moveit_common:/opt/ros/humble LD_LIBRARY_PATH=/home/wzb/ros2ws/moveit_ws/install/moveit_ros_planning/lib:/home/wzb/ros2ws/moveit_ws/install/moveit_ros_occupancy_map_monitor/lib:/home/wzb/ros2ws/moveit_ws/install/moveit_core/lib:/home/wzb/ros2ws/moveit_ws/install/moveit_msgs/lib:${LD_LIBRARY_PATH} PATH=/home/wzb/ros2ws/moveit_ws/install/moveit_core/bin:${PATH} PYTHONPATH=/home/wzb/ros2ws/moveit_ws/install/moveit_msgs/local/lib/python3.10/dist-packages:/home/wzb/ros2ws/moveit_ws/install/moveit_configs_utils/lib/python3.10/site-packages:${PYTHONPATH} /usr/bin/cmake --install /home/wzb/ros2ws/moveit_ws/build/moveit_kinematics
