[0.006s] Invoking command in '/home/wzb/ros2ws/moveit_ws/build/moveit_core': AMENT_PREFIX_PATH=/home/wzb/ros2ws/moveit_ws/install/moveit_resources_panda_moveit_config:/home/wzb/ros2ws/moveit_ws/install/moveit_resources_pr2_description:/home/wzb/ros2ws/moveit_ws/install/moveit_resources_panda_description:/home/wzb/ros2ws/moveit_ws/install/moveit_msgs:/home/wzb/ros2ws/moveit_ws/install/moveit_common:${AMENT_PREFIX_PATH} CMAKE_PREFIX_PATH=/home/wzb/ros2ws/moveit_ws/install/moveit_resources_panda_moveit_config:/home/wzb/ros2ws/moveit_ws/install/moveit_resources_pr2_description:/home/wzb/ros2ws/moveit_ws/install/moveit_resources_panda_description:/home/wzb/ros2ws/moveit_ws/install/moveit_msgs:/home/wzb/ros2ws/moveit_ws/install/moveit_common:/opt/ros/humble LD_LIBRARY_PATH=/home/wzb/ros2ws/moveit_ws/install/moveit_msgs/lib:${LD_LIBRARY_PATH} PYTHONPATH=/home/wzb/ros2ws/moveit_ws/install/moveit_msgs/local/lib/python3.10/dist-packages:${PYTHONPATH} /usr/bin/cmake /home/wzb/ros2ws/moveit_ws/src/moveit2/moveit_core -DCMAKE_BUILD_TYPE=Release -DCMAKE_INSTALL_PREFIX=/home/wzb/ros2ws/moveit_ws/install/moveit_core
[0.067s] -- The CXX compiler identification is GNU 11.4.0
[0.070s] -- Detecting CXX compiler ABI info
[0.145s] -- Detecting CXX compiler ABI info - done
[0.151s] -- Check for working CXX compiler: /usr/bin/c++ - skipped
[0.151s] -- Detecting CXX compile features
[0.151s] -- Detecting CXX compile features - done
[0.152s] -- Found moveit_common: 2.14.1 (/home/wzb/ros2ws/moveit_ws/install/moveit_common/share/moveit_common/cmake)
[0.153s] -- Found ament_cmake: 1.3.12 (/opt/ros/humble/share/ament_cmake/cmake)
[0.235s] -- Found Python3: /usr/bin/python3 (found version "3.10.12") found components: Interpreter 
[0.406s] -- Found angles: 1.15.0 (/opt/ros/humble/share/angles/cmake)
[0.406s] -- Found Bullet: /usr/lib/x86_64-linux-gnu/libBulletDynamics.so (Required is at least version "2.87") 
[0.406s] -- Found common_interfaces: 4.9.0 (/opt/ros/humble/share/common_interfaces/cmake)
[0.406s] -- Found eigen_stl_containers: 1.1.0 (/opt/ros/humble/share/eigen_stl_containers/cmake)
[0.406s] -- Found eigen3_cmake_module: 0.1.1 (/opt/ros/humble/share/eigen3_cmake_module/cmake)
[0.406s] -- Found Eigen3: TRUE (found version "3.4.0") 
[0.406s] -- Found generate_parameter_library: 0.5.0 (/opt/ros/humble/share/generate_parameter_library/cmake)
[0.406s] -- Found parameter_traits: 0.5.0 (/opt/ros/humble/share/parameter_traits/cmake)
[0.406s] -- Found rosidl_generator_c: 3.1.7 (/opt/ros/humble/share/rosidl_generator_c/cmake)
[0.406s] -- Found rosidl_adapter: 3.1.7 (/opt/ros/humble/share/rosidl_adapter/cmake)
[0.406s] -- Found rosidl_generator_cpp: 3.1.7 (/opt/ros/humble/share/rosidl_generator_cpp/cmake)
[0.406s] -- Using all available rosidl_typesupport_c: rosidl_typesupport_fastrtps_c;rosidl_typesupport_introspection_c
[0.406s] -- Using all available rosidl_typesupport_cpp: rosidl_typesupport_fastrtps_cpp;rosidl_typesupport_introspection_cpp
[0.415s] -- Found rmw_implementation_cmake: 6.1.2 (/opt/ros/humble/share/rmw_implementation_cmake/cmake)
[0.417s] -- Found rmw_fastrtps_cpp: 6.2.9 (/opt/ros/humble/share/rmw_fastrtps_cpp/cmake)
[0.455s] -- Found OpenSSL: /usr/lib/x86_64-linux-gnu/libcrypto.so (found version "3.0.2")  
[0.470s] -- Found FastRTPS: /opt/ros/humble/include  
[0.490s] -- Using RMW implementation 'rmw_fastrtps_cpp' as default
[0.494s] -- Looking for C++ include pthread.h
[0.739s] -- Looking for C++ include pthread.h - found
[0.739s] -- Performing Test CMAKE_HAVE_LIBC_PTHREAD
[0.805s] -- Performing Test CMAKE_HAVE_LIBC_PTHREAD - Success
[0.805s] -- Found Threads: TRUE  
[0.837s] -- Found rclcpp_lifecycle: 16.0.16 (/opt/ros/humble/share/rclcpp_lifecycle/cmake)
[0.848s] -- Found geometric_shapes: 2.3.2 (/opt/ros/humble/share/geometric_shapes/cmake)
[0.854s] -- Found Boost: /usr/lib/x86_64-linux-gnu/cmake/Boost-1.74.0/BoostConfig.cmake (found version "1.74.0") found components: filesystem 
[0.898s] -- library: /usr/lib/x86_64-linux-gnu/libcurl.so
[0.928s] -- Found kdl_parser: 2.6.4 (/opt/ros/humble/share/kdl_parser/cmake)
[0.932s] -- Ensuring Eigen3 include directory is part of orocos-kdl CMake target
[0.933s] -- Found moveit_msgs: 2.7.1 (/home/wzb/ros2ws/moveit_ws/install/moveit_msgs/share/moveit_msgs/cmake)
[0.993s] -- Found pluginlib: 5.1.2 (/opt/ros/humble/share/pluginlib/cmake)
[1.004s] -- Found srdfdom: 2.0.7 (/opt/ros/humble/share/srdfdom/cmake)
[1.010s] -- Found tf2_eigen: 0.25.17 (/opt/ros/humble/share/tf2_eigen/cmake)
[1.047s] -- Found tf2_geometry_msgs: 0.25.17 (/opt/ros/humble/share/tf2_geometry_msgs/cmake)
[1.050s] -- Found tf2_kdl: 0.25.17 (/opt/ros/humble/share/tf2_kdl/cmake)
[1.067s] -- Found Boost: /usr/lib/x86_64-linux-gnu/cmake/Boost-1.74.0/BoostConfig.cmake (found version "1.74.0") found components: chrono date_time filesystem iostreams program_options regex serialization system thread 
[1.070s] -- Performing Test COMPILER_HAS_HIDDEN_VISIBILITY
[1.123s] -- Performing Test COMPILER_HAS_HIDDEN_VISIBILITY - Success
[1.123s] -- Performing Test COMPILER_HAS_HIDDEN_INLINE_VISIBILITY
[1.176s] -- Performing Test COMPILER_HAS_HIDDEN_INLINE_VISIBILITY - Success
[1.176s] -- Performing Test COMPILER_HAS_DEPRECATED_ATTR
[1.230s] -- Performing Test COMPILER_HAS_DEPRECATED_ATTR - Success
[1.234s] -- Found ament_cmake_gtest: 1.3.12 (/opt/ros/humble/share/ament_cmake_gtest/cmake)
[1.235s] -- Found gtest sources under '/opt/ros/humble/src/gtest_vendor': C++ tests using 'Google Test' will be built
[1.259s] -- The C compiler identification is GNU 11.4.0
[1.262s] -- Detecting C compiler ABI info
[1.310s] -- Detecting C compiler ABI info - done
[1.314s] -- Check for working C compiler: /usr/bin/cc - skipped
[1.314s] -- Detecting C compile features
[1.315s] -- Detecting C compile features - done
[1.323s] -- Found gtest sources under '/opt/ros/humble/src/gtest_vendor': C++ tests using 'Google Test' will be built
[1.331s] -- Found gtest sources under '/opt/ros/humble/src/gtest_vendor': C++ tests using 'Google Test' will be built
[1.338s] -- Found ament_cmake_gtest: 1.3.12 (/opt/ros/humble/share/ament_cmake_gtest/cmake)
[1.338s] -- Found gtest sources under '/opt/ros/humble/src/gtest_vendor': C++ tests using 'Google Test' will be built
[1.342s] -- Found ament_cmake_gmock: 1.3.12 (/opt/ros/humble/share/ament_cmake_gmock/cmake)
[1.345s] -- Found gmock sources under '/opt/ros/humble/src/gmock_vendor': C++ tests using 'Google Mock' will be built
[1.347s] -- Found ament_cmake_gtest: 1.3.12 (/opt/ros/humble/share/ament_cmake_gtest/cmake)
[1.347s] -- Found gtest sources under '/opt/ros/humble/src/gtest_vendor': C++ tests using 'Google Test' will be built
[1.352s] -- Found ament_cmake_gtest: 1.3.12 (/opt/ros/humble/share/ament_cmake_gtest/cmake)
[1.352s] -- Found gtest sources under '/opt/ros/humble/src/gtest_vendor': C++ tests using 'Google Test' will be built
[1.361s] -- Found ament_cmake_gtest: 1.3.12 (/opt/ros/humble/share/ament_cmake_gtest/cmake)
[1.362s] -- Found gtest sources under '/opt/ros/humble/src/gtest_vendor': C++ tests using 'Google Test' will be built
[1.377s] -- Found ament_cmake_gtest: 1.3.12 (/opt/ros/humble/share/ament_cmake_gtest/cmake)
[1.377s] -- Found gtest sources under '/opt/ros/humble/src/gtest_vendor': C++ tests using 'Google Test' will be built
[1.386s] -- Found ament_cmake_gtest: 1.3.12 (/opt/ros/humble/share/ament_cmake_gtest/cmake)
[1.387s] -- Found gtest sources under '/opt/ros/humble/src/gtest_vendor': C++ tests using 'Google Test' will be built
[1.393s] -- Found ament_cmake_gtest: 1.3.12 (/opt/ros/humble/share/ament_cmake_gtest/cmake)
[1.393s] -- Found gtest sources under '/opt/ros/humble/src/gtest_vendor': C++ tests using 'Google Test' will be built
[1.399s] -- Found ament_cmake_google_benchmark: 1.3.12 (/opt/ros/humble/share/ament_cmake_google_benchmark/cmake)
[1.399s] -- Found ament_cmake_gtest: 1.3.12 (/opt/ros/humble/share/ament_cmake_gtest/cmake)
[1.400s] -- Found gmock sources under '/opt/ros/humble/src/gmock_vendor': C++ tests using 'Google Mock' will be built
[1.401s] -- Found gtest sources under '/opt/ros/humble/src/gtest_vendor': C++ tests using 'Google Test' will be built
[1.404s] -- Performance tests are disabled by default, so Google Benchmark tests will be skipped. To enable these tests, set the CMake variable 'AMENT_RUN_PERFORMANCE_TESTS'.
[1.407s] -- Found gtest sources under '/opt/ros/humble/src/gtest_vendor': C++ tests using 'Google Test' will be built
[1.411s] -- Found ament_cmake_google_benchmark: 1.3.12 (/opt/ros/humble/share/ament_cmake_google_benchmark/cmake)
[1.411s] -- Found ament_cmake_gtest: 1.3.12 (/opt/ros/humble/share/ament_cmake_gtest/cmake)
[1.412s] -- Found gtest sources under '/opt/ros/humble/src/gtest_vendor': C++ tests using 'Google Test' will be built
[1.414s] -- Performance tests are disabled by default, so Google Benchmark tests will be skipped. To enable these tests, set the CMake variable 'AMENT_RUN_PERFORMANCE_TESTS'.
[1.418s] -- Found ament_cmake_gtest: 1.3.12 (/opt/ros/humble/share/ament_cmake_gtest/cmake)
[1.418s] -- Found gtest sources under '/opt/ros/humble/src/gtest_vendor': C++ tests using 'Google Test' will be built
[1.426s] -- Found launch_testing_ament_cmake: 1.0.13 (/opt/ros/humble/share/launch_testing_ament_cmake/cmake)
[1.427s] -- Found python_cmake_module: 0.10.0 (/opt/ros/humble/share/python_cmake_module/cmake)
[1.439s] -- Found PythonInterp: /usr/bin/python3 (found suitable version "3.10.12", minimum required is "3.6") 
[1.441s] -- Found PythonLibs: /usr/lib/x86_64-linux-gnu/libpython3.10.so (found suitable version "3.10.12", minimum required is "3.5") 
[1.441s] -- Using PYTHON_EXECUTABLE: /usr/bin/python3
[1.441s] -- Using PYTHON_INCLUDE_DIRS: /usr/include/python3.10
[1.441s] -- Using PYTHON_LIBRARIES: /usr/lib/x86_64-linux-gnu/libpython3.10.so
[1.453s] -- Found PythonExtra: .so  
[1.456s] --  *** Building MoveIt 2.14.1 devel ***
[1.459s] -- Configuring done
[1.922s] -- Generating done
[2.021s] -- Build files have been written to: /home/wzb/ros2ws/moveit_ws/build/moveit_core
[2.042s] Invoked command in '/home/wzb/ros2ws/moveit_ws/build/moveit_core' returned '0': AMENT_PREFIX_PATH=/home/wzb/ros2ws/moveit_ws/install/moveit_resources_panda_moveit_config:/home/wzb/ros2ws/moveit_ws/install/moveit_resources_pr2_description:/home/wzb/ros2ws/moveit_ws/install/moveit_resources_panda_description:/home/wzb/ros2ws/moveit_ws/install/moveit_msgs:/home/wzb/ros2ws/moveit_ws/install/moveit_common:${AMENT_PREFIX_PATH} CMAKE_PREFIX_PATH=/home/wzb/ros2ws/moveit_ws/install/moveit_resources_panda_moveit_config:/home/wzb/ros2ws/moveit_ws/install/moveit_resources_pr2_description:/home/wzb/ros2ws/moveit_ws/install/moveit_resources_panda_description:/home/wzb/ros2ws/moveit_ws/install/moveit_msgs:/home/wzb/ros2ws/moveit_ws/install/moveit_common:/opt/ros/humble LD_LIBRARY_PATH=/home/wzb/ros2ws/moveit_ws/install/moveit_msgs/lib:${LD_LIBRARY_PATH} PYTHONPATH=/home/wzb/ros2ws/moveit_ws/install/moveit_msgs/local/lib/python3.10/dist-packages:${PYTHONPATH} /usr/bin/cmake /home/wzb/ros2ws/moveit_ws/src/moveit2/moveit_core -DCMAKE_BUILD_TYPE=Release -DCMAKE_INSTALL_PREFIX=/home/wzb/ros2ws/moveit_ws/install/moveit_core
[2.043s] Invoking command in '/home/wzb/ros2ws/moveit_ws/build/moveit_core': AMENT_PREFIX_PATH=/home/wzb/ros2ws/moveit_ws/install/moveit_resources_panda_moveit_config:/home/wzb/ros2ws/moveit_ws/install/moveit_resources_pr2_description:/home/wzb/ros2ws/moveit_ws/install/moveit_resources_panda_description:/home/wzb/ros2ws/moveit_ws/install/moveit_msgs:/home/wzb/ros2ws/moveit_ws/install/moveit_common:${AMENT_PREFIX_PATH} CMAKE_PREFIX_PATH=/home/wzb/ros2ws/moveit_ws/install/moveit_resources_panda_moveit_config:/home/wzb/ros2ws/moveit_ws/install/moveit_resources_pr2_description:/home/wzb/ros2ws/moveit_ws/install/moveit_resources_panda_description:/home/wzb/ros2ws/moveit_ws/install/moveit_msgs:/home/wzb/ros2ws/moveit_ws/install/moveit_common:/opt/ros/humble LD_LIBRARY_PATH=/home/wzb/ros2ws/moveit_ws/install/moveit_msgs/lib:${LD_LIBRARY_PATH} PYTHONPATH=/home/wzb/ros2ws/moveit_ws/install/moveit_msgs/local/lib/python3.10/dist-packages:${PYTHONPATH} /usr/bin/cmake --build /home/wzb/ros2ws/moveit_ws/build/moveit_core -- -j20 -l20
[2.069s] [  0%] [32mBuilding CXX object gtest/CMakeFiles/gtest_main.dir/src/gtest_main.cc.o[0m
[2.069s] [  2%] [32mBuilding CXX object gmock/CMakeFiles/gmock_main.dir/src/gmock_main.cc.o[0m
[2.069s] [  2%] [32mBuilding CXX object utils/CMakeFiles/moveit_utils.dir/src/lexical_casts.cpp.o[0m
[2.070s] [  3%] [32mBuilding CXX object utils/CMakeFiles/moveit_utils.dir/src/logger.cpp.o[0m
[2.070s] [  3%] [32mBuilding CXX object gmock/CMakeFiles/gmock.dir/src/gmock-all.cc.o[0m
[2.070s] [  4%] [32mBuilding CXX object online_signal_smoothing/CMakeFiles/moveit_smoothing_base.dir/src/smoothing_base_class.cpp.o[0m
[2.070s] [  4%] [32mBuilding CXX object gtest/CMakeFiles/gtest.dir/src/gtest-all.cc.o[0m
[2.070s] [  4%] [32mBuilding CXX object gmock/CMakeFiles/gmock.dir/opt/ros/humble/src/gtest_vendor/src/gtest-all.cc.o[0m
[2.071s] [  5%] [32mBuilding CXX object utils/CMakeFiles/moveit_utils.dir/src/rclcpp_utils.cpp.o[0m
[2.071s] [  6%] [34m[1mRunning `/opt/ros/humble/bin/generate_parameter_library_cpp /home/wzb/ros2ws/moveit_ws/build/moveit_core/online_signal_smoothing/include/moveit_core/moveit_acceleration_filter_parameters.hpp /home/wzb/ros2ws/moveit_ws/src/moveit2/moveit_core/online_signal_smoothing/src/acceleration_filter_parameters.yaml `[0m
[2.071s] [  7%] [32mBuilding CXX object utils/CMakeFiles/moveit_utils.dir/src/message_checks.cpp.o[0m
[2.071s] [  7%] [34m[1mRunning `/opt/ros/humble/bin/generate_parameter_library_cpp /home/wzb/ros2ws/moveit_ws/build/moveit_core/online_signal_smoothing/include/moveit_core/moveit_butterworth_filter_parameters.hpp /home/wzb/ros2ws/moveit_ws/src/moveit2/moveit_core/online_signal_smoothing/src/butterworth_parameters.yaml `[0m
[2.075s] [  9%] [34m[1mGenerate version header[0m
[2.075s] [  9%] [34m[1mRunning `/opt/ros/humble/bin/generate_parameter_library_cpp /home/wzb/ros2ws/moveit_ws/build/moveit_core/online_signal_smoothing/include/moveit_core/moveit_ruckig_filter_parameters.hpp /home/wzb/ros2ws/moveit_ws/src/moveit2/moveit_core/online_signal_smoothing/src/ruckig_filter_parameters.yaml `[0m
[2.090s] [ 10%] [34m[1mGenerating version.hpp[0m
[2.094s] [ 10%] Built target version_hpp
[2.106s] [ 10%] [32mBuilding CXX object version/CMakeFiles/moveit_version.dir/version.cpp.o[0m
[2.275s] [ 11%] [32m[1mLinking CXX executable moveit_version[0m
[2.316s] [ 11%] Built target moveit_version
[2.887s] [ 12%] [32m[1mLinking CXX static library libgtest_main.a[0m
[3.043s] [ 13%] [32m[1mLinking CXX static library libgmock_main.a[0m
[3.121s] [ 13%] [34m[1mCreating deprecated header file /home/wzb/ros2ws/moveit_ws/build/moveit_core/online_signal_smoothing/include/moveit_butterworth_filter_parameters.hpp[0m
[3.130s] [ 13%] Built target moveit_butterworth_filter_parameters
[3.131s] [ 13%] [34m[1mCreating deprecated header file /home/wzb/ros2ws/moveit_ws/build/moveit_core/online_signal_smoothing/include/moveit_acceleration_filter_parameters.hpp[0m
[3.131s] [ 13%] [34m[1mCreating deprecated header file /home/wzb/ros2ws/moveit_ws/build/moveit_core/online_signal_smoothing/include/moveit_ruckig_filter_parameters.hpp[0m
[3.139s] [ 13%] Built target moveit_ruckig_filter_parameters
[3.141s] [ 13%] Built target moveit_acceleration_filter_parameters
[3.184s] [ 13%] Built target gtest_main
[3.184s] [ 13%] Built target gmock_main
[3.848s] [ 14%] [32m[1mLinking CXX shared library libmoveit_smoothing_base.so[0m
[3.958s] [ 14%] Built target moveit_smoothing_base
[4.640s] [ 15%] [32m[1mLinking CXX shared library libmoveit_utils.so[0m
[4.708s] [ 15%] Built target moveit_utils
[4.718s] [ 17%] [32mBuilding CXX object distance_field/CMakeFiles/moveit_distance_field.dir/src/distance_field.cpp.o[0m
[4.718s] [ 17%] [32mBuilding CXX object transforms/CMakeFiles/moveit_transforms.dir/src/transforms.cpp.o[0m
[4.718s] [ 17%] [32mBuilding CXX object exceptions/CMakeFiles/moveit_exceptions.dir/src/exceptions.cpp.o[0m
[4.718s] [ 18%] [32mBuilding CXX object distance_field/CMakeFiles/moveit_distance_field.dir/src/propagation_distance_field.cpp.o[0m
[4.718s] [ 18%] [32mBuilding CXX object utils/test/CMakeFiles/logger_dut.dir/logger_dut.cpp.o[0m
[4.719s] [ 18%] [32mBuilding CXX object distance_field/CMakeFiles/moveit_distance_field.dir/src/find_internal_points.cpp.o[0m
[5.086s] [ 19%] [32m[1mLinking CXX shared library libmoveit_exceptions.so[0m
[5.149s] [ 19%] Built target moveit_exceptions
[5.160s] [ 20%] [32mBuilding CXX object robot_model/CMakeFiles/moveit_robot_model.dir/src/aabb.cpp.o[0m
[5.160s] [ 20%] [32mBuilding CXX object robot_model/CMakeFiles/moveit_robot_model.dir/src/fixed_joint_model.cpp.o[0m
[5.161s] [ 20%] [32mBuilding CXX object robot_model/CMakeFiles/moveit_robot_model.dir/src/planar_joint_model.cpp.o[0m
[5.161s] [ 21%] [32mBuilding CXX object robot_model/CMakeFiles/moveit_robot_model.dir/src/robot_model.cpp.o[0m
[5.161s] [ 21%] [32mBuilding CXX object robot_model/CMakeFiles/moveit_robot_model.dir/src/revolute_joint_model.cpp.o[0m
[5.161s] [ 22%] [32mBuilding CXX object robot_model/CMakeFiles/moveit_robot_model.dir/src/joint_model.cpp.o[0m
[5.161s] [ 22%] [32mBuilding CXX object robot_model/CMakeFiles/moveit_robot_model.dir/src/floating_joint_model.cpp.o[0m
[5.161s] [ 23%] [32mBuilding CXX object robot_model/CMakeFiles/moveit_robot_model.dir/src/joint_model_group.cpp.o[0m
[5.162s] [ 24%] [32mBuilding CXX object robot_model/CMakeFiles/moveit_robot_model.dir/src/prismatic_joint_model.cpp.o[0m
[5.165s] [ 25%] [32mBuilding CXX object robot_model/CMakeFiles/moveit_robot_model.dir/src/link_model.cpp.o[0m
[7.081s] [ 26%] [32m[1mLinking CXX executable logger_dut[0m
[7.209s] [ 26%] Built target logger_dut
[7.679s] [ 27%] [32m[1mLinking CXX static library libgtest.a[0m
[7.710s] [ 27%] Built target gtest
[7.940s] [ 27%] [32m[1mLinking CXX static library libgmock.a[0m
[7.959s] [ 27%] Built target gmock
[8.879s] [ 28%] [32m[1mLinking CXX shared library libmoveit_transforms.so[0m
[8.951s] [ 28%] Built target moveit_transforms
[8.961s] [ 29%] [32mBuilding CXX object transforms/CMakeFiles/test_transforms.dir/test/test_transforms.cpp.o[0m
[9.758s] [ 29%] [32m[1mLinking CXX shared library libmoveit_distance_field.so[0m
[9.861s] [ 29%] Built target moveit_distance_field
[9.871s] [ 30%] [32mBuilding CXX object distance_field/CMakeFiles/test_distance_field.dir/test/test_distance_field.cpp.o[0m
[9.871s] [ 30%] [32mBuilding CXX object distance_field/CMakeFiles/test_voxel_grid.dir/test/test_voxel_grid.cpp.o[0m
[10.940s] [ 30%] [32m[1mLinking CXX executable test_transforms[0m
[10.941s] [ 30%] [32m[1mLinking CXX shared library libmoveit_robot_model.so[0m
[11.019s] [ 30%] Built target test_transforms
[11.020s] [ 30%] Built target moveit_robot_model
[11.030s] [ 32%] [32mBuilding CXX object kinematics_base/CMakeFiles/moveit_kinematics_base.dir/src/kinematics_base.cpp.o[0m
[11.030s] [ 32%] [32mBuilding CXX object online_signal_smoothing/CMakeFiles/moveit_butterworth_filter.dir/src/butterworth_filter.cpp.o[0m
[12.255s] [ 32%] [32m[1mLinking CXX executable test_voxel_grid[0m
[12.421s] [ 32%] Built target test_voxel_grid
[13.552s] [ 32%] [32m[1mLinking CXX shared library libmoveit_kinematics_base.so[0m
[13.611s] [ 32%] Built target moveit_kinematics_base
[13.620s] [ 33%] [32mBuilding CXX object utils/CMakeFiles/moveit_test_utils.dir/src/robot_model_test_utils.cpp.o[0m
[13.621s] [ 33%] [32mBuilding CXX object robot_state/CMakeFiles/moveit_robot_state.dir/src/conversions.cpp.o[0m
[13.621s] [ 33%] [32mBuilding CXX object robot_state/CMakeFiles/moveit_robot_state.dir/src/attached_body.cpp.o[0m
[13.621s] [ 34%] [32mBuilding CXX object robot_state/CMakeFiles/moveit_robot_state.dir/src/robot_state.cpp.o[0m
[13.621s] [ 35%] [32mBuilding CXX object robot_state/CMakeFiles/moveit_robot_state.dir/src/cartesian_interpolator.cpp.o[0m
[14.418s] [ 35%] [32m[1mLinking CXX shared library libmoveit_butterworth_filter.so[0m
[14.506s] [ 35%] Built target moveit_butterworth_filter
[14.517s] [ 35%] [32mBuilding CXX object online_signal_smoothing/CMakeFiles/test_butterworth_filter.dir/test/test_butterworth_filter.cpp.o[0m
[15.233s] [ 36%] [32m[1mLinking CXX executable test_distance_field[0m
[15.388s] [ 36%] Built target test_distance_field
[18.311s] [ 37%] [32m[1mLinking CXX executable test_butterworth_filter[0m
[18.391s] [ 37%] Built target test_butterworth_filter
[21.659s] [ 38%] [32m[1mLinking CXX shared library libmoveit_test_utils.so[0m
[21.740s] [ 38%] Built target moveit_test_utils
[21.749s] [ 39%] [32mBuilding CXX object robot_model/CMakeFiles/test_robot_model.dir/test/test.cpp.o[0m
[24.760s] [ 39%] [32m[1mLinking CXX executable test_robot_model[0m
[24.888s] [ 39%] Built target test_robot_model
[25.872s] [ 39%] [32m[1mLinking CXX shared library libmoveit_robot_state.so[0m
[25.962s] [ 39%] Built target moveit_robot_state
[25.972s] [ 40%] [32mBuilding CXX object robot_state/CMakeFiles/test_robot_state.dir/test/robot_state_test.cpp.o[0m
[25.972s] [ 42%] [32mBuilding CXX object dynamics_solver/CMakeFiles/moveit_dynamics_solver.dir/src/dynamics_solver.cpp.o[0m
[25.972s] [ 42%] [32mBuilding CXX object robot_trajectory/CMakeFiles/moveit_robot_trajectory.dir/src/robot_trajectory.cpp.o[0m
[25.972s] [ 43%] [32mBuilding CXX object collision_detection/CMakeFiles/moveit_collision_detection.dir/src/collision_common.cpp.o[0m
[25.972s] [ 44%] [32mBuilding CXX object online_signal_smoothing/CMakeFiles/moveit_acceleration_filter.dir/src/acceleration_filter.cpp.o[0m
[25.972s] [ 44%] [32mBuilding CXX object collision_detection/CMakeFiles/moveit_collision_detection.dir/src/allvalid/collision_env_allvalid.cpp.o[0m
[25.973s] [ 44%] [32mBuilding CXX object online_signal_smoothing/CMakeFiles/moveit_ruckig_filter.dir/src/ruckig_filter.cpp.o[0m
[25.973s] [ 45%] [32mBuilding CXX object collision_detection/CMakeFiles/moveit_collision_detection.dir/src/collision_matrix.cpp.o[0m
[25.973s] [ 44%] [32mBuilding CXX object robot_state/CMakeFiles/test_robot_state_complex.dir/test/test_kinematic_complex.cpp.o[0m
[25.973s] [ 47%] [32mBuilding CXX object kinematics_metrics/CMakeFiles/moveit_kinematics_metrics.dir/src/kinematics_metrics.cpp.o[0m
[25.974s] [ 47%] [32mBuilding CXX object collision_detection/CMakeFiles/moveit_collision_detection.dir/src/collision_octomap_filter.cpp.o[0m
[25.974s] [ 47%] [32mBuilding CXX object collision_detection/CMakeFiles/moveit_collision_detection.dir/src/world_diff.cpp.o[0m
[25.974s] [ 48%] [32mBuilding CXX object collision_detection/CMakeFiles/moveit_collision_detection.dir/src/collision_env.cpp.o[0m
[25.974s] [ 48%] [32mBuilding CXX object collision_detection/CMakeFiles/moveit_collision_detection.dir/src/collision_tools.cpp.o[0m
[25.975s] [ 48%] [32mBuilding CXX object collision_detection/CMakeFiles/moveit_collision_detection.dir/src/collision_plugin_cache.cpp.o[0m
[25.975s] [ 49%] [32mBuilding CXX object robot_state/CMakeFiles/test_aabb.dir/test/test_aabb.cpp.o[0m
[25.976s] [ 50%] [32mBuilding CXX object collision_detection/CMakeFiles/moveit_collision_detection.dir/src/world.cpp.o[0m
[25.976s] [ 50%] [32mBuilding CXX object robot_state/CMakeFiles/robot_state_benchmark.dir/test/robot_state_benchmark.cpp.o[0m
[25.977s] [ 50%] [32mBuilding CXX object robot_state/CMakeFiles/test_cartesian_interpolator.dir/test/test_cartesian_interpolator.cpp.o[0m
[32.565s] [ 51%] [32m[1mLinking CXX executable robot_state_benchmark[0m
[32.953s] [ 51%] Built target robot_state_benchmark
[33.162s] [ 51%] [32m[1mLinking CXX shared library libmoveit_ruckig_filter.so[0m
[33.226s] [ 52%] [32m[1mLinking CXX executable test_cartesian_interpolator[0m
[33.279s] [ 52%] Built target moveit_ruckig_filter
[33.441s] [ 52%] [32m[1mLinking CXX shared library libmoveit_dynamics_solver.so[0m
[33.457s] [ 52%] [32m[1mLinking CXX executable test_aabb[0m
[33.517s] [ 52%] Built target test_cartesian_interpolator
[33.560s] [ 52%] Built target moveit_dynamics_solver
[33.630s] [ 52%] Built target test_aabb
[33.976s] [ 53%] [32m[1mLinking CXX executable test_robot_state_complex[0m
[34.113s] [ 53%] [32m[1mLinking CXX shared library libmoveit_robot_trajectory.so[0m
[34.143s] [ 53%] Built target test_robot_state_complex
[34.209s] [ 53%] Built target moveit_robot_trajectory
[34.220s] [ 54%] [32mBuilding CXX object trajectory_processing/CMakeFiles/moveit_trajectory_processing.dir/src/time_optimal_trajectory_generation.cpp.o[0m
[34.220s] [ 54%] [32mBuilding CXX object trajectory_processing/CMakeFiles/moveit_trajectory_processing.dir/src/ruckig_traj_smoothing.cpp.o[0m
[34.220s] [ 54%] [32mBuilding CXX object robot_trajectory/CMakeFiles/test_robot_trajectory.dir/test/test_robot_trajectory.cpp.o[0m
[34.220s] [ 54%] [32mBuilding CXX object trajectory_processing/CMakeFiles/moveit_trajectory_processing.dir/src/trajectory_tools.cpp.o[0m
[34.412s] [ 55%] [32m[1mLinking CXX shared library libmoveit_acceleration_filter.so[0m
[34.517s] [ 55%] Built target moveit_acceleration_filter
[34.529s] [ 56%] [32mBuilding CXX object online_signal_smoothing/CMakeFiles/test_acceleration_filter.dir/test/test_acceleration_filter.cpp.o[0m
[36.784s] [ 57%] [32m[1mLinking CXX shared library libmoveit_collision_detection.so[0m
[36.837s] [ 58%] [32m[1mLinking CXX executable test_robot_state[0m
[36.898s] [ 58%] Built target moveit_collision_detection
[36.911s] [ 58%] [32mBuilding CXX object collision_detection_bullet/CMakeFiles/moveit_collision_detection_bullet.dir/src/bullet_integration/bullet_utils.cpp.o[0m
[36.912s] [ 59%] [32mBuilding CXX object collision_detection_bullet/CMakeFiles/moveit_collision_detection_bullet.dir/src/bullet_integration/bullet_discrete_bvh_manager.cpp.o[0m
[36.912s] [ 60%] [32mBuilding CXX object collision_detection_bullet/CMakeFiles/moveit_collision_detection_bullet.dir/src/bullet_integration/bullet_cast_bvh_manager.cpp.o[0m
[36.912s] [ 61%] [32mBuilding CXX object collision_detection_bullet/CMakeFiles/moveit_collision_detection_bullet.dir/src/bullet_integration/bullet_bvh_manager.cpp.o[0m
[36.913s] [ 61%] [32mBuilding CXX object collision_detection_bullet/CMakeFiles/moveit_collision_detection_bullet.dir/src/collision_env_bullet.cpp.o[0m
[36.913s] [ 61%] [32mBuilding CXX object collision_detection_bullet/CMakeFiles/moveit_collision_detection_bullet.dir/src/bullet_integration/contact_checker_common.cpp.o[0m
[36.913s] [ 62%] [32mBuilding CXX object collision_detection_bullet/CMakeFiles/moveit_collision_detection_bullet.dir/src/bullet_integration/ros_bullet_utils.cpp.o[0m
[36.916s] [ 63%] [32mBuilding CXX object collision_detection/CMakeFiles/test_world_diff.dir/test/test_world_diff.cpp.o[0m
[36.917s] [ 64%] [32mBuilding CXX object collision_detection_fcl/CMakeFiles/moveit_collision_detection_fcl.dir/src/collision_env_fcl.cpp.o[0m
[36.917s] [ 64%] [32mBuilding CXX object collision_detection/CMakeFiles/test_all_valid.dir/test/test_all_valid.cpp.o[0m
[36.917s] [ 65%] [32mBuilding CXX object collision_detection/CMakeFiles/test_world.dir/test/test_world.cpp.o[0m
[36.918s] [ 66%] [32mBuilding CXX object collision_detection_fcl/CMakeFiles/moveit_collision_detection_fcl.dir/src/collision_common.cpp.o[0m
[37.093s] [ 66%] Built target test_robot_state
[42.224s] [ 67%] [32m[1mLinking CXX shared library libmoveit_trajectory_processing.so[0m
[42.453s] [ 67%] Built target moveit_trajectory_processing
[42.472s] [ 68%] [32mBuilding CXX object trajectory_processing/CMakeFiles/test_ruckig_traj_smoothing.dir/test/test_ruckig_traj_smoothing.cpp.o[0m
[42.472s] [ 68%] [32mBuilding CXX object trajectory_processing/CMakeFiles/robot_trajectory_benchmark.dir/test/robot_trajectory_benchmark.cpp.o[0m
[42.478s] [ 68%] [32mBuilding CXX object trajectory_processing/CMakeFiles/test_time_optimal_trajectory_generation.dir/test/test_time_optimal_trajectory_generation.cpp.o[0m
[42.849s] [ 68%] [32m[1mLinking CXX executable test_world_diff[0m
[42.933s] [ 68%] [32m[1mLinking CXX executable test_world[0m
[42.989s] [ 69%] [32m[1mLinking CXX executable test_robot_trajectory[0m
[43.237s] [ 69%] Built target test_world_diff
[43.238s] [ 69%] Built target test_world
[43.306s] [ 69%] Built target test_robot_trajectory
[43.323s] [ 69%] [32m[1mLinking CXX executable test_all_valid[0m
[43.533s] [ 69%] Built target test_all_valid
[43.650s] [ 69%] [32m[1mLinking CXX executable test_acceleration_filter[0m
[43.843s] [ 69%] Built target test_acceleration_filter
[44.112s] [ 69%] [32m[1mLinking CXX shared library libmoveit_kinematics_metrics.so[0m
[44.201s] [ 69%] Built target moveit_kinematics_metrics
[44.839s] [ 69%] [32m[1mLinking CXX shared library libmoveit_collision_detection_bullet.so[0m
[44.945s] [ 69%] Built target moveit_collision_detection_bullet
[44.956s] [ 70%] [32mBuilding CXX object collision_detection_bullet/CMakeFiles/test_bullet_collision_detection_panda.dir/test/test_bullet_collision_detection_panda.cpp.o[0m
[44.956s] [ 70%] [32mBuilding CXX object collision_detection_bullet/CMakeFiles/test_bullet_continuous_collision_checking.dir/test/test_bullet_continuous_collision_checking.cpp.o[0m
[44.956s] [ 70%] [32mBuilding CXX object collision_detection_bullet/CMakeFiles/test_bullet_collision_detection.dir/test/test_bullet_collision_detection_pr2.cpp.o[0m
[46.049s] [ 71%] [32m[1mLinking CXX shared library libmoveit_collision_detection_fcl.so[0m
[46.162s] [ 71%] Built target moveit_collision_detection_fcl
[46.173s] [ 71%] [32mBuilding CXX object collision_detection_fcl/CMakeFiles/test_fcl_collision_env.dir/test/test_fcl_env.cpp.o[0m
[46.174s] [ 72%] [32mBuilding CXX object kinematic_constraints/CMakeFiles/moveit_kinematic_constraints.dir/src/utils.cpp.o[0m
[46.175s] [ 72%] [32mBuilding CXX object kinematic_constraints/CMakeFiles/moveit_kinematic_constraints.dir/src/kinematic_constraint.cpp.o[0m
[46.179s] [ 72%] [32mBuilding CXX object collision_detection_fcl/CMakeFiles/test_fcl_collision_detection.dir/test/test_fcl_collision_detection_pr2.cpp.o[0m
[46.179s] [ 72%] [32mBuilding CXX object collision_detection_fcl/CMakeFiles/test_fcl_collision_detection_panda.dir/test/test_fcl_collision_detection_panda.cpp.o[0m
[47.029s] [ 72%] [32m[1mLinking CXX executable robot_trajectory_benchmark[0m
[47.288s] [ 72%] Built target robot_trajectory_benchmark
[48.010s] [ 73%] [32m[1mLinking CXX executable test_ruckig_traj_smoothing[0m
[48.205s] [ 73%] Built target test_ruckig_traj_smoothing
[49.323s] [ 74%] [32m[1mLinking CXX executable test_time_optimal_trajectory_generation[0m
[49.697s] [ 74%] Built target test_time_optimal_trajectory_generation
[50.511s] [ 75%] [32m[1mLinking CXX executable test_bullet_collision_detection_panda[0m
[50.703s] [ 75%] Built target test_bullet_collision_detection_panda
[51.498s] [ 76%] [32m[1mLinking CXX executable test_bullet_collision_detection[0m
[51.710s] [ 76%] Built target test_bullet_collision_detection
[51.777s] [ 77%] [32m[1mLinking CXX executable test_bullet_continuous_collision_checking[0m
[51.962s] [ 77%] Built target test_bullet_continuous_collision_checking
[52.463s] [ 78%] [32m[1mLinking CXX executable test_fcl_collision_env[0m
[52.632s] [ 78%] Built target test_fcl_collision_env
[53.247s] [ 79%] [32m[1mLinking CXX executable test_fcl_collision_detection[0m
[53.408s] [ 80%] [32m[1mLinking CXX executable test_fcl_collision_detection_panda[0m
[53.421s] [ 80%] Built target test_fcl_collision_detection
[53.556s] [ 80%] Built target test_fcl_collision_detection_panda
[55.265s] [ 80%] [32m[1mLinking CXX shared library libmoveit_kinematic_constraints.so[0m
[55.362s] [ 80%] Built target moveit_kinematic_constraints
[55.371s] [ 82%] [32mBuilding CXX object kinematic_constraints/CMakeFiles/test_constraints.dir/test/test_constraints.cpp.o[0m
[55.371s] [ 82%] [32mBuilding CXX object planning_scene/CMakeFiles/moveit_planning_scene.dir/src/planning_scene.cpp.o[0m
[55.371s] [ 83%] [32mBuilding CXX object kinematic_constraints/CMakeFiles/test_orientation_constraints.dir/test/test_orientation_constraints.cpp.o[0m
[60.594s] [ 83%] [32m[1mLinking CXX executable test_orientation_constraints[0m
[60.745s] [ 83%] Built target test_orientation_constraints
[61.453s] [ 84%] [32m[1mLinking CXX executable test_constraints[0m
[61.599s] [ 84%] Built target test_constraints
[65.295s] [ 84%] [32m[1mLinking CXX shared library libmoveit_planning_scene.so[0m
[65.390s] [ 84%] Built target moveit_planning_scene
[65.400s] [ 84%] [32mBuilding CXX object collision_detection_bullet/CMakeFiles/collision_detector_bullet_plugin.dir/src/collision_detector_bullet_plugin_loader.cpp.o[0m
[65.400s] [ 84%] [32mBuilding CXX object constraint_samplers/CMakeFiles/moveit_constraint_samplers.dir/src/constraint_sampler.cpp.o[0m
[65.400s] [ 84%] [32mBuilding CXX object collision_distance_field/CMakeFiles/moveit_collision_distance_field.dir/src/collision_common_distance_field.cpp.o[0m
[65.400s] [ 85%] [32mBuilding CXX object planning_interface/CMakeFiles/moveit_planning_interface.dir/src/planning_interface.cpp.o[0m
[65.400s] [ 85%] [32mBuilding CXX object collision_detection_fcl/CMakeFiles/collision_detector_fcl_plugin.dir/src/collision_detector_fcl_plugin_loader.cpp.o[0m
[65.401s] [ 86%] [32mBuilding CXX object collision_distance_field/CMakeFiles/moveit_collision_distance_field.dir/src/collision_distance_field_types.cpp.o[0m
[65.401s] [ 87%] [32mBuilding CXX object collision_distance_field/CMakeFiles/moveit_collision_distance_field.dir/src/collision_env_distance_field.cpp.o[0m
[65.401s] [ 89%] [32mBuilding CXX object constraint_samplers/CMakeFiles/moveit_constraint_samplers.dir/src/constraint_sampler_tools.cpp.o[0m
[65.401s] [ 89%] [32mBuilding CXX object planning_interface/CMakeFiles/moveit_planning_interface.dir/src/planning_response.cpp.o[0m
[65.401s] [ 89%] [32mBuilding CXX object planning_scene/CMakeFiles/test_collision_objects.dir/test/test_collision_objects.cpp.o[0m
[65.402s] [ 90%] [32mBuilding CXX object constraint_samplers/CMakeFiles/moveit_constraint_samplers.dir/src/union_constraint_sampler.cpp.o[0m
[65.402s] [ 91%] [32mBuilding CXX object planning_scene/CMakeFiles/test_planning_scene.dir/test/test_planning_scene.cpp.o[0m
[65.402s] [ 91%] [32mBuilding CXX object collision_distance_field/CMakeFiles/moveit_collision_distance_field.dir/src/collision_env_hybrid.cpp.o[0m
[65.402s] [ 94%] [32mBuilding CXX object constraint_samplers/CMakeFiles/moveit_constraint_samplers.dir/src/constraint_sampler_manager.cpp.o[0m
[65.403s] [ 94%] [32mBuilding CXX object constraint_samplers/CMakeFiles/moveit_constraint_samplers.dir/src/default_constraint_samplers.cpp.o[0m
[65.403s] [ 94%] [32mBuilding CXX object planning_scene/CMakeFiles/test_multi_threaded.dir/test/test_multi_threaded.cpp.o[0m
[72.529s] [ 95%] [32m[1mLinking CXX shared library libcollision_detector_fcl_plugin.so[0m
[72.630s] [ 95%] Built target collision_detector_fcl_plugin
[73.235s] [ 96%] [32m[1mLinking CXX shared library libcollision_detector_bullet_plugin.so[0m
[73.333s] [ 96%] Built target collision_detector_bullet_plugin
[73.616s] [ 96%] [32m[1mLinking CXX shared library libmoveit_constraint_samplers.so[0m
[73.731s] [ 96%] Built target moveit_constraint_samplers
[73.743s] [ 98%] [32mBuilding CXX object constraint_samplers/CMakeFiles/test_constraint_samplers.dir/test/pr2_arm_ik.cpp.o[0m
[73.743s] [ 98%] [32mBuilding CXX object constraint_samplers/CMakeFiles/test_constraint_samplers.dir/test/test_constraint_samplers.cpp.o[0m
[73.745s] [ 98%] [32mBuilding CXX object constraint_samplers/CMakeFiles/test_constraint_samplers.dir/test/pr2_arm_kinematics_plugin.cpp.o[0m
[73.791s] [ 98%] [32m[1mLinking CXX executable test_multi_threaded[0m
[74.166s] [ 98%] Built target test_multi_threaded
[74.357s] [ 98%] [32m[1mLinking CXX shared library libmoveit_planning_interface.so[0m
[74.440s] [ 98%] Built target moveit_planning_interface
[76.006s] [ 98%] [32m[1mLinking CXX executable test_collision_objects[0m
[76.180s] [ 98%] Built target test_collision_objects
[77.564s] [ 99%] [32m[1mLinking CXX shared library libmoveit_collision_distance_field.so[0m
[77.674s] [ 99%] Built target moveit_collision_distance_field
[77.684s] [100%] [32mBuilding CXX object collision_distance_field/CMakeFiles/test_collision_distance_field.dir/test/test_collision_distance_field.cpp.o[0m
[78.588s] [100%] [32m[1mLinking CXX executable test_planning_scene[0m
[78.760s] [100%] Built target test_planning_scene
[81.753s] [100%] [32m[1mLinking CXX executable test_constraint_samplers[0m
[81.935s] [100%] Built target test_constraint_samplers
[83.342s] [100%] [32m[1mLinking CXX executable test_collision_distance_field[0m
[83.487s] [100%] Built target test_collision_distance_field
[83.494s] Invoked command in '/home/wzb/ros2ws/moveit_ws/build/moveit_core' returned '0': AMENT_PREFIX_PATH=/home/wzb/ros2ws/moveit_ws/install/moveit_resources_panda_moveit_config:/home/wzb/ros2ws/moveit_ws/install/moveit_resources_pr2_description:/home/wzb/ros2ws/moveit_ws/install/moveit_resources_panda_description:/home/wzb/ros2ws/moveit_ws/install/moveit_msgs:/home/wzb/ros2ws/moveit_ws/install/moveit_common:${AMENT_PREFIX_PATH} CMAKE_PREFIX_PATH=/home/wzb/ros2ws/moveit_ws/install/moveit_resources_panda_moveit_config:/home/wzb/ros2ws/moveit_ws/install/moveit_resources_pr2_description:/home/wzb/ros2ws/moveit_ws/install/moveit_resources_panda_description:/home/wzb/ros2ws/moveit_ws/install/moveit_msgs:/home/wzb/ros2ws/moveit_ws/install/moveit_common:/opt/ros/humble LD_LIBRARY_PATH=/home/wzb/ros2ws/moveit_ws/install/moveit_msgs/lib:${LD_LIBRARY_PATH} PYTHONPATH=/home/wzb/ros2ws/moveit_ws/install/moveit_msgs/local/lib/python3.10/dist-packages:${PYTHONPATH} /usr/bin/cmake --build /home/wzb/ros2ws/moveit_ws/build/moveit_core -- -j20 -l20
[83.495s] Invoking command in '/home/wzb/ros2ws/moveit_ws/build/moveit_core': AMENT_PREFIX_PATH=/home/wzb/ros2ws/moveit_ws/install/moveit_resources_panda_moveit_config:/home/wzb/ros2ws/moveit_ws/install/moveit_resources_pr2_description:/home/wzb/ros2ws/moveit_ws/install/moveit_resources_panda_description:/home/wzb/ros2ws/moveit_ws/install/moveit_msgs:/home/wzb/ros2ws/moveit_ws/install/moveit_common:${AMENT_PREFIX_PATH} CMAKE_PREFIX_PATH=/home/wzb/ros2ws/moveit_ws/install/moveit_resources_panda_moveit_config:/home/wzb/ros2ws/moveit_ws/install/moveit_resources_pr2_description:/home/wzb/ros2ws/moveit_ws/install/moveit_resources_panda_description:/home/wzb/ros2ws/moveit_ws/install/moveit_msgs:/home/wzb/ros2ws/moveit_ws/install/moveit_common:/opt/ros/humble LD_LIBRARY_PATH=/home/wzb/ros2ws/moveit_ws/install/moveit_msgs/lib:${LD_LIBRARY_PATH} PYTHONPATH=/home/wzb/ros2ws/moveit_ws/install/moveit_msgs/local/lib/python3.10/dist-packages:${PYTHONPATH} /usr/bin/cmake --install /home/wzb/ros2ws/moveit_ws/build/moveit_core
[83.499s] -- Install configuration: "Release"
[83.499s] -- Installing: /home/wzb/ros2ws/moveit_ws/install/moveit_core/include/moveit_core
[83.499s] -- Installing: /home/wzb/ros2ws/moveit_ws/install/moveit_core/include/moveit_core/moveit
[83.499s] -- Installing: /home/wzb/ros2ws/moveit_ws/install/moveit_core/include/moveit_core/moveit/collision_detection_bullet
[83.499s] -- Installing: /home/wzb/ros2ws/moveit_ws/install/moveit_core/include/moveit_core/moveit/collision_detection_bullet/collision_env_bullet.hpp
[83.499s] -- Installing: /home/wzb/ros2ws/moveit_ws/install/moveit_core/include/moveit_core/moveit/collision_detection_bullet/collision_detector_bullet_plugin_loader.hpp
[83.499s] -- Installing: /home/wzb/ros2ws/moveit_ws/install/moveit_core/include/moveit_core/moveit/collision_detection_bullet/collision_detector_bullet_plugin_loader.h
[83.499s] -- Installing: /home/wzb/ros2ws/moveit_ws/install/moveit_core/include/moveit_core/moveit/collision_detection_bullet/collision_detector_allocator_bullet.hpp
[83.499s] -- Installing: /home/wzb/ros2ws/moveit_ws/install/moveit_core/include/moveit_core/moveit/collision_detection_bullet/collision_detector_allocator_bullet.h
[83.499s] -- Installing: /home/wzb/ros2ws/moveit_ws/install/moveit_core/include/moveit_core/moveit/collision_detection_bullet/bullet_integration
[83.499s] -- Installing: /home/wzb/ros2ws/moveit_ws/install/moveit_core/include/moveit_core/moveit/collision_detection_bullet/bullet_integration/bullet_bvh_manager.hpp
[83.499s] -- Installing: /home/wzb/ros2ws/moveit_ws/install/moveit_core/include/moveit_core/moveit/collision_detection_bullet/bullet_integration/bullet_discrete_bvh_manager.hpp
[83.499s] -- Installing: /home/wzb/ros2ws/moveit_ws/install/moveit_core/include/moveit_core/moveit/collision_detection_bullet/bullet_integration/bullet_utils.h
[83.499s] -- Installing: /home/wzb/ros2ws/moveit_ws/install/moveit_core/include/moveit_core/moveit/collision_detection_bullet/bullet_integration/bullet_cast_bvh_manager.hpp
[83.499s] -- Installing: /home/wzb/ros2ws/moveit_ws/install/moveit_core/include/moveit_core/moveit/collision_detection_bullet/bullet_integration/bullet_discrete_bvh_manager.h
[83.499s] -- Installing: /home/wzb/ros2ws/moveit_ws/install/moveit_core/include/moveit_core/moveit/collision_detection_bullet/bullet_integration/ros_bullet_utils.hpp
[83.499s] -- Installing: /home/wzb/ros2ws/moveit_ws/install/moveit_core/include/moveit_core/moveit/collision_detection_bullet/bullet_integration/bullet_bvh_manager.h
[83.499s] -- Installing: /home/wzb/ros2ws/moveit_ws/install/moveit_core/include/moveit_core/moveit/collision_detection_bullet/bullet_integration/contact_checker_common.h
[83.499s] -- Installing: /home/wzb/ros2ws/moveit_ws/install/moveit_core/include/moveit_core/moveit/collision_detection_bullet/bullet_integration/basic_types.hpp
[83.499s] -- Installing: /home/wzb/ros2ws/moveit_ws/install/moveit_core/include/moveit_core/moveit/collision_detection_bullet/bullet_integration/basic_types.h
[83.499s] -- Installing: /home/wzb/ros2ws/moveit_ws/install/moveit_core/include/moveit_core/moveit/collision_detection_bullet/bullet_integration/bullet_cast_bvh_manager.h
[83.499s] -- Installing: /home/wzb/ros2ws/moveit_ws/install/moveit_core/include/moveit_core/moveit/collision_detection_bullet/bullet_integration/contact_checker_common.hpp
[83.499s] -- Installing: /home/wzb/ros2ws/moveit_ws/install/moveit_core/include/moveit_core/moveit/collision_detection_bullet/bullet_integration/ros_bullet_utils.h
[83.499s] -- Installing: /home/wzb/ros2ws/moveit_ws/install/moveit_core/include/moveit_core/moveit/collision_detection_bullet/bullet_integration/bullet_utils.hpp
[83.499s] -- Installing: /home/wzb/ros2ws/moveit_ws/install/moveit_core/include/moveit_core/moveit/collision_detection_bullet/collision_env_bullet.h
[83.499s] -- Installing: /home/wzb/ros2ws/moveit_ws/install/moveit_core/include/moveit_core/moveit_collision_detection_bullet_export.h
[83.500s] -- Up-to-date: /home/wzb/ros2ws/moveit_ws/install/moveit_core/include/moveit_core
[83.500s] -- Up-to-date: /home/wzb/ros2ws/moveit_ws/install/moveit_core/include/moveit_core/moveit
[83.500s] -- Installing: /home/wzb/ros2ws/moveit_ws/install/moveit_core/include/moveit_core/moveit/collision_detection_fcl
[83.500s] -- Installing: /home/wzb/ros2ws/moveit_ws/install/moveit_core/include/moveit_core/moveit/collision_detection_fcl/fcl_compat.h
[83.500s] -- Installing: /home/wzb/ros2ws/moveit_ws/install/moveit_core/include/moveit_core/moveit/collision_detection_fcl/collision_detector_allocator_fcl.h
[83.500s] -- Installing: /home/wzb/ros2ws/moveit_ws/install/moveit_core/include/moveit_core/moveit/collision_detection_fcl/collision_detector_fcl_plugin_loader.hpp
[83.500s] -- Installing: /home/wzb/ros2ws/moveit_ws/install/moveit_core/include/moveit_core/moveit/collision_detection_fcl/fcl_compat.hpp
[83.500s] -- Installing: /home/wzb/ros2ws/moveit_ws/install/moveit_core/include/moveit_core/moveit/collision_detection_fcl/collision_common.hpp
[83.500s] -- Installing: /home/wzb/ros2ws/moveit_ws/install/moveit_core/include/moveit_core/moveit/collision_detection_fcl/collision_common.h
[83.500s] -- Installing: /home/wzb/ros2ws/moveit_ws/install/moveit_core/include/moveit_core/moveit/collision_detection_fcl/collision_detector_fcl_plugin_loader.h
[83.500s] -- Installing: /home/wzb/ros2ws/moveit_ws/install/moveit_core/include/moveit_core/moveit/collision_detection_fcl/collision_env_fcl.h
[83.500s] -- Installing: /home/wzb/ros2ws/moveit_ws/install/moveit_core/include/moveit_core/moveit/collision_detection_fcl/collision_detector_allocator_fcl.hpp
[83.500s] -- Installing: /home/wzb/ros2ws/moveit_ws/install/moveit_core/include/moveit_core/moveit/collision_detection_fcl/collision_env_fcl.hpp
[83.500s] -- Installing: /home/wzb/ros2ws/moveit_ws/install/moveit_core/include/moveit_core/moveit_collision_detection_fcl_export.h
[83.500s] -- Up-to-date: /home/wzb/ros2ws/moveit_ws/install/moveit_core/include/moveit_core
[83.500s] -- Up-to-date: /home/wzb/ros2ws/moveit_ws/install/moveit_core/include/moveit_core/moveit
[83.500s] -- Installing: /home/wzb/ros2ws/moveit_ws/install/moveit_core/include/moveit_core/moveit/collision_detection
[83.500s] -- Installing: /home/wzb/ros2ws/moveit_ws/install/moveit_core/include/moveit_core/moveit/collision_detection/collision_plugin_cache.hpp
[83.500s] -- Installing: /home/wzb/ros2ws/moveit_ws/install/moveit_core/include/moveit_core/moveit/collision_detection/world_diff.h
[83.500s] -- Installing: /home/wzb/ros2ws/moveit_ws/install/moveit_core/include/moveit_core/moveit/collision_detection/test_collision_common_panda.h
[83.500s] -- Installing: /home/wzb/ros2ws/moveit_ws/install/moveit_core/include/moveit_core/moveit/collision_detection/world_diff.hpp
[83.500s] -- Installing: /home/wzb/ros2ws/moveit_ws/install/moveit_core/include/moveit_core/moveit/collision_detection/world.hpp
[83.500s] -- Installing: /home/wzb/ros2ws/moveit_ws/install/moveit_core/include/moveit_core/moveit/collision_detection/collision_plugin.hpp
[83.500s] -- Installing: /home/wzb/ros2ws/moveit_ws/install/moveit_core/include/moveit_core/moveit/collision_detection/collision_plugin_cache.h
[83.500s] -- Installing: /home/wzb/ros2ws/moveit_ws/install/moveit_core/include/moveit_core/moveit/collision_detection/collision_tools.h
[83.500s] -- Installing: /home/wzb/ros2ws/moveit_ws/install/moveit_core/include/moveit_core/moveit/collision_detection/collision_detector_allocator.hpp
[83.500s] -- Installing: /home/wzb/ros2ws/moveit_ws/install/moveit_core/include/moveit_core/moveit/collision_detection/collision_octomap_filter.h
[83.501s] -- Installing: /home/wzb/ros2ws/moveit_ws/install/moveit_core/include/moveit_core/moveit/collision_detection/test_collision_common_panda.hpp
[83.501s] -- Installing: /home/wzb/ros2ws/moveit_ws/install/moveit_core/include/moveit_core/moveit/collision_detection/collision_plugin.h
[83.501s] -- Installing: /home/wzb/ros2ws/moveit_ws/install/moveit_core/include/moveit_core/moveit/collision_detection/collision_matrix.hpp
[83.501s] -- Installing: /home/wzb/ros2ws/moveit_ws/install/moveit_core/include/moveit_core/moveit/collision_detection/occupancy_map.hpp
[83.501s] -- Installing: /home/wzb/ros2ws/moveit_ws/install/moveit_core/include/moveit_core/moveit/collision_detection/collision_octomap_filter.hpp
[83.501s] -- Installing: /home/wzb/ros2ws/moveit_ws/install/moveit_core/include/moveit_core/moveit/collision_detection/world.h
[83.501s] -- Installing: /home/wzb/ros2ws/moveit_ws/install/moveit_core/include/moveit_core/moveit/collision_detection/collision_env.h
[83.501s] -- Installing: /home/wzb/ros2ws/moveit_ws/install/moveit_core/include/moveit_core/moveit/collision_detection/collision_detector_allocator.h
[83.501s] -- Installing: /home/wzb/ros2ws/moveit_ws/install/moveit_core/include/moveit_core/moveit/collision_detection/test_collision_common_pr2.hpp
[83.501s] -- Installing: /home/wzb/ros2ws/moveit_ws/install/moveit_core/include/moveit_core/moveit/collision_detection/collision_env.hpp
[83.501s] -- Installing: /home/wzb/ros2ws/moveit_ws/install/moveit_core/include/moveit_core/moveit/collision_detection/collision_common.hpp
[83.501s] -- Installing: /home/wzb/ros2ws/moveit_ws/install/moveit_core/include/moveit_core/moveit/collision_detection/test_collision_common_pr2.h
[83.501s] -- Installing: /home/wzb/ros2ws/moveit_ws/install/moveit_core/include/moveit_core/moveit/collision_detection/collision_common.h
[83.501s] -- Installing: /home/wzb/ros2ws/moveit_ws/install/moveit_core/include/moveit_core/moveit/collision_detection/collision_matrix.h
[83.501s] -- Installing: /home/wzb/ros2ws/moveit_ws/install/moveit_core/include/moveit_core/moveit/collision_detection/occupancy_map.h
[83.501s] -- Installing: /home/wzb/ros2ws/moveit_ws/install/moveit_core/include/moveit_core/moveit/collision_detection/collision_tools.hpp
[83.501s] -- Installing: /home/wzb/ros2ws/moveit_ws/install/moveit_core/include/moveit_core/moveit/collision_detection/allvalid
[83.501s] -- Installing: /home/wzb/ros2ws/moveit_ws/install/moveit_core/include/moveit_core/moveit/collision_detection/allvalid/collision_env_allvalid.h
[83.501s] -- Installing: /home/wzb/ros2ws/moveit_ws/install/moveit_core/include/moveit_core/moveit/collision_detection/allvalid/collision_detector_allocator_allvalid.h
[83.501s] -- Installing: /home/wzb/ros2ws/moveit_ws/install/moveit_core/include/moveit_core/moveit/collision_detection/allvalid/collision_detector_allocator_allvalid.hpp
[83.501s] -- Installing: /home/wzb/ros2ws/moveit_ws/install/moveit_core/include/moveit_core/moveit/collision_detection/allvalid/collision_env_allvalid.hpp
[83.501s] -- Installing: /home/wzb/ros2ws/moveit_ws/install/moveit_core/include/moveit_core/moveit_collision_detection_export.h
[83.501s] -- Up-to-date: /home/wzb/ros2ws/moveit_ws/install/moveit_core/include/moveit_core
[83.501s] -- Up-to-date: /home/wzb/ros2ws/moveit_ws/install/moveit_core/include/moveit_core/moveit
[83.501s] -- Installing: /home/wzb/ros2ws/moveit_ws/install/moveit_core/include/moveit_core/moveit/collision_distance_field
[83.501s] -- Installing: /home/wzb/ros2ws/moveit_ws/install/moveit_core/include/moveit_core/moveit/collision_distance_field/collision_common_distance_field.hpp
[83.501s] -- Installing: /home/wzb/ros2ws/moveit_ws/install/moveit_core/include/moveit_core/moveit/collision_distance_field/collision_env_hybrid.h
[83.502s] -- Installing: /home/wzb/ros2ws/moveit_ws/install/moveit_core/include/moveit_core/moveit/collision_distance_field/collision_detector_allocator_hybrid.h
[83.502s] -- Installing: /home/wzb/ros2ws/moveit_ws/install/moveit_core/include/moveit_core/moveit/collision_distance_field/collision_env_distance_field.h
[83.502s] -- Installing: /home/wzb/ros2ws/moveit_ws/install/moveit_core/include/moveit_core/moveit/collision_distance_field/collision_detector_allocator_distance_field.hpp
[83.502s] -- Installing: /home/wzb/ros2ws/moveit_ws/install/moveit_core/include/moveit_core/moveit/collision_distance_field/collision_env_hybrid.hpp
[83.502s] -- Installing: /home/wzb/ros2ws/moveit_ws/install/moveit_core/include/moveit_core/moveit/collision_distance_field/collision_distance_field_types.hpp
[83.502s] -- Installing: /home/wzb/ros2ws/moveit_ws/install/moveit_core/include/moveit_core/moveit/collision_distance_field/collision_env_distance_field.hpp
[83.502s] -- Installing: /home/wzb/ros2ws/moveit_ws/install/moveit_core/include/moveit_core/moveit/collision_distance_field/collision_detector_allocator_hybrid.hpp
[83.502s] -- Installing: /home/wzb/ros2ws/moveit_ws/install/moveit_core/include/moveit_core/moveit/collision_distance_field/collision_detector_allocator_distance_field.h
[83.502s] -- Installing: /home/wzb/ros2ws/moveit_ws/install/moveit_core/include/moveit_core/moveit/collision_distance_field/collision_common_distance_field.h
[83.502s] -- Installing: /home/wzb/ros2ws/moveit_ws/install/moveit_core/include/moveit_core/moveit/collision_distance_field/collision_distance_field_types.h
[83.502s] -- Installing: /home/wzb/ros2ws/moveit_ws/install/moveit_core/include/moveit_core/moveit_collision_distance_field_export.h
[83.502s] -- Up-to-date: /home/wzb/ros2ws/moveit_ws/install/moveit_core/include/moveit_core
[83.502s] -- Up-to-date: /home/wzb/ros2ws/moveit_ws/install/moveit_core/include/moveit_core/moveit
[83.502s] -- Installing: /home/wzb/ros2ws/moveit_ws/install/moveit_core/include/moveit_core/moveit/constraint_samplers
[83.502s] -- Installing: /home/wzb/ros2ws/moveit_ws/install/moveit_core/include/moveit_core/moveit/constraint_samplers/constraint_sampler_manager.h
[83.502s] -- Installing: /home/wzb/ros2ws/moveit_ws/install/moveit_core/include/moveit_core/moveit/constraint_samplers/default_constraint_samplers.hpp
[83.502s] -- Installing: /home/wzb/ros2ws/moveit_ws/install/moveit_core/include/moveit_core/moveit/constraint_samplers/constraint_sampler_tools.h
[83.502s] -- Installing: /home/wzb/ros2ws/moveit_ws/install/moveit_core/include/moveit_core/moveit/constraint_samplers/constraint_sampler_allocator.hpp
[83.502s] -- Installing: /home/wzb/ros2ws/moveit_ws/install/moveit_core/include/moveit_core/moveit/constraint_samplers/constraint_sampler_tools.hpp
[83.502s] -- Installing: /home/wzb/ros2ws/moveit_ws/install/moveit_core/include/moveit_core/moveit/constraint_samplers/default_constraint_samplers.h
[83.502s] -- Installing: /home/wzb/ros2ws/moveit_ws/install/moveit_core/include/moveit_core/moveit/constraint_samplers/constraint_sampler.h
[83.502s] -- Installing: /home/wzb/ros2ws/moveit_ws/install/moveit_core/include/moveit_core/moveit/constraint_samplers/constraint_sampler_manager.hpp
[83.502s] -- Installing: /home/wzb/ros2ws/moveit_ws/install/moveit_core/include/moveit_core/moveit/constraint_samplers/constraint_sampler.hpp
[83.502s] -- Installing: /home/wzb/ros2ws/moveit_ws/install/moveit_core/include/moveit_core/moveit/constraint_samplers/union_constraint_sampler.hpp
[83.502s] -- Installing: /home/wzb/ros2ws/moveit_ws/install/moveit_core/include/moveit_core/moveit/constraint_samplers/union_constraint_sampler.h
[83.502s] -- Installing: /home/wzb/ros2ws/moveit_ws/install/moveit_core/include/moveit_core/moveit/constraint_samplers/constraint_sampler_allocator.h
[83.502s] -- Up-to-date: /home/wzb/ros2ws/moveit_ws/install/moveit_core/include/moveit_core
[83.503s] -- Up-to-date: /home/wzb/ros2ws/moveit_ws/install/moveit_core/include/moveit_core/moveit
[83.503s] -- Installing: /home/wzb/ros2ws/moveit_ws/install/moveit_core/include/moveit_core/moveit/controller_manager
[83.503s] -- Installing: /home/wzb/ros2ws/moveit_ws/install/moveit_core/include/moveit_core/moveit/controller_manager/controller_manager.h
[83.503s] -- Installing: /home/wzb/ros2ws/moveit_ws/install/moveit_core/include/moveit_core/moveit/controller_manager/controller_manager.hpp
[83.503s] -- Up-to-date: /home/wzb/ros2ws/moveit_ws/install/moveit_core/include/moveit_core
[83.503s] -- Up-to-date: /home/wzb/ros2ws/moveit_ws/install/moveit_core/include/moveit_core/moveit
[83.503s] -- Installing: /home/wzb/ros2ws/moveit_ws/install/moveit_core/include/moveit_core/moveit/distance_field
[83.503s] -- Installing: /home/wzb/ros2ws/moveit_ws/install/moveit_core/include/moveit_core/moveit/distance_field/find_internal_points.hpp
[83.503s] -- Installing: /home/wzb/ros2ws/moveit_ws/install/moveit_core/include/moveit_core/moveit/distance_field/distance_field.h
[83.503s] -- Installing: /home/wzb/ros2ws/moveit_ws/install/moveit_core/include/moveit_core/moveit/distance_field/voxel_grid.h
[83.503s] -- Installing: /home/wzb/ros2ws/moveit_ws/install/moveit_core/include/moveit_core/moveit/distance_field/distance_field.hpp
[83.503s] -- Installing: /home/wzb/ros2ws/moveit_ws/install/moveit_core/include/moveit_core/moveit/distance_field/propagation_distance_field.hpp
[83.503s] -- Installing: /home/wzb/ros2ws/moveit_ws/install/moveit_core/include/moveit_core/moveit/distance_field/voxel_grid.hpp
[83.503s] -- Installing: /home/wzb/ros2ws/moveit_ws/install/moveit_core/include/moveit_core/moveit/distance_field/propagation_distance_field.h
[83.503s] -- Installing: /home/wzb/ros2ws/moveit_ws/install/moveit_core/include/moveit_core/moveit/distance_field/find_internal_points.h
[83.503s] -- Up-to-date: /home/wzb/ros2ws/moveit_ws/install/moveit_core/include/moveit_core
[83.503s] -- Up-to-date: /home/wzb/ros2ws/moveit_ws/install/moveit_core/include/moveit_core/moveit
[83.503s] -- Installing: /home/wzb/ros2ws/moveit_ws/install/moveit_core/include/moveit_core/moveit/dynamics_solver
[83.503s] -- Installing: /home/wzb/ros2ws/moveit_ws/install/moveit_core/include/moveit_core/moveit/dynamics_solver/dynamics_solver.hpp
[83.503s] -- Installing: /home/wzb/ros2ws/moveit_ws/install/moveit_core/include/moveit_core/moveit/dynamics_solver/dynamics_solver.h
[83.503s] -- Up-to-date: /home/wzb/ros2ws/moveit_ws/install/moveit_core/include/moveit_core
[83.503s] -- Up-to-date: /home/wzb/ros2ws/moveit_ws/install/moveit_core/include/moveit_core/moveit
[83.503s] -- Installing: /home/wzb/ros2ws/moveit_ws/install/moveit_core/include/moveit_core/moveit/exceptions
[83.503s] -- Installing: /home/wzb/ros2ws/moveit_ws/install/moveit_core/include/moveit_core/moveit/exceptions/exceptions.h
[83.503s] -- Installing: /home/wzb/ros2ws/moveit_ws/install/moveit_core/include/moveit_core/moveit/exceptions/exceptions.hpp
[83.503s] -- Up-to-date: /home/wzb/ros2ws/moveit_ws/install/moveit_core/include/moveit_core
[83.503s] -- Up-to-date: /home/wzb/ros2ws/moveit_ws/install/moveit_core/include/moveit_core/moveit
[83.503s] -- Installing: /home/wzb/ros2ws/moveit_ws/install/moveit_core/include/moveit_core/moveit/kinematic_constraints
[83.503s] -- Installing: /home/wzb/ros2ws/moveit_ws/install/moveit_core/include/moveit_core/moveit/kinematic_constraints/kinematic_constraint.h
[83.503s] -- Installing: /home/wzb/ros2ws/moveit_ws/install/moveit_core/include/moveit_core/moveit/kinematic_constraints/utils.h
[83.504s] -- Installing: /home/wzb/ros2ws/moveit_ws/install/moveit_core/include/moveit_core/moveit/kinematic_constraints/kinematic_constraint.hpp
[83.504s] -- Installing: /home/wzb/ros2ws/moveit_ws/install/moveit_core/include/moveit_core/moveit/kinematic_constraints/utils.hpp
[83.504s] -- Up-to-date: /home/wzb/ros2ws/moveit_ws/install/moveit_core/include/moveit_core
[83.504s] -- Up-to-date: /home/wzb/ros2ws/moveit_ws/install/moveit_core/include/moveit_core/moveit
[83.504s] -- Installing: /home/wzb/ros2ws/moveit_ws/install/moveit_core/include/moveit_core/moveit/kinematics_base
[83.504s] -- Installing: /home/wzb/ros2ws/moveit_ws/install/moveit_core/include/moveit_core/moveit/kinematics_base/kinematics_base.h
[83.504s] -- Installing: /home/wzb/ros2ws/moveit_ws/install/moveit_core/include/moveit_core/moveit/kinematics_base/kinematics_base.hpp
[83.504s] -- Installing: /home/wzb/ros2ws/moveit_ws/install/moveit_core/include/moveit_core/moveit_kinematics_base_export.h
[83.504s] -- Up-to-date: /home/wzb/ros2ws/moveit_ws/install/moveit_core/include/moveit_core
[83.504s] -- Up-to-date: /home/wzb/ros2ws/moveit_ws/install/moveit_core/include/moveit_core/moveit
[83.504s] -- Installing: /home/wzb/ros2ws/moveit_ws/install/moveit_core/include/moveit_core/moveit/kinematics_metrics
[83.504s] -- Installing: /home/wzb/ros2ws/moveit_ws/install/moveit_core/include/moveit_core/moveit/kinematics_metrics/kinematics_metrics.h
[83.504s] -- Installing: /home/wzb/ros2ws/moveit_ws/install/moveit_core/include/moveit_core/moveit/kinematics_metrics/kinematics_metrics.hpp
[83.504s] -- Up-to-date: /home/wzb/ros2ws/moveit_ws/install/moveit_core/include/moveit_core
[83.504s] -- Up-to-date: /home/wzb/ros2ws/moveit_ws/install/moveit_core/include/moveit_core/moveit
[83.504s] -- Installing: /home/wzb/ros2ws/moveit_ws/install/moveit_core/include/moveit_core/moveit/macros
[83.504s] -- Installing: /home/wzb/ros2ws/moveit_ws/install/moveit_core/include/moveit_core/moveit/macros/class_forward.hpp
[83.504s] -- Installing: /home/wzb/ros2ws/moveit_ws/install/moveit_core/include/moveit_core/moveit/macros/console_colors.h
[83.504s] -- Installing: /home/wzb/ros2ws/moveit_ws/install/moveit_core/include/moveit_core/moveit/macros/declare_ptr.h
[83.504s] -- Installing: /home/wzb/ros2ws/moveit_ws/install/moveit_core/include/moveit_core/moveit/macros/class_forward.h
[83.504s] -- Installing: /home/wzb/ros2ws/moveit_ws/install/moveit_core/include/moveit_core/moveit/macros/console_colors.hpp
[83.504s] -- Installing: /home/wzb/ros2ws/moveit_ws/install/moveit_core/include/moveit_core/moveit/macros/declare_ptr.hpp
[83.504s] -- Up-to-date: /home/wzb/ros2ws/moveit_ws/install/moveit_core/include/moveit_core
[83.504s] -- Installing: /home/wzb/ros2ws/moveit_ws/install/moveit_core/include/moveit_core/moveit_butterworth_filter_parameters.hpp
[83.504s] -- Installing: /home/wzb/ros2ws/moveit_ws/install/moveit_core/include/moveit_core/moveit_acceleration_filter_parameters.hpp
[83.504s] -- Installing: /home/wzb/ros2ws/moveit_ws/install/moveit_core/include/moveit_core/moveit_ruckig_filter_parameters.hpp
[83.504s] -- Up-to-date: /home/wzb/ros2ws/moveit_ws/install/moveit_core/include/moveit_core
[83.504s] -- Up-to-date: /home/wzb/ros2ws/moveit_ws/install/moveit_core/include/moveit_core/moveit_butterworth_filter_parameters.hpp
[83.504s] -- Up-to-date: /home/wzb/ros2ws/moveit_ws/install/moveit_core/include/moveit_core/moveit_acceleration_filter_parameters.hpp
[83.504s] -- Up-to-date: /home/wzb/ros2ws/moveit_ws/install/moveit_core/include/moveit_core/moveit_ruckig_filter_parameters.hpp
[83.505s] -- Up-to-date: /home/wzb/ros2ws/moveit_ws/install/moveit_core/include/moveit_core
[83.505s] -- Up-to-date: /home/wzb/ros2ws/moveit_ws/install/moveit_core/include/moveit_core/moveit_butterworth_filter_parameters.hpp
[83.505s] -- Up-to-date: /home/wzb/ros2ws/moveit_ws/install/moveit_core/include/moveit_core/moveit_acceleration_filter_parameters.hpp
[83.505s] -- Up-to-date: /home/wzb/ros2ws/moveit_ws/install/moveit_core/include/moveit_core/moveit_ruckig_filter_parameters.hpp
[83.505s] -- Up-to-date: /home/wzb/ros2ws/moveit_ws/install/moveit_core/include/moveit_core
[83.505s] -- Up-to-date: /home/wzb/ros2ws/moveit_ws/install/moveit_core/include/moveit_core/moveit
[83.505s] -- Installing: /home/wzb/ros2ws/moveit_ws/install/moveit_core/include/moveit_core/moveit/online_signal_smoothing
[83.505s] -- Installing: /home/wzb/ros2ws/moveit_ws/install/moveit_core/include/moveit_core/moveit/online_signal_smoothing/butterworth_filter.h
[83.505s] -- Installing: /home/wzb/ros2ws/moveit_ws/install/moveit_core/include/moveit_core/moveit/online_signal_smoothing/ruckig_filter.h
[83.505s] -- Installing: /home/wzb/ros2ws/moveit_ws/install/moveit_core/include/moveit_core/moveit/online_signal_smoothing/smoothing_base_class.h
[83.505s] -- Installing: /home/wzb/ros2ws/moveit_ws/install/moveit_core/include/moveit_core/moveit/online_signal_smoothing/acceleration_filter.hpp
[83.505s] -- Installing: /home/wzb/ros2ws/moveit_ws/install/moveit_core/include/moveit_core/moveit/online_signal_smoothing/smoothing_base_class.hpp
[83.505s] -- Installing: /home/wzb/ros2ws/moveit_ws/install/moveit_core/include/moveit_core/moveit/online_signal_smoothing/acceleration_filter.h
[83.505s] -- Installing: /home/wzb/ros2ws/moveit_ws/install/moveit_core/include/moveit_core/moveit/online_signal_smoothing/butterworth_filter.hpp
[83.505s] -- Installing: /home/wzb/ros2ws/moveit_ws/install/moveit_core/include/moveit_core/moveit/online_signal_smoothing/ruckig_filter.hpp
[83.505s] -- Installing: /home/wzb/ros2ws/moveit_ws/install/moveit_core/include/moveit_core/moveit_smoothing_base_export.h
[83.505s] -- Installing: /home/wzb/ros2ws/moveit_ws/install/moveit_core/include/moveit_core/moveit_acceleration_filter_export.h
[83.505s] -- Installing: /home/wzb/ros2ws/moveit_ws/install/moveit_core/include/moveit_core/moveit_butterworth_filter_export.h
[83.505s] -- Installing: /home/wzb/ros2ws/moveit_ws/install/moveit_core/include/moveit_core/moveit_ruckig_filter_export.h
[83.505s] -- Up-to-date: /home/wzb/ros2ws/moveit_ws/install/moveit_core/include/moveit_core
[83.505s] -- Up-to-date: /home/wzb/ros2ws/moveit_ws/install/moveit_core/include/moveit_core/moveit
[83.505s] -- Installing: /home/wzb/ros2ws/moveit_ws/install/moveit_core/include/moveit_core/moveit/planning_interface
[83.505s] -- Installing: /home/wzb/ros2ws/moveit_ws/install/moveit_core/include/moveit_core/moveit/planning_interface/planning_request.h
[83.505s] -- Installing: /home/wzb/ros2ws/moveit_ws/install/moveit_core/include/moveit_core/moveit/planning_interface/planning_response_adapter.h
[83.505s] -- Installing: /home/wzb/ros2ws/moveit_ws/install/moveit_core/include/moveit_core/moveit/planning_interface/planning_request_adapter.h
[83.505s] -- Installing: /home/wzb/ros2ws/moveit_ws/install/moveit_core/include/moveit_core/moveit/planning_interface/planning_request_adapter.hpp
[83.505s] -- Installing: /home/wzb/ros2ws/moveit_ws/install/moveit_core/include/moveit_core/moveit/planning_interface/planning_request.hpp
[83.505s] -- Installing: /home/wzb/ros2ws/moveit_ws/install/moveit_core/include/moveit_core/moveit/planning_interface/planning_response_adapter.hpp
[83.505s] -- Installing: /home/wzb/ros2ws/moveit_ws/install/moveit_core/include/moveit_core/moveit/planning_interface/planning_interface.hpp
[83.505s] -- Installing: /home/wzb/ros2ws/moveit_ws/install/moveit_core/include/moveit_core/moveit/planning_interface/planning_response.hpp
[83.505s] -- Installing: /home/wzb/ros2ws/moveit_ws/install/moveit_core/include/moveit_core/moveit/planning_interface/planning_interface.h
[83.505s] -- Installing: /home/wzb/ros2ws/moveit_ws/install/moveit_core/include/moveit_core/moveit/planning_interface/planning_response.h
[83.505s] -- Up-to-date: /home/wzb/ros2ws/moveit_ws/install/moveit_core/include/moveit_core
[83.505s] -- Up-to-date: /home/wzb/ros2ws/moveit_ws/install/moveit_core/include/moveit_core/moveit
[83.506s] -- Installing: /home/wzb/ros2ws/moveit_ws/install/moveit_core/include/moveit_core/moveit/planning_scene
[83.506s] -- Installing: /home/wzb/ros2ws/moveit_ws/install/moveit_core/include/moveit_core/moveit/planning_scene/planning_scene.hpp
[83.506s] -- Installing: /home/wzb/ros2ws/moveit_ws/install/moveit_core/include/moveit_core/moveit/planning_scene/planning_scene.h
[83.506s] -- Installing: /home/wzb/ros2ws/moveit_ws/install/moveit_core/include/moveit_core/moveit_planning_scene_export.h
[83.506s] -- Up-to-date: /home/wzb/ros2ws/moveit_ws/install/moveit_core/include/moveit_core
[83.506s] -- Up-to-date: /home/wzb/ros2ws/moveit_ws/install/moveit_core/include/moveit_core/moveit
[83.506s] -- Installing: /home/wzb/ros2ws/moveit_ws/install/moveit_core/include/moveit_core/moveit/robot_model
[83.506s] -- Installing: /home/wzb/ros2ws/moveit_ws/install/moveit_core/include/moveit_core/moveit/robot_model/floating_joint_model.h
[83.506s] -- Installing: /home/wzb/ros2ws/moveit_ws/install/moveit_core/include/moveit_core/moveit/robot_model/joint_model.hpp
[83.506s] -- Installing: /home/wzb/ros2ws/moveit_ws/install/moveit_core/include/moveit_core/moveit/robot_model/prismatic_joint_model.h
[83.506s] -- Installing: /home/wzb/ros2ws/moveit_ws/install/moveit_core/include/moveit_core/moveit/robot_model/revolute_joint_model.h
[83.506s] -- Installing: /home/wzb/ros2ws/moveit_ws/install/moveit_core/include/moveit_core/moveit/robot_model/robot_model.hpp
[83.506s] -- Installing: /home/wzb/ros2ws/moveit_ws/install/moveit_core/include/moveit_core/moveit/robot_model/joint_model_group.hpp
[83.506s] -- Installing: /home/wzb/ros2ws/moveit_ws/install/moveit_core/include/moveit_core/moveit/robot_model/aabb.h
[83.506s] -- Installing: /home/wzb/ros2ws/moveit_ws/install/moveit_core/include/moveit_core/moveit/robot_model/joint_model.h
[83.506s] -- Installing: /home/wzb/ros2ws/moveit_ws/install/moveit_core/include/moveit_core/moveit/robot_model/fixed_joint_model.h
[83.506s] -- Installing: /home/wzb/ros2ws/moveit_ws/install/moveit_core/include/moveit_core/moveit/robot_model/link_model.h
[83.506s] -- Installing: /home/wzb/ros2ws/moveit_ws/install/moveit_core/include/moveit_core/moveit/robot_model/joint_model_group.h
[83.506s] -- Installing: /home/wzb/ros2ws/moveit_ws/install/moveit_core/include/moveit_core/moveit/robot_model/aabb.hpp
[83.506s] -- Installing: /home/wzb/ros2ws/moveit_ws/install/moveit_core/include/moveit_core/moveit/robot_model/fixed_joint_model.hpp
[83.506s] -- Installing: /home/wzb/ros2ws/moveit_ws/install/moveit_core/include/moveit_core/moveit/robot_model/planar_joint_model.hpp
[83.506s] -- Installing: /home/wzb/ros2ws/moveit_ws/install/moveit_core/include/moveit_core/moveit/robot_model/robot_model.h
[83.506s] -- Installing: /home/wzb/ros2ws/moveit_ws/install/moveit_core/include/moveit_core/moveit/robot_model/planar_joint_model.h
[83.506s] -- Installing: /home/wzb/ros2ws/moveit_ws/install/moveit_core/include/moveit_core/moveit/robot_model/prismatic_joint_model.hpp
[83.506s] -- Installing: /home/wzb/ros2ws/moveit_ws/install/moveit_core/include/moveit_core/moveit/robot_model/link_model.hpp
[83.506s] -- Installing: /home/wzb/ros2ws/moveit_ws/install/moveit_core/include/moveit_core/moveit/robot_model/revolute_joint_model.hpp
[83.506s] -- Installing: /home/wzb/ros2ws/moveit_ws/install/moveit_core/include/moveit_core/moveit/robot_model/floating_joint_model.hpp
[83.506s] -- Up-to-date: /home/wzb/ros2ws/moveit_ws/install/moveit_core/include/moveit_core
[83.506s] -- Up-to-date: /home/wzb/ros2ws/moveit_ws/install/moveit_core/include/moveit_core/moveit
[83.506s] -- Installing: /home/wzb/ros2ws/moveit_ws/install/moveit_core/include/moveit_core/moveit/robot_state
[83.506s] -- Installing: /home/wzb/ros2ws/moveit_ws/install/moveit_core/include/moveit_core/moveit/robot_state/robot_state.h
[83.506s] -- Installing: /home/wzb/ros2ws/moveit_ws/install/moveit_core/include/moveit_core/moveit/robot_state/cartesian_interpolator.hpp
[83.507s] -- Installing: /home/wzb/ros2ws/moveit_ws/install/moveit_core/include/moveit_core/moveit/robot_state/attached_body.hpp
[83.507s] -- Installing: /home/wzb/ros2ws/moveit_ws/install/moveit_core/include/moveit_core/moveit/robot_state/conversions.h
[83.507s] -- Installing: /home/wzb/ros2ws/moveit_ws/install/moveit_core/include/moveit_core/moveit/robot_state/attached_body.h
[83.507s] -- Installing: /home/wzb/ros2ws/moveit_ws/install/moveit_core/include/moveit_core/moveit/robot_state/conversions.hpp
[83.507s] -- Installing: /home/wzb/ros2ws/moveit_ws/install/moveit_core/include/moveit_core/moveit/robot_state/cartesian_interpolator.h
[83.507s] -- Installing: /home/wzb/ros2ws/moveit_ws/install/moveit_core/include/moveit_core/moveit/robot_state/robot_state.hpp
[83.507s] -- Up-to-date: /home/wzb/ros2ws/moveit_ws/install/moveit_core/include/moveit_core
[83.507s] -- Up-to-date: /home/wzb/ros2ws/moveit_ws/install/moveit_core/include/moveit_core/moveit
[83.507s] -- Installing: /home/wzb/ros2ws/moveit_ws/install/moveit_core/include/moveit_core/moveit/robot_trajectory
[83.507s] -- Installing: /home/wzb/ros2ws/moveit_ws/install/moveit_core/include/moveit_core/moveit/robot_trajectory/robot_trajectory.hpp
[83.507s] -- Installing: /home/wzb/ros2ws/moveit_ws/install/moveit_core/include/moveit_core/moveit/robot_trajectory/robot_trajectory.h
[83.507s] -- Up-to-date: /home/wzb/ros2ws/moveit_ws/install/moveit_core/include/moveit_core
[83.507s] -- Up-to-date: /home/wzb/ros2ws/moveit_ws/install/moveit_core/include/moveit_core/moveit
[83.507s] -- Installing: /home/wzb/ros2ws/moveit_ws/install/moveit_core/include/moveit_core/moveit/trajectory_processing
[83.507s] -- Installing: /home/wzb/ros2ws/moveit_ws/install/moveit_core/include/moveit_core/moveit/trajectory_processing/time_parameterization.h
[83.507s] -- Installing: /home/wzb/ros2ws/moveit_ws/install/moveit_core/include/moveit_core/moveit/trajectory_processing/time_optimal_trajectory_generation.hpp
[83.507s] -- Installing: /home/wzb/ros2ws/moveit_ws/install/moveit_core/include/moveit_core/moveit/trajectory_processing/time_parameterization.hpp
[83.507s] -- Installing: /home/wzb/ros2ws/moveit_ws/install/moveit_core/include/moveit_core/moveit/trajectory_processing/ruckig_traj_smoothing.h
[83.507s] -- Installing: /home/wzb/ros2ws/moveit_ws/install/moveit_core/include/moveit_core/moveit/trajectory_processing/ruckig_traj_smoothing.hpp
[83.507s] -- Installing: /home/wzb/ros2ws/moveit_ws/install/moveit_core/include/moveit_core/moveit/trajectory_processing/trajectory_tools.hpp
[83.507s] -- Installing: /home/wzb/ros2ws/moveit_ws/install/moveit_core/include/moveit_core/moveit/trajectory_processing/trajectory_tools.h
[83.507s] -- Installing: /home/wzb/ros2ws/moveit_ws/install/moveit_core/include/moveit_core/moveit/trajectory_processing/time_optimal_trajectory_generation.h
[83.507s] -- Up-to-date: /home/wzb/ros2ws/moveit_ws/install/moveit_core/include/moveit_core
[83.507s] -- Up-to-date: /home/wzb/ros2ws/moveit_ws/install/moveit_core/include/moveit_core/moveit
[83.507s] -- Installing: /home/wzb/ros2ws/moveit_ws/install/moveit_core/include/moveit_core/moveit/transforms
[83.507s] -- Installing: /home/wzb/ros2ws/moveit_ws/install/moveit_core/include/moveit_core/moveit/transforms/transforms.h
[83.507s] -- Installing: /home/wzb/ros2ws/moveit_ws/install/moveit_core/include/moveit_core/moveit/transforms/transforms.hpp
[83.507s] -- Up-to-date: /home/wzb/ros2ws/moveit_ws/install/moveit_core/include/moveit_core
[83.507s] -- Up-to-date: /home/wzb/ros2ws/moveit_ws/install/moveit_core/include/moveit_core/moveit
[83.508s] -- Installing: /home/wzb/ros2ws/moveit_ws/install/moveit_core/include/moveit_core/moveit/utils
[83.508s] -- Installing: /home/wzb/ros2ws/moveit_ws/install/moveit_core/include/moveit_core/moveit/utils/lexical_casts.hpp
[83.508s] -- Installing: /home/wzb/ros2ws/moveit_ws/install/moveit_core/include/moveit_core/moveit/utils/logger.h
[83.508s] -- Installing: /home/wzb/ros2ws/moveit_ws/install/moveit_core/include/moveit_core/moveit/utils/message_checks.h
[83.508s] -- Installing: /home/wzb/ros2ws/moveit_ws/install/moveit_core/include/moveit_core/moveit/utils/rclcpp_utils.h
[83.508s] -- Installing: /home/wzb/ros2ws/moveit_ws/install/moveit_core/include/moveit_core/moveit/utils/lexical_casts.h
[83.508s] -- Installing: /home/wzb/ros2ws/moveit_ws/install/moveit_core/include/moveit_core/moveit/utils/logger.hpp
[83.508s] -- Installing: /home/wzb/ros2ws/moveit_ws/install/moveit_core/include/moveit_core/moveit/utils/message_checks.hpp
[83.508s] -- Installing: /home/wzb/ros2ws/moveit_ws/install/moveit_core/include/moveit_core/moveit/utils/moveit_error_code.hpp
[83.508s] -- Installing: /home/wzb/ros2ws/moveit_ws/install/moveit_core/include/moveit_core/moveit/utils/robot_model_test_utils.hpp
[83.508s] -- Installing: /home/wzb/ros2ws/moveit_ws/install/moveit_core/include/moveit_core/moveit/utils/eigen_test_utils.h
[83.508s] -- Installing: /home/wzb/ros2ws/moveit_ws/install/moveit_core/include/moveit_core/moveit/utils/rclcpp_utils.hpp
[83.508s] -- Installing: /home/wzb/ros2ws/moveit_ws/install/moveit_core/include/moveit_core/moveit/utils/robot_model_test_utils.h
[83.508s] -- Installing: /home/wzb/ros2ws/moveit_ws/install/moveit_core/include/moveit_core/moveit/utils/moveit_error_code.h
[83.508s] -- Installing: /home/wzb/ros2ws/moveit_ws/install/moveit_core/include/moveit_core/moveit/utils/eigen_test_utils.hpp
[83.508s] -- Installing: /home/wzb/ros2ws/moveit_ws/install/moveit_core/lib/moveit_core/logger_dut
[83.508s] -- Set runtime path of "/home/wzb/ros2ws/moveit_ws/install/moveit_core/lib/moveit_core/logger_dut" to ""
[83.508s] -- Installing: /home/wzb/ros2ws/moveit_ws/install/moveit_core/include/moveit_core/moveit/version.hpp
[83.508s] -- Installing: /home/wzb/ros2ws/moveit_ws/install/moveit_core/bin/moveit_version
[83.508s] -- Installing: /home/wzb/ros2ws/moveit_ws/install/moveit_core/lib/libmoveit_collision_detection.so.2.14.1
[83.509s] -- Set runtime path of "/home/wzb/ros2ws/moveit_ws/install/moveit_core/lib/libmoveit_collision_detection.so.2.14.1" to ""
[83.509s] -- Installing: /home/wzb/ros2ws/moveit_ws/install/moveit_core/lib/libmoveit_collision_detection.so
[83.509s] -- Installing: /home/wzb/ros2ws/moveit_ws/install/moveit_core/lib/libmoveit_collision_detection_bullet.so.2.14.1
[83.509s] -- Set runtime path of "/home/wzb/ros2ws/moveit_ws/install/moveit_core/lib/libmoveit_collision_detection_bullet.so.2.14.1" to ""
[83.509s] -- Installing: /home/wzb/ros2ws/moveit_ws/install/moveit_core/lib/libmoveit_collision_detection_bullet.so
[83.509s] -- Installing: /home/wzb/ros2ws/moveit_ws/install/moveit_core/lib/libmoveit_collision_detection_fcl.so.2.14.1
[83.510s] -- Set runtime path of "/home/wzb/ros2ws/moveit_ws/install/moveit_core/lib/libmoveit_collision_detection_fcl.so.2.14.1" to ""
[83.510s] -- Installing: /home/wzb/ros2ws/moveit_ws/install/moveit_core/lib/libmoveit_collision_detection_fcl.so
[83.510s] -- Installing: /home/wzb/ros2ws/moveit_ws/install/moveit_core/lib/libmoveit_collision_distance_field.so.2.14.1
[83.510s] -- Set runtime path of "/home/wzb/ros2ws/moveit_ws/install/moveit_core/lib/libmoveit_collision_distance_field.so.2.14.1" to ""
[83.510s] -- Installing: /home/wzb/ros2ws/moveit_ws/install/moveit_core/lib/libmoveit_collision_distance_field.so
[83.510s] -- Installing: /home/wzb/ros2ws/moveit_ws/install/moveit_core/lib/libmoveit_constraint_samplers.so.2.14.1
[83.510s] -- Set runtime path of "/home/wzb/ros2ws/moveit_ws/install/moveit_core/lib/libmoveit_constraint_samplers.so.2.14.1" to ""
[83.510s] -- Installing: /home/wzb/ros2ws/moveit_ws/install/moveit_core/lib/libmoveit_constraint_samplers.so
[83.510s] -- Installing: /home/wzb/ros2ws/moveit_ws/install/moveit_core/lib/libmoveit_distance_field.so.2.14.1
[83.511s] -- Set runtime path of "/home/wzb/ros2ws/moveit_ws/install/moveit_core/lib/libmoveit_distance_field.so.2.14.1" to ""
[83.511s] -- Installing: /home/wzb/ros2ws/moveit_ws/install/moveit_core/lib/libmoveit_distance_field.so
[83.511s] -- Installing: /home/wzb/ros2ws/moveit_ws/install/moveit_core/lib/libmoveit_dynamics_solver.so.2.14.1
[83.511s] -- Set runtime path of "/home/wzb/ros2ws/moveit_ws/install/moveit_core/lib/libmoveit_dynamics_solver.so.2.14.1" to ""
[83.511s] -- Installing: /home/wzb/ros2ws/moveit_ws/install/moveit_core/lib/libmoveit_dynamics_solver.so
[83.511s] -- Installing: /home/wzb/ros2ws/moveit_ws/install/moveit_core/lib/libmoveit_exceptions.so.2.14.1
[83.511s] -- Set runtime path of "/home/wzb/ros2ws/moveit_ws/install/moveit_core/lib/libmoveit_exceptions.so.2.14.1" to ""
[83.511s] -- Installing: /home/wzb/ros2ws/moveit_ws/install/moveit_core/lib/libmoveit_exceptions.so
[83.511s] -- Installing: /home/wzb/ros2ws/moveit_ws/install/moveit_core/lib/libmoveit_kinematic_constraints.so.2.14.1
[83.511s] -- Set runtime path of "/home/wzb/ros2ws/moveit_ws/install/moveit_core/lib/libmoveit_kinematic_constraints.so.2.14.1" to ""
[83.511s] -- Installing: /home/wzb/ros2ws/moveit_ws/install/moveit_core/lib/libmoveit_kinematic_constraints.so
[83.511s] -- Installing: /home/wzb/ros2ws/moveit_ws/install/moveit_core/lib/libmoveit_kinematics_base.so
[83.511s] -- Set runtime path of "/home/wzb/ros2ws/moveit_ws/install/moveit_core/lib/libmoveit_kinematics_base.so" to ""
[83.512s] -- Installing: /home/wzb/ros2ws/moveit_ws/install/moveit_core/lib/libmoveit_kinematics_metrics.so.2.14.1
[83.512s] -- Set runtime path of "/home/wzb/ros2ws/moveit_ws/install/moveit_core/lib/libmoveit_kinematics_metrics.so.2.14.1" to ""
[83.512s] -- Installing: /home/wzb/ros2ws/moveit_ws/install/moveit_core/lib/libmoveit_kinematics_metrics.so
[83.512s] -- Installing: /home/wzb/ros2ws/moveit_ws/install/moveit_core/lib/libmoveit_planning_interface.so.2.14.1
[83.512s] -- Set runtime path of "/home/wzb/ros2ws/moveit_ws/install/moveit_core/lib/libmoveit_planning_interface.so.2.14.1" to ""
[83.512s] -- Installing: /home/wzb/ros2ws/moveit_ws/install/moveit_core/lib/libmoveit_planning_interface.so
[83.512s] -- Installing: /home/wzb/ros2ws/moveit_ws/install/moveit_core/lib/libmoveit_planning_scene.so.2.14.1
[83.512s] -- Set runtime path of "/home/wzb/ros2ws/moveit_ws/install/moveit_core/lib/libmoveit_planning_scene.so.2.14.1" to ""
[83.512s] -- Installing: /home/wzb/ros2ws/moveit_ws/install/moveit_core/lib/libmoveit_planning_scene.so
[83.513s] -- Installing: /home/wzb/ros2ws/moveit_ws/install/moveit_core/lib/libmoveit_robot_model.so.2.14.1
[83.513s] -- Set runtime path of "/home/wzb/ros2ws/moveit_ws/install/moveit_core/lib/libmoveit_robot_model.so.2.14.1" to ""
[83.513s] -- Installing: /home/wzb/ros2ws/moveit_ws/install/moveit_core/lib/libmoveit_robot_model.so
[83.513s] -- Installing: /home/wzb/ros2ws/moveit_ws/install/moveit_core/lib/libmoveit_robot_state.so.2.14.1
[83.513s] -- Set runtime path of "/home/wzb/ros2ws/moveit_ws/install/moveit_core/lib/libmoveit_robot_state.so.2.14.1" to ""
[83.513s] -- Installing: /home/wzb/ros2ws/moveit_ws/install/moveit_core/lib/libmoveit_robot_state.so
[83.513s] -- Installing: /home/wzb/ros2ws/moveit_ws/install/moveit_core/lib/libmoveit_robot_trajectory.so.2.14.1
[83.514s] -- Set runtime path of "/home/wzb/ros2ws/moveit_ws/install/moveit_core/lib/libmoveit_robot_trajectory.so.2.14.1" to ""
[83.514s] -- Installing: /home/wzb/ros2ws/moveit_ws/install/moveit_core/lib/libmoveit_robot_trajectory.so
[83.514s] -- Installing: /home/wzb/ros2ws/moveit_ws/install/moveit_core/lib/libmoveit_smoothing_base.so.2.14.1
[83.514s] -- Set runtime path of "/home/wzb/ros2ws/moveit_ws/install/moveit_core/lib/libmoveit_smoothing_base.so.2.14.1" to ""
[83.514s] -- Installing: /home/wzb/ros2ws/moveit_ws/install/moveit_core/lib/libmoveit_smoothing_base.so
[83.514s] -- Installing: /home/wzb/ros2ws/moveit_ws/install/moveit_core/lib/libmoveit_test_utils.so.2.14.1
[83.514s] -- Set runtime path of "/home/wzb/ros2ws/moveit_ws/install/moveit_core/lib/libmoveit_test_utils.so.2.14.1" to ""
[83.514s] -- Installing: /home/wzb/ros2ws/moveit_ws/install/moveit_core/lib/libmoveit_test_utils.so
[83.514s] -- Installing: /home/wzb/ros2ws/moveit_ws/install/moveit_core/lib/libmoveit_trajectory_processing.so.2.14.1
[83.515s] -- Set runtime path of "/home/wzb/ros2ws/moveit_ws/install/moveit_core/lib/libmoveit_trajectory_processing.so.2.14.1" to ""
[83.515s] -- Installing: /home/wzb/ros2ws/moveit_ws/install/moveit_core/lib/libmoveit_trajectory_processing.so
[83.515s] -- Installing: /home/wzb/ros2ws/moveit_ws/install/moveit_core/lib/libmoveit_transforms.so.2.14.1
[83.515s] -- Set runtime path of "/home/wzb/ros2ws/moveit_ws/install/moveit_core/lib/libmoveit_transforms.so.2.14.1" to ""
[83.515s] -- Installing: /home/wzb/ros2ws/moveit_ws/install/moveit_core/lib/libmoveit_transforms.so
[83.515s] -- Installing: /home/wzb/ros2ws/moveit_ws/install/moveit_core/lib/libmoveit_utils.so.2.14.1
[83.515s] -- Set runtime path of "/home/wzb/ros2ws/moveit_ws/install/moveit_core/lib/libmoveit_utils.so.2.14.1" to ""
[83.515s] -- Installing: /home/wzb/ros2ws/moveit_ws/install/moveit_core/lib/libmoveit_utils.so
[83.515s] -- Installing: /home/wzb/ros2ws/moveit_ws/install/moveit_core/lib/libcollision_detector_bullet_plugin.so.2.14.1
[83.515s] -- Set runtime path of "/home/wzb/ros2ws/moveit_ws/install/moveit_core/lib/libcollision_detector_bullet_plugin.so.2.14.1" to ""
[83.515s] -- Installing: /home/wzb/ros2ws/moveit_ws/install/moveit_core/lib/libcollision_detector_bullet_plugin.so
[83.515s] -- Installing: /home/wzb/ros2ws/moveit_ws/install/moveit_core/lib/libcollision_detector_fcl_plugin.so.2.14.1
[83.515s] -- Set runtime path of "/home/wzb/ros2ws/moveit_ws/install/moveit_core/lib/libcollision_detector_fcl_plugin.so.2.14.1" to ""
[83.515s] -- Installing: /home/wzb/ros2ws/moveit_ws/install/moveit_core/lib/libcollision_detector_fcl_plugin.so
[83.515s] -- Installing: /home/wzb/ros2ws/moveit_ws/install/moveit_core/lib/libmoveit_acceleration_filter.so.2.14.1
[83.516s] -- Set runtime path of "/home/wzb/ros2ws/moveit_ws/install/moveit_core/lib/libmoveit_acceleration_filter.so.2.14.1" to ""
[83.516s] -- Installing: /home/wzb/ros2ws/moveit_ws/install/moveit_core/lib/libmoveit_acceleration_filter.so
[83.516s] -- Installing: /home/wzb/ros2ws/moveit_ws/install/moveit_core/lib/libmoveit_butterworth_filter.so.2.14.1
[83.516s] -- Set runtime path of "/home/wzb/ros2ws/moveit_ws/install/moveit_core/lib/libmoveit_butterworth_filter.so.2.14.1" to ""
[83.516s] -- Installing: /home/wzb/ros2ws/moveit_ws/install/moveit_core/lib/libmoveit_butterworth_filter.so
[83.516s] -- Installing: /home/wzb/ros2ws/moveit_ws/install/moveit_core/lib/libmoveit_ruckig_filter.so.2.14.1
[83.516s] -- Set runtime path of "/home/wzb/ros2ws/moveit_ws/install/moveit_core/lib/libmoveit_ruckig_filter.so.2.14.1" to ""
[83.516s] -- Installing: /home/wzb/ros2ws/moveit_ws/install/moveit_core/lib/libmoveit_ruckig_filter.so
[83.516s] -- Installing: /home/wzb/ros2ws/moveit_ws/install/moveit_core/share/moveit_core/environment/library_path.sh
[83.516s] -- Installing: /home/wzb/ros2ws/moveit_ws/install/moveit_core/share/moveit_core/environment/library_path.dsv
[83.516s] -- Installing: /home/wzb/ros2ws/moveit_ws/install/moveit_core/share/moveit_core/collision_detector_fcl_description.xml
[83.516s] -- Installing: /home/wzb/ros2ws/moveit_ws/install/moveit_core/share/moveit_core/collision_detector_bullet_description.xml
[83.516s] -- Installing: /home/wzb/ros2ws/moveit_ws/install/moveit_core/share/moveit_core/filter_plugin_acceleration.xml
[83.516s] -- Installing: /home/wzb/ros2ws/moveit_ws/install/moveit_core/share/moveit_core/filter_plugin_butterworth.xml
[83.516s] -- Installing: /home/wzb/ros2ws/moveit_ws/install/moveit_core/share/moveit_core/filter_plugin_ruckig.xml
[83.516s] -- Installing: /home/wzb/ros2ws/moveit_ws/install/moveit_core/share/ament_index/resource_index/package_run_dependencies/moveit_core
[83.516s] -- Installing: /home/wzb/ros2ws/moveit_ws/install/moveit_core/share/ament_index/resource_index/parent_prefix_path/moveit_core
[83.516s] -- Installing: /home/wzb/ros2ws/moveit_ws/install/moveit_core/share/moveit_core/environment/ament_prefix_path.sh
[83.517s] -- Installing: /home/wzb/ros2ws/moveit_ws/install/moveit_core/share/moveit_core/environment/ament_prefix_path.dsv
[83.517s] -- Installing: /home/wzb/ros2ws/moveit_ws/install/moveit_core/share/moveit_core/environment/path.sh
[83.517s] -- Installing: /home/wzb/ros2ws/moveit_ws/install/moveit_core/share/moveit_core/environment/path.dsv
[83.517s] -- Installing: /home/wzb/ros2ws/moveit_ws/install/moveit_core/share/moveit_core/local_setup.bash
[83.517s] -- Installing: /home/wzb/ros2ws/moveit_ws/install/moveit_core/share/moveit_core/local_setup.sh
[83.517s] -- Installing: /home/wzb/ros2ws/moveit_ws/install/moveit_core/share/moveit_core/local_setup.zsh
[83.517s] -- Installing: /home/wzb/ros2ws/moveit_ws/install/moveit_core/share/moveit_core/local_setup.dsv
[83.517s] -- Installing: /home/wzb/ros2ws/moveit_ws/install/moveit_core/share/moveit_core/package.dsv
[83.517s] -- Installing: /home/wzb/ros2ws/moveit_ws/install/moveit_core/share/ament_index/resource_index/packages/moveit_core
[83.517s] -- Installing: /home/wzb/ros2ws/moveit_ws/install/moveit_core/share/ament_index/resource_index/moveit_core__pluginlib__plugin/moveit_core
[83.517s] -- Installing: /home/wzb/ros2ws/moveit_ws/install/moveit_core/share/moveit_core/cmake/moveit_coreTargetsExport.cmake
[83.517s] -- Installing: /home/wzb/ros2ws/moveit_ws/install/moveit_core/share/moveit_core/cmake/moveit_coreTargetsExport-release.cmake
[83.517s] -- Installing: /home/wzb/ros2ws/moveit_ws/install/moveit_core/share/moveit_core/cmake/ConfigExtras.cmake
[83.517s] -- Installing: /home/wzb/ros2ws/moveit_ws/install/moveit_core/share/moveit_core/cmake/ament_cmake_export_targets-extras.cmake
[83.517s] -- Installing: /home/wzb/ros2ws/moveit_ws/install/moveit_core/share/moveit_core/cmake/ament_cmake_export_dependencies-extras.cmake
[83.517s] -- Installing: /home/wzb/ros2ws/moveit_ws/install/moveit_core/share/moveit_core/cmake/moveit_coreConfig.cmake
[83.517s] -- Installing: /home/wzb/ros2ws/moveit_ws/install/moveit_core/share/moveit_core/cmake/moveit_coreConfig-version.cmake
[83.517s] -- Installing: /home/wzb/ros2ws/moveit_ws/install/moveit_core/share/moveit_core/package.xml
[83.519s] Invoked command in '/home/wzb/ros2ws/moveit_ws/build/moveit_core' returned '0': AMENT_PREFIX_PATH=/home/wzb/ros2ws/moveit_ws/install/moveit_resources_panda_moveit_config:/home/wzb/ros2ws/moveit_ws/install/moveit_resources_pr2_description:/home/wzb/ros2ws/moveit_ws/install/moveit_resources_panda_description:/home/wzb/ros2ws/moveit_ws/install/moveit_msgs:/home/wzb/ros2ws/moveit_ws/install/moveit_common:${AMENT_PREFIX_PATH} CMAKE_PREFIX_PATH=/home/wzb/ros2ws/moveit_ws/install/moveit_resources_panda_moveit_config:/home/wzb/ros2ws/moveit_ws/install/moveit_resources_pr2_description:/home/wzb/ros2ws/moveit_ws/install/moveit_resources_panda_description:/home/wzb/ros2ws/moveit_ws/install/moveit_msgs:/home/wzb/ros2ws/moveit_ws/install/moveit_common:/opt/ros/humble LD_LIBRARY_PATH=/home/wzb/ros2ws/moveit_ws/install/moveit_msgs/lib:${LD_LIBRARY_PATH} PYTHONPATH=/home/wzb/ros2ws/moveit_ws/install/moveit_msgs/local/lib/python3.10/dist-packages:${PYTHONPATH} /usr/bin/cmake --install /home/wzb/ros2ws/moveit_ws/build/moveit_core
