-- Found moveit_common: 2.14.1 (/home/wzb/ros2ws/moveit_ws/install/moveit_common/share/moveit_common/cmake)
-- Found ament_cmake: 1.3.12 (/opt/ros/humble/share/ament_cmake/cmake)
-- Checking for module 'glut'
--   No package 'glut' found
-- Found cv_bridge: 3.2.1 (/opt/ros/humble/share/cv_bridge/cmake)
-- Found rosidl_generator_c: 3.1.7 (/opt/ros/humble/share/rosidl_generator_c/cmake)
-- Found rosidl_adapter: 3.1.7 (/opt/ros/humble/share/rosidl_adapter/cmake)
-- Found rosidl_generator_cpp: 3.1.7 (/opt/ros/humble/share/rosidl_generator_cpp/cmake)
-- Using all available rosidl_typesupport_c: rosidl_typesupport_fastrtps_c;rosidl_typesupport_introspection_c
-- Using all available rosidl_typesupport_cpp: rosidl_typesupport_fastrtps_cpp;rosidl_typesupport_introspection_cpp
-- Found moveit_core: 2.14.1 (/home/wzb/ros2ws/moveit_ws/install/moveit_core/share/moveit_core/cmake)
-- Found Boost: /usr/lib/x86_64-linux-gnu/cmake/Boost-1.74.0/BoostConfig.cmake (found version "1.74.0") found components: chrono date_time filesystem iostreams program_options regex serialization system thread 
-- Found parameter_traits: 0.5.0 (/opt/ros/humble/share/parameter_traits/cmake)
-- Found rmw_implementation_cmake: 6.1.2 (/opt/ros/humble/share/rmw_implementation_cmake/cmake)
-- Found rmw_fastrtps_cpp: 6.2.9 (/opt/ros/humble/share/rmw_fastrtps_cpp/cmake)
-- Using RMW implementation 'rmw_fastrtps_cpp' as default
-- Found rclcpp_lifecycle: 16.0.16 (/opt/ros/humble/share/rclcpp_lifecycle/cmake)
-- Found Boost: /usr/lib/x86_64-linux-gnu/cmake/Boost-1.74.0/BoostConfig.cmake (found version "1.74.0") found components: filesystem 
-- library: /usr/lib/x86_64-linux-gnu/libcurl.so
-- Ensuring Eigen3 include directory is part of orocos-kdl CMake target
-- Found image_transport: 3.1.12 (/opt/ros/humble/share/image_transport/cmake)
-- Found moveit_ros_occupancy_map_monitor: 2.14.1 (/home/wzb/ros2ws/moveit_ws/install/moveit_ros_occupancy_map_monitor/share/moveit_ros_occupancy_map_monitor/cmake)
-- Found Boost: /usr/lib/x86_64-linux-gnu/cmake/Boost-1.74.0/BoostConfig.cmake (found version "1.74.0") found components: thread 
-- Configuring done
-- Generating done
-- Build files have been written to: /home/wzb/ros2ws/moveit_ws/build/moveit_ros_perception
[35m[1mConsolidate compiler generated dependencies of target moveit_lazy_free_space_updater[0m
[35m[1mConsolidate compiler generated dependencies of target moveit_semantic_world[0m
[35m[1mConsolidate compiler generated dependencies of target moveit_mesh_filter[0m
[35m[1mConsolidate compiler generated dependencies of target moveit_point_containment_filter[0m
[ 10%] Built target moveit_lazy_free_space_updater
[ 40%] Built target moveit_mesh_filter
[ 50%] Built target moveit_semantic_world
[ 60%] Built target moveit_point_containment_filter
[35m[1mConsolidate compiler generated dependencies of target moveit_pointcloud_octomap_updater_core[0m
[35m[1mConsolidate compiler generated dependencies of target moveit_depth_image_octomap_updater_core[0m
[ 70%] Built target moveit_pointcloud_octomap_updater_core
[ 80%] Built target moveit_depth_image_octomap_updater_core
[35m[1mConsolidate compiler generated dependencies of target moveit_pointcloud_octomap_updater[0m
[35m[1mConsolidate compiler generated dependencies of target moveit_depth_image_octomap_updater[0m
[ 95%] Built target moveit_pointcloud_octomap_updater
[100%] Built target moveit_depth_image_octomap_updater
-- Install configuration: "Release"
-- Up-to-date: /home/wzb/ros2ws/moveit_ws/install/moveit_ros_perception/include/moveit_ros_perception
-- Up-to-date: /home/wzb/ros2ws/moveit_ws/install/moveit_ros_perception/include/moveit_ros_perception/moveit
-- Up-to-date: /home/wzb/ros2ws/moveit_ws/install/moveit_ros_perception/include/moveit_ros_perception/moveit/lazy_free_space_updater
-- Up-to-date: /home/wzb/ros2ws/moveit_ws/install/moveit_ros_perception/include/moveit_ros_perception/moveit/lazy_free_space_updater/lazy_free_space_updater.hpp
-- Up-to-date: /home/wzb/ros2ws/moveit_ws/install/moveit_ros_perception/include/moveit_ros_perception/moveit/lazy_free_space_updater/lazy_free_space_updater.h
-- Up-to-date: /home/wzb/ros2ws/moveit_ws/install/moveit_ros_perception/include/moveit_ros_perception
-- Up-to-date: /home/wzb/ros2ws/moveit_ws/install/moveit_ros_perception/include/moveit_ros_perception/moveit
-- Up-to-date: /home/wzb/ros2ws/moveit_ws/install/moveit_ros_perception/include/moveit_ros_perception/moveit/point_containment_filter
-- Up-to-date: /home/wzb/ros2ws/moveit_ws/install/moveit_ros_perception/include/moveit_ros_perception/moveit/point_containment_filter/shape_mask.h
-- Up-to-date: /home/wzb/ros2ws/moveit_ws/install/moveit_ros_perception/include/moveit_ros_perception/moveit/point_containment_filter/shape_mask.hpp
-- Up-to-date: /home/wzb/ros2ws/moveit_ws/install/moveit_ros_perception/include/moveit_ros_perception
-- Up-to-date: /home/wzb/ros2ws/moveit_ws/install/moveit_ros_perception/include/moveit_ros_perception/moveit
-- Up-to-date: /home/wzb/ros2ws/moveit_ws/install/moveit_ros_perception/include/moveit_ros_perception/moveit/pointcloud_octomap_updater
-- Up-to-date: /home/wzb/ros2ws/moveit_ws/install/moveit_ros_perception/include/moveit_ros_perception/moveit/pointcloud_octomap_updater/pointcloud_octomap_updater.hpp
-- Up-to-date: /home/wzb/ros2ws/moveit_ws/install/moveit_ros_perception/include/moveit_ros_perception/moveit/pointcloud_octomap_updater/pointcloud_octomap_updater.h
-- Up-to-date: /home/wzb/ros2ws/moveit_ws/install/moveit_ros_perception/include/moveit_ros_perception
-- Up-to-date: /home/wzb/ros2ws/moveit_ws/install/moveit_ros_perception/include/moveit_ros_perception/moveit
-- Up-to-date: /home/wzb/ros2ws/moveit_ws/install/moveit_ros_perception/include/moveit_ros_perception/moveit/mesh_filter
-- Up-to-date: /home/wzb/ros2ws/moveit_ws/install/moveit_ros_perception/include/moveit_ros_perception/moveit/mesh_filter/stereo_camera_model.hpp
-- Up-to-date: /home/wzb/ros2ws/moveit_ws/install/moveit_ros_perception/include/moveit_ros_perception/moveit/mesh_filter/mesh_filter.h
-- Up-to-date: /home/wzb/ros2ws/moveit_ws/install/moveit_ros_perception/include/moveit_ros_perception/moveit/mesh_filter/gl_renderer.hpp
-- Up-to-date: /home/wzb/ros2ws/moveit_ws/install/moveit_ros_perception/include/moveit_ros_perception/moveit/mesh_filter/stereo_camera_model.h
-- Up-to-date: /home/wzb/ros2ws/moveit_ws/install/moveit_ros_perception/include/moveit_ros_perception/moveit/mesh_filter/mesh_filter.hpp
-- Up-to-date: /home/wzb/ros2ws/moveit_ws/install/moveit_ros_perception/include/moveit_ros_perception/moveit/mesh_filter/gl_renderer.h
-- Up-to-date: /home/wzb/ros2ws/moveit_ws/install/moveit_ros_perception/include/moveit_ros_perception/moveit/mesh_filter/sensor_model.h
-- Up-to-date: /home/wzb/ros2ws/moveit_ws/install/moveit_ros_perception/include/moveit_ros_perception/moveit/mesh_filter/gl_mesh.h
-- Up-to-date: /home/wzb/ros2ws/moveit_ws/install/moveit_ros_perception/include/moveit_ros_perception/moveit/mesh_filter/depth_self_filter_nodelet.hpp
-- Up-to-date: /home/wzb/ros2ws/moveit_ws/install/moveit_ros_perception/include/moveit_ros_perception/moveit/mesh_filter/filter_job.h
-- Up-to-date: /home/wzb/ros2ws/moveit_ws/install/moveit_ros_perception/include/moveit_ros_perception/moveit/mesh_filter/sensor_model.hpp
-- Up-to-date: /home/wzb/ros2ws/moveit_ws/install/moveit_ros_perception/include/moveit_ros_perception/moveit/mesh_filter/transform_provider.h
-- Up-to-date: /home/wzb/ros2ws/moveit_ws/install/moveit_ros_perception/include/moveit_ros_perception/moveit/mesh_filter/filter_job.hpp
-- Up-to-date: /home/wzb/ros2ws/moveit_ws/install/moveit_ros_perception/include/moveit_ros_perception/moveit/mesh_filter/gl_mesh.hpp
-- Up-to-date: /home/wzb/ros2ws/moveit_ws/install/moveit_ros_perception/include/moveit_ros_perception/moveit/mesh_filter/mesh_filter_base.hpp
-- Up-to-date: /home/wzb/ros2ws/moveit_ws/install/moveit_ros_perception/include/moveit_ros_perception/moveit/mesh_filter/transform_provider.hpp
-- Up-to-date: /home/wzb/ros2ws/moveit_ws/install/moveit_ros_perception/include/moveit_ros_perception/moveit/mesh_filter/depth_self_filter_nodelet.h
-- Up-to-date: /home/wzb/ros2ws/moveit_ws/install/moveit_ros_perception/include/moveit_ros_perception/moveit/mesh_filter/mesh_filter_base.h
-- Up-to-date: /home/wzb/ros2ws/moveit_ws/install/moveit_ros_perception/include/moveit_ros_perception/moveit_mesh_filter_export.h
-- Up-to-date: /home/wzb/ros2ws/moveit_ws/install/moveit_ros_perception/include/moveit_ros_perception
-- Up-to-date: /home/wzb/ros2ws/moveit_ws/install/moveit_ros_perception/include/moveit_ros_perception/moveit
-- Up-to-date: /home/wzb/ros2ws/moveit_ws/install/moveit_ros_perception/include/moveit_ros_perception/moveit/depth_image_octomap_updater
-- Up-to-date: /home/wzb/ros2ws/moveit_ws/install/moveit_ros_perception/include/moveit_ros_perception/moveit/depth_image_octomap_updater/depth_image_octomap_updater.hpp
-- Up-to-date: /home/wzb/ros2ws/moveit_ws/install/moveit_ros_perception/include/moveit_ros_perception/moveit/depth_image_octomap_updater/depth_image_octomap_updater.h
-- Up-to-date: /home/wzb/ros2ws/moveit_ws/install/moveit_ros_perception/include/moveit_ros_perception
-- Up-to-date: /home/wzb/ros2ws/moveit_ws/install/moveit_ros_perception/include/moveit_ros_perception/moveit
-- Up-to-date: /home/wzb/ros2ws/moveit_ws/install/moveit_ros_perception/include/moveit_ros_perception/moveit/semantic_world
-- Up-to-date: /home/wzb/ros2ws/moveit_ws/install/moveit_ros_perception/include/moveit_ros_perception/moveit/semantic_world/semantic_world.h
-- Up-to-date: /home/wzb/ros2ws/moveit_ws/install/moveit_ros_perception/include/moveit_ros_perception/moveit/semantic_world/semantic_world.hpp
-- Up-to-date: /home/wzb/ros2ws/moveit_ws/install/moveit_ros_perception/lib/libmoveit_depth_image_octomap_updater.so.2.14.1
-- Up-to-date: /home/wzb/ros2ws/moveit_ws/install/moveit_ros_perception/lib/libmoveit_depth_image_octomap_updater.so
-- Up-to-date: /home/wzb/ros2ws/moveit_ws/install/moveit_ros_perception/lib/libmoveit_depth_image_octomap_updater_core.so.2.14.1
-- Up-to-date: /home/wzb/ros2ws/moveit_ws/install/moveit_ros_perception/lib/libmoveit_depth_image_octomap_updater_core.so
-- Up-to-date: /home/wzb/ros2ws/moveit_ws/install/moveit_ros_perception/lib/libmoveit_lazy_free_space_updater.so.2.14.1
-- Up-to-date: /home/wzb/ros2ws/moveit_ws/install/moveit_ros_perception/lib/libmoveit_lazy_free_space_updater.so
-- Up-to-date: /home/wzb/ros2ws/moveit_ws/install/moveit_ros_perception/lib/libmoveit_mesh_filter.so.2.14.1
-- Up-to-date: /home/wzb/ros2ws/moveit_ws/install/moveit_ros_perception/lib/libmoveit_mesh_filter.so
-- Up-to-date: /home/wzb/ros2ws/moveit_ws/install/moveit_ros_perception/lib/libmoveit_point_containment_filter.so.2.14.1
-- Up-to-date: /home/wzb/ros2ws/moveit_ws/install/moveit_ros_perception/lib/libmoveit_point_containment_filter.so
-- Up-to-date: /home/wzb/ros2ws/moveit_ws/install/moveit_ros_perception/lib/libmoveit_pointcloud_octomap_updater.so.2.14.1
-- Up-to-date: /home/wzb/ros2ws/moveit_ws/install/moveit_ros_perception/lib/libmoveit_pointcloud_octomap_updater.so
-- Up-to-date: /home/wzb/ros2ws/moveit_ws/install/moveit_ros_perception/lib/libmoveit_pointcloud_octomap_updater_core.so.2.14.1
-- Up-to-date: /home/wzb/ros2ws/moveit_ws/install/moveit_ros_perception/lib/libmoveit_pointcloud_octomap_updater_core.so
-- Up-to-date: /home/wzb/ros2ws/moveit_ws/install/moveit_ros_perception/lib/libmoveit_semantic_world.so.2.14.1
-- Up-to-date: /home/wzb/ros2ws/moveit_ws/install/moveit_ros_perception/lib/libmoveit_semantic_world.so
-- Up-to-date: /home/wzb/ros2ws/moveit_ws/install/moveit_ros_perception/share/moveit_ros_perception/environment/library_path.sh
-- Installing: /home/wzb/ros2ws/moveit_ws/install/moveit_ros_perception/share/moveit_ros_perception/environment/library_path.dsv
-- Up-to-date: /home/wzb/ros2ws/moveit_ws/install/moveit_ros_perception/share/moveit_ros_perception/pointcloud_octomap_updater_plugin_description.xml
-- Up-to-date: /home/wzb/ros2ws/moveit_ws/install/moveit_ros_perception/share/moveit_ros_perception/depth_image_octomap_updater_plugin_description.xml
-- Up-to-date: /home/wzb/ros2ws/moveit_ws/install/moveit_ros_perception/share/ament_index/resource_index/package_run_dependencies/moveit_ros_perception
-- Installing: /home/wzb/ros2ws/moveit_ws/install/moveit_ros_perception/share/ament_index/resource_index/parent_prefix_path/moveit_ros_perception
-- Up-to-date: /home/wzb/ros2ws/moveit_ws/install/moveit_ros_perception/share/moveit_ros_perception/environment/ament_prefix_path.sh
-- Installing: /home/wzb/ros2ws/moveit_ws/install/moveit_ros_perception/share/moveit_ros_perception/environment/ament_prefix_path.dsv
-- Up-to-date: /home/wzb/ros2ws/moveit_ws/install/moveit_ros_perception/share/moveit_ros_perception/environment/path.sh
-- Installing: /home/wzb/ros2ws/moveit_ws/install/moveit_ros_perception/share/moveit_ros_perception/environment/path.dsv
-- Up-to-date: /home/wzb/ros2ws/moveit_ws/install/moveit_ros_perception/share/moveit_ros_perception/local_setup.bash
-- Up-to-date: /home/wzb/ros2ws/moveit_ws/install/moveit_ros_perception/share/moveit_ros_perception/local_setup.sh
-- Up-to-date: /home/wzb/ros2ws/moveit_ws/install/moveit_ros_perception/share/moveit_ros_perception/local_setup.zsh
-- Installing: /home/wzb/ros2ws/moveit_ws/install/moveit_ros_perception/share/moveit_ros_perception/local_setup.dsv
-- Installing: /home/wzb/ros2ws/moveit_ws/install/moveit_ros_perception/share/moveit_ros_perception/package.dsv
-- Up-to-date: /home/wzb/ros2ws/moveit_ws/install/moveit_ros_perception/share/ament_index/resource_index/packages/moveit_ros_perception
-- Up-to-date: /home/wzb/ros2ws/moveit_ws/install/moveit_ros_perception/share/ament_index/resource_index/moveit_ros_occupancy_map_monitor__pluginlib__plugin/moveit_ros_perception
-- Up-to-date: /home/wzb/ros2ws/moveit_ws/install/moveit_ros_perception/share/moveit_ros_perception/cmake/moveit_ros_perceptionTargetsExport.cmake
-- Up-to-date: /home/wzb/ros2ws/moveit_ws/install/moveit_ros_perception/share/moveit_ros_perception/cmake/moveit_ros_perceptionTargetsExport-release.cmake
-- Up-to-date: /home/wzb/ros2ws/moveit_ws/install/moveit_ros_perception/share/moveit_ros_perception/cmake/ConfigExtras.cmake
-- Up-to-date: /home/wzb/ros2ws/moveit_ws/install/moveit_ros_perception/share/moveit_ros_perception/cmake/ament_cmake_export_targets-extras.cmake
-- Up-to-date: /home/wzb/ros2ws/moveit_ws/install/moveit_ros_perception/share/moveit_ros_perception/cmake/ament_cmake_export_dependencies-extras.cmake
-- Up-to-date: /home/wzb/ros2ws/moveit_ws/install/moveit_ros_perception/share/moveit_ros_perception/cmake/moveit_ros_perceptionConfig.cmake
-- Up-to-date: /home/wzb/ros2ws/moveit_ws/install/moveit_ros_perception/share/moveit_ros_perception/cmake/moveit_ros_perceptionConfig-version.cmake
-- Up-to-date: /home/wzb/ros2ws/moveit_ws/install/moveit_ros_perception/share/moveit_ros_perception/package.xml
