[0.010s] Invoking command in '/home/wzb/ros2ws/coffee_ws/build/coffee_detect': CMAKE_PREFIX_PATH=${CMAKE_PREFIX_PATH}:/home/wzb/ros2ws/moveit_ws/install/moveit_configs_utils:/home/wzb/ros2ws/my_piper_ros/install/piper:/opt/ros/humble /usr/bin/cmake --build /home/wzb/ros2ws/coffee_ws/build/coffee_detect -- -j20 -l20
[0.058s] Built target ament_cmake_python_copy_coffee_detect
[0.187s] running egg_info
[0.187s] writing coffee_detect.egg-info/PKG-INFO
[0.187s] writing dependency_links to coffee_detect.egg-info/dependency_links.txt
[0.187s] writing top-level names to coffee_detect.egg-info/top_level.txt
[0.188s] reading manifest file 'coffee_detect.egg-info/SOURCES.txt'
[0.189s] writing manifest file 'coffee_detect.egg-info/SOURCES.txt'
[0.206s] Built target ament_cmake_python_build_coffee_detect_egg
[0.214s] Invoked command in '/home/wzb/ros2ws/coffee_ws/build/coffee_detect' returned '0': CMAKE_PREFIX_PATH=${CMAKE_PREFIX_PATH}:/home/wzb/ros2ws/moveit_ws/install/moveit_configs_utils:/home/wzb/ros2ws/my_piper_ros/install/piper:/opt/ros/humble /usr/bin/cmake --build /home/wzb/ros2ws/coffee_ws/build/coffee_detect -- -j20 -l20
[0.222s] Invoking command in '/home/wzb/ros2ws/coffee_ws/build/coffee_detect': CMAKE_PREFIX_PATH=${CMAKE_PREFIX_PATH}:/home/wzb/ros2ws/moveit_ws/install/moveit_configs_utils:/home/wzb/ros2ws/my_piper_ros/install/piper:/opt/ros/humble /usr/bin/cmake --install /home/wzb/ros2ws/coffee_ws/build/coffee_detect
[0.227s] -- Install configuration: ""
[0.227s] -- Up-to-date: /home/wzb/ros2ws/coffee_ws/install/coffee_detect/share/coffee_detect/environment/pythonpath.sh
[0.227s] -- Up-to-date: /home/wzb/ros2ws/coffee_ws/install/coffee_detect/share/coffee_detect/environment/pythonpath.dsv
[0.227s] -- Up-to-date: /home/wzb/ros2ws/coffee_ws/install/coffee_detect/local/lib/python3.10/dist-packages/coffee_detect-0.1.0-py3.10.egg-info
[0.227s] -- Installing: /home/wzb/ros2ws/coffee_ws/install/coffee_detect/local/lib/python3.10/dist-packages/coffee_detect-0.1.0-py3.10.egg-info/dependency_links.txt
[0.228s] -- Installing: /home/wzb/ros2ws/coffee_ws/install/coffee_detect/local/lib/python3.10/dist-packages/coffee_detect-0.1.0-py3.10.egg-info/SOURCES.txt
[0.228s] -- Installing: /home/wzb/ros2ws/coffee_ws/install/coffee_detect/local/lib/python3.10/dist-packages/coffee_detect-0.1.0-py3.10.egg-info/PKG-INFO
[0.228s] -- Installing: /home/wzb/ros2ws/coffee_ws/install/coffee_detect/local/lib/python3.10/dist-packages/coffee_detect-0.1.0-py3.10.egg-info/top_level.txt
[0.228s] -- Up-to-date: /home/wzb/ros2ws/coffee_ws/install/coffee_detect/local/lib/python3.10/dist-packages/coffee_detect
[0.228s] -- Up-to-date: /home/wzb/ros2ws/coffee_ws/install/coffee_detect/local/lib/python3.10/dist-packages/coffee_detect/coffee.py
[0.228s] -- Up-to-date: /home/wzb/ros2ws/coffee_ws/install/coffee_detect/local/lib/python3.10/dist-packages/coffee_detect/__init__.py
[0.248s] Listing '/home/wzb/ros2ws/coffee_ws/install/coffee_detect/local/lib/python3.10/dist-packages/coffee_detect'...
[0.250s] -- Up-to-date: /home/wzb/ros2ws/coffee_ws/install/coffee_detect/share/coffee_detect/launch
[0.250s] -- Up-to-date: /home/wzb/ros2ws/coffee_ws/install/coffee_detect/share/coffee_detect/launch/coffee.launch.py
[0.250s] -- Up-to-date: /home/wzb/ros2ws/coffee_ws/install/coffee_detect/share/coffee_detect/config
[0.250s] -- Installing: /home/wzb/ros2ws/coffee_ws/install/coffee_detect/share/coffee_detect/config/params.yaml
[0.250s] -- Up-to-date: /home/wzb/ros2ws/coffee_ws/install/coffee_detect/lib/coffee_detect/coffee.py
[0.250s] -- Up-to-date: /home/wzb/ros2ws/coffee_ws/install/coffee_detect/share/ament_index/resource_index/package_run_dependencies/coffee_detect
[0.250s] -- Up-to-date: /home/wzb/ros2ws/coffee_ws/install/coffee_detect/share/ament_index/resource_index/parent_prefix_path/coffee_detect
[0.250s] -- Up-to-date: /home/wzb/ros2ws/coffee_ws/install/coffee_detect/share/coffee_detect/environment/ament_prefix_path.sh
[0.250s] -- Up-to-date: /home/wzb/ros2ws/coffee_ws/install/coffee_detect/share/coffee_detect/environment/ament_prefix_path.dsv
[0.250s] -- Up-to-date: /home/wzb/ros2ws/coffee_ws/install/coffee_detect/share/coffee_detect/environment/path.sh
[0.250s] -- Up-to-date: /home/wzb/ros2ws/coffee_ws/install/coffee_detect/share/coffee_detect/environment/path.dsv
[0.250s] -- Up-to-date: /home/wzb/ros2ws/coffee_ws/install/coffee_detect/share/coffee_detect/local_setup.bash
[0.250s] -- Up-to-date: /home/wzb/ros2ws/coffee_ws/install/coffee_detect/share/coffee_detect/local_setup.sh
[0.250s] -- Up-to-date: /home/wzb/ros2ws/coffee_ws/install/coffee_detect/share/coffee_detect/local_setup.zsh
[0.250s] -- Up-to-date: /home/wzb/ros2ws/coffee_ws/install/coffee_detect/share/coffee_detect/local_setup.dsv
[0.250s] -- Installing: /home/wzb/ros2ws/coffee_ws/install/coffee_detect/share/coffee_detect/package.dsv
[0.251s] -- Up-to-date: /home/wzb/ros2ws/coffee_ws/install/coffee_detect/share/ament_index/resource_index/packages/coffee_detect
[0.251s] -- Up-to-date: /home/wzb/ros2ws/coffee_ws/install/coffee_detect/share/coffee_detect/cmake/coffee_detectConfig.cmake
[0.251s] -- Up-to-date: /home/wzb/ros2ws/coffee_ws/install/coffee_detect/share/coffee_detect/cmake/coffee_detectConfig-version.cmake
[0.251s] -- Up-to-date: /home/wzb/ros2ws/coffee_ws/install/coffee_detect/share/coffee_detect/package.xml
[0.252s] Invoked command in '/home/wzb/ros2ws/coffee_ws/build/coffee_detect' returned '0': CMAKE_PREFIX_PATH=${CMAKE_PREFIX_PATH}:/home/wzb/ros2ws/moveit_ws/install/moveit_configs_utils:/home/wzb/ros2ws/my_piper_ros/install/piper:/opt/ros/humble /usr/bin/cmake --install /home/wzb/ros2ws/coffee_ws/build/coffee_detect
