[0.091s] DEBUG:colcon:Command line arguments: ['/usr/bin/colcon', 'build']
[0.091s] DEBUG:colcon:Parsed command line arguments: Namespace(log_base=None, log_level=None, verb_name='build', build_base='build', install_base='install', merge_install=False, symlink_install=False, test_result_base=None, continue_on_error=False, executor='parallel', parallel_workers=20, event_handlers=None, ignore_user_meta=False, metas=['./colcon.meta'], base_paths=['.'], packages_ignore=None, packages_ignore_regex=None, paths=None, packages_up_to=None, packages_up_to_regex=None, packages_above=None, packages_above_and_dependencies=None, packages_above_depth=None, packages_select_by_dep=None, packages_skip_by_dep=None, packages_skip_up_to=None, packages_select_build_failed=False, packages_skip_build_finished=False, packages_select_test_failures=False, packages_skip_test_passed=False, packages_select=None, packages_skip=None, packages_select_regex=None, packages_skip_regex=None, packages_start=None, packages_end=None, allow_overriding=[], cmake_args=None, cmake_target=None, cmake_target_skip_unavailable=False, cmake_clean_cache=False, cmake_clean_first=False, cmake_force_configure=False, ament_cmake_args=None, catkin_cmake_args=None, catkin_skip_building_tests=False, verb_parser=<colcon_defaults.argument_parser.defaults.DefaultArgumentsDecorator object at 0x79e75944db10>, verb_extension=<colcon_core.verb.build.BuildVerb object at 0x79e75953f550>, main=<bound method BuildVerb.main of <colcon_core.verb.build.BuildVerb object at 0x79e75953f550>>)
[0.195s] Level 1:colcon.colcon_core.package_discovery:discover_packages(colcon_meta) check parameters
[0.195s] Level 1:colcon.colcon_core.package_discovery:discover_packages(recursive) check parameters
[0.195s] Level 1:colcon.colcon_core.package_discovery:discover_packages(ignore) check parameters
[0.195s] Level 1:colcon.colcon_core.package_discovery:discover_packages(path) check parameters
[0.196s] Level 1:colcon.colcon_core.package_discovery:discover_packages(colcon_meta) discover
[0.196s] Level 1:colcon.colcon_core.package_discovery:discover_packages(recursive) discover
[0.196s] INFO:colcon.colcon_core.package_discovery:Crawling recursively for packages in '/home/wzb/ros2ws/coffee_ws'
[0.196s] Level 1:colcon.colcon_core.package_identification:_identify(.) by extensions ['ignore', 'ignore_ament_install']
[0.196s] Level 1:colcon.colcon_core.package_identification:_identify(.) by extension 'ignore'
[0.196s] Level 1:colcon.colcon_core.package_identification:_identify(.) by extension 'ignore_ament_install'
[0.196s] Level 1:colcon.colcon_core.package_identification:_identify(.) by extensions ['colcon_pkg']
[0.196s] Level 1:colcon.colcon_core.package_identification:_identify(.) by extension 'colcon_pkg'
[0.196s] Level 1:colcon.colcon_core.package_identification:_identify(.) by extensions ['colcon_meta']
[0.196s] Level 1:colcon.colcon_core.package_identification:_identify(.) by extension 'colcon_meta'
[0.196s] Level 1:colcon.colcon_core.package_identification:_identify(.) by extensions ['ros']
[0.196s] Level 1:colcon.colcon_core.package_identification:_identify(.) by extension 'ros'
[0.203s] Level 1:colcon.colcon_core.package_identification:_identify(.) by extensions ['cmake', 'python']
[0.203s] Level 1:colcon.colcon_core.package_identification:_identify(.) by extension 'cmake'
[0.203s] Level 1:colcon.colcon_core.package_identification:_identify(.) by extension 'python'
[0.203s] Level 1:colcon.colcon_core.package_identification:_identify(.) by extensions ['python_setup_py']
[0.203s] Level 1:colcon.colcon_core.package_identification:_identify(.) by extension 'python_setup_py'
[0.203s] Level 1:colcon.colcon_core.package_identification:_identify(build) by extensions ['ignore', 'ignore_ament_install']
[0.203s] Level 1:colcon.colcon_core.package_identification:_identify(build) by extension 'ignore'
[0.203s] Level 1:colcon.colcon_core.package_identification:_identify(build) ignored
[0.203s] Level 1:colcon.colcon_core.package_identification:_identify(install) by extensions ['ignore', 'ignore_ament_install']
[0.203s] Level 1:colcon.colcon_core.package_identification:_identify(install) by extension 'ignore'
[0.203s] Level 1:colcon.colcon_core.package_identification:_identify(install) ignored
[0.204s] Level 1:colcon.colcon_core.package_identification:_identify(log) by extensions ['ignore', 'ignore_ament_install']
[0.204s] Level 1:colcon.colcon_core.package_identification:_identify(log) by extension 'ignore'
[0.204s] Level 1:colcon.colcon_core.package_identification:_identify(log) ignored
[0.204s] Level 1:colcon.colcon_core.package_identification:_identify(src) by extensions ['ignore', 'ignore_ament_install']
[0.204s] Level 1:colcon.colcon_core.package_identification:_identify(src) by extension 'ignore'
[0.204s] Level 1:colcon.colcon_core.package_identification:_identify(src) by extension 'ignore_ament_install'
[0.204s] Level 1:colcon.colcon_core.package_identification:_identify(src) by extensions ['colcon_pkg']
[0.204s] Level 1:colcon.colcon_core.package_identification:_identify(src) by extension 'colcon_pkg'
[0.204s] Level 1:colcon.colcon_core.package_identification:_identify(src) by extensions ['colcon_meta']
[0.204s] Level 1:colcon.colcon_core.package_identification:_identify(src) by extension 'colcon_meta'
[0.204s] Level 1:colcon.colcon_core.package_identification:_identify(src) by extensions ['ros']
[0.204s] Level 1:colcon.colcon_core.package_identification:_identify(src) by extension 'ros'
[0.204s] Level 1:colcon.colcon_core.package_identification:_identify(src) by extensions ['cmake', 'python']
[0.204s] Level 1:colcon.colcon_core.package_identification:_identify(src) by extension 'cmake'
[0.204s] Level 1:colcon.colcon_core.package_identification:_identify(src) by extension 'python'
[0.204s] Level 1:colcon.colcon_core.package_identification:_identify(src) by extensions ['python_setup_py']
[0.204s] Level 1:colcon.colcon_core.package_identification:_identify(src) by extension 'python_setup_py'
[0.204s] Level 1:colcon.colcon_core.package_identification:_identify(src/coffee_detect) by extensions ['ignore', 'ignore_ament_install']
[0.204s] Level 1:colcon.colcon_core.package_identification:_identify(src/coffee_detect) by extension 'ignore'
[0.204s] Level 1:colcon.colcon_core.package_identification:_identify(src/coffee_detect) by extension 'ignore_ament_install'
[0.204s] Level 1:colcon.colcon_core.package_identification:_identify(src/coffee_detect) by extensions ['colcon_pkg']
[0.204s] Level 1:colcon.colcon_core.package_identification:_identify(src/coffee_detect) by extension 'colcon_pkg'
[0.204s] Level 1:colcon.colcon_core.package_identification:_identify(src/coffee_detect) by extensions ['colcon_meta']
[0.204s] Level 1:colcon.colcon_core.package_identification:_identify(src/coffee_detect) by extension 'colcon_meta'
[0.204s] Level 1:colcon.colcon_core.package_identification:_identify(src/coffee_detect) by extensions ['ros']
[0.204s] Level 1:colcon.colcon_core.package_identification:_identify(src/coffee_detect) by extension 'ros'
[0.206s] DEBUG:colcon.colcon_core.package_identification:Package 'src/coffee_detect' with type 'ros.ament_cmake' and name 'coffee_detect'
[0.206s] Level 1:colcon.colcon_core.package_discovery:discover_packages(recursive) using defaults
[0.206s] Level 1:colcon.colcon_core.package_discovery:discover_packages(ignore) discover
[0.206s] Level 1:colcon.colcon_core.package_discovery:discover_packages(ignore) using defaults
[0.206s] Level 1:colcon.colcon_core.package_discovery:discover_packages(path) discover
[0.206s] Level 1:colcon.colcon_core.package_discovery:discover_packages(path) using defaults
[0.221s] Level 1:colcon.colcon_core.package_discovery:discover_packages(prefix_path) check parameters
[0.221s] Level 1:colcon.colcon_core.package_discovery:discover_packages(prefix_path) discover
[0.229s] DEBUG:colcon.colcon_installed_package_information.package_discovery:Found 4 installed packages in /home/wzb/ros2ws/trac_ws/install
[0.229s] DEBUG:colcon.colcon_installed_package_information.package_discovery:Found 3 installed packages in /home/wzb/ros2ws/orbbec_ws/install
[0.229s] DEBUG:colcon.colcon_installed_package_information.package_discovery:Found 8 installed packages in /home/wzb/ros2ws/my_piper_ros/install
[0.230s] DEBUG:colcon.colcon_installed_package_information.package_discovery:Found 49 installed packages in /home/wzb/ros2ws/moveit_ws/install
[0.231s] DEBUG:colcon.colcon_installed_package_information.package_discovery:Found 344 installed packages in /opt/ros/humble
[0.232s] Level 1:colcon.colcon_core.package_discovery:discover_packages(prefix_path) using defaults
[0.259s] Level 5:colcon.colcon_core.verb:set package 'coffee_detect' build argument 'cmake_args' from command line to 'None'
[0.259s] Level 5:colcon.colcon_core.verb:set package 'coffee_detect' build argument 'cmake_target' from command line to 'None'
[0.259s] Level 5:colcon.colcon_core.verb:set package 'coffee_detect' build argument 'cmake_target_skip_unavailable' from command line to 'False'
[0.259s] Level 5:colcon.colcon_core.verb:set package 'coffee_detect' build argument 'cmake_clean_cache' from command line to 'False'
[0.259s] Level 5:colcon.colcon_core.verb:set package 'coffee_detect' build argument 'cmake_clean_first' from command line to 'False'
[0.259s] Level 5:colcon.colcon_core.verb:set package 'coffee_detect' build argument 'cmake_force_configure' from command line to 'False'
[0.259s] Level 5:colcon.colcon_core.verb:set package 'coffee_detect' build argument 'ament_cmake_args' from command line to 'None'
[0.259s] Level 5:colcon.colcon_core.verb:set package 'coffee_detect' build argument 'catkin_cmake_args' from command line to 'None'
[0.259s] Level 5:colcon.colcon_core.verb:set package 'coffee_detect' build argument 'catkin_skip_building_tests' from command line to 'False'
[0.259s] DEBUG:colcon.colcon_core.verb:Building package 'coffee_detect' with the following arguments: {'ament_cmake_args': None, 'build_base': '/home/wzb/ros2ws/coffee_ws/build/coffee_detect', 'catkin_cmake_args': None, 'catkin_skip_building_tests': False, 'cmake_args': None, 'cmake_clean_cache': False, 'cmake_clean_first': False, 'cmake_force_configure': False, 'cmake_target': None, 'cmake_target_skip_unavailable': False, 'install_base': '/home/wzb/ros2ws/coffee_ws/install/coffee_detect', 'merge_install': False, 'path': '/home/wzb/ros2ws/coffee_ws/src/coffee_detect', 'symlink_install': False, 'test_result_base': None}
[0.260s] INFO:colcon.colcon_core.executor:Executing jobs using 'parallel' executor
[0.260s] DEBUG:colcon.colcon_parallel_executor.executor.parallel:run_until_complete
[0.260s] INFO:colcon.colcon_ros.task.ament_cmake.build:Building ROS package in '/home/wzb/ros2ws/coffee_ws/src/coffee_detect' with build type 'ament_cmake'
[0.260s] INFO:colcon.colcon_cmake.task.cmake.build:Building CMake package in '/home/wzb/ros2ws/coffee_ws/src/coffee_detect'
[0.262s] INFO:colcon.colcon_core.plugin_system:Skipping extension 'colcon_core.shell.bat': Not used on non-Windows systems
[0.262s] INFO:colcon.colcon_core.shell:Skip shell extension 'powershell' for command environment: Not usable outside of PowerShell
[0.262s] DEBUG:colcon.colcon_core.shell:Skip shell extension 'dsv' for command environment
[0.270s] DEBUG:colcon.colcon_core.event_handler.log_command:Invoking command in '/home/wzb/ros2ws/coffee_ws/build/coffee_detect': CMAKE_PREFIX_PATH=${CMAKE_PREFIX_PATH}:/home/wzb/ros2ws/moveit_ws/install/moveit_configs_utils:/home/wzb/ros2ws/my_piper_ros/install/piper:/opt/ros/humble /usr/bin/cmake /home/wzb/ros2ws/coffee_ws/src/coffee_detect -DCMAKE_INSTALL_PREFIX=/home/wzb/ros2ws/coffee_ws/install/coffee_detect
[0.826s] DEBUG:colcon.colcon_core.event_handler.log_command:Invoked command in '/home/wzb/ros2ws/coffee_ws/build/coffee_detect' returned '0': CMAKE_PREFIX_PATH=${CMAKE_PREFIX_PATH}:/home/wzb/ros2ws/moveit_ws/install/moveit_configs_utils:/home/wzb/ros2ws/my_piper_ros/install/piper:/opt/ros/humble /usr/bin/cmake /home/wzb/ros2ws/coffee_ws/src/coffee_detect -DCMAKE_INSTALL_PREFIX=/home/wzb/ros2ws/coffee_ws/install/coffee_detect
[0.828s] DEBUG:colcon.colcon_core.event_handler.log_command:Invoking command in '/home/wzb/ros2ws/coffee_ws/build/coffee_detect': CMAKE_PREFIX_PATH=${CMAKE_PREFIX_PATH}:/home/wzb/ros2ws/moveit_ws/install/moveit_configs_utils:/home/wzb/ros2ws/my_piper_ros/install/piper:/opt/ros/humble /usr/bin/cmake --build /home/wzb/ros2ws/coffee_ws/build/coffee_detect -- -j20 -l20
[1.035s] DEBUG:colcon.colcon_core.event_handler.log_command:Invoked command in '/home/wzb/ros2ws/coffee_ws/build/coffee_detect' returned '0': CMAKE_PREFIX_PATH=${CMAKE_PREFIX_PATH}:/home/wzb/ros2ws/moveit_ws/install/moveit_configs_utils:/home/wzb/ros2ws/my_piper_ros/install/piper:/opt/ros/humble /usr/bin/cmake --build /home/wzb/ros2ws/coffee_ws/build/coffee_detect -- -j20 -l20
[1.041s] DEBUG:colcon.colcon_core.event_handler.log_command:Invoking command in '/home/wzb/ros2ws/coffee_ws/build/coffee_detect': CMAKE_PREFIX_PATH=${CMAKE_PREFIX_PATH}:/home/wzb/ros2ws/moveit_ws/install/moveit_configs_utils:/home/wzb/ros2ws/my_piper_ros/install/piper:/opt/ros/humble /usr/bin/cmake --install /home/wzb/ros2ws/coffee_ws/build/coffee_detect
[1.073s] Level 1:colcon.colcon_core.environment:create_environment_scripts_only(coffee_detect)
[1.073s] DEBUG:colcon.colcon_core.event_handler.log_command:Invoked command in '/home/wzb/ros2ws/coffee_ws/build/coffee_detect' returned '0': CMAKE_PREFIX_PATH=${CMAKE_PREFIX_PATH}:/home/wzb/ros2ws/moveit_ws/install/moveit_configs_utils:/home/wzb/ros2ws/my_piper_ros/install/piper:/opt/ros/humble /usr/bin/cmake --install /home/wzb/ros2ws/coffee_ws/build/coffee_detect
[1.075s] Level 1:colcon.colcon_core.environment:checking '/home/wzb/ros2ws/coffee_ws/install/coffee_detect' for CMake module files
[1.076s] Level 1:colcon.colcon_core.environment:checking '/home/wzb/ros2ws/coffee_ws/install/coffee_detect' for CMake config files
[1.076s] Level 1:colcon.colcon_core.shell:create_environment_hook('coffee_detect', 'cmake_prefix_path')
[1.076s] INFO:colcon.colcon_core.shell:Creating environment hook '/home/wzb/ros2ws/coffee_ws/install/coffee_detect/share/coffee_detect/hook/cmake_prefix_path.ps1'
[1.076s] INFO:colcon.colcon_core.shell:Creating environment descriptor '/home/wzb/ros2ws/coffee_ws/install/coffee_detect/share/coffee_detect/hook/cmake_prefix_path.dsv'
[1.077s] INFO:colcon.colcon_core.shell:Creating environment hook '/home/wzb/ros2ws/coffee_ws/install/coffee_detect/share/coffee_detect/hook/cmake_prefix_path.sh'
[1.077s] Level 1:colcon.colcon_core.environment:checking '/home/wzb/ros2ws/coffee_ws/install/coffee_detect/lib'
[1.077s] Level 1:colcon.colcon_core.environment:checking '/home/wzb/ros2ws/coffee_ws/install/coffee_detect/bin'
[1.077s] Level 1:colcon.colcon_core.environment:checking '/home/wzb/ros2ws/coffee_ws/install/coffee_detect/lib/pkgconfig/coffee_detect.pc'
[1.077s] Level 1:colcon.colcon_core.environment:checking '/home/wzb/ros2ws/coffee_ws/install/coffee_detect/lib/python3.10/site-packages'
[1.078s] Level 1:colcon.colcon_core.environment:checking '/home/wzb/ros2ws/coffee_ws/install/coffee_detect/bin'
[1.078s] INFO:colcon.colcon_core.shell:Creating package script '/home/wzb/ros2ws/coffee_ws/install/coffee_detect/share/coffee_detect/package.ps1'
[1.078s] INFO:colcon.colcon_core.shell:Creating package descriptor '/home/wzb/ros2ws/coffee_ws/install/coffee_detect/share/coffee_detect/package.dsv'
[1.078s] INFO:colcon.colcon_core.shell:Creating package script '/home/wzb/ros2ws/coffee_ws/install/coffee_detect/share/coffee_detect/package.sh'
[1.079s] INFO:colcon.colcon_core.shell:Creating package script '/home/wzb/ros2ws/coffee_ws/install/coffee_detect/share/coffee_detect/package.bash'
[1.079s] INFO:colcon.colcon_core.shell:Creating package script '/home/wzb/ros2ws/coffee_ws/install/coffee_detect/share/coffee_detect/package.zsh'
[1.080s] Level 1:colcon.colcon_core.environment:create_file_with_runtime_dependencies(/home/wzb/ros2ws/coffee_ws/install/coffee_detect/share/colcon-core/packages/coffee_detect)
[1.080s] Level 1:colcon.colcon_core.environment:create_environment_scripts_only(coffee_detect)
[1.080s] Level 1:colcon.colcon_core.environment:checking '/home/wzb/ros2ws/coffee_ws/install/coffee_detect' for CMake module files
[1.080s] Level 1:colcon.colcon_core.environment:checking '/home/wzb/ros2ws/coffee_ws/install/coffee_detect' for CMake config files
[1.080s] Level 1:colcon.colcon_core.shell:create_environment_hook('coffee_detect', 'cmake_prefix_path')
[1.081s] INFO:colcon.colcon_core.shell:Creating environment hook '/home/wzb/ros2ws/coffee_ws/install/coffee_detect/share/coffee_detect/hook/cmake_prefix_path.ps1'
[1.081s] INFO:colcon.colcon_core.shell:Creating environment descriptor '/home/wzb/ros2ws/coffee_ws/install/coffee_detect/share/coffee_detect/hook/cmake_prefix_path.dsv'
[1.081s] INFO:colcon.colcon_core.shell:Creating environment hook '/home/wzb/ros2ws/coffee_ws/install/coffee_detect/share/coffee_detect/hook/cmake_prefix_path.sh'
[1.081s] Level 1:colcon.colcon_core.environment:checking '/home/wzb/ros2ws/coffee_ws/install/coffee_detect/lib'
[1.081s] Level 1:colcon.colcon_core.environment:checking '/home/wzb/ros2ws/coffee_ws/install/coffee_detect/bin'
[1.081s] Level 1:colcon.colcon_core.environment:checking '/home/wzb/ros2ws/coffee_ws/install/coffee_detect/lib/pkgconfig/coffee_detect.pc'
[1.081s] Level 1:colcon.colcon_core.environment:checking '/home/wzb/ros2ws/coffee_ws/install/coffee_detect/lib/python3.10/site-packages'
[1.081s] Level 1:colcon.colcon_core.environment:checking '/home/wzb/ros2ws/coffee_ws/install/coffee_detect/bin'
[1.082s] INFO:colcon.colcon_core.shell:Creating package script '/home/wzb/ros2ws/coffee_ws/install/coffee_detect/share/coffee_detect/package.ps1'
[1.082s] INFO:colcon.colcon_core.shell:Creating package descriptor '/home/wzb/ros2ws/coffee_ws/install/coffee_detect/share/coffee_detect/package.dsv'
[1.082s] INFO:colcon.colcon_core.shell:Creating package script '/home/wzb/ros2ws/coffee_ws/install/coffee_detect/share/coffee_detect/package.sh'
[1.082s] INFO:colcon.colcon_core.shell:Creating package script '/home/wzb/ros2ws/coffee_ws/install/coffee_detect/share/coffee_detect/package.bash'
[1.082s] INFO:colcon.colcon_core.shell:Creating package script '/home/wzb/ros2ws/coffee_ws/install/coffee_detect/share/coffee_detect/package.zsh'
[1.083s] Level 1:colcon.colcon_core.environment:create_file_with_runtime_dependencies(/home/wzb/ros2ws/coffee_ws/install/coffee_detect/share/colcon-core/packages/coffee_detect)
[1.083s] DEBUG:colcon.colcon_parallel_executor.executor.parallel:closing loop
[1.083s] DEBUG:colcon.colcon_parallel_executor.executor.parallel:loop closed
[1.083s] DEBUG:colcon.colcon_parallel_executor.executor.parallel:run_until_complete finished with '0'
[1.083s] DEBUG:colcon.colcon_core.event_reactor:joining thread
[1.086s] INFO:colcon.colcon_core.plugin_system:Skipping extension 'colcon_notification.desktop_notification.terminal_notifier': Not used on non-Darwin systems
[1.086s] INFO:colcon.colcon_core.plugin_system:Skipping extension 'colcon_notification.desktop_notification.win32': Not used on non-Windows systems
[1.086s] INFO:colcon.colcon_notification.desktop_notification:Sending desktop notification using 'notify2'
[1.096s] DEBUG:colcon.colcon_core.event_reactor:joined thread
[1.097s] INFO:colcon.colcon_core.shell:Creating prefix script '/home/wzb/ros2ws/coffee_ws/install/local_setup.ps1'
[1.097s] INFO:colcon.colcon_core.shell:Creating prefix util module '/home/wzb/ros2ws/coffee_ws/install/_local_setup_util_ps1.py'
[1.098s] INFO:colcon.colcon_core.shell:Creating prefix chain script '/home/wzb/ros2ws/coffee_ws/install/setup.ps1'
[1.100s] INFO:colcon.colcon_core.shell:Creating prefix script '/home/wzb/ros2ws/coffee_ws/install/local_setup.sh'
[1.100s] INFO:colcon.colcon_core.shell:Creating prefix util module '/home/wzb/ros2ws/coffee_ws/install/_local_setup_util_sh.py'
[1.100s] INFO:colcon.colcon_core.shell:Creating prefix chain script '/home/wzb/ros2ws/coffee_ws/install/setup.sh'
[1.102s] INFO:colcon.colcon_core.shell:Creating prefix script '/home/wzb/ros2ws/coffee_ws/install/local_setup.bash'
[1.102s] INFO:colcon.colcon_core.shell:Creating prefix chain script '/home/wzb/ros2ws/coffee_ws/install/setup.bash'
[1.103s] INFO:colcon.colcon_core.shell:Creating prefix script '/home/wzb/ros2ws/coffee_ws/install/local_setup.zsh'
[1.104s] INFO:colcon.colcon_core.shell:Creating prefix chain script '/home/wzb/ros2ws/coffee_ws/install/setup.zsh'
