[0.008s] Invoking command in '/home/wzb/ros2ws/moveit_ws/build/dual_arm_panda_moveit_config': AMENT_PREFIX_PATH=/home/wzb/ros2ws/moveit_ws/install/moveit_resources_panda_description:${AMENT_PREFIX_PATH} CMAKE_PREFIX_PATH=/home/wzb/ros2ws/moveit_ws/install/moveit_resources_panda_description:/opt/ros/humble /usr/bin/cmake /home/wzb/ros2ws/moveit_ws/src/moveit_resources/dual_arm_panda_moveit_config -DCMAKE_BUILD_TYPE=Release -DCMAKE_INSTALL_PREFIX=/home/wzb/ros2ws/moveit_ws/install/dual_arm_panda_moveit_config
[0.037s] -- The C compiler identification is GNU 11.4.0
[0.065s] -- The CXX compiler identification is GNU 11.4.0
[0.069s] -- Detecting C compiler ABI info
[0.103s] -- Detecting C compiler ABI info - done
[0.107s] -- Check for working C compiler: /usr/bin/cc - skipped
[0.107s] -- Detecting C compile features
[0.107s] -- Detecting C compile features - done
[0.109s] -- Detecting CXX compiler ABI info
[0.148s] -- Detecting CXX compiler ABI info - done
[0.153s] -- Check for working CXX compiler: /usr/bin/c++ - skipped
[0.154s] -- Detecting CXX compile features
[0.154s] -- Detecting CXX compile features - done
[0.155s] -- Found ament_cmake: 1.3.12 (/opt/ros/humble/share/ament_cmake/cmake)
[0.235s] -- Found Python3: /usr/bin/python3 (found version "3.10.12") found components: Interpreter 
[0.313s] -- Configuring done
[0.314s] -- Generating done
[0.335s] -- Build files have been written to: /home/wzb/ros2ws/moveit_ws/build/dual_arm_panda_moveit_config
[0.337s] Invoked command in '/home/wzb/ros2ws/moveit_ws/build/dual_arm_panda_moveit_config' returned '0': AMENT_PREFIX_PATH=/home/wzb/ros2ws/moveit_ws/install/moveit_resources_panda_description:${AMENT_PREFIX_PATH} CMAKE_PREFIX_PATH=/home/wzb/ros2ws/moveit_ws/install/moveit_resources_panda_description:/opt/ros/humble /usr/bin/cmake /home/wzb/ros2ws/moveit_ws/src/moveit_resources/dual_arm_panda_moveit_config -DCMAKE_BUILD_TYPE=Release -DCMAKE_INSTALL_PREFIX=/home/wzb/ros2ws/moveit_ws/install/dual_arm_panda_moveit_config
[0.338s] Invoking command in '/home/wzb/ros2ws/moveit_ws/build/dual_arm_panda_moveit_config': AMENT_PREFIX_PATH=/home/wzb/ros2ws/moveit_ws/install/moveit_resources_panda_description:${AMENT_PREFIX_PATH} CMAKE_PREFIX_PATH=/home/wzb/ros2ws/moveit_ws/install/moveit_resources_panda_description:/opt/ros/humble /usr/bin/cmake --build /home/wzb/ros2ws/moveit_ws/build/dual_arm_panda_moveit_config -- -j20 -l20
[0.355s] Invoked command in '/home/wzb/ros2ws/moveit_ws/build/dual_arm_panda_moveit_config' returned '0': AMENT_PREFIX_PATH=/home/wzb/ros2ws/moveit_ws/install/moveit_resources_panda_description:${AMENT_PREFIX_PATH} CMAKE_PREFIX_PATH=/home/wzb/ros2ws/moveit_ws/install/moveit_resources_panda_description:/opt/ros/humble /usr/bin/cmake --build /home/wzb/ros2ws/moveit_ws/build/dual_arm_panda_moveit_config -- -j20 -l20
[0.355s] Invoking command in '/home/wzb/ros2ws/moveit_ws/build/dual_arm_panda_moveit_config': AMENT_PREFIX_PATH=/home/wzb/ros2ws/moveit_ws/install/moveit_resources_panda_description:${AMENT_PREFIX_PATH} CMAKE_PREFIX_PATH=/home/wzb/ros2ws/moveit_ws/install/moveit_resources_panda_description:/opt/ros/humble /usr/bin/cmake --install /home/wzb/ros2ws/moveit_ws/build/dual_arm_panda_moveit_config
[0.359s] -- Install configuration: "Release"
[0.359s] -- Installing: /home/wzb/ros2ws/moveit_ws/install/dual_arm_panda_moveit_config/share/ament_index/resource_index/package_run_dependencies/dual_arm_panda_moveit_config
[0.359s] -- Installing: /home/wzb/ros2ws/moveit_ws/install/dual_arm_panda_moveit_config/share/ament_index/resource_index/parent_prefix_path/dual_arm_panda_moveit_config
[0.359s] -- Installing: /home/wzb/ros2ws/moveit_ws/install/dual_arm_panda_moveit_config/share/dual_arm_panda_moveit_config/environment/ament_prefix_path.sh
[0.359s] -- Installing: /home/wzb/ros2ws/moveit_ws/install/dual_arm_panda_moveit_config/share/dual_arm_panda_moveit_config/environment/ament_prefix_path.dsv
[0.359s] -- Installing: /home/wzb/ros2ws/moveit_ws/install/dual_arm_panda_moveit_config/share/dual_arm_panda_moveit_config/environment/path.sh
[0.359s] -- Installing: /home/wzb/ros2ws/moveit_ws/install/dual_arm_panda_moveit_config/share/dual_arm_panda_moveit_config/environment/path.dsv
[0.359s] -- Installing: /home/wzb/ros2ws/moveit_ws/install/dual_arm_panda_moveit_config/share/dual_arm_panda_moveit_config/local_setup.bash
[0.359s] -- Installing: /home/wzb/ros2ws/moveit_ws/install/dual_arm_panda_moveit_config/share/dual_arm_panda_moveit_config/local_setup.sh
[0.359s] -- Installing: /home/wzb/ros2ws/moveit_ws/install/dual_arm_panda_moveit_config/share/dual_arm_panda_moveit_config/local_setup.zsh
[0.359s] -- Installing: /home/wzb/ros2ws/moveit_ws/install/dual_arm_panda_moveit_config/share/dual_arm_panda_moveit_config/local_setup.dsv
[0.359s] -- Installing: /home/wzb/ros2ws/moveit_ws/install/dual_arm_panda_moveit_config/share/dual_arm_panda_moveit_config/package.dsv
[0.359s] -- Installing: /home/wzb/ros2ws/moveit_ws/install/dual_arm_panda_moveit_config/share/ament_index/resource_index/packages/dual_arm_panda_moveit_config
[0.359s] -- Installing: /home/wzb/ros2ws/moveit_ws/install/dual_arm_panda_moveit_config/share/dual_arm_panda_moveit_config/cmake/dual_arm_panda_moveit_configConfig.cmake
[0.359s] -- Installing: /home/wzb/ros2ws/moveit_ws/install/dual_arm_panda_moveit_config/share/dual_arm_panda_moveit_config/cmake/dual_arm_panda_moveit_configConfig-version.cmake
[0.359s] -- Installing: /home/wzb/ros2ws/moveit_ws/install/dual_arm_panda_moveit_config/share/dual_arm_panda_moveit_config/package.xml
[0.359s] -- Installing: /home/wzb/ros2ws/moveit_ws/install/dual_arm_panda_moveit_config/share/dual_arm_panda_moveit_config/launch
[0.359s] -- Installing: /home/wzb/ros2ws/moveit_ws/install/dual_arm_panda_moveit_config/share/dual_arm_panda_moveit_config/launch/demo.launch.py
[0.359s] -- Installing: /home/wzb/ros2ws/moveit_ws/install/dual_arm_panda_moveit_config/share/dual_arm_panda_moveit_config/launch/moveit.rviz
[0.360s] -- Installing: /home/wzb/ros2ws/moveit_ws/install/dual_arm_panda_moveit_config/share/dual_arm_panda_moveit_config/config
[0.360s] -- Installing: /home/wzb/ros2ws/moveit_ws/install/dual_arm_panda_moveit_config/share/dual_arm_panda_moveit_config/config/ompl_planning.yaml
[0.360s] -- Installing: /home/wzb/ros2ws/moveit_ws/install/dual_arm_panda_moveit_config/share/dual_arm_panda_moveit_config/config/panda.srdf
[0.360s] -- Installing: /home/wzb/ros2ws/moveit_ws/install/dual_arm_panda_moveit_config/share/dual_arm_panda_moveit_config/config/joint_limits.yaml
[0.360s] -- Installing: /home/wzb/ros2ws/moveit_ws/install/dual_arm_panda_moveit_config/share/dual_arm_panda_moveit_config/config/pilz_cartesian_limits.yaml
[0.360s] -- Installing: /home/wzb/ros2ws/moveit_ws/install/dual_arm_panda_moveit_config/share/dual_arm_panda_moveit_config/config/panda_arm_macro.xacro
[0.360s] -- Installing: /home/wzb/ros2ws/moveit_ws/install/dual_arm_panda_moveit_config/share/dual_arm_panda_moveit_config/config/left_initial_positions.yaml
[0.360s] -- Installing: /home/wzb/ros2ws/moveit_ws/install/dual_arm_panda_moveit_config/share/dual_arm_panda_moveit_config/config/right_initial_positions.yaml
[0.360s] -- Installing: /home/wzb/ros2ws/moveit_ws/install/dual_arm_panda_moveit_config/share/dual_arm_panda_moveit_config/config/ros2_controllers.yaml
[0.360s] -- Installing: /home/wzb/ros2ws/moveit_ws/install/dual_arm_panda_moveit_config/share/dual_arm_panda_moveit_config/config/panda.urdf.xacro
[0.360s] -- Installing: /home/wzb/ros2ws/moveit_ws/install/dual_arm_panda_moveit_config/share/dual_arm_panda_moveit_config/config/moveit_controllers.yaml
[0.360s] -- Installing: /home/wzb/ros2ws/moveit_ws/install/dual_arm_panda_moveit_config/share/dual_arm_panda_moveit_config/config/kinematics.yaml
[0.360s] -- Installing: /home/wzb/ros2ws/moveit_ws/install/dual_arm_panda_moveit_config/share/dual_arm_panda_moveit_config/config/panda_hand.ros2_control.xacro
[0.360s] -- Installing: /home/wzb/ros2ws/moveit_ws/install/dual_arm_panda_moveit_config/share/dual_arm_panda_moveit_config/config/hand.xacro
[0.360s] -- Installing: /home/wzb/ros2ws/moveit_ws/install/dual_arm_panda_moveit_config/share/dual_arm_panda_moveit_config/config/panda.ros2_control.xacro
[0.362s] Invoked command in '/home/wzb/ros2ws/moveit_ws/build/dual_arm_panda_moveit_config' returned '0': AMENT_PREFIX_PATH=/home/wzb/ros2ws/moveit_ws/install/moveit_resources_panda_description:${AMENT_PREFIX_PATH} CMAKE_PREFIX_PATH=/home/wzb/ros2ws/moveit_ws/install/moveit_resources_panda_description:/opt/ros/humble /usr/bin/cmake --install /home/wzb/ros2ws/moveit_ws/build/dual_arm_panda_moveit_config
