Built target ament_cmake_python_copy_coffee_detect
running egg_info
writing coffee_detect.egg-info/PKG-INFO
writing dependency_links to coffee_detect.egg-info/dependency_links.txt
writing top-level names to coffee_detect.egg-info/top_level.txt
reading manifest file 'coffee_detect.egg-info/SOURCES.txt'
writing manifest file 'coffee_detect.egg-info/SOURCES.txt'
Built target ament_cmake_python_build_coffee_detect_egg
-- Install configuration: ""
-- Up-to-date: /home/wzb/ros2ws/coffee_ws/install/coffee_detect/share/coffee_detect/environment/pythonpath.sh
-- Up-to-date: /home/wzb/ros2ws/coffee_ws/install/coffee_detect/share/coffee_detect/environment/pythonpath.dsv
-- Up-to-date: /home/wzb/ros2ws/coffee_ws/install/coffee_detect/local/lib/python3.10/dist-packages/coffee_detect-0.1.0-py3.10.egg-info
-- Installing: /home/wzb/ros2ws/coffee_ws/install/coffee_detect/local/lib/python3.10/dist-packages/coffee_detect-0.1.0-py3.10.egg-info/dependency_links.txt
-- Installing: /home/wzb/ros2ws/coffee_ws/install/coffee_detect/local/lib/python3.10/dist-packages/coffee_detect-0.1.0-py3.10.egg-info/SOURCES.txt
-- Installing: /home/wzb/ros2ws/coffee_ws/install/coffee_detect/local/lib/python3.10/dist-packages/coffee_detect-0.1.0-py3.10.egg-info/PKG-INFO
-- Installing: /home/wzb/ros2ws/coffee_ws/install/coffee_detect/local/lib/python3.10/dist-packages/coffee_detect-0.1.0-py3.10.egg-info/top_level.txt
-- Up-to-date: /home/wzb/ros2ws/coffee_ws/install/coffee_detect/local/lib/python3.10/dist-packages/coffee_detect
-- Up-to-date: /home/wzb/ros2ws/coffee_ws/install/coffee_detect/local/lib/python3.10/dist-packages/coffee_detect/coffee.py
-- Up-to-date: /home/wzb/ros2ws/coffee_ws/install/coffee_detect/local/lib/python3.10/dist-packages/coffee_detect/__init__.py
Listing '/home/wzb/ros2ws/coffee_ws/install/coffee_detect/local/lib/python3.10/dist-packages/coffee_detect'...
-- Up-to-date: /home/wzb/ros2ws/coffee_ws/install/coffee_detect/share/coffee_detect/launch
-- Up-to-date: /home/wzb/ros2ws/coffee_ws/install/coffee_detect/share/coffee_detect/launch/coffee.launch.py
-- Up-to-date: /home/wzb/ros2ws/coffee_ws/install/coffee_detect/share/coffee_detect/config
-- Up-to-date: /home/wzb/ros2ws/coffee_ws/install/coffee_detect/share/coffee_detect/config/params.yaml
-- Up-to-date: /home/wzb/ros2ws/coffee_ws/install/coffee_detect/lib/coffee_detect/coffee.py
-- Up-to-date: /home/wzb/ros2ws/coffee_ws/install/coffee_detect/share/ament_index/resource_index/package_run_dependencies/coffee_detect
-- Up-to-date: /home/wzb/ros2ws/coffee_ws/install/coffee_detect/share/ament_index/resource_index/parent_prefix_path/coffee_detect
-- Up-to-date: /home/wzb/ros2ws/coffee_ws/install/coffee_detect/share/coffee_detect/environment/ament_prefix_path.sh
-- Up-to-date: /home/wzb/ros2ws/coffee_ws/install/coffee_detect/share/coffee_detect/environment/ament_prefix_path.dsv
-- Up-to-date: /home/wzb/ros2ws/coffee_ws/install/coffee_detect/share/coffee_detect/environment/path.sh
-- Up-to-date: /home/wzb/ros2ws/coffee_ws/install/coffee_detect/share/coffee_detect/environment/path.dsv
-- Up-to-date: /home/wzb/ros2ws/coffee_ws/install/coffee_detect/share/coffee_detect/local_setup.bash
-- Up-to-date: /home/wzb/ros2ws/coffee_ws/install/coffee_detect/share/coffee_detect/local_setup.sh
-- Up-to-date: /home/wzb/ros2ws/coffee_ws/install/coffee_detect/share/coffee_detect/local_setup.zsh
-- Up-to-date: /home/wzb/ros2ws/coffee_ws/install/coffee_detect/share/coffee_detect/local_setup.dsv
-- Up-to-date: /home/wzb/ros2ws/coffee_ws/install/coffee_detect/share/coffee_detect/package.dsv
-- Up-to-date: /home/wzb/ros2ws/coffee_ws/install/coffee_detect/share/ament_index/resource_index/packages/coffee_detect
-- Up-to-date: /home/wzb/ros2ws/coffee_ws/install/coffee_detect/share/coffee_detect/cmake/coffee_detectConfig.cmake
-- Up-to-date: /home/wzb/ros2ws/coffee_ws/install/coffee_detect/share/coffee_detect/cmake/coffee_detectConfig-version.cmake
-- Up-to-date: /home/wzb/ros2ws/coffee_ws/install/coffee_detect/share/coffee_detect/package.xml
