-- Found moveit_common: 2.14.1 (/home/wzb/ros2ws/moveit_ws/install/moveit_common/share/moveit_common/cmake)
-- Found ament_cmake: 1.3.12 (/opt/ros/humble/share/ament_cmake/cmake)
-- Found class_loader: 2.2.0 (/opt/ros/humble/share/class_loader/cmake)
-- Found geometric_shapes: 2.3.2 (/opt/ros/humble/share/geometric_shapes/cmake)
-- Found Boost: /usr/lib/x86_64-linux-gnu/cmake/Boost-1.74.0/BoostConfig.cmake (found version "1.74.0") found components: filesystem 
-- Found rosidl_generator_c: 3.1.7 (/opt/ros/humble/share/rosidl_generator_c/cmake)
-- Found rosidl_adapter: 3.1.7 (/opt/ros/humble/share/rosidl_adapter/cmake)
-- Found rosidl_generator_cpp: 3.1.7 (/opt/ros/humble/share/rosidl_generator_cpp/cmake)
-- Using all available rosidl_typesupport_c: rosidl_typesupport_fastrtps_c;rosidl_typesupport_introspection_c
-- Using all available rosidl_typesupport_cpp: rosidl_typesupport_fastrtps_cpp;rosidl_typesupport_introspection_cpp
-- Found rmw_implementation_cmake: 6.1.2 (/opt/ros/humble/share/rmw_implementation_cmake/cmake)
-- Found rmw_fastrtps_cpp: 6.2.9 (/opt/ros/humble/share/rmw_fastrtps_cpp/cmake)
-- Using RMW implementation 'rmw_fastrtps_cpp' as default
-- library: /usr/lib/x86_64-linux-gnu/libcurl.so
-- Found interactive_markers: 2.3.2 (/opt/ros/humble/share/interactive_markers/cmake)
-- Found moveit_ros_planning: 2.14.1 (/home/wzb/ros2ws/moveit_ws/install/moveit_ros_planning/share/moveit_ros_planning/cmake)
-- Found Boost: /usr/lib/x86_64-linux-gnu/cmake/Boost-1.74.0/BoostConfig.cmake (found version "1.74.0") found components: system filesystem date_time program_options thread chrono 
-- Found parameter_traits: 0.5.0 (/opt/ros/humble/share/parameter_traits/cmake)
-- Found rclcpp_lifecycle: 16.0.16 (/opt/ros/humble/share/rclcpp_lifecycle/cmake)
-- Found Boost: /usr/lib/x86_64-linux-gnu/cmake/Boost-1.74.0/BoostConfig.cmake (found version "1.74.0") found components: chrono date_time filesystem iostreams program_options regex serialization system thread 
-- Ensuring Eigen3 include directory is part of orocos-kdl CMake target
-- Found moveit_ros_planning_interface: 2.14.1 (/home/wzb/ros2ws/moveit_ws/install/moveit_ros_planning_interface/share/moveit_ros_planning_interface/cmake)
-- Found Boost: /usr/lib/x86_64-linux-gnu/cmake/Boost-1.74.0/BoostConfig.cmake (found version "1.74.0") found components: date_time filesystem program_options system thread 
-- Found Boost: /usr/lib/x86_64-linux-gnu/cmake/Boost-1.74.0/BoostConfig.cmake (found version "1.74.0") found components: thread system filesystem regex date_time program_options 
-- Found Boost: /usr/lib/x86_64-linux-gnu/cmake/Boost-1.74.0/BoostConfig.cmake (found version "1.74.0") found components: system filesystem date_time program_options thread 
-- Found moveit_ros_robot_interaction: 2.14.1 (/home/wzb/ros2ws/moveit_ws/install/moveit_ros_robot_interaction/share/moveit_ros_robot_interaction/cmake)
-- Found rclpy: 3.3.19 (/opt/ros/humble/share/rclpy/cmake)
-- Found rviz2: 11.2.23 (/opt/ros/humble/share/rviz2/cmake)
-- Found rviz_common: 11.2.23 (/opt/ros/humble/share/rviz_common/cmake)
-- Setting assimp_DIR to: '/opt/ros/humble/share/rviz_assimp_vendor/cmake/../../../opt/rviz_assimp_vendor/lib/cmake/assimp-4.1'
-- Setting OGRE_DIR to: '/opt/ros/humble/share/rviz_ogre_vendor/cmake/../../../opt/rviz_ogre_vendor/lib/OGRE/cmake'
-- Found OGRE
--   static     : OFF
--   components : HLMS;MeshLodGenerator;Overlay;Paging;Property;RTShaderSystem;Terrain;Volume
--   plugins    : Plugin_BSPSceneManager;Plugin_OctreeSceneManager;Plugin_PCZSceneManager;Plugin_ParticleFX;RenderSystem_GL;RenderSystem_GL3Plus;Codec_STBI
--   media      : /opt/ros/humble/opt/rviz_ogre_vendor/share/OGRE/Media
-- OGRE_LIBRARIES: OgreHLMS;OgreMeshLodGenerator;OgreOverlay;OgrePaging;OgreProperty;OgreRTShaderSystem;OgreTerrain;OgreVolume;OgreMain
-- OGRE_LIBRARY_DIRS: /opt/ros/humble/opt/rviz_ogre_vendor/lib
-- OGRE_PLUGINS: Plugin_BSPSceneManager;Plugin_OctreeSceneManager;Plugin_PCZSceneManager;Plugin_ParticleFX;RenderSystem_GL;RenderSystem_GL3Plus;Codec_STBI
-- OGRE_PLUGIN_DIR: /opt/ros/humble/opt/rviz_ogre_vendor/lib/OGRE
-- rviz_ogre_vendor::OgreOverlay for IMPORTED_LOCATION_RELEASE: /opt/ros/humble/opt/rviz_ogre_vendor/lib/libOgreOverlay.so
-- rviz_ogre_vendor::OgreOverlay for IMPORTED_LOCATION_DEBUG: /opt/ros/humble/opt/rviz_ogre_vendor/lib/libOgreOverlay.so
-- rviz_ogre_vendor::OgreMain for IMPORTED_LOCATION_RELEASE: /opt/ros/humble/opt/rviz_ogre_vendor/lib/libOgreMain.so
-- rviz_ogre_vendor::OgreMain for IMPORTED_LOCATION_DEBUG: /opt/ros/humble/opt/rviz_ogre_vendor/lib/libOgreMain.so
-- Could not find freeimage library
-- Found rviz_default_plugins: 11.2.23 (/opt/ros/humble/share/rviz_default_plugins/cmake)
-- Found Boost: /usr/lib/x86_64-linux-gnu/cmake/Boost-1.74.0/BoostConfig.cmake (found version "1.74.0") found components: thread date_time system filesystem 
-- Configuring done
-- Generating done
-- Build files have been written to: /home/wzb/ros2ws/moveit_ws/build/moveit_ros_visualization
[  1%] [34m[1mAutomatic MOC for target moveit_rviz_plugin_render_tools[0m
[  1%] Built target moveit_rviz_plugin_render_tools_autogen
[35m[1mConsolidate compiler generated dependencies of target moveit_rviz_plugin_render_tools[0m
[ 18%] Built target moveit_rviz_plugin_render_tools
[ 20%] [34m[1mAutomatic MOC for target moveit_robot_state_rviz_plugin_core[0m
[ 22%] [34m[1mAutomatic MOC for target moveit_planning_scene_rviz_plugin_core[0m
[ 22%] Built target moveit_robot_state_rviz_plugin_core_autogen
[35m[1mConsolidate compiler generated dependencies of target moveit_robot_state_rviz_plugin_core[0m
[ 22%] Built target moveit_planning_scene_rviz_plugin_core_autogen
[35m[1mConsolidate compiler generated dependencies of target moveit_planning_scene_rviz_plugin_core[0m
[ 27%] Built target moveit_robot_state_rviz_plugin_core
[ 29%] [34m[1mAutomatic MOC for target moveit_robot_state_rviz_plugin[0m
[ 31%] [32m[1mLinking CXX shared library libmoveit_planning_scene_rviz_plugin_core.so[0m
[ 31%] Built target moveit_robot_state_rviz_plugin_autogen
[35m[1mConsolidate compiler generated dependencies of target moveit_robot_state_rviz_plugin[0m
[ 36%] Built target moveit_robot_state_rviz_plugin
[ 41%] Built target moveit_planning_scene_rviz_plugin_core
[ 44%] [34m[1mAutomatic MOC for target moveit_trajectory_rviz_plugin_core[0m
[ 44%] [34m[1mAutomatic MOC for target moveit_planning_scene_rviz_plugin[0m
[ 44%] Built target moveit_planning_scene_rviz_plugin_autogen
[ 44%] Built target moveit_trajectory_rviz_plugin_core_autogen
[35m[1mConsolidate compiler generated dependencies of target moveit_planning_scene_rviz_plugin[0m
[35m[1mConsolidate compiler generated dependencies of target moveit_trajectory_rviz_plugin_core[0m
[ 48%] [32m[1mLinking CXX shared library libmoveit_trajectory_rviz_plugin_core.so[0m
[ 48%] [32m[1mLinking CXX shared library libmoveit_planning_scene_rviz_plugin.so[0m
[ 51%] Built target moveit_planning_scene_rviz_plugin
[ 53%] [34m[1mAutomatic MOC for target moveit_motion_planning_rviz_plugin_core[0m
[ 53%] Built target moveit_motion_planning_rviz_plugin_core_autogen
[ 56%] Built target moveit_trajectory_rviz_plugin_core
[35m[1mConsolidate compiler generated dependencies of target moveit_motion_planning_rviz_plugin_core[0m
[ 58%] [34m[1mAutomatic MOC for target moveit_trajectory_rviz_plugin[0m
[ 58%] Built target moveit_trajectory_rviz_plugin_autogen
[35m[1mConsolidate compiler generated dependencies of target moveit_trajectory_rviz_plugin[0m
[ 60%] [32m[1mLinking CXX shared library libmoveit_trajectory_rviz_plugin.so[0m
[ 62%] [32m[1mLinking CXX shared library libmoveit_motion_planning_rviz_plugin_core.so[0m
[ 65%] Built target moveit_trajectory_rviz_plugin
[ 93%] Built target moveit_motion_planning_rviz_plugin_core
[ 94%] [34m[1mAutomatic MOC for target moveit_motion_planning_rviz_plugin[0m
[ 94%] Built target moveit_motion_planning_rviz_plugin_autogen
[35m[1mConsolidate compiler generated dependencies of target moveit_motion_planning_rviz_plugin[0m
[ 96%] [32m[1mLinking CXX shared library libmoveit_motion_planning_rviz_plugin.so[0m
[100%] Built target moveit_motion_planning_rviz_plugin
-- Install configuration: "Release"
-- Up-to-date: /home/wzb/ros2ws/moveit_ws/install/moveit_ros_visualization/include/moveit_ros_visualization
-- Up-to-date: /home/wzb/ros2ws/moveit_ws/install/moveit_ros_visualization/include/moveit_ros_visualization/ogre_helpers
-- Up-to-date: /home/wzb/ros2ws/moveit_ws/install/moveit_ros_visualization/include/moveit_ros_visualization/ogre_helpers/mesh_shape.h
-- Up-to-date: /home/wzb/ros2ws/moveit_ws/install/moveit_ros_visualization/include/moveit_ros_visualization/ogre_helpers/mesh_shape.hpp
-- Up-to-date: /home/wzb/ros2ws/moveit_ws/install/moveit_ros_visualization/include/moveit_ros_visualization/moveit
-- Up-to-date: /home/wzb/ros2ws/moveit_ws/install/moveit_ros_visualization/include/moveit_ros_visualization/moveit/rviz_plugin_render_tools
-- Up-to-date: /home/wzb/ros2ws/moveit_ws/install/moveit_ros_visualization/include/moveit_ros_visualization/moveit/rviz_plugin_render_tools/octomap_render.hpp
-- Up-to-date: /home/wzb/ros2ws/moveit_ws/install/moveit_ros_visualization/include/moveit_ros_visualization/moveit/rviz_plugin_render_tools/planning_scene_render.hpp
-- Up-to-date: /home/wzb/ros2ws/moveit_ws/install/moveit_ros_visualization/include/moveit_ros_visualization/moveit/rviz_plugin_render_tools/planning_scene_render.h
-- Up-to-date: /home/wzb/ros2ws/moveit_ws/install/moveit_ros_visualization/include/moveit_ros_visualization/moveit/rviz_plugin_render_tools/trajectory_visualization.h
-- Up-to-date: /home/wzb/ros2ws/moveit_ws/install/moveit_ros_visualization/include/moveit_ros_visualization/moveit/rviz_plugin_render_tools/robot_state_visualization.hpp
-- Up-to-date: /home/wzb/ros2ws/moveit_ws/install/moveit_ros_visualization/include/moveit_ros_visualization/moveit/rviz_plugin_render_tools/planning_link_updater.h
-- Up-to-date: /home/wzb/ros2ws/moveit_ws/install/moveit_ros_visualization/include/moveit_ros_visualization/moveit/rviz_plugin_render_tools/trajectory_panel.hpp
-- Up-to-date: /home/wzb/ros2ws/moveit_ws/install/moveit_ros_visualization/include/moveit_ros_visualization/moveit/rviz_plugin_render_tools/robot_state_visualization.h
-- Up-to-date: /home/wzb/ros2ws/moveit_ws/install/moveit_ros_visualization/include/moveit_ros_visualization/moveit/rviz_plugin_render_tools/trajectory_panel.h
-- Up-to-date: /home/wzb/ros2ws/moveit_ws/install/moveit_ros_visualization/include/moveit_ros_visualization/moveit/rviz_plugin_render_tools/trajectory_visualization.hpp
-- Up-to-date: /home/wzb/ros2ws/moveit_ws/install/moveit_ros_visualization/include/moveit_ros_visualization/moveit/rviz_plugin_render_tools/render_shapes.h
-- Up-to-date: /home/wzb/ros2ws/moveit_ws/install/moveit_ros_visualization/include/moveit_ros_visualization/moveit/rviz_plugin_render_tools/render_shapes.hpp
-- Up-to-date: /home/wzb/ros2ws/moveit_ws/install/moveit_ros_visualization/include/moveit_ros_visualization/moveit/rviz_plugin_render_tools/planning_link_updater.hpp
-- Up-to-date: /home/wzb/ros2ws/moveit_ws/install/moveit_ros_visualization/include/moveit_ros_visualization/moveit/rviz_plugin_render_tools/octomap_render.h
-- Up-to-date: /home/wzb/ros2ws/moveit_ws/install/moveit_ros_visualization/include/moveit_ros_visualization
-- Up-to-date: /home/wzb/ros2ws/moveit_ws/install/moveit_ros_visualization/include/moveit_ros_visualization/moveit
-- Up-to-date: /home/wzb/ros2ws/moveit_ws/install/moveit_ros_visualization/include/moveit_ros_visualization/moveit/robot_state_rviz_plugin
-- Up-to-date: /home/wzb/ros2ws/moveit_ws/install/moveit_ros_visualization/include/moveit_ros_visualization/moveit/robot_state_rviz_plugin/robot_state_display.h
-- Up-to-date: /home/wzb/ros2ws/moveit_ws/install/moveit_ros_visualization/include/moveit_ros_visualization/moveit/robot_state_rviz_plugin/robot_state_display.hpp
-- Up-to-date: /home/wzb/ros2ws/moveit_ws/install/moveit_ros_visualization/include/moveit_ros_visualization
-- Up-to-date: /home/wzb/ros2ws/moveit_ws/install/moveit_ros_visualization/include/moveit_ros_visualization/moveit
-- Up-to-date: /home/wzb/ros2ws/moveit_ws/install/moveit_ros_visualization/include/moveit_ros_visualization/moveit/planning_scene_rviz_plugin
-- Up-to-date: /home/wzb/ros2ws/moveit_ws/install/moveit_ros_visualization/include/moveit_ros_visualization/moveit/planning_scene_rviz_plugin/background_processing.h
-- Up-to-date: /home/wzb/ros2ws/moveit_ws/install/moveit_ros_visualization/include/moveit_ros_visualization/moveit/planning_scene_rviz_plugin/background_processing.hpp
-- Up-to-date: /home/wzb/ros2ws/moveit_ws/install/moveit_ros_visualization/include/moveit_ros_visualization/moveit/planning_scene_rviz_plugin/planning_scene_display.h
-- Up-to-date: /home/wzb/ros2ws/moveit_ws/install/moveit_ros_visualization/include/moveit_ros_visualization/moveit/planning_scene_rviz_plugin/planning_scene_display.hpp
-- Up-to-date: /home/wzb/ros2ws/moveit_ws/install/moveit_ros_visualization/include/moveit_ros_visualization/moveit_planning_scene_rviz_plugin_core_export.h
-- Up-to-date: /home/wzb/ros2ws/moveit_ws/install/moveit_ros_visualization/include/moveit_ros_visualization
-- Up-to-date: /home/wzb/ros2ws/moveit_ws/install/moveit_ros_visualization/include/moveit_ros_visualization/moveit
-- Up-to-date: /home/wzb/ros2ws/moveit_ws/install/moveit_ros_visualization/include/moveit_ros_visualization/moveit/motion_planning_rviz_plugin
-- Up-to-date: /home/wzb/ros2ws/moveit_ws/install/moveit_ros_visualization/include/moveit_ros_visualization/moveit/motion_planning_rviz_plugin/motion_planning_frame_joints_widget.hpp
-- Up-to-date: /home/wzb/ros2ws/moveit_ws/install/moveit_ros_visualization/include/moveit_ros_visualization/moveit/motion_planning_rviz_plugin/motion_planning_param_widget.hpp
-- Up-to-date: /home/wzb/ros2ws/moveit_ws/install/moveit_ros_visualization/include/moveit_ros_visualization/moveit/motion_planning_rviz_plugin/motion_planning_frame_joints_widget.h
-- Up-to-date: /home/wzb/ros2ws/moveit_ws/install/moveit_ros_visualization/include/moveit_ros_visualization/moveit/motion_planning_rviz_plugin/motion_planning_display.hpp
-- Up-to-date: /home/wzb/ros2ws/moveit_ws/install/moveit_ros_visualization/include/moveit_ros_visualization/moveit/motion_planning_rviz_plugin/motion_planning_display.h
-- Up-to-date: /home/wzb/ros2ws/moveit_ws/install/moveit_ros_visualization/include/moveit_ros_visualization/moveit/motion_planning_rviz_plugin/motion_planning_param_widget.h
-- Up-to-date: /home/wzb/ros2ws/moveit_ws/install/moveit_ros_visualization/include/moveit_ros_visualization/moveit/motion_planning_rviz_plugin/interactive_marker_display.hpp
-- Up-to-date: /home/wzb/ros2ws/moveit_ws/install/moveit_ros_visualization/include/moveit_ros_visualization/moveit/motion_planning_rviz_plugin/motion_planning_frame.hpp
-- Up-to-date: /home/wzb/ros2ws/moveit_ws/install/moveit_ros_visualization/include/moveit_ros_visualization/moveit/motion_planning_rviz_plugin/motion_planning_frame.h
-- Up-to-date: /home/wzb/ros2ws/moveit_ws/install/moveit_ros_visualization/include/moveit_ros_visualization/moveit/motion_planning_rviz_plugin/interactive_marker_display.h
-- Up-to-date: /home/wzb/ros2ws/moveit_ws/install/moveit_ros_visualization/include/moveit_ros_visualization
-- Up-to-date: /home/wzb/ros2ws/moveit_ws/install/moveit_ros_visualization/include/moveit_ros_visualization/moveit
-- Up-to-date: /home/wzb/ros2ws/moveit_ws/install/moveit_ros_visualization/include/moveit_ros_visualization/moveit/trajectory_rviz_plugin
-- Up-to-date: /home/wzb/ros2ws/moveit_ws/install/moveit_ros_visualization/include/moveit_ros_visualization/moveit/trajectory_rviz_plugin/trajectory_display.h
-- Up-to-date: /home/wzb/ros2ws/moveit_ws/install/moveit_ros_visualization/include/moveit_ros_visualization/moveit/trajectory_rviz_plugin/trajectory_display.hpp
-- Up-to-date: /home/wzb/ros2ws/moveit_ws/install/moveit_ros_visualization/share/moveit_ros_visualization/icons
-- Up-to-date: /home/wzb/ros2ws/moveit_ws/install/moveit_ros_visualization/share/moveit_ros_visualization/icons/classes
-- Up-to-date: /home/wzb/ros2ws/moveit_ws/install/moveit_ros_visualization/share/moveit_ros_visualization/icons/classes/Trajectory.png
-- Up-to-date: /home/wzb/ros2ws/moveit_ws/install/moveit_ros_visualization/share/moveit_ros_visualization/icons/classes/MotionPlanning.png
-- Up-to-date: /home/wzb/ros2ws/moveit_ws/install/moveit_ros_visualization/share/moveit_ros_visualization/icons/classes/RobotState.png
-- Up-to-date: /home/wzb/ros2ws/moveit_ws/install/moveit_ros_visualization/share/moveit_ros_visualization/icons/classes/PlanningScene.png
-- Up-to-date: /home/wzb/ros2ws/moveit_ws/install/moveit_ros_visualization/share/moveit_ros_visualization/motion_planning_rviz_plugin_description.xml
-- Up-to-date: /home/wzb/ros2ws/moveit_ws/install/moveit_ros_visualization/share/moveit_ros_visualization/trajectory_rviz_plugin_description.xml
-- Up-to-date: /home/wzb/ros2ws/moveit_ws/install/moveit_ros_visualization/share/moveit_ros_visualization/planning_scene_rviz_plugin_description.xml
-- Up-to-date: /home/wzb/ros2ws/moveit_ws/install/moveit_ros_visualization/share/moveit_ros_visualization/robot_state_rviz_plugin_description.xml
-- Installing: /home/wzb/ros2ws/moveit_ws/install/moveit_ros_visualization/lib/libmoveit_motion_planning_rviz_plugin.so.2.14.1
-- Set runtime path of "/home/wzb/ros2ws/moveit_ws/install/moveit_ros_visualization/lib/libmoveit_motion_planning_rviz_plugin.so.2.14.1" to ""
-- Up-to-date: /home/wzb/ros2ws/moveit_ws/install/moveit_ros_visualization/lib/libmoveit_motion_planning_rviz_plugin.so
-- Installing: /home/wzb/ros2ws/moveit_ws/install/moveit_ros_visualization/lib/libmoveit_motion_planning_rviz_plugin_core.so.2.14.1
-- Set runtime path of "/home/wzb/ros2ws/moveit_ws/install/moveit_ros_visualization/lib/libmoveit_motion_planning_rviz_plugin_core.so.2.14.1" to ""
-- Up-to-date: /home/wzb/ros2ws/moveit_ws/install/moveit_ros_visualization/lib/libmoveit_motion_planning_rviz_plugin_core.so
-- Installing: /home/wzb/ros2ws/moveit_ws/install/moveit_ros_visualization/lib/libmoveit_planning_scene_rviz_plugin.so.2.14.1
-- Set runtime path of "/home/wzb/ros2ws/moveit_ws/install/moveit_ros_visualization/lib/libmoveit_planning_scene_rviz_plugin.so.2.14.1" to ""
-- Up-to-date: /home/wzb/ros2ws/moveit_ws/install/moveit_ros_visualization/lib/libmoveit_planning_scene_rviz_plugin.so
-- Installing: /home/wzb/ros2ws/moveit_ws/install/moveit_ros_visualization/lib/libmoveit_planning_scene_rviz_plugin_core.so.2.14.1
-- Set runtime path of "/home/wzb/ros2ws/moveit_ws/install/moveit_ros_visualization/lib/libmoveit_planning_scene_rviz_plugin_core.so.2.14.1" to ""
-- Up-to-date: /home/wzb/ros2ws/moveit_ws/install/moveit_ros_visualization/lib/libmoveit_planning_scene_rviz_plugin_core.so
-- Up-to-date: /home/wzb/ros2ws/moveit_ws/install/moveit_ros_visualization/lib/libmoveit_robot_state_rviz_plugin.so.2.14.1
-- Up-to-date: /home/wzb/ros2ws/moveit_ws/install/moveit_ros_visualization/lib/libmoveit_robot_state_rviz_plugin.so
-- Up-to-date: /home/wzb/ros2ws/moveit_ws/install/moveit_ros_visualization/lib/libmoveit_robot_state_rviz_plugin_core.so.2.14.1
-- Up-to-date: /home/wzb/ros2ws/moveit_ws/install/moveit_ros_visualization/lib/libmoveit_robot_state_rviz_plugin_core.so
-- Up-to-date: /home/wzb/ros2ws/moveit_ws/install/moveit_ros_visualization/lib/libmoveit_rviz_plugin_render_tools.so.2.14.1
-- Up-to-date: /home/wzb/ros2ws/moveit_ws/install/moveit_ros_visualization/lib/libmoveit_rviz_plugin_render_tools.so
-- Installing: /home/wzb/ros2ws/moveit_ws/install/moveit_ros_visualization/lib/libmoveit_trajectory_rviz_plugin.so.2.14.1
-- Set runtime path of "/home/wzb/ros2ws/moveit_ws/install/moveit_ros_visualization/lib/libmoveit_trajectory_rviz_plugin.so.2.14.1" to ""
-- Up-to-date: /home/wzb/ros2ws/moveit_ws/install/moveit_ros_visualization/lib/libmoveit_trajectory_rviz_plugin.so
-- Installing: /home/wzb/ros2ws/moveit_ws/install/moveit_ros_visualization/lib/libmoveit_trajectory_rviz_plugin_core.so.2.14.1
-- Set runtime path of "/home/wzb/ros2ws/moveit_ws/install/moveit_ros_visualization/lib/libmoveit_trajectory_rviz_plugin_core.so.2.14.1" to ""
-- Up-to-date: /home/wzb/ros2ws/moveit_ws/install/moveit_ros_visualization/lib/libmoveit_trajectory_rviz_plugin_core.so
-- Up-to-date: /home/wzb/ros2ws/moveit_ws/install/moveit_ros_visualization/share/moveit_ros_visualization/environment/library_path.sh
-- Installing: /home/wzb/ros2ws/moveit_ws/install/moveit_ros_visualization/share/moveit_ros_visualization/environment/library_path.dsv
-- Up-to-date: /home/wzb/ros2ws/moveit_ws/install/moveit_ros_visualization/share/ament_index/resource_index/package_run_dependencies/moveit_ros_visualization
-- Installing: /home/wzb/ros2ws/moveit_ws/install/moveit_ros_visualization/share/ament_index/resource_index/parent_prefix_path/moveit_ros_visualization
-- Up-to-date: /home/wzb/ros2ws/moveit_ws/install/moveit_ros_visualization/share/moveit_ros_visualization/environment/ament_prefix_path.sh
-- Installing: /home/wzb/ros2ws/moveit_ws/install/moveit_ros_visualization/share/moveit_ros_visualization/environment/ament_prefix_path.dsv
-- Up-to-date: /home/wzb/ros2ws/moveit_ws/install/moveit_ros_visualization/share/moveit_ros_visualization/environment/path.sh
-- Installing: /home/wzb/ros2ws/moveit_ws/install/moveit_ros_visualization/share/moveit_ros_visualization/environment/path.dsv
-- Up-to-date: /home/wzb/ros2ws/moveit_ws/install/moveit_ros_visualization/share/moveit_ros_visualization/local_setup.bash
-- Up-to-date: /home/wzb/ros2ws/moveit_ws/install/moveit_ros_visualization/share/moveit_ros_visualization/local_setup.sh
-- Up-to-date: /home/wzb/ros2ws/moveit_ws/install/moveit_ros_visualization/share/moveit_ros_visualization/local_setup.zsh
-- Installing: /home/wzb/ros2ws/moveit_ws/install/moveit_ros_visualization/share/moveit_ros_visualization/local_setup.dsv
-- Installing: /home/wzb/ros2ws/moveit_ws/install/moveit_ros_visualization/share/moveit_ros_visualization/package.dsv
-- Up-to-date: /home/wzb/ros2ws/moveit_ws/install/moveit_ros_visualization/share/ament_index/resource_index/packages/moveit_ros_visualization
-- Up-to-date: /home/wzb/ros2ws/moveit_ws/install/moveit_ros_visualization/share/ament_index/resource_index/rviz_common__pluginlib__plugin/moveit_ros_visualization
-- Up-to-date: /home/wzb/ros2ws/moveit_ws/install/moveit_ros_visualization/share/moveit_ros_visualization/cmake/moveit_ros_visualizationTargetsExport.cmake
-- Up-to-date: /home/wzb/ros2ws/moveit_ws/install/moveit_ros_visualization/share/moveit_ros_visualization/cmake/moveit_ros_visualizationTargetsExport-release.cmake
-- Up-to-date: /home/wzb/ros2ws/moveit_ws/install/moveit_ros_visualization/share/moveit_ros_visualization/cmake/ConfigExtras.cmake
-- Up-to-date: /home/wzb/ros2ws/moveit_ws/install/moveit_ros_visualization/share/moveit_ros_visualization/cmake/ament_cmake_export_targets-extras.cmake
-- Up-to-date: /home/wzb/ros2ws/moveit_ws/install/moveit_ros_visualization/share/moveit_ros_visualization/cmake/ament_cmake_export_dependencies-extras.cmake
-- Up-to-date: /home/wzb/ros2ws/moveit_ws/install/moveit_ros_visualization/share/moveit_ros_visualization/cmake/moveit_ros_visualizationConfig.cmake
-- Up-to-date: /home/wzb/ros2ws/moveit_ws/install/moveit_ros_visualization/share/moveit_ros_visualization/cmake/moveit_ros_visualizationConfig-version.cmake
-- Up-to-date: /home/wzb/ros2ws/moveit_ws/install/moveit_ros_visualization/share/moveit_ros_visualization/package.xml
