-- Found ament_cmake: 1.3.12 (/opt/ros/humble/share/ament_cmake/cmake)
-- Configuring done
-- Generating done
-- Build files have been written to: /home/wzb/ros2ws/moveit_ws/build/moveit_plugins
-- Install configuration: "Release"
-- Up-to-date: /home/wzb/ros2ws/moveit_ws/install/moveit_plugins/share/ament_index/resource_index/package_run_dependencies/moveit_plugins
-- Installing: /home/wzb/ros2ws/moveit_ws/install/moveit_plugins/share/ament_index/resource_index/parent_prefix_path/moveit_plugins
-- Up-to-date: /home/wzb/ros2ws/moveit_ws/install/moveit_plugins/share/moveit_plugins/environment/ament_prefix_path.sh
-- Installing: /home/wzb/ros2ws/moveit_ws/install/moveit_plugins/share/moveit_plugins/environment/ament_prefix_path.dsv
-- Up-to-date: /home/wzb/ros2ws/moveit_ws/install/moveit_plugins/share/moveit_plugins/environment/path.sh
-- Installing: /home/wzb/ros2ws/moveit_ws/install/moveit_plugins/share/moveit_plugins/environment/path.dsv
-- Up-to-date: /home/wzb/ros2ws/moveit_ws/install/moveit_plugins/share/moveit_plugins/local_setup.bash
-- Up-to-date: /home/wzb/ros2ws/moveit_ws/install/moveit_plugins/share/moveit_plugins/local_setup.sh
-- Up-to-date: /home/wzb/ros2ws/moveit_ws/install/moveit_plugins/share/moveit_plugins/local_setup.zsh
-- Installing: /home/wzb/ros2ws/moveit_ws/install/moveit_plugins/share/moveit_plugins/local_setup.dsv
-- Installing: /home/wzb/ros2ws/moveit_ws/install/moveit_plugins/share/moveit_plugins/package.dsv
-- Up-to-date: /home/wzb/ros2ws/moveit_ws/install/moveit_plugins/share/ament_index/resource_index/packages/moveit_plugins
-- Up-to-date: /home/wzb/ros2ws/moveit_ws/install/moveit_plugins/share/moveit_plugins/cmake/moveit_pluginsConfig.cmake
-- Up-to-date: /home/wzb/ros2ws/moveit_ws/install/moveit_plugins/share/moveit_plugins/cmake/moveit_pluginsConfig-version.cmake
-- Up-to-date: /home/wzb/ros2ws/moveit_ws/install/moveit_plugins/share/moveit_plugins/package.xml
