-- The CXX compiler identification is GNU 11.4.0
-- Detecting CXX compiler ABI info
-- Detecting CXX compiler ABI info - done
-- Check for working CXX compiler: /usr/bin/c++ - skipped
-- Detecting CXX compile features
-- Detecting CXX compile features - done
-- Found moveit_common: 2.14.1 (/home/wzb/ros2ws/moveit_ws/install/moveit_common/share/moveit_common/cmake)
-- Found ament_cmake: 1.3.12 (/opt/ros/humble/share/ament_cmake/cmake)
-- Found Python3: /usr/bin/python3 (found version "3.10.12") found components: Interpreter 
-- Found moveit_msgs: 2.7.1 (/home/wzb/ros2ws/moveit_ws/install/moveit_msgs/share/moveit_msgs/cmake)
-- Found rosidl_generator_c: 3.1.7 (/opt/ros/humble/share/rosidl_generator_c/cmake)
-- Found rosidl_adapter: 3.1.7 (/opt/ros/humble/share/rosidl_adapter/cmake)
-- Found rosidl_generator_cpp: 3.1.7 (/opt/ros/humble/share/rosidl_generator_cpp/cmake)
-- Using all available rosidl_typesupport_c: rosidl_typesupport_fastrtps_c;rosidl_typesupport_introspection_c
-- Using all available rosidl_typesupport_cpp: rosidl_typesupport_fastrtps_cpp;rosidl_typesupport_introspection_cpp
-- Found moveit_core: 2.14.1 (/home/wzb/ros2ws/moveit_ws/install/moveit_core/share/moveit_core/cmake)
-- Found Boost: /usr/lib/x86_64-linux-gnu/cmake/Boost-1.74.0/BoostConfig.cmake (found version "1.74.0") found components: chrono date_time filesystem iostreams program_options regex serialization system thread 
-- Found parameter_traits: 0.5.0 (/opt/ros/humble/share/parameter_traits/cmake)
-- Found rmw_implementation_cmake: 6.1.2 (/opt/ros/humble/share/rmw_implementation_cmake/cmake)
-- Found rmw_fastrtps_cpp: 6.2.9 (/opt/ros/humble/share/rmw_fastrtps_cpp/cmake)
-- Found OpenSSL: /usr/lib/x86_64-linux-gnu/libcrypto.so (found version "3.0.2")  
-- Found FastRTPS: /opt/ros/humble/include  
-- Using RMW implementation 'rmw_fastrtps_cpp' as default
-- Found Threads: TRUE  
-- Found rclcpp_lifecycle: 16.0.16 (/opt/ros/humble/share/rclcpp_lifecycle/cmake)
-- Found Boost: /usr/lib/x86_64-linux-gnu/cmake/Boost-1.74.0/BoostConfig.cmake (found version "1.74.0") found components: filesystem 
-- library: /usr/lib/x86_64-linux-gnu/libcurl.so
-- Found Eigen3: TRUE (found version "3.4.0") 
-- Ensuring Eigen3 include directory is part of orocos-kdl CMake target
-- Found moveit_ros_planning: 2.14.1 (/home/wzb/ros2ws/moveit_ws/install/moveit_ros_planning/share/moveit_ros_planning/cmake)
-- Found Boost: /usr/lib/x86_64-linux-gnu/cmake/Boost-1.74.0/BoostConfig.cmake (found version "1.74.0") found components: system filesystem date_time program_options thread chrono 
-- Found moveit_ros_warehouse: 2.14.1 (/home/wzb/ros2ws/moveit_ws/install/moveit_ros_warehouse/share/moveit_ros_warehouse/cmake)
-- Found Boost: /usr/lib/x86_64-linux-gnu/cmake/Boost-1.74.0/BoostConfig.cmake (found version "1.74.0") found components: thread system filesystem regex date_time program_options 
-- Found moveit_ros_move_group: 2.14.1 (/home/wzb/ros2ws/moveit_ws/install/moveit_ros_move_group/share/moveit_ros_move_group/cmake)
-- Found Boost: /usr/lib/x86_64-linux-gnu/cmake/Boost-1.74.0/BoostConfig.cmake (found version "1.74.0") found components: system filesystem date_time program_options thread 
-- Performing Test COMPILER_HAS_HIDDEN_VISIBILITY
-- Performing Test COMPILER_HAS_HIDDEN_VISIBILITY - Success
-- Performing Test COMPILER_HAS_HIDDEN_INLINE_VISIBILITY
-- Performing Test COMPILER_HAS_HIDDEN_INLINE_VISIBILITY - Success
-- Performing Test COMPILER_HAS_DEPRECATED_ATTR
-- Performing Test COMPILER_HAS_DEPRECATED_ATTR - Success
-- Found ament_cmake_gtest: 1.3.12 (/opt/ros/humble/share/ament_cmake_gtest/cmake)
-- Found ros_testing: 0.4.0 (/opt/ros/humble/share/ros_testing/cmake)
-- Found launch_testing_ament_cmake: 1.0.13 (/opt/ros/humble/share/launch_testing_ament_cmake/cmake)
-- Found python_cmake_module: 0.10.0 (/opt/ros/humble/share/python_cmake_module/cmake)
-- Found PythonInterp: /usr/bin/python3 (found suitable version "3.10.12", minimum required is "3.6") 
-- Found PythonLibs: /usr/lib/x86_64-linux-gnu/libpython3.10.so (found suitable version "3.10.12", minimum required is "3.5") 
-- Using PYTHON_EXECUTABLE: /usr/bin/python3
-- Using PYTHON_INCLUDE_DIRS: /usr/include/python3.10
-- Using PYTHON_LIBRARIES: /usr/lib/x86_64-linux-gnu/libpython3.10.so
-- Found PythonExtra: .so  
-- Configuring done
-- Generating done
-- Build files have been written to: /home/wzb/ros2ws/moveit_ws/build/moveit_ros_planning_interface
[ 33%] [32mBuilding CXX object planning_scene_interface/CMakeFiles/moveit_planning_scene_interface.dir/src/planning_scene_interface.cpp.o[0m
[ 33%] [32mBuilding CXX object common_planning_interface_objects/CMakeFiles/moveit_common_planning_interface_objects.dir/src/common_objects.cpp.o[0m
[ 50%] [32m[1mLinking CXX shared library libmoveit_common_planning_interface_objects.so[0m
[ 50%] Built target moveit_common_planning_interface_objects
[ 66%] [32m[1mLinking CXX shared library libmoveit_planning_scene_interface.so[0m
[ 66%] Built target moveit_planning_scene_interface
[ 83%] [32mBuilding CXX object move_group_interface/CMakeFiles/moveit_move_group_interface.dir/src/move_group_interface.cpp.o[0m
[100%] [32m[1mLinking CXX shared library libmoveit_move_group_interface.so[0m
[100%] Built target moveit_move_group_interface
-- Install configuration: "Release"
-- Installing: /home/wzb/ros2ws/moveit_ws/install/moveit_ros_planning_interface/include/moveit_ros_planning_interface
-- Installing: /home/wzb/ros2ws/moveit_ws/install/moveit_ros_planning_interface/include/moveit_ros_planning_interface/moveit
-- Installing: /home/wzb/ros2ws/moveit_ws/install/moveit_ros_planning_interface/include/moveit_ros_planning_interface/moveit/common_planning_interface_objects
-- Installing: /home/wzb/ros2ws/moveit_ws/install/moveit_ros_planning_interface/include/moveit_ros_planning_interface/moveit/common_planning_interface_objects/common_objects.hpp
-- Installing: /home/wzb/ros2ws/moveit_ws/install/moveit_ros_planning_interface/include/moveit_ros_planning_interface/moveit/common_planning_interface_objects/common_objects.h
-- Up-to-date: /home/wzb/ros2ws/moveit_ws/install/moveit_ros_planning_interface/include/moveit_ros_planning_interface
-- Up-to-date: /home/wzb/ros2ws/moveit_ws/install/moveit_ros_planning_interface/include/moveit_ros_planning_interface/moveit
-- Installing: /home/wzb/ros2ws/moveit_ws/install/moveit_ros_planning_interface/include/moveit_ros_planning_interface/moveit/planning_scene_interface
-- Installing: /home/wzb/ros2ws/moveit_ws/install/moveit_ros_planning_interface/include/moveit_ros_planning_interface/moveit/planning_scene_interface/planning_scene_interface.h
-- Installing: /home/wzb/ros2ws/moveit_ws/install/moveit_ros_planning_interface/include/moveit_ros_planning_interface/moveit/planning_scene_interface/planning_scene_interface.hpp
-- Up-to-date: /home/wzb/ros2ws/moveit_ws/install/moveit_ros_planning_interface/include/moveit_ros_planning_interface
-- Up-to-date: /home/wzb/ros2ws/moveit_ws/install/moveit_ros_planning_interface/include/moveit_ros_planning_interface/moveit
-- Installing: /home/wzb/ros2ws/moveit_ws/install/moveit_ros_planning_interface/include/moveit_ros_planning_interface/moveit/move_group_interface
-- Installing: /home/wzb/ros2ws/moveit_ws/install/moveit_ros_planning_interface/include/moveit_ros_planning_interface/moveit/move_group_interface/move_group_interface.h
-- Installing: /home/wzb/ros2ws/moveit_ws/install/moveit_ros_planning_interface/include/moveit_ros_planning_interface/moveit/move_group_interface/move_group_interface.hpp
-- Installing: /home/wzb/ros2ws/moveit_ws/install/moveit_ros_planning_interface/include/moveit_ros_planning_interface/moveit_move_group_interface_export.h
-- Installing: /home/wzb/ros2ws/moveit_ws/install/moveit_ros_planning_interface/lib/libmoveit_common_planning_interface_objects.so.2.14.1
-- Set runtime path of "/home/wzb/ros2ws/moveit_ws/install/moveit_ros_planning_interface/lib/libmoveit_common_planning_interface_objects.so.2.14.1" to ""
-- Installing: /home/wzb/ros2ws/moveit_ws/install/moveit_ros_planning_interface/lib/libmoveit_common_planning_interface_objects.so
-- Installing: /home/wzb/ros2ws/moveit_ws/install/moveit_ros_planning_interface/lib/libmoveit_planning_scene_interface.so.2.14.1
-- Set runtime path of "/home/wzb/ros2ws/moveit_ws/install/moveit_ros_planning_interface/lib/libmoveit_planning_scene_interface.so.2.14.1" to ""
-- Installing: /home/wzb/ros2ws/moveit_ws/install/moveit_ros_planning_interface/lib/libmoveit_planning_scene_interface.so
-- Installing: /home/wzb/ros2ws/moveit_ws/install/moveit_ros_planning_interface/lib/libmoveit_move_group_interface.so.2.14.1
-- Set runtime path of "/home/wzb/ros2ws/moveit_ws/install/moveit_ros_planning_interface/lib/libmoveit_move_group_interface.so.2.14.1" to ""
-- Installing: /home/wzb/ros2ws/moveit_ws/install/moveit_ros_planning_interface/lib/libmoveit_move_group_interface.so
-- Installing: /home/wzb/ros2ws/moveit_ws/install/moveit_ros_planning_interface/share/moveit_ros_planning_interface/environment/library_path.sh
-- Installing: /home/wzb/ros2ws/moveit_ws/install/moveit_ros_planning_interface/share/moveit_ros_planning_interface/environment/library_path.dsv
-- Installing: /home/wzb/ros2ws/moveit_ws/install/moveit_ros_planning_interface/share/ament_index/resource_index/package_run_dependencies/moveit_ros_planning_interface
-- Installing: /home/wzb/ros2ws/moveit_ws/install/moveit_ros_planning_interface/share/ament_index/resource_index/parent_prefix_path/moveit_ros_planning_interface
-- Installing: /home/wzb/ros2ws/moveit_ws/install/moveit_ros_planning_interface/share/moveit_ros_planning_interface/environment/ament_prefix_path.sh
-- Installing: /home/wzb/ros2ws/moveit_ws/install/moveit_ros_planning_interface/share/moveit_ros_planning_interface/environment/ament_prefix_path.dsv
-- Installing: /home/wzb/ros2ws/moveit_ws/install/moveit_ros_planning_interface/share/moveit_ros_planning_interface/environment/path.sh
-- Installing: /home/wzb/ros2ws/moveit_ws/install/moveit_ros_planning_interface/share/moveit_ros_planning_interface/environment/path.dsv
-- Installing: /home/wzb/ros2ws/moveit_ws/install/moveit_ros_planning_interface/share/moveit_ros_planning_interface/local_setup.bash
-- Installing: /home/wzb/ros2ws/moveit_ws/install/moveit_ros_planning_interface/share/moveit_ros_planning_interface/local_setup.sh
-- Installing: /home/wzb/ros2ws/moveit_ws/install/moveit_ros_planning_interface/share/moveit_ros_planning_interface/local_setup.zsh
-- Installing: /home/wzb/ros2ws/moveit_ws/install/moveit_ros_planning_interface/share/moveit_ros_planning_interface/local_setup.dsv
-- Installing: /home/wzb/ros2ws/moveit_ws/install/moveit_ros_planning_interface/share/moveit_ros_planning_interface/package.dsv
-- Installing: /home/wzb/ros2ws/moveit_ws/install/moveit_ros_planning_interface/share/ament_index/resource_index/packages/moveit_ros_planning_interface
-- Installing: /home/wzb/ros2ws/moveit_ws/install/moveit_ros_planning_interface/share/moveit_ros_planning_interface/cmake/moveit_ros_planning_interfaceTargetsExport.cmake
-- Installing: /home/wzb/ros2ws/moveit_ws/install/moveit_ros_planning_interface/share/moveit_ros_planning_interface/cmake/moveit_ros_planning_interfaceTargetsExport-release.cmake
-- Installing: /home/wzb/ros2ws/moveit_ws/install/moveit_ros_planning_interface/share/moveit_ros_planning_interface/cmake/ConfigExtras.cmake
-- Installing: /home/wzb/ros2ws/moveit_ws/install/moveit_ros_planning_interface/share/moveit_ros_planning_interface/cmake/ament_cmake_export_targets-extras.cmake
-- Installing: /home/wzb/ros2ws/moveit_ws/install/moveit_ros_planning_interface/share/moveit_ros_planning_interface/cmake/ament_cmake_export_dependencies-extras.cmake
-- Installing: /home/wzb/ros2ws/moveit_ws/install/moveit_ros_planning_interface/share/moveit_ros_planning_interface/cmake/moveit_ros_planning_interfaceConfig.cmake
-- Installing: /home/wzb/ros2ws/moveit_ws/install/moveit_ros_planning_interface/share/moveit_ros_planning_interface/cmake/moveit_ros_planning_interfaceConfig-version.cmake
-- Installing: /home/wzb/ros2ws/moveit_ws/install/moveit_ros_planning_interface/share/moveit_ros_planning_interface/package.xml
