[0.153s] Invoking command in '/home/wzb/ros2ws/moveit_ws/build/moveit_resources_fanuc_description': CMAKE_PREFIX_PATH=${CMAKE_PREFIX_PATH}:/home/wzb/ros2ws/my_piper_ros/install/piper:/home/wzb/ros2ws/moveit_ws/install/moveit_configs_utils:/opt/ros/humble /usr/bin/cmake /home/wzb/ros2ws/moveit_ws/src/moveit_resources/fanuc_description -DCMAKE_INSTALL_PREFIX=/home/wzb/ros2ws/moveit_ws/install/moveit_resources_fanuc_description
[0.160s] -- Found ament_cmake: 1.3.12 (/opt/ros/humble/share/ament_cmake/cmake)
[0.275s] -- Configuring done
[0.276s] -- Generating done
[0.277s] -- Build files have been written to: /home/wzb/ros2ws/moveit_ws/build/moveit_resources_fanuc_description
[0.279s] Invoked command in '/home/wzb/ros2ws/moveit_ws/build/moveit_resources_fanuc_description' returned '0': CMAKE_PREFIX_PATH=${CMAKE_PREFIX_PATH}:/home/wzb/ros2ws/my_piper_ros/install/piper:/home/wzb/ros2ws/moveit_ws/install/moveit_configs_utils:/opt/ros/humble /usr/bin/cmake /home/wzb/ros2ws/moveit_ws/src/moveit_resources/fanuc_description -DCMAKE_INSTALL_PREFIX=/home/wzb/ros2ws/moveit_ws/install/moveit_resources_fanuc_description
[0.280s] Invoking command in '/home/wzb/ros2ws/moveit_ws/build/moveit_resources_fanuc_description': CMAKE_PREFIX_PATH=${CMAKE_PREFIX_PATH}:/home/wzb/ros2ws/my_piper_ros/install/piper:/home/wzb/ros2ws/moveit_ws/install/moveit_configs_utils:/opt/ros/humble /usr/bin/cmake --build /home/wzb/ros2ws/moveit_ws/build/moveit_resources_fanuc_description -- -j20 -l20
[0.303s] Invoked command in '/home/wzb/ros2ws/moveit_ws/build/moveit_resources_fanuc_description' returned '0': CMAKE_PREFIX_PATH=${CMAKE_PREFIX_PATH}:/home/wzb/ros2ws/my_piper_ros/install/piper:/home/wzb/ros2ws/moveit_ws/install/moveit_configs_utils:/opt/ros/humble /usr/bin/cmake --build /home/wzb/ros2ws/moveit_ws/build/moveit_resources_fanuc_description -- -j20 -l20
[0.305s] Invoking command in '/home/wzb/ros2ws/moveit_ws/build/moveit_resources_fanuc_description': CMAKE_PREFIX_PATH=${CMAKE_PREFIX_PATH}:/home/wzb/ros2ws/my_piper_ros/install/piper:/home/wzb/ros2ws/moveit_ws/install/moveit_configs_utils:/opt/ros/humble /usr/bin/cmake --install /home/wzb/ros2ws/moveit_ws/build/moveit_resources_fanuc_description
[0.310s] -- Install configuration: "Release"
[0.310s] -- Up-to-date: /home/wzb/ros2ws/moveit_ws/install/moveit_resources_fanuc_description/share/ament_index/resource_index/package_run_dependencies/moveit_resources_fanuc_description
[0.310s] -- Installing: /home/wzb/ros2ws/moveit_ws/install/moveit_resources_fanuc_description/share/ament_index/resource_index/parent_prefix_path/moveit_resources_fanuc_description
[0.310s] -- Up-to-date: /home/wzb/ros2ws/moveit_ws/install/moveit_resources_fanuc_description/share/moveit_resources_fanuc_description/environment/ament_prefix_path.sh
[0.310s] -- Installing: /home/wzb/ros2ws/moveit_ws/install/moveit_resources_fanuc_description/share/moveit_resources_fanuc_description/environment/ament_prefix_path.dsv
[0.310s] -- Up-to-date: /home/wzb/ros2ws/moveit_ws/install/moveit_resources_fanuc_description/share/moveit_resources_fanuc_description/environment/path.sh
[0.310s] -- Installing: /home/wzb/ros2ws/moveit_ws/install/moveit_resources_fanuc_description/share/moveit_resources_fanuc_description/environment/path.dsv
[0.310s] -- Up-to-date: /home/wzb/ros2ws/moveit_ws/install/moveit_resources_fanuc_description/share/moveit_resources_fanuc_description/local_setup.bash
[0.310s] -- Up-to-date: /home/wzb/ros2ws/moveit_ws/install/moveit_resources_fanuc_description/share/moveit_resources_fanuc_description/local_setup.sh
[0.311s] -- Up-to-date: /home/wzb/ros2ws/moveit_ws/install/moveit_resources_fanuc_description/share/moveit_resources_fanuc_description/local_setup.zsh
[0.311s] -- Installing: /home/wzb/ros2ws/moveit_ws/install/moveit_resources_fanuc_description/share/moveit_resources_fanuc_description/local_setup.dsv
[0.311s] -- Installing: /home/wzb/ros2ws/moveit_ws/install/moveit_resources_fanuc_description/share/moveit_resources_fanuc_description/package.dsv
[0.311s] -- Up-to-date: /home/wzb/ros2ws/moveit_ws/install/moveit_resources_fanuc_description/share/ament_index/resource_index/packages/moveit_resources_fanuc_description
[0.311s] -- Up-to-date: /home/wzb/ros2ws/moveit_ws/install/moveit_resources_fanuc_description/share/moveit_resources_fanuc_description/cmake/moveit_resources_fanuc_descriptionConfig.cmake
[0.311s] -- Up-to-date: /home/wzb/ros2ws/moveit_ws/install/moveit_resources_fanuc_description/share/moveit_resources_fanuc_description/cmake/moveit_resources_fanuc_descriptionConfig-version.cmake
[0.312s] -- Up-to-date: /home/wzb/ros2ws/moveit_ws/install/moveit_resources_fanuc_description/share/moveit_resources_fanuc_description/package.xml
[0.312s] -- Up-to-date: /home/wzb/ros2ws/moveit_ws/install/moveit_resources_fanuc_description/share/moveit_resources_fanuc_description/meshes
[0.312s] -- Up-to-date: /home/wzb/ros2ws/moveit_ws/install/moveit_resources_fanuc_description/share/moveit_resources_fanuc_description/meshes/visual
[0.312s] -- Up-to-date: /home/wzb/ros2ws/moveit_ws/install/moveit_resources_fanuc_description/share/moveit_resources_fanuc_description/meshes/visual/link_6.stl
[0.312s] -- Up-to-date: /home/wzb/ros2ws/moveit_ws/install/moveit_resources_fanuc_description/share/moveit_resources_fanuc_description/meshes/visual/link_1.stl
[0.312s] -- Up-to-date: /home/wzb/ros2ws/moveit_ws/install/moveit_resources_fanuc_description/share/moveit_resources_fanuc_description/meshes/visual/link_4.stl
[0.312s] -- Up-to-date: /home/wzb/ros2ws/moveit_ws/install/moveit_resources_fanuc_description/share/moveit_resources_fanuc_description/meshes/visual/link_5.stl
[0.312s] -- Up-to-date: /home/wzb/ros2ws/moveit_ws/install/moveit_resources_fanuc_description/share/moveit_resources_fanuc_description/meshes/visual/link_2.stl
[0.312s] -- Up-to-date: /home/wzb/ros2ws/moveit_ws/install/moveit_resources_fanuc_description/share/moveit_resources_fanuc_description/meshes/visual/base_link.stl
[0.312s] -- Up-to-date: /home/wzb/ros2ws/moveit_ws/install/moveit_resources_fanuc_description/share/moveit_resources_fanuc_description/meshes/visual/link_3.stl
[0.312s] -- Up-to-date: /home/wzb/ros2ws/moveit_ws/install/moveit_resources_fanuc_description/share/moveit_resources_fanuc_description/meshes/collision
[0.312s] -- Up-to-date: /home/wzb/ros2ws/moveit_ws/install/moveit_resources_fanuc_description/share/moveit_resources_fanuc_description/meshes/collision/link_6.stl
[0.312s] -- Up-to-date: /home/wzb/ros2ws/moveit_ws/install/moveit_resources_fanuc_description/share/moveit_resources_fanuc_description/meshes/collision/link_1.stl
[0.312s] -- Up-to-date: /home/wzb/ros2ws/moveit_ws/install/moveit_resources_fanuc_description/share/moveit_resources_fanuc_description/meshes/collision/link_4.stl
[0.312s] -- Up-to-date: /home/wzb/ros2ws/moveit_ws/install/moveit_resources_fanuc_description/share/moveit_resources_fanuc_description/meshes/collision/link_5.stl
[0.312s] -- Up-to-date: /home/wzb/ros2ws/moveit_ws/install/moveit_resources_fanuc_description/share/moveit_resources_fanuc_description/meshes/collision/link_2.stl
[0.312s] -- Up-to-date: /home/wzb/ros2ws/moveit_ws/install/moveit_resources_fanuc_description/share/moveit_resources_fanuc_description/meshes/collision/base_link.stl
[0.312s] -- Up-to-date: /home/wzb/ros2ws/moveit_ws/install/moveit_resources_fanuc_description/share/moveit_resources_fanuc_description/meshes/collision/link_3.stl
[0.312s] -- Up-to-date: /home/wzb/ros2ws/moveit_ws/install/moveit_resources_fanuc_description/share/moveit_resources_fanuc_description/urdf
[0.312s] -- Up-to-date: /home/wzb/ros2ws/moveit_ws/install/moveit_resources_fanuc_description/share/moveit_resources_fanuc_description/urdf/fanuc.urdf
[0.313s] Invoked command in '/home/wzb/ros2ws/moveit_ws/build/moveit_resources_fanuc_description' returned '0': CMAKE_PREFIX_PATH=${CMAKE_PREFIX_PATH}:/home/wzb/ros2ws/my_piper_ros/install/piper:/home/wzb/ros2ws/moveit_ws/install/moveit_configs_utils:/opt/ros/humble /usr/bin/cmake --install /home/wzb/ros2ws/moveit_ws/build/moveit_resources_fanuc_description
