[0.343s] Invoking command in '/home/wzb/ros2ws/moveit_ws/src/moveit2/moveit_configs_utils': PYTHONPATH=/home/wzb/ros2ws/moveit_ws/build/moveit_configs_utils/prefix_override:/usr/lib/python3/dist-packages/colcon_core/task/python/colcon_distutils_commands:/home/wzb/ros2ws/moveit_ws/install/moveit_configs_utils/lib/python3.10/site-packages:${PYTHONPATH} /usr/bin/python3 -W ignore:setup.py install is deprecated -W ignore:easy_install command is deprecated setup.py egg_info --egg-base ../../../build/moveit_configs_utils build --build-base /home/wzb/ros2ws/moveit_ws/build/moveit_configs_utils/build install --record /home/wzb/ros2ws/moveit_ws/build/moveit_configs_utils/install.log --single-version-externally-managed install_data
[0.463s] running egg_info
[0.464s] creating ../../../build/moveit_configs_utils/moveit_configs_utils.egg-info
[0.464s] writing ../../../build/moveit_configs_utils/moveit_configs_utils.egg-info/PKG-INFO
[0.464s] writing dependency_links to ../../../build/moveit_configs_utils/moveit_configs_utils.egg-info/dependency_links.txt
[0.464s] writing entry points to ../../../build/moveit_configs_utils/moveit_configs_utils.egg-info/entry_points.txt
[0.464s] writing requirements to ../../../build/moveit_configs_utils/moveit_configs_utils.egg-info/requires.txt
[0.464s] writing top-level names to ../../../build/moveit_configs_utils/moveit_configs_utils.egg-info/top_level.txt
[0.464s] writing manifest file '../../../build/moveit_configs_utils/moveit_configs_utils.egg-info/SOURCES.txt'
[0.465s] reading manifest file '../../../build/moveit_configs_utils/moveit_configs_utils.egg-info/SOURCES.txt'
[0.466s] writing manifest file '../../../build/moveit_configs_utils/moveit_configs_utils.egg-info/SOURCES.txt'
[0.466s] running build
[0.466s] running build_py
[0.467s] creating /home/wzb/ros2ws/moveit_ws/build/moveit_configs_utils/build
[0.467s] creating /home/wzb/ros2ws/moveit_ws/build/moveit_configs_utils/build/lib
[0.467s] creating /home/wzb/ros2ws/moveit_ws/build/moveit_configs_utils/build/lib/moveit_configs_utils
[0.467s] copying moveit_configs_utils/launch_utils.py -> /home/wzb/ros2ws/moveit_ws/build/moveit_configs_utils/build/lib/moveit_configs_utils
[0.467s] copying moveit_configs_utils/moveit_configs_builder.py -> /home/wzb/ros2ws/moveit_ws/build/moveit_configs_utils/build/lib/moveit_configs_utils
[0.467s] copying moveit_configs_utils/launches.py -> /home/wzb/ros2ws/moveit_ws/build/moveit_configs_utils/build/lib/moveit_configs_utils
[0.468s] copying moveit_configs_utils/__init__.py -> /home/wzb/ros2ws/moveit_ws/build/moveit_configs_utils/build/lib/moveit_configs_utils
[0.468s] creating /home/wzb/ros2ws/moveit_ws/build/moveit_configs_utils/build/lib/moveit_configs_utils/substitutions
[0.468s] copying moveit_configs_utils/substitutions/xacro.py -> /home/wzb/ros2ws/moveit_ws/build/moveit_configs_utils/build/lib/moveit_configs_utils/substitutions
[0.468s] copying moveit_configs_utils/substitutions/__init__.py -> /home/wzb/ros2ws/moveit_ws/build/moveit_configs_utils/build/lib/moveit_configs_utils/substitutions
[0.468s] running install
[0.468s] running install_lib
[0.468s] creating /home/wzb/ros2ws/moveit_ws/install/moveit_configs_utils/lib/python3.10/site-packages/moveit_configs_utils
[0.468s] copying /home/wzb/ros2ws/moveit_ws/build/moveit_configs_utils/build/lib/moveit_configs_utils/launch_utils.py -> /home/wzb/ros2ws/moveit_ws/install/moveit_configs_utils/lib/python3.10/site-packages/moveit_configs_utils
[0.468s] copying /home/wzb/ros2ws/moveit_ws/build/moveit_configs_utils/build/lib/moveit_configs_utils/moveit_configs_builder.py -> /home/wzb/ros2ws/moveit_ws/install/moveit_configs_utils/lib/python3.10/site-packages/moveit_configs_utils
[0.468s] creating /home/wzb/ros2ws/moveit_ws/install/moveit_configs_utils/lib/python3.10/site-packages/moveit_configs_utils/substitutions
[0.468s] copying /home/wzb/ros2ws/moveit_ws/build/moveit_configs_utils/build/lib/moveit_configs_utils/substitutions/xacro.py -> /home/wzb/ros2ws/moveit_ws/install/moveit_configs_utils/lib/python3.10/site-packages/moveit_configs_utils/substitutions
[0.468s] copying /home/wzb/ros2ws/moveit_ws/build/moveit_configs_utils/build/lib/moveit_configs_utils/substitutions/__init__.py -> /home/wzb/ros2ws/moveit_ws/install/moveit_configs_utils/lib/python3.10/site-packages/moveit_configs_utils/substitutions
[0.469s] copying /home/wzb/ros2ws/moveit_ws/build/moveit_configs_utils/build/lib/moveit_configs_utils/launches.py -> /home/wzb/ros2ws/moveit_ws/install/moveit_configs_utils/lib/python3.10/site-packages/moveit_configs_utils
[0.469s] copying /home/wzb/ros2ws/moveit_ws/build/moveit_configs_utils/build/lib/moveit_configs_utils/__init__.py -> /home/wzb/ros2ws/moveit_ws/install/moveit_configs_utils/lib/python3.10/site-packages/moveit_configs_utils
[0.469s] byte-compiling /home/wzb/ros2ws/moveit_ws/install/moveit_configs_utils/lib/python3.10/site-packages/moveit_configs_utils/launch_utils.py to launch_utils.cpython-310.pyc
[0.469s] byte-compiling /home/wzb/ros2ws/moveit_ws/install/moveit_configs_utils/lib/python3.10/site-packages/moveit_configs_utils/moveit_configs_builder.py to moveit_configs_builder.cpython-310.pyc
[0.469s] byte-compiling /home/wzb/ros2ws/moveit_ws/install/moveit_configs_utils/lib/python3.10/site-packages/moveit_configs_utils/substitutions/xacro.py to xacro.cpython-310.pyc
[0.469s] byte-compiling /home/wzb/ros2ws/moveit_ws/install/moveit_configs_utils/lib/python3.10/site-packages/moveit_configs_utils/substitutions/__init__.py to __init__.cpython-310.pyc
[0.470s] byte-compiling /home/wzb/ros2ws/moveit_ws/install/moveit_configs_utils/lib/python3.10/site-packages/moveit_configs_utils/launches.py to launches.cpython-310.pyc
[0.470s] byte-compiling /home/wzb/ros2ws/moveit_ws/install/moveit_configs_utils/lib/python3.10/site-packages/moveit_configs_utils/__init__.py to __init__.cpython-310.pyc
[0.470s] running install_data
[0.470s] creating /home/wzb/ros2ws/moveit_ws/install/moveit_configs_utils/share/ament_index
[0.470s] creating /home/wzb/ros2ws/moveit_ws/install/moveit_configs_utils/share/ament_index/resource_index
[0.470s] creating /home/wzb/ros2ws/moveit_ws/install/moveit_configs_utils/share/ament_index/resource_index/packages
[0.471s] copying resource/moveit_configs_utils -> /home/wzb/ros2ws/moveit_ws/install/moveit_configs_utils/share/ament_index/resource_index/packages
[0.471s] copying package.xml -> /home/wzb/ros2ws/moveit_ws/install/moveit_configs_utils/share/moveit_configs_utils
[0.471s] creating /home/wzb/ros2ws/moveit_ws/install/moveit_configs_utils/share/moveit_configs_utils/default_configs
[0.471s] copying default_configs/ompl_planning.yaml -> /home/wzb/ros2ws/moveit_ws/install/moveit_configs_utils/share/moveit_configs_utils/default_configs
[0.471s] copying default_configs/ompl_defaults.yaml -> /home/wzb/ros2ws/moveit_ws/install/moveit_configs_utils/share/moveit_configs_utils/default_configs
[0.471s] copying default_configs/chomp_planning.yaml -> /home/wzb/ros2ws/moveit_ws/install/moveit_configs_utils/share/moveit_configs_utils/default_configs
[0.471s] copying default_configs/stomp_planning.yaml -> /home/wzb/ros2ws/moveit_ws/install/moveit_configs_utils/share/moveit_configs_utils/default_configs
[0.471s] copying default_configs/pilz_industrial_motion_planner_planning.yaml -> /home/wzb/ros2ws/moveit_ws/install/moveit_configs_utils/share/moveit_configs_utils/default_configs
[0.471s] running install_egg_info
[0.472s] Copying ../../../build/moveit_configs_utils/moveit_configs_utils.egg-info to /home/wzb/ros2ws/moveit_ws/install/moveit_configs_utils/lib/python3.10/site-packages/moveit_configs_utils-2.14.1-py3.10.egg-info
[0.472s] running install_scripts
[0.485s] writing list of installed files to '/home/wzb/ros2ws/moveit_ws/build/moveit_configs_utils/install.log'
[0.506s] Invoked command in '/home/wzb/ros2ws/moveit_ws/src/moveit2/moveit_configs_utils' returned '0': PYTHONPATH=/home/wzb/ros2ws/moveit_ws/build/moveit_configs_utils/prefix_override:/usr/lib/python3/dist-packages/colcon_core/task/python/colcon_distutils_commands:/home/wzb/ros2ws/moveit_ws/install/moveit_configs_utils/lib/python3.10/site-packages:${PYTHONPATH} /usr/bin/python3 -W ignore:setup.py install is deprecated -W ignore:easy_install command is deprecated setup.py egg_info --egg-base ../../../build/moveit_configs_utils build --build-base /home/wzb/ros2ws/moveit_ws/build/moveit_configs_utils/build install --record /home/wzb/ros2ws/moveit_ws/build/moveit_configs_utils/install.log --single-version-externally-managed install_data
