[0.144s] Invoking command in '/home/wzb/ros2ws/moveit_ws/build/moveit_resources_fanuc_description': CMAKE_PREFIX_PATH=/opt/ros/humble /usr/bin/cmake /home/wzb/ros2ws/moveit_ws/src/moveit_resources/fanuc_description -DCMAKE_BUILD_TYPE=Release -DCMAKE_INSTALL_PREFIX=/home/wzb/ros2ws/moveit_ws/install/moveit_resources_fanuc_description
[0.170s] -- The C compiler identification is GNU 11.4.0
[0.199s] -- The CXX compiler identification is GNU 11.4.0
[0.203s] -- Detecting C compiler ABI info
[0.236s] -- Detecting C compiler ABI info - done
[0.241s] -- Check for working C compiler: /usr/bin/cc - skipped
[0.241s] -- Detecting C compile features
[0.241s] -- Detecting C compile features - done
[0.243s] -- Detecting CXX compiler ABI info
[0.283s] -- Detecting CXX compiler ABI info - done
[0.288s] -- Check for working CXX compiler: /usr/bin/c++ - skipped
[0.289s] -- Detecting CXX compile features
[0.289s] -- Detecting CXX compile features - done
[0.290s] -- Found ament_cmake: 1.3.12 (/opt/ros/humble/share/ament_cmake/cmake)
[0.373s] -- Found Python3: /usr/bin/python3 (found version "3.10.12") found components: Interpreter 
[0.454s] -- Configuring done
[0.455s] -- Generating done
[0.456s] -- Build files have been written to: /home/wzb/ros2ws/moveit_ws/build/moveit_resources_fanuc_description
[0.459s] Invoked command in '/home/wzb/ros2ws/moveit_ws/build/moveit_resources_fanuc_description' returned '0': CMAKE_PREFIX_PATH=/opt/ros/humble /usr/bin/cmake /home/wzb/ros2ws/moveit_ws/src/moveit_resources/fanuc_description -DCMAKE_BUILD_TYPE=Release -DCMAKE_INSTALL_PREFIX=/home/wzb/ros2ws/moveit_ws/install/moveit_resources_fanuc_description
[0.460s] Invoking command in '/home/wzb/ros2ws/moveit_ws/build/moveit_resources_fanuc_description': CMAKE_PREFIX_PATH=/opt/ros/humble /usr/bin/cmake --build /home/wzb/ros2ws/moveit_ws/build/moveit_resources_fanuc_description -- -j20 -l20
[0.476s] Invoked command in '/home/wzb/ros2ws/moveit_ws/build/moveit_resources_fanuc_description' returned '0': CMAKE_PREFIX_PATH=/opt/ros/humble /usr/bin/cmake --build /home/wzb/ros2ws/moveit_ws/build/moveit_resources_fanuc_description -- -j20 -l20
[0.477s] Invoking command in '/home/wzb/ros2ws/moveit_ws/build/moveit_resources_fanuc_description': CMAKE_PREFIX_PATH=/opt/ros/humble /usr/bin/cmake --install /home/wzb/ros2ws/moveit_ws/build/moveit_resources_fanuc_description
[0.481s] -- Install configuration: "Release"
[0.481s] -- Installing: /home/wzb/ros2ws/moveit_ws/install/moveit_resources_fanuc_description/share/ament_index/resource_index/package_run_dependencies/moveit_resources_fanuc_description
[0.481s] -- Installing: /home/wzb/ros2ws/moveit_ws/install/moveit_resources_fanuc_description/share/ament_index/resource_index/parent_prefix_path/moveit_resources_fanuc_description
[0.481s] -- Installing: /home/wzb/ros2ws/moveit_ws/install/moveit_resources_fanuc_description/share/moveit_resources_fanuc_description/environment/ament_prefix_path.sh
[0.481s] -- Installing: /home/wzb/ros2ws/moveit_ws/install/moveit_resources_fanuc_description/share/moveit_resources_fanuc_description/environment/ament_prefix_path.dsv
[0.481s] -- Installing: /home/wzb/ros2ws/moveit_ws/install/moveit_resources_fanuc_description/share/moveit_resources_fanuc_description/environment/path.sh
[0.481s] -- Installing: /home/wzb/ros2ws/moveit_ws/install/moveit_resources_fanuc_description/share/moveit_resources_fanuc_description/environment/path.dsv
[0.482s] -- Installing: /home/wzb/ros2ws/moveit_ws/install/moveit_resources_fanuc_description/share/moveit_resources_fanuc_description/local_setup.bash
[0.482s] -- Installing: /home/wzb/ros2ws/moveit_ws/install/moveit_resources_fanuc_description/share/moveit_resources_fanuc_description/local_setup.sh
[0.482s] -- Installing: /home/wzb/ros2ws/moveit_ws/install/moveit_resources_fanuc_description/share/moveit_resources_fanuc_description/local_setup.zsh
[0.482s] -- Installing: /home/wzb/ros2ws/moveit_ws/install/moveit_resources_fanuc_description/share/moveit_resources_fanuc_description/local_setup.dsv
[0.482s] -- Installing: /home/wzb/ros2ws/moveit_ws/install/moveit_resources_fanuc_description/share/moveit_resources_fanuc_description/package.dsv
[0.482s] -- Installing: /home/wzb/ros2ws/moveit_ws/install/moveit_resources_fanuc_description/share/ament_index/resource_index/packages/moveit_resources_fanuc_description
[0.482s] -- Installing: /home/wzb/ros2ws/moveit_ws/install/moveit_resources_fanuc_description/share/moveit_resources_fanuc_description/cmake/moveit_resources_fanuc_descriptionConfig.cmake
[0.482s] -- Installing: /home/wzb/ros2ws/moveit_ws/install/moveit_resources_fanuc_description/share/moveit_resources_fanuc_description/cmake/moveit_resources_fanuc_descriptionConfig-version.cmake
[0.482s] -- Installing: /home/wzb/ros2ws/moveit_ws/install/moveit_resources_fanuc_description/share/moveit_resources_fanuc_description/package.xml
[0.482s] -- Installing: /home/wzb/ros2ws/moveit_ws/install/moveit_resources_fanuc_description/share/moveit_resources_fanuc_description/meshes
[0.482s] -- Installing: /home/wzb/ros2ws/moveit_ws/install/moveit_resources_fanuc_description/share/moveit_resources_fanuc_description/meshes/visual
[0.482s] -- Installing: /home/wzb/ros2ws/moveit_ws/install/moveit_resources_fanuc_description/share/moveit_resources_fanuc_description/meshes/visual/link_6.stl
[0.482s] -- Installing: /home/wzb/ros2ws/moveit_ws/install/moveit_resources_fanuc_description/share/moveit_resources_fanuc_description/meshes/visual/link_1.stl
[0.482s] -- Installing: /home/wzb/ros2ws/moveit_ws/install/moveit_resources_fanuc_description/share/moveit_resources_fanuc_description/meshes/visual/link_4.stl
[0.482s] -- Installing: /home/wzb/ros2ws/moveit_ws/install/moveit_resources_fanuc_description/share/moveit_resources_fanuc_description/meshes/visual/link_5.stl
[0.482s] -- Installing: /home/wzb/ros2ws/moveit_ws/install/moveit_resources_fanuc_description/share/moveit_resources_fanuc_description/meshes/visual/link_2.stl
[0.482s] -- Installing: /home/wzb/ros2ws/moveit_ws/install/moveit_resources_fanuc_description/share/moveit_resources_fanuc_description/meshes/visual/base_link.stl
[0.482s] -- Installing: /home/wzb/ros2ws/moveit_ws/install/moveit_resources_fanuc_description/share/moveit_resources_fanuc_description/meshes/visual/link_3.stl
[0.482s] -- Installing: /home/wzb/ros2ws/moveit_ws/install/moveit_resources_fanuc_description/share/moveit_resources_fanuc_description/meshes/collision
[0.483s] -- Installing: /home/wzb/ros2ws/moveit_ws/install/moveit_resources_fanuc_description/share/moveit_resources_fanuc_description/meshes/collision/link_6.stl
[0.483s] -- Installing: /home/wzb/ros2ws/moveit_ws/install/moveit_resources_fanuc_description/share/moveit_resources_fanuc_description/meshes/collision/link_1.stl
[0.483s] -- Installing: /home/wzb/ros2ws/moveit_ws/install/moveit_resources_fanuc_description/share/moveit_resources_fanuc_description/meshes/collision/link_4.stl
[0.483s] -- Installing: /home/wzb/ros2ws/moveit_ws/install/moveit_resources_fanuc_description/share/moveit_resources_fanuc_description/meshes/collision/link_5.stl
[0.483s] -- Installing: /home/wzb/ros2ws/moveit_ws/install/moveit_resources_fanuc_description/share/moveit_resources_fanuc_description/meshes/collision/link_2.stl
[0.483s] -- Installing: /home/wzb/ros2ws/moveit_ws/install/moveit_resources_fanuc_description/share/moveit_resources_fanuc_description/meshes/collision/base_link.stl
[0.483s] -- Installing: /home/wzb/ros2ws/moveit_ws/install/moveit_resources_fanuc_description/share/moveit_resources_fanuc_description/meshes/collision/link_3.stl
[0.483s] -- Installing: /home/wzb/ros2ws/moveit_ws/install/moveit_resources_fanuc_description/share/moveit_resources_fanuc_description/urdf
[0.483s] -- Installing: /home/wzb/ros2ws/moveit_ws/install/moveit_resources_fanuc_description/share/moveit_resources_fanuc_description/urdf/fanuc.urdf
[0.484s] Invoked command in '/home/wzb/ros2ws/moveit_ws/build/moveit_resources_fanuc_description' returned '0': CMAKE_PREFIX_PATH=/opt/ros/humble /usr/bin/cmake --install /home/wzb/ros2ws/moveit_ws/build/moveit_resources_fanuc_description
