-- Found ament_cmake: 1.3.12 (/opt/ros/humble/share/ament_cmake/cmake)
-- Configuring done
-- Generating done
-- Build files have been written to: /home/wzb/ros2ws/trac_ws/build/trac_ik
-- Install configuration: ""
-- Installing: /home/wzb/ros2ws/trac_ws/install/trac_ik/share/ament_index/resource_index/package_run_dependencies/trac_ik
-- Installing: /home/wzb/ros2ws/trac_ws/install/trac_ik/share/ament_index/resource_index/parent_prefix_path/trac_ik
-- Up-to-date: /home/wzb/ros2ws/trac_ws/install/trac_ik/share/trac_ik/environment/ament_prefix_path.sh
-- Installing: /home/wzb/ros2ws/trac_ws/install/trac_ik/share/trac_ik/environment/ament_prefix_path.dsv
-- Up-to-date: /home/wzb/ros2ws/trac_ws/install/trac_ik/share/trac_ik/environment/path.sh
-- Installing: /home/wzb/ros2ws/trac_ws/install/trac_ik/share/trac_ik/environment/path.dsv
-- Up-to-date: /home/wzb/ros2ws/trac_ws/install/trac_ik/share/trac_ik/local_setup.bash
-- Up-to-date: /home/wzb/ros2ws/trac_ws/install/trac_ik/share/trac_ik/local_setup.sh
-- Up-to-date: /home/wzb/ros2ws/trac_ws/install/trac_ik/share/trac_ik/local_setup.zsh
-- Installing: /home/wzb/ros2ws/trac_ws/install/trac_ik/share/trac_ik/local_setup.dsv
-- Installing: /home/wzb/ros2ws/trac_ws/install/trac_ik/share/trac_ik/package.dsv
-- Up-to-date: /home/wzb/ros2ws/trac_ws/install/trac_ik/share/ament_index/resource_index/packages/trac_ik
-- Up-to-date: /home/wzb/ros2ws/trac_ws/install/trac_ik/share/trac_ik/cmake/trac_ikConfig.cmake
-- Up-to-date: /home/wzb/ros2ws/trac_ws/install/trac_ik/share/trac_ik/cmake/trac_ikConfig-version.cmake
-- Installing: /home/wzb/ros2ws/trac_ws/install/trac_ik/share/trac_ik/package.xml
