[0.029s] Invoking command in '/home/wzb/ros2ws/moveit_ws/build/moveit_setup_srdf_plugins': AMENT_PREFIX_PATH=/home/wzb/ros2ws/moveit_ws/install/moveit_setup_framework:/home/wzb/ros2ws/moveit_ws/install/moveit_ros_visualization:/home/wzb/ros2ws/moveit_ws/install/moveit_ros_planning_interface:/home/wzb/ros2ws/moveit_ws/install/moveit_ros_move_group:/home/wzb/ros2ws/moveit_ws/install/moveit_ros_warehouse:/home/wzb/ros2ws/moveit_ws/install/moveit_ros_robot_interaction:/home/wzb/ros2ws/moveit_ws/install/moveit_kinematics:/home/wzb/ros2ws/moveit_ws/install/moveit_ros_planning:/home/wzb/ros2ws/moveit_ws/install/moveit_simple_controller_manager:/home/wzb/ros2ws/moveit_ws/install/moveit_ros_occupancy_map_monitor:/home/wzb/ros2ws/moveit_ws/install/moveit_core:/home/wzb/ros2ws/moveit_ws/install/moveit_resources_panda_moveit_config:/home/wzb/ros2ws/moveit_ws/install/moveit_resources_fanuc_moveit_config:/home/wzb/ros2ws/moveit_ws/install/moveit_resources_pr2_description:/home/wzb/ros2ws/moveit_ws/install/moveit_resources_panda_description:/home/wzb/ros2ws/moveit_ws/install/moveit_resources_fanuc_description:/home/wzb/ros2ws/moveit_ws/install/moveit_msgs:/home/wzb/ros2ws/moveit_ws/install/moveit_configs_utils:/home/wzb/ros2ws/moveit_ws/install/moveit_common:${AMENT_PREFIX_PATH} CMAKE_PREFIX_PATH=/home/wzb/ros2ws/moveit_ws/install/moveit_setup_framework:/home/wzb/ros2ws/moveit_ws/install/moveit_ros_visualization:/home/wzb/ros2ws/moveit_ws/install/moveit_ros_planning_interface:/home/wzb/ros2ws/moveit_ws/install/moveit_ros_move_group:/home/wzb/ros2ws/moveit_ws/install/moveit_ros_warehouse:/home/wzb/ros2ws/moveit_ws/install/moveit_ros_robot_interaction:/home/wzb/ros2ws/moveit_ws/install/moveit_kinematics:/home/wzb/ros2ws/moveit_ws/install/moveit_ros_planning:/home/wzb/ros2ws/moveit_ws/install/moveit_simple_controller_manager:/home/wzb/ros2ws/moveit_ws/install/moveit_ros_occupancy_map_monitor:/home/wzb/ros2ws/moveit_ws/install/moveit_core:/home/wzb/ros2ws/moveit_ws/install/moveit_resources_panda_moveit_config:/home/wzb/ros2ws/moveit_ws/install/moveit_resources_fanuc_moveit_config:/home/wzb/ros2ws/moveit_ws/install/moveit_resources_pr2_description:/home/wzb/ros2ws/moveit_ws/install/moveit_resources_panda_description:/home/wzb/ros2ws/moveit_ws/install/moveit_resources_fanuc_description:/home/wzb/ros2ws/moveit_ws/install/moveit_msgs:/home/wzb/ros2ws/moveit_ws/install/moveit_common:/opt/ros/humble LD_LIBRARY_PATH=/home/wzb/ros2ws/moveit_ws/install/moveit_setup_framework/lib:/home/wzb/ros2ws/moveit_ws/install/moveit_ros_visualization/lib:/home/wzb/ros2ws/moveit_ws/install/moveit_ros_planning_interface/lib:/home/wzb/ros2ws/moveit_ws/install/moveit_ros_move_group/lib:/home/wzb/ros2ws/moveit_ws/install/moveit_ros_warehouse/lib:/home/wzb/ros2ws/moveit_ws/install/moveit_ros_robot_interaction/lib:/home/wzb/ros2ws/moveit_ws/install/moveit_kinematics/lib:/home/wzb/ros2ws/moveit_ws/install/moveit_ros_planning/lib:/home/wzb/ros2ws/moveit_ws/install/moveit_simple_controller_manager/lib:/home/wzb/ros2ws/moveit_ws/install/moveit_ros_occupancy_map_monitor/lib:/home/wzb/ros2ws/moveit_ws/install/moveit_core/lib:/home/wzb/ros2ws/moveit_ws/install/moveit_msgs/lib:${LD_LIBRARY_PATH} PATH=/home/wzb/ros2ws/moveit_ws/install/moveit_core/bin:${PATH} PYTHONPATH=/home/wzb/ros2ws/moveit_ws/install/moveit_msgs/local/lib/python3.10/dist-packages:/home/wzb/ros2ws/moveit_ws/install/moveit_configs_utils/lib/python3.10/site-packages:${PYTHONPATH} /usr/bin/cmake /home/wzb/ros2ws/moveit_ws/src/moveit2/moveit_setup_assistant/moveit_setup_srdf_plugins -DCMAKE_BUILD_TYPE=Release -DCMAKE_INSTALL_PREFIX=/home/wzb/ros2ws/moveit_ws/install/moveit_setup_srdf_plugins
[0.085s] -- The CXX compiler identification is GNU 11.4.0
[0.091s] -- Detecting CXX compiler ABI info
[0.167s] -- Detecting CXX compiler ABI info - done
[0.176s] -- Check for working CXX compiler: /usr/bin/c++ - skipped
[0.176s] -- Detecting CXX compile features
[0.177s] -- Detecting CXX compile features - done
[0.179s] -- Found moveit_common: 2.14.1 (/home/wzb/ros2ws/moveit_ws/install/moveit_common/share/moveit_common/cmake)
[0.182s] -- Found ament_cmake: 1.3.12 (/opt/ros/humble/share/ament_cmake/cmake)
[0.351s] -- Found Python3: /usr/bin/python3 (found version "3.10.12") found components: Interpreter 
[0.522s] -- Found ament_cmake_ros: 0.10.0 (/opt/ros/humble/share/ament_cmake_ros/cmake)
[0.533s] -- Found moveit_setup_framework: 2.14.1 (/home/wzb/ros2ws/moveit_ws/install/moveit_setup_framework/share/moveit_setup_framework/cmake)
[0.600s] -- Found rosidl_generator_c: 3.1.7 (/opt/ros/humble/share/rosidl_generator_c/cmake)
[0.608s] -- Found rosidl_adapter: 3.1.7 (/opt/ros/humble/share/rosidl_adapter/cmake)
[0.620s] -- Found rosidl_generator_cpp: 3.1.7 (/opt/ros/humble/share/rosidl_generator_cpp/cmake)
[0.637s] -- Using all available rosidl_typesupport_c: rosidl_typesupport_fastrtps_c;rosidl_typesupport_introspection_c
[0.661s] -- Using all available rosidl_typesupport_cpp: rosidl_typesupport_fastrtps_cpp;rosidl_typesupport_introspection_cpp
[0.726s] -- Found rmw_implementation_cmake: 6.1.2 (/opt/ros/humble/share/rmw_implementation_cmake/cmake)
[0.730s] -- Found rmw_fastrtps_cpp: 6.2.9 (/opt/ros/humble/share/rmw_fastrtps_cpp/cmake)
[0.831s] -- Found OpenSSL: /usr/lib/x86_64-linux-gnu/libcrypto.so (found version "3.0.2")  
[0.863s] -- Found FastRTPS: /opt/ros/humble/include  
[0.911s] -- Using RMW implementation 'rmw_fastrtps_cpp' as default
[0.919s] -- Looking for C++ include pthread.h
[1.073s] -- Looking for C++ include pthread.h - found
[1.073s] -- Performing Test CMAKE_HAVE_LIBC_PTHREAD
[1.234s] -- Performing Test CMAKE_HAVE_LIBC_PTHREAD - Success
[1.236s] -- Found Threads: TRUE  
[1.374s] -- Found Boost: /usr/lib/x86_64-linux-gnu/cmake/Boost-1.74.0/BoostConfig.cmake (found version "1.74.0") found components: chrono date_time filesystem iostreams program_options regex serialization system thread 
[1.440s] -- Found parameter_traits: 0.5.0 (/opt/ros/humble/share/parameter_traits/cmake)
[1.460s] -- Found rclcpp_lifecycle: 16.0.16 (/opt/ros/humble/share/rclcpp_lifecycle/cmake)
[1.495s] -- Found Boost: /usr/lib/x86_64-linux-gnu/cmake/Boost-1.74.0/BoostConfig.cmake (found version "1.74.0") found components: filesystem 
[1.612s] -- library: /usr/lib/x86_64-linux-gnu/libcurl.so
[1.699s] -- Found Eigen3: TRUE (found version "3.4.0") 
[1.699s] -- Ensuring Eigen3 include directory is part of orocos-kdl CMake target
[2.046s] -- Found Boost: /usr/lib/x86_64-linux-gnu/cmake/Boost-1.74.0/BoostConfig.cmake (found version "1.74.0") found components: system filesystem date_time program_options thread chrono 
[2.092s] -- Found Boost: /usr/lib/x86_64-linux-gnu/cmake/Boost-1.74.0/BoostConfig.cmake (found version "1.74.0") found components: thread date_time system filesystem 
[2.111s] -- Found Boost: /usr/lib/x86_64-linux-gnu/cmake/Boost-1.74.0/BoostConfig.cmake (found version "1.74.0") found components: date_time filesystem program_options system thread 
[2.128s] -- Found Boost: /usr/lib/x86_64-linux-gnu/cmake/Boost-1.74.0/BoostConfig.cmake (found version "1.74.0") found components: thread system filesystem regex date_time program_options 
[2.151s] -- Found Boost: /usr/lib/x86_64-linux-gnu/cmake/Boost-1.74.0/BoostConfig.cmake (found version "1.74.0") found components: system filesystem date_time program_options thread 
[2.195s] -- Setting OGRE_DIR to: '/opt/ros/humble/share/rviz_ogre_vendor/cmake/../../../opt/rviz_ogre_vendor/lib/OGRE/cmake'
[2.196s] -- Found OGRE
[2.196s] --   static     : OFF
[2.196s] --   components : HLMS;MeshLodGenerator;Overlay;Paging;Property;RTShaderSystem;Terrain;Volume
[2.196s] --   plugins    : Plugin_BSPSceneManager;Plugin_OctreeSceneManager;Plugin_PCZSceneManager;Plugin_ParticleFX;RenderSystem_GL;RenderSystem_GL3Plus;Codec_STBI
[2.196s] --   media      : /opt/ros/humble/opt/rviz_ogre_vendor/share/OGRE/Media
[2.196s] -- OGRE_LIBRARIES: OgreHLMS;OgreMeshLodGenerator;OgreOverlay;OgrePaging;OgreProperty;OgreRTShaderSystem;OgreTerrain;OgreVolume;OgreMain
[2.196s] -- OGRE_LIBRARY_DIRS: /opt/ros/humble/opt/rviz_ogre_vendor/lib
[2.197s] -- OGRE_PLUGINS: Plugin_BSPSceneManager;Plugin_OctreeSceneManager;Plugin_PCZSceneManager;Plugin_ParticleFX;RenderSystem_GL;RenderSystem_GL3Plus;Codec_STBI
[2.197s] -- OGRE_PLUGIN_DIR: /opt/ros/humble/opt/rviz_ogre_vendor/lib/OGRE
[2.197s] -- rviz_ogre_vendor::OgreOverlay for IMPORTED_LOCATION_RELEASE: /opt/ros/humble/opt/rviz_ogre_vendor/lib/libOgreOverlay.so
[2.197s] -- rviz_ogre_vendor::OgreOverlay for IMPORTED_LOCATION_DEBUG: /opt/ros/humble/opt/rviz_ogre_vendor/lib/libOgreOverlay.so
[2.197s] -- rviz_ogre_vendor::OgreMain for IMPORTED_LOCATION_RELEASE: /opt/ros/humble/opt/rviz_ogre_vendor/lib/libOgreMain.so
[2.197s] -- rviz_ogre_vendor::OgreMain for IMPORTED_LOCATION_DEBUG: /opt/ros/humble/opt/rviz_ogre_vendor/lib/libOgreMain.so
[2.197s] -- Could not find freeimage library
[2.212s] -- Found ZLIB: /usr/lib/x86_64-linux-gnu/libz.so (found version "1.2.11") 
[2.216s] -- Found OpenGL: /usr/lib/x86_64-linux-gnu/libOpenGL.so   
[2.299s] -- Found X11: /usr/include   
[2.299s] -- Looking for XOpenDisplay in /usr/lib/x86_64-linux-gnu/libX11.so;/usr/lib/x86_64-linux-gnu/libXext.so
[2.467s] -- Looking for XOpenDisplay in /usr/lib/x86_64-linux-gnu/libX11.so;/usr/lib/x86_64-linux-gnu/libXext.so - found
[2.467s] -- Looking for gethostbyname
[2.607s] -- Looking for gethostbyname - found
[2.607s] -- Looking for connect
[2.743s] -- Looking for connect - found
[2.743s] -- Looking for remove
[2.886s] -- Looking for remove - found
[2.886s] -- Looking for shmat
[3.069s] -- Looking for shmat - found
[3.069s] -- Looking for IceConnectionNumber in ICE
[3.261s] -- Looking for IceConnectionNumber in ICE - found
[3.299s] -- Setting assimp_DIR to: '/opt/ros/humble/share/rviz_assimp_vendor/cmake/../../../opt/rviz_assimp_vendor/lib/cmake/assimp-4.1'
[3.489s] -- Found gtest sources under '/opt/ros/humble/src/gtest_vendor': C++ tests using 'Google Test' will be built
[3.603s] -- The C compiler identification is GNU 11.4.0
[3.629s] -- Detecting C compiler ABI info
[3.965s] -- Detecting C compiler ABI info - done
[3.975s] -- Check for working C compiler: /usr/bin/cc - skipped
[3.975s] -- Detecting C compile features
[3.975s] -- Detecting C compile features - done
[3.998s] -- Configuring done
[4.192s] -- Generating done
[4.242s] -- Build files have been written to: /home/wzb/ros2ws/moveit_ws/build/moveit_setup_srdf_plugins
[4.305s] Invoked command in '/home/wzb/ros2ws/moveit_ws/build/moveit_setup_srdf_plugins' returned '0': AMENT_PREFIX_PATH=/home/wzb/ros2ws/moveit_ws/install/moveit_setup_framework:/home/wzb/ros2ws/moveit_ws/install/moveit_ros_visualization:/home/wzb/ros2ws/moveit_ws/install/moveit_ros_planning_interface:/home/wzb/ros2ws/moveit_ws/install/moveit_ros_move_group:/home/wzb/ros2ws/moveit_ws/install/moveit_ros_warehouse:/home/wzb/ros2ws/moveit_ws/install/moveit_ros_robot_interaction:/home/wzb/ros2ws/moveit_ws/install/moveit_kinematics:/home/wzb/ros2ws/moveit_ws/install/moveit_ros_planning:/home/wzb/ros2ws/moveit_ws/install/moveit_simple_controller_manager:/home/wzb/ros2ws/moveit_ws/install/moveit_ros_occupancy_map_monitor:/home/wzb/ros2ws/moveit_ws/install/moveit_core:/home/wzb/ros2ws/moveit_ws/install/moveit_resources_panda_moveit_config:/home/wzb/ros2ws/moveit_ws/install/moveit_resources_fanuc_moveit_config:/home/wzb/ros2ws/moveit_ws/install/moveit_resources_pr2_description:/home/wzb/ros2ws/moveit_ws/install/moveit_resources_panda_description:/home/wzb/ros2ws/moveit_ws/install/moveit_resources_fanuc_description:/home/wzb/ros2ws/moveit_ws/install/moveit_msgs:/home/wzb/ros2ws/moveit_ws/install/moveit_configs_utils:/home/wzb/ros2ws/moveit_ws/install/moveit_common:${AMENT_PREFIX_PATH} CMAKE_PREFIX_PATH=/home/wzb/ros2ws/moveit_ws/install/moveit_setup_framework:/home/wzb/ros2ws/moveit_ws/install/moveit_ros_visualization:/home/wzb/ros2ws/moveit_ws/install/moveit_ros_planning_interface:/home/wzb/ros2ws/moveit_ws/install/moveit_ros_move_group:/home/wzb/ros2ws/moveit_ws/install/moveit_ros_warehouse:/home/wzb/ros2ws/moveit_ws/install/moveit_ros_robot_interaction:/home/wzb/ros2ws/moveit_ws/install/moveit_kinematics:/home/wzb/ros2ws/moveit_ws/install/moveit_ros_planning:/home/wzb/ros2ws/moveit_ws/install/moveit_simple_controller_manager:/home/wzb/ros2ws/moveit_ws/install/moveit_ros_occupancy_map_monitor:/home/wzb/ros2ws/moveit_ws/install/moveit_core:/home/wzb/ros2ws/moveit_ws/install/moveit_resources_panda_moveit_config:/home/wzb/ros2ws/moveit_ws/install/moveit_resources_fanuc_moveit_config:/home/wzb/ros2ws/moveit_ws/install/moveit_resources_pr2_description:/home/wzb/ros2ws/moveit_ws/install/moveit_resources_panda_description:/home/wzb/ros2ws/moveit_ws/install/moveit_resources_fanuc_description:/home/wzb/ros2ws/moveit_ws/install/moveit_msgs:/home/wzb/ros2ws/moveit_ws/install/moveit_common:/opt/ros/humble LD_LIBRARY_PATH=/home/wzb/ros2ws/moveit_ws/install/moveit_setup_framework/lib:/home/wzb/ros2ws/moveit_ws/install/moveit_ros_visualization/lib:/home/wzb/ros2ws/moveit_ws/install/moveit_ros_planning_interface/lib:/home/wzb/ros2ws/moveit_ws/install/moveit_ros_move_group/lib:/home/wzb/ros2ws/moveit_ws/install/moveit_ros_warehouse/lib:/home/wzb/ros2ws/moveit_ws/install/moveit_ros_robot_interaction/lib:/home/wzb/ros2ws/moveit_ws/install/moveit_kinematics/lib:/home/wzb/ros2ws/moveit_ws/install/moveit_ros_planning/lib:/home/wzb/ros2ws/moveit_ws/install/moveit_simple_controller_manager/lib:/home/wzb/ros2ws/moveit_ws/install/moveit_ros_occupancy_map_monitor/lib:/home/wzb/ros2ws/moveit_ws/install/moveit_core/lib:/home/wzb/ros2ws/moveit_ws/install/moveit_msgs/lib:${LD_LIBRARY_PATH} PATH=/home/wzb/ros2ws/moveit_ws/install/moveit_core/bin:${PATH} PYTHONPATH=/home/wzb/ros2ws/moveit_ws/install/moveit_msgs/local/lib/python3.10/dist-packages:/home/wzb/ros2ws/moveit_ws/install/moveit_configs_utils/lib/python3.10/site-packages:${PYTHONPATH} /usr/bin/cmake /home/wzb/ros2ws/moveit_ws/src/moveit2/moveit_setup_assistant/moveit_setup_srdf_plugins -DCMAKE_BUILD_TYPE=Release -DCMAKE_INSTALL_PREFIX=/home/wzb/ros2ws/moveit_ws/install/moveit_setup_srdf_plugins
[4.305s] Invoking command in '/home/wzb/ros2ws/moveit_ws/build/moveit_setup_srdf_plugins': AMENT_PREFIX_PATH=/home/wzb/ros2ws/moveit_ws/install/moveit_setup_framework:/home/wzb/ros2ws/moveit_ws/install/moveit_ros_visualization:/home/wzb/ros2ws/moveit_ws/install/moveit_ros_planning_interface:/home/wzb/ros2ws/moveit_ws/install/moveit_ros_move_group:/home/wzb/ros2ws/moveit_ws/install/moveit_ros_warehouse:/home/wzb/ros2ws/moveit_ws/install/moveit_ros_robot_interaction:/home/wzb/ros2ws/moveit_ws/install/moveit_kinematics:/home/wzb/ros2ws/moveit_ws/install/moveit_ros_planning:/home/wzb/ros2ws/moveit_ws/install/moveit_simple_controller_manager:/home/wzb/ros2ws/moveit_ws/install/moveit_ros_occupancy_map_monitor:/home/wzb/ros2ws/moveit_ws/install/moveit_core:/home/wzb/ros2ws/moveit_ws/install/moveit_resources_panda_moveit_config:/home/wzb/ros2ws/moveit_ws/install/moveit_resources_fanuc_moveit_config:/home/wzb/ros2ws/moveit_ws/install/moveit_resources_pr2_description:/home/wzb/ros2ws/moveit_ws/install/moveit_resources_panda_description:/home/wzb/ros2ws/moveit_ws/install/moveit_resources_fanuc_description:/home/wzb/ros2ws/moveit_ws/install/moveit_msgs:/home/wzb/ros2ws/moveit_ws/install/moveit_configs_utils:/home/wzb/ros2ws/moveit_ws/install/moveit_common:${AMENT_PREFIX_PATH} CMAKE_PREFIX_PATH=/home/wzb/ros2ws/moveit_ws/install/moveit_setup_framework:/home/wzb/ros2ws/moveit_ws/install/moveit_ros_visualization:/home/wzb/ros2ws/moveit_ws/install/moveit_ros_planning_interface:/home/wzb/ros2ws/moveit_ws/install/moveit_ros_move_group:/home/wzb/ros2ws/moveit_ws/install/moveit_ros_warehouse:/home/wzb/ros2ws/moveit_ws/install/moveit_ros_robot_interaction:/home/wzb/ros2ws/moveit_ws/install/moveit_kinematics:/home/wzb/ros2ws/moveit_ws/install/moveit_ros_planning:/home/wzb/ros2ws/moveit_ws/install/moveit_simple_controller_manager:/home/wzb/ros2ws/moveit_ws/install/moveit_ros_occupancy_map_monitor:/home/wzb/ros2ws/moveit_ws/install/moveit_core:/home/wzb/ros2ws/moveit_ws/install/moveit_resources_panda_moveit_config:/home/wzb/ros2ws/moveit_ws/install/moveit_resources_fanuc_moveit_config:/home/wzb/ros2ws/moveit_ws/install/moveit_resources_pr2_description:/home/wzb/ros2ws/moveit_ws/install/moveit_resources_panda_description:/home/wzb/ros2ws/moveit_ws/install/moveit_resources_fanuc_description:/home/wzb/ros2ws/moveit_ws/install/moveit_msgs:/home/wzb/ros2ws/moveit_ws/install/moveit_common:/opt/ros/humble LD_LIBRARY_PATH=/home/wzb/ros2ws/moveit_ws/install/moveit_setup_framework/lib:/home/wzb/ros2ws/moveit_ws/install/moveit_ros_visualization/lib:/home/wzb/ros2ws/moveit_ws/install/moveit_ros_planning_interface/lib:/home/wzb/ros2ws/moveit_ws/install/moveit_ros_move_group/lib:/home/wzb/ros2ws/moveit_ws/install/moveit_ros_warehouse/lib:/home/wzb/ros2ws/moveit_ws/install/moveit_ros_robot_interaction/lib:/home/wzb/ros2ws/moveit_ws/install/moveit_kinematics/lib:/home/wzb/ros2ws/moveit_ws/install/moveit_ros_planning/lib:/home/wzb/ros2ws/moveit_ws/install/moveit_simple_controller_manager/lib:/home/wzb/ros2ws/moveit_ws/install/moveit_ros_occupancy_map_monitor/lib:/home/wzb/ros2ws/moveit_ws/install/moveit_core/lib:/home/wzb/ros2ws/moveit_ws/install/moveit_msgs/lib:${LD_LIBRARY_PATH} PATH=/home/wzb/ros2ws/moveit_ws/install/moveit_core/bin:${PATH} PYTHONPATH=/home/wzb/ros2ws/moveit_ws/install/moveit_msgs/local/lib/python3.10/dist-packages:/home/wzb/ros2ws/moveit_ws/install/moveit_configs_utils/lib/python3.10/site-packages:${PYTHONPATH} /usr/bin/cmake --build /home/wzb/ros2ws/moveit_ws/build/moveit_setup_srdf_plugins -- -j20 -l20
[4.501s] [  2%] [34m[1mGenerating include/moveit_setup_srdf_plugins/moc_virtual_joints_widget.cpp[0m
[4.515s] [  4%] [34m[1mGenerating include/moveit_setup_srdf_plugins/moc_collision_linear_model.cpp[0m
[4.519s] [  6%] [34m[1mGenerating include/moveit_setup_srdf_plugins/moc_collision_matrix_model.cpp[0m
[4.564s] [  8%] [34m[1mGenerating include/moveit_setup_srdf_plugins/moc_default_collisions_widget.cpp[0m
[4.592s] [ 10%] [32mBuilding CXX object gtest/CMakeFiles/gtest_main.dir/src/gtest_main.cc.o[0m
[4.620s] [ 12%] [32mBuilding CXX object gtest/CMakeFiles/gtest.dir/src/gtest-all.cc.o[0m
[4.632s] [ 14%] [34m[1mGenerating include/moveit_setup_srdf_plugins/moc_group_edit_widget.cpp[0m
[4.636s] [ 16%] [34m[1mGenerating include/moveit_setup_srdf_plugins/moc_end_effectors_widget.cpp[0m
[4.664s] [ 18%] [34m[1mGenerating include/moveit_setup_srdf_plugins/moc_kinematic_chain_widget.cpp[0m
[4.688s] [ 20%] [34m[1mGenerating include/moveit_setup_srdf_plugins/moc_passive_joints_widget.cpp[0m
[4.740s] [ 22%] [34m[1mGenerating include/moveit_setup_srdf_plugins/moc_planning_groups_widget.cpp[0m
[4.792s] [ 25%] [34m[1mGenerating include/moveit_setup_srdf_plugins/moc_robot_poses_widget.cpp[0m
[4.811s] [ 27%] [34m[1mGenerating include/moveit_setup_srdf_plugins/moc_rotated_header_view.cpp[0m
[4.850s] /home/wzb/ros2ws/moveit_ws/src/moveit2/moveit_setup_assistant/moveit_setup_srdf_plugins/include/moveit_setup_srdf_plugins/rotated_header_view.hpp:0: Note: No relevant classes found. No output generated.
[4.981s] [ 29%] [32mBuilding CXX object CMakeFiles/moveit_setup_srdf_plugins.dir/src/collision_linear_model.cpp.o[0m
[5.005s] [ 31%] [32mBuilding CXX object CMakeFiles/moveit_setup_srdf_plugins.dir/src/compute_default_collisions.cpp.o[0m
[5.011s] [ 33%] [32mBuilding CXX object CMakeFiles/moveit_setup_srdf_plugins.dir/src/default_collisions.cpp.o[0m
[5.013s] [ 35%] [32mBuilding CXX object CMakeFiles/moveit_setup_srdf_plugins.dir/src/collision_matrix_model.cpp.o[0m
[5.054s] [ 37%] [32mBuilding CXX object CMakeFiles/moveit_setup_srdf_plugins.dir/src/default_collisions_widget.cpp.o[0m
[5.096s] [ 39%] [32mBuilding CXX object CMakeFiles/moveit_setup_srdf_plugins.dir/src/end_effectors.cpp.o[0m
[5.120s] [ 41%] [32mBuilding CXX object CMakeFiles/moveit_setup_srdf_plugins.dir/src/end_effectors_widget.cpp.o[0m
[5.125s] [ 43%] [32mBuilding CXX object CMakeFiles/moveit_setup_srdf_plugins.dir/src/group_edit_widget.cpp.o[0m
[5.165s] [ 45%] [32mBuilding CXX object CMakeFiles/moveit_setup_srdf_plugins.dir/src/group_meta_config.cpp.o[0m
[5.232s] [ 47%] [32mBuilding CXX object CMakeFiles/moveit_setup_srdf_plugins.dir/src/kinematic_chain_widget.cpp.o[0m
[5.239s] [ 50%] [32mBuilding CXX object CMakeFiles/moveit_setup_srdf_plugins.dir/src/passive_joints.cpp.o[0m
[5.268s] [ 52%] [32mBuilding CXX object CMakeFiles/moveit_setup_srdf_plugins.dir/src/passive_joints_widget.cpp.o[0m
[5.270s] [ 54%] [32mBuilding CXX object CMakeFiles/moveit_setup_srdf_plugins.dir/src/planning_groups.cpp.o[0m
[5.290s] [ 56%] [32mBuilding CXX object CMakeFiles/moveit_setup_srdf_plugins.dir/src/planning_groups_widget.cpp.o[0m
[5.405s] [ 58%] [32mBuilding CXX object CMakeFiles/moveit_setup_srdf_plugins.dir/src/robot_poses.cpp.o[0m
[5.468s] [ 60%] [32mBuilding CXX object CMakeFiles/moveit_setup_srdf_plugins.dir/src/robot_poses_widget.cpp.o[0m
[5.492s] [ 62%] [32mBuilding CXX object CMakeFiles/moveit_setup_srdf_plugins.dir/src/rotated_header_view.cpp.o[0m
[5.572s] [ 64%] [32mBuilding CXX object CMakeFiles/moveit_setup_srdf_plugins.dir/src/virtual_joints.cpp.o[0m
[6.051s] [ 66%] [32m[1mLinking CXX static library libgtest_main.a[0m
[6.148s] [ 66%] Built target gtest_main
[6.192s] [ 68%] [32mBuilding CXX object CMakeFiles/moveit_setup_srdf_plugins.dir/src/virtual_joints_widget.cpp.o[0m
[9.436s] [ 70%] [32mBuilding CXX object CMakeFiles/moveit_setup_srdf_plugins.dir/include/moveit_setup_srdf_plugins/moc_collision_linear_model.cpp.o[0m
[34.200s] [ 72%] [32m[1mLinking CXX static library libgtest.a[0m
[34.395s] [ 72%] Built target gtest
[42.063s] [ 75%] [32mBuilding CXX object CMakeFiles/moveit_setup_srdf_plugins.dir/include/moveit_setup_srdf_plugins/moc_virtual_joints_widget.cpp.o[0m
[49.465s] [ 77%] [32mBuilding CXX object CMakeFiles/moveit_setup_srdf_plugins.dir/include/moveit_setup_srdf_plugins/moc_rotated_header_view.cpp.o[0m
[49.476s] [ 79%] [32mBuilding CXX object CMakeFiles/moveit_setup_srdf_plugins.dir/include/moveit_setup_srdf_plugins/moc_robot_poses_widget.cpp.o[0m
[56.569s] [ 81%] [32mBuilding CXX object CMakeFiles/moveit_setup_srdf_plugins.dir/include/moveit_setup_srdf_plugins/moc_planning_groups_widget.cpp.o[0m
[63.273s] [ 83%] [32mBuilding CXX object CMakeFiles/moveit_setup_srdf_plugins.dir/include/moveit_setup_srdf_plugins/moc_passive_joints_widget.cpp.o[0m
[70.305s] [ 91%] [32mBuilding CXX object CMakeFiles/moveit_setup_srdf_plugins.dir/include/moveit_setup_srdf_plugins/moc_default_collisions_widget.cpp.o[0m
[70.305s] [ 91%] [32mBuilding CXX object CMakeFiles/moveit_setup_srdf_plugins.dir/include/moveit_setup_srdf_plugins/moc_kinematic_chain_widget.cpp.o[0m
[70.305s] [ 91%] [32mBuilding CXX object CMakeFiles/moveit_setup_srdf_plugins.dir/include/moveit_setup_srdf_plugins/moc_end_effectors_widget.cpp.o[0m
[70.305s] [ 91%] [32mBuilding CXX object CMakeFiles/moveit_setup_srdf_plugins.dir/include/moveit_setup_srdf_plugins/moc_group_edit_widget.cpp.o[0m
[76.904s] [ 93%] [32mBuilding CXX object CMakeFiles/moveit_setup_srdf_plugins.dir/include/moveit_setup_srdf_plugins/moc_collision_matrix_model.cpp.o[0m
[79.050s] [ 95%] [32m[1mLinking CXX shared library libmoveit_setup_srdf_plugins.so[0m
[79.430s] [ 95%] Built target moveit_setup_srdf_plugins
[79.444s] [ 97%] [32mBuilding CXX object CMakeFiles/test_srdf.dir/test/test_srdf.cpp.o[0m
[87.183s] [100%] [32m[1mLinking CXX executable test_srdf[0m
[87.550s] [100%] Built target test_srdf
[87.556s] Invoked command in '/home/wzb/ros2ws/moveit_ws/build/moveit_setup_srdf_plugins' returned '0': AMENT_PREFIX_PATH=/home/wzb/ros2ws/moveit_ws/install/moveit_setup_framework:/home/wzb/ros2ws/moveit_ws/install/moveit_ros_visualization:/home/wzb/ros2ws/moveit_ws/install/moveit_ros_planning_interface:/home/wzb/ros2ws/moveit_ws/install/moveit_ros_move_group:/home/wzb/ros2ws/moveit_ws/install/moveit_ros_warehouse:/home/wzb/ros2ws/moveit_ws/install/moveit_ros_robot_interaction:/home/wzb/ros2ws/moveit_ws/install/moveit_kinematics:/home/wzb/ros2ws/moveit_ws/install/moveit_ros_planning:/home/wzb/ros2ws/moveit_ws/install/moveit_simple_controller_manager:/home/wzb/ros2ws/moveit_ws/install/moveit_ros_occupancy_map_monitor:/home/wzb/ros2ws/moveit_ws/install/moveit_core:/home/wzb/ros2ws/moveit_ws/install/moveit_resources_panda_moveit_config:/home/wzb/ros2ws/moveit_ws/install/moveit_resources_fanuc_moveit_config:/home/wzb/ros2ws/moveit_ws/install/moveit_resources_pr2_description:/home/wzb/ros2ws/moveit_ws/install/moveit_resources_panda_description:/home/wzb/ros2ws/moveit_ws/install/moveit_resources_fanuc_description:/home/wzb/ros2ws/moveit_ws/install/moveit_msgs:/home/wzb/ros2ws/moveit_ws/install/moveit_configs_utils:/home/wzb/ros2ws/moveit_ws/install/moveit_common:${AMENT_PREFIX_PATH} CMAKE_PREFIX_PATH=/home/wzb/ros2ws/moveit_ws/install/moveit_setup_framework:/home/wzb/ros2ws/moveit_ws/install/moveit_ros_visualization:/home/wzb/ros2ws/moveit_ws/install/moveit_ros_planning_interface:/home/wzb/ros2ws/moveit_ws/install/moveit_ros_move_group:/home/wzb/ros2ws/moveit_ws/install/moveit_ros_warehouse:/home/wzb/ros2ws/moveit_ws/install/moveit_ros_robot_interaction:/home/wzb/ros2ws/moveit_ws/install/moveit_kinematics:/home/wzb/ros2ws/moveit_ws/install/moveit_ros_planning:/home/wzb/ros2ws/moveit_ws/install/moveit_simple_controller_manager:/home/wzb/ros2ws/moveit_ws/install/moveit_ros_occupancy_map_monitor:/home/wzb/ros2ws/moveit_ws/install/moveit_core:/home/wzb/ros2ws/moveit_ws/install/moveit_resources_panda_moveit_config:/home/wzb/ros2ws/moveit_ws/install/moveit_resources_fanuc_moveit_config:/home/wzb/ros2ws/moveit_ws/install/moveit_resources_pr2_description:/home/wzb/ros2ws/moveit_ws/install/moveit_resources_panda_description:/home/wzb/ros2ws/moveit_ws/install/moveit_resources_fanuc_description:/home/wzb/ros2ws/moveit_ws/install/moveit_msgs:/home/wzb/ros2ws/moveit_ws/install/moveit_common:/opt/ros/humble LD_LIBRARY_PATH=/home/wzb/ros2ws/moveit_ws/install/moveit_setup_framework/lib:/home/wzb/ros2ws/moveit_ws/install/moveit_ros_visualization/lib:/home/wzb/ros2ws/moveit_ws/install/moveit_ros_planning_interface/lib:/home/wzb/ros2ws/moveit_ws/install/moveit_ros_move_group/lib:/home/wzb/ros2ws/moveit_ws/install/moveit_ros_warehouse/lib:/home/wzb/ros2ws/moveit_ws/install/moveit_ros_robot_interaction/lib:/home/wzb/ros2ws/moveit_ws/install/moveit_kinematics/lib:/home/wzb/ros2ws/moveit_ws/install/moveit_ros_planning/lib:/home/wzb/ros2ws/moveit_ws/install/moveit_simple_controller_manager/lib:/home/wzb/ros2ws/moveit_ws/install/moveit_ros_occupancy_map_monitor/lib:/home/wzb/ros2ws/moveit_ws/install/moveit_core/lib:/home/wzb/ros2ws/moveit_ws/install/moveit_msgs/lib:${LD_LIBRARY_PATH} PATH=/home/wzb/ros2ws/moveit_ws/install/moveit_core/bin:${PATH} PYTHONPATH=/home/wzb/ros2ws/moveit_ws/install/moveit_msgs/local/lib/python3.10/dist-packages:/home/wzb/ros2ws/moveit_ws/install/moveit_configs_utils/lib/python3.10/site-packages:${PYTHONPATH} /usr/bin/cmake --build /home/wzb/ros2ws/moveit_ws/build/moveit_setup_srdf_plugins -- -j20 -l20
[87.557s] Invoking command in '/home/wzb/ros2ws/moveit_ws/build/moveit_setup_srdf_plugins': AMENT_PREFIX_PATH=/home/wzb/ros2ws/moveit_ws/install/moveit_setup_framework:/home/wzb/ros2ws/moveit_ws/install/moveit_ros_visualization:/home/wzb/ros2ws/moveit_ws/install/moveit_ros_planning_interface:/home/wzb/ros2ws/moveit_ws/install/moveit_ros_move_group:/home/wzb/ros2ws/moveit_ws/install/moveit_ros_warehouse:/home/wzb/ros2ws/moveit_ws/install/moveit_ros_robot_interaction:/home/wzb/ros2ws/moveit_ws/install/moveit_kinematics:/home/wzb/ros2ws/moveit_ws/install/moveit_ros_planning:/home/wzb/ros2ws/moveit_ws/install/moveit_simple_controller_manager:/home/wzb/ros2ws/moveit_ws/install/moveit_ros_occupancy_map_monitor:/home/wzb/ros2ws/moveit_ws/install/moveit_core:/home/wzb/ros2ws/moveit_ws/install/moveit_resources_panda_moveit_config:/home/wzb/ros2ws/moveit_ws/install/moveit_resources_fanuc_moveit_config:/home/wzb/ros2ws/moveit_ws/install/moveit_resources_pr2_description:/home/wzb/ros2ws/moveit_ws/install/moveit_resources_panda_description:/home/wzb/ros2ws/moveit_ws/install/moveit_resources_fanuc_description:/home/wzb/ros2ws/moveit_ws/install/moveit_msgs:/home/wzb/ros2ws/moveit_ws/install/moveit_configs_utils:/home/wzb/ros2ws/moveit_ws/install/moveit_common:${AMENT_PREFIX_PATH} CMAKE_PREFIX_PATH=/home/wzb/ros2ws/moveit_ws/install/moveit_setup_framework:/home/wzb/ros2ws/moveit_ws/install/moveit_ros_visualization:/home/wzb/ros2ws/moveit_ws/install/moveit_ros_planning_interface:/home/wzb/ros2ws/moveit_ws/install/moveit_ros_move_group:/home/wzb/ros2ws/moveit_ws/install/moveit_ros_warehouse:/home/wzb/ros2ws/moveit_ws/install/moveit_ros_robot_interaction:/home/wzb/ros2ws/moveit_ws/install/moveit_kinematics:/home/wzb/ros2ws/moveit_ws/install/moveit_ros_planning:/home/wzb/ros2ws/moveit_ws/install/moveit_simple_controller_manager:/home/wzb/ros2ws/moveit_ws/install/moveit_ros_occupancy_map_monitor:/home/wzb/ros2ws/moveit_ws/install/moveit_core:/home/wzb/ros2ws/moveit_ws/install/moveit_resources_panda_moveit_config:/home/wzb/ros2ws/moveit_ws/install/moveit_resources_fanuc_moveit_config:/home/wzb/ros2ws/moveit_ws/install/moveit_resources_pr2_description:/home/wzb/ros2ws/moveit_ws/install/moveit_resources_panda_description:/home/wzb/ros2ws/moveit_ws/install/moveit_resources_fanuc_description:/home/wzb/ros2ws/moveit_ws/install/moveit_msgs:/home/wzb/ros2ws/moveit_ws/install/moveit_common:/opt/ros/humble LD_LIBRARY_PATH=/home/wzb/ros2ws/moveit_ws/install/moveit_setup_framework/lib:/home/wzb/ros2ws/moveit_ws/install/moveit_ros_visualization/lib:/home/wzb/ros2ws/moveit_ws/install/moveit_ros_planning_interface/lib:/home/wzb/ros2ws/moveit_ws/install/moveit_ros_move_group/lib:/home/wzb/ros2ws/moveit_ws/install/moveit_ros_warehouse/lib:/home/wzb/ros2ws/moveit_ws/install/moveit_ros_robot_interaction/lib:/home/wzb/ros2ws/moveit_ws/install/moveit_kinematics/lib:/home/wzb/ros2ws/moveit_ws/install/moveit_ros_planning/lib:/home/wzb/ros2ws/moveit_ws/install/moveit_simple_controller_manager/lib:/home/wzb/ros2ws/moveit_ws/install/moveit_ros_occupancy_map_monitor/lib:/home/wzb/ros2ws/moveit_ws/install/moveit_core/lib:/home/wzb/ros2ws/moveit_ws/install/moveit_msgs/lib:${LD_LIBRARY_PATH} PATH=/home/wzb/ros2ws/moveit_ws/install/moveit_core/bin:${PATH} PYTHONPATH=/home/wzb/ros2ws/moveit_ws/install/moveit_msgs/local/lib/python3.10/dist-packages:/home/wzb/ros2ws/moveit_ws/install/moveit_configs_utils/lib/python3.10/site-packages:${PYTHONPATH} /usr/bin/cmake --install /home/wzb/ros2ws/moveit_ws/build/moveit_setup_srdf_plugins
[87.560s] -- Install configuration: "Release"
[87.560s] -- Installing: /home/wzb/ros2ws/moveit_ws/install/moveit_setup_srdf_plugins/lib/libmoveit_setup_srdf_plugins.so
[87.562s] -- Set runtime path of "/home/wzb/ros2ws/moveit_ws/install/moveit_setup_srdf_plugins/lib/libmoveit_setup_srdf_plugins.so" to ""
[87.562s] -- Installing: /home/wzb/ros2ws/moveit_ws/install/moveit_setup_srdf_plugins/share/moveit_setup_srdf_plugins/moveit_setup_framework_plugins.xml
[87.562s] -- Installing: /home/wzb/ros2ws/moveit_ws/install/moveit_setup_srdf_plugins/include/moveit_setup_srdf_plugins
[87.562s] -- Installing: /home/wzb/ros2ws/moveit_ws/install/moveit_setup_srdf_plugins/include/moveit_setup_srdf_plugins/moveit_setup_srdf_plugins
[87.562s] -- Installing: /home/wzb/ros2ws/moveit_ws/install/moveit_setup_srdf_plugins/include/moveit_setup_srdf_plugins/moveit_setup_srdf_plugins/robot_poses_widget.hpp
[87.562s] -- Installing: /home/wzb/ros2ws/moveit_ws/install/moveit_setup_srdf_plugins/include/moveit_setup_srdf_plugins/moveit_setup_srdf_plugins/virtual_joints.h
[87.562s] -- Installing: /home/wzb/ros2ws/moveit_ws/install/moveit_setup_srdf_plugins/include/moveit_setup_srdf_plugins/moveit_setup_srdf_plugins/planning_groups_widget.h
[87.562s] -- Installing: /home/wzb/ros2ws/moveit_ws/install/moveit_setup_srdf_plugins/include/moveit_setup_srdf_plugins/moveit_setup_srdf_plugins/default_collisions_widget.hpp
[87.562s] -- Installing: /home/wzb/ros2ws/moveit_ws/install/moveit_setup_srdf_plugins/include/moveit_setup_srdf_plugins/moveit_setup_srdf_plugins/passive_joints.h
[87.562s] -- Installing: /home/wzb/ros2ws/moveit_ws/install/moveit_setup_srdf_plugins/include/moveit_setup_srdf_plugins/moveit_setup_srdf_plugins/group_edit_widget.h
[87.562s] -- Installing: /home/wzb/ros2ws/moveit_ws/install/moveit_setup_srdf_plugins/include/moveit_setup_srdf_plugins/moveit_setup_srdf_plugins/virtual_joints_widget.hpp
[87.562s] -- Installing: /home/wzb/ros2ws/moveit_ws/install/moveit_setup_srdf_plugins/include/moveit_setup_srdf_plugins/moveit_setup_srdf_plugins/end_effectors.h
[87.562s] -- Installing: /home/wzb/ros2ws/moveit_ws/install/moveit_setup_srdf_plugins/include/moveit_setup_srdf_plugins/moveit_setup_srdf_plugins/rotated_header_view.hpp
[87.562s] -- Installing: /home/wzb/ros2ws/moveit_ws/install/moveit_setup_srdf_plugins/include/moveit_setup_srdf_plugins/moveit_setup_srdf_plugins/robot_poses.hpp
[87.562s] -- Installing: /home/wzb/ros2ws/moveit_ws/install/moveit_setup_srdf_plugins/include/moveit_setup_srdf_plugins/moveit_setup_srdf_plugins/virtual_joints_widget.h
[87.562s] -- Installing: /home/wzb/ros2ws/moveit_ws/install/moveit_setup_srdf_plugins/include/moveit_setup_srdf_plugins/moveit_setup_srdf_plugins/end_effectors_widget.hpp
[87.562s] -- Installing: /home/wzb/ros2ws/moveit_ws/install/moveit_setup_srdf_plugins/include/moveit_setup_srdf_plugins/moveit_setup_srdf_plugins/planning_groups_widget.hpp
[87.562s] -- Installing: /home/wzb/ros2ws/moveit_ws/install/moveit_setup_srdf_plugins/include/moveit_setup_srdf_plugins/moveit_setup_srdf_plugins/default_collisions.hpp
[87.562s] -- Installing: /home/wzb/ros2ws/moveit_ws/install/moveit_setup_srdf_plugins/include/moveit_setup_srdf_plugins/moveit_setup_srdf_plugins/default_collisions.h
[87.562s] -- Installing: /home/wzb/ros2ws/moveit_ws/install/moveit_setup_srdf_plugins/include/moveit_setup_srdf_plugins/moveit_setup_srdf_plugins/planning_groups.hpp
[87.562s] -- Installing: /home/wzb/ros2ws/moveit_ws/install/moveit_setup_srdf_plugins/include/moveit_setup_srdf_plugins/moveit_setup_srdf_plugins/end_effectors.hpp
[87.562s] -- Installing: /home/wzb/ros2ws/moveit_ws/install/moveit_setup_srdf_plugins/include/moveit_setup_srdf_plugins/moveit_setup_srdf_plugins/collision_linear_model.h
[87.562s] -- Installing: /home/wzb/ros2ws/moveit_ws/install/moveit_setup_srdf_plugins/include/moveit_setup_srdf_plugins/moveit_setup_srdf_plugins/compute_default_collisions.h
[87.562s] -- Installing: /home/wzb/ros2ws/moveit_ws/install/moveit_setup_srdf_plugins/include/moveit_setup_srdf_plugins/moveit_setup_srdf_plugins/group_meta_config.h
[87.562s] -- Installing: /home/wzb/ros2ws/moveit_ws/install/moveit_setup_srdf_plugins/include/moveit_setup_srdf_plugins/moveit_setup_srdf_plugins/planning_groups.h
[87.562s] -- Installing: /home/wzb/ros2ws/moveit_ws/install/moveit_setup_srdf_plugins/include/moveit_setup_srdf_plugins/moveit_setup_srdf_plugins/passive_joints_widget.h
[87.562s] -- Installing: /home/wzb/ros2ws/moveit_ws/install/moveit_setup_srdf_plugins/include/moveit_setup_srdf_plugins/moveit_setup_srdf_plugins/robot_poses.h
[87.562s] -- Installing: /home/wzb/ros2ws/moveit_ws/install/moveit_setup_srdf_plugins/include/moveit_setup_srdf_plugins/moveit_setup_srdf_plugins/rotated_header_view.h
[87.562s] -- Installing: /home/wzb/ros2ws/moveit_ws/install/moveit_setup_srdf_plugins/include/moveit_setup_srdf_plugins/moveit_setup_srdf_plugins/collision_linear_model.hpp
[87.562s] -- Installing: /home/wzb/ros2ws/moveit_ws/install/moveit_setup_srdf_plugins/include/moveit_setup_srdf_plugins/moveit_setup_srdf_plugins/kinematic_chain_widget.h
[87.562s] -- Installing: /home/wzb/ros2ws/moveit_ws/install/moveit_setup_srdf_plugins/include/moveit_setup_srdf_plugins/moveit_setup_srdf_plugins/virtual_joints.hpp
[87.563s] -- Installing: /home/wzb/ros2ws/moveit_ws/install/moveit_setup_srdf_plugins/include/moveit_setup_srdf_plugins/moveit_setup_srdf_plugins/default_collisions_widget.h
[87.563s] -- Installing: /home/wzb/ros2ws/moveit_ws/install/moveit_setup_srdf_plugins/include/moveit_setup_srdf_plugins/moveit_setup_srdf_plugins/srdf_step.h
[87.563s] -- Installing: /home/wzb/ros2ws/moveit_ws/install/moveit_setup_srdf_plugins/include/moveit_setup_srdf_plugins/moveit_setup_srdf_plugins/passive_joints.hpp
[87.563s] -- Installing: /home/wzb/ros2ws/moveit_ws/install/moveit_setup_srdf_plugins/include/moveit_setup_srdf_plugins/moveit_setup_srdf_plugins/kinematic_chain_widget.hpp
[87.563s] -- Installing: /home/wzb/ros2ws/moveit_ws/install/moveit_setup_srdf_plugins/include/moveit_setup_srdf_plugins/moveit_setup_srdf_plugins/compute_default_collisions.hpp
[87.563s] -- Installing: /home/wzb/ros2ws/moveit_ws/install/moveit_setup_srdf_plugins/include/moveit_setup_srdf_plugins/moveit_setup_srdf_plugins/collision_matrix_model.h
[87.563s] -- Installing: /home/wzb/ros2ws/moveit_ws/install/moveit_setup_srdf_plugins/include/moveit_setup_srdf_plugins/moveit_setup_srdf_plugins/srdf_step.hpp
[87.563s] -- Installing: /home/wzb/ros2ws/moveit_ws/install/moveit_setup_srdf_plugins/include/moveit_setup_srdf_plugins/moveit_setup_srdf_plugins/group_edit_widget.hpp
[87.563s] -- Installing: /home/wzb/ros2ws/moveit_ws/install/moveit_setup_srdf_plugins/include/moveit_setup_srdf_plugins/moveit_setup_srdf_plugins/end_effectors_widget.h
[87.563s] -- Installing: /home/wzb/ros2ws/moveit_ws/install/moveit_setup_srdf_plugins/include/moveit_setup_srdf_plugins/moveit_setup_srdf_plugins/passive_joints_widget.hpp
[87.563s] -- Installing: /home/wzb/ros2ws/moveit_ws/install/moveit_setup_srdf_plugins/include/moveit_setup_srdf_plugins/moveit_setup_srdf_plugins/group_meta_config.hpp
[87.563s] -- Installing: /home/wzb/ros2ws/moveit_ws/install/moveit_setup_srdf_plugins/include/moveit_setup_srdf_plugins/moveit_setup_srdf_plugins/collision_matrix_model.hpp
[87.563s] -- Installing: /home/wzb/ros2ws/moveit_ws/install/moveit_setup_srdf_plugins/include/moveit_setup_srdf_plugins/moveit_setup_srdf_plugins/robot_poses_widget.h
[87.563s] -- Installing: /home/wzb/ros2ws/moveit_ws/install/moveit_setup_srdf_plugins/share/moveit_setup_srdf_plugins/environment/library_path.sh
[87.563s] -- Installing: /home/wzb/ros2ws/moveit_ws/install/moveit_setup_srdf_plugins/share/moveit_setup_srdf_plugins/environment/library_path.dsv
[87.563s] -- Up-to-date: /home/wzb/ros2ws/moveit_ws/install/moveit_setup_srdf_plugins/share/moveit_setup_srdf_plugins/moveit_setup_framework_plugins.xml
[87.563s] -- Installing: /home/wzb/ros2ws/moveit_ws/install/moveit_setup_srdf_plugins/share/ament_index/resource_index/package_run_dependencies/moveit_setup_srdf_plugins
[87.563s] -- Installing: /home/wzb/ros2ws/moveit_ws/install/moveit_setup_srdf_plugins/share/ament_index/resource_index/parent_prefix_path/moveit_setup_srdf_plugins
[87.563s] -- Installing: /home/wzb/ros2ws/moveit_ws/install/moveit_setup_srdf_plugins/share/moveit_setup_srdf_plugins/environment/ament_prefix_path.sh
[87.563s] -- Installing: /home/wzb/ros2ws/moveit_ws/install/moveit_setup_srdf_plugins/share/moveit_setup_srdf_plugins/environment/ament_prefix_path.dsv
[87.563s] -- Installing: /home/wzb/ros2ws/moveit_ws/install/moveit_setup_srdf_plugins/share/moveit_setup_srdf_plugins/environment/path.sh
[87.563s] -- Installing: /home/wzb/ros2ws/moveit_ws/install/moveit_setup_srdf_plugins/share/moveit_setup_srdf_plugins/environment/path.dsv
[87.563s] -- Installing: /home/wzb/ros2ws/moveit_ws/install/moveit_setup_srdf_plugins/share/moveit_setup_srdf_plugins/local_setup.bash
[87.563s] -- Installing: /home/wzb/ros2ws/moveit_ws/install/moveit_setup_srdf_plugins/share/moveit_setup_srdf_plugins/local_setup.sh
[87.563s] -- Installing: /home/wzb/ros2ws/moveit_ws/install/moveit_setup_srdf_plugins/share/moveit_setup_srdf_plugins/local_setup.zsh
[87.563s] -- Installing: /home/wzb/ros2ws/moveit_ws/install/moveit_setup_srdf_plugins/share/moveit_setup_srdf_plugins/local_setup.dsv
[87.563s] -- Installing: /home/wzb/ros2ws/moveit_ws/install/moveit_setup_srdf_plugins/share/moveit_setup_srdf_plugins/package.dsv
[87.563s] -- Installing: /home/wzb/ros2ws/moveit_ws/install/moveit_setup_srdf_plugins/share/ament_index/resource_index/packages/moveit_setup_srdf_plugins
[87.563s] -- Installing: /home/wzb/ros2ws/moveit_ws/install/moveit_setup_srdf_plugins/share/ament_index/resource_index/moveit_setup_framework__pluginlib__plugin/moveit_setup_srdf_plugins
[87.563s] -- Installing: /home/wzb/ros2ws/moveit_ws/install/moveit_setup_srdf_plugins/share/moveit_setup_srdf_plugins/cmake/moveit_setup_srdf_pluginsTargetsExport.cmake
[87.563s] -- Installing: /home/wzb/ros2ws/moveit_ws/install/moveit_setup_srdf_plugins/share/moveit_setup_srdf_plugins/cmake/moveit_setup_srdf_pluginsTargetsExport-release.cmake
[87.563s] -- Installing: /home/wzb/ros2ws/moveit_ws/install/moveit_setup_srdf_plugins/share/moveit_setup_srdf_plugins/cmake/ament_cmake_export_targets-extras.cmake
[87.564s] -- Installing: /home/wzb/ros2ws/moveit_ws/install/moveit_setup_srdf_plugins/share/moveit_setup_srdf_plugins/cmake/moveit_setup_srdf_pluginsConfig.cmake
[87.564s] -- Installing: /home/wzb/ros2ws/moveit_ws/install/moveit_setup_srdf_plugins/share/moveit_setup_srdf_plugins/cmake/moveit_setup_srdf_pluginsConfig-version.cmake
[87.564s] -- Installing: /home/wzb/ros2ws/moveit_ws/install/moveit_setup_srdf_plugins/share/moveit_setup_srdf_plugins/package.xml
[87.565s] Invoked command in '/home/wzb/ros2ws/moveit_ws/build/moveit_setup_srdf_plugins' returned '0': AMENT_PREFIX_PATH=/home/wzb/ros2ws/moveit_ws/install/moveit_setup_framework:/home/wzb/ros2ws/moveit_ws/install/moveit_ros_visualization:/home/wzb/ros2ws/moveit_ws/install/moveit_ros_planning_interface:/home/wzb/ros2ws/moveit_ws/install/moveit_ros_move_group:/home/wzb/ros2ws/moveit_ws/install/moveit_ros_warehouse:/home/wzb/ros2ws/moveit_ws/install/moveit_ros_robot_interaction:/home/wzb/ros2ws/moveit_ws/install/moveit_kinematics:/home/wzb/ros2ws/moveit_ws/install/moveit_ros_planning:/home/wzb/ros2ws/moveit_ws/install/moveit_simple_controller_manager:/home/wzb/ros2ws/moveit_ws/install/moveit_ros_occupancy_map_monitor:/home/wzb/ros2ws/moveit_ws/install/moveit_core:/home/wzb/ros2ws/moveit_ws/install/moveit_resources_panda_moveit_config:/home/wzb/ros2ws/moveit_ws/install/moveit_resources_fanuc_moveit_config:/home/wzb/ros2ws/moveit_ws/install/moveit_resources_pr2_description:/home/wzb/ros2ws/moveit_ws/install/moveit_resources_panda_description:/home/wzb/ros2ws/moveit_ws/install/moveit_resources_fanuc_description:/home/wzb/ros2ws/moveit_ws/install/moveit_msgs:/home/wzb/ros2ws/moveit_ws/install/moveit_configs_utils:/home/wzb/ros2ws/moveit_ws/install/moveit_common:${AMENT_PREFIX_PATH} CMAKE_PREFIX_PATH=/home/wzb/ros2ws/moveit_ws/install/moveit_setup_framework:/home/wzb/ros2ws/moveit_ws/install/moveit_ros_visualization:/home/wzb/ros2ws/moveit_ws/install/moveit_ros_planning_interface:/home/wzb/ros2ws/moveit_ws/install/moveit_ros_move_group:/home/wzb/ros2ws/moveit_ws/install/moveit_ros_warehouse:/home/wzb/ros2ws/moveit_ws/install/moveit_ros_robot_interaction:/home/wzb/ros2ws/moveit_ws/install/moveit_kinematics:/home/wzb/ros2ws/moveit_ws/install/moveit_ros_planning:/home/wzb/ros2ws/moveit_ws/install/moveit_simple_controller_manager:/home/wzb/ros2ws/moveit_ws/install/moveit_ros_occupancy_map_monitor:/home/wzb/ros2ws/moveit_ws/install/moveit_core:/home/wzb/ros2ws/moveit_ws/install/moveit_resources_panda_moveit_config:/home/wzb/ros2ws/moveit_ws/install/moveit_resources_fanuc_moveit_config:/home/wzb/ros2ws/moveit_ws/install/moveit_resources_pr2_description:/home/wzb/ros2ws/moveit_ws/install/moveit_resources_panda_description:/home/wzb/ros2ws/moveit_ws/install/moveit_resources_fanuc_description:/home/wzb/ros2ws/moveit_ws/install/moveit_msgs:/home/wzb/ros2ws/moveit_ws/install/moveit_common:/opt/ros/humble LD_LIBRARY_PATH=/home/wzb/ros2ws/moveit_ws/install/moveit_setup_framework/lib:/home/wzb/ros2ws/moveit_ws/install/moveit_ros_visualization/lib:/home/wzb/ros2ws/moveit_ws/install/moveit_ros_planning_interface/lib:/home/wzb/ros2ws/moveit_ws/install/moveit_ros_move_group/lib:/home/wzb/ros2ws/moveit_ws/install/moveit_ros_warehouse/lib:/home/wzb/ros2ws/moveit_ws/install/moveit_ros_robot_interaction/lib:/home/wzb/ros2ws/moveit_ws/install/moveit_kinematics/lib:/home/wzb/ros2ws/moveit_ws/install/moveit_ros_planning/lib:/home/wzb/ros2ws/moveit_ws/install/moveit_simple_controller_manager/lib:/home/wzb/ros2ws/moveit_ws/install/moveit_ros_occupancy_map_monitor/lib:/home/wzb/ros2ws/moveit_ws/install/moveit_core/lib:/home/wzb/ros2ws/moveit_ws/install/moveit_msgs/lib:${LD_LIBRARY_PATH} PATH=/home/wzb/ros2ws/moveit_ws/install/moveit_core/bin:${PATH} PYTHONPATH=/home/wzb/ros2ws/moveit_ws/install/moveit_msgs/local/lib/python3.10/dist-packages:/home/wzb/ros2ws/moveit_ws/install/moveit_configs_utils/lib/python3.10/site-packages:${PYTHONPATH} /usr/bin/cmake --install /home/wzb/ros2ws/moveit_ws/build/moveit_setup_srdf_plugins
