[0.008s] Invoking command in '/home/wzb/ros2ws/trac_ws/build/trac_ik_lib': CMAKE_PREFIX_PATH=${CMAKE_PREFIX_PATH}:/home/wzb/ros2ws/my_piper_ros/install/piper:/home/wzb/ros2ws/moveit_ws/install/moveit_configs_utils:/opt/ros/humble /usr/bin/cmake --build /home/wzb/ros2ws/trac_ws/build/trac_ik_lib -- -j20 -l20
[0.023s] -- Found ament_cmake: 1.3.12 (/opt/ros/humble/share/ament_cmake/cmake)
[0.093s] -- Found eigen3_cmake_module: 0.1.1 (/opt/ros/humble/share/eigen3_cmake_module/cmake)
[0.093s] -- Found kdl_parser: 2.6.4 (/opt/ros/humble/share/kdl_parser/cmake)
[0.095s] -- Ensuring Eigen3 include directory is part of orocos-kdl CMake target
[0.102s] -- Found rclcpp: 16.0.16 (/opt/ros/humble/share/rclcpp/cmake)
[0.112s] -- Found rosidl_generator_c: 3.1.7 (/opt/ros/humble/share/rosidl_generator_c/cmake)
[0.112s] -- Found rosidl_adapter: 3.1.7 (/opt/ros/humble/share/rosidl_adapter/cmake)
[0.115s] -- Found rosidl_generator_cpp: 3.1.7 (/opt/ros/humble/share/rosidl_generator_cpp/cmake)
[0.121s] -- Using all available rosidl_typesupport_c: rosidl_typesupport_fastrtps_c;rosidl_typesupport_introspection_c
[0.129s] -- Using all available rosidl_typesupport_cpp: rosidl_typesupport_fastrtps_cpp;rosidl_typesupport_introspection_cpp
[0.147s] -- Found rmw_implementation_cmake: 6.1.2 (/opt/ros/humble/share/rmw_implementation_cmake/cmake)
[0.148s] -- Found rmw_fastrtps_cpp: 6.2.9 (/opt/ros/humble/share/rmw_fastrtps_cpp/cmake)
[0.209s] -- Using RMW implementation 'rmw_fastrtps_cpp' as default
[0.234s] -- Found urdf: 2.6.1 (/opt/ros/humble/share/urdf/cmake)
[0.249s] -- Found ament_lint_auto: 0.12.14 (/opt/ros/humble/share/ament_lint_auto/cmake)
[0.287s] -- Added test 'copyright' to check source files copyright and LICENSE
[0.288s] -- Added test 'cpplint' to check C / C++ code against the Google style
[0.288s] -- Configured cpplint exclude dirs and/or files: 
[0.288s] -- Added test 'lint_cmake' to check CMake code style
[0.288s] -- Added test 'xmllint' to check XML markup files
[0.289s] -- Configuring done
[0.293s] -- Generating done
[0.295s] -- Build files have been written to: /home/wzb/ros2ws/trac_ws/build/trac_ik_lib
[0.312s] [35m[1mConsolidate compiler generated dependencies of target trac_ik_lib[0m
[0.326s] [ 25%] [32mBuilding CXX object CMakeFiles/trac_ik_lib.dir/src/kdl_tl.cpp.o[0m
[0.326s] [ 50%] [32mBuilding CXX object CMakeFiles/trac_ik_lib.dir/src/nlopt_ik.cpp.o[0m
[0.327s] [ 75%] [32mBuilding CXX object CMakeFiles/trac_ik_lib.dir/src/trac_ik.cpp.o[0m
[5.346s] [100%] [32m[1mLinking CXX shared library libtrac_ik_lib.so[0m
[5.500s] [100%] Built target trac_ik_lib
[5.620s] Invoked command in '/home/wzb/ros2ws/trac_ws/build/trac_ik_lib' returned '0': CMAKE_PREFIX_PATH=${CMAKE_PREFIX_PATH}:/home/wzb/ros2ws/my_piper_ros/install/piper:/home/wzb/ros2ws/moveit_ws/install/moveit_configs_utils:/opt/ros/humble /usr/bin/cmake --build /home/wzb/ros2ws/trac_ws/build/trac_ik_lib -- -j20 -l20
[5.626s] Invoking command in '/home/wzb/ros2ws/trac_ws/build/trac_ik_lib': CMAKE_PREFIX_PATH=${CMAKE_PREFIX_PATH}:/home/wzb/ros2ws/my_piper_ros/install/piper:/home/wzb/ros2ws/moveit_ws/install/moveit_configs_utils:/opt/ros/humble /usr/bin/cmake --install /home/wzb/ros2ws/trac_ws/build/trac_ik_lib
[5.631s] -- Install configuration: ""
[5.631s] -- Up-to-date: /home/wzb/ros2ws/trac_ws/install/trac_ik_lib/share/trac_ik_lib/environment/library_path.sh
[5.631s] -- Installing: /home/wzb/ros2ws/trac_ws/install/trac_ik_lib/share/trac_ik_lib/environment/library_path.dsv
[5.631s] -- Up-to-date: /home/wzb/ros2ws/trac_ws/install/trac_ik_lib/include
[5.631s] -- Up-to-date: /home/wzb/ros2ws/trac_ws/install/trac_ik_lib/include/trac_ik
[5.631s] -- Installing: /home/wzb/ros2ws/trac_ws/install/trac_ik_lib/include/trac_ik/dual_quaternion.h
[5.631s] -- Installing: /home/wzb/ros2ws/trac_ws/install/trac_ik_lib/include/trac_ik/visibility_control.hpp
[5.631s] -- Installing: /home/wzb/ros2ws/trac_ws/install/trac_ik_lib/include/trac_ik/kdl_tl.hpp
[5.631s] -- Installing: /home/wzb/ros2ws/trac_ws/install/trac_ik_lib/include/trac_ik/nlopt_ik.hpp
[5.631s] -- Installing: /home/wzb/ros2ws/trac_ws/install/trac_ik_lib/include/trac_ik/math3d.h
[5.631s] -- Installing: /home/wzb/ros2ws/trac_ws/install/trac_ik_lib/include/trac_ik/trac_ik.hpp
[5.631s] -- Installing: /home/wzb/ros2ws/trac_ws/install/trac_ik_lib/lib/libtrac_ik_lib.so
[5.634s] -- Set runtime path of "/home/wzb/ros2ws/trac_ws/install/trac_ik_lib/lib/libtrac_ik_lib.so" to ""
[5.634s] -- Up-to-date: /home/wzb/ros2ws/trac_ws/install/trac_ik_lib/share/ament_index/resource_index/package_run_dependencies/trac_ik_lib
[5.634s] -- Up-to-date: /home/wzb/ros2ws/trac_ws/install/trac_ik_lib/share/ament_index/resource_index/parent_prefix_path/trac_ik_lib
[5.634s] -- Up-to-date: /home/wzb/ros2ws/trac_ws/install/trac_ik_lib/share/trac_ik_lib/environment/ament_prefix_path.sh
[5.634s] -- Installing: /home/wzb/ros2ws/trac_ws/install/trac_ik_lib/share/trac_ik_lib/environment/ament_prefix_path.dsv
[5.634s] -- Up-to-date: /home/wzb/ros2ws/trac_ws/install/trac_ik_lib/share/trac_ik_lib/environment/path.sh
[5.634s] -- Installing: /home/wzb/ros2ws/trac_ws/install/trac_ik_lib/share/trac_ik_lib/environment/path.dsv
[5.634s] -- Up-to-date: /home/wzb/ros2ws/trac_ws/install/trac_ik_lib/share/trac_ik_lib/local_setup.bash
[5.634s] -- Up-to-date: /home/wzb/ros2ws/trac_ws/install/trac_ik_lib/share/trac_ik_lib/local_setup.sh
[5.634s] -- Up-to-date: /home/wzb/ros2ws/trac_ws/install/trac_ik_lib/share/trac_ik_lib/local_setup.zsh
[5.634s] -- Installing: /home/wzb/ros2ws/trac_ws/install/trac_ik_lib/share/trac_ik_lib/local_setup.dsv
[5.634s] -- Installing: /home/wzb/ros2ws/trac_ws/install/trac_ik_lib/share/trac_ik_lib/package.dsv
[5.634s] -- Up-to-date: /home/wzb/ros2ws/trac_ws/install/trac_ik_lib/share/ament_index/resource_index/packages/trac_ik_lib
[5.634s] -- Up-to-date: /home/wzb/ros2ws/trac_ws/install/trac_ik_lib/share/trac_ik_lib/cmake/export_trac_ik_libExport.cmake
[5.634s] -- Up-to-date: /home/wzb/ros2ws/trac_ws/install/trac_ik_lib/share/trac_ik_lib/cmake/export_trac_ik_libExport-noconfig.cmake
[5.634s] -- Up-to-date: /home/wzb/ros2ws/trac_ws/install/trac_ik_lib/share/trac_ik_lib/cmake/ament_cmake_export_targets-extras.cmake
[5.634s] -- Up-to-date: /home/wzb/ros2ws/trac_ws/install/trac_ik_lib/share/trac_ik_lib/cmake/ament_cmake_export_dependencies-extras.cmake
[5.635s] -- Up-to-date: /home/wzb/ros2ws/trac_ws/install/trac_ik_lib/share/trac_ik_lib/cmake/trac_ik_libConfig.cmake
[5.635s] -- Up-to-date: /home/wzb/ros2ws/trac_ws/install/trac_ik_lib/share/trac_ik_lib/cmake/trac_ik_libConfig-version.cmake
[5.635s] -- Installing: /home/wzb/ros2ws/trac_ws/install/trac_ik_lib/share/trac_ik_lib/package.xml
[5.635s] Invoked command in '/home/wzb/ros2ws/trac_ws/build/trac_ik_lib' returned '0': CMAKE_PREFIX_PATH=${CMAKE_PREFIX_PATH}:/home/wzb/ros2ws/my_piper_ros/install/piper:/home/wzb/ros2ws/moveit_ws/install/moveit_configs_utils:/opt/ros/humble /usr/bin/cmake --install /home/wzb/ros2ws/trac_ws/build/trac_ik_lib
