[0.011s] Invoking command in '/home/wzb/ros2ws/moveit_ws/build/moveit_core': CMAKE_PREFIX_PATH=/home/wzb/ros2ws/moveit_ws/install/moveit_resources_panda_moveit_config:/home/wzb/ros2ws/moveit_ws/install/moveit_resources_pr2_description:/home/wzb/ros2ws/moveit_ws/install/moveit_resources_panda_description:/home/wzb/ros2ws/moveit_ws/install/moveit_msgs:/home/wzb/ros2ws/moveit_ws/install/moveit_common:/home/wzb/ros2ws/trac_ws/install/trac_ik:/home/wzb/ros2ws/trac_ws/install/trac_ik_kinematics:/home/wzb/ros2ws/trac_ws/install/trac_ik_examples:/home/wzb/ros2ws/trac_ws/install/trac_ik_lib:/home/wzb/ros2ws/orbbec_ws/install/orbbec_description:/home/wzb/ros2ws/orbbec_ws/install/orbbec_camera:/home/wzb/ros2ws/orbbec_ws/install/orbbec_camera_msgs:/home/wzb/ros2ws/my_piper_ros/install/piper_with_gripper_moveit:/home/wzb/ros2ws/my_piper_ros/install/piper_no_gripper_moveit:/home/wzb/ros2ws/my_piper_ros/install/piper_mujoco:/home/wzb/ros2ws/my_piper_ros/install/piper_msgs:/home/wzb/ros2ws/my_piper_ros/install/piper_humble:/home/wzb/ros2ws/my_piper_ros/install/piper_gazebo:/home/wzb/ros2ws/my_piper_ros/install/piper_description:/home/wzb/ros2ws/moveit_ws/install/pilz_industrial_motion_planner_testutils:/home/wzb/ros2ws/moveit_ws/install/moveit_runtime:/home/wzb/ros2ws/moveit_ws/install/moveit:/home/wzb/ros2ws/moveit_ws/install/moveit_planners:/home/wzb/ros2ws/moveit_ws/install/pilz_industrial_motion_planner:/home/wzb/ros2ws/moveit_ws/install/moveit_ros_control_interface:/home/wzb/ros2ws/moveit_ws/install/moveit_plugins:/home/wzb/ros2ws/moveit_ws/install/moveit_simple_controller_manager:/home/wzb/ros2ws/moveit_ws/install/moveit_setup_assistant:/home/wzb/ros2ws/moveit_ws/install/moveit_setup_srdf_plugins:/home/wzb/ros2ws/moveit_ws/install/moveit_setup_core_plugins:/home/wzb/ros2ws/moveit_ws/install/moveit_setup_controllers:/home/wzb/ros2ws/moveit_ws/install/moveit_setup_app_plugins:/home/wzb/ros2ws/moveit_ws/install/moveit_setup_framework:/home/wzb/ros2ws/moveit_ws/install/moveit_servo:/home/wzb/ros2ws/moveit_ws/install/moveit_ros_trajectory_cache:/home/wzb/ros2ws/moveit_ws/install/moveit_ros:/home/wzb/ros2ws/moveit_ws/install/moveit_ros_visualization:/home/wzb/ros2ws/moveit_ws/install/moveit_py:/home/wzb/ros2ws/moveit_ws/install/moveit_hybrid_planning:/home/wzb/ros2ws/moveit_ws/install/moveit_ros_planning_interface:/home/wzb/ros2ws/moveit_ws/install/moveit_ros_benchmarks:/home/wzb/ros2ws/moveit_ws/install/moveit_ros_warehouse:/home/wzb/ros2ws/moveit_ws/install/moveit_ros_robot_interaction:/home/wzb/ros2ws/moveit_ws/install/moveit_ros_perception:/home/wzb/ros2ws/moveit_ws/install/moveit_resources_prbt_pg70_support:/home/wzb/ros2ws/moveit_ws/install/moveit_resources_prbt_moveit_config:/home/wzb/ros2ws/moveit_ws/install/moveit_ros_move_group:/home/wzb/ros2ws/moveit_ws/install/moveit_planners_ompl:/home/wzb/ros2ws/moveit_ws/install/moveit_kinematics:/home/wzb/ros2ws/moveit_ws/install/moveit_ros_planning:/home/wzb/ros2ws/moveit_ws/install/moveit_ros_occupancy_map_monitor:/home/wzb/ros2ws/moveit_ws/install/moveit_resources_prbt_support:/home/wzb/ros2ws/moveit_ws/install/moveit_resources_prbt_ikfast_manipulator_plugin:/home/wzb/ros2ws/moveit_ws/install/moveit_resources:/home/wzb/ros2ws/moveit_ws/install/dual_arm_panda_moveit_config:/home/wzb/ros2ws/moveit_ws/install/moveit_resources_fanuc_moveit_config:/home/wzb/ros2ws/moveit_ws/install/moveit_resources_fanuc_description:/home/wzb/ros2ws/moveit_ws/install/moveit_planners_stomp:/home/wzb/ros2ws/moveit_ws/install/moveit_planners_chomp:/home/wzb/ros2ws/moveit_ws/install/chomp_motion_planner:/home/wzb/ros2ws/moveit_ws/install/moveit_core:/home/wzb/ros2ws/my_piper_ros/install/piper:/home/wzb/ros2ws/moveit_ws/install/moveit_configs_utils:/opt/ros/humble LD_LIBRARY_PATH=/home/wzb/ros2ws/moveit_ws/install/moveit_msgs/lib:/home/wzb/ros2ws/trac_ws/install/trac_ik_kinematics/lib:/home/wzb/ros2ws/trac_ws/install/trac_ik_lib/lib:/home/wzb/ros2ws/orbbec_ws/install/orbbec_camera/lib:/home/wzb/ros2ws/orbbec_ws/install/orbbec_camera_msgs/lib:/home/wzb/ros2ws/my_piper_ros/install/piper_msgs/lib:/home/wzb/ros2ws/moveit_ws/install/pilz_industrial_motion_planner_testutils/lib:/home/wzb/ros2ws/moveit_ws/install/pilz_industrial_motion_planner/lib:/home/wzb/ros2ws/moveit_ws/install/moveit_ros_control_interface/lib:/home/wzb/ros2ws/moveit_ws/install/moveit_simple_controller_manager/lib:/home/wzb/ros2ws/moveit_ws/install/moveit_setup_assistant/lib:/home/wzb/ros2ws/moveit_ws/install/moveit_setup_srdf_plugins/lib:/home/wzb/ros2ws/moveit_ws/install/moveit_setup_core_plugins/lib:/home/wzb/ros2ws/moveit_ws/install/moveit_setup_controllers/lib:/home/wzb/ros2ws/moveit_ws/install/moveit_setup_app_plugins/lib:/home/wzb/ros2ws/moveit_ws/install/moveit_setup_framework/lib:/home/wzb/ros2ws/moveit_ws/install/moveit_servo/lib:/home/wzb/ros2ws/moveit_ws/install/moveit_ros_trajectory_cache/lib:/home/wzb/ros2ws/moveit_ws/install/moveit_ros_visualization/lib:/home/wzb/ros2ws/moveit_ws/install/moveit_py/lib:/home/wzb/ros2ws/moveit_ws/install/moveit_hybrid_planning/lib:/home/wzb/ros2ws/moveit_ws/install/moveit_ros_planning_interface/lib:/home/wzb/ros2ws/moveit_ws/install/moveit_ros_benchmarks/lib:/home/wzb/ros2ws/moveit_ws/install/moveit_ros_warehouse/lib:/home/wzb/ros2ws/moveit_ws/install/moveit_ros_robot_interaction/lib:/home/wzb/ros2ws/moveit_ws/install/moveit_ros_perception/lib:/home/wzb/ros2ws/moveit_ws/install/moveit_ros_move_group/lib:/home/wzb/ros2ws/moveit_ws/install/moveit_planners_ompl/lib:/home/wzb/ros2ws/moveit_ws/install/moveit_kinematics/lib:/home/wzb/ros2ws/moveit_ws/install/moveit_ros_planning/lib:/home/wzb/ros2ws/moveit_ws/install/moveit_ros_occupancy_map_monitor/lib:/home/wzb/ros2ws/moveit_ws/install/moveit_resources_prbt_ikfast_manipulator_plugin/lib:/home/wzb/ros2ws/moveit_ws/install/moveit_planners_stomp/lib:/home/wzb/ros2ws/moveit_ws/install/moveit_planners_chomp/lib:/home/wzb/ros2ws/moveit_ws/install/chomp_motion_planner/lib:/home/wzb/ros2ws/moveit_ws/install/moveit_core/lib:/opt/ros/humble/opt/rviz_ogre_vendor/lib:/opt/ros/humble/lib/x86_64-linux-gnu:/opt/ros/humble/lib /usr/bin/cmake /home/wzb/ros2ws/moveit_ws/src/moveit2/moveit_core -DCMAKE_INSTALL_PREFIX=/home/wzb/ros2ws/moveit_ws/install/moveit_core
[0.018s] -- Found moveit_common: 2.14.1 (/home/wzb/ros2ws/moveit_ws/install/moveit_common/share/moveit_common/cmake)
[0.018s] -- Found ament_cmake: 1.3.12 (/opt/ros/humble/share/ament_cmake/cmake)
[0.126s] -- Found angles: 1.15.0 (/opt/ros/humble/share/angles/cmake)
[0.140s] -- Found common_interfaces: 4.9.0 (/opt/ros/humble/share/common_interfaces/cmake)
[0.140s] -- Found eigen_stl_containers: 1.1.0 (/opt/ros/humble/share/eigen_stl_containers/cmake)
[0.141s] -- Found eigen3_cmake_module: 0.1.1 (/opt/ros/humble/share/eigen3_cmake_module/cmake)
[0.143s] -- Found generate_parameter_library: 0.5.0 (/opt/ros/humble/share/generate_parameter_library/cmake)
[0.143s] -- Found parameter_traits: 0.5.0 (/opt/ros/humble/share/parameter_traits/cmake)
[0.155s] -- Found rosidl_generator_c: 3.1.7 (/opt/ros/humble/share/rosidl_generator_c/cmake)
[0.156s] -- Found rosidl_adapter: 3.1.7 (/opt/ros/humble/share/rosidl_adapter/cmake)
[0.159s] -- Found rosidl_generator_cpp: 3.1.7 (/opt/ros/humble/share/rosidl_generator_cpp/cmake)
[0.166s] -- Using all available rosidl_typesupport_c: rosidl_typesupport_fastrtps_c;rosidl_typesupport_introspection_c
[0.173s] -- Using all available rosidl_typesupport_cpp: rosidl_typesupport_fastrtps_cpp;rosidl_typesupport_introspection_cpp
[0.192s] -- Found rmw_implementation_cmake: 6.1.2 (/opt/ros/humble/share/rmw_implementation_cmake/cmake)
[0.194s] -- Found rmw_fastrtps_cpp: 6.2.9 (/opt/ros/humble/share/rmw_fastrtps_cpp/cmake)
[0.254s] -- Using RMW implementation 'rmw_fastrtps_cpp' as default
[0.283s] -- Found rclcpp_lifecycle: 16.0.16 (/opt/ros/humble/share/rclcpp_lifecycle/cmake)
[0.292s] -- Found geometric_shapes: 2.3.2 (/opt/ros/humble/share/geometric_shapes/cmake)
[0.295s] -- Found Boost: /usr/lib/x86_64-linux-gnu/cmake/Boost-1.74.0/BoostConfig.cmake (found version "1.74.0") found components: filesystem 
[0.321s] -- library: /usr/lib/x86_64-linux-gnu/libcurl.so
[0.349s] -- Found kdl_parser: 2.6.4 (/opt/ros/humble/share/kdl_parser/cmake)
[0.351s] -- Ensuring Eigen3 include directory is part of orocos-kdl CMake target
[0.351s] -- Found moveit_msgs: 2.7.1 (/home/wzb/ros2ws/moveit_ws/install/moveit_msgs/share/moveit_msgs/cmake)
[0.407s] -- Found pluginlib: 5.1.2 (/opt/ros/humble/share/pluginlib/cmake)
[0.418s] -- Found srdfdom: 2.0.7 (/opt/ros/humble/share/srdfdom/cmake)
[0.421s] -- Found tf2_eigen: 0.25.17 (/opt/ros/humble/share/tf2_eigen/cmake)
[0.453s] -- Found tf2_geometry_msgs: 0.25.17 (/opt/ros/humble/share/tf2_geometry_msgs/cmake)
[0.455s] -- Found tf2_kdl: 0.25.17 (/opt/ros/humble/share/tf2_kdl/cmake)
[0.466s] -- Found Boost: /usr/lib/x86_64-linux-gnu/cmake/Boost-1.74.0/BoostConfig.cmake (found version "1.74.0") found components: chrono date_time filesystem iostreams program_options regex serialization system thread 
[0.483s] -- Found ament_cmake_gtest: 1.3.12 (/opt/ros/humble/share/ament_cmake_gtest/cmake)
[0.483s] -- Found gtest sources under '/opt/ros/humble/src/gtest_vendor': C++ tests using 'Google Test' will be built
[0.499s] -- Found gtest sources under '/opt/ros/humble/src/gtest_vendor': C++ tests using 'Google Test' will be built
[0.516s] -- Found gtest sources under '/opt/ros/humble/src/gtest_vendor': C++ tests using 'Google Test' will be built
[0.528s] -- Found ament_cmake_gtest: 1.3.12 (/opt/ros/humble/share/ament_cmake_gtest/cmake)
[0.528s] -- Found gtest sources under '/opt/ros/humble/src/gtest_vendor': C++ tests using 'Google Test' will be built
[0.541s] -- Found ament_cmake_gmock: 1.3.12 (/opt/ros/humble/share/ament_cmake_gmock/cmake)
[0.542s] -- Found gmock sources under '/opt/ros/humble/src/gmock_vendor': C++ tests using 'Google Mock' will be built
[0.544s] -- Found ament_cmake_gtest: 1.3.12 (/opt/ros/humble/share/ament_cmake_gtest/cmake)
[0.544s] -- Found gtest sources under '/opt/ros/humble/src/gtest_vendor': C++ tests using 'Google Test' will be built
[0.558s] -- Found ament_cmake_gtest: 1.3.12 (/opt/ros/humble/share/ament_cmake_gtest/cmake)
[0.558s] -- Found gtest sources under '/opt/ros/humble/src/gtest_vendor': C++ tests using 'Google Test' will be built
[0.582s] -- Found ament_cmake_gtest: 1.3.12 (/opt/ros/humble/share/ament_cmake_gtest/cmake)
[0.583s] -- Found gtest sources under '/opt/ros/humble/src/gtest_vendor': C++ tests using 'Google Test' will be built
[0.614s] -- Found ament_cmake_gtest: 1.3.12 (/opt/ros/humble/share/ament_cmake_gtest/cmake)
[0.614s] -- Found gtest sources under '/opt/ros/humble/src/gtest_vendor': C++ tests using 'Google Test' will be built
[0.631s] -- Found ament_cmake_gtest: 1.3.12 (/opt/ros/humble/share/ament_cmake_gtest/cmake)
[0.631s] -- Found gtest sources under '/opt/ros/humble/src/gtest_vendor': C++ tests using 'Google Test' will be built
[0.651s] -- Found ament_cmake_gtest: 1.3.12 (/opt/ros/humble/share/ament_cmake_gtest/cmake)
[0.652s] -- Found gtest sources under '/opt/ros/humble/src/gtest_vendor': C++ tests using 'Google Test' will be built
[0.664s] -- Found ament_cmake_google_benchmark: 1.3.12 (/opt/ros/humble/share/ament_cmake_google_benchmark/cmake)
[0.665s] -- Found ament_cmake_gtest: 1.3.12 (/opt/ros/humble/share/ament_cmake_gtest/cmake)
[0.666s] -- Found gmock sources under '/opt/ros/humble/src/gmock_vendor': C++ tests using 'Google Mock' will be built
[0.666s] -- Found gtest sources under '/opt/ros/humble/src/gtest_vendor': C++ tests using 'Google Test' will be built
[0.670s] -- Performance tests are disabled by default, so Google Benchmark tests will be skipped. To enable these tests, set the CMake variable 'AMENT_RUN_PERFORMANCE_TESTS'.
[0.676s] -- Found gtest sources under '/opt/ros/humble/src/gtest_vendor': C++ tests using 'Google Test' will be built
[0.686s] -- Found ament_cmake_google_benchmark: 1.3.12 (/opt/ros/humble/share/ament_cmake_google_benchmark/cmake)
[0.686s] -- Found ament_cmake_gtest: 1.3.12 (/opt/ros/humble/share/ament_cmake_gtest/cmake)
[0.687s] -- Found gtest sources under '/opt/ros/humble/src/gtest_vendor': C++ tests using 'Google Test' will be built
[0.689s] -- Performance tests are disabled by default, so Google Benchmark tests will be skipped. To enable these tests, set the CMake variable 'AMENT_RUN_PERFORMANCE_TESTS'.
[0.700s] -- Found ament_cmake_gtest: 1.3.12 (/opt/ros/humble/share/ament_cmake_gtest/cmake)
[0.700s] -- Found gtest sources under '/opt/ros/humble/src/gtest_vendor': C++ tests using 'Google Test' will be built
[0.717s] -- Found launch_testing_ament_cmake: 1.0.13 (/opt/ros/humble/share/launch_testing_ament_cmake/cmake)
[0.717s] -- Found python_cmake_module: 0.10.0 (/opt/ros/humble/share/python_cmake_module/cmake)
[0.732s] -- Using PYTHON_EXECUTABLE: /usr/bin/python3
[0.732s] -- Using PYTHON_INCLUDE_DIRS: /usr/include/python3.10
[0.732s] -- Using PYTHON_LIBRARIES: /usr/lib/x86_64-linux-gnu/libpython3.10.so
[0.734s] --  *** Building MoveIt 2.14.1 devel ***
[0.737s] -- Configuring done
[1.073s] -- Generating done
[1.181s] -- Build files have been written to: /home/wzb/ros2ws/moveit_ws/build/moveit_core
[1.205s] Invoked command in '/home/wzb/ros2ws/moveit_ws/build/moveit_core' returned '0': CMAKE_PREFIX_PATH=/home/wzb/ros2ws/moveit_ws/install/moveit_resources_panda_moveit_config:/home/wzb/ros2ws/moveit_ws/install/moveit_resources_pr2_description:/home/wzb/ros2ws/moveit_ws/install/moveit_resources_panda_description:/home/wzb/ros2ws/moveit_ws/install/moveit_msgs:/home/wzb/ros2ws/moveit_ws/install/moveit_common:/home/wzb/ros2ws/trac_ws/install/trac_ik:/home/wzb/ros2ws/trac_ws/install/trac_ik_kinematics:/home/wzb/ros2ws/trac_ws/install/trac_ik_examples:/home/wzb/ros2ws/trac_ws/install/trac_ik_lib:/home/wzb/ros2ws/orbbec_ws/install/orbbec_description:/home/wzb/ros2ws/orbbec_ws/install/orbbec_camera:/home/wzb/ros2ws/orbbec_ws/install/orbbec_camera_msgs:/home/wzb/ros2ws/my_piper_ros/install/piper_with_gripper_moveit:/home/wzb/ros2ws/my_piper_ros/install/piper_no_gripper_moveit:/home/wzb/ros2ws/my_piper_ros/install/piper_mujoco:/home/wzb/ros2ws/my_piper_ros/install/piper_msgs:/home/wzb/ros2ws/my_piper_ros/install/piper_humble:/home/wzb/ros2ws/my_piper_ros/install/piper_gazebo:/home/wzb/ros2ws/my_piper_ros/install/piper_description:/home/wzb/ros2ws/moveit_ws/install/pilz_industrial_motion_planner_testutils:/home/wzb/ros2ws/moveit_ws/install/moveit_runtime:/home/wzb/ros2ws/moveit_ws/install/moveit:/home/wzb/ros2ws/moveit_ws/install/moveit_planners:/home/wzb/ros2ws/moveit_ws/install/pilz_industrial_motion_planner:/home/wzb/ros2ws/moveit_ws/install/moveit_ros_control_interface:/home/wzb/ros2ws/moveit_ws/install/moveit_plugins:/home/wzb/ros2ws/moveit_ws/install/moveit_simple_controller_manager:/home/wzb/ros2ws/moveit_ws/install/moveit_setup_assistant:/home/wzb/ros2ws/moveit_ws/install/moveit_setup_srdf_plugins:/home/wzb/ros2ws/moveit_ws/install/moveit_setup_core_plugins:/home/wzb/ros2ws/moveit_ws/install/moveit_setup_controllers:/home/wzb/ros2ws/moveit_ws/install/moveit_setup_app_plugins:/home/wzb/ros2ws/moveit_ws/install/moveit_setup_framework:/home/wzb/ros2ws/moveit_ws/install/moveit_servo:/home/wzb/ros2ws/moveit_ws/install/moveit_ros_trajectory_cache:/home/wzb/ros2ws/moveit_ws/install/moveit_ros:/home/wzb/ros2ws/moveit_ws/install/moveit_ros_visualization:/home/wzb/ros2ws/moveit_ws/install/moveit_py:/home/wzb/ros2ws/moveit_ws/install/moveit_hybrid_planning:/home/wzb/ros2ws/moveit_ws/install/moveit_ros_planning_interface:/home/wzb/ros2ws/moveit_ws/install/moveit_ros_benchmarks:/home/wzb/ros2ws/moveit_ws/install/moveit_ros_warehouse:/home/wzb/ros2ws/moveit_ws/install/moveit_ros_robot_interaction:/home/wzb/ros2ws/moveit_ws/install/moveit_ros_perception:/home/wzb/ros2ws/moveit_ws/install/moveit_resources_prbt_pg70_support:/home/wzb/ros2ws/moveit_ws/install/moveit_resources_prbt_moveit_config:/home/wzb/ros2ws/moveit_ws/install/moveit_ros_move_group:/home/wzb/ros2ws/moveit_ws/install/moveit_planners_ompl:/home/wzb/ros2ws/moveit_ws/install/moveit_kinematics:/home/wzb/ros2ws/moveit_ws/install/moveit_ros_planning:/home/wzb/ros2ws/moveit_ws/install/moveit_ros_occupancy_map_monitor:/home/wzb/ros2ws/moveit_ws/install/moveit_resources_prbt_support:/home/wzb/ros2ws/moveit_ws/install/moveit_resources_prbt_ikfast_manipulator_plugin:/home/wzb/ros2ws/moveit_ws/install/moveit_resources:/home/wzb/ros2ws/moveit_ws/install/dual_arm_panda_moveit_config:/home/wzb/ros2ws/moveit_ws/install/moveit_resources_fanuc_moveit_config:/home/wzb/ros2ws/moveit_ws/install/moveit_resources_fanuc_description:/home/wzb/ros2ws/moveit_ws/install/moveit_planners_stomp:/home/wzb/ros2ws/moveit_ws/install/moveit_planners_chomp:/home/wzb/ros2ws/moveit_ws/install/chomp_motion_planner:/home/wzb/ros2ws/moveit_ws/install/moveit_core:/home/wzb/ros2ws/my_piper_ros/install/piper:/home/wzb/ros2ws/moveit_ws/install/moveit_configs_utils:/opt/ros/humble LD_LIBRARY_PATH=/home/wzb/ros2ws/moveit_ws/install/moveit_msgs/lib:/home/wzb/ros2ws/trac_ws/install/trac_ik_kinematics/lib:/home/wzb/ros2ws/trac_ws/install/trac_ik_lib/lib:/home/wzb/ros2ws/orbbec_ws/install/orbbec_camera/lib:/home/wzb/ros2ws/orbbec_ws/install/orbbec_camera_msgs/lib:/home/wzb/ros2ws/my_piper_ros/install/piper_msgs/lib:/home/wzb/ros2ws/moveit_ws/install/pilz_industrial_motion_planner_testutils/lib:/home/wzb/ros2ws/moveit_ws/install/pilz_industrial_motion_planner/lib:/home/wzb/ros2ws/moveit_ws/install/moveit_ros_control_interface/lib:/home/wzb/ros2ws/moveit_ws/install/moveit_simple_controller_manager/lib:/home/wzb/ros2ws/moveit_ws/install/moveit_setup_assistant/lib:/home/wzb/ros2ws/moveit_ws/install/moveit_setup_srdf_plugins/lib:/home/wzb/ros2ws/moveit_ws/install/moveit_setup_core_plugins/lib:/home/wzb/ros2ws/moveit_ws/install/moveit_setup_controllers/lib:/home/wzb/ros2ws/moveit_ws/install/moveit_setup_app_plugins/lib:/home/wzb/ros2ws/moveit_ws/install/moveit_setup_framework/lib:/home/wzb/ros2ws/moveit_ws/install/moveit_servo/lib:/home/wzb/ros2ws/moveit_ws/install/moveit_ros_trajectory_cache/lib:/home/wzb/ros2ws/moveit_ws/install/moveit_ros_visualization/lib:/home/wzb/ros2ws/moveit_ws/install/moveit_py/lib:/home/wzb/ros2ws/moveit_ws/install/moveit_hybrid_planning/lib:/home/wzb/ros2ws/moveit_ws/install/moveit_ros_planning_interface/lib:/home/wzb/ros2ws/moveit_ws/install/moveit_ros_benchmarks/lib:/home/wzb/ros2ws/moveit_ws/install/moveit_ros_warehouse/lib:/home/wzb/ros2ws/moveit_ws/install/moveit_ros_robot_interaction/lib:/home/wzb/ros2ws/moveit_ws/install/moveit_ros_perception/lib:/home/wzb/ros2ws/moveit_ws/install/moveit_ros_move_group/lib:/home/wzb/ros2ws/moveit_ws/install/moveit_planners_ompl/lib:/home/wzb/ros2ws/moveit_ws/install/moveit_kinematics/lib:/home/wzb/ros2ws/moveit_ws/install/moveit_ros_planning/lib:/home/wzb/ros2ws/moveit_ws/install/moveit_ros_occupancy_map_monitor/lib:/home/wzb/ros2ws/moveit_ws/install/moveit_resources_prbt_ikfast_manipulator_plugin/lib:/home/wzb/ros2ws/moveit_ws/install/moveit_planners_stomp/lib:/home/wzb/ros2ws/moveit_ws/install/moveit_planners_chomp/lib:/home/wzb/ros2ws/moveit_ws/install/chomp_motion_planner/lib:/home/wzb/ros2ws/moveit_ws/install/moveit_core/lib:/opt/ros/humble/opt/rviz_ogre_vendor/lib:/opt/ros/humble/lib/x86_64-linux-gnu:/opt/ros/humble/lib /usr/bin/cmake /home/wzb/ros2ws/moveit_ws/src/moveit2/moveit_core -DCMAKE_INSTALL_PREFIX=/home/wzb/ros2ws/moveit_ws/install/moveit_core
[1.206s] Invoking command in '/home/wzb/ros2ws/moveit_ws/build/moveit_core': CMAKE_PREFIX_PATH=/home/wzb/ros2ws/moveit_ws/install/moveit_resources_panda_moveit_config:/home/wzb/ros2ws/moveit_ws/install/moveit_resources_pr2_description:/home/wzb/ros2ws/moveit_ws/install/moveit_resources_panda_description:/home/wzb/ros2ws/moveit_ws/install/moveit_msgs:/home/wzb/ros2ws/moveit_ws/install/moveit_common:/home/wzb/ros2ws/trac_ws/install/trac_ik:/home/wzb/ros2ws/trac_ws/install/trac_ik_kinematics:/home/wzb/ros2ws/trac_ws/install/trac_ik_examples:/home/wzb/ros2ws/trac_ws/install/trac_ik_lib:/home/wzb/ros2ws/orbbec_ws/install/orbbec_description:/home/wzb/ros2ws/orbbec_ws/install/orbbec_camera:/home/wzb/ros2ws/orbbec_ws/install/orbbec_camera_msgs:/home/wzb/ros2ws/my_piper_ros/install/piper_with_gripper_moveit:/home/wzb/ros2ws/my_piper_ros/install/piper_no_gripper_moveit:/home/wzb/ros2ws/my_piper_ros/install/piper_mujoco:/home/wzb/ros2ws/my_piper_ros/install/piper_msgs:/home/wzb/ros2ws/my_piper_ros/install/piper_humble:/home/wzb/ros2ws/my_piper_ros/install/piper_gazebo:/home/wzb/ros2ws/my_piper_ros/install/piper_description:/home/wzb/ros2ws/moveit_ws/install/pilz_industrial_motion_planner_testutils:/home/wzb/ros2ws/moveit_ws/install/moveit_runtime:/home/wzb/ros2ws/moveit_ws/install/moveit:/home/wzb/ros2ws/moveit_ws/install/moveit_planners:/home/wzb/ros2ws/moveit_ws/install/pilz_industrial_motion_planner:/home/wzb/ros2ws/moveit_ws/install/moveit_ros_control_interface:/home/wzb/ros2ws/moveit_ws/install/moveit_plugins:/home/wzb/ros2ws/moveit_ws/install/moveit_simple_controller_manager:/home/wzb/ros2ws/moveit_ws/install/moveit_setup_assistant:/home/wzb/ros2ws/moveit_ws/install/moveit_setup_srdf_plugins:/home/wzb/ros2ws/moveit_ws/install/moveit_setup_core_plugins:/home/wzb/ros2ws/moveit_ws/install/moveit_setup_controllers:/home/wzb/ros2ws/moveit_ws/install/moveit_setup_app_plugins:/home/wzb/ros2ws/moveit_ws/install/moveit_setup_framework:/home/wzb/ros2ws/moveit_ws/install/moveit_servo:/home/wzb/ros2ws/moveit_ws/install/moveit_ros_trajectory_cache:/home/wzb/ros2ws/moveit_ws/install/moveit_ros:/home/wzb/ros2ws/moveit_ws/install/moveit_ros_visualization:/home/wzb/ros2ws/moveit_ws/install/moveit_py:/home/wzb/ros2ws/moveit_ws/install/moveit_hybrid_planning:/home/wzb/ros2ws/moveit_ws/install/moveit_ros_planning_interface:/home/wzb/ros2ws/moveit_ws/install/moveit_ros_benchmarks:/home/wzb/ros2ws/moveit_ws/install/moveit_ros_warehouse:/home/wzb/ros2ws/moveit_ws/install/moveit_ros_robot_interaction:/home/wzb/ros2ws/moveit_ws/install/moveit_ros_perception:/home/wzb/ros2ws/moveit_ws/install/moveit_resources_prbt_pg70_support:/home/wzb/ros2ws/moveit_ws/install/moveit_resources_prbt_moveit_config:/home/wzb/ros2ws/moveit_ws/install/moveit_ros_move_group:/home/wzb/ros2ws/moveit_ws/install/moveit_planners_ompl:/home/wzb/ros2ws/moveit_ws/install/moveit_kinematics:/home/wzb/ros2ws/moveit_ws/install/moveit_ros_planning:/home/wzb/ros2ws/moveit_ws/install/moveit_ros_occupancy_map_monitor:/home/wzb/ros2ws/moveit_ws/install/moveit_resources_prbt_support:/home/wzb/ros2ws/moveit_ws/install/moveit_resources_prbt_ikfast_manipulator_plugin:/home/wzb/ros2ws/moveit_ws/install/moveit_resources:/home/wzb/ros2ws/moveit_ws/install/dual_arm_panda_moveit_config:/home/wzb/ros2ws/moveit_ws/install/moveit_resources_fanuc_moveit_config:/home/wzb/ros2ws/moveit_ws/install/moveit_resources_fanuc_description:/home/wzb/ros2ws/moveit_ws/install/moveit_planners_stomp:/home/wzb/ros2ws/moveit_ws/install/moveit_planners_chomp:/home/wzb/ros2ws/moveit_ws/install/chomp_motion_planner:/home/wzb/ros2ws/moveit_ws/install/moveit_core:/home/wzb/ros2ws/my_piper_ros/install/piper:/home/wzb/ros2ws/moveit_ws/install/moveit_configs_utils:/opt/ros/humble LD_LIBRARY_PATH=/home/wzb/ros2ws/moveit_ws/install/moveit_msgs/lib:/home/wzb/ros2ws/trac_ws/install/trac_ik_kinematics/lib:/home/wzb/ros2ws/trac_ws/install/trac_ik_lib/lib:/home/wzb/ros2ws/orbbec_ws/install/orbbec_camera/lib:/home/wzb/ros2ws/orbbec_ws/install/orbbec_camera_msgs/lib:/home/wzb/ros2ws/my_piper_ros/install/piper_msgs/lib:/home/wzb/ros2ws/moveit_ws/install/pilz_industrial_motion_planner_testutils/lib:/home/wzb/ros2ws/moveit_ws/install/pilz_industrial_motion_planner/lib:/home/wzb/ros2ws/moveit_ws/install/moveit_ros_control_interface/lib:/home/wzb/ros2ws/moveit_ws/install/moveit_simple_controller_manager/lib:/home/wzb/ros2ws/moveit_ws/install/moveit_setup_assistant/lib:/home/wzb/ros2ws/moveit_ws/install/moveit_setup_srdf_plugins/lib:/home/wzb/ros2ws/moveit_ws/install/moveit_setup_core_plugins/lib:/home/wzb/ros2ws/moveit_ws/install/moveit_setup_controllers/lib:/home/wzb/ros2ws/moveit_ws/install/moveit_setup_app_plugins/lib:/home/wzb/ros2ws/moveit_ws/install/moveit_setup_framework/lib:/home/wzb/ros2ws/moveit_ws/install/moveit_servo/lib:/home/wzb/ros2ws/moveit_ws/install/moveit_ros_trajectory_cache/lib:/home/wzb/ros2ws/moveit_ws/install/moveit_ros_visualization/lib:/home/wzb/ros2ws/moveit_ws/install/moveit_py/lib:/home/wzb/ros2ws/moveit_ws/install/moveit_hybrid_planning/lib:/home/wzb/ros2ws/moveit_ws/install/moveit_ros_planning_interface/lib:/home/wzb/ros2ws/moveit_ws/install/moveit_ros_benchmarks/lib:/home/wzb/ros2ws/moveit_ws/install/moveit_ros_warehouse/lib:/home/wzb/ros2ws/moveit_ws/install/moveit_ros_robot_interaction/lib:/home/wzb/ros2ws/moveit_ws/install/moveit_ros_perception/lib:/home/wzb/ros2ws/moveit_ws/install/moveit_ros_move_group/lib:/home/wzb/ros2ws/moveit_ws/install/moveit_planners_ompl/lib:/home/wzb/ros2ws/moveit_ws/install/moveit_kinematics/lib:/home/wzb/ros2ws/moveit_ws/install/moveit_ros_planning/lib:/home/wzb/ros2ws/moveit_ws/install/moveit_ros_occupancy_map_monitor/lib:/home/wzb/ros2ws/moveit_ws/install/moveit_resources_prbt_ikfast_manipulator_plugin/lib:/home/wzb/ros2ws/moveit_ws/install/moveit_planners_stomp/lib:/home/wzb/ros2ws/moveit_ws/install/moveit_planners_chomp/lib:/home/wzb/ros2ws/moveit_ws/install/chomp_motion_planner/lib:/home/wzb/ros2ws/moveit_ws/install/moveit_core/lib:/opt/ros/humble/opt/rviz_ogre_vendor/lib:/opt/ros/humble/lib/x86_64-linux-gnu:/opt/ros/humble/lib /usr/bin/cmake --build /home/wzb/ros2ws/moveit_ws/build/moveit_core -- -j20 -l20
[1.238s] [35m[1mConsolidate compiler generated dependencies of target gtest_main[0m
[1.238s] [35m[1mConsolidate compiler generated dependencies of target gmock_main[0m
[1.238s] [35m[1mConsolidate compiler generated dependencies of target gtest[0m
[1.239s] [35m[1mConsolidate compiler generated dependencies of target gmock[0m
[1.239s] [35m[1mConsolidate compiler generated dependencies of target moveit_smoothing_base[0m
[1.239s] [35m[1mConsolidate compiler generated dependencies of target moveit_utils[0m
[1.245s] [  2%] Built target moveit_butterworth_filter_parameters
[1.245s] [  2%] Built target moveit_acceleration_filter_parameters
[1.246s] [  3%] Built target gtest_main
[1.246s] [  5%] Built target gmock_main
[1.247s] [  6%] Built target gtest
[1.248s] [  7%] Built target gmock
[1.249s] [  8%] [34m[1mGenerate version header[0m
[1.250s] [  9%] Built target moveit_ruckig_filter_parameters
[1.253s] [ 11%] Built target moveit_smoothing_base
[1.253s] [ 14%] Built target moveit_utils
[1.260s] [35m[1mConsolidate compiler generated dependencies of target moveit_exceptions[0m
[1.260s] [35m[1mConsolidate compiler generated dependencies of target logger_dut[0m
[1.260s] [35m[1mConsolidate compiler generated dependencies of target moveit_transforms[0m
[1.262s] [35m[1mConsolidate compiler generated dependencies of target moveit_distance_field[0m
[1.268s] [ 15%] [34m[1mGenerating version.hpp[0m
[1.269s] [ 17%] Built target moveit_exceptions
[1.271s] [ 18%] Built target logger_dut
[1.273s] [ 18%] Built target version_hpp
[1.274s] [ 19%] Built target moveit_transforms
[1.279s] [35m[1mConsolidate compiler generated dependencies of target moveit_robot_model[0m
[1.281s] [35m[1mConsolidate compiler generated dependencies of target test_transforms[0m
[1.281s] [35m[1mConsolidate compiler generated dependencies of target moveit_version[0m
[1.281s] [ 21%] Built target moveit_distance_field
[1.289s] [ 22%] Built target moveit_version
[1.289s] [35m[1mConsolidate compiler generated dependencies of target test_voxel_grid[0m
[1.289s] [35m[1mConsolidate compiler generated dependencies of target test_distance_field[0m
[1.290s] [ 23%] Built target test_transforms
[1.301s] [ 24%] Built target test_voxel_grid
[1.305s] [ 25%] Built target test_distance_field
[1.306s] [ 31%] Built target moveit_robot_model
[1.313s] [35m[1mConsolidate compiler generated dependencies of target moveit_kinematics_base[0m
[1.313s] [35m[1mConsolidate compiler generated dependencies of target moveit_butterworth_filter[0m
[1.325s] [ 32%] Built target moveit_kinematics_base
[1.327s] [ 33%] Built target moveit_butterworth_filter
[1.333s] [35m[1mConsolidate compiler generated dependencies of target moveit_test_utils[0m
[1.334s] [35m[1mConsolidate compiler generated dependencies of target test_butterworth_filter[0m
[1.335s] [35m[1mConsolidate compiler generated dependencies of target moveit_robot_state[0m
[1.348s] [ 34%] Built target test_butterworth_filter
[1.349s] [ 35%] Built target moveit_test_utils
[1.356s] [35m[1mConsolidate compiler generated dependencies of target test_robot_model[0m
[1.357s] [ 38%] Built target moveit_robot_state
[1.366s] [35m[1mConsolidate compiler generated dependencies of target moveit_ruckig_filter[0m
[1.366s] [35m[1mConsolidate compiler generated dependencies of target moveit_kinematics_metrics[0m
[1.366s] [35m[1mConsolidate compiler generated dependencies of target moveit_robot_trajectory[0m
[1.366s] [35m[1mConsolidate compiler generated dependencies of target robot_state_benchmark[0m
[1.366s] [35m[1mConsolidate compiler generated dependencies of target moveit_dynamics_solver[0m
[1.368s] [35m[1mConsolidate compiler generated dependencies of target test_cartesian_interpolator[0m
[1.368s] [35m[1mConsolidate compiler generated dependencies of target test_robot_state_complex[0m
[1.369s] [35m[1mConsolidate compiler generated dependencies of target moveit_acceleration_filter[0m
[1.369s] [ 39%] Built target test_robot_model
[1.370s] [35m[1mConsolidate compiler generated dependencies of target test_robot_state[0m
[1.372s] [35m[1mConsolidate compiler generated dependencies of target test_aabb[0m
[1.373s] [35m[1mConsolidate compiler generated dependencies of target moveit_collision_detection[0m
[1.380s] [ 42%] Built target robot_state_benchmark
[1.380s] [ 42%] Built target moveit_ruckig_filter
[1.380s] [ 42%] Built target moveit_kinematics_metrics
[1.380s] [ 43%] Built target test_cartesian_interpolator
[1.381s] [ 44%] Built target test_robot_state_complex
[1.381s] [ 46%] Built target moveit_dynamics_solver
[1.381s] [ 46%] Built target moveit_robot_trajectory
[1.389s] [35m[1mConsolidate compiler generated dependencies of target test_robot_trajectory[0m
[1.390s] [ 47%] Built target moveit_acceleration_filter
[1.390s] [ 48%] Built target test_aabb
[1.390s] [35m[1mConsolidate compiler generated dependencies of target moveit_trajectory_processing[0m
[1.391s] [ 50%] Built target test_robot_state
[1.398s] [35m[1mConsolidate compiler generated dependencies of target test_acceleration_filter[0m
[1.404s] [ 51%] Built target test_robot_trajectory
[1.408s] [ 57%] Built target moveit_trajectory_processing
[1.408s] [ 59%] Built target moveit_collision_detection
[1.413s] [ 60%] Built target test_acceleration_filter
[1.415s] [35m[1mConsolidate compiler generated dependencies of target test_ruckig_traj_smoothing[0m
[1.415s] [35m[1mConsolidate compiler generated dependencies of target robot_trajectory_benchmark[0m
[1.415s] [35m[1mConsolidate compiler generated dependencies of target test_time_optimal_trajectory_generation[0m
[1.420s] [35m[1mConsolidate compiler generated dependencies of target test_world_diff[0m
[1.420s] [35m[1mConsolidate compiler generated dependencies of target test_world[0m
[1.421s] [35m[1mConsolidate compiler generated dependencies of target moveit_collision_detection_fcl[0m
[1.424s] [35m[1mConsolidate compiler generated dependencies of target test_all_valid[0m
[1.425s] [35m[1mConsolidate compiler generated dependencies of target moveit_collision_detection_bullet[0m
[1.430s] [ 63%] Built target test_world_diff
[1.430s] [ 63%] Built target robot_trajectory_benchmark
[1.430s] [ 64%] Built target test_time_optimal_trajectory_generation
[1.430s] [ 64%] Built target test_ruckig_traj_smoothing
[1.433s] [ 65%] Built target test_world
[1.438s] [ 66%] Built target test_all_valid
[1.438s] [ 68%] Built target moveit_collision_detection_fcl
[1.446s] [35m[1mConsolidate compiler generated dependencies of target test_fcl_collision_detection[0m
[1.446s] [35m[1mConsolidate compiler generated dependencies of target test_fcl_collision_env[0m
[1.446s] [35m[1mConsolidate compiler generated dependencies of target test_fcl_collision_detection_panda[0m
[1.447s] [35m[1mConsolidate compiler generated dependencies of target moveit_kinematic_constraints[0m
[1.456s] [ 72%] Built target moveit_collision_detection_bullet
[1.463s] [ 73%] Built target test_fcl_collision_detection
[1.464s] [ 74%] Built target test_fcl_collision_env
[1.464s] [35m[1mConsolidate compiler generated dependencies of target test_bullet_collision_detection_panda[0m
[1.464s] [35m[1mConsolidate compiler generated dependencies of target test_bullet_collision_detection[0m
[1.464s] [35m[1mConsolidate compiler generated dependencies of target test_bullet_continuous_collision_checking[0m
[1.465s] [ 75%] Built target test_fcl_collision_detection_panda
[1.467s] [ 76%] Built target moveit_kinematic_constraints
[1.476s] [35m[1mConsolidate compiler generated dependencies of target test_constraints[0m
[1.476s] [35m[1mConsolidate compiler generated dependencies of target test_orientation_constraints[0m
[1.476s] [35m[1mConsolidate compiler generated dependencies of target moveit_planning_scene[0m
[1.481s] [ 79%] Built target test_bullet_continuous_collision_checking
[1.481s] [ 79%] Built target test_bullet_collision_detection_panda
[1.481s] [ 80%] Built target test_bullet_collision_detection
[1.490s] [ 82%] Built target test_orientation_constraints
[1.491s] [ 83%] Built target test_constraints
[1.495s] [ 84%] Built target moveit_planning_scene
[1.503s] [35m[1mConsolidate compiler generated dependencies of target collision_detector_bullet_plugin[0m
[1.503s] [35m[1mConsolidate compiler generated dependencies of target collision_detector_fcl_plugin[0m
[1.503s] [35m[1mConsolidate compiler generated dependencies of target test_collision_objects[0m
[1.504s] [35m[1mConsolidate compiler generated dependencies of target test_planning_scene[0m
[1.505s] [35m[1mConsolidate compiler generated dependencies of target moveit_collision_distance_field[0m
[1.505s] [35m[1mConsolidate compiler generated dependencies of target test_multi_threaded[0m
[1.506s] [35m[1mConsolidate compiler generated dependencies of target moveit_constraint_samplers[0m
[1.506s] [35m[1mConsolidate compiler generated dependencies of target moveit_planning_interface[0m
[1.518s] [ 85%] Built target collision_detector_bullet_plugin
[1.519s] [ 86%] Built target collision_detector_fcl_plugin
[1.522s] [ 87%] Built target test_planning_scene
[1.522s] [ 88%] Built target test_collision_objects
[1.525s] [ 89%] Built target test_multi_threaded
[1.527s] [ 91%] Built target moveit_planning_interface
[1.529s] [ 94%] Built target moveit_constraint_samplers
[1.530s] [ 97%] Built target moveit_collision_distance_field
[1.537s] [35m[1mConsolidate compiler generated dependencies of target test_collision_distance_field[0m
[1.538s] [35m[1mConsolidate compiler generated dependencies of target test_constraint_samplers[0m
[1.554s] [ 98%] Built target test_collision_distance_field
[1.559s] [100%] Built target test_constraint_samplers
[1.566s] Invoked command in '/home/wzb/ros2ws/moveit_ws/build/moveit_core' returned '0': CMAKE_PREFIX_PATH=/home/wzb/ros2ws/moveit_ws/install/moveit_resources_panda_moveit_config:/home/wzb/ros2ws/moveit_ws/install/moveit_resources_pr2_description:/home/wzb/ros2ws/moveit_ws/install/moveit_resources_panda_description:/home/wzb/ros2ws/moveit_ws/install/moveit_msgs:/home/wzb/ros2ws/moveit_ws/install/moveit_common:/home/wzb/ros2ws/trac_ws/install/trac_ik:/home/wzb/ros2ws/trac_ws/install/trac_ik_kinematics:/home/wzb/ros2ws/trac_ws/install/trac_ik_examples:/home/wzb/ros2ws/trac_ws/install/trac_ik_lib:/home/wzb/ros2ws/orbbec_ws/install/orbbec_description:/home/wzb/ros2ws/orbbec_ws/install/orbbec_camera:/home/wzb/ros2ws/orbbec_ws/install/orbbec_camera_msgs:/home/wzb/ros2ws/my_piper_ros/install/piper_with_gripper_moveit:/home/wzb/ros2ws/my_piper_ros/install/piper_no_gripper_moveit:/home/wzb/ros2ws/my_piper_ros/install/piper_mujoco:/home/wzb/ros2ws/my_piper_ros/install/piper_msgs:/home/wzb/ros2ws/my_piper_ros/install/piper_humble:/home/wzb/ros2ws/my_piper_ros/install/piper_gazebo:/home/wzb/ros2ws/my_piper_ros/install/piper_description:/home/wzb/ros2ws/moveit_ws/install/pilz_industrial_motion_planner_testutils:/home/wzb/ros2ws/moveit_ws/install/moveit_runtime:/home/wzb/ros2ws/moveit_ws/install/moveit:/home/wzb/ros2ws/moveit_ws/install/moveit_planners:/home/wzb/ros2ws/moveit_ws/install/pilz_industrial_motion_planner:/home/wzb/ros2ws/moveit_ws/install/moveit_ros_control_interface:/home/wzb/ros2ws/moveit_ws/install/moveit_plugins:/home/wzb/ros2ws/moveit_ws/install/moveit_simple_controller_manager:/home/wzb/ros2ws/moveit_ws/install/moveit_setup_assistant:/home/wzb/ros2ws/moveit_ws/install/moveit_setup_srdf_plugins:/home/wzb/ros2ws/moveit_ws/install/moveit_setup_core_plugins:/home/wzb/ros2ws/moveit_ws/install/moveit_setup_controllers:/home/wzb/ros2ws/moveit_ws/install/moveit_setup_app_plugins:/home/wzb/ros2ws/moveit_ws/install/moveit_setup_framework:/home/wzb/ros2ws/moveit_ws/install/moveit_servo:/home/wzb/ros2ws/moveit_ws/install/moveit_ros_trajectory_cache:/home/wzb/ros2ws/moveit_ws/install/moveit_ros:/home/wzb/ros2ws/moveit_ws/install/moveit_ros_visualization:/home/wzb/ros2ws/moveit_ws/install/moveit_py:/home/wzb/ros2ws/moveit_ws/install/moveit_hybrid_planning:/home/wzb/ros2ws/moveit_ws/install/moveit_ros_planning_interface:/home/wzb/ros2ws/moveit_ws/install/moveit_ros_benchmarks:/home/wzb/ros2ws/moveit_ws/install/moveit_ros_warehouse:/home/wzb/ros2ws/moveit_ws/install/moveit_ros_robot_interaction:/home/wzb/ros2ws/moveit_ws/install/moveit_ros_perception:/home/wzb/ros2ws/moveit_ws/install/moveit_resources_prbt_pg70_support:/home/wzb/ros2ws/moveit_ws/install/moveit_resources_prbt_moveit_config:/home/wzb/ros2ws/moveit_ws/install/moveit_ros_move_group:/home/wzb/ros2ws/moveit_ws/install/moveit_planners_ompl:/home/wzb/ros2ws/moveit_ws/install/moveit_kinematics:/home/wzb/ros2ws/moveit_ws/install/moveit_ros_planning:/home/wzb/ros2ws/moveit_ws/install/moveit_ros_occupancy_map_monitor:/home/wzb/ros2ws/moveit_ws/install/moveit_resources_prbt_support:/home/wzb/ros2ws/moveit_ws/install/moveit_resources_prbt_ikfast_manipulator_plugin:/home/wzb/ros2ws/moveit_ws/install/moveit_resources:/home/wzb/ros2ws/moveit_ws/install/dual_arm_panda_moveit_config:/home/wzb/ros2ws/moveit_ws/install/moveit_resources_fanuc_moveit_config:/home/wzb/ros2ws/moveit_ws/install/moveit_resources_fanuc_description:/home/wzb/ros2ws/moveit_ws/install/moveit_planners_stomp:/home/wzb/ros2ws/moveit_ws/install/moveit_planners_chomp:/home/wzb/ros2ws/moveit_ws/install/chomp_motion_planner:/home/wzb/ros2ws/moveit_ws/install/moveit_core:/home/wzb/ros2ws/my_piper_ros/install/piper:/home/wzb/ros2ws/moveit_ws/install/moveit_configs_utils:/opt/ros/humble LD_LIBRARY_PATH=/home/wzb/ros2ws/moveit_ws/install/moveit_msgs/lib:/home/wzb/ros2ws/trac_ws/install/trac_ik_kinematics/lib:/home/wzb/ros2ws/trac_ws/install/trac_ik_lib/lib:/home/wzb/ros2ws/orbbec_ws/install/orbbec_camera/lib:/home/wzb/ros2ws/orbbec_ws/install/orbbec_camera_msgs/lib:/home/wzb/ros2ws/my_piper_ros/install/piper_msgs/lib:/home/wzb/ros2ws/moveit_ws/install/pilz_industrial_motion_planner_testutils/lib:/home/wzb/ros2ws/moveit_ws/install/pilz_industrial_motion_planner/lib:/home/wzb/ros2ws/moveit_ws/install/moveit_ros_control_interface/lib:/home/wzb/ros2ws/moveit_ws/install/moveit_simple_controller_manager/lib:/home/wzb/ros2ws/moveit_ws/install/moveit_setup_assistant/lib:/home/wzb/ros2ws/moveit_ws/install/moveit_setup_srdf_plugins/lib:/home/wzb/ros2ws/moveit_ws/install/moveit_setup_core_plugins/lib:/home/wzb/ros2ws/moveit_ws/install/moveit_setup_controllers/lib:/home/wzb/ros2ws/moveit_ws/install/moveit_setup_app_plugins/lib:/home/wzb/ros2ws/moveit_ws/install/moveit_setup_framework/lib:/home/wzb/ros2ws/moveit_ws/install/moveit_servo/lib:/home/wzb/ros2ws/moveit_ws/install/moveit_ros_trajectory_cache/lib:/home/wzb/ros2ws/moveit_ws/install/moveit_ros_visualization/lib:/home/wzb/ros2ws/moveit_ws/install/moveit_py/lib:/home/wzb/ros2ws/moveit_ws/install/moveit_hybrid_planning/lib:/home/wzb/ros2ws/moveit_ws/install/moveit_ros_planning_interface/lib:/home/wzb/ros2ws/moveit_ws/install/moveit_ros_benchmarks/lib:/home/wzb/ros2ws/moveit_ws/install/moveit_ros_warehouse/lib:/home/wzb/ros2ws/moveit_ws/install/moveit_ros_robot_interaction/lib:/home/wzb/ros2ws/moveit_ws/install/moveit_ros_perception/lib:/home/wzb/ros2ws/moveit_ws/install/moveit_ros_move_group/lib:/home/wzb/ros2ws/moveit_ws/install/moveit_planners_ompl/lib:/home/wzb/ros2ws/moveit_ws/install/moveit_kinematics/lib:/home/wzb/ros2ws/moveit_ws/install/moveit_ros_planning/lib:/home/wzb/ros2ws/moveit_ws/install/moveit_ros_occupancy_map_monitor/lib:/home/wzb/ros2ws/moveit_ws/install/moveit_resources_prbt_ikfast_manipulator_plugin/lib:/home/wzb/ros2ws/moveit_ws/install/moveit_planners_stomp/lib:/home/wzb/ros2ws/moveit_ws/install/moveit_planners_chomp/lib:/home/wzb/ros2ws/moveit_ws/install/chomp_motion_planner/lib:/home/wzb/ros2ws/moveit_ws/install/moveit_core/lib:/opt/ros/humble/opt/rviz_ogre_vendor/lib:/opt/ros/humble/lib/x86_64-linux-gnu:/opt/ros/humble/lib /usr/bin/cmake --build /home/wzb/ros2ws/moveit_ws/build/moveit_core -- -j20 -l20
[1.567s] Invoking command in '/home/wzb/ros2ws/moveit_ws/build/moveit_core': CMAKE_PREFIX_PATH=/home/wzb/ros2ws/moveit_ws/install/moveit_resources_panda_moveit_config:/home/wzb/ros2ws/moveit_ws/install/moveit_resources_pr2_description:/home/wzb/ros2ws/moveit_ws/install/moveit_resources_panda_description:/home/wzb/ros2ws/moveit_ws/install/moveit_msgs:/home/wzb/ros2ws/moveit_ws/install/moveit_common:/home/wzb/ros2ws/trac_ws/install/trac_ik:/home/wzb/ros2ws/trac_ws/install/trac_ik_kinematics:/home/wzb/ros2ws/trac_ws/install/trac_ik_examples:/home/wzb/ros2ws/trac_ws/install/trac_ik_lib:/home/wzb/ros2ws/orbbec_ws/install/orbbec_description:/home/wzb/ros2ws/orbbec_ws/install/orbbec_camera:/home/wzb/ros2ws/orbbec_ws/install/orbbec_camera_msgs:/home/wzb/ros2ws/my_piper_ros/install/piper_with_gripper_moveit:/home/wzb/ros2ws/my_piper_ros/install/piper_no_gripper_moveit:/home/wzb/ros2ws/my_piper_ros/install/piper_mujoco:/home/wzb/ros2ws/my_piper_ros/install/piper_msgs:/home/wzb/ros2ws/my_piper_ros/install/piper_humble:/home/wzb/ros2ws/my_piper_ros/install/piper_gazebo:/home/wzb/ros2ws/my_piper_ros/install/piper_description:/home/wzb/ros2ws/moveit_ws/install/pilz_industrial_motion_planner_testutils:/home/wzb/ros2ws/moveit_ws/install/moveit_runtime:/home/wzb/ros2ws/moveit_ws/install/moveit:/home/wzb/ros2ws/moveit_ws/install/moveit_planners:/home/wzb/ros2ws/moveit_ws/install/pilz_industrial_motion_planner:/home/wzb/ros2ws/moveit_ws/install/moveit_ros_control_interface:/home/wzb/ros2ws/moveit_ws/install/moveit_plugins:/home/wzb/ros2ws/moveit_ws/install/moveit_simple_controller_manager:/home/wzb/ros2ws/moveit_ws/install/moveit_setup_assistant:/home/wzb/ros2ws/moveit_ws/install/moveit_setup_srdf_plugins:/home/wzb/ros2ws/moveit_ws/install/moveit_setup_core_plugins:/home/wzb/ros2ws/moveit_ws/install/moveit_setup_controllers:/home/wzb/ros2ws/moveit_ws/install/moveit_setup_app_plugins:/home/wzb/ros2ws/moveit_ws/install/moveit_setup_framework:/home/wzb/ros2ws/moveit_ws/install/moveit_servo:/home/wzb/ros2ws/moveit_ws/install/moveit_ros_trajectory_cache:/home/wzb/ros2ws/moveit_ws/install/moveit_ros:/home/wzb/ros2ws/moveit_ws/install/moveit_ros_visualization:/home/wzb/ros2ws/moveit_ws/install/moveit_py:/home/wzb/ros2ws/moveit_ws/install/moveit_hybrid_planning:/home/wzb/ros2ws/moveit_ws/install/moveit_ros_planning_interface:/home/wzb/ros2ws/moveit_ws/install/moveit_ros_benchmarks:/home/wzb/ros2ws/moveit_ws/install/moveit_ros_warehouse:/home/wzb/ros2ws/moveit_ws/install/moveit_ros_robot_interaction:/home/wzb/ros2ws/moveit_ws/install/moveit_ros_perception:/home/wzb/ros2ws/moveit_ws/install/moveit_resources_prbt_pg70_support:/home/wzb/ros2ws/moveit_ws/install/moveit_resources_prbt_moveit_config:/home/wzb/ros2ws/moveit_ws/install/moveit_ros_move_group:/home/wzb/ros2ws/moveit_ws/install/moveit_planners_ompl:/home/wzb/ros2ws/moveit_ws/install/moveit_kinematics:/home/wzb/ros2ws/moveit_ws/install/moveit_ros_planning:/home/wzb/ros2ws/moveit_ws/install/moveit_ros_occupancy_map_monitor:/home/wzb/ros2ws/moveit_ws/install/moveit_resources_prbt_support:/home/wzb/ros2ws/moveit_ws/install/moveit_resources_prbt_ikfast_manipulator_plugin:/home/wzb/ros2ws/moveit_ws/install/moveit_resources:/home/wzb/ros2ws/moveit_ws/install/dual_arm_panda_moveit_config:/home/wzb/ros2ws/moveit_ws/install/moveit_resources_fanuc_moveit_config:/home/wzb/ros2ws/moveit_ws/install/moveit_resources_fanuc_description:/home/wzb/ros2ws/moveit_ws/install/moveit_planners_stomp:/home/wzb/ros2ws/moveit_ws/install/moveit_planners_chomp:/home/wzb/ros2ws/moveit_ws/install/chomp_motion_planner:/home/wzb/ros2ws/moveit_ws/install/moveit_core:/home/wzb/ros2ws/my_piper_ros/install/piper:/home/wzb/ros2ws/moveit_ws/install/moveit_configs_utils:/opt/ros/humble LD_LIBRARY_PATH=/home/wzb/ros2ws/moveit_ws/install/moveit_msgs/lib:/home/wzb/ros2ws/trac_ws/install/trac_ik_kinematics/lib:/home/wzb/ros2ws/trac_ws/install/trac_ik_lib/lib:/home/wzb/ros2ws/orbbec_ws/install/orbbec_camera/lib:/home/wzb/ros2ws/orbbec_ws/install/orbbec_camera_msgs/lib:/home/wzb/ros2ws/my_piper_ros/install/piper_msgs/lib:/home/wzb/ros2ws/moveit_ws/install/pilz_industrial_motion_planner_testutils/lib:/home/wzb/ros2ws/moveit_ws/install/pilz_industrial_motion_planner/lib:/home/wzb/ros2ws/moveit_ws/install/moveit_ros_control_interface/lib:/home/wzb/ros2ws/moveit_ws/install/moveit_simple_controller_manager/lib:/home/wzb/ros2ws/moveit_ws/install/moveit_setup_assistant/lib:/home/wzb/ros2ws/moveit_ws/install/moveit_setup_srdf_plugins/lib:/home/wzb/ros2ws/moveit_ws/install/moveit_setup_core_plugins/lib:/home/wzb/ros2ws/moveit_ws/install/moveit_setup_controllers/lib:/home/wzb/ros2ws/moveit_ws/install/moveit_setup_app_plugins/lib:/home/wzb/ros2ws/moveit_ws/install/moveit_setup_framework/lib:/home/wzb/ros2ws/moveit_ws/install/moveit_servo/lib:/home/wzb/ros2ws/moveit_ws/install/moveit_ros_trajectory_cache/lib:/home/wzb/ros2ws/moveit_ws/install/moveit_ros_visualization/lib:/home/wzb/ros2ws/moveit_ws/install/moveit_py/lib:/home/wzb/ros2ws/moveit_ws/install/moveit_hybrid_planning/lib:/home/wzb/ros2ws/moveit_ws/install/moveit_ros_planning_interface/lib:/home/wzb/ros2ws/moveit_ws/install/moveit_ros_benchmarks/lib:/home/wzb/ros2ws/moveit_ws/install/moveit_ros_warehouse/lib:/home/wzb/ros2ws/moveit_ws/install/moveit_ros_robot_interaction/lib:/home/wzb/ros2ws/moveit_ws/install/moveit_ros_perception/lib:/home/wzb/ros2ws/moveit_ws/install/moveit_ros_move_group/lib:/home/wzb/ros2ws/moveit_ws/install/moveit_planners_ompl/lib:/home/wzb/ros2ws/moveit_ws/install/moveit_kinematics/lib:/home/wzb/ros2ws/moveit_ws/install/moveit_ros_planning/lib:/home/wzb/ros2ws/moveit_ws/install/moveit_ros_occupancy_map_monitor/lib:/home/wzb/ros2ws/moveit_ws/install/moveit_resources_prbt_ikfast_manipulator_plugin/lib:/home/wzb/ros2ws/moveit_ws/install/moveit_planners_stomp/lib:/home/wzb/ros2ws/moveit_ws/install/moveit_planners_chomp/lib:/home/wzb/ros2ws/moveit_ws/install/chomp_motion_planner/lib:/home/wzb/ros2ws/moveit_ws/install/moveit_core/lib:/opt/ros/humble/opt/rviz_ogre_vendor/lib:/opt/ros/humble/lib/x86_64-linux-gnu:/opt/ros/humble/lib /usr/bin/cmake --install /home/wzb/ros2ws/moveit_ws/build/moveit_core
[1.572s] -- Install configuration: "Release"
[1.572s] -- Up-to-date: /home/wzb/ros2ws/moveit_ws/install/moveit_core/include/moveit_core
[1.572s] -- Up-to-date: /home/wzb/ros2ws/moveit_ws/install/moveit_core/include/moveit_core/moveit
[1.572s] -- Up-to-date: /home/wzb/ros2ws/moveit_ws/install/moveit_core/include/moveit_core/moveit/collision_detection_bullet
[1.572s] -- Up-to-date: /home/wzb/ros2ws/moveit_ws/install/moveit_core/include/moveit_core/moveit/collision_detection_bullet/collision_env_bullet.hpp
[1.572s] -- Up-to-date: /home/wzb/ros2ws/moveit_ws/install/moveit_core/include/moveit_core/moveit/collision_detection_bullet/collision_detector_bullet_plugin_loader.hpp
[1.572s] -- Up-to-date: /home/wzb/ros2ws/moveit_ws/install/moveit_core/include/moveit_core/moveit/collision_detection_bullet/collision_detector_bullet_plugin_loader.h
[1.573s] -- Up-to-date: /home/wzb/ros2ws/moveit_ws/install/moveit_core/include/moveit_core/moveit/collision_detection_bullet/collision_detector_allocator_bullet.hpp
[1.573s] -- Up-to-date: /home/wzb/ros2ws/moveit_ws/install/moveit_core/include/moveit_core/moveit/collision_detection_bullet/collision_detector_allocator_bullet.h
[1.573s] -- Up-to-date: /home/wzb/ros2ws/moveit_ws/install/moveit_core/include/moveit_core/moveit/collision_detection_bullet/bullet_integration
[1.573s] -- Up-to-date: /home/wzb/ros2ws/moveit_ws/install/moveit_core/include/moveit_core/moveit/collision_detection_bullet/bullet_integration/bullet_bvh_manager.hpp
[1.573s] -- Up-to-date: /home/wzb/ros2ws/moveit_ws/install/moveit_core/include/moveit_core/moveit/collision_detection_bullet/bullet_integration/bullet_discrete_bvh_manager.hpp
[1.573s] -- Up-to-date: /home/wzb/ros2ws/moveit_ws/install/moveit_core/include/moveit_core/moveit/collision_detection_bullet/bullet_integration/bullet_utils.h
[1.573s] -- Up-to-date: /home/wzb/ros2ws/moveit_ws/install/moveit_core/include/moveit_core/moveit/collision_detection_bullet/bullet_integration/bullet_cast_bvh_manager.hpp
[1.573s] -- Up-to-date: /home/wzb/ros2ws/moveit_ws/install/moveit_core/include/moveit_core/moveit/collision_detection_bullet/bullet_integration/bullet_discrete_bvh_manager.h
[1.573s] -- Up-to-date: /home/wzb/ros2ws/moveit_ws/install/moveit_core/include/moveit_core/moveit/collision_detection_bullet/bullet_integration/ros_bullet_utils.hpp
[1.574s] -- Up-to-date: /home/wzb/ros2ws/moveit_ws/install/moveit_core/include/moveit_core/moveit/collision_detection_bullet/bullet_integration/bullet_bvh_manager.h
[1.574s] -- Up-to-date: /home/wzb/ros2ws/moveit_ws/install/moveit_core/include/moveit_core/moveit/collision_detection_bullet/bullet_integration/contact_checker_common.h
[1.574s] -- Up-to-date: /home/wzb/ros2ws/moveit_ws/install/moveit_core/include/moveit_core/moveit/collision_detection_bullet/bullet_integration/basic_types.hpp
[1.574s] -- Up-to-date: /home/wzb/ros2ws/moveit_ws/install/moveit_core/include/moveit_core/moveit/collision_detection_bullet/bullet_integration/basic_types.h
[1.574s] -- Up-to-date: /home/wzb/ros2ws/moveit_ws/install/moveit_core/include/moveit_core/moveit/collision_detection_bullet/bullet_integration/bullet_cast_bvh_manager.h
[1.574s] -- Up-to-date: /home/wzb/ros2ws/moveit_ws/install/moveit_core/include/moveit_core/moveit/collision_detection_bullet/bullet_integration/contact_checker_common.hpp
[1.574s] -- Up-to-date: /home/wzb/ros2ws/moveit_ws/install/moveit_core/include/moveit_core/moveit/collision_detection_bullet/bullet_integration/ros_bullet_utils.h
[1.574s] -- Up-to-date: /home/wzb/ros2ws/moveit_ws/install/moveit_core/include/moveit_core/moveit/collision_detection_bullet/bullet_integration/bullet_utils.hpp
[1.575s] -- Up-to-date: /home/wzb/ros2ws/moveit_ws/install/moveit_core/include/moveit_core/moveit/collision_detection_bullet/collision_env_bullet.h
[1.575s] -- Up-to-date: /home/wzb/ros2ws/moveit_ws/install/moveit_core/include/moveit_core/moveit_collision_detection_bullet_export.h
[1.575s] -- Up-to-date: /home/wzb/ros2ws/moveit_ws/install/moveit_core/include/moveit_core
[1.575s] -- Up-to-date: /home/wzb/ros2ws/moveit_ws/install/moveit_core/include/moveit_core/moveit
[1.575s] -- Up-to-date: /home/wzb/ros2ws/moveit_ws/install/moveit_core/include/moveit_core/moveit/collision_detection_fcl
[1.575s] -- Up-to-date: /home/wzb/ros2ws/moveit_ws/install/moveit_core/include/moveit_core/moveit/collision_detection_fcl/fcl_compat.h
[1.575s] -- Up-to-date: /home/wzb/ros2ws/moveit_ws/install/moveit_core/include/moveit_core/moveit/collision_detection_fcl/collision_detector_allocator_fcl.h
[1.575s] -- Up-to-date: /home/wzb/ros2ws/moveit_ws/install/moveit_core/include/moveit_core/moveit/collision_detection_fcl/collision_detector_fcl_plugin_loader.hpp
[1.575s] -- Up-to-date: /home/wzb/ros2ws/moveit_ws/install/moveit_core/include/moveit_core/moveit/collision_detection_fcl/fcl_compat.hpp
[1.575s] -- Up-to-date: /home/wzb/ros2ws/moveit_ws/install/moveit_core/include/moveit_core/moveit/collision_detection_fcl/collision_common.hpp
[1.575s] -- Up-to-date: /home/wzb/ros2ws/moveit_ws/install/moveit_core/include/moveit_core/moveit/collision_detection_fcl/collision_common.h
[1.575s] -- Up-to-date: /home/wzb/ros2ws/moveit_ws/install/moveit_core/include/moveit_core/moveit/collision_detection_fcl/collision_detector_fcl_plugin_loader.h
[1.576s] -- Up-to-date: /home/wzb/ros2ws/moveit_ws/install/moveit_core/include/moveit_core/moveit/collision_detection_fcl/collision_env_fcl.h
[1.576s] -- Up-to-date: /home/wzb/ros2ws/moveit_ws/install/moveit_core/include/moveit_core/moveit/collision_detection_fcl/collision_detector_allocator_fcl.hpp
[1.576s] -- Up-to-date: /home/wzb/ros2ws/moveit_ws/install/moveit_core/include/moveit_core/moveit/collision_detection_fcl/collision_env_fcl.hpp
[1.576s] -- Up-to-date: /home/wzb/ros2ws/moveit_ws/install/moveit_core/include/moveit_core/moveit_collision_detection_fcl_export.h
[1.576s] -- Up-to-date: /home/wzb/ros2ws/moveit_ws/install/moveit_core/include/moveit_core
[1.576s] -- Up-to-date: /home/wzb/ros2ws/moveit_ws/install/moveit_core/include/moveit_core/moveit
[1.576s] -- Up-to-date: /home/wzb/ros2ws/moveit_ws/install/moveit_core/include/moveit_core/moveit/collision_detection
[1.576s] -- Up-to-date: /home/wzb/ros2ws/moveit_ws/install/moveit_core/include/moveit_core/moveit/collision_detection/collision_plugin_cache.hpp
[1.576s] -- Up-to-date: /home/wzb/ros2ws/moveit_ws/install/moveit_core/include/moveit_core/moveit/collision_detection/world_diff.h
[1.576s] -- Up-to-date: /home/wzb/ros2ws/moveit_ws/install/moveit_core/include/moveit_core/moveit/collision_detection/test_collision_common_panda.h
[1.576s] -- Up-to-date: /home/wzb/ros2ws/moveit_ws/install/moveit_core/include/moveit_core/moveit/collision_detection/world_diff.hpp
[1.576s] -- Up-to-date: /home/wzb/ros2ws/moveit_ws/install/moveit_core/include/moveit_core/moveit/collision_detection/world.hpp
[1.576s] -- Up-to-date: /home/wzb/ros2ws/moveit_ws/install/moveit_core/include/moveit_core/moveit/collision_detection/collision_plugin.hpp
[1.576s] -- Up-to-date: /home/wzb/ros2ws/moveit_ws/install/moveit_core/include/moveit_core/moveit/collision_detection/collision_plugin_cache.h
[1.577s] -- Up-to-date: /home/wzb/ros2ws/moveit_ws/install/moveit_core/include/moveit_core/moveit/collision_detection/collision_tools.h
[1.577s] -- Up-to-date: /home/wzb/ros2ws/moveit_ws/install/moveit_core/include/moveit_core/moveit/collision_detection/collision_detector_allocator.hpp
[1.577s] -- Up-to-date: /home/wzb/ros2ws/moveit_ws/install/moveit_core/include/moveit_core/moveit/collision_detection/collision_octomap_filter.h
[1.577s] -- Up-to-date: /home/wzb/ros2ws/moveit_ws/install/moveit_core/include/moveit_core/moveit/collision_detection/test_collision_common_panda.hpp
[1.577s] -- Up-to-date: /home/wzb/ros2ws/moveit_ws/install/moveit_core/include/moveit_core/moveit/collision_detection/collision_plugin.h
[1.577s] -- Up-to-date: /home/wzb/ros2ws/moveit_ws/install/moveit_core/include/moveit_core/moveit/collision_detection/collision_matrix.hpp
[1.577s] -- Up-to-date: /home/wzb/ros2ws/moveit_ws/install/moveit_core/include/moveit_core/moveit/collision_detection/occupancy_map.hpp
[1.577s] -- Up-to-date: /home/wzb/ros2ws/moveit_ws/install/moveit_core/include/moveit_core/moveit/collision_detection/collision_octomap_filter.hpp
[1.577s] -- Up-to-date: /home/wzb/ros2ws/moveit_ws/install/moveit_core/include/moveit_core/moveit/collision_detection/world.h
[1.577s] -- Up-to-date: /home/wzb/ros2ws/moveit_ws/install/moveit_core/include/moveit_core/moveit/collision_detection/collision_env.h
[1.577s] -- Up-to-date: /home/wzb/ros2ws/moveit_ws/install/moveit_core/include/moveit_core/moveit/collision_detection/collision_detector_allocator.h
[1.577s] -- Up-to-date: /home/wzb/ros2ws/moveit_ws/install/moveit_core/include/moveit_core/moveit/collision_detection/test_collision_common_pr2.hpp
[1.577s] -- Up-to-date: /home/wzb/ros2ws/moveit_ws/install/moveit_core/include/moveit_core/moveit/collision_detection/collision_env.hpp
[1.577s] -- Up-to-date: /home/wzb/ros2ws/moveit_ws/install/moveit_core/include/moveit_core/moveit/collision_detection/collision_common.hpp
[1.578s] -- Up-to-date: /home/wzb/ros2ws/moveit_ws/install/moveit_core/include/moveit_core/moveit/collision_detection/test_collision_common_pr2.h
[1.578s] -- Up-to-date: /home/wzb/ros2ws/moveit_ws/install/moveit_core/include/moveit_core/moveit/collision_detection/collision_common.h
[1.578s] -- Up-to-date: /home/wzb/ros2ws/moveit_ws/install/moveit_core/include/moveit_core/moveit/collision_detection/collision_matrix.h
[1.578s] -- Up-to-date: /home/wzb/ros2ws/moveit_ws/install/moveit_core/include/moveit_core/moveit/collision_detection/occupancy_map.h
[1.578s] -- Up-to-date: /home/wzb/ros2ws/moveit_ws/install/moveit_core/include/moveit_core/moveit/collision_detection/collision_tools.hpp
[1.578s] -- Up-to-date: /home/wzb/ros2ws/moveit_ws/install/moveit_core/include/moveit_core/moveit/collision_detection/allvalid
[1.578s] -- Up-to-date: /home/wzb/ros2ws/moveit_ws/install/moveit_core/include/moveit_core/moveit/collision_detection/allvalid/collision_env_allvalid.h
[1.578s] -- Up-to-date: /home/wzb/ros2ws/moveit_ws/install/moveit_core/include/moveit_core/moveit/collision_detection/allvalid/collision_detector_allocator_allvalid.h
[1.578s] -- Up-to-date: /home/wzb/ros2ws/moveit_ws/install/moveit_core/include/moveit_core/moveit/collision_detection/allvalid/collision_detector_allocator_allvalid.hpp
[1.578s] -- Up-to-date: /home/wzb/ros2ws/moveit_ws/install/moveit_core/include/moveit_core/moveit/collision_detection/allvalid/collision_env_allvalid.hpp
[1.578s] -- Up-to-date: /home/wzb/ros2ws/moveit_ws/install/moveit_core/include/moveit_core/moveit_collision_detection_export.h
[1.578s] -- Up-to-date: /home/wzb/ros2ws/moveit_ws/install/moveit_core/include/moveit_core
[1.578s] -- Up-to-date: /home/wzb/ros2ws/moveit_ws/install/moveit_core/include/moveit_core/moveit
[1.578s] -- Up-to-date: /home/wzb/ros2ws/moveit_ws/install/moveit_core/include/moveit_core/moveit/collision_distance_field
[1.579s] -- Up-to-date: /home/wzb/ros2ws/moveit_ws/install/moveit_core/include/moveit_core/moveit/collision_distance_field/collision_common_distance_field.hpp
[1.579s] -- Up-to-date: /home/wzb/ros2ws/moveit_ws/install/moveit_core/include/moveit_core/moveit/collision_distance_field/collision_env_hybrid.h
[1.579s] -- Up-to-date: /home/wzb/ros2ws/moveit_ws/install/moveit_core/include/moveit_core/moveit/collision_distance_field/collision_detector_allocator_hybrid.h
[1.579s] -- Up-to-date: /home/wzb/ros2ws/moveit_ws/install/moveit_core/include/moveit_core/moveit/collision_distance_field/collision_env_distance_field.h
[1.579s] -- Up-to-date: /home/wzb/ros2ws/moveit_ws/install/moveit_core/include/moveit_core/moveit/collision_distance_field/collision_detector_allocator_distance_field.hpp
[1.579s] -- Up-to-date: /home/wzb/ros2ws/moveit_ws/install/moveit_core/include/moveit_core/moveit/collision_distance_field/collision_env_hybrid.hpp
[1.579s] -- Up-to-date: /home/wzb/ros2ws/moveit_ws/install/moveit_core/include/moveit_core/moveit/collision_distance_field/collision_distance_field_types.hpp
[1.579s] -- Up-to-date: /home/wzb/ros2ws/moveit_ws/install/moveit_core/include/moveit_core/moveit/collision_distance_field/collision_env_distance_field.hpp
[1.579s] -- Up-to-date: /home/wzb/ros2ws/moveit_ws/install/moveit_core/include/moveit_core/moveit/collision_distance_field/collision_detector_allocator_hybrid.hpp
[1.579s] -- Up-to-date: /home/wzb/ros2ws/moveit_ws/install/moveit_core/include/moveit_core/moveit/collision_distance_field/collision_detector_allocator_distance_field.h
[1.579s] -- Up-to-date: /home/wzb/ros2ws/moveit_ws/install/moveit_core/include/moveit_core/moveit/collision_distance_field/collision_common_distance_field.h
[1.579s] -- Up-to-date: /home/wzb/ros2ws/moveit_ws/install/moveit_core/include/moveit_core/moveit/collision_distance_field/collision_distance_field_types.h
[1.579s] -- Up-to-date: /home/wzb/ros2ws/moveit_ws/install/moveit_core/include/moveit_core/moveit_collision_distance_field_export.h
[1.579s] -- Up-to-date: /home/wzb/ros2ws/moveit_ws/install/moveit_core/include/moveit_core
[1.579s] -- Up-to-date: /home/wzb/ros2ws/moveit_ws/install/moveit_core/include/moveit_core/moveit
[1.579s] -- Up-to-date: /home/wzb/ros2ws/moveit_ws/install/moveit_core/include/moveit_core/moveit/constraint_samplers
[1.580s] -- Up-to-date: /home/wzb/ros2ws/moveit_ws/install/moveit_core/include/moveit_core/moveit/constraint_samplers/constraint_sampler_manager.h
[1.580s] -- Up-to-date: /home/wzb/ros2ws/moveit_ws/install/moveit_core/include/moveit_core/moveit/constraint_samplers/default_constraint_samplers.hpp
[1.580s] -- Up-to-date: /home/wzb/ros2ws/moveit_ws/install/moveit_core/include/moveit_core/moveit/constraint_samplers/constraint_sampler_tools.h
[1.580s] -- Up-to-date: /home/wzb/ros2ws/moveit_ws/install/moveit_core/include/moveit_core/moveit/constraint_samplers/constraint_sampler_allocator.hpp
[1.580s] -- Up-to-date: /home/wzb/ros2ws/moveit_ws/install/moveit_core/include/moveit_core/moveit/constraint_samplers/constraint_sampler_tools.hpp
[1.580s] -- Up-to-date: /home/wzb/ros2ws/moveit_ws/install/moveit_core/include/moveit_core/moveit/constraint_samplers/default_constraint_samplers.h
[1.580s] -- Up-to-date: /home/wzb/ros2ws/moveit_ws/install/moveit_core/include/moveit_core/moveit/constraint_samplers/constraint_sampler.h
[1.580s] -- Up-to-date: /home/wzb/ros2ws/moveit_ws/install/moveit_core/include/moveit_core/moveit/constraint_samplers/constraint_sampler_manager.hpp
[1.580s] -- Up-to-date: /home/wzb/ros2ws/moveit_ws/install/moveit_core/include/moveit_core/moveit/constraint_samplers/constraint_sampler.hpp
[1.580s] -- Up-to-date: /home/wzb/ros2ws/moveit_ws/install/moveit_core/include/moveit_core/moveit/constraint_samplers/union_constraint_sampler.hpp
[1.580s] -- Up-to-date: /home/wzb/ros2ws/moveit_ws/install/moveit_core/include/moveit_core/moveit/constraint_samplers/union_constraint_sampler.h
[1.580s] -- Up-to-date: /home/wzb/ros2ws/moveit_ws/install/moveit_core/include/moveit_core/moveit/constraint_samplers/constraint_sampler_allocator.h
[1.580s] -- Up-to-date: /home/wzb/ros2ws/moveit_ws/install/moveit_core/include/moveit_core
[1.580s] -- Up-to-date: /home/wzb/ros2ws/moveit_ws/install/moveit_core/include/moveit_core/moveit
[1.580s] -- Up-to-date: /home/wzb/ros2ws/moveit_ws/install/moveit_core/include/moveit_core/moveit/controller_manager
[1.580s] -- Up-to-date: /home/wzb/ros2ws/moveit_ws/install/moveit_core/include/moveit_core/moveit/controller_manager/controller_manager.h
[1.580s] -- Up-to-date: /home/wzb/ros2ws/moveit_ws/install/moveit_core/include/moveit_core/moveit/controller_manager/controller_manager.hpp
[1.580s] -- Up-to-date: /home/wzb/ros2ws/moveit_ws/install/moveit_core/include/moveit_core
[1.580s] -- Up-to-date: /home/wzb/ros2ws/moveit_ws/install/moveit_core/include/moveit_core/moveit
[1.580s] -- Up-to-date: /home/wzb/ros2ws/moveit_ws/install/moveit_core/include/moveit_core/moveit/distance_field
[1.580s] -- Up-to-date: /home/wzb/ros2ws/moveit_ws/install/moveit_core/include/moveit_core/moveit/distance_field/find_internal_points.hpp
[1.580s] -- Up-to-date: /home/wzb/ros2ws/moveit_ws/install/moveit_core/include/moveit_core/moveit/distance_field/distance_field.h
[1.580s] -- Up-to-date: /home/wzb/ros2ws/moveit_ws/install/moveit_core/include/moveit_core/moveit/distance_field/voxel_grid.h
[1.580s] -- Up-to-date: /home/wzb/ros2ws/moveit_ws/install/moveit_core/include/moveit_core/moveit/distance_field/distance_field.hpp
[1.580s] -- Up-to-date: /home/wzb/ros2ws/moveit_ws/install/moveit_core/include/moveit_core/moveit/distance_field/propagation_distance_field.hpp
[1.580s] -- Up-to-date: /home/wzb/ros2ws/moveit_ws/install/moveit_core/include/moveit_core/moveit/distance_field/voxel_grid.hpp
[1.580s] -- Up-to-date: /home/wzb/ros2ws/moveit_ws/install/moveit_core/include/moveit_core/moveit/distance_field/propagation_distance_field.h
[1.580s] -- Up-to-date: /home/wzb/ros2ws/moveit_ws/install/moveit_core/include/moveit_core/moveit/distance_field/find_internal_points.h
[1.580s] -- Up-to-date: /home/wzb/ros2ws/moveit_ws/install/moveit_core/include/moveit_core
[1.580s] -- Up-to-date: /home/wzb/ros2ws/moveit_ws/install/moveit_core/include/moveit_core/moveit
[1.580s] -- Up-to-date: /home/wzb/ros2ws/moveit_ws/install/moveit_core/include/moveit_core/moveit/dynamics_solver
[1.580s] -- Up-to-date: /home/wzb/ros2ws/moveit_ws/install/moveit_core/include/moveit_core/moveit/dynamics_solver/dynamics_solver.hpp
[1.580s] -- Up-to-date: /home/wzb/ros2ws/moveit_ws/install/moveit_core/include/moveit_core/moveit/dynamics_solver/dynamics_solver.h
[1.580s] -- Up-to-date: /home/wzb/ros2ws/moveit_ws/install/moveit_core/include/moveit_core
[1.580s] -- Up-to-date: /home/wzb/ros2ws/moveit_ws/install/moveit_core/include/moveit_core/moveit
[1.580s] -- Up-to-date: /home/wzb/ros2ws/moveit_ws/install/moveit_core/include/moveit_core/moveit/exceptions
[1.580s] -- Up-to-date: /home/wzb/ros2ws/moveit_ws/install/moveit_core/include/moveit_core/moveit/exceptions/exceptions.h
[1.580s] -- Up-to-date: /home/wzb/ros2ws/moveit_ws/install/moveit_core/include/moveit_core/moveit/exceptions/exceptions.hpp
[1.581s] -- Up-to-date: /home/wzb/ros2ws/moveit_ws/install/moveit_core/include/moveit_core
[1.581s] -- Up-to-date: /home/wzb/ros2ws/moveit_ws/install/moveit_core/include/moveit_core/moveit
[1.581s] -- Up-to-date: /home/wzb/ros2ws/moveit_ws/install/moveit_core/include/moveit_core/moveit/kinematic_constraints
[1.581s] -- Up-to-date: /home/wzb/ros2ws/moveit_ws/install/moveit_core/include/moveit_core/moveit/kinematic_constraints/kinematic_constraint.h
[1.581s] -- Up-to-date: /home/wzb/ros2ws/moveit_ws/install/moveit_core/include/moveit_core/moveit/kinematic_constraints/utils.h
[1.581s] -- Up-to-date: /home/wzb/ros2ws/moveit_ws/install/moveit_core/include/moveit_core/moveit/kinematic_constraints/kinematic_constraint.hpp
[1.581s] -- Up-to-date: /home/wzb/ros2ws/moveit_ws/install/moveit_core/include/moveit_core/moveit/kinematic_constraints/utils.hpp
[1.581s] -- Up-to-date: /home/wzb/ros2ws/moveit_ws/install/moveit_core/include/moveit_core
[1.581s] -- Up-to-date: /home/wzb/ros2ws/moveit_ws/install/moveit_core/include/moveit_core/moveit
[1.581s] -- Up-to-date: /home/wzb/ros2ws/moveit_ws/install/moveit_core/include/moveit_core/moveit/kinematics_base
[1.581s] -- Up-to-date: /home/wzb/ros2ws/moveit_ws/install/moveit_core/include/moveit_core/moveit/kinematics_base/kinematics_base.h
[1.581s] -- Up-to-date: /home/wzb/ros2ws/moveit_ws/install/moveit_core/include/moveit_core/moveit/kinematics_base/kinematics_base.hpp
[1.581s] -- Up-to-date: /home/wzb/ros2ws/moveit_ws/install/moveit_core/include/moveit_core/moveit_kinematics_base_export.h
[1.581s] -- Up-to-date: /home/wzb/ros2ws/moveit_ws/install/moveit_core/include/moveit_core
[1.581s] -- Up-to-date: /home/wzb/ros2ws/moveit_ws/install/moveit_core/include/moveit_core/moveit
[1.581s] -- Up-to-date: /home/wzb/ros2ws/moveit_ws/install/moveit_core/include/moveit_core/moveit/kinematics_metrics
[1.581s] -- Up-to-date: /home/wzb/ros2ws/moveit_ws/install/moveit_core/include/moveit_core/moveit/kinematics_metrics/kinematics_metrics.h
[1.581s] -- Up-to-date: /home/wzb/ros2ws/moveit_ws/install/moveit_core/include/moveit_core/moveit/kinematics_metrics/kinematics_metrics.hpp
[1.581s] -- Up-to-date: /home/wzb/ros2ws/moveit_ws/install/moveit_core/include/moveit_core
[1.581s] -- Up-to-date: /home/wzb/ros2ws/moveit_ws/install/moveit_core/include/moveit_core/moveit
[1.581s] -- Up-to-date: /home/wzb/ros2ws/moveit_ws/install/moveit_core/include/moveit_core/moveit/macros
[1.581s] -- Up-to-date: /home/wzb/ros2ws/moveit_ws/install/moveit_core/include/moveit_core/moveit/macros/class_forward.hpp
[1.581s] -- Up-to-date: /home/wzb/ros2ws/moveit_ws/install/moveit_core/include/moveit_core/moveit/macros/console_colors.h
[1.581s] -- Up-to-date: /home/wzb/ros2ws/moveit_ws/install/moveit_core/include/moveit_core/moveit/macros/declare_ptr.h
[1.581s] -- Up-to-date: /home/wzb/ros2ws/moveit_ws/install/moveit_core/include/moveit_core/moveit/macros/class_forward.h
[1.581s] -- Up-to-date: /home/wzb/ros2ws/moveit_ws/install/moveit_core/include/moveit_core/moveit/macros/console_colors.hpp
[1.581s] -- Up-to-date: /home/wzb/ros2ws/moveit_ws/install/moveit_core/include/moveit_core/moveit/macros/declare_ptr.hpp
[1.581s] -- Up-to-date: /home/wzb/ros2ws/moveit_ws/install/moveit_core/include/moveit_core
[1.581s] -- Up-to-date: /home/wzb/ros2ws/moveit_ws/install/moveit_core/include/moveit_core/moveit_butterworth_filter_parameters.hpp
[1.581s] -- Up-to-date: /home/wzb/ros2ws/moveit_ws/install/moveit_core/include/moveit_core/moveit_acceleration_filter_parameters.hpp
[1.581s] -- Up-to-date: /home/wzb/ros2ws/moveit_ws/install/moveit_core/include/moveit_core/moveit_ruckig_filter_parameters.hpp
[1.581s] -- Up-to-date: /home/wzb/ros2ws/moveit_ws/install/moveit_core/include/moveit_core
[1.582s] -- Up-to-date: /home/wzb/ros2ws/moveit_ws/install/moveit_core/include/moveit_core/moveit_butterworth_filter_parameters.hpp
[1.582s] -- Up-to-date: /home/wzb/ros2ws/moveit_ws/install/moveit_core/include/moveit_core/moveit_acceleration_filter_parameters.hpp
[1.582s] -- Up-to-date: /home/wzb/ros2ws/moveit_ws/install/moveit_core/include/moveit_core/moveit_ruckig_filter_parameters.hpp
[1.582s] -- Up-to-date: /home/wzb/ros2ws/moveit_ws/install/moveit_core/include/moveit_core
[1.582s] -- Up-to-date: /home/wzb/ros2ws/moveit_ws/install/moveit_core/include/moveit_core/moveit_butterworth_filter_parameters.hpp
[1.582s] -- Up-to-date: /home/wzb/ros2ws/moveit_ws/install/moveit_core/include/moveit_core/moveit_acceleration_filter_parameters.hpp
[1.582s] -- Up-to-date: /home/wzb/ros2ws/moveit_ws/install/moveit_core/include/moveit_core/moveit_ruckig_filter_parameters.hpp
[1.582s] -- Up-to-date: /home/wzb/ros2ws/moveit_ws/install/moveit_core/include/moveit_core
[1.582s] -- Up-to-date: /home/wzb/ros2ws/moveit_ws/install/moveit_core/include/moveit_core/moveit
[1.582s] -- Up-to-date: /home/wzb/ros2ws/moveit_ws/install/moveit_core/include/moveit_core/moveit/online_signal_smoothing
[1.582s] -- Up-to-date: /home/wzb/ros2ws/moveit_ws/install/moveit_core/include/moveit_core/moveit/online_signal_smoothing/butterworth_filter.h
[1.582s] -- Up-to-date: /home/wzb/ros2ws/moveit_ws/install/moveit_core/include/moveit_core/moveit/online_signal_smoothing/ruckig_filter.h
[1.582s] -- Up-to-date: /home/wzb/ros2ws/moveit_ws/install/moveit_core/include/moveit_core/moveit/online_signal_smoothing/smoothing_base_class.h
[1.582s] -- Up-to-date: /home/wzb/ros2ws/moveit_ws/install/moveit_core/include/moveit_core/moveit/online_signal_smoothing/acceleration_filter.hpp
[1.582s] -- Up-to-date: /home/wzb/ros2ws/moveit_ws/install/moveit_core/include/moveit_core/moveit/online_signal_smoothing/smoothing_base_class.hpp
[1.582s] -- Up-to-date: /home/wzb/ros2ws/moveit_ws/install/moveit_core/include/moveit_core/moveit/online_signal_smoothing/acceleration_filter.h
[1.583s] -- Up-to-date: /home/wzb/ros2ws/moveit_ws/install/moveit_core/include/moveit_core/moveit/online_signal_smoothing/butterworth_filter.hpp
[1.583s] -- Up-to-date: /home/wzb/ros2ws/moveit_ws/install/moveit_core/include/moveit_core/moveit/online_signal_smoothing/ruckig_filter.hpp
[1.583s] -- Up-to-date: /home/wzb/ros2ws/moveit_ws/install/moveit_core/include/moveit_core/moveit_smoothing_base_export.h
[1.583s] -- Up-to-date: /home/wzb/ros2ws/moveit_ws/install/moveit_core/include/moveit_core/moveit_acceleration_filter_export.h
[1.583s] -- Up-to-date: /home/wzb/ros2ws/moveit_ws/install/moveit_core/include/moveit_core/moveit_butterworth_filter_export.h
[1.583s] -- Up-to-date: /home/wzb/ros2ws/moveit_ws/install/moveit_core/include/moveit_core/moveit_ruckig_filter_export.h
[1.583s] -- Up-to-date: /home/wzb/ros2ws/moveit_ws/install/moveit_core/include/moveit_core
[1.583s] -- Up-to-date: /home/wzb/ros2ws/moveit_ws/install/moveit_core/include/moveit_core/moveit
[1.583s] -- Up-to-date: /home/wzb/ros2ws/moveit_ws/install/moveit_core/include/moveit_core/moveit/planning_interface
[1.583s] -- Up-to-date: /home/wzb/ros2ws/moveit_ws/install/moveit_core/include/moveit_core/moveit/planning_interface/planning_request.h
[1.583s] -- Up-to-date: /home/wzb/ros2ws/moveit_ws/install/moveit_core/include/moveit_core/moveit/planning_interface/planning_response_adapter.h
[1.583s] -- Up-to-date: /home/wzb/ros2ws/moveit_ws/install/moveit_core/include/moveit_core/moveit/planning_interface/planning_request_adapter.h
[1.583s] -- Up-to-date: /home/wzb/ros2ws/moveit_ws/install/moveit_core/include/moveit_core/moveit/planning_interface/planning_request_adapter.hpp
[1.583s] -- Up-to-date: /home/wzb/ros2ws/moveit_ws/install/moveit_core/include/moveit_core/moveit/planning_interface/planning_request.hpp
[1.583s] -- Up-to-date: /home/wzb/ros2ws/moveit_ws/install/moveit_core/include/moveit_core/moveit/planning_interface/planning_response_adapter.hpp
[1.583s] -- Up-to-date: /home/wzb/ros2ws/moveit_ws/install/moveit_core/include/moveit_core/moveit/planning_interface/planning_interface.hpp
[1.583s] -- Up-to-date: /home/wzb/ros2ws/moveit_ws/install/moveit_core/include/moveit_core/moveit/planning_interface/planning_response.hpp
[1.583s] -- Up-to-date: /home/wzb/ros2ws/moveit_ws/install/moveit_core/include/moveit_core/moveit/planning_interface/planning_interface.h
[1.583s] -- Up-to-date: /home/wzb/ros2ws/moveit_ws/install/moveit_core/include/moveit_core/moveit/planning_interface/planning_response.h
[1.583s] -- Up-to-date: /home/wzb/ros2ws/moveit_ws/install/moveit_core/include/moveit_core
[1.583s] -- Up-to-date: /home/wzb/ros2ws/moveit_ws/install/moveit_core/include/moveit_core/moveit
[1.583s] -- Up-to-date: /home/wzb/ros2ws/moveit_ws/install/moveit_core/include/moveit_core/moveit/planning_scene
[1.583s] -- Up-to-date: /home/wzb/ros2ws/moveit_ws/install/moveit_core/include/moveit_core/moveit/planning_scene/planning_scene.hpp
[1.583s] -- Up-to-date: /home/wzb/ros2ws/moveit_ws/install/moveit_core/include/moveit_core/moveit/planning_scene/planning_scene.h
[1.583s] -- Up-to-date: /home/wzb/ros2ws/moveit_ws/install/moveit_core/include/moveit_core/moveit_planning_scene_export.h
[1.583s] -- Up-to-date: /home/wzb/ros2ws/moveit_ws/install/moveit_core/include/moveit_core
[1.583s] -- Up-to-date: /home/wzb/ros2ws/moveit_ws/install/moveit_core/include/moveit_core/moveit
[1.583s] -- Up-to-date: /home/wzb/ros2ws/moveit_ws/install/moveit_core/include/moveit_core/moveit/robot_model
[1.583s] -- Up-to-date: /home/wzb/ros2ws/moveit_ws/install/moveit_core/include/moveit_core/moveit/robot_model/floating_joint_model.h
[1.583s] -- Up-to-date: /home/wzb/ros2ws/moveit_ws/install/moveit_core/include/moveit_core/moveit/robot_model/joint_model.hpp
[1.583s] -- Up-to-date: /home/wzb/ros2ws/moveit_ws/install/moveit_core/include/moveit_core/moveit/robot_model/prismatic_joint_model.h
[1.583s] -- Up-to-date: /home/wzb/ros2ws/moveit_ws/install/moveit_core/include/moveit_core/moveit/robot_model/revolute_joint_model.h
[1.583s] -- Up-to-date: /home/wzb/ros2ws/moveit_ws/install/moveit_core/include/moveit_core/moveit/robot_model/robot_model.hpp
[1.583s] -- Up-to-date: /home/wzb/ros2ws/moveit_ws/install/moveit_core/include/moveit_core/moveit/robot_model/joint_model_group.hpp
[1.583s] -- Up-to-date: /home/wzb/ros2ws/moveit_ws/install/moveit_core/include/moveit_core/moveit/robot_model/aabb.h
[1.584s] -- Up-to-date: /home/wzb/ros2ws/moveit_ws/install/moveit_core/include/moveit_core/moveit/robot_model/joint_model.h
[1.584s] -- Up-to-date: /home/wzb/ros2ws/moveit_ws/install/moveit_core/include/moveit_core/moveit/robot_model/fixed_joint_model.h
[1.584s] -- Up-to-date: /home/wzb/ros2ws/moveit_ws/install/moveit_core/include/moveit_core/moveit/robot_model/link_model.h
[1.584s] -- Up-to-date: /home/wzb/ros2ws/moveit_ws/install/moveit_core/include/moveit_core/moveit/robot_model/joint_model_group.h
[1.584s] -- Up-to-date: /home/wzb/ros2ws/moveit_ws/install/moveit_core/include/moveit_core/moveit/robot_model/aabb.hpp
[1.584s] -- Up-to-date: /home/wzb/ros2ws/moveit_ws/install/moveit_core/include/moveit_core/moveit/robot_model/fixed_joint_model.hpp
[1.584s] -- Up-to-date: /home/wzb/ros2ws/moveit_ws/install/moveit_core/include/moveit_core/moveit/robot_model/planar_joint_model.hpp
[1.584s] -- Up-to-date: /home/wzb/ros2ws/moveit_ws/install/moveit_core/include/moveit_core/moveit/robot_model/robot_model.h
[1.584s] -- Up-to-date: /home/wzb/ros2ws/moveit_ws/install/moveit_core/include/moveit_core/moveit/robot_model/planar_joint_model.h
[1.584s] -- Up-to-date: /home/wzb/ros2ws/moveit_ws/install/moveit_core/include/moveit_core/moveit/robot_model/prismatic_joint_model.hpp
[1.584s] -- Up-to-date: /home/wzb/ros2ws/moveit_ws/install/moveit_core/include/moveit_core/moveit/robot_model/link_model.hpp
[1.584s] -- Up-to-date: /home/wzb/ros2ws/moveit_ws/install/moveit_core/include/moveit_core/moveit/robot_model/revolute_joint_model.hpp
[1.584s] -- Up-to-date: /home/wzb/ros2ws/moveit_ws/install/moveit_core/include/moveit_core/moveit/robot_model/floating_joint_model.hpp
[1.584s] -- Up-to-date: /home/wzb/ros2ws/moveit_ws/install/moveit_core/include/moveit_core
[1.584s] -- Up-to-date: /home/wzb/ros2ws/moveit_ws/install/moveit_core/include/moveit_core/moveit
[1.584s] -- Up-to-date: /home/wzb/ros2ws/moveit_ws/install/moveit_core/include/moveit_core/moveit/robot_state
[1.584s] -- Up-to-date: /home/wzb/ros2ws/moveit_ws/install/moveit_core/include/moveit_core/moveit/robot_state/robot_state.h
[1.584s] -- Up-to-date: /home/wzb/ros2ws/moveit_ws/install/moveit_core/include/moveit_core/moveit/robot_state/cartesian_interpolator.hpp
[1.584s] -- Up-to-date: /home/wzb/ros2ws/moveit_ws/install/moveit_core/include/moveit_core/moveit/robot_state/attached_body.hpp
[1.584s] -- Up-to-date: /home/wzb/ros2ws/moveit_ws/install/moveit_core/include/moveit_core/moveit/robot_state/conversions.h
[1.584s] -- Up-to-date: /home/wzb/ros2ws/moveit_ws/install/moveit_core/include/moveit_core/moveit/robot_state/attached_body.h
[1.584s] -- Up-to-date: /home/wzb/ros2ws/moveit_ws/install/moveit_core/include/moveit_core/moveit/robot_state/conversions.hpp
[1.584s] -- Up-to-date: /home/wzb/ros2ws/moveit_ws/install/moveit_core/include/moveit_core/moveit/robot_state/cartesian_interpolator.h
[1.584s] -- Up-to-date: /home/wzb/ros2ws/moveit_ws/install/moveit_core/include/moveit_core/moveit/robot_state/robot_state.hpp
[1.584s] -- Up-to-date: /home/wzb/ros2ws/moveit_ws/install/moveit_core/include/moveit_core
[1.584s] -- Up-to-date: /home/wzb/ros2ws/moveit_ws/install/moveit_core/include/moveit_core/moveit
[1.584s] -- Up-to-date: /home/wzb/ros2ws/moveit_ws/install/moveit_core/include/moveit_core/moveit/robot_trajectory
[1.584s] -- Up-to-date: /home/wzb/ros2ws/moveit_ws/install/moveit_core/include/moveit_core/moveit/robot_trajectory/robot_trajectory.hpp
[1.584s] -- Up-to-date: /home/wzb/ros2ws/moveit_ws/install/moveit_core/include/moveit_core/moveit/robot_trajectory/robot_trajectory.h
[1.584s] -- Up-to-date: /home/wzb/ros2ws/moveit_ws/install/moveit_core/include/moveit_core
[1.584s] -- Up-to-date: /home/wzb/ros2ws/moveit_ws/install/moveit_core/include/moveit_core/moveit
[1.584s] -- Up-to-date: /home/wzb/ros2ws/moveit_ws/install/moveit_core/include/moveit_core/moveit/trajectory_processing
[1.584s] -- Up-to-date: /home/wzb/ros2ws/moveit_ws/install/moveit_core/include/moveit_core/moveit/trajectory_processing/time_parameterization.h
[1.584s] -- Up-to-date: /home/wzb/ros2ws/moveit_ws/install/moveit_core/include/moveit_core/moveit/trajectory_processing/time_optimal_trajectory_generation.hpp
[1.584s] -- Up-to-date: /home/wzb/ros2ws/moveit_ws/install/moveit_core/include/moveit_core/moveit/trajectory_processing/time_parameterization.hpp
[1.584s] -- Up-to-date: /home/wzb/ros2ws/moveit_ws/install/moveit_core/include/moveit_core/moveit/trajectory_processing/ruckig_traj_smoothing.h
[1.584s] -- Up-to-date: /home/wzb/ros2ws/moveit_ws/install/moveit_core/include/moveit_core/moveit/trajectory_processing/ruckig_traj_smoothing.hpp
[1.584s] -- Up-to-date: /home/wzb/ros2ws/moveit_ws/install/moveit_core/include/moveit_core/moveit/trajectory_processing/trajectory_tools.hpp
[1.584s] -- Up-to-date: /home/wzb/ros2ws/moveit_ws/install/moveit_core/include/moveit_core/moveit/trajectory_processing/trajectory_tools.h
[1.585s] -- Up-to-date: /home/wzb/ros2ws/moveit_ws/install/moveit_core/include/moveit_core/moveit/trajectory_processing/time_optimal_trajectory_generation.h
[1.585s] -- Up-to-date: /home/wzb/ros2ws/moveit_ws/install/moveit_core/include/moveit_core
[1.585s] -- Up-to-date: /home/wzb/ros2ws/moveit_ws/install/moveit_core/include/moveit_core/moveit
[1.585s] -- Up-to-date: /home/wzb/ros2ws/moveit_ws/install/moveit_core/include/moveit_core/moveit/transforms
[1.585s] -- Up-to-date: /home/wzb/ros2ws/moveit_ws/install/moveit_core/include/moveit_core/moveit/transforms/transforms.h
[1.585s] -- Up-to-date: /home/wzb/ros2ws/moveit_ws/install/moveit_core/include/moveit_core/moveit/transforms/transforms.hpp
[1.585s] -- Up-to-date: /home/wzb/ros2ws/moveit_ws/install/moveit_core/include/moveit_core
[1.585s] -- Up-to-date: /home/wzb/ros2ws/moveit_ws/install/moveit_core/include/moveit_core/moveit
[1.585s] -- Up-to-date: /home/wzb/ros2ws/moveit_ws/install/moveit_core/include/moveit_core/moveit/utils
[1.585s] -- Up-to-date: /home/wzb/ros2ws/moveit_ws/install/moveit_core/include/moveit_core/moveit/utils/lexical_casts.hpp
[1.585s] -- Up-to-date: /home/wzb/ros2ws/moveit_ws/install/moveit_core/include/moveit_core/moveit/utils/logger.h
[1.585s] -- Up-to-date: /home/wzb/ros2ws/moveit_ws/install/moveit_core/include/moveit_core/moveit/utils/message_checks.h
[1.585s] -- Up-to-date: /home/wzb/ros2ws/moveit_ws/install/moveit_core/include/moveit_core/moveit/utils/rclcpp_utils.h
[1.585s] -- Up-to-date: /home/wzb/ros2ws/moveit_ws/install/moveit_core/include/moveit_core/moveit/utils/lexical_casts.h
[1.585s] -- Up-to-date: /home/wzb/ros2ws/moveit_ws/install/moveit_core/include/moveit_core/moveit/utils/logger.hpp
[1.585s] -- Up-to-date: /home/wzb/ros2ws/moveit_ws/install/moveit_core/include/moveit_core/moveit/utils/message_checks.hpp
[1.585s] -- Up-to-date: /home/wzb/ros2ws/moveit_ws/install/moveit_core/include/moveit_core/moveit/utils/moveit_error_code.hpp
[1.585s] -- Up-to-date: /home/wzb/ros2ws/moveit_ws/install/moveit_core/include/moveit_core/moveit/utils/robot_model_test_utils.hpp
[1.585s] -- Up-to-date: /home/wzb/ros2ws/moveit_ws/install/moveit_core/include/moveit_core/moveit/utils/eigen_test_utils.h
[1.585s] -- Up-to-date: /home/wzb/ros2ws/moveit_ws/install/moveit_core/include/moveit_core/moveit/utils/rclcpp_utils.hpp
[1.585s] -- Up-to-date: /home/wzb/ros2ws/moveit_ws/install/moveit_core/include/moveit_core/moveit/utils/robot_model_test_utils.h
[1.585s] -- Up-to-date: /home/wzb/ros2ws/moveit_ws/install/moveit_core/include/moveit_core/moveit/utils/moveit_error_code.h
[1.585s] -- Up-to-date: /home/wzb/ros2ws/moveit_ws/install/moveit_core/include/moveit_core/moveit/utils/eigen_test_utils.hpp
[1.585s] -- Up-to-date: /home/wzb/ros2ws/moveit_ws/install/moveit_core/lib/moveit_core/logger_dut
[1.585s] -- Up-to-date: /home/wzb/ros2ws/moveit_ws/install/moveit_core/include/moveit_core/moveit/version.hpp
[1.585s] -- Up-to-date: /home/wzb/ros2ws/moveit_ws/install/moveit_core/bin/moveit_version
[1.585s] -- Up-to-date: /home/wzb/ros2ws/moveit_ws/install/moveit_core/lib/libmoveit_collision_detection.so.2.14.1
[1.585s] -- Up-to-date: /home/wzb/ros2ws/moveit_ws/install/moveit_core/lib/libmoveit_collision_detection.so
[1.585s] -- Up-to-date: /home/wzb/ros2ws/moveit_ws/install/moveit_core/lib/libmoveit_collision_detection_bullet.so.2.14.1
[1.585s] -- Up-to-date: /home/wzb/ros2ws/moveit_ws/install/moveit_core/lib/libmoveit_collision_detection_bullet.so
[1.585s] -- Up-to-date: /home/wzb/ros2ws/moveit_ws/install/moveit_core/lib/libmoveit_collision_detection_fcl.so.2.14.1
[1.585s] -- Up-to-date: /home/wzb/ros2ws/moveit_ws/install/moveit_core/lib/libmoveit_collision_detection_fcl.so
[1.585s] -- Up-to-date: /home/wzb/ros2ws/moveit_ws/install/moveit_core/lib/libmoveit_collision_distance_field.so.2.14.1
[1.585s] -- Up-to-date: /home/wzb/ros2ws/moveit_ws/install/moveit_core/lib/libmoveit_collision_distance_field.so
[1.585s] -- Up-to-date: /home/wzb/ros2ws/moveit_ws/install/moveit_core/lib/libmoveit_constraint_samplers.so.2.14.1
[1.586s] -- Up-to-date: /home/wzb/ros2ws/moveit_ws/install/moveit_core/lib/libmoveit_constraint_samplers.so
[1.586s] -- Up-to-date: /home/wzb/ros2ws/moveit_ws/install/moveit_core/lib/libmoveit_distance_field.so.2.14.1
[1.586s] -- Up-to-date: /home/wzb/ros2ws/moveit_ws/install/moveit_core/lib/libmoveit_distance_field.so
[1.586s] -- Up-to-date: /home/wzb/ros2ws/moveit_ws/install/moveit_core/lib/libmoveit_dynamics_solver.so.2.14.1
[1.586s] -- Up-to-date: /home/wzb/ros2ws/moveit_ws/install/moveit_core/lib/libmoveit_dynamics_solver.so
[1.586s] -- Up-to-date: /home/wzb/ros2ws/moveit_ws/install/moveit_core/lib/libmoveit_exceptions.so.2.14.1
[1.586s] -- Up-to-date: /home/wzb/ros2ws/moveit_ws/install/moveit_core/lib/libmoveit_exceptions.so
[1.586s] -- Up-to-date: /home/wzb/ros2ws/moveit_ws/install/moveit_core/lib/libmoveit_kinematic_constraints.so.2.14.1
[1.586s] -- Up-to-date: /home/wzb/ros2ws/moveit_ws/install/moveit_core/lib/libmoveit_kinematic_constraints.so
[1.586s] -- Up-to-date: /home/wzb/ros2ws/moveit_ws/install/moveit_core/lib/libmoveit_kinematics_base.so
[1.586s] -- Up-to-date: /home/wzb/ros2ws/moveit_ws/install/moveit_core/lib/libmoveit_kinematics_metrics.so.2.14.1
[1.586s] -- Up-to-date: /home/wzb/ros2ws/moveit_ws/install/moveit_core/lib/libmoveit_kinematics_metrics.so
[1.586s] -- Up-to-date: /home/wzb/ros2ws/moveit_ws/install/moveit_core/lib/libmoveit_planning_interface.so.2.14.1
[1.586s] -- Up-to-date: /home/wzb/ros2ws/moveit_ws/install/moveit_core/lib/libmoveit_planning_interface.so
[1.586s] -- Up-to-date: /home/wzb/ros2ws/moveit_ws/install/moveit_core/lib/libmoveit_planning_scene.so.2.14.1
[1.586s] -- Up-to-date: /home/wzb/ros2ws/moveit_ws/install/moveit_core/lib/libmoveit_planning_scene.so
[1.586s] -- Up-to-date: /home/wzb/ros2ws/moveit_ws/install/moveit_core/lib/libmoveit_robot_model.so.2.14.1
[1.586s] -- Up-to-date: /home/wzb/ros2ws/moveit_ws/install/moveit_core/lib/libmoveit_robot_model.so
[1.586s] -- Up-to-date: /home/wzb/ros2ws/moveit_ws/install/moveit_core/lib/libmoveit_robot_state.so.2.14.1
[1.586s] -- Up-to-date: /home/wzb/ros2ws/moveit_ws/install/moveit_core/lib/libmoveit_robot_state.so
[1.586s] -- Up-to-date: /home/wzb/ros2ws/moveit_ws/install/moveit_core/lib/libmoveit_robot_trajectory.so.2.14.1
[1.586s] -- Up-to-date: /home/wzb/ros2ws/moveit_ws/install/moveit_core/lib/libmoveit_robot_trajectory.so
[1.586s] -- Up-to-date: /home/wzb/ros2ws/moveit_ws/install/moveit_core/lib/libmoveit_smoothing_base.so.2.14.1
[1.586s] -- Up-to-date: /home/wzb/ros2ws/moveit_ws/install/moveit_core/lib/libmoveit_smoothing_base.so
[1.586s] -- Up-to-date: /home/wzb/ros2ws/moveit_ws/install/moveit_core/lib/libmoveit_test_utils.so.2.14.1
[1.586s] -- Up-to-date: /home/wzb/ros2ws/moveit_ws/install/moveit_core/lib/libmoveit_test_utils.so
[1.586s] -- Up-to-date: /home/wzb/ros2ws/moveit_ws/install/moveit_core/lib/libmoveit_trajectory_processing.so.2.14.1
[1.586s] -- Up-to-date: /home/wzb/ros2ws/moveit_ws/install/moveit_core/lib/libmoveit_trajectory_processing.so
[1.586s] -- Up-to-date: /home/wzb/ros2ws/moveit_ws/install/moveit_core/lib/libmoveit_transforms.so.2.14.1
[1.586s] -- Up-to-date: /home/wzb/ros2ws/moveit_ws/install/moveit_core/lib/libmoveit_transforms.so
[1.586s] -- Up-to-date: /home/wzb/ros2ws/moveit_ws/install/moveit_core/lib/libmoveit_utils.so.2.14.1
[1.586s] -- Up-to-date: /home/wzb/ros2ws/moveit_ws/install/moveit_core/lib/libmoveit_utils.so
[1.586s] -- Up-to-date: /home/wzb/ros2ws/moveit_ws/install/moveit_core/lib/libcollision_detector_bullet_plugin.so.2.14.1
[1.586s] -- Up-to-date: /home/wzb/ros2ws/moveit_ws/install/moveit_core/lib/libcollision_detector_bullet_plugin.so
[1.586s] -- Up-to-date: /home/wzb/ros2ws/moveit_ws/install/moveit_core/lib/libcollision_detector_fcl_plugin.so.2.14.1
[1.586s] -- Up-to-date: /home/wzb/ros2ws/moveit_ws/install/moveit_core/lib/libcollision_detector_fcl_plugin.so
[1.587s] -- Up-to-date: /home/wzb/ros2ws/moveit_ws/install/moveit_core/lib/libmoveit_acceleration_filter.so.2.14.1
[1.587s] -- Up-to-date: /home/wzb/ros2ws/moveit_ws/install/moveit_core/lib/libmoveit_acceleration_filter.so
[1.587s] -- Up-to-date: /home/wzb/ros2ws/moveit_ws/install/moveit_core/lib/libmoveit_butterworth_filter.so.2.14.1
[1.587s] -- Up-to-date: /home/wzb/ros2ws/moveit_ws/install/moveit_core/lib/libmoveit_butterworth_filter.so
[1.587s] -- Up-to-date: /home/wzb/ros2ws/moveit_ws/install/moveit_core/lib/libmoveit_ruckig_filter.so.2.14.1
[1.587s] -- Up-to-date: /home/wzb/ros2ws/moveit_ws/install/moveit_core/lib/libmoveit_ruckig_filter.so
[1.587s] -- Up-to-date: /home/wzb/ros2ws/moveit_ws/install/moveit_core/share/moveit_core/environment/library_path.sh
[1.587s] -- Installing: /home/wzb/ros2ws/moveit_ws/install/moveit_core/share/moveit_core/environment/library_path.dsv
[1.587s] -- Up-to-date: /home/wzb/ros2ws/moveit_ws/install/moveit_core/share/moveit_core/collision_detector_fcl_description.xml
[1.587s] -- Up-to-date: /home/wzb/ros2ws/moveit_ws/install/moveit_core/share/moveit_core/collision_detector_bullet_description.xml
[1.587s] -- Up-to-date: /home/wzb/ros2ws/moveit_ws/install/moveit_core/share/moveit_core/filter_plugin_acceleration.xml
[1.587s] -- Up-to-date: /home/wzb/ros2ws/moveit_ws/install/moveit_core/share/moveit_core/filter_plugin_butterworth.xml
[1.587s] -- Up-to-date: /home/wzb/ros2ws/moveit_ws/install/moveit_core/share/moveit_core/filter_plugin_ruckig.xml
[1.587s] -- Up-to-date: /home/wzb/ros2ws/moveit_ws/install/moveit_core/share/ament_index/resource_index/package_run_dependencies/moveit_core
[1.587s] -- Installing: /home/wzb/ros2ws/moveit_ws/install/moveit_core/share/ament_index/resource_index/parent_prefix_path/moveit_core
[1.587s] -- Up-to-date: /home/wzb/ros2ws/moveit_ws/install/moveit_core/share/moveit_core/environment/ament_prefix_path.sh
[1.587s] -- Installing: /home/wzb/ros2ws/moveit_ws/install/moveit_core/share/moveit_core/environment/ament_prefix_path.dsv
[1.587s] -- Up-to-date: /home/wzb/ros2ws/moveit_ws/install/moveit_core/share/moveit_core/environment/path.sh
[1.587s] -- Installing: /home/wzb/ros2ws/moveit_ws/install/moveit_core/share/moveit_core/environment/path.dsv
[1.587s] -- Up-to-date: /home/wzb/ros2ws/moveit_ws/install/moveit_core/share/moveit_core/local_setup.bash
[1.587s] -- Up-to-date: /home/wzb/ros2ws/moveit_ws/install/moveit_core/share/moveit_core/local_setup.sh
[1.587s] -- Up-to-date: /home/wzb/ros2ws/moveit_ws/install/moveit_core/share/moveit_core/local_setup.zsh
[1.587s] -- Installing: /home/wzb/ros2ws/moveit_ws/install/moveit_core/share/moveit_core/local_setup.dsv
[1.587s] -- Installing: /home/wzb/ros2ws/moveit_ws/install/moveit_core/share/moveit_core/package.dsv
[1.587s] -- Up-to-date: /home/wzb/ros2ws/moveit_ws/install/moveit_core/share/ament_index/resource_index/packages/moveit_core
[1.587s] -- Up-to-date: /home/wzb/ros2ws/moveit_ws/install/moveit_core/share/ament_index/resource_index/moveit_core__pluginlib__plugin/moveit_core
[1.587s] -- Up-to-date: /home/wzb/ros2ws/moveit_ws/install/moveit_core/share/moveit_core/cmake/moveit_coreTargetsExport.cmake
[1.587s] -- Up-to-date: /home/wzb/ros2ws/moveit_ws/install/moveit_core/share/moveit_core/cmake/moveit_coreTargetsExport-release.cmake
[1.587s] -- Up-to-date: /home/wzb/ros2ws/moveit_ws/install/moveit_core/share/moveit_core/cmake/ConfigExtras.cmake
[1.587s] -- Up-to-date: /home/wzb/ros2ws/moveit_ws/install/moveit_core/share/moveit_core/cmake/ament_cmake_export_targets-extras.cmake
[1.587s] -- Up-to-date: /home/wzb/ros2ws/moveit_ws/install/moveit_core/share/moveit_core/cmake/ament_cmake_export_dependencies-extras.cmake
[1.587s] -- Up-to-date: /home/wzb/ros2ws/moveit_ws/install/moveit_core/share/moveit_core/cmake/moveit_coreConfig.cmake
[1.587s] -- Up-to-date: /home/wzb/ros2ws/moveit_ws/install/moveit_core/share/moveit_core/cmake/moveit_coreConfig-version.cmake
[1.587s] -- Up-to-date: /home/wzb/ros2ws/moveit_ws/install/moveit_core/share/moveit_core/package.xml
[1.587s] Invoked command in '/home/wzb/ros2ws/moveit_ws/build/moveit_core' returned '0': CMAKE_PREFIX_PATH=/home/wzb/ros2ws/moveit_ws/install/moveit_resources_panda_moveit_config:/home/wzb/ros2ws/moveit_ws/install/moveit_resources_pr2_description:/home/wzb/ros2ws/moveit_ws/install/moveit_resources_panda_description:/home/wzb/ros2ws/moveit_ws/install/moveit_msgs:/home/wzb/ros2ws/moveit_ws/install/moveit_common:/home/wzb/ros2ws/trac_ws/install/trac_ik:/home/wzb/ros2ws/trac_ws/install/trac_ik_kinematics:/home/wzb/ros2ws/trac_ws/install/trac_ik_examples:/home/wzb/ros2ws/trac_ws/install/trac_ik_lib:/home/wzb/ros2ws/orbbec_ws/install/orbbec_description:/home/wzb/ros2ws/orbbec_ws/install/orbbec_camera:/home/wzb/ros2ws/orbbec_ws/install/orbbec_camera_msgs:/home/wzb/ros2ws/my_piper_ros/install/piper_with_gripper_moveit:/home/wzb/ros2ws/my_piper_ros/install/piper_no_gripper_moveit:/home/wzb/ros2ws/my_piper_ros/install/piper_mujoco:/home/wzb/ros2ws/my_piper_ros/install/piper_msgs:/home/wzb/ros2ws/my_piper_ros/install/piper_humble:/home/wzb/ros2ws/my_piper_ros/install/piper_gazebo:/home/wzb/ros2ws/my_piper_ros/install/piper_description:/home/wzb/ros2ws/moveit_ws/install/pilz_industrial_motion_planner_testutils:/home/wzb/ros2ws/moveit_ws/install/moveit_runtime:/home/wzb/ros2ws/moveit_ws/install/moveit:/home/wzb/ros2ws/moveit_ws/install/moveit_planners:/home/wzb/ros2ws/moveit_ws/install/pilz_industrial_motion_planner:/home/wzb/ros2ws/moveit_ws/install/moveit_ros_control_interface:/home/wzb/ros2ws/moveit_ws/install/moveit_plugins:/home/wzb/ros2ws/moveit_ws/install/moveit_simple_controller_manager:/home/wzb/ros2ws/moveit_ws/install/moveit_setup_assistant:/home/wzb/ros2ws/moveit_ws/install/moveit_setup_srdf_plugins:/home/wzb/ros2ws/moveit_ws/install/moveit_setup_core_plugins:/home/wzb/ros2ws/moveit_ws/install/moveit_setup_controllers:/home/wzb/ros2ws/moveit_ws/install/moveit_setup_app_plugins:/home/wzb/ros2ws/moveit_ws/install/moveit_setup_framework:/home/wzb/ros2ws/moveit_ws/install/moveit_servo:/home/wzb/ros2ws/moveit_ws/install/moveit_ros_trajectory_cache:/home/wzb/ros2ws/moveit_ws/install/moveit_ros:/home/wzb/ros2ws/moveit_ws/install/moveit_ros_visualization:/home/wzb/ros2ws/moveit_ws/install/moveit_py:/home/wzb/ros2ws/moveit_ws/install/moveit_hybrid_planning:/home/wzb/ros2ws/moveit_ws/install/moveit_ros_planning_interface:/home/wzb/ros2ws/moveit_ws/install/moveit_ros_benchmarks:/home/wzb/ros2ws/moveit_ws/install/moveit_ros_warehouse:/home/wzb/ros2ws/moveit_ws/install/moveit_ros_robot_interaction:/home/wzb/ros2ws/moveit_ws/install/moveit_ros_perception:/home/wzb/ros2ws/moveit_ws/install/moveit_resources_prbt_pg70_support:/home/wzb/ros2ws/moveit_ws/install/moveit_resources_prbt_moveit_config:/home/wzb/ros2ws/moveit_ws/install/moveit_ros_move_group:/home/wzb/ros2ws/moveit_ws/install/moveit_planners_ompl:/home/wzb/ros2ws/moveit_ws/install/moveit_kinematics:/home/wzb/ros2ws/moveit_ws/install/moveit_ros_planning:/home/wzb/ros2ws/moveit_ws/install/moveit_ros_occupancy_map_monitor:/home/wzb/ros2ws/moveit_ws/install/moveit_resources_prbt_support:/home/wzb/ros2ws/moveit_ws/install/moveit_resources_prbt_ikfast_manipulator_plugin:/home/wzb/ros2ws/moveit_ws/install/moveit_resources:/home/wzb/ros2ws/moveit_ws/install/dual_arm_panda_moveit_config:/home/wzb/ros2ws/moveit_ws/install/moveit_resources_fanuc_moveit_config:/home/wzb/ros2ws/moveit_ws/install/moveit_resources_fanuc_description:/home/wzb/ros2ws/moveit_ws/install/moveit_planners_stomp:/home/wzb/ros2ws/moveit_ws/install/moveit_planners_chomp:/home/wzb/ros2ws/moveit_ws/install/chomp_motion_planner:/home/wzb/ros2ws/moveit_ws/install/moveit_core:/home/wzb/ros2ws/my_piper_ros/install/piper:/home/wzb/ros2ws/moveit_ws/install/moveit_configs_utils:/opt/ros/humble LD_LIBRARY_PATH=/home/wzb/ros2ws/moveit_ws/install/moveit_msgs/lib:/home/wzb/ros2ws/trac_ws/install/trac_ik_kinematics/lib:/home/wzb/ros2ws/trac_ws/install/trac_ik_lib/lib:/home/wzb/ros2ws/orbbec_ws/install/orbbec_camera/lib:/home/wzb/ros2ws/orbbec_ws/install/orbbec_camera_msgs/lib:/home/wzb/ros2ws/my_piper_ros/install/piper_msgs/lib:/home/wzb/ros2ws/moveit_ws/install/pilz_industrial_motion_planner_testutils/lib:/home/wzb/ros2ws/moveit_ws/install/pilz_industrial_motion_planner/lib:/home/wzb/ros2ws/moveit_ws/install/moveit_ros_control_interface/lib:/home/wzb/ros2ws/moveit_ws/install/moveit_simple_controller_manager/lib:/home/wzb/ros2ws/moveit_ws/install/moveit_setup_assistant/lib:/home/wzb/ros2ws/moveit_ws/install/moveit_setup_srdf_plugins/lib:/home/wzb/ros2ws/moveit_ws/install/moveit_setup_core_plugins/lib:/home/wzb/ros2ws/moveit_ws/install/moveit_setup_controllers/lib:/home/wzb/ros2ws/moveit_ws/install/moveit_setup_app_plugins/lib:/home/wzb/ros2ws/moveit_ws/install/moveit_setup_framework/lib:/home/wzb/ros2ws/moveit_ws/install/moveit_servo/lib:/home/wzb/ros2ws/moveit_ws/install/moveit_ros_trajectory_cache/lib:/home/wzb/ros2ws/moveit_ws/install/moveit_ros_visualization/lib:/home/wzb/ros2ws/moveit_ws/install/moveit_py/lib:/home/wzb/ros2ws/moveit_ws/install/moveit_hybrid_planning/lib:/home/wzb/ros2ws/moveit_ws/install/moveit_ros_planning_interface/lib:/home/wzb/ros2ws/moveit_ws/install/moveit_ros_benchmarks/lib:/home/wzb/ros2ws/moveit_ws/install/moveit_ros_warehouse/lib:/home/wzb/ros2ws/moveit_ws/install/moveit_ros_robot_interaction/lib:/home/wzb/ros2ws/moveit_ws/install/moveit_ros_perception/lib:/home/wzb/ros2ws/moveit_ws/install/moveit_ros_move_group/lib:/home/wzb/ros2ws/moveit_ws/install/moveit_planners_ompl/lib:/home/wzb/ros2ws/moveit_ws/install/moveit_kinematics/lib:/home/wzb/ros2ws/moveit_ws/install/moveit_ros_planning/lib:/home/wzb/ros2ws/moveit_ws/install/moveit_ros_occupancy_map_monitor/lib:/home/wzb/ros2ws/moveit_ws/install/moveit_resources_prbt_ikfast_manipulator_plugin/lib:/home/wzb/ros2ws/moveit_ws/install/moveit_planners_stomp/lib:/home/wzb/ros2ws/moveit_ws/install/moveit_planners_chomp/lib:/home/wzb/ros2ws/moveit_ws/install/chomp_motion_planner/lib:/home/wzb/ros2ws/moveit_ws/install/moveit_core/lib:/opt/ros/humble/opt/rviz_ogre_vendor/lib:/opt/ros/humble/lib/x86_64-linux-gnu:/opt/ros/humble/lib /usr/bin/cmake --install /home/wzb/ros2ws/moveit_ws/build/moveit_core
