[0.005s] Invoking command in '/home/wzb/ros2ws/moveit_ws/build/moveit_resources': AMENT_PREFIX_PATH=/home/wzb/ros2ws/moveit_ws/install/moveit_resources_panda_moveit_config:/home/wzb/ros2ws/moveit_ws/install/moveit_resources_fanuc_moveit_config:/home/wzb/ros2ws/moveit_ws/install/moveit_resources_pr2_description:/home/wzb/ros2ws/moveit_ws/install/moveit_resources_panda_description:/home/wzb/ros2ws/moveit_ws/install/moveit_resources_fanuc_description:${AMENT_PREFIX_PATH} CMAKE_PREFIX_PATH=/home/wzb/ros2ws/moveit_ws/install/moveit_resources_panda_moveit_config:/home/wzb/ros2ws/moveit_ws/install/moveit_resources_fanuc_moveit_config:/home/wzb/ros2ws/moveit_ws/install/moveit_resources_pr2_description:/home/wzb/ros2ws/moveit_ws/install/moveit_resources_panda_description:/home/wzb/ros2ws/moveit_ws/install/moveit_resources_fanuc_description:/opt/ros/humble /usr/bin/cmake /home/wzb/ros2ws/moveit_ws/src/moveit_resources/moveit_resources -DCMAKE_BUILD_TYPE=Release -DCMAKE_INSTALL_PREFIX=/home/wzb/ros2ws/moveit_ws/install/moveit_resources
[0.032s] -- The C compiler identification is GNU 11.4.0
[0.061s] -- The CXX compiler identification is GNU 11.4.0
[0.065s] -- Detecting C compiler ABI info
[0.097s] -- Detecting C compiler ABI info - done
[0.101s] -- Check for working C compiler: /usr/bin/cc - skipped
[0.101s] -- Detecting C compile features
[0.101s] -- Detecting C compile features - done
[0.103s] -- Detecting CXX compiler ABI info
[0.141s] -- Detecting CXX compiler ABI info - done
[0.146s] -- Check for working CXX compiler: /usr/bin/c++ - skipped
[0.146s] -- Detecting CXX compile features
[0.146s] -- Detecting CXX compile features - done
[0.147s] -- Found ament_cmake: 1.3.12 (/opt/ros/humble/share/ament_cmake/cmake)
[0.222s] -- Found Python3: /usr/bin/python3 (found version "3.10.12") found components: Interpreter 
[0.299s] -- Configuring done
[0.300s] -- Generating done
[0.301s] -- Build files have been written to: /home/wzb/ros2ws/moveit_ws/build/moveit_resources
[0.304s] Invoked command in '/home/wzb/ros2ws/moveit_ws/build/moveit_resources' returned '0': AMENT_PREFIX_PATH=/home/wzb/ros2ws/moveit_ws/install/moveit_resources_panda_moveit_config:/home/wzb/ros2ws/moveit_ws/install/moveit_resources_fanuc_moveit_config:/home/wzb/ros2ws/moveit_ws/install/moveit_resources_pr2_description:/home/wzb/ros2ws/moveit_ws/install/moveit_resources_panda_description:/home/wzb/ros2ws/moveit_ws/install/moveit_resources_fanuc_description:${AMENT_PREFIX_PATH} CMAKE_PREFIX_PATH=/home/wzb/ros2ws/moveit_ws/install/moveit_resources_panda_moveit_config:/home/wzb/ros2ws/moveit_ws/install/moveit_resources_fanuc_moveit_config:/home/wzb/ros2ws/moveit_ws/install/moveit_resources_pr2_description:/home/wzb/ros2ws/moveit_ws/install/moveit_resources_panda_description:/home/wzb/ros2ws/moveit_ws/install/moveit_resources_fanuc_description:/opt/ros/humble /usr/bin/cmake /home/wzb/ros2ws/moveit_ws/src/moveit_resources/moveit_resources -DCMAKE_BUILD_TYPE=Release -DCMAKE_INSTALL_PREFIX=/home/wzb/ros2ws/moveit_ws/install/moveit_resources
[0.305s] Invoking command in '/home/wzb/ros2ws/moveit_ws/build/moveit_resources': AMENT_PREFIX_PATH=/home/wzb/ros2ws/moveit_ws/install/moveit_resources_panda_moveit_config:/home/wzb/ros2ws/moveit_ws/install/moveit_resources_fanuc_moveit_config:/home/wzb/ros2ws/moveit_ws/install/moveit_resources_pr2_description:/home/wzb/ros2ws/moveit_ws/install/moveit_resources_panda_description:/home/wzb/ros2ws/moveit_ws/install/moveit_resources_fanuc_description:${AMENT_PREFIX_PATH} CMAKE_PREFIX_PATH=/home/wzb/ros2ws/moveit_ws/install/moveit_resources_panda_moveit_config:/home/wzb/ros2ws/moveit_ws/install/moveit_resources_fanuc_moveit_config:/home/wzb/ros2ws/moveit_ws/install/moveit_resources_pr2_description:/home/wzb/ros2ws/moveit_ws/install/moveit_resources_panda_description:/home/wzb/ros2ws/moveit_ws/install/moveit_resources_fanuc_description:/opt/ros/humble /usr/bin/cmake --build /home/wzb/ros2ws/moveit_ws/build/moveit_resources -- -j20 -l20
[0.320s] Invoked command in '/home/wzb/ros2ws/moveit_ws/build/moveit_resources' returned '0': AMENT_PREFIX_PATH=/home/wzb/ros2ws/moveit_ws/install/moveit_resources_panda_moveit_config:/home/wzb/ros2ws/moveit_ws/install/moveit_resources_fanuc_moveit_config:/home/wzb/ros2ws/moveit_ws/install/moveit_resources_pr2_description:/home/wzb/ros2ws/moveit_ws/install/moveit_resources_panda_description:/home/wzb/ros2ws/moveit_ws/install/moveit_resources_fanuc_description:${AMENT_PREFIX_PATH} CMAKE_PREFIX_PATH=/home/wzb/ros2ws/moveit_ws/install/moveit_resources_panda_moveit_config:/home/wzb/ros2ws/moveit_ws/install/moveit_resources_fanuc_moveit_config:/home/wzb/ros2ws/moveit_ws/install/moveit_resources_pr2_description:/home/wzb/ros2ws/moveit_ws/install/moveit_resources_panda_description:/home/wzb/ros2ws/moveit_ws/install/moveit_resources_fanuc_description:/opt/ros/humble /usr/bin/cmake --build /home/wzb/ros2ws/moveit_ws/build/moveit_resources -- -j20 -l20
[0.321s] Invoking command in '/home/wzb/ros2ws/moveit_ws/build/moveit_resources': AMENT_PREFIX_PATH=/home/wzb/ros2ws/moveit_ws/install/moveit_resources_panda_moveit_config:/home/wzb/ros2ws/moveit_ws/install/moveit_resources_fanuc_moveit_config:/home/wzb/ros2ws/moveit_ws/install/moveit_resources_pr2_description:/home/wzb/ros2ws/moveit_ws/install/moveit_resources_panda_description:/home/wzb/ros2ws/moveit_ws/install/moveit_resources_fanuc_description:${AMENT_PREFIX_PATH} CMAKE_PREFIX_PATH=/home/wzb/ros2ws/moveit_ws/install/moveit_resources_panda_moveit_config:/home/wzb/ros2ws/moveit_ws/install/moveit_resources_fanuc_moveit_config:/home/wzb/ros2ws/moveit_ws/install/moveit_resources_pr2_description:/home/wzb/ros2ws/moveit_ws/install/moveit_resources_panda_description:/home/wzb/ros2ws/moveit_ws/install/moveit_resources_fanuc_description:/opt/ros/humble /usr/bin/cmake --install /home/wzb/ros2ws/moveit_ws/build/moveit_resources
[0.324s] -- Install configuration: "Release"
[0.324s] -- Installing: /home/wzb/ros2ws/moveit_ws/install/moveit_resources/share/ament_index/resource_index/package_run_dependencies/moveit_resources
[0.324s] -- Installing: /home/wzb/ros2ws/moveit_ws/install/moveit_resources/share/ament_index/resource_index/parent_prefix_path/moveit_resources
[0.324s] -- Installing: /home/wzb/ros2ws/moveit_ws/install/moveit_resources/share/moveit_resources/environment/ament_prefix_path.sh
[0.324s] -- Installing: /home/wzb/ros2ws/moveit_ws/install/moveit_resources/share/moveit_resources/environment/ament_prefix_path.dsv
[0.324s] -- Installing: /home/wzb/ros2ws/moveit_ws/install/moveit_resources/share/moveit_resources/environment/path.sh
[0.324s] -- Installing: /home/wzb/ros2ws/moveit_ws/install/moveit_resources/share/moveit_resources/environment/path.dsv
[0.324s] -- Installing: /home/wzb/ros2ws/moveit_ws/install/moveit_resources/share/moveit_resources/local_setup.bash
[0.324s] -- Installing: /home/wzb/ros2ws/moveit_ws/install/moveit_resources/share/moveit_resources/local_setup.sh
[0.324s] -- Installing: /home/wzb/ros2ws/moveit_ws/install/moveit_resources/share/moveit_resources/local_setup.zsh
[0.324s] -- Installing: /home/wzb/ros2ws/moveit_ws/install/moveit_resources/share/moveit_resources/local_setup.dsv
[0.324s] -- Installing: /home/wzb/ros2ws/moveit_ws/install/moveit_resources/share/moveit_resources/package.dsv
[0.324s] -- Installing: /home/wzb/ros2ws/moveit_ws/install/moveit_resources/share/ament_index/resource_index/packages/moveit_resources
[0.324s] -- Installing: /home/wzb/ros2ws/moveit_ws/install/moveit_resources/share/moveit_resources/cmake/moveit_resourcesConfig.cmake
[0.324s] -- Installing: /home/wzb/ros2ws/moveit_ws/install/moveit_resources/share/moveit_resources/cmake/moveit_resourcesConfig-version.cmake
[0.324s] -- Installing: /home/wzb/ros2ws/moveit_ws/install/moveit_resources/share/moveit_resources/package.xml
[0.325s] Invoked command in '/home/wzb/ros2ws/moveit_ws/build/moveit_resources' returned '0': AMENT_PREFIX_PATH=/home/wzb/ros2ws/moveit_ws/install/moveit_resources_panda_moveit_config:/home/wzb/ros2ws/moveit_ws/install/moveit_resources_fanuc_moveit_config:/home/wzb/ros2ws/moveit_ws/install/moveit_resources_pr2_description:/home/wzb/ros2ws/moveit_ws/install/moveit_resources_panda_description:/home/wzb/ros2ws/moveit_ws/install/moveit_resources_fanuc_description:${AMENT_PREFIX_PATH} CMAKE_PREFIX_PATH=/home/wzb/ros2ws/moveit_ws/install/moveit_resources_panda_moveit_config:/home/wzb/ros2ws/moveit_ws/install/moveit_resources_fanuc_moveit_config:/home/wzb/ros2ws/moveit_ws/install/moveit_resources_pr2_description:/home/wzb/ros2ws/moveit_ws/install/moveit_resources_panda_description:/home/wzb/ros2ws/moveit_ws/install/moveit_resources_fanuc_description:/opt/ros/humble /usr/bin/cmake --install /home/wzb/ros2ws/moveit_ws/build/moveit_resources
