[0.011s] Invoking command in '/home/wzb/ros2ws/moveit_ws/build/moveit_resources_panda_moveit_config': AMENT_PREFIX_PATH=/home/wzb/ros2ws/moveit_ws/install/moveit_resources_panda_description:${AMENT_PREFIX_PATH} CMAKE_PREFIX_PATH=/home/wzb/ros2ws/moveit_ws/install/moveit_resources_panda_description:/opt/ros/humble /usr/bin/cmake /home/wzb/ros2ws/moveit_ws/src/moveit_resources/panda_moveit_config -DCMAKE_BUILD_TYPE=Release -DCMAKE_INSTALL_PREFIX=/home/wzb/ros2ws/moveit_ws/install/moveit_resources_panda_moveit_config
[0.039s] -- The C compiler identification is GNU 11.4.0
[0.071s] -- The CXX compiler identification is GNU 11.4.0
[0.077s] -- Detecting C compiler ABI info
[0.111s] -- Detecting C compiler ABI info - done
[0.115s] -- Check for working C compiler: /usr/bin/cc - skipped
[0.115s] -- Detecting C compile features
[0.116s] -- Detecting C compile features - done
[0.118s] -- Detecting CXX compiler ABI info
[0.156s] -- Detecting CXX compiler ABI info - done
[0.160s] -- Check for working CXX compiler: /usr/bin/c++ - skipped
[0.160s] -- Detecting CXX compile features
[0.160s] -- Detecting CXX compile features - done
[0.161s] -- Found ament_cmake: 1.3.12 (/opt/ros/humble/share/ament_cmake/cmake)
[0.240s] -- Found Python3: /usr/bin/python3 (found version "3.10.12") found components: Interpreter 
[0.320s] -- Configuring done
[0.340s] -- Generating done
[0.341s] -- Build files have been written to: /home/wzb/ros2ws/moveit_ws/build/moveit_resources_panda_moveit_config
[0.344s] Invoked command in '/home/wzb/ros2ws/moveit_ws/build/moveit_resources_panda_moveit_config' returned '0': AMENT_PREFIX_PATH=/home/wzb/ros2ws/moveit_ws/install/moveit_resources_panda_description:${AMENT_PREFIX_PATH} CMAKE_PREFIX_PATH=/home/wzb/ros2ws/moveit_ws/install/moveit_resources_panda_description:/opt/ros/humble /usr/bin/cmake /home/wzb/ros2ws/moveit_ws/src/moveit_resources/panda_moveit_config -DCMAKE_BUILD_TYPE=Release -DCMAKE_INSTALL_PREFIX=/home/wzb/ros2ws/moveit_ws/install/moveit_resources_panda_moveit_config
[0.345s] Invoking command in '/home/wzb/ros2ws/moveit_ws/build/moveit_resources_panda_moveit_config': AMENT_PREFIX_PATH=/home/wzb/ros2ws/moveit_ws/install/moveit_resources_panda_description:${AMENT_PREFIX_PATH} CMAKE_PREFIX_PATH=/home/wzb/ros2ws/moveit_ws/install/moveit_resources_panda_description:/opt/ros/humble /usr/bin/cmake --build /home/wzb/ros2ws/moveit_ws/build/moveit_resources_panda_moveit_config -- -j20 -l20
[0.362s] Invoked command in '/home/wzb/ros2ws/moveit_ws/build/moveit_resources_panda_moveit_config' returned '0': AMENT_PREFIX_PATH=/home/wzb/ros2ws/moveit_ws/install/moveit_resources_panda_description:${AMENT_PREFIX_PATH} CMAKE_PREFIX_PATH=/home/wzb/ros2ws/moveit_ws/install/moveit_resources_panda_description:/opt/ros/humble /usr/bin/cmake --build /home/wzb/ros2ws/moveit_ws/build/moveit_resources_panda_moveit_config -- -j20 -l20
[0.362s] Invoking command in '/home/wzb/ros2ws/moveit_ws/build/moveit_resources_panda_moveit_config': AMENT_PREFIX_PATH=/home/wzb/ros2ws/moveit_ws/install/moveit_resources_panda_description:${AMENT_PREFIX_PATH} CMAKE_PREFIX_PATH=/home/wzb/ros2ws/moveit_ws/install/moveit_resources_panda_description:/opt/ros/humble /usr/bin/cmake --install /home/wzb/ros2ws/moveit_ws/build/moveit_resources_panda_moveit_config
[0.365s] -- Install configuration: "Release"
[0.365s] -- Installing: /home/wzb/ros2ws/moveit_ws/install/moveit_resources_panda_moveit_config/share/ament_index/resource_index/package_run_dependencies/moveit_resources_panda_moveit_config
[0.365s] -- Installing: /home/wzb/ros2ws/moveit_ws/install/moveit_resources_panda_moveit_config/share/ament_index/resource_index/parent_prefix_path/moveit_resources_panda_moveit_config
[0.365s] -- Installing: /home/wzb/ros2ws/moveit_ws/install/moveit_resources_panda_moveit_config/share/moveit_resources_panda_moveit_config/environment/ament_prefix_path.sh
[0.365s] -- Installing: /home/wzb/ros2ws/moveit_ws/install/moveit_resources_panda_moveit_config/share/moveit_resources_panda_moveit_config/environment/ament_prefix_path.dsv
[0.365s] -- Installing: /home/wzb/ros2ws/moveit_ws/install/moveit_resources_panda_moveit_config/share/moveit_resources_panda_moveit_config/environment/path.sh
[0.366s] -- Installing: /home/wzb/ros2ws/moveit_ws/install/moveit_resources_panda_moveit_config/share/moveit_resources_panda_moveit_config/environment/path.dsv
[0.366s] -- Installing: /home/wzb/ros2ws/moveit_ws/install/moveit_resources_panda_moveit_config/share/moveit_resources_panda_moveit_config/local_setup.bash
[0.366s] -- Installing: /home/wzb/ros2ws/moveit_ws/install/moveit_resources_panda_moveit_config/share/moveit_resources_panda_moveit_config/local_setup.sh
[0.366s] -- Installing: /home/wzb/ros2ws/moveit_ws/install/moveit_resources_panda_moveit_config/share/moveit_resources_panda_moveit_config/local_setup.zsh
[0.366s] -- Installing: /home/wzb/ros2ws/moveit_ws/install/moveit_resources_panda_moveit_config/share/moveit_resources_panda_moveit_config/local_setup.dsv
[0.366s] -- Installing: /home/wzb/ros2ws/moveit_ws/install/moveit_resources_panda_moveit_config/share/moveit_resources_panda_moveit_config/package.dsv
[0.366s] -- Installing: /home/wzb/ros2ws/moveit_ws/install/moveit_resources_panda_moveit_config/share/ament_index/resource_index/packages/moveit_resources_panda_moveit_config
[0.366s] -- Installing: /home/wzb/ros2ws/moveit_ws/install/moveit_resources_panda_moveit_config/share/moveit_resources_panda_moveit_config/cmake/moveit_resources_panda_moveit_configConfig.cmake
[0.366s] -- Installing: /home/wzb/ros2ws/moveit_ws/install/moveit_resources_panda_moveit_config/share/moveit_resources_panda_moveit_config/cmake/moveit_resources_panda_moveit_configConfig-version.cmake
[0.367s] -- Installing: /home/wzb/ros2ws/moveit_ws/install/moveit_resources_panda_moveit_config/share/moveit_resources_panda_moveit_config/package.xml
[0.367s] -- Installing: /home/wzb/ros2ws/moveit_ws/install/moveit_resources_panda_moveit_config/share/moveit_resources_panda_moveit_config/launch
[0.367s] -- Installing: /home/wzb/ros2ws/moveit_ws/install/moveit_resources_panda_moveit_config/share/moveit_resources_panda_moveit_config/launch/moveit_empty.rviz
[0.367s] -- Installing: /home/wzb/ros2ws/moveit_ws/install/moveit_resources_panda_moveit_config/share/moveit_resources_panda_moveit_config/launch/moveit_rviz.launch.py
[0.367s] -- Installing: /home/wzb/ros2ws/moveit_ws/install/moveit_resources_panda_moveit_config/share/moveit_resources_panda_moveit_config/launch/demo.launch.py
[0.367s] -- Installing: /home/wzb/ros2ws/moveit_ws/install/moveit_resources_panda_moveit_config/share/moveit_resources_panda_moveit_config/launch/moveit.rviz
[0.367s] -- Installing: /home/wzb/ros2ws/moveit_ws/install/moveit_resources_panda_moveit_config/share/moveit_resources_panda_moveit_config/config
[0.367s] -- Installing: /home/wzb/ros2ws/moveit_ws/install/moveit_resources_panda_moveit_config/share/moveit_resources_panda_moveit_config/config/panda_arm.xacro
[0.367s] -- Installing: /home/wzb/ros2ws/moveit_ws/install/moveit_resources_panda_moveit_config/share/moveit_resources_panda_moveit_config/config/initial_positions.yaml
[0.367s] -- Installing: /home/wzb/ros2ws/moveit_ws/install/moveit_resources_panda_moveit_config/share/moveit_resources_panda_moveit_config/config/ompl_planning.yaml
[0.367s] -- Installing: /home/wzb/ros2ws/moveit_ws/install/moveit_resources_panda_moveit_config/share/moveit_resources_panda_moveit_config/config/panda.srdf
[0.367s] -- Installing: /home/wzb/ros2ws/moveit_ws/install/moveit_resources_panda_moveit_config/share/moveit_resources_panda_moveit_config/config/hard_joint_limits.yaml
[0.367s] -- Installing: /home/wzb/ros2ws/moveit_ws/install/moveit_resources_panda_moveit_config/share/moveit_resources_panda_moveit_config/config/joint_limits.yaml
[0.367s] -- Installing: /home/wzb/ros2ws/moveit_ws/install/moveit_resources_panda_moveit_config/share/moveit_resources_panda_moveit_config/config/pilz_cartesian_limits.yaml
[0.367s] -- Installing: /home/wzb/ros2ws/moveit_ws/install/moveit_resources_panda_moveit_config/share/moveit_resources_panda_moveit_config/config/gripper_moveit_controllers.yaml
[0.367s] -- Installing: /home/wzb/ros2ws/moveit_ws/install/moveit_resources_panda_moveit_config/share/moveit_resources_panda_moveit_config/config/trac_ik_kinematics.yaml
[0.367s] -- Installing: /home/wzb/ros2ws/moveit_ws/install/moveit_resources_panda_moveit_config/share/moveit_resources_panda_moveit_config/config/panda_arm.srdf.xacro
[0.367s] -- Installing: /home/wzb/ros2ws/moveit_ws/install/moveit_resources_panda_moveit_config/share/moveit_resources_panda_moveit_config/config/chomp_planning.yaml
[0.367s] -- Installing: /home/wzb/ros2ws/moveit_ws/install/moveit_resources_panda_moveit_config/share/moveit_resources_panda_moveit_config/config/ros2_controllers.yaml
[0.367s] -- Installing: /home/wzb/ros2ws/moveit_ws/install/moveit_resources_panda_moveit_config/share/moveit_resources_panda_moveit_config/config/panda.urdf.xacro
[0.368s] -- Installing: /home/wzb/ros2ws/moveit_ws/install/moveit_resources_panda_moveit_config/share/moveit_resources_panda_moveit_config/config/moveit_controllers.yaml
[0.368s] -- Installing: /home/wzb/ros2ws/moveit_ws/install/moveit_resources_panda_moveit_config/share/moveit_resources_panda_moveit_config/config/sensors_kinect_depthmap.yaml
[0.368s] -- Installing: /home/wzb/ros2ws/moveit_ws/install/moveit_resources_panda_moveit_config/share/moveit_resources_panda_moveit_config/config/stomp_planning.yaml
[0.368s] -- Installing: /home/wzb/ros2ws/moveit_ws/install/moveit_resources_panda_moveit_config/share/moveit_resources_panda_moveit_config/config/kinematics.yaml
[0.368s] -- Installing: /home/wzb/ros2ws/moveit_ws/install/moveit_resources_panda_moveit_config/share/moveit_resources_panda_moveit_config/config/panda_arm_hand.srdf.xacro
[0.368s] -- Installing: /home/wzb/ros2ws/moveit_ws/install/moveit_resources_panda_moveit_config/share/moveit_resources_panda_moveit_config/config/panda_hand.ros2_control.xacro
[0.368s] -- Installing: /home/wzb/ros2ws/moveit_ws/install/moveit_resources_panda_moveit_config/share/moveit_resources_panda_moveit_config/config/sensors_kinect_pointcloud.yaml
[0.368s] -- Installing: /home/wzb/ros2ws/moveit_ws/install/moveit_resources_panda_moveit_config/share/moveit_resources_panda_moveit_config/config/pilz_industrial_motion_planner_planning.yaml
[0.368s] -- Installing: /home/wzb/ros2ws/moveit_ws/install/moveit_resources_panda_moveit_config/share/moveit_resources_panda_moveit_config/config/hand.xacro
[0.368s] -- Installing: /home/wzb/ros2ws/moveit_ws/install/moveit_resources_panda_moveit_config/share/moveit_resources_panda_moveit_config/config/bio_ik_kinematics.yaml
[0.368s] -- Installing: /home/wzb/ros2ws/moveit_ws/install/moveit_resources_panda_moveit_config/share/moveit_resources_panda_moveit_config/config/panda.ros2_control.xacro
[0.368s] -- Installing: /home/wzb/ros2ws/moveit_ws/install/moveit_resources_panda_moveit_config/share/moveit_resources_panda_moveit_config/.setup_assistant
[0.374s] Invoked command in '/home/wzb/ros2ws/moveit_ws/build/moveit_resources_panda_moveit_config' returned '0': AMENT_PREFIX_PATH=/home/wzb/ros2ws/moveit_ws/install/moveit_resources_panda_description:${AMENT_PREFIX_PATH} CMAKE_PREFIX_PATH=/home/wzb/ros2ws/moveit_ws/install/moveit_resources_panda_description:/opt/ros/humble /usr/bin/cmake --install /home/wzb/ros2ws/moveit_ws/build/moveit_resources_panda_moveit_config
