[0.008s] Invoking command in '/home/wzb/ros2ws/moveit_ws/build/moveit_planners_chomp': AMENT_PREFIX_PATH=/home/wzb/ros2ws/moveit_ws/install/chomp_motion_planner:/home/wzb/ros2ws/moveit_ws/install/moveit_core:/home/wzb/ros2ws/moveit_ws/install/moveit_resources_panda_moveit_config:/home/wzb/ros2ws/moveit_ws/install/moveit_resources_pr2_description:/home/wzb/ros2ws/moveit_ws/install/moveit_resources_panda_description:/home/wzb/ros2ws/moveit_ws/install/moveit_msgs:/home/wzb/ros2ws/moveit_ws/install/moveit_common:${AMENT_PREFIX_PATH} CMAKE_PREFIX_PATH=/home/wzb/ros2ws/moveit_ws/install/chomp_motion_planner:/home/wzb/ros2ws/moveit_ws/install/moveit_core:/home/wzb/ros2ws/moveit_ws/install/moveit_resources_panda_moveit_config:/home/wzb/ros2ws/moveit_ws/install/moveit_resources_pr2_description:/home/wzb/ros2ws/moveit_ws/install/moveit_resources_panda_description:/home/wzb/ros2ws/moveit_ws/install/moveit_msgs:/home/wzb/ros2ws/moveit_ws/install/moveit_common:/opt/ros/humble LD_LIBRARY_PATH=/home/wzb/ros2ws/moveit_ws/install/chomp_motion_planner/lib:/home/wzb/ros2ws/moveit_ws/install/moveit_core/lib:/home/wzb/ros2ws/moveit_ws/install/moveit_msgs/lib:${LD_LIBRARY_PATH} PATH=/home/wzb/ros2ws/moveit_ws/install/moveit_core/bin:${PATH} PYTHONPATH=/home/wzb/ros2ws/moveit_ws/install/moveit_msgs/local/lib/python3.10/dist-packages:${PYTHONPATH} /usr/bin/cmake /home/wzb/ros2ws/moveit_ws/src/moveit2/moveit_planners/chomp/chomp_interface -DCMAKE_BUILD_TYPE=Release -DCMAKE_INSTALL_PREFIX=/home/wzb/ros2ws/moveit_ws/install/moveit_planners_chomp
[0.043s] -- The CXX compiler identification is GNU 11.4.0
[0.047s] -- Detecting CXX compiler ABI info
[0.088s] -- Detecting CXX compiler ABI info - done
[0.092s] -- Check for working CXX compiler: /usr/bin/c++ - skipped
[0.092s] -- Detecting CXX compile features
[0.093s] -- Detecting CXX compile features - done
[0.093s] -- Found moveit_common: 2.14.1 (/home/wzb/ros2ws/moveit_ws/install/moveit_common/share/moveit_common/cmake)
[0.095s] -- Found ament_cmake: 1.3.12 (/opt/ros/humble/share/ament_cmake/cmake)
[0.181s] -- Found Python3: /usr/bin/python3 (found version "3.10.12") found components: Interpreter 
[0.268s] -- Found moveit_core: 2.14.1 (/home/wzb/ros2ws/moveit_ws/install/moveit_core/share/moveit_core/cmake)
[0.400s] -- Found Boost: /usr/lib/x86_64-linux-gnu/cmake/Boost-1.74.0/BoostConfig.cmake (found version "1.74.0") found components: chrono date_time filesystem iostreams program_options regex serialization system thread 
[0.430s] -- Found parameter_traits: 0.5.0 (/opt/ros/humble/share/parameter_traits/cmake)
[0.452s] -- Found rosidl_generator_c: 3.1.7 (/opt/ros/humble/share/rosidl_generator_c/cmake)
[0.455s] -- Found rosidl_adapter: 3.1.7 (/opt/ros/humble/share/rosidl_adapter/cmake)
[0.459s] -- Found rosidl_generator_cpp: 3.1.7 (/opt/ros/humble/share/rosidl_generator_cpp/cmake)
[0.466s] -- Using all available rosidl_typesupport_c: rosidl_typesupport_fastrtps_c;rosidl_typesupport_introspection_c
[0.476s] -- Using all available rosidl_typesupport_cpp: rosidl_typesupport_fastrtps_cpp;rosidl_typesupport_introspection_cpp
[0.501s] -- Found rmw_implementation_cmake: 6.1.2 (/opt/ros/humble/share/rmw_implementation_cmake/cmake)
[0.503s] -- Found rmw_fastrtps_cpp: 6.2.9 (/opt/ros/humble/share/rmw_fastrtps_cpp/cmake)
[0.543s] -- Found OpenSSL: /usr/lib/x86_64-linux-gnu/libcrypto.so (found version "3.0.2")  
[0.555s] -- Found FastRTPS: /opt/ros/humble/include  
[0.577s] -- Using RMW implementation 'rmw_fastrtps_cpp' as default
[0.582s] -- Found Threads: TRUE  
[0.615s] -- Found rclcpp_lifecycle: 16.0.16 (/opt/ros/humble/share/rclcpp_lifecycle/cmake)
[0.629s] -- Found Boost: /usr/lib/x86_64-linux-gnu/cmake/Boost-1.74.0/BoostConfig.cmake (found version "1.74.0") found components: filesystem 
[0.676s] -- library: /usr/lib/x86_64-linux-gnu/libcurl.so
[0.714s] -- Found Eigen3: TRUE (found version "3.4.0") 
[0.714s] -- Ensuring Eigen3 include directory is part of orocos-kdl CMake target
[0.848s] -- Found chomp_motion_planner: 2.14.1 (/home/wzb/ros2ws/moveit_ws/install/chomp_motion_planner/share/chomp_motion_planner/cmake)
[0.856s] -- Configuring done
[0.874s] -- Generating done
[0.958s] -- Build files have been written to: /home/wzb/ros2ws/moveit_ws/build/moveit_planners_chomp
[0.965s] Invoked command in '/home/wzb/ros2ws/moveit_ws/build/moveit_planners_chomp' returned '0': AMENT_PREFIX_PATH=/home/wzb/ros2ws/moveit_ws/install/chomp_motion_planner:/home/wzb/ros2ws/moveit_ws/install/moveit_core:/home/wzb/ros2ws/moveit_ws/install/moveit_resources_panda_moveit_config:/home/wzb/ros2ws/moveit_ws/install/moveit_resources_pr2_description:/home/wzb/ros2ws/moveit_ws/install/moveit_resources_panda_description:/home/wzb/ros2ws/moveit_ws/install/moveit_msgs:/home/wzb/ros2ws/moveit_ws/install/moveit_common:${AMENT_PREFIX_PATH} CMAKE_PREFIX_PATH=/home/wzb/ros2ws/moveit_ws/install/chomp_motion_planner:/home/wzb/ros2ws/moveit_ws/install/moveit_core:/home/wzb/ros2ws/moveit_ws/install/moveit_resources_panda_moveit_config:/home/wzb/ros2ws/moveit_ws/install/moveit_resources_pr2_description:/home/wzb/ros2ws/moveit_ws/install/moveit_resources_panda_description:/home/wzb/ros2ws/moveit_ws/install/moveit_msgs:/home/wzb/ros2ws/moveit_ws/install/moveit_common:/opt/ros/humble LD_LIBRARY_PATH=/home/wzb/ros2ws/moveit_ws/install/chomp_motion_planner/lib:/home/wzb/ros2ws/moveit_ws/install/moveit_core/lib:/home/wzb/ros2ws/moveit_ws/install/moveit_msgs/lib:${LD_LIBRARY_PATH} PATH=/home/wzb/ros2ws/moveit_ws/install/moveit_core/bin:${PATH} PYTHONPATH=/home/wzb/ros2ws/moveit_ws/install/moveit_msgs/local/lib/python3.10/dist-packages:${PYTHONPATH} /usr/bin/cmake /home/wzb/ros2ws/moveit_ws/src/moveit2/moveit_planners/chomp/chomp_interface -DCMAKE_BUILD_TYPE=Release -DCMAKE_INSTALL_PREFIX=/home/wzb/ros2ws/moveit_ws/install/moveit_planners_chomp
[0.965s] Invoking command in '/home/wzb/ros2ws/moveit_ws/build/moveit_planners_chomp': AMENT_PREFIX_PATH=/home/wzb/ros2ws/moveit_ws/install/chomp_motion_planner:/home/wzb/ros2ws/moveit_ws/install/moveit_core:/home/wzb/ros2ws/moveit_ws/install/moveit_resources_panda_moveit_config:/home/wzb/ros2ws/moveit_ws/install/moveit_resources_pr2_description:/home/wzb/ros2ws/moveit_ws/install/moveit_resources_panda_description:/home/wzb/ros2ws/moveit_ws/install/moveit_msgs:/home/wzb/ros2ws/moveit_ws/install/moveit_common:${AMENT_PREFIX_PATH} CMAKE_PREFIX_PATH=/home/wzb/ros2ws/moveit_ws/install/chomp_motion_planner:/home/wzb/ros2ws/moveit_ws/install/moveit_core:/home/wzb/ros2ws/moveit_ws/install/moveit_resources_panda_moveit_config:/home/wzb/ros2ws/moveit_ws/install/moveit_resources_pr2_description:/home/wzb/ros2ws/moveit_ws/install/moveit_resources_panda_description:/home/wzb/ros2ws/moveit_ws/install/moveit_msgs:/home/wzb/ros2ws/moveit_ws/install/moveit_common:/opt/ros/humble LD_LIBRARY_PATH=/home/wzb/ros2ws/moveit_ws/install/chomp_motion_planner/lib:/home/wzb/ros2ws/moveit_ws/install/moveit_core/lib:/home/wzb/ros2ws/moveit_ws/install/moveit_msgs/lib:${LD_LIBRARY_PATH} PATH=/home/wzb/ros2ws/moveit_ws/install/moveit_core/bin:${PATH} PYTHONPATH=/home/wzb/ros2ws/moveit_ws/install/moveit_msgs/local/lib/python3.10/dist-packages:${PYTHONPATH} /usr/bin/cmake --build /home/wzb/ros2ws/moveit_ws/build/moveit_planners_chomp -- -j20 -l20
[0.990s] [ 20%] [32mBuilding CXX object CMakeFiles/moveit_chomp_interface.dir/src/chomp_interface.cpp.o[0m
[0.990s] [ 40%] [32mBuilding CXX object CMakeFiles/moveit_chomp_interface.dir/src/chomp_planning_context.cpp.o[0m
[9.277s] [ 60%] [32m[1mLinking CXX shared library libmoveit_chomp_interface.so[0m
[9.456s] [ 60%] Built target moveit_chomp_interface
[9.478s] [ 80%] [32mBuilding CXX object CMakeFiles/moveit_chomp_planner_plugin.dir/src/chomp_plugin.cpp.o[0m
[16.238s] [100%] [32m[1mLinking CXX shared library libmoveit_chomp_planner_plugin.so[0m
[16.321s] [100%] Built target moveit_chomp_planner_plugin
[16.327s] Invoked command in '/home/wzb/ros2ws/moveit_ws/build/moveit_planners_chomp' returned '0': AMENT_PREFIX_PATH=/home/wzb/ros2ws/moveit_ws/install/chomp_motion_planner:/home/wzb/ros2ws/moveit_ws/install/moveit_core:/home/wzb/ros2ws/moveit_ws/install/moveit_resources_panda_moveit_config:/home/wzb/ros2ws/moveit_ws/install/moveit_resources_pr2_description:/home/wzb/ros2ws/moveit_ws/install/moveit_resources_panda_description:/home/wzb/ros2ws/moveit_ws/install/moveit_msgs:/home/wzb/ros2ws/moveit_ws/install/moveit_common:${AMENT_PREFIX_PATH} CMAKE_PREFIX_PATH=/home/wzb/ros2ws/moveit_ws/install/chomp_motion_planner:/home/wzb/ros2ws/moveit_ws/install/moveit_core:/home/wzb/ros2ws/moveit_ws/install/moveit_resources_panda_moveit_config:/home/wzb/ros2ws/moveit_ws/install/moveit_resources_pr2_description:/home/wzb/ros2ws/moveit_ws/install/moveit_resources_panda_description:/home/wzb/ros2ws/moveit_ws/install/moveit_msgs:/home/wzb/ros2ws/moveit_ws/install/moveit_common:/opt/ros/humble LD_LIBRARY_PATH=/home/wzb/ros2ws/moveit_ws/install/chomp_motion_planner/lib:/home/wzb/ros2ws/moveit_ws/install/moveit_core/lib:/home/wzb/ros2ws/moveit_ws/install/moveit_msgs/lib:${LD_LIBRARY_PATH} PATH=/home/wzb/ros2ws/moveit_ws/install/moveit_core/bin:${PATH} PYTHONPATH=/home/wzb/ros2ws/moveit_ws/install/moveit_msgs/local/lib/python3.10/dist-packages:${PYTHONPATH} /usr/bin/cmake --build /home/wzb/ros2ws/moveit_ws/build/moveit_planners_chomp -- -j20 -l20
[16.328s] Invoking command in '/home/wzb/ros2ws/moveit_ws/build/moveit_planners_chomp': AMENT_PREFIX_PATH=/home/wzb/ros2ws/moveit_ws/install/chomp_motion_planner:/home/wzb/ros2ws/moveit_ws/install/moveit_core:/home/wzb/ros2ws/moveit_ws/install/moveit_resources_panda_moveit_config:/home/wzb/ros2ws/moveit_ws/install/moveit_resources_pr2_description:/home/wzb/ros2ws/moveit_ws/install/moveit_resources_panda_description:/home/wzb/ros2ws/moveit_ws/install/moveit_msgs:/home/wzb/ros2ws/moveit_ws/install/moveit_common:${AMENT_PREFIX_PATH} CMAKE_PREFIX_PATH=/home/wzb/ros2ws/moveit_ws/install/chomp_motion_planner:/home/wzb/ros2ws/moveit_ws/install/moveit_core:/home/wzb/ros2ws/moveit_ws/install/moveit_resources_panda_moveit_config:/home/wzb/ros2ws/moveit_ws/install/moveit_resources_pr2_description:/home/wzb/ros2ws/moveit_ws/install/moveit_resources_panda_description:/home/wzb/ros2ws/moveit_ws/install/moveit_msgs:/home/wzb/ros2ws/moveit_ws/install/moveit_common:/opt/ros/humble LD_LIBRARY_PATH=/home/wzb/ros2ws/moveit_ws/install/chomp_motion_planner/lib:/home/wzb/ros2ws/moveit_ws/install/moveit_core/lib:/home/wzb/ros2ws/moveit_ws/install/moveit_msgs/lib:${LD_LIBRARY_PATH} PATH=/home/wzb/ros2ws/moveit_ws/install/moveit_core/bin:${PATH} PYTHONPATH=/home/wzb/ros2ws/moveit_ws/install/moveit_msgs/local/lib/python3.10/dist-packages:${PYTHONPATH} /usr/bin/cmake --install /home/wzb/ros2ws/moveit_ws/build/moveit_planners_chomp
[16.332s] -- Install configuration: "Release"
[16.332s] -- Installing: /home/wzb/ros2ws/moveit_ws/install/moveit_planners_chomp/lib/libmoveit_chomp_interface.so.2.14.1
[16.333s] -- Set runtime path of "/home/wzb/ros2ws/moveit_ws/install/moveit_planners_chomp/lib/libmoveit_chomp_interface.so.2.14.1" to ""
[16.333s] -- Installing: /home/wzb/ros2ws/moveit_ws/install/moveit_planners_chomp/lib/libmoveit_chomp_interface.so
[16.333s] -- Installing: /home/wzb/ros2ws/moveit_ws/install/moveit_planners_chomp/lib/libmoveit_chomp_planner_plugin.so
[16.333s] -- Set runtime path of "/home/wzb/ros2ws/moveit_ws/install/moveit_planners_chomp/lib/libmoveit_chomp_planner_plugin.so" to ""
[16.333s] -- Installing: /home/wzb/ros2ws/moveit_ws/install/moveit_planners_chomp/share/moveit_planners_chomp/environment/library_path.sh
[16.333s] -- Installing: /home/wzb/ros2ws/moveit_ws/install/moveit_planners_chomp/share/moveit_planners_chomp/environment/library_path.dsv
[16.333s] -- Installing: /home/wzb/ros2ws/moveit_ws/install/moveit_planners_chomp/share/moveit_planners_chomp/chomp_interface_plugin_description.xml
[16.333s] -- Installing: /home/wzb/ros2ws/moveit_ws/install/moveit_planners_chomp/share/ament_index/resource_index/package_run_dependencies/moveit_planners_chomp
[16.333s] -- Installing: /home/wzb/ros2ws/moveit_ws/install/moveit_planners_chomp/share/ament_index/resource_index/parent_prefix_path/moveit_planners_chomp
[16.333s] -- Installing: /home/wzb/ros2ws/moveit_ws/install/moveit_planners_chomp/share/moveit_planners_chomp/environment/ament_prefix_path.sh
[16.333s] -- Installing: /home/wzb/ros2ws/moveit_ws/install/moveit_planners_chomp/share/moveit_planners_chomp/environment/ament_prefix_path.dsv
[16.333s] -- Installing: /home/wzb/ros2ws/moveit_ws/install/moveit_planners_chomp/share/moveit_planners_chomp/environment/path.sh
[16.333s] -- Installing: /home/wzb/ros2ws/moveit_ws/install/moveit_planners_chomp/share/moveit_planners_chomp/environment/path.dsv
[16.333s] -- Installing: /home/wzb/ros2ws/moveit_ws/install/moveit_planners_chomp/share/moveit_planners_chomp/local_setup.bash
[16.333s] -- Installing: /home/wzb/ros2ws/moveit_ws/install/moveit_planners_chomp/share/moveit_planners_chomp/local_setup.sh
[16.333s] -- Installing: /home/wzb/ros2ws/moveit_ws/install/moveit_planners_chomp/share/moveit_planners_chomp/local_setup.zsh
[16.334s] -- Installing: /home/wzb/ros2ws/moveit_ws/install/moveit_planners_chomp/share/moveit_planners_chomp/local_setup.dsv
[16.334s] -- Installing: /home/wzb/ros2ws/moveit_ws/install/moveit_planners_chomp/share/moveit_planners_chomp/package.dsv
[16.334s] -- Installing: /home/wzb/ros2ws/moveit_ws/install/moveit_planners_chomp/share/ament_index/resource_index/packages/moveit_planners_chomp
[16.334s] -- Installing: /home/wzb/ros2ws/moveit_ws/install/moveit_planners_chomp/share/ament_index/resource_index/moveit_core__pluginlib__plugin/moveit_planners_chomp
[16.334s] -- Installing: /home/wzb/ros2ws/moveit_ws/install/moveit_planners_chomp/share/moveit_planners_chomp/cmake/moveit_planners_chompTargetsExport.cmake
[16.334s] -- Installing: /home/wzb/ros2ws/moveit_ws/install/moveit_planners_chomp/share/moveit_planners_chomp/cmake/moveit_planners_chompTargetsExport-release.cmake
[16.334s] -- Installing: /home/wzb/ros2ws/moveit_ws/install/moveit_planners_chomp/share/moveit_planners_chomp/cmake/ament_cmake_export_targets-extras.cmake
[16.334s] -- Installing: /home/wzb/ros2ws/moveit_ws/install/moveit_planners_chomp/share/moveit_planners_chomp/cmake/ament_cmake_export_dependencies-extras.cmake
[16.334s] -- Installing: /home/wzb/ros2ws/moveit_ws/install/moveit_planners_chomp/share/moveit_planners_chomp/cmake/moveit_planners_chompConfig.cmake
[16.334s] -- Installing: /home/wzb/ros2ws/moveit_ws/install/moveit_planners_chomp/share/moveit_planners_chomp/cmake/moveit_planners_chompConfig-version.cmake
[16.334s] -- Installing: /home/wzb/ros2ws/moveit_ws/install/moveit_planners_chomp/share/moveit_planners_chomp/package.xml
[16.335s] Invoked command in '/home/wzb/ros2ws/moveit_ws/build/moveit_planners_chomp' returned '0': AMENT_PREFIX_PATH=/home/wzb/ros2ws/moveit_ws/install/chomp_motion_planner:/home/wzb/ros2ws/moveit_ws/install/moveit_core:/home/wzb/ros2ws/moveit_ws/install/moveit_resources_panda_moveit_config:/home/wzb/ros2ws/moveit_ws/install/moveit_resources_pr2_description:/home/wzb/ros2ws/moveit_ws/install/moveit_resources_panda_description:/home/wzb/ros2ws/moveit_ws/install/moveit_msgs:/home/wzb/ros2ws/moveit_ws/install/moveit_common:${AMENT_PREFIX_PATH} CMAKE_PREFIX_PATH=/home/wzb/ros2ws/moveit_ws/install/chomp_motion_planner:/home/wzb/ros2ws/moveit_ws/install/moveit_core:/home/wzb/ros2ws/moveit_ws/install/moveit_resources_panda_moveit_config:/home/wzb/ros2ws/moveit_ws/install/moveit_resources_pr2_description:/home/wzb/ros2ws/moveit_ws/install/moveit_resources_panda_description:/home/wzb/ros2ws/moveit_ws/install/moveit_msgs:/home/wzb/ros2ws/moveit_ws/install/moveit_common:/opt/ros/humble LD_LIBRARY_PATH=/home/wzb/ros2ws/moveit_ws/install/chomp_motion_planner/lib:/home/wzb/ros2ws/moveit_ws/install/moveit_core/lib:/home/wzb/ros2ws/moveit_ws/install/moveit_msgs/lib:${LD_LIBRARY_PATH} PATH=/home/wzb/ros2ws/moveit_ws/install/moveit_core/bin:${PATH} PYTHONPATH=/home/wzb/ros2ws/moveit_ws/install/moveit_msgs/local/lib/python3.10/dist-packages:${PYTHONPATH} /usr/bin/cmake --install /home/wzb/ros2ws/moveit_ws/build/moveit_planners_chomp
