-- The CXX compiler identification is GNU 11.4.0
-- Detecting CXX compiler ABI info
-- Detecting CXX compiler ABI info - done
-- Check for working CXX compiler: /usr/bin/c++ - skipped
-- Detecting CXX compile features
-- Detecting CXX compile features - done
-- Found moveit_common: 2.14.1 (/home/wzb/ros2ws/moveit_ws/install/moveit_common/share/moveit_common/cmake)
-- Found ament_cmake: 1.3.12 (/opt/ros/humble/share/ament_cmake/cmake)
-- Found Python3: /usr/bin/python3 (found version "3.10.12") found components: Interpreter 
-- Found moveit_core: 2.14.1 (/home/wzb/ros2ws/moveit_ws/install/moveit_core/share/moveit_core/cmake)
-- Found Boost: /usr/lib/x86_64-linux-gnu/cmake/Boost-1.74.0/BoostConfig.cmake (found version "1.74.0") found components: chrono date_time filesystem iostreams program_options regex serialization system thread 
-- Found parameter_traits: 0.5.0 (/opt/ros/humble/share/parameter_traits/cmake)
-- Found rosidl_generator_c: 3.1.7 (/opt/ros/humble/share/rosidl_generator_c/cmake)
-- Found rosidl_adapter: 3.1.7 (/opt/ros/humble/share/rosidl_adapter/cmake)
-- Found rosidl_generator_cpp: 3.1.7 (/opt/ros/humble/share/rosidl_generator_cpp/cmake)
-- Using all available rosidl_typesupport_c: rosidl_typesupport_fastrtps_c;rosidl_typesupport_introspection_c
-- Using all available rosidl_typesupport_cpp: rosidl_typesupport_fastrtps_cpp;rosidl_typesupport_introspection_cpp
-- Found rmw_implementation_cmake: 6.1.2 (/opt/ros/humble/share/rmw_implementation_cmake/cmake)
-- Found rmw_fastrtps_cpp: 6.2.9 (/opt/ros/humble/share/rmw_fastrtps_cpp/cmake)
-- Found OpenSSL: /usr/lib/x86_64-linux-gnu/libcrypto.so (found version "3.0.2")  
-- Found FastRTPS: /opt/ros/humble/include  
-- Using RMW implementation 'rmw_fastrtps_cpp' as default
-- Found Threads: TRUE  
-- Found rclcpp_lifecycle: 16.0.16 (/opt/ros/humble/share/rclcpp_lifecycle/cmake)
-- Found Boost: /usr/lib/x86_64-linux-gnu/cmake/Boost-1.74.0/BoostConfig.cmake (found version "1.74.0") found components: filesystem 
-- library: /usr/lib/x86_64-linux-gnu/libcurl.so
-- Found Eigen3: TRUE (found version "3.4.0") 
-- Ensuring Eigen3 include directory is part of orocos-kdl CMake target
-- Found moveit_ros_planning: 2.14.1 (/home/wzb/ros2ws/moveit_ws/install/moveit_ros_planning/share/moveit_ros_planning/cmake)
-- Found Boost: /usr/lib/x86_64-linux-gnu/cmake/Boost-1.74.0/BoostConfig.cmake (found version "1.74.0") found components: system filesystem date_time program_options thread chrono 
-- Found interactive_markers: 2.3.2 (/opt/ros/humble/share/interactive_markers/cmake)
-- Performing Test COMPILER_HAS_HIDDEN_VISIBILITY
-- Performing Test COMPILER_HAS_HIDDEN_VISIBILITY - Success
-- Performing Test COMPILER_HAS_HIDDEN_INLINE_VISIBILITY
-- Performing Test COMPILER_HAS_HIDDEN_INLINE_VISIBILITY - Success
-- Performing Test COMPILER_HAS_DEPRECATED_ATTR
-- Performing Test COMPILER_HAS_DEPRECATED_ATTR - Success
-- Found ament_cmake_gtest: 1.3.12 (/opt/ros/humble/share/ament_cmake_gtest/cmake)
-- Found gtest sources under '/opt/ros/humble/src/gtest_vendor': C++ tests using 'Google Test' will be built
-- The C compiler identification is GNU 11.4.0
-- Detecting C compiler ABI info
-- Detecting C compiler ABI info - done
-- Check for working C compiler: /usr/bin/cc - skipped
-- Detecting C compile features
-- Detecting C compile features - done
-- Configuring done
-- Generating done
-- Build files have been written to: /home/wzb/ros2ws/moveit_ws/build/moveit_ros_robot_interaction
[ 15%] [32mBuilding CXX object CMakeFiles/moveit_robot_interaction.dir/src/kinematic_options.cpp.o[0m
[ 23%] [32mBuilding CXX object CMakeFiles/moveit_robot_interaction.dir/src/locked_robot_state.cpp.o[0m
[ 23%] [32mBuilding CXX object CMakeFiles/moveit_robot_interaction.dir/src/kinematic_options_map.cpp.o[0m
[ 30%] [32mBuilding CXX object CMakeFiles/moveit_robot_interaction.dir/src/interactive_marker_helpers.cpp.o[0m
[ 38%] [32mBuilding CXX object CMakeFiles/moveit_robot_interaction.dir/src/interaction_handler.cpp.o[0m
[ 46%] [32mBuilding CXX object gtest/CMakeFiles/gtest.dir/src/gtest-all.cc.o[0m
[ 53%] [32mBuilding CXX object CMakeFiles/moveit_robot_interaction.dir/src/robot_interaction.cpp.o[0m
[ 61%] [32mBuilding CXX object gtest/CMakeFiles/gtest_main.dir/src/gtest_main.cc.o[0m
[ 69%] [32m[1mLinking CXX static library libgtest_main.a[0m
[ 69%] Built target gtest_main
[ 76%] [32m[1mLinking CXX static library libgtest.a[0m
[ 76%] Built target gtest
[ 84%] [32m[1mLinking CXX shared library libmoveit_robot_interaction.so[0m
[ 84%] Built target moveit_robot_interaction
[ 92%] [32mBuilding CXX object CMakeFiles/locked_robot_state_test.dir/test/locked_robot_state_test.cpp.o[0m
[100%] [32m[1mLinking CXX executable locked_robot_state_test[0m
[100%] Built target locked_robot_state_test
-- Install configuration: "Release"
-- Installing: /home/wzb/ros2ws/moveit_ws/install/moveit_ros_robot_interaction/lib/libmoveit_robot_interaction.so.2.14.1
-- Set runtime path of "/home/wzb/ros2ws/moveit_ws/install/moveit_ros_robot_interaction/lib/libmoveit_robot_interaction.so.2.14.1" to ""
-- Installing: /home/wzb/ros2ws/moveit_ws/install/moveit_ros_robot_interaction/lib/libmoveit_robot_interaction.so
-- Installing: /home/wzb/ros2ws/moveit_ws/install/moveit_ros_robot_interaction/include/moveit_ros_robot_interaction
-- Installing: /home/wzb/ros2ws/moveit_ws/install/moveit_ros_robot_interaction/include/moveit_ros_robot_interaction/moveit
-- Installing: /home/wzb/ros2ws/moveit_ws/install/moveit_ros_robot_interaction/include/moveit_ros_robot_interaction/moveit/robot_interaction
-- Installing: /home/wzb/ros2ws/moveit_ws/install/moveit_ros_robot_interaction/include/moveit_ros_robot_interaction/moveit/robot_interaction/locked_robot_state.h
-- Installing: /home/wzb/ros2ws/moveit_ws/install/moveit_ros_robot_interaction/include/moveit_ros_robot_interaction/moveit/robot_interaction/kinematic_options.hpp
-- Installing: /home/wzb/ros2ws/moveit_ws/install/moveit_ros_robot_interaction/include/moveit_ros_robot_interaction/moveit/robot_interaction/kinematic_options_map.hpp
-- Installing: /home/wzb/ros2ws/moveit_ws/install/moveit_ros_robot_interaction/include/moveit_ros_robot_interaction/moveit/robot_interaction/kinematic_options.h
-- Installing: /home/wzb/ros2ws/moveit_ws/install/moveit_ros_robot_interaction/include/moveit_ros_robot_interaction/moveit/robot_interaction/interactive_marker_helpers.hpp
-- Installing: /home/wzb/ros2ws/moveit_ws/install/moveit_ros_robot_interaction/include/moveit_ros_robot_interaction/moveit/robot_interaction/robot_interaction.h
-- Installing: /home/wzb/ros2ws/moveit_ws/install/moveit_ros_robot_interaction/include/moveit_ros_robot_interaction/moveit/robot_interaction/kinematic_options_map.h
-- Installing: /home/wzb/ros2ws/moveit_ws/install/moveit_ros_robot_interaction/include/moveit_ros_robot_interaction/moveit/robot_interaction/robot_interaction.hpp
-- Installing: /home/wzb/ros2ws/moveit_ws/install/moveit_ros_robot_interaction/include/moveit_ros_robot_interaction/moveit/robot_interaction/interaction_handler.h
-- Installing: /home/wzb/ros2ws/moveit_ws/install/moveit_ros_robot_interaction/include/moveit_ros_robot_interaction/moveit/robot_interaction/interaction.h
-- Installing: /home/wzb/ros2ws/moveit_ws/install/moveit_ros_robot_interaction/include/moveit_ros_robot_interaction/moveit/robot_interaction/interaction.hpp
-- Installing: /home/wzb/ros2ws/moveit_ws/install/moveit_ros_robot_interaction/include/moveit_ros_robot_interaction/moveit/robot_interaction/locked_robot_state.hpp
-- Installing: /home/wzb/ros2ws/moveit_ws/install/moveit_ros_robot_interaction/include/moveit_ros_robot_interaction/moveit/robot_interaction/interactive_marker_helpers.h
-- Installing: /home/wzb/ros2ws/moveit_ws/install/moveit_ros_robot_interaction/include/moveit_ros_robot_interaction/moveit/robot_interaction/interaction_handler.hpp
-- Installing: /home/wzb/ros2ws/moveit_ws/install/moveit_ros_robot_interaction/include/moveit_ros_robot_interaction/moveit_robot_interaction_export.h
-- Installing: /home/wzb/ros2ws/moveit_ws/install/moveit_ros_robot_interaction/share/moveit_ros_robot_interaction/resources
-- Installing: /home/wzb/ros2ws/moveit_ws/install/moveit_ros_robot_interaction/share/moveit_ros_robot_interaction/resources/access-denied.stl
-- Installing: /home/wzb/ros2ws/moveit_ws/install/moveit_ros_robot_interaction/share/moveit_ros_robot_interaction/resources/access-denied.dae
-- Installing: /home/wzb/ros2ws/moveit_ws/install/moveit_ros_robot_interaction/share/moveit_ros_robot_interaction/environment/library_path.sh
-- Installing: /home/wzb/ros2ws/moveit_ws/install/moveit_ros_robot_interaction/share/moveit_ros_robot_interaction/environment/library_path.dsv
-- Installing: /home/wzb/ros2ws/moveit_ws/install/moveit_ros_robot_interaction/share/ament_index/resource_index/package_run_dependencies/moveit_ros_robot_interaction
-- Installing: /home/wzb/ros2ws/moveit_ws/install/moveit_ros_robot_interaction/share/ament_index/resource_index/parent_prefix_path/moveit_ros_robot_interaction
-- Installing: /home/wzb/ros2ws/moveit_ws/install/moveit_ros_robot_interaction/share/moveit_ros_robot_interaction/environment/ament_prefix_path.sh
-- Installing: /home/wzb/ros2ws/moveit_ws/install/moveit_ros_robot_interaction/share/moveit_ros_robot_interaction/environment/ament_prefix_path.dsv
-- Installing: /home/wzb/ros2ws/moveit_ws/install/moveit_ros_robot_interaction/share/moveit_ros_robot_interaction/environment/path.sh
-- Installing: /home/wzb/ros2ws/moveit_ws/install/moveit_ros_robot_interaction/share/moveit_ros_robot_interaction/environment/path.dsv
-- Installing: /home/wzb/ros2ws/moveit_ws/install/moveit_ros_robot_interaction/share/moveit_ros_robot_interaction/local_setup.bash
-- Installing: /home/wzb/ros2ws/moveit_ws/install/moveit_ros_robot_interaction/share/moveit_ros_robot_interaction/local_setup.sh
-- Installing: /home/wzb/ros2ws/moveit_ws/install/moveit_ros_robot_interaction/share/moveit_ros_robot_interaction/local_setup.zsh
-- Installing: /home/wzb/ros2ws/moveit_ws/install/moveit_ros_robot_interaction/share/moveit_ros_robot_interaction/local_setup.dsv
-- Installing: /home/wzb/ros2ws/moveit_ws/install/moveit_ros_robot_interaction/share/moveit_ros_robot_interaction/package.dsv
-- Installing: /home/wzb/ros2ws/moveit_ws/install/moveit_ros_robot_interaction/share/ament_index/resource_index/packages/moveit_ros_robot_interaction
-- Installing: /home/wzb/ros2ws/moveit_ws/install/moveit_ros_robot_interaction/share/moveit_ros_robot_interaction/cmake/moveit_ros_robot_interactionTargetsExport.cmake
-- Installing: /home/wzb/ros2ws/moveit_ws/install/moveit_ros_robot_interaction/share/moveit_ros_robot_interaction/cmake/moveit_ros_robot_interactionTargetsExport-release.cmake
-- Installing: /home/wzb/ros2ws/moveit_ws/install/moveit_ros_robot_interaction/share/moveit_ros_robot_interaction/cmake/ament_cmake_export_targets-extras.cmake
-- Installing: /home/wzb/ros2ws/moveit_ws/install/moveit_ros_robot_interaction/share/moveit_ros_robot_interaction/cmake/ament_cmake_export_dependencies-extras.cmake
-- Installing: /home/wzb/ros2ws/moveit_ws/install/moveit_ros_robot_interaction/share/moveit_ros_robot_interaction/cmake/moveit_ros_robot_interactionConfig.cmake
-- Installing: /home/wzb/ros2ws/moveit_ws/install/moveit_ros_robot_interaction/share/moveit_ros_robot_interaction/cmake/moveit_ros_robot_interactionConfig-version.cmake
-- Installing: /home/wzb/ros2ws/moveit_ws/install/moveit_ros_robot_interaction/share/moveit_ros_robot_interaction/package.xml
