[0.011s] Invoking command in '/home/wzb/ros2ws/moveit_ws/build/moveit_core': CMAKE_PREFIX_PATH=/home/wzb/ros2ws/moveit_ws/install/moveit_resources_panda_moveit_config:/home/wzb/ros2ws/moveit_ws/install/moveit_resources_pr2_description:/home/wzb/ros2ws/moveit_ws/install/moveit_resources_panda_description:/home/wzb/ros2ws/moveit_ws/install/moveit_msgs:/home/wzb/ros2ws/moveit_ws/install/moveit_common:/home/wzb/ros2ws/trac_ws/install/trac_ik:/home/wzb/ros2ws/trac_ws/install/trac_ik_kinematics:/home/wzb/ros2ws/trac_ws/install/trac_ik_examples:/home/wzb/ros2ws/trac_ws/install/trac_ik_lib:/home/wzb/ros2ws/orbbec_ws/install/orbbec_description:/home/wzb/ros2ws/orbbec_ws/install/orbbec_camera:/home/wzb/ros2ws/orbbec_ws/install/orbbec_camera_msgs:/home/wzb/ros2ws/my_piper_ros/install/piper_with_gripper_moveit:/home/wzb/ros2ws/my_piper_ros/install/piper_no_gripper_moveit:/home/wzb/ros2ws/my_piper_ros/install/piper_mujoco:/home/wzb/ros2ws/my_piper_ros/install/piper_msgs:/home/wzb/ros2ws/my_piper_ros/install/piper_humble:/home/wzb/ros2ws/my_piper_ros/install/piper_gazebo:/home/wzb/ros2ws/my_piper_ros/install/piper_description:/home/wzb/ros2ws/moveit_ws/install/pilz_industrial_motion_planner_testutils:/home/wzb/ros2ws/moveit_ws/install/moveit_runtime:/home/wzb/ros2ws/moveit_ws/install/moveit:/home/wzb/ros2ws/moveit_ws/install/moveit_planners:/home/wzb/ros2ws/moveit_ws/install/pilz_industrial_motion_planner:/home/wzb/ros2ws/moveit_ws/install/moveit_ros_control_interface:/home/wzb/ros2ws/moveit_ws/install/moveit_plugins:/home/wzb/ros2ws/moveit_ws/install/moveit_simple_controller_manager:/home/wzb/ros2ws/moveit_ws/install/moveit_setup_assistant:/home/wzb/ros2ws/moveit_ws/install/moveit_setup_srdf_plugins:/home/wzb/ros2ws/moveit_ws/install/moveit_setup_core_plugins:/home/wzb/ros2ws/moveit_ws/install/moveit_setup_controllers:/home/wzb/ros2ws/moveit_ws/install/moveit_setup_app_plugins:/home/wzb/ros2ws/moveit_ws/install/moveit_setup_framework:/home/wzb/ros2ws/moveit_ws/install/moveit_servo:/home/wzb/ros2ws/moveit_ws/install/moveit_ros_trajectory_cache:/home/wzb/ros2ws/moveit_ws/install/moveit_ros:/home/wzb/ros2ws/moveit_ws/install/moveit_ros_visualization:/home/wzb/ros2ws/moveit_ws/install/moveit_py:/home/wzb/ros2ws/moveit_ws/install/moveit_hybrid_planning:/home/wzb/ros2ws/moveit_ws/install/moveit_ros_planning_interface:/home/wzb/ros2ws/moveit_ws/install/moveit_ros_benchmarks:/home/wzb/ros2ws/moveit_ws/install/moveit_ros_warehouse:/home/wzb/ros2ws/moveit_ws/install/moveit_ros_robot_interaction:/home/wzb/ros2ws/moveit_ws/install/moveit_ros_perception:/home/wzb/ros2ws/moveit_ws/install/moveit_resources_prbt_pg70_support:/home/wzb/ros2ws/moveit_ws/install/moveit_resources_prbt_moveit_config:/home/wzb/ros2ws/moveit_ws/install/moveit_ros_move_group:/home/wzb/ros2ws/moveit_ws/install/moveit_planners_ompl:/home/wzb/ros2ws/moveit_ws/install/moveit_kinematics:/home/wzb/ros2ws/moveit_ws/install/moveit_ros_planning:/home/wzb/ros2ws/moveit_ws/install/moveit_ros_occupancy_map_monitor:/home/wzb/ros2ws/moveit_ws/install/moveit_resources_prbt_support:/home/wzb/ros2ws/moveit_ws/install/moveit_resources_prbt_ikfast_manipulator_plugin:/home/wzb/ros2ws/moveit_ws/install/moveit_resources:/home/wzb/ros2ws/moveit_ws/install/dual_arm_panda_moveit_config:/home/wzb/ros2ws/moveit_ws/install/moveit_resources_fanuc_moveit_config:/home/wzb/ros2ws/moveit_ws/install/moveit_resources_fanuc_description:/home/wzb/ros2ws/moveit_ws/install/moveit_planners_stomp:/home/wzb/ros2ws/moveit_ws/install/moveit_planners_chomp:/home/wzb/ros2ws/moveit_ws/install/chomp_motion_planner:/home/wzb/ros2ws/moveit_ws/install/moveit_core:/home/wzb/ros2ws/my_piper_ros/install/piper:/home/wzb/ros2ws/moveit_ws/install/moveit_configs_utils:/opt/ros/humble LD_LIBRARY_PATH=/home/wzb/ros2ws/moveit_ws/install/moveit_msgs/lib:/home/wzb/ros2ws/trac_ws/install/trac_ik_kinematics/lib:/home/wzb/ros2ws/trac_ws/install/trac_ik_lib/lib:/home/wzb/ros2ws/orbbec_ws/install/orbbec_camera/lib:/home/wzb/ros2ws/orbbec_ws/install/orbbec_camera_msgs/lib:/home/wzb/ros2ws/my_piper_ros/install/piper_msgs/lib:/home/wzb/ros2ws/moveit_ws/install/pilz_industrial_motion_planner_testutils/lib:/home/wzb/ros2ws/moveit_ws/install/pilz_industrial_motion_planner/lib:/home/wzb/ros2ws/moveit_ws/install/moveit_ros_control_interface/lib:/home/wzb/ros2ws/moveit_ws/install/moveit_simple_controller_manager/lib:/home/wzb/ros2ws/moveit_ws/install/moveit_setup_assistant/lib:/home/wzb/ros2ws/moveit_ws/install/moveit_setup_srdf_plugins/lib:/home/wzb/ros2ws/moveit_ws/install/moveit_setup_core_plugins/lib:/home/wzb/ros2ws/moveit_ws/install/moveit_setup_controllers/lib:/home/wzb/ros2ws/moveit_ws/install/moveit_setup_app_plugins/lib:/home/wzb/ros2ws/moveit_ws/install/moveit_setup_framework/lib:/home/wzb/ros2ws/moveit_ws/install/moveit_servo/lib:/home/wzb/ros2ws/moveit_ws/install/moveit_ros_trajectory_cache/lib:/home/wzb/ros2ws/moveit_ws/install/moveit_ros_visualization/lib:/home/wzb/ros2ws/moveit_ws/install/moveit_py/lib:/home/wzb/ros2ws/moveit_ws/install/moveit_hybrid_planning/lib:/home/wzb/ros2ws/moveit_ws/install/moveit_ros_planning_interface/lib:/home/wzb/ros2ws/moveit_ws/install/moveit_ros_benchmarks/lib:/home/wzb/ros2ws/moveit_ws/install/moveit_ros_warehouse/lib:/home/wzb/ros2ws/moveit_ws/install/moveit_ros_robot_interaction/lib:/home/wzb/ros2ws/moveit_ws/install/moveit_ros_perception/lib:/home/wzb/ros2ws/moveit_ws/install/moveit_ros_move_group/lib:/home/wzb/ros2ws/moveit_ws/install/moveit_planners_ompl/lib:/home/wzb/ros2ws/moveit_ws/install/moveit_kinematics/lib:/home/wzb/ros2ws/moveit_ws/install/moveit_ros_planning/lib:/home/wzb/ros2ws/moveit_ws/install/moveit_ros_occupancy_map_monitor/lib:/home/wzb/ros2ws/moveit_ws/install/moveit_resources_prbt_ikfast_manipulator_plugin/lib:/home/wzb/ros2ws/moveit_ws/install/moveit_planners_stomp/lib:/home/wzb/ros2ws/moveit_ws/install/moveit_planners_chomp/lib:/home/wzb/ros2ws/moveit_ws/install/chomp_motion_planner/lib:/home/wzb/ros2ws/moveit_ws/install/moveit_core/lib:/opt/ros/humble/opt/rviz_ogre_vendor/lib:/opt/ros/humble/lib/x86_64-linux-gnu:/opt/ros/humble/lib /usr/bin/cmake --build /home/wzb/ros2ws/moveit_ws/build/moveit_core -- -j20 -l20
[0.047s] [  1%] Built target gtest_main
[0.047s] [  2%] Built target gmock
[0.048s] [  3%] Built target gtest
[0.048s] [  4%] [34m[1mGenerate version header[0m
[0.049s] [  6%] Built target gmock_main
[0.052s] [  8%] Built target moveit_acceleration_filter_parameters
[0.052s] [ 10%] Built target moveit_utils
[0.053s] [ 11%] Built target moveit_ruckig_filter_parameters
[0.053s] [ 12%] Built target moveit_butterworth_filter_parameters
[0.057s] [ 14%] Built target moveit_smoothing_base
[0.066s] [ 15%] [34m[1mGenerating version.hpp[0m
[0.068s] [ 17%] Built target moveit_exceptions
[0.069s] [ 18%] Built target logger_dut
[0.070s] [ 19%] Built target moveit_transforms
[0.071s] [ 19%] Built target version_hpp
[0.078s] [ 21%] Built target moveit_distance_field
[0.085s] [ 22%] Built target moveit_version
[0.086s] [ 23%] Built target test_transforms
[0.093s] [ 29%] Built target moveit_robot_model
[0.095s] [ 30%] Built target test_voxel_grid
[0.098s] [ 31%] Built target test_distance_field
[0.112s] [ 33%] Built target moveit_butterworth_filter
[0.112s] [ 33%] Built target moveit_kinematics_base
[0.131s] [ 34%] Built target test_butterworth_filter
[0.132s] [ 35%] Built target moveit_test_utils
[0.134s] [ 38%] Built target moveit_robot_state
[0.155s] [ 39%] Built target moveit_acceleration_filter
[0.155s] [ 40%] Built target test_robot_model
[0.157s] [ 41%] Built target robot_state_benchmark
[0.157s] [ 42%] Built target moveit_kinematics_metrics
[0.157s] [ 43%] Built target test_robot_state_complex
[0.159s] [ 47%] Built target moveit_dynamics_solver
[0.160s] [ 47%] Built target test_robot_state
[0.160s] [ 47%] Built target moveit_robot_trajectory
[0.160s] [ 48%] Built target moveit_ruckig_filter
[0.163s] [ 49%] Built target test_cartesian_interpolator
[0.165s] [ 50%] Built target test_aabb
[0.165s] [ 56%] Built target moveit_collision_detection
[0.179s] [ 57%] Built target test_robot_trajectory
[0.179s] [ 58%] Built target test_acceleration_filter
[0.181s] [ 60%] Built target moveit_trajectory_processing
[0.182s] [ 61%] Built target test_world
[0.185s] [ 62%] Built target test_world_diff
[0.188s] [ 64%] Built target moveit_collision_detection_fcl
[0.189s] [ 65%] Built target test_all_valid
[0.193s] [ 69%] Built target moveit_collision_detection_bullet
[0.199s] [ 70%] Built target test_ruckig_traj_smoothing
[0.200s] [ 71%] Built target robot_trajectory_benchmark
[0.201s] [ 72%] Built target test_time_optimal_trajectory_generation
[0.211s] [ 73%] Built target test_fcl_collision_detection
[0.212s] [ 75%] Built target moveit_kinematic_constraints
[0.212s] [ 75%] Built target test_fcl_collision_env
[0.213s] [ 77%] Built target test_bullet_collision_detection
[0.213s] [ 78%] Built target test_fcl_collision_detection_panda
[0.214s] [ 79%] Built target test_bullet_collision_detection_panda
[0.217s] [ 80%] Built target test_bullet_continuous_collision_checking
[0.230s] [ 82%] Built target test_constraints
[0.233s] [ 83%] Built target test_orientation_constraints
[0.234s] [ 84%] Built target moveit_planning_scene
[0.255s] [ 87%] Built target moveit_planning_interface
[0.255s] [ 87%] Built target collision_detector_bullet_plugin
[0.255s] [ 88%] Built target test_planning_scene
[0.256s] [ 90%] Built target collision_detector_fcl_plugin
[0.256s] [ 89%] Built target test_collision_objects
[0.257s] [ 93%] Built target moveit_constraint_samplers
[0.258s] [ 94%] Built target test_multi_threaded
[0.260s] [ 97%] Built target moveit_collision_distance_field
[0.280s] [ 99%] Built target test_collision_distance_field
[0.281s] [100%] Built target test_constraint_samplers
[0.287s] Invoked command in '/home/wzb/ros2ws/moveit_ws/build/moveit_core' returned '0': CMAKE_PREFIX_PATH=/home/wzb/ros2ws/moveit_ws/install/moveit_resources_panda_moveit_config:/home/wzb/ros2ws/moveit_ws/install/moveit_resources_pr2_description:/home/wzb/ros2ws/moveit_ws/install/moveit_resources_panda_description:/home/wzb/ros2ws/moveit_ws/install/moveit_msgs:/home/wzb/ros2ws/moveit_ws/install/moveit_common:/home/wzb/ros2ws/trac_ws/install/trac_ik:/home/wzb/ros2ws/trac_ws/install/trac_ik_kinematics:/home/wzb/ros2ws/trac_ws/install/trac_ik_examples:/home/wzb/ros2ws/trac_ws/install/trac_ik_lib:/home/wzb/ros2ws/orbbec_ws/install/orbbec_description:/home/wzb/ros2ws/orbbec_ws/install/orbbec_camera:/home/wzb/ros2ws/orbbec_ws/install/orbbec_camera_msgs:/home/wzb/ros2ws/my_piper_ros/install/piper_with_gripper_moveit:/home/wzb/ros2ws/my_piper_ros/install/piper_no_gripper_moveit:/home/wzb/ros2ws/my_piper_ros/install/piper_mujoco:/home/wzb/ros2ws/my_piper_ros/install/piper_msgs:/home/wzb/ros2ws/my_piper_ros/install/piper_humble:/home/wzb/ros2ws/my_piper_ros/install/piper_gazebo:/home/wzb/ros2ws/my_piper_ros/install/piper_description:/home/wzb/ros2ws/moveit_ws/install/pilz_industrial_motion_planner_testutils:/home/wzb/ros2ws/moveit_ws/install/moveit_runtime:/home/wzb/ros2ws/moveit_ws/install/moveit:/home/wzb/ros2ws/moveit_ws/install/moveit_planners:/home/wzb/ros2ws/moveit_ws/install/pilz_industrial_motion_planner:/home/wzb/ros2ws/moveit_ws/install/moveit_ros_control_interface:/home/wzb/ros2ws/moveit_ws/install/moveit_plugins:/home/wzb/ros2ws/moveit_ws/install/moveit_simple_controller_manager:/home/wzb/ros2ws/moveit_ws/install/moveit_setup_assistant:/home/wzb/ros2ws/moveit_ws/install/moveit_setup_srdf_plugins:/home/wzb/ros2ws/moveit_ws/install/moveit_setup_core_plugins:/home/wzb/ros2ws/moveit_ws/install/moveit_setup_controllers:/home/wzb/ros2ws/moveit_ws/install/moveit_setup_app_plugins:/home/wzb/ros2ws/moveit_ws/install/moveit_setup_framework:/home/wzb/ros2ws/moveit_ws/install/moveit_servo:/home/wzb/ros2ws/moveit_ws/install/moveit_ros_trajectory_cache:/home/wzb/ros2ws/moveit_ws/install/moveit_ros:/home/wzb/ros2ws/moveit_ws/install/moveit_ros_visualization:/home/wzb/ros2ws/moveit_ws/install/moveit_py:/home/wzb/ros2ws/moveit_ws/install/moveit_hybrid_planning:/home/wzb/ros2ws/moveit_ws/install/moveit_ros_planning_interface:/home/wzb/ros2ws/moveit_ws/install/moveit_ros_benchmarks:/home/wzb/ros2ws/moveit_ws/install/moveit_ros_warehouse:/home/wzb/ros2ws/moveit_ws/install/moveit_ros_robot_interaction:/home/wzb/ros2ws/moveit_ws/install/moveit_ros_perception:/home/wzb/ros2ws/moveit_ws/install/moveit_resources_prbt_pg70_support:/home/wzb/ros2ws/moveit_ws/install/moveit_resources_prbt_moveit_config:/home/wzb/ros2ws/moveit_ws/install/moveit_ros_move_group:/home/wzb/ros2ws/moveit_ws/install/moveit_planners_ompl:/home/wzb/ros2ws/moveit_ws/install/moveit_kinematics:/home/wzb/ros2ws/moveit_ws/install/moveit_ros_planning:/home/wzb/ros2ws/moveit_ws/install/moveit_ros_occupancy_map_monitor:/home/wzb/ros2ws/moveit_ws/install/moveit_resources_prbt_support:/home/wzb/ros2ws/moveit_ws/install/moveit_resources_prbt_ikfast_manipulator_plugin:/home/wzb/ros2ws/moveit_ws/install/moveit_resources:/home/wzb/ros2ws/moveit_ws/install/dual_arm_panda_moveit_config:/home/wzb/ros2ws/moveit_ws/install/moveit_resources_fanuc_moveit_config:/home/wzb/ros2ws/moveit_ws/install/moveit_resources_fanuc_description:/home/wzb/ros2ws/moveit_ws/install/moveit_planners_stomp:/home/wzb/ros2ws/moveit_ws/install/moveit_planners_chomp:/home/wzb/ros2ws/moveit_ws/install/chomp_motion_planner:/home/wzb/ros2ws/moveit_ws/install/moveit_core:/home/wzb/ros2ws/my_piper_ros/install/piper:/home/wzb/ros2ws/moveit_ws/install/moveit_configs_utils:/opt/ros/humble LD_LIBRARY_PATH=/home/wzb/ros2ws/moveit_ws/install/moveit_msgs/lib:/home/wzb/ros2ws/trac_ws/install/trac_ik_kinematics/lib:/home/wzb/ros2ws/trac_ws/install/trac_ik_lib/lib:/home/wzb/ros2ws/orbbec_ws/install/orbbec_camera/lib:/home/wzb/ros2ws/orbbec_ws/install/orbbec_camera_msgs/lib:/home/wzb/ros2ws/my_piper_ros/install/piper_msgs/lib:/home/wzb/ros2ws/moveit_ws/install/pilz_industrial_motion_planner_testutils/lib:/home/wzb/ros2ws/moveit_ws/install/pilz_industrial_motion_planner/lib:/home/wzb/ros2ws/moveit_ws/install/moveit_ros_control_interface/lib:/home/wzb/ros2ws/moveit_ws/install/moveit_simple_controller_manager/lib:/home/wzb/ros2ws/moveit_ws/install/moveit_setup_assistant/lib:/home/wzb/ros2ws/moveit_ws/install/moveit_setup_srdf_plugins/lib:/home/wzb/ros2ws/moveit_ws/install/moveit_setup_core_plugins/lib:/home/wzb/ros2ws/moveit_ws/install/moveit_setup_controllers/lib:/home/wzb/ros2ws/moveit_ws/install/moveit_setup_app_plugins/lib:/home/wzb/ros2ws/moveit_ws/install/moveit_setup_framework/lib:/home/wzb/ros2ws/moveit_ws/install/moveit_servo/lib:/home/wzb/ros2ws/moveit_ws/install/moveit_ros_trajectory_cache/lib:/home/wzb/ros2ws/moveit_ws/install/moveit_ros_visualization/lib:/home/wzb/ros2ws/moveit_ws/install/moveit_py/lib:/home/wzb/ros2ws/moveit_ws/install/moveit_hybrid_planning/lib:/home/wzb/ros2ws/moveit_ws/install/moveit_ros_planning_interface/lib:/home/wzb/ros2ws/moveit_ws/install/moveit_ros_benchmarks/lib:/home/wzb/ros2ws/moveit_ws/install/moveit_ros_warehouse/lib:/home/wzb/ros2ws/moveit_ws/install/moveit_ros_robot_interaction/lib:/home/wzb/ros2ws/moveit_ws/install/moveit_ros_perception/lib:/home/wzb/ros2ws/moveit_ws/install/moveit_ros_move_group/lib:/home/wzb/ros2ws/moveit_ws/install/moveit_planners_ompl/lib:/home/wzb/ros2ws/moveit_ws/install/moveit_kinematics/lib:/home/wzb/ros2ws/moveit_ws/install/moveit_ros_planning/lib:/home/wzb/ros2ws/moveit_ws/install/moveit_ros_occupancy_map_monitor/lib:/home/wzb/ros2ws/moveit_ws/install/moveit_resources_prbt_ikfast_manipulator_plugin/lib:/home/wzb/ros2ws/moveit_ws/install/moveit_planners_stomp/lib:/home/wzb/ros2ws/moveit_ws/install/moveit_planners_chomp/lib:/home/wzb/ros2ws/moveit_ws/install/chomp_motion_planner/lib:/home/wzb/ros2ws/moveit_ws/install/moveit_core/lib:/opt/ros/humble/opt/rviz_ogre_vendor/lib:/opt/ros/humble/lib/x86_64-linux-gnu:/opt/ros/humble/lib /usr/bin/cmake --build /home/wzb/ros2ws/moveit_ws/build/moveit_core -- -j20 -l20
[0.289s] Invoking command in '/home/wzb/ros2ws/moveit_ws/build/moveit_core': CMAKE_PREFIX_PATH=/home/wzb/ros2ws/moveit_ws/install/moveit_resources_panda_moveit_config:/home/wzb/ros2ws/moveit_ws/install/moveit_resources_pr2_description:/home/wzb/ros2ws/moveit_ws/install/moveit_resources_panda_description:/home/wzb/ros2ws/moveit_ws/install/moveit_msgs:/home/wzb/ros2ws/moveit_ws/install/moveit_common:/home/wzb/ros2ws/trac_ws/install/trac_ik:/home/wzb/ros2ws/trac_ws/install/trac_ik_kinematics:/home/wzb/ros2ws/trac_ws/install/trac_ik_examples:/home/wzb/ros2ws/trac_ws/install/trac_ik_lib:/home/wzb/ros2ws/orbbec_ws/install/orbbec_description:/home/wzb/ros2ws/orbbec_ws/install/orbbec_camera:/home/wzb/ros2ws/orbbec_ws/install/orbbec_camera_msgs:/home/wzb/ros2ws/my_piper_ros/install/piper_with_gripper_moveit:/home/wzb/ros2ws/my_piper_ros/install/piper_no_gripper_moveit:/home/wzb/ros2ws/my_piper_ros/install/piper_mujoco:/home/wzb/ros2ws/my_piper_ros/install/piper_msgs:/home/wzb/ros2ws/my_piper_ros/install/piper_humble:/home/wzb/ros2ws/my_piper_ros/install/piper_gazebo:/home/wzb/ros2ws/my_piper_ros/install/piper_description:/home/wzb/ros2ws/moveit_ws/install/pilz_industrial_motion_planner_testutils:/home/wzb/ros2ws/moveit_ws/install/moveit_runtime:/home/wzb/ros2ws/moveit_ws/install/moveit:/home/wzb/ros2ws/moveit_ws/install/moveit_planners:/home/wzb/ros2ws/moveit_ws/install/pilz_industrial_motion_planner:/home/wzb/ros2ws/moveit_ws/install/moveit_ros_control_interface:/home/wzb/ros2ws/moveit_ws/install/moveit_plugins:/home/wzb/ros2ws/moveit_ws/install/moveit_simple_controller_manager:/home/wzb/ros2ws/moveit_ws/install/moveit_setup_assistant:/home/wzb/ros2ws/moveit_ws/install/moveit_setup_srdf_plugins:/home/wzb/ros2ws/moveit_ws/install/moveit_setup_core_plugins:/home/wzb/ros2ws/moveit_ws/install/moveit_setup_controllers:/home/wzb/ros2ws/moveit_ws/install/moveit_setup_app_plugins:/home/wzb/ros2ws/moveit_ws/install/moveit_setup_framework:/home/wzb/ros2ws/moveit_ws/install/moveit_servo:/home/wzb/ros2ws/moveit_ws/install/moveit_ros_trajectory_cache:/home/wzb/ros2ws/moveit_ws/install/moveit_ros:/home/wzb/ros2ws/moveit_ws/install/moveit_ros_visualization:/home/wzb/ros2ws/moveit_ws/install/moveit_py:/home/wzb/ros2ws/moveit_ws/install/moveit_hybrid_planning:/home/wzb/ros2ws/moveit_ws/install/moveit_ros_planning_interface:/home/wzb/ros2ws/moveit_ws/install/moveit_ros_benchmarks:/home/wzb/ros2ws/moveit_ws/install/moveit_ros_warehouse:/home/wzb/ros2ws/moveit_ws/install/moveit_ros_robot_interaction:/home/wzb/ros2ws/moveit_ws/install/moveit_ros_perception:/home/wzb/ros2ws/moveit_ws/install/moveit_resources_prbt_pg70_support:/home/wzb/ros2ws/moveit_ws/install/moveit_resources_prbt_moveit_config:/home/wzb/ros2ws/moveit_ws/install/moveit_ros_move_group:/home/wzb/ros2ws/moveit_ws/install/moveit_planners_ompl:/home/wzb/ros2ws/moveit_ws/install/moveit_kinematics:/home/wzb/ros2ws/moveit_ws/install/moveit_ros_planning:/home/wzb/ros2ws/moveit_ws/install/moveit_ros_occupancy_map_monitor:/home/wzb/ros2ws/moveit_ws/install/moveit_resources_prbt_support:/home/wzb/ros2ws/moveit_ws/install/moveit_resources_prbt_ikfast_manipulator_plugin:/home/wzb/ros2ws/moveit_ws/install/moveit_resources:/home/wzb/ros2ws/moveit_ws/install/dual_arm_panda_moveit_config:/home/wzb/ros2ws/moveit_ws/install/moveit_resources_fanuc_moveit_config:/home/wzb/ros2ws/moveit_ws/install/moveit_resources_fanuc_description:/home/wzb/ros2ws/moveit_ws/install/moveit_planners_stomp:/home/wzb/ros2ws/moveit_ws/install/moveit_planners_chomp:/home/wzb/ros2ws/moveit_ws/install/chomp_motion_planner:/home/wzb/ros2ws/moveit_ws/install/moveit_core:/home/wzb/ros2ws/my_piper_ros/install/piper:/home/wzb/ros2ws/moveit_ws/install/moveit_configs_utils:/opt/ros/humble LD_LIBRARY_PATH=/home/wzb/ros2ws/moveit_ws/install/moveit_msgs/lib:/home/wzb/ros2ws/trac_ws/install/trac_ik_kinematics/lib:/home/wzb/ros2ws/trac_ws/install/trac_ik_lib/lib:/home/wzb/ros2ws/orbbec_ws/install/orbbec_camera/lib:/home/wzb/ros2ws/orbbec_ws/install/orbbec_camera_msgs/lib:/home/wzb/ros2ws/my_piper_ros/install/piper_msgs/lib:/home/wzb/ros2ws/moveit_ws/install/pilz_industrial_motion_planner_testutils/lib:/home/wzb/ros2ws/moveit_ws/install/pilz_industrial_motion_planner/lib:/home/wzb/ros2ws/moveit_ws/install/moveit_ros_control_interface/lib:/home/wzb/ros2ws/moveit_ws/install/moveit_simple_controller_manager/lib:/home/wzb/ros2ws/moveit_ws/install/moveit_setup_assistant/lib:/home/wzb/ros2ws/moveit_ws/install/moveit_setup_srdf_plugins/lib:/home/wzb/ros2ws/moveit_ws/install/moveit_setup_core_plugins/lib:/home/wzb/ros2ws/moveit_ws/install/moveit_setup_controllers/lib:/home/wzb/ros2ws/moveit_ws/install/moveit_setup_app_plugins/lib:/home/wzb/ros2ws/moveit_ws/install/moveit_setup_framework/lib:/home/wzb/ros2ws/moveit_ws/install/moveit_servo/lib:/home/wzb/ros2ws/moveit_ws/install/moveit_ros_trajectory_cache/lib:/home/wzb/ros2ws/moveit_ws/install/moveit_ros_visualization/lib:/home/wzb/ros2ws/moveit_ws/install/moveit_py/lib:/home/wzb/ros2ws/moveit_ws/install/moveit_hybrid_planning/lib:/home/wzb/ros2ws/moveit_ws/install/moveit_ros_planning_interface/lib:/home/wzb/ros2ws/moveit_ws/install/moveit_ros_benchmarks/lib:/home/wzb/ros2ws/moveit_ws/install/moveit_ros_warehouse/lib:/home/wzb/ros2ws/moveit_ws/install/moveit_ros_robot_interaction/lib:/home/wzb/ros2ws/moveit_ws/install/moveit_ros_perception/lib:/home/wzb/ros2ws/moveit_ws/install/moveit_ros_move_group/lib:/home/wzb/ros2ws/moveit_ws/install/moveit_planners_ompl/lib:/home/wzb/ros2ws/moveit_ws/install/moveit_kinematics/lib:/home/wzb/ros2ws/moveit_ws/install/moveit_ros_planning/lib:/home/wzb/ros2ws/moveit_ws/install/moveit_ros_occupancy_map_monitor/lib:/home/wzb/ros2ws/moveit_ws/install/moveit_resources_prbt_ikfast_manipulator_plugin/lib:/home/wzb/ros2ws/moveit_ws/install/moveit_planners_stomp/lib:/home/wzb/ros2ws/moveit_ws/install/moveit_planners_chomp/lib:/home/wzb/ros2ws/moveit_ws/install/chomp_motion_planner/lib:/home/wzb/ros2ws/moveit_ws/install/moveit_core/lib:/opt/ros/humble/opt/rviz_ogre_vendor/lib:/opt/ros/humble/lib/x86_64-linux-gnu:/opt/ros/humble/lib /usr/bin/cmake --install /home/wzb/ros2ws/moveit_ws/build/moveit_core
[0.294s] -- Install configuration: "Release"
[0.294s] -- Up-to-date: /home/wzb/ros2ws/moveit_ws/install/moveit_core/include/moveit_core
[0.294s] -- Up-to-date: /home/wzb/ros2ws/moveit_ws/install/moveit_core/include/moveit_core/moveit
[0.294s] -- Up-to-date: /home/wzb/ros2ws/moveit_ws/install/moveit_core/include/moveit_core/moveit/collision_detection_bullet
[0.294s] -- Up-to-date: /home/wzb/ros2ws/moveit_ws/install/moveit_core/include/moveit_core/moveit/collision_detection_bullet/collision_env_bullet.hpp
[0.294s] -- Up-to-date: /home/wzb/ros2ws/moveit_ws/install/moveit_core/include/moveit_core/moveit/collision_detection_bullet/collision_detector_bullet_plugin_loader.hpp
[0.294s] -- Up-to-date: /home/wzb/ros2ws/moveit_ws/install/moveit_core/include/moveit_core/moveit/collision_detection_bullet/collision_detector_bullet_plugin_loader.h
[0.294s] -- Up-to-date: /home/wzb/ros2ws/moveit_ws/install/moveit_core/include/moveit_core/moveit/collision_detection_bullet/collision_detector_allocator_bullet.hpp
[0.294s] -- Up-to-date: /home/wzb/ros2ws/moveit_ws/install/moveit_core/include/moveit_core/moveit/collision_detection_bullet/collision_detector_allocator_bullet.h
[0.295s] -- Up-to-date: /home/wzb/ros2ws/moveit_ws/install/moveit_core/include/moveit_core/moveit/collision_detection_bullet/bullet_integration
[0.295s] -- Up-to-date: /home/wzb/ros2ws/moveit_ws/install/moveit_core/include/moveit_core/moveit/collision_detection_bullet/bullet_integration/bullet_bvh_manager.hpp
[0.295s] -- Up-to-date: /home/wzb/ros2ws/moveit_ws/install/moveit_core/include/moveit_core/moveit/collision_detection_bullet/bullet_integration/bullet_discrete_bvh_manager.hpp
[0.295s] -- Up-to-date: /home/wzb/ros2ws/moveit_ws/install/moveit_core/include/moveit_core/moveit/collision_detection_bullet/bullet_integration/bullet_utils.h
[0.295s] -- Up-to-date: /home/wzb/ros2ws/moveit_ws/install/moveit_core/include/moveit_core/moveit/collision_detection_bullet/bullet_integration/bullet_cast_bvh_manager.hpp
[0.295s] -- Up-to-date: /home/wzb/ros2ws/moveit_ws/install/moveit_core/include/moveit_core/moveit/collision_detection_bullet/bullet_integration/bullet_discrete_bvh_manager.h
[0.295s] -- Up-to-date: /home/wzb/ros2ws/moveit_ws/install/moveit_core/include/moveit_core/moveit/collision_detection_bullet/bullet_integration/ros_bullet_utils.hpp
[0.295s] -- Up-to-date: /home/wzb/ros2ws/moveit_ws/install/moveit_core/include/moveit_core/moveit/collision_detection_bullet/bullet_integration/bullet_bvh_manager.h
[0.295s] -- Up-to-date: /home/wzb/ros2ws/moveit_ws/install/moveit_core/include/moveit_core/moveit/collision_detection_bullet/bullet_integration/contact_checker_common.h
[0.295s] -- Up-to-date: /home/wzb/ros2ws/moveit_ws/install/moveit_core/include/moveit_core/moveit/collision_detection_bullet/bullet_integration/basic_types.hpp
[0.295s] -- Up-to-date: /home/wzb/ros2ws/moveit_ws/install/moveit_core/include/moveit_core/moveit/collision_detection_bullet/bullet_integration/basic_types.h
[0.295s] -- Up-to-date: /home/wzb/ros2ws/moveit_ws/install/moveit_core/include/moveit_core/moveit/collision_detection_bullet/bullet_integration/bullet_cast_bvh_manager.h
[0.295s] -- Up-to-date: /home/wzb/ros2ws/moveit_ws/install/moveit_core/include/moveit_core/moveit/collision_detection_bullet/bullet_integration/contact_checker_common.hpp
[0.295s] -- Up-to-date: /home/wzb/ros2ws/moveit_ws/install/moveit_core/include/moveit_core/moveit/collision_detection_bullet/bullet_integration/ros_bullet_utils.h
[0.295s] -- Up-to-date: /home/wzb/ros2ws/moveit_ws/install/moveit_core/include/moveit_core/moveit/collision_detection_bullet/bullet_integration/bullet_utils.hpp
[0.295s] -- Up-to-date: /home/wzb/ros2ws/moveit_ws/install/moveit_core/include/moveit_core/moveit/collision_detection_bullet/collision_env_bullet.h
[0.295s] -- Up-to-date: /home/wzb/ros2ws/moveit_ws/install/moveit_core/include/moveit_core/moveit_collision_detection_bullet_export.h
[0.295s] -- Up-to-date: /home/wzb/ros2ws/moveit_ws/install/moveit_core/include/moveit_core
[0.295s] -- Up-to-date: /home/wzb/ros2ws/moveit_ws/install/moveit_core/include/moveit_core/moveit
[0.295s] -- Up-to-date: /home/wzb/ros2ws/moveit_ws/install/moveit_core/include/moveit_core/moveit/collision_detection_fcl
[0.295s] -- Up-to-date: /home/wzb/ros2ws/moveit_ws/install/moveit_core/include/moveit_core/moveit/collision_detection_fcl/fcl_compat.h
[0.296s] -- Up-to-date: /home/wzb/ros2ws/moveit_ws/install/moveit_core/include/moveit_core/moveit/collision_detection_fcl/collision_detector_allocator_fcl.h
[0.296s] -- Up-to-date: /home/wzb/ros2ws/moveit_ws/install/moveit_core/include/moveit_core/moveit/collision_detection_fcl/collision_detector_fcl_plugin_loader.hpp
[0.296s] -- Up-to-date: /home/wzb/ros2ws/moveit_ws/install/moveit_core/include/moveit_core/moveit/collision_detection_fcl/fcl_compat.hpp
[0.296s] -- Up-to-date: /home/wzb/ros2ws/moveit_ws/install/moveit_core/include/moveit_core/moveit/collision_detection_fcl/collision_common.hpp
[0.296s] -- Up-to-date: /home/wzb/ros2ws/moveit_ws/install/moveit_core/include/moveit_core/moveit/collision_detection_fcl/collision_common.h
[0.296s] -- Up-to-date: /home/wzb/ros2ws/moveit_ws/install/moveit_core/include/moveit_core/moveit/collision_detection_fcl/collision_detector_fcl_plugin_loader.h
[0.296s] -- Up-to-date: /home/wzb/ros2ws/moveit_ws/install/moveit_core/include/moveit_core/moveit/collision_detection_fcl/collision_env_fcl.h
[0.296s] -- Up-to-date: /home/wzb/ros2ws/moveit_ws/install/moveit_core/include/moveit_core/moveit/collision_detection_fcl/collision_detector_allocator_fcl.hpp
[0.296s] -- Up-to-date: /home/wzb/ros2ws/moveit_ws/install/moveit_core/include/moveit_core/moveit/collision_detection_fcl/collision_env_fcl.hpp
[0.296s] -- Up-to-date: /home/wzb/ros2ws/moveit_ws/install/moveit_core/include/moveit_core/moveit_collision_detection_fcl_export.h
[0.296s] -- Up-to-date: /home/wzb/ros2ws/moveit_ws/install/moveit_core/include/moveit_core
[0.296s] -- Up-to-date: /home/wzb/ros2ws/moveit_ws/install/moveit_core/include/moveit_core/moveit
[0.296s] -- Up-to-date: /home/wzb/ros2ws/moveit_ws/install/moveit_core/include/moveit_core/moveit/collision_detection
[0.296s] -- Up-to-date: /home/wzb/ros2ws/moveit_ws/install/moveit_core/include/moveit_core/moveit/collision_detection/collision_plugin_cache.hpp
[0.296s] -- Up-to-date: /home/wzb/ros2ws/moveit_ws/install/moveit_core/include/moveit_core/moveit/collision_detection/world_diff.h
[0.296s] -- Up-to-date: /home/wzb/ros2ws/moveit_ws/install/moveit_core/include/moveit_core/moveit/collision_detection/test_collision_common_panda.h
[0.296s] -- Up-to-date: /home/wzb/ros2ws/moveit_ws/install/moveit_core/include/moveit_core/moveit/collision_detection/world_diff.hpp
[0.296s] -- Up-to-date: /home/wzb/ros2ws/moveit_ws/install/moveit_core/include/moveit_core/moveit/collision_detection/world.hpp
[0.296s] -- Up-to-date: /home/wzb/ros2ws/moveit_ws/install/moveit_core/include/moveit_core/moveit/collision_detection/collision_plugin.hpp
[0.297s] -- Up-to-date: /home/wzb/ros2ws/moveit_ws/install/moveit_core/include/moveit_core/moveit/collision_detection/collision_plugin_cache.h
[0.297s] -- Up-to-date: /home/wzb/ros2ws/moveit_ws/install/moveit_core/include/moveit_core/moveit/collision_detection/collision_tools.h
[0.297s] -- Up-to-date: /home/wzb/ros2ws/moveit_ws/install/moveit_core/include/moveit_core/moveit/collision_detection/collision_detector_allocator.hpp
[0.297s] -- Up-to-date: /home/wzb/ros2ws/moveit_ws/install/moveit_core/include/moveit_core/moveit/collision_detection/collision_octomap_filter.h
[0.297s] -- Up-to-date: /home/wzb/ros2ws/moveit_ws/install/moveit_core/include/moveit_core/moveit/collision_detection/test_collision_common_panda.hpp
[0.297s] -- Up-to-date: /home/wzb/ros2ws/moveit_ws/install/moveit_core/include/moveit_core/moveit/collision_detection/collision_plugin.h
[0.297s] -- Up-to-date: /home/wzb/ros2ws/moveit_ws/install/moveit_core/include/moveit_core/moveit/collision_detection/collision_matrix.hpp
[0.297s] -- Up-to-date: /home/wzb/ros2ws/moveit_ws/install/moveit_core/include/moveit_core/moveit/collision_detection/occupancy_map.hpp
[0.297s] -- Up-to-date: /home/wzb/ros2ws/moveit_ws/install/moveit_core/include/moveit_core/moveit/collision_detection/collision_octomap_filter.hpp
[0.297s] -- Up-to-date: /home/wzb/ros2ws/moveit_ws/install/moveit_core/include/moveit_core/moveit/collision_detection/world.h
[0.297s] -- Up-to-date: /home/wzb/ros2ws/moveit_ws/install/moveit_core/include/moveit_core/moveit/collision_detection/collision_env.h
[0.297s] -- Up-to-date: /home/wzb/ros2ws/moveit_ws/install/moveit_core/include/moveit_core/moveit/collision_detection/collision_detector_allocator.h
[0.297s] -- Up-to-date: /home/wzb/ros2ws/moveit_ws/install/moveit_core/include/moveit_core/moveit/collision_detection/test_collision_common_pr2.hpp
[0.297s] -- Up-to-date: /home/wzb/ros2ws/moveit_ws/install/moveit_core/include/moveit_core/moveit/collision_detection/collision_env.hpp
[0.297s] -- Up-to-date: /home/wzb/ros2ws/moveit_ws/install/moveit_core/include/moveit_core/moveit/collision_detection/collision_common.hpp
[0.297s] -- Up-to-date: /home/wzb/ros2ws/moveit_ws/install/moveit_core/include/moveit_core/moveit/collision_detection/test_collision_common_pr2.h
[0.297s] -- Up-to-date: /home/wzb/ros2ws/moveit_ws/install/moveit_core/include/moveit_core/moveit/collision_detection/collision_common.h
[0.297s] -- Up-to-date: /home/wzb/ros2ws/moveit_ws/install/moveit_core/include/moveit_core/moveit/collision_detection/collision_matrix.h
[0.297s] -- Up-to-date: /home/wzb/ros2ws/moveit_ws/install/moveit_core/include/moveit_core/moveit/collision_detection/occupancy_map.h
[0.297s] -- Up-to-date: /home/wzb/ros2ws/moveit_ws/install/moveit_core/include/moveit_core/moveit/collision_detection/collision_tools.hpp
[0.297s] -- Up-to-date: /home/wzb/ros2ws/moveit_ws/install/moveit_core/include/moveit_core/moveit/collision_detection/allvalid
[0.298s] -- Up-to-date: /home/wzb/ros2ws/moveit_ws/install/moveit_core/include/moveit_core/moveit/collision_detection/allvalid/collision_env_allvalid.h
[0.298s] -- Up-to-date: /home/wzb/ros2ws/moveit_ws/install/moveit_core/include/moveit_core/moveit/collision_detection/allvalid/collision_detector_allocator_allvalid.h
[0.298s] -- Up-to-date: /home/wzb/ros2ws/moveit_ws/install/moveit_core/include/moveit_core/moveit/collision_detection/allvalid/collision_detector_allocator_allvalid.hpp
[0.298s] -- Up-to-date: /home/wzb/ros2ws/moveit_ws/install/moveit_core/include/moveit_core/moveit/collision_detection/allvalid/collision_env_allvalid.hpp
[0.298s] -- Up-to-date: /home/wzb/ros2ws/moveit_ws/install/moveit_core/include/moveit_core/moveit_collision_detection_export.h
[0.298s] -- Up-to-date: /home/wzb/ros2ws/moveit_ws/install/moveit_core/include/moveit_core
[0.298s] -- Up-to-date: /home/wzb/ros2ws/moveit_ws/install/moveit_core/include/moveit_core/moveit
[0.298s] -- Up-to-date: /home/wzb/ros2ws/moveit_ws/install/moveit_core/include/moveit_core/moveit/collision_distance_field
[0.298s] -- Up-to-date: /home/wzb/ros2ws/moveit_ws/install/moveit_core/include/moveit_core/moveit/collision_distance_field/collision_common_distance_field.hpp
[0.298s] -- Up-to-date: /home/wzb/ros2ws/moveit_ws/install/moveit_core/include/moveit_core/moveit/collision_distance_field/collision_env_hybrid.h
[0.298s] -- Up-to-date: /home/wzb/ros2ws/moveit_ws/install/moveit_core/include/moveit_core/moveit/collision_distance_field/collision_detector_allocator_hybrid.h
[0.298s] -- Up-to-date: /home/wzb/ros2ws/moveit_ws/install/moveit_core/include/moveit_core/moveit/collision_distance_field/collision_env_distance_field.h
[0.298s] -- Up-to-date: /home/wzb/ros2ws/moveit_ws/install/moveit_core/include/moveit_core/moveit/collision_distance_field/collision_detector_allocator_distance_field.hpp
[0.298s] -- Up-to-date: /home/wzb/ros2ws/moveit_ws/install/moveit_core/include/moveit_core/moveit/collision_distance_field/collision_env_hybrid.hpp
[0.298s] -- Up-to-date: /home/wzb/ros2ws/moveit_ws/install/moveit_core/include/moveit_core/moveit/collision_distance_field/collision_distance_field_types.hpp
[0.298s] -- Up-to-date: /home/wzb/ros2ws/moveit_ws/install/moveit_core/include/moveit_core/moveit/collision_distance_field/collision_env_distance_field.hpp
[0.298s] -- Up-to-date: /home/wzb/ros2ws/moveit_ws/install/moveit_core/include/moveit_core/moveit/collision_distance_field/collision_detector_allocator_hybrid.hpp
[0.298s] -- Up-to-date: /home/wzb/ros2ws/moveit_ws/install/moveit_core/include/moveit_core/moveit/collision_distance_field/collision_detector_allocator_distance_field.h
[0.298s] -- Up-to-date: /home/wzb/ros2ws/moveit_ws/install/moveit_core/include/moveit_core/moveit/collision_distance_field/collision_common_distance_field.h
[0.298s] -- Up-to-date: /home/wzb/ros2ws/moveit_ws/install/moveit_core/include/moveit_core/moveit/collision_distance_field/collision_distance_field_types.h
[0.298s] -- Up-to-date: /home/wzb/ros2ws/moveit_ws/install/moveit_core/include/moveit_core/moveit_collision_distance_field_export.h
[0.299s] -- Up-to-date: /home/wzb/ros2ws/moveit_ws/install/moveit_core/include/moveit_core
[0.299s] -- Up-to-date: /home/wzb/ros2ws/moveit_ws/install/moveit_core/include/moveit_core/moveit
[0.299s] -- Up-to-date: /home/wzb/ros2ws/moveit_ws/install/moveit_core/include/moveit_core/moveit/constraint_samplers
[0.299s] -- Up-to-date: /home/wzb/ros2ws/moveit_ws/install/moveit_core/include/moveit_core/moveit/constraint_samplers/constraint_sampler_manager.h
[0.299s] -- Up-to-date: /home/wzb/ros2ws/moveit_ws/install/moveit_core/include/moveit_core/moveit/constraint_samplers/default_constraint_samplers.hpp
[0.299s] -- Up-to-date: /home/wzb/ros2ws/moveit_ws/install/moveit_core/include/moveit_core/moveit/constraint_samplers/constraint_sampler_tools.h
[0.299s] -- Up-to-date: /home/wzb/ros2ws/moveit_ws/install/moveit_core/include/moveit_core/moveit/constraint_samplers/constraint_sampler_allocator.hpp
[0.299s] -- Up-to-date: /home/wzb/ros2ws/moveit_ws/install/moveit_core/include/moveit_core/moveit/constraint_samplers/constraint_sampler_tools.hpp
[0.299s] -- Up-to-date: /home/wzb/ros2ws/moveit_ws/install/moveit_core/include/moveit_core/moveit/constraint_samplers/default_constraint_samplers.h
[0.299s] -- Up-to-date: /home/wzb/ros2ws/moveit_ws/install/moveit_core/include/moveit_core/moveit/constraint_samplers/constraint_sampler.h
[0.299s] -- Up-to-date: /home/wzb/ros2ws/moveit_ws/install/moveit_core/include/moveit_core/moveit/constraint_samplers/constraint_sampler_manager.hpp
[0.299s] -- Up-to-date: /home/wzb/ros2ws/moveit_ws/install/moveit_core/include/moveit_core/moveit/constraint_samplers/constraint_sampler.hpp
[0.299s] -- Up-to-date: /home/wzb/ros2ws/moveit_ws/install/moveit_core/include/moveit_core/moveit/constraint_samplers/union_constraint_sampler.hpp
[0.299s] -- Up-to-date: /home/wzb/ros2ws/moveit_ws/install/moveit_core/include/moveit_core/moveit/constraint_samplers/union_constraint_sampler.h
[0.299s] -- Up-to-date: /home/wzb/ros2ws/moveit_ws/install/moveit_core/include/moveit_core/moveit/constraint_samplers/constraint_sampler_allocator.h
[0.299s] -- Up-to-date: /home/wzb/ros2ws/moveit_ws/install/moveit_core/include/moveit_core
[0.299s] -- Up-to-date: /home/wzb/ros2ws/moveit_ws/install/moveit_core/include/moveit_core/moveit
[0.299s] -- Up-to-date: /home/wzb/ros2ws/moveit_ws/install/moveit_core/include/moveit_core/moveit/controller_manager
[0.299s] -- Up-to-date: /home/wzb/ros2ws/moveit_ws/install/moveit_core/include/moveit_core/moveit/controller_manager/controller_manager.h
[0.300s] -- Up-to-date: /home/wzb/ros2ws/moveit_ws/install/moveit_core/include/moveit_core/moveit/controller_manager/controller_manager.hpp
[0.300s] -- Up-to-date: /home/wzb/ros2ws/moveit_ws/install/moveit_core/include/moveit_core
[0.300s] -- Up-to-date: /home/wzb/ros2ws/moveit_ws/install/moveit_core/include/moveit_core/moveit
[0.300s] -- Up-to-date: /home/wzb/ros2ws/moveit_ws/install/moveit_core/include/moveit_core/moveit/distance_field
[0.300s] -- Up-to-date: /home/wzb/ros2ws/moveit_ws/install/moveit_core/include/moveit_core/moveit/distance_field/find_internal_points.hpp
[0.300s] -- Up-to-date: /home/wzb/ros2ws/moveit_ws/install/moveit_core/include/moveit_core/moveit/distance_field/distance_field.h
[0.300s] -- Up-to-date: /home/wzb/ros2ws/moveit_ws/install/moveit_core/include/moveit_core/moveit/distance_field/voxel_grid.h
[0.300s] -- Up-to-date: /home/wzb/ros2ws/moveit_ws/install/moveit_core/include/moveit_core/moveit/distance_field/distance_field.hpp
[0.300s] -- Up-to-date: /home/wzb/ros2ws/moveit_ws/install/moveit_core/include/moveit_core/moveit/distance_field/propagation_distance_field.hpp
[0.300s] -- Up-to-date: /home/wzb/ros2ws/moveit_ws/install/moveit_core/include/moveit_core/moveit/distance_field/voxel_grid.hpp
[0.300s] -- Up-to-date: /home/wzb/ros2ws/moveit_ws/install/moveit_core/include/moveit_core/moveit/distance_field/propagation_distance_field.h
[0.300s] -- Up-to-date: /home/wzb/ros2ws/moveit_ws/install/moveit_core/include/moveit_core/moveit/distance_field/find_internal_points.h
[0.301s] -- Up-to-date: /home/wzb/ros2ws/moveit_ws/install/moveit_core/include/moveit_core
[0.301s] -- Up-to-date: /home/wzb/ros2ws/moveit_ws/install/moveit_core/include/moveit_core/moveit
[0.301s] -- Up-to-date: /home/wzb/ros2ws/moveit_ws/install/moveit_core/include/moveit_core/moveit/dynamics_solver
[0.301s] -- Up-to-date: /home/wzb/ros2ws/moveit_ws/install/moveit_core/include/moveit_core/moveit/dynamics_solver/dynamics_solver.hpp
[0.301s] -- Up-to-date: /home/wzb/ros2ws/moveit_ws/install/moveit_core/include/moveit_core/moveit/dynamics_solver/dynamics_solver.h
[0.301s] -- Up-to-date: /home/wzb/ros2ws/moveit_ws/install/moveit_core/include/moveit_core
[0.301s] -- Up-to-date: /home/wzb/ros2ws/moveit_ws/install/moveit_core/include/moveit_core/moveit
[0.301s] -- Up-to-date: /home/wzb/ros2ws/moveit_ws/install/moveit_core/include/moveit_core/moveit/exceptions
[0.301s] -- Up-to-date: /home/wzb/ros2ws/moveit_ws/install/moveit_core/include/moveit_core/moveit/exceptions/exceptions.h
[0.301s] -- Up-to-date: /home/wzb/ros2ws/moveit_ws/install/moveit_core/include/moveit_core/moveit/exceptions/exceptions.hpp
[0.301s] -- Up-to-date: /home/wzb/ros2ws/moveit_ws/install/moveit_core/include/moveit_core
[0.301s] -- Up-to-date: /home/wzb/ros2ws/moveit_ws/install/moveit_core/include/moveit_core/moveit
[0.301s] -- Up-to-date: /home/wzb/ros2ws/moveit_ws/install/moveit_core/include/moveit_core/moveit/kinematic_constraints
[0.301s] -- Up-to-date: /home/wzb/ros2ws/moveit_ws/install/moveit_core/include/moveit_core/moveit/kinematic_constraints/kinematic_constraint.h
[0.301s] -- Up-to-date: /home/wzb/ros2ws/moveit_ws/install/moveit_core/include/moveit_core/moveit/kinematic_constraints/utils.h
[0.301s] -- Up-to-date: /home/wzb/ros2ws/moveit_ws/install/moveit_core/include/moveit_core/moveit/kinematic_constraints/kinematic_constraint.hpp
[0.301s] -- Up-to-date: /home/wzb/ros2ws/moveit_ws/install/moveit_core/include/moveit_core/moveit/kinematic_constraints/utils.hpp
[0.301s] -- Up-to-date: /home/wzb/ros2ws/moveit_ws/install/moveit_core/include/moveit_core
[0.301s] -- Up-to-date: /home/wzb/ros2ws/moveit_ws/install/moveit_core/include/moveit_core/moveit
[0.301s] -- Up-to-date: /home/wzb/ros2ws/moveit_ws/install/moveit_core/include/moveit_core/moveit/kinematics_base
[0.301s] -- Up-to-date: /home/wzb/ros2ws/moveit_ws/install/moveit_core/include/moveit_core/moveit/kinematics_base/kinematics_base.h
[0.301s] -- Up-to-date: /home/wzb/ros2ws/moveit_ws/install/moveit_core/include/moveit_core/moveit/kinematics_base/kinematics_base.hpp
[0.301s] -- Up-to-date: /home/wzb/ros2ws/moveit_ws/install/moveit_core/include/moveit_core/moveit_kinematics_base_export.h
[0.301s] -- Up-to-date: /home/wzb/ros2ws/moveit_ws/install/moveit_core/include/moveit_core
[0.301s] -- Up-to-date: /home/wzb/ros2ws/moveit_ws/install/moveit_core/include/moveit_core/moveit
[0.301s] -- Up-to-date: /home/wzb/ros2ws/moveit_ws/install/moveit_core/include/moveit_core/moveit/kinematics_metrics
[0.301s] -- Up-to-date: /home/wzb/ros2ws/moveit_ws/install/moveit_core/include/moveit_core/moveit/kinematics_metrics/kinematics_metrics.h
[0.301s] -- Up-to-date: /home/wzb/ros2ws/moveit_ws/install/moveit_core/include/moveit_core/moveit/kinematics_metrics/kinematics_metrics.hpp
[0.301s] -- Up-to-date: /home/wzb/ros2ws/moveit_ws/install/moveit_core/include/moveit_core
[0.301s] -- Up-to-date: /home/wzb/ros2ws/moveit_ws/install/moveit_core/include/moveit_core/moveit
[0.301s] -- Up-to-date: /home/wzb/ros2ws/moveit_ws/install/moveit_core/include/moveit_core/moveit/macros
[0.301s] -- Up-to-date: /home/wzb/ros2ws/moveit_ws/install/moveit_core/include/moveit_core/moveit/macros/class_forward.hpp
[0.301s] -- Up-to-date: /home/wzb/ros2ws/moveit_ws/install/moveit_core/include/moveit_core/moveit/macros/console_colors.h
[0.301s] -- Up-to-date: /home/wzb/ros2ws/moveit_ws/install/moveit_core/include/moveit_core/moveit/macros/declare_ptr.h
[0.301s] -- Up-to-date: /home/wzb/ros2ws/moveit_ws/install/moveit_core/include/moveit_core/moveit/macros/class_forward.h
[0.301s] -- Up-to-date: /home/wzb/ros2ws/moveit_ws/install/moveit_core/include/moveit_core/moveit/macros/console_colors.hpp
[0.302s] -- Up-to-date: /home/wzb/ros2ws/moveit_ws/install/moveit_core/include/moveit_core/moveit/macros/declare_ptr.hpp
[0.302s] -- Up-to-date: /home/wzb/ros2ws/moveit_ws/install/moveit_core/include/moveit_core
[0.302s] -- Up-to-date: /home/wzb/ros2ws/moveit_ws/install/moveit_core/include/moveit_core/moveit_butterworth_filter_parameters.hpp
[0.302s] -- Up-to-date: /home/wzb/ros2ws/moveit_ws/install/moveit_core/include/moveit_core/moveit_acceleration_filter_parameters.hpp
[0.302s] -- Up-to-date: /home/wzb/ros2ws/moveit_ws/install/moveit_core/include/moveit_core/moveit_ruckig_filter_parameters.hpp
[0.302s] -- Up-to-date: /home/wzb/ros2ws/moveit_ws/install/moveit_core/include/moveit_core
[0.302s] -- Up-to-date: /home/wzb/ros2ws/moveit_ws/install/moveit_core/include/moveit_core/moveit_butterworth_filter_parameters.hpp
[0.302s] -- Up-to-date: /home/wzb/ros2ws/moveit_ws/install/moveit_core/include/moveit_core/moveit_acceleration_filter_parameters.hpp
[0.302s] -- Up-to-date: /home/wzb/ros2ws/moveit_ws/install/moveit_core/include/moveit_core/moveit_ruckig_filter_parameters.hpp
[0.302s] -- Up-to-date: /home/wzb/ros2ws/moveit_ws/install/moveit_core/include/moveit_core
[0.302s] -- Up-to-date: /home/wzb/ros2ws/moveit_ws/install/moveit_core/include/moveit_core/moveit_butterworth_filter_parameters.hpp
[0.302s] -- Up-to-date: /home/wzb/ros2ws/moveit_ws/install/moveit_core/include/moveit_core/moveit_acceleration_filter_parameters.hpp
[0.302s] -- Up-to-date: /home/wzb/ros2ws/moveit_ws/install/moveit_core/include/moveit_core/moveit_ruckig_filter_parameters.hpp
[0.302s] -- Up-to-date: /home/wzb/ros2ws/moveit_ws/install/moveit_core/include/moveit_core
[0.302s] -- Up-to-date: /home/wzb/ros2ws/moveit_ws/install/moveit_core/include/moveit_core/moveit
[0.302s] -- Up-to-date: /home/wzb/ros2ws/moveit_ws/install/moveit_core/include/moveit_core/moveit/online_signal_smoothing
[0.302s] -- Up-to-date: /home/wzb/ros2ws/moveit_ws/install/moveit_core/include/moveit_core/moveit/online_signal_smoothing/butterworth_filter.h
[0.302s] -- Up-to-date: /home/wzb/ros2ws/moveit_ws/install/moveit_core/include/moveit_core/moveit/online_signal_smoothing/ruckig_filter.h
[0.302s] -- Up-to-date: /home/wzb/ros2ws/moveit_ws/install/moveit_core/include/moveit_core/moveit/online_signal_smoothing/smoothing_base_class.h
[0.302s] -- Up-to-date: /home/wzb/ros2ws/moveit_ws/install/moveit_core/include/moveit_core/moveit/online_signal_smoothing/acceleration_filter.hpp
[0.302s] -- Up-to-date: /home/wzb/ros2ws/moveit_ws/install/moveit_core/include/moveit_core/moveit/online_signal_smoothing/smoothing_base_class.hpp
[0.302s] -- Up-to-date: /home/wzb/ros2ws/moveit_ws/install/moveit_core/include/moveit_core/moveit/online_signal_smoothing/acceleration_filter.h
[0.302s] -- Up-to-date: /home/wzb/ros2ws/moveit_ws/install/moveit_core/include/moveit_core/moveit/online_signal_smoothing/butterworth_filter.hpp
[0.302s] -- Up-to-date: /home/wzb/ros2ws/moveit_ws/install/moveit_core/include/moveit_core/moveit/online_signal_smoothing/ruckig_filter.hpp
[0.302s] -- Up-to-date: /home/wzb/ros2ws/moveit_ws/install/moveit_core/include/moveit_core/moveit_smoothing_base_export.h
[0.302s] -- Up-to-date: /home/wzb/ros2ws/moveit_ws/install/moveit_core/include/moveit_core/moveit_acceleration_filter_export.h
[0.302s] -- Up-to-date: /home/wzb/ros2ws/moveit_ws/install/moveit_core/include/moveit_core/moveit_butterworth_filter_export.h
[0.302s] -- Up-to-date: /home/wzb/ros2ws/moveit_ws/install/moveit_core/include/moveit_core/moveit_ruckig_filter_export.h
[0.302s] -- Up-to-date: /home/wzb/ros2ws/moveit_ws/install/moveit_core/include/moveit_core
[0.302s] -- Up-to-date: /home/wzb/ros2ws/moveit_ws/install/moveit_core/include/moveit_core/moveit
[0.302s] -- Up-to-date: /home/wzb/ros2ws/moveit_ws/install/moveit_core/include/moveit_core/moveit/planning_interface
[0.302s] -- Up-to-date: /home/wzb/ros2ws/moveit_ws/install/moveit_core/include/moveit_core/moveit/planning_interface/planning_request.h
[0.302s] -- Up-to-date: /home/wzb/ros2ws/moveit_ws/install/moveit_core/include/moveit_core/moveit/planning_interface/planning_response_adapter.h
[0.302s] -- Up-to-date: /home/wzb/ros2ws/moveit_ws/install/moveit_core/include/moveit_core/moveit/planning_interface/planning_request_adapter.h
[0.302s] -- Up-to-date: /home/wzb/ros2ws/moveit_ws/install/moveit_core/include/moveit_core/moveit/planning_interface/planning_request_adapter.hpp
[0.302s] -- Up-to-date: /home/wzb/ros2ws/moveit_ws/install/moveit_core/include/moveit_core/moveit/planning_interface/planning_request.hpp
[0.302s] -- Up-to-date: /home/wzb/ros2ws/moveit_ws/install/moveit_core/include/moveit_core/moveit/planning_interface/planning_response_adapter.hpp
[0.302s] -- Up-to-date: /home/wzb/ros2ws/moveit_ws/install/moveit_core/include/moveit_core/moveit/planning_interface/planning_interface.hpp
[0.303s] -- Up-to-date: /home/wzb/ros2ws/moveit_ws/install/moveit_core/include/moveit_core/moveit/planning_interface/planning_response.hpp
[0.303s] -- Up-to-date: /home/wzb/ros2ws/moveit_ws/install/moveit_core/include/moveit_core/moveit/planning_interface/planning_interface.h
[0.303s] -- Up-to-date: /home/wzb/ros2ws/moveit_ws/install/moveit_core/include/moveit_core/moveit/planning_interface/planning_response.h
[0.303s] -- Up-to-date: /home/wzb/ros2ws/moveit_ws/install/moveit_core/include/moveit_core
[0.303s] -- Up-to-date: /home/wzb/ros2ws/moveit_ws/install/moveit_core/include/moveit_core/moveit
[0.303s] -- Up-to-date: /home/wzb/ros2ws/moveit_ws/install/moveit_core/include/moveit_core/moveit/planning_scene
[0.303s] -- Up-to-date: /home/wzb/ros2ws/moveit_ws/install/moveit_core/include/moveit_core/moveit/planning_scene/planning_scene.hpp
[0.303s] -- Up-to-date: /home/wzb/ros2ws/moveit_ws/install/moveit_core/include/moveit_core/moveit/planning_scene/planning_scene.h
[0.303s] -- Up-to-date: /home/wzb/ros2ws/moveit_ws/install/moveit_core/include/moveit_core/moveit_planning_scene_export.h
[0.303s] -- Up-to-date: /home/wzb/ros2ws/moveit_ws/install/moveit_core/include/moveit_core
[0.303s] -- Up-to-date: /home/wzb/ros2ws/moveit_ws/install/moveit_core/include/moveit_core/moveit
[0.303s] -- Up-to-date: /home/wzb/ros2ws/moveit_ws/install/moveit_core/include/moveit_core/moveit/robot_model
[0.303s] -- Up-to-date: /home/wzb/ros2ws/moveit_ws/install/moveit_core/include/moveit_core/moveit/robot_model/floating_joint_model.h
[0.303s] -- Up-to-date: /home/wzb/ros2ws/moveit_ws/install/moveit_core/include/moveit_core/moveit/robot_model/joint_model.hpp
[0.303s] -- Up-to-date: /home/wzb/ros2ws/moveit_ws/install/moveit_core/include/moveit_core/moveit/robot_model/prismatic_joint_model.h
[0.303s] -- Up-to-date: /home/wzb/ros2ws/moveit_ws/install/moveit_core/include/moveit_core/moveit/robot_model/revolute_joint_model.h
[0.304s] -- Up-to-date: /home/wzb/ros2ws/moveit_ws/install/moveit_core/include/moveit_core/moveit/robot_model/robot_model.hpp
[0.304s] -- Up-to-date: /home/wzb/ros2ws/moveit_ws/install/moveit_core/include/moveit_core/moveit/robot_model/joint_model_group.hpp
[0.304s] -- Up-to-date: /home/wzb/ros2ws/moveit_ws/install/moveit_core/include/moveit_core/moveit/robot_model/aabb.h
[0.304s] -- Up-to-date: /home/wzb/ros2ws/moveit_ws/install/moveit_core/include/moveit_core/moveit/robot_model/joint_model.h
[0.304s] -- Up-to-date: /home/wzb/ros2ws/moveit_ws/install/moveit_core/include/moveit_core/moveit/robot_model/fixed_joint_model.h
[0.304s] -- Up-to-date: /home/wzb/ros2ws/moveit_ws/install/moveit_core/include/moveit_core/moveit/robot_model/link_model.h
[0.304s] -- Up-to-date: /home/wzb/ros2ws/moveit_ws/install/moveit_core/include/moveit_core/moveit/robot_model/joint_model_group.h
[0.304s] -- Up-to-date: /home/wzb/ros2ws/moveit_ws/install/moveit_core/include/moveit_core/moveit/robot_model/aabb.hpp
[0.304s] -- Up-to-date: /home/wzb/ros2ws/moveit_ws/install/moveit_core/include/moveit_core/moveit/robot_model/fixed_joint_model.hpp
[0.304s] -- Up-to-date: /home/wzb/ros2ws/moveit_ws/install/moveit_core/include/moveit_core/moveit/robot_model/planar_joint_model.hpp
[0.304s] -- Up-to-date: /home/wzb/ros2ws/moveit_ws/install/moveit_core/include/moveit_core/moveit/robot_model/robot_model.h
[0.304s] -- Up-to-date: /home/wzb/ros2ws/moveit_ws/install/moveit_core/include/moveit_core/moveit/robot_model/planar_joint_model.h
[0.304s] -- Up-to-date: /home/wzb/ros2ws/moveit_ws/install/moveit_core/include/moveit_core/moveit/robot_model/prismatic_joint_model.hpp
[0.304s] -- Up-to-date: /home/wzb/ros2ws/moveit_ws/install/moveit_core/include/moveit_core/moveit/robot_model/link_model.hpp
[0.304s] -- Up-to-date: /home/wzb/ros2ws/moveit_ws/install/moveit_core/include/moveit_core/moveit/robot_model/revolute_joint_model.hpp
[0.304s] -- Up-to-date: /home/wzb/ros2ws/moveit_ws/install/moveit_core/include/moveit_core/moveit/robot_model/floating_joint_model.hpp
[0.304s] -- Up-to-date: /home/wzb/ros2ws/moveit_ws/install/moveit_core/include/moveit_core
[0.304s] -- Up-to-date: /home/wzb/ros2ws/moveit_ws/install/moveit_core/include/moveit_core/moveit
[0.304s] -- Up-to-date: /home/wzb/ros2ws/moveit_ws/install/moveit_core/include/moveit_core/moveit/robot_state
[0.304s] -- Up-to-date: /home/wzb/ros2ws/moveit_ws/install/moveit_core/include/moveit_core/moveit/robot_state/robot_state.h
[0.304s] -- Up-to-date: /home/wzb/ros2ws/moveit_ws/install/moveit_core/include/moveit_core/moveit/robot_state/cartesian_interpolator.hpp
[0.304s] -- Up-to-date: /home/wzb/ros2ws/moveit_ws/install/moveit_core/include/moveit_core/moveit/robot_state/attached_body.hpp
[0.304s] -- Up-to-date: /home/wzb/ros2ws/moveit_ws/install/moveit_core/include/moveit_core/moveit/robot_state/conversions.h
[0.304s] -- Up-to-date: /home/wzb/ros2ws/moveit_ws/install/moveit_core/include/moveit_core/moveit/robot_state/attached_body.h
[0.304s] -- Up-to-date: /home/wzb/ros2ws/moveit_ws/install/moveit_core/include/moveit_core/moveit/robot_state/conversions.hpp
[0.304s] -- Up-to-date: /home/wzb/ros2ws/moveit_ws/install/moveit_core/include/moveit_core/moveit/robot_state/cartesian_interpolator.h
[0.304s] -- Up-to-date: /home/wzb/ros2ws/moveit_ws/install/moveit_core/include/moveit_core/moveit/robot_state/robot_state.hpp
[0.304s] -- Up-to-date: /home/wzb/ros2ws/moveit_ws/install/moveit_core/include/moveit_core
[0.304s] -- Up-to-date: /home/wzb/ros2ws/moveit_ws/install/moveit_core/include/moveit_core/moveit
[0.304s] -- Up-to-date: /home/wzb/ros2ws/moveit_ws/install/moveit_core/include/moveit_core/moveit/robot_trajectory
[0.304s] -- Up-to-date: /home/wzb/ros2ws/moveit_ws/install/moveit_core/include/moveit_core/moveit/robot_trajectory/robot_trajectory.hpp
[0.304s] -- Up-to-date: /home/wzb/ros2ws/moveit_ws/install/moveit_core/include/moveit_core/moveit/robot_trajectory/robot_trajectory.h
[0.304s] -- Up-to-date: /home/wzb/ros2ws/moveit_ws/install/moveit_core/include/moveit_core
[0.305s] -- Up-to-date: /home/wzb/ros2ws/moveit_ws/install/moveit_core/include/moveit_core/moveit
[0.305s] -- Up-to-date: /home/wzb/ros2ws/moveit_ws/install/moveit_core/include/moveit_core/moveit/trajectory_processing
[0.305s] -- Up-to-date: /home/wzb/ros2ws/moveit_ws/install/moveit_core/include/moveit_core/moveit/trajectory_processing/time_parameterization.h
[0.305s] -- Up-to-date: /home/wzb/ros2ws/moveit_ws/install/moveit_core/include/moveit_core/moveit/trajectory_processing/time_optimal_trajectory_generation.hpp
[0.305s] -- Up-to-date: /home/wzb/ros2ws/moveit_ws/install/moveit_core/include/moveit_core/moveit/trajectory_processing/time_parameterization.hpp
[0.305s] -- Up-to-date: /home/wzb/ros2ws/moveit_ws/install/moveit_core/include/moveit_core/moveit/trajectory_processing/ruckig_traj_smoothing.h
[0.305s] -- Up-to-date: /home/wzb/ros2ws/moveit_ws/install/moveit_core/include/moveit_core/moveit/trajectory_processing/ruckig_traj_smoothing.hpp
[0.305s] -- Up-to-date: /home/wzb/ros2ws/moveit_ws/install/moveit_core/include/moveit_core/moveit/trajectory_processing/trajectory_tools.hpp
[0.305s] -- Up-to-date: /home/wzb/ros2ws/moveit_ws/install/moveit_core/include/moveit_core/moveit/trajectory_processing/trajectory_tools.h
[0.305s] -- Up-to-date: /home/wzb/ros2ws/moveit_ws/install/moveit_core/include/moveit_core/moveit/trajectory_processing/time_optimal_trajectory_generation.h
[0.305s] -- Up-to-date: /home/wzb/ros2ws/moveit_ws/install/moveit_core/include/moveit_core
[0.305s] -- Up-to-date: /home/wzb/ros2ws/moveit_ws/install/moveit_core/include/moveit_core/moveit
[0.305s] -- Up-to-date: /home/wzb/ros2ws/moveit_ws/install/moveit_core/include/moveit_core/moveit/transforms
[0.305s] -- Up-to-date: /home/wzb/ros2ws/moveit_ws/install/moveit_core/include/moveit_core/moveit/transforms/transforms.h
[0.305s] -- Up-to-date: /home/wzb/ros2ws/moveit_ws/install/moveit_core/include/moveit_core/moveit/transforms/transforms.hpp
[0.305s] -- Up-to-date: /home/wzb/ros2ws/moveit_ws/install/moveit_core/include/moveit_core
[0.305s] -- Up-to-date: /home/wzb/ros2ws/moveit_ws/install/moveit_core/include/moveit_core/moveit
[0.305s] -- Up-to-date: /home/wzb/ros2ws/moveit_ws/install/moveit_core/include/moveit_core/moveit/utils
[0.305s] -- Up-to-date: /home/wzb/ros2ws/moveit_ws/install/moveit_core/include/moveit_core/moveit/utils/lexical_casts.hpp
[0.305s] -- Up-to-date: /home/wzb/ros2ws/moveit_ws/install/moveit_core/include/moveit_core/moveit/utils/logger.h
[0.305s] -- Up-to-date: /home/wzb/ros2ws/moveit_ws/install/moveit_core/include/moveit_core/moveit/utils/message_checks.h
[0.305s] -- Up-to-date: /home/wzb/ros2ws/moveit_ws/install/moveit_core/include/moveit_core/moveit/utils/rclcpp_utils.h
[0.305s] -- Up-to-date: /home/wzb/ros2ws/moveit_ws/install/moveit_core/include/moveit_core/moveit/utils/lexical_casts.h
[0.305s] -- Up-to-date: /home/wzb/ros2ws/moveit_ws/install/moveit_core/include/moveit_core/moveit/utils/logger.hpp
[0.305s] -- Up-to-date: /home/wzb/ros2ws/moveit_ws/install/moveit_core/include/moveit_core/moveit/utils/message_checks.hpp
[0.305s] -- Up-to-date: /home/wzb/ros2ws/moveit_ws/install/moveit_core/include/moveit_core/moveit/utils/moveit_error_code.hpp
[0.305s] -- Up-to-date: /home/wzb/ros2ws/moveit_ws/install/moveit_core/include/moveit_core/moveit/utils/robot_model_test_utils.hpp
[0.305s] -- Up-to-date: /home/wzb/ros2ws/moveit_ws/install/moveit_core/include/moveit_core/moveit/utils/eigen_test_utils.h
[0.305s] -- Up-to-date: /home/wzb/ros2ws/moveit_ws/install/moveit_core/include/moveit_core/moveit/utils/rclcpp_utils.hpp
[0.305s] -- Up-to-date: /home/wzb/ros2ws/moveit_ws/install/moveit_core/include/moveit_core/moveit/utils/robot_model_test_utils.h
[0.305s] -- Up-to-date: /home/wzb/ros2ws/moveit_ws/install/moveit_core/include/moveit_core/moveit/utils/moveit_error_code.h
[0.305s] -- Up-to-date: /home/wzb/ros2ws/moveit_ws/install/moveit_core/include/moveit_core/moveit/utils/eigen_test_utils.hpp
[0.305s] -- Up-to-date: /home/wzb/ros2ws/moveit_ws/install/moveit_core/lib/moveit_core/logger_dut
[0.305s] -- Up-to-date: /home/wzb/ros2ws/moveit_ws/install/moveit_core/include/moveit_core/moveit/version.hpp
[0.305s] -- Up-to-date: /home/wzb/ros2ws/moveit_ws/install/moveit_core/bin/moveit_version
[0.305s] -- Up-to-date: /home/wzb/ros2ws/moveit_ws/install/moveit_core/lib/libmoveit_collision_detection.so.2.14.1
[0.306s] -- Up-to-date: /home/wzb/ros2ws/moveit_ws/install/moveit_core/lib/libmoveit_collision_detection.so
[0.306s] -- Up-to-date: /home/wzb/ros2ws/moveit_ws/install/moveit_core/lib/libmoveit_collision_detection_bullet.so.2.14.1
[0.306s] -- Up-to-date: /home/wzb/ros2ws/moveit_ws/install/moveit_core/lib/libmoveit_collision_detection_bullet.so
[0.306s] -- Up-to-date: /home/wzb/ros2ws/moveit_ws/install/moveit_core/lib/libmoveit_collision_detection_fcl.so.2.14.1
[0.306s] -- Up-to-date: /home/wzb/ros2ws/moveit_ws/install/moveit_core/lib/libmoveit_collision_detection_fcl.so
[0.306s] -- Up-to-date: /home/wzb/ros2ws/moveit_ws/install/moveit_core/lib/libmoveit_collision_distance_field.so.2.14.1
[0.306s] -- Up-to-date: /home/wzb/ros2ws/moveit_ws/install/moveit_core/lib/libmoveit_collision_distance_field.so
[0.306s] -- Up-to-date: /home/wzb/ros2ws/moveit_ws/install/moveit_core/lib/libmoveit_constraint_samplers.so.2.14.1
[0.306s] -- Up-to-date: /home/wzb/ros2ws/moveit_ws/install/moveit_core/lib/libmoveit_constraint_samplers.so
[0.306s] -- Up-to-date: /home/wzb/ros2ws/moveit_ws/install/moveit_core/lib/libmoveit_distance_field.so.2.14.1
[0.306s] -- Up-to-date: /home/wzb/ros2ws/moveit_ws/install/moveit_core/lib/libmoveit_distance_field.so
[0.306s] -- Up-to-date: /home/wzb/ros2ws/moveit_ws/install/moveit_core/lib/libmoveit_dynamics_solver.so.2.14.1
[0.306s] -- Up-to-date: /home/wzb/ros2ws/moveit_ws/install/moveit_core/lib/libmoveit_dynamics_solver.so
[0.306s] -- Up-to-date: /home/wzb/ros2ws/moveit_ws/install/moveit_core/lib/libmoveit_exceptions.so.2.14.1
[0.306s] -- Up-to-date: /home/wzb/ros2ws/moveit_ws/install/moveit_core/lib/libmoveit_exceptions.so
[0.306s] -- Up-to-date: /home/wzb/ros2ws/moveit_ws/install/moveit_core/lib/libmoveit_kinematic_constraints.so.2.14.1
[0.306s] -- Up-to-date: /home/wzb/ros2ws/moveit_ws/install/moveit_core/lib/libmoveit_kinematic_constraints.so
[0.306s] -- Up-to-date: /home/wzb/ros2ws/moveit_ws/install/moveit_core/lib/libmoveit_kinematics_base.so
[0.306s] -- Up-to-date: /home/wzb/ros2ws/moveit_ws/install/moveit_core/lib/libmoveit_kinematics_metrics.so.2.14.1
[0.306s] -- Up-to-date: /home/wzb/ros2ws/moveit_ws/install/moveit_core/lib/libmoveit_kinematics_metrics.so
[0.306s] -- Up-to-date: /home/wzb/ros2ws/moveit_ws/install/moveit_core/lib/libmoveit_planning_interface.so.2.14.1
[0.306s] -- Up-to-date: /home/wzb/ros2ws/moveit_ws/install/moveit_core/lib/libmoveit_planning_interface.so
[0.306s] -- Up-to-date: /home/wzb/ros2ws/moveit_ws/install/moveit_core/lib/libmoveit_planning_scene.so.2.14.1
[0.306s] -- Up-to-date: /home/wzb/ros2ws/moveit_ws/install/moveit_core/lib/libmoveit_planning_scene.so
[0.306s] -- Up-to-date: /home/wzb/ros2ws/moveit_ws/install/moveit_core/lib/libmoveit_robot_model.so.2.14.1
[0.306s] -- Up-to-date: /home/wzb/ros2ws/moveit_ws/install/moveit_core/lib/libmoveit_robot_model.so
[0.306s] -- Up-to-date: /home/wzb/ros2ws/moveit_ws/install/moveit_core/lib/libmoveit_robot_state.so.2.14.1
[0.306s] -- Up-to-date: /home/wzb/ros2ws/moveit_ws/install/moveit_core/lib/libmoveit_robot_state.so
[0.306s] -- Up-to-date: /home/wzb/ros2ws/moveit_ws/install/moveit_core/lib/libmoveit_robot_trajectory.so.2.14.1
[0.306s] -- Up-to-date: /home/wzb/ros2ws/moveit_ws/install/moveit_core/lib/libmoveit_robot_trajectory.so
[0.306s] -- Up-to-date: /home/wzb/ros2ws/moveit_ws/install/moveit_core/lib/libmoveit_smoothing_base.so.2.14.1
[0.306s] -- Up-to-date: /home/wzb/ros2ws/moveit_ws/install/moveit_core/lib/libmoveit_smoothing_base.so
[0.306s] -- Up-to-date: /home/wzb/ros2ws/moveit_ws/install/moveit_core/lib/libmoveit_test_utils.so.2.14.1
[0.306s] -- Up-to-date: /home/wzb/ros2ws/moveit_ws/install/moveit_core/lib/libmoveit_test_utils.so
[0.306s] -- Up-to-date: /home/wzb/ros2ws/moveit_ws/install/moveit_core/lib/libmoveit_trajectory_processing.so.2.14.1
[0.306s] -- Up-to-date: /home/wzb/ros2ws/moveit_ws/install/moveit_core/lib/libmoveit_trajectory_processing.so
[0.306s] -- Up-to-date: /home/wzb/ros2ws/moveit_ws/install/moveit_core/lib/libmoveit_transforms.so.2.14.1
[0.306s] -- Up-to-date: /home/wzb/ros2ws/moveit_ws/install/moveit_core/lib/libmoveit_transforms.so
[0.306s] -- Up-to-date: /home/wzb/ros2ws/moveit_ws/install/moveit_core/lib/libmoveit_utils.so.2.14.1
[0.307s] -- Up-to-date: /home/wzb/ros2ws/moveit_ws/install/moveit_core/lib/libmoveit_utils.so
[0.307s] -- Up-to-date: /home/wzb/ros2ws/moveit_ws/install/moveit_core/lib/libcollision_detector_bullet_plugin.so.2.14.1
[0.307s] -- Up-to-date: /home/wzb/ros2ws/moveit_ws/install/moveit_core/lib/libcollision_detector_bullet_plugin.so
[0.307s] -- Up-to-date: /home/wzb/ros2ws/moveit_ws/install/moveit_core/lib/libcollision_detector_fcl_plugin.so.2.14.1
[0.307s] -- Up-to-date: /home/wzb/ros2ws/moveit_ws/install/moveit_core/lib/libcollision_detector_fcl_plugin.so
[0.307s] -- Up-to-date: /home/wzb/ros2ws/moveit_ws/install/moveit_core/lib/libmoveit_acceleration_filter.so.2.14.1
[0.307s] -- Up-to-date: /home/wzb/ros2ws/moveit_ws/install/moveit_core/lib/libmoveit_acceleration_filter.so
[0.307s] -- Up-to-date: /home/wzb/ros2ws/moveit_ws/install/moveit_core/lib/libmoveit_butterworth_filter.so.2.14.1
[0.307s] -- Up-to-date: /home/wzb/ros2ws/moveit_ws/install/moveit_core/lib/libmoveit_butterworth_filter.so
[0.307s] -- Up-to-date: /home/wzb/ros2ws/moveit_ws/install/moveit_core/lib/libmoveit_ruckig_filter.so.2.14.1
[0.307s] -- Up-to-date: /home/wzb/ros2ws/moveit_ws/install/moveit_core/lib/libmoveit_ruckig_filter.so
[0.307s] -- Up-to-date: /home/wzb/ros2ws/moveit_ws/install/moveit_core/share/moveit_core/environment/library_path.sh
[0.307s] -- Up-to-date: /home/wzb/ros2ws/moveit_ws/install/moveit_core/share/moveit_core/environment/library_path.dsv
[0.307s] -- Up-to-date: /home/wzb/ros2ws/moveit_ws/install/moveit_core/share/moveit_core/collision_detector_fcl_description.xml
[0.307s] -- Up-to-date: /home/wzb/ros2ws/moveit_ws/install/moveit_core/share/moveit_core/collision_detector_bullet_description.xml
[0.307s] -- Up-to-date: /home/wzb/ros2ws/moveit_ws/install/moveit_core/share/moveit_core/filter_plugin_acceleration.xml
[0.307s] -- Up-to-date: /home/wzb/ros2ws/moveit_ws/install/moveit_core/share/moveit_core/filter_plugin_butterworth.xml
[0.307s] -- Up-to-date: /home/wzb/ros2ws/moveit_ws/install/moveit_core/share/moveit_core/filter_plugin_ruckig.xml
[0.307s] -- Up-to-date: /home/wzb/ros2ws/moveit_ws/install/moveit_core/share/ament_index/resource_index/package_run_dependencies/moveit_core
[0.307s] -- Up-to-date: /home/wzb/ros2ws/moveit_ws/install/moveit_core/share/ament_index/resource_index/parent_prefix_path/moveit_core
[0.307s] -- Up-to-date: /home/wzb/ros2ws/moveit_ws/install/moveit_core/share/moveit_core/environment/ament_prefix_path.sh
[0.307s] -- Up-to-date: /home/wzb/ros2ws/moveit_ws/install/moveit_core/share/moveit_core/environment/ament_prefix_path.dsv
[0.307s] -- Up-to-date: /home/wzb/ros2ws/moveit_ws/install/moveit_core/share/moveit_core/environment/path.sh
[0.307s] -- Up-to-date: /home/wzb/ros2ws/moveit_ws/install/moveit_core/share/moveit_core/environment/path.dsv
[0.307s] -- Up-to-date: /home/wzb/ros2ws/moveit_ws/install/moveit_core/share/moveit_core/local_setup.bash
[0.307s] -- Up-to-date: /home/wzb/ros2ws/moveit_ws/install/moveit_core/share/moveit_core/local_setup.sh
[0.307s] -- Up-to-date: /home/wzb/ros2ws/moveit_ws/install/moveit_core/share/moveit_core/local_setup.zsh
[0.307s] -- Up-to-date: /home/wzb/ros2ws/moveit_ws/install/moveit_core/share/moveit_core/local_setup.dsv
[0.307s] -- Up-to-date: /home/wzb/ros2ws/moveit_ws/install/moveit_core/share/moveit_core/package.dsv
[0.307s] -- Up-to-date: /home/wzb/ros2ws/moveit_ws/install/moveit_core/share/ament_index/resource_index/packages/moveit_core
[0.307s] -- Up-to-date: /home/wzb/ros2ws/moveit_ws/install/moveit_core/share/ament_index/resource_index/moveit_core__pluginlib__plugin/moveit_core
[0.307s] -- Up-to-date: /home/wzb/ros2ws/moveit_ws/install/moveit_core/share/moveit_core/cmake/moveit_coreTargetsExport.cmake
[0.307s] -- Up-to-date: /home/wzb/ros2ws/moveit_ws/install/moveit_core/share/moveit_core/cmake/moveit_coreTargetsExport-release.cmake
[0.307s] -- Up-to-date: /home/wzb/ros2ws/moveit_ws/install/moveit_core/share/moveit_core/cmake/ConfigExtras.cmake
[0.307s] -- Up-to-date: /home/wzb/ros2ws/moveit_ws/install/moveit_core/share/moveit_core/cmake/ament_cmake_export_targets-extras.cmake
[0.307s] -- Up-to-date: /home/wzb/ros2ws/moveit_ws/install/moveit_core/share/moveit_core/cmake/ament_cmake_export_dependencies-extras.cmake
[0.307s] -- Up-to-date: /home/wzb/ros2ws/moveit_ws/install/moveit_core/share/moveit_core/cmake/moveit_coreConfig.cmake
[0.308s] -- Up-to-date: /home/wzb/ros2ws/moveit_ws/install/moveit_core/share/moveit_core/cmake/moveit_coreConfig-version.cmake
[0.308s] -- Up-to-date: /home/wzb/ros2ws/moveit_ws/install/moveit_core/share/moveit_core/package.xml
[0.308s] Invoked command in '/home/wzb/ros2ws/moveit_ws/build/moveit_core' returned '0': CMAKE_PREFIX_PATH=/home/wzb/ros2ws/moveit_ws/install/moveit_resources_panda_moveit_config:/home/wzb/ros2ws/moveit_ws/install/moveit_resources_pr2_description:/home/wzb/ros2ws/moveit_ws/install/moveit_resources_panda_description:/home/wzb/ros2ws/moveit_ws/install/moveit_msgs:/home/wzb/ros2ws/moveit_ws/install/moveit_common:/home/wzb/ros2ws/trac_ws/install/trac_ik:/home/wzb/ros2ws/trac_ws/install/trac_ik_kinematics:/home/wzb/ros2ws/trac_ws/install/trac_ik_examples:/home/wzb/ros2ws/trac_ws/install/trac_ik_lib:/home/wzb/ros2ws/orbbec_ws/install/orbbec_description:/home/wzb/ros2ws/orbbec_ws/install/orbbec_camera:/home/wzb/ros2ws/orbbec_ws/install/orbbec_camera_msgs:/home/wzb/ros2ws/my_piper_ros/install/piper_with_gripper_moveit:/home/wzb/ros2ws/my_piper_ros/install/piper_no_gripper_moveit:/home/wzb/ros2ws/my_piper_ros/install/piper_mujoco:/home/wzb/ros2ws/my_piper_ros/install/piper_msgs:/home/wzb/ros2ws/my_piper_ros/install/piper_humble:/home/wzb/ros2ws/my_piper_ros/install/piper_gazebo:/home/wzb/ros2ws/my_piper_ros/install/piper_description:/home/wzb/ros2ws/moveit_ws/install/pilz_industrial_motion_planner_testutils:/home/wzb/ros2ws/moveit_ws/install/moveit_runtime:/home/wzb/ros2ws/moveit_ws/install/moveit:/home/wzb/ros2ws/moveit_ws/install/moveit_planners:/home/wzb/ros2ws/moveit_ws/install/pilz_industrial_motion_planner:/home/wzb/ros2ws/moveit_ws/install/moveit_ros_control_interface:/home/wzb/ros2ws/moveit_ws/install/moveit_plugins:/home/wzb/ros2ws/moveit_ws/install/moveit_simple_controller_manager:/home/wzb/ros2ws/moveit_ws/install/moveit_setup_assistant:/home/wzb/ros2ws/moveit_ws/install/moveit_setup_srdf_plugins:/home/wzb/ros2ws/moveit_ws/install/moveit_setup_core_plugins:/home/wzb/ros2ws/moveit_ws/install/moveit_setup_controllers:/home/wzb/ros2ws/moveit_ws/install/moveit_setup_app_plugins:/home/wzb/ros2ws/moveit_ws/install/moveit_setup_framework:/home/wzb/ros2ws/moveit_ws/install/moveit_servo:/home/wzb/ros2ws/moveit_ws/install/moveit_ros_trajectory_cache:/home/wzb/ros2ws/moveit_ws/install/moveit_ros:/home/wzb/ros2ws/moveit_ws/install/moveit_ros_visualization:/home/wzb/ros2ws/moveit_ws/install/moveit_py:/home/wzb/ros2ws/moveit_ws/install/moveit_hybrid_planning:/home/wzb/ros2ws/moveit_ws/install/moveit_ros_planning_interface:/home/wzb/ros2ws/moveit_ws/install/moveit_ros_benchmarks:/home/wzb/ros2ws/moveit_ws/install/moveit_ros_warehouse:/home/wzb/ros2ws/moveit_ws/install/moveit_ros_robot_interaction:/home/wzb/ros2ws/moveit_ws/install/moveit_ros_perception:/home/wzb/ros2ws/moveit_ws/install/moveit_resources_prbt_pg70_support:/home/wzb/ros2ws/moveit_ws/install/moveit_resources_prbt_moveit_config:/home/wzb/ros2ws/moveit_ws/install/moveit_ros_move_group:/home/wzb/ros2ws/moveit_ws/install/moveit_planners_ompl:/home/wzb/ros2ws/moveit_ws/install/moveit_kinematics:/home/wzb/ros2ws/moveit_ws/install/moveit_ros_planning:/home/wzb/ros2ws/moveit_ws/install/moveit_ros_occupancy_map_monitor:/home/wzb/ros2ws/moveit_ws/install/moveit_resources_prbt_support:/home/wzb/ros2ws/moveit_ws/install/moveit_resources_prbt_ikfast_manipulator_plugin:/home/wzb/ros2ws/moveit_ws/install/moveit_resources:/home/wzb/ros2ws/moveit_ws/install/dual_arm_panda_moveit_config:/home/wzb/ros2ws/moveit_ws/install/moveit_resources_fanuc_moveit_config:/home/wzb/ros2ws/moveit_ws/install/moveit_resources_fanuc_description:/home/wzb/ros2ws/moveit_ws/install/moveit_planners_stomp:/home/wzb/ros2ws/moveit_ws/install/moveit_planners_chomp:/home/wzb/ros2ws/moveit_ws/install/chomp_motion_planner:/home/wzb/ros2ws/moveit_ws/install/moveit_core:/home/wzb/ros2ws/my_piper_ros/install/piper:/home/wzb/ros2ws/moveit_ws/install/moveit_configs_utils:/opt/ros/humble LD_LIBRARY_PATH=/home/wzb/ros2ws/moveit_ws/install/moveit_msgs/lib:/home/wzb/ros2ws/trac_ws/install/trac_ik_kinematics/lib:/home/wzb/ros2ws/trac_ws/install/trac_ik_lib/lib:/home/wzb/ros2ws/orbbec_ws/install/orbbec_camera/lib:/home/wzb/ros2ws/orbbec_ws/install/orbbec_camera_msgs/lib:/home/wzb/ros2ws/my_piper_ros/install/piper_msgs/lib:/home/wzb/ros2ws/moveit_ws/install/pilz_industrial_motion_planner_testutils/lib:/home/wzb/ros2ws/moveit_ws/install/pilz_industrial_motion_planner/lib:/home/wzb/ros2ws/moveit_ws/install/moveit_ros_control_interface/lib:/home/wzb/ros2ws/moveit_ws/install/moveit_simple_controller_manager/lib:/home/wzb/ros2ws/moveit_ws/install/moveit_setup_assistant/lib:/home/wzb/ros2ws/moveit_ws/install/moveit_setup_srdf_plugins/lib:/home/wzb/ros2ws/moveit_ws/install/moveit_setup_core_plugins/lib:/home/wzb/ros2ws/moveit_ws/install/moveit_setup_controllers/lib:/home/wzb/ros2ws/moveit_ws/install/moveit_setup_app_plugins/lib:/home/wzb/ros2ws/moveit_ws/install/moveit_setup_framework/lib:/home/wzb/ros2ws/moveit_ws/install/moveit_servo/lib:/home/wzb/ros2ws/moveit_ws/install/moveit_ros_trajectory_cache/lib:/home/wzb/ros2ws/moveit_ws/install/moveit_ros_visualization/lib:/home/wzb/ros2ws/moveit_ws/install/moveit_py/lib:/home/wzb/ros2ws/moveit_ws/install/moveit_hybrid_planning/lib:/home/wzb/ros2ws/moveit_ws/install/moveit_ros_planning_interface/lib:/home/wzb/ros2ws/moveit_ws/install/moveit_ros_benchmarks/lib:/home/wzb/ros2ws/moveit_ws/install/moveit_ros_warehouse/lib:/home/wzb/ros2ws/moveit_ws/install/moveit_ros_robot_interaction/lib:/home/wzb/ros2ws/moveit_ws/install/moveit_ros_perception/lib:/home/wzb/ros2ws/moveit_ws/install/moveit_ros_move_group/lib:/home/wzb/ros2ws/moveit_ws/install/moveit_planners_ompl/lib:/home/wzb/ros2ws/moveit_ws/install/moveit_kinematics/lib:/home/wzb/ros2ws/moveit_ws/install/moveit_ros_planning/lib:/home/wzb/ros2ws/moveit_ws/install/moveit_ros_occupancy_map_monitor/lib:/home/wzb/ros2ws/moveit_ws/install/moveit_resources_prbt_ikfast_manipulator_plugin/lib:/home/wzb/ros2ws/moveit_ws/install/moveit_planners_stomp/lib:/home/wzb/ros2ws/moveit_ws/install/moveit_planners_chomp/lib:/home/wzb/ros2ws/moveit_ws/install/chomp_motion_planner/lib:/home/wzb/ros2ws/moveit_ws/install/moveit_core/lib:/opt/ros/humble/opt/rviz_ogre_vendor/lib:/opt/ros/humble/lib/x86_64-linux-gnu:/opt/ros/humble/lib /usr/bin/cmake --install /home/wzb/ros2ws/moveit_ws/build/moveit_core
