[0.013s] Invoking command in '/home/wzb/ros2ws/moveit_ws/build/moveit_common': CMAKE_PREFIX_PATH=/opt/ros/humble /usr/bin/cmake /home/wzb/ros2ws/moveit_ws/src/moveit2/moveit_common -DCMAKE_BUILD_TYPE=Release -DCMAKE_INSTALL_PREFIX=/home/wzb/ros2ws/moveit_ws/install/moveit_common
[0.154s] -- Found ament_cmake: 1.3.12 (/opt/ros/humble/share/ament_cmake/cmake)
[0.154s] -- Found Python3: /usr/bin/python3 (found version "3.10.12") found components: Interpreter 
[0.194s] -- Configuring done
[0.195s] -- Generating done
[0.195s] -- Build files have been written to: /home/wzb/ros2ws/moveit_ws/build/moveit_common
[0.197s] Invoked command in '/home/wzb/ros2ws/moveit_ws/build/moveit_common' returned '0': CMAKE_PREFIX_PATH=/opt/ros/humble /usr/bin/cmake /home/wzb/ros2ws/moveit_ws/src/moveit2/moveit_common -DCMAKE_BUILD_TYPE=Release -DCMAKE_INSTALL_PREFIX=/home/wzb/ros2ws/moveit_ws/install/moveit_common
[0.198s] Invoking command in '/home/wzb/ros2ws/moveit_ws/build/moveit_common': CMAKE_PREFIX_PATH=/opt/ros/humble /usr/bin/cmake --build /home/wzb/ros2ws/moveit_ws/build/moveit_common -- -j20 -l20
[0.216s] Invoked command in '/home/wzb/ros2ws/moveit_ws/build/moveit_common' returned '0': CMAKE_PREFIX_PATH=/opt/ros/humble /usr/bin/cmake --build /home/wzb/ros2ws/moveit_ws/build/moveit_common -- -j20 -l20
[0.221s] Invoking command in '/home/wzb/ros2ws/moveit_ws/build/moveit_common': CMAKE_PREFIX_PATH=/opt/ros/humble /usr/bin/cmake --install /home/wzb/ros2ws/moveit_ws/build/moveit_common
[0.224s] -- Install configuration: "Release"
[0.224s] -- Installing: /home/wzb/ros2ws/moveit_ws/install/moveit_common/share/ament_index/resource_index/package_run_dependencies/moveit_common
[0.224s] -- Installing: /home/wzb/ros2ws/moveit_ws/install/moveit_common/share/ament_index/resource_index/parent_prefix_path/moveit_common
[0.224s] -- Installing: /home/wzb/ros2ws/moveit_ws/install/moveit_common/share/moveit_common/environment/ament_prefix_path.sh
[0.224s] -- Installing: /home/wzb/ros2ws/moveit_ws/install/moveit_common/share/moveit_common/environment/ament_prefix_path.dsv
[0.224s] -- Installing: /home/wzb/ros2ws/moveit_ws/install/moveit_common/share/moveit_common/environment/path.sh
[0.224s] -- Installing: /home/wzb/ros2ws/moveit_ws/install/moveit_common/share/moveit_common/environment/path.dsv
[0.225s] -- Installing: /home/wzb/ros2ws/moveit_ws/install/moveit_common/share/moveit_common/local_setup.bash
[0.225s] -- Installing: /home/wzb/ros2ws/moveit_ws/install/moveit_common/share/moveit_common/local_setup.sh
[0.225s] -- Installing: /home/wzb/ros2ws/moveit_ws/install/moveit_common/share/moveit_common/local_setup.zsh
[0.225s] -- Installing: /home/wzb/ros2ws/moveit_ws/install/moveit_common/share/moveit_common/local_setup.dsv
[0.225s] -- Installing: /home/wzb/ros2ws/moveit_ws/install/moveit_common/share/moveit_common/package.dsv
[0.225s] -- Installing: /home/wzb/ros2ws/moveit_ws/install/moveit_common/share/ament_index/resource_index/packages/moveit_common
[0.225s] -- Installing: /home/wzb/ros2ws/moveit_ws/install/moveit_common/share/moveit_common/cmake/moveit_common-extras.cmake
[0.225s] -- Installing: /home/wzb/ros2ws/moveit_ws/install/moveit_common/share/moveit_common/cmake/moveit_commonConfig.cmake
[0.225s] -- Installing: /home/wzb/ros2ws/moveit_ws/install/moveit_common/share/moveit_common/cmake/moveit_commonConfig-version.cmake
[0.225s] -- Installing: /home/wzb/ros2ws/moveit_ws/install/moveit_common/share/moveit_common/package.xml
[0.225s] -- Up-to-date: /home/wzb/ros2ws/moveit_ws/install/moveit_common/share/moveit_common/cmake
[0.225s] -- Installing: /home/wzb/ros2ws/moveit_ws/install/moveit_common/share/moveit_common/cmake/moveit_package.cmake
[0.226s] Invoked command in '/home/wzb/ros2ws/moveit_ws/build/moveit_common' returned '0': CMAKE_PREFIX_PATH=/opt/ros/humble /usr/bin/cmake --install /home/wzb/ros2ws/moveit_ws/build/moveit_common
