[0.131s] DEBUG:colcon:Command line arguments: ['/usr/bin/colcon', 'build', '--event-handlers', 'console_direct+', '--cmake-args', '-DCMAKE_BUILD_TYPE=Release']
[0.131s] DEBUG:colcon:Parsed command line arguments: Namespace(log_base=None, log_level=None, verb_name='build', build_base='build', install_base='install', merge_install=False, symlink_install=False, test_result_base=None, continue_on_error=False, executor='parallel', parallel_workers=20, event_handlers=['console_direct+'], ignore_user_meta=False, metas=['./colcon.meta'], base_paths=['.'], packages_ignore=None, packages_ignore_regex=None, paths=None, packages_up_to=None, packages_up_to_regex=None, packages_above=None, packages_above_and_dependencies=None, packages_above_depth=None, packages_select_by_dep=None, packages_skip_by_dep=None, packages_skip_up_to=None, packages_select_build_failed=False, packages_skip_build_finished=False, packages_select_test_failures=False, packages_skip_test_passed=False, packages_select=None, packages_skip=None, packages_select_regex=None, packages_skip_regex=None, packages_start=None, packages_end=None, allow_overriding=[], cmake_args=['-DCMAKE_BUILD_TYPE=Release'], cmake_target=None, cmake_target_skip_unavailable=False, cmake_clean_cache=False, cmake_clean_first=False, cmake_force_configure=False, ament_cmake_args=None, catkin_cmake_args=None, catkin_skip_building_tests=False, verb_parser=<colcon_defaults.argument_parser.defaults.DefaultArgumentsDecorator object at 0x7f31a747ef80>, verb_extension=<colcon_core.verb.build.BuildVerb object at 0x7f31a75bc370>, main=<bound method BuildVerb.main of <colcon_core.verb.build.BuildVerb object at 0x7f31a75bc370>>)
[1.045s] Level 1:colcon.colcon_core.package_discovery:discover_packages(colcon_meta) check parameters
[1.045s] Level 1:colcon.colcon_core.package_discovery:discover_packages(recursive) check parameters
[1.045s] Level 1:colcon.colcon_core.package_discovery:discover_packages(ignore) check parameters
[1.045s] Level 1:colcon.colcon_core.package_discovery:discover_packages(path) check parameters
[1.045s] Level 1:colcon.colcon_core.package_discovery:discover_packages(colcon_meta) discover
[1.045s] Level 1:colcon.colcon_core.package_discovery:discover_packages(recursive) discover
[1.045s] INFO:colcon.colcon_core.package_discovery:Crawling recursively for packages in '/home/wzb/ros2ws/orbbec_ws'
[1.045s] Level 1:colcon.colcon_core.package_identification:_identify(.) by extensions ['ignore', 'ignore_ament_install']
[1.045s] Level 1:colcon.colcon_core.package_identification:_identify(.) by extension 'ignore'
[1.045s] Level 1:colcon.colcon_core.package_identification:_identify(.) by extension 'ignore_ament_install'
[1.045s] Level 1:colcon.colcon_core.package_identification:_identify(.) by extensions ['colcon_pkg']
[1.045s] Level 1:colcon.colcon_core.package_identification:_identify(.) by extension 'colcon_pkg'
[1.045s] Level 1:colcon.colcon_core.package_identification:_identify(.) by extensions ['colcon_meta']
[1.045s] Level 1:colcon.colcon_core.package_identification:_identify(.) by extension 'colcon_meta'
[1.045s] Level 1:colcon.colcon_core.package_identification:_identify(.) by extensions ['ros']
[1.045s] Level 1:colcon.colcon_core.package_identification:_identify(.) by extension 'ros'
[1.079s] Level 1:colcon.colcon_core.package_identification:_identify(.) by extensions ['cmake', 'python']
[1.079s] Level 1:colcon.colcon_core.package_identification:_identify(.) by extension 'cmake'
[1.079s] Level 1:colcon.colcon_core.package_identification:_identify(.) by extension 'python'
[1.079s] Level 1:colcon.colcon_core.package_identification:_identify(.) by extensions ['python_setup_py']
[1.079s] Level 1:colcon.colcon_core.package_identification:_identify(.) by extension 'python_setup_py'
[1.079s] Level 1:colcon.colcon_core.package_identification:_identify(build) by extensions ['ignore', 'ignore_ament_install']
[1.079s] Level 1:colcon.colcon_core.package_identification:_identify(build) by extension 'ignore'
[1.079s] Level 1:colcon.colcon_core.package_identification:_identify(build) ignored
[1.079s] Level 1:colcon.colcon_core.package_identification:_identify(install) by extensions ['ignore', 'ignore_ament_install']
[1.079s] Level 1:colcon.colcon_core.package_identification:_identify(install) by extension 'ignore'
[1.079s] Level 1:colcon.colcon_core.package_identification:_identify(install) ignored
[1.079s] Level 1:colcon.colcon_core.package_identification:_identify(log) by extensions ['ignore', 'ignore_ament_install']
[1.079s] Level 1:colcon.colcon_core.package_identification:_identify(log) by extension 'ignore'
[1.079s] Level 1:colcon.colcon_core.package_identification:_identify(log) ignored
[1.079s] Level 1:colcon.colcon_core.package_identification:_identify(src) by extensions ['ignore', 'ignore_ament_install']
[1.079s] Level 1:colcon.colcon_core.package_identification:_identify(src) by extension 'ignore'
[1.079s] Level 1:colcon.colcon_core.package_identification:_identify(src) by extension 'ignore_ament_install'
[1.079s] Level 1:colcon.colcon_core.package_identification:_identify(src) by extensions ['colcon_pkg']
[1.079s] Level 1:colcon.colcon_core.package_identification:_identify(src) by extension 'colcon_pkg'
[1.079s] Level 1:colcon.colcon_core.package_identification:_identify(src) by extensions ['colcon_meta']
[1.079s] Level 1:colcon.colcon_core.package_identification:_identify(src) by extension 'colcon_meta'
[1.079s] Level 1:colcon.colcon_core.package_identification:_identify(src) by extensions ['ros']
[1.079s] Level 1:colcon.colcon_core.package_identification:_identify(src) by extension 'ros'
[1.079s] Level 1:colcon.colcon_core.package_identification:_identify(src) by extensions ['cmake', 'python']
[1.080s] Level 1:colcon.colcon_core.package_identification:_identify(src) by extension 'cmake'
[1.080s] Level 1:colcon.colcon_core.package_identification:_identify(src) by extension 'python'
[1.080s] Level 1:colcon.colcon_core.package_identification:_identify(src) by extensions ['python_setup_py']
[1.080s] Level 1:colcon.colcon_core.package_identification:_identify(src) by extension 'python_setup_py'
[1.080s] Level 1:colcon.colcon_core.package_identification:_identify(src/OrbbecSDK_ROS2) by extensions ['ignore', 'ignore_ament_install']
[1.080s] Level 1:colcon.colcon_core.package_identification:_identify(src/OrbbecSDK_ROS2) by extension 'ignore'
[1.080s] Level 1:colcon.colcon_core.package_identification:_identify(src/OrbbecSDK_ROS2) by extension 'ignore_ament_install'
[1.080s] Level 1:colcon.colcon_core.package_identification:_identify(src/OrbbecSDK_ROS2) by extensions ['colcon_pkg']
[1.080s] Level 1:colcon.colcon_core.package_identification:_identify(src/OrbbecSDK_ROS2) by extension 'colcon_pkg'
[1.080s] Level 1:colcon.colcon_core.package_identification:_identify(src/OrbbecSDK_ROS2) by extensions ['colcon_meta']
[1.080s] Level 1:colcon.colcon_core.package_identification:_identify(src/OrbbecSDK_ROS2) by extension 'colcon_meta'
[1.080s] Level 1:colcon.colcon_core.package_identification:_identify(src/OrbbecSDK_ROS2) by extensions ['ros']
[1.080s] Level 1:colcon.colcon_core.package_identification:_identify(src/OrbbecSDK_ROS2) by extension 'ros'
[1.080s] Level 1:colcon.colcon_core.package_identification:_identify(src/OrbbecSDK_ROS2) by extensions ['cmake', 'python']
[1.080s] Level 1:colcon.colcon_core.package_identification:_identify(src/OrbbecSDK_ROS2) by extension 'cmake'
[1.080s] Level 1:colcon.colcon_core.package_identification:_identify(src/OrbbecSDK_ROS2) by extension 'python'
[1.080s] Level 1:colcon.colcon_core.package_identification:_identify(src/OrbbecSDK_ROS2) by extensions ['python_setup_py']
[1.080s] Level 1:colcon.colcon_core.package_identification:_identify(src/OrbbecSDK_ROS2) by extension 'python_setup_py'
[1.080s] Level 1:colcon.colcon_core.package_identification:_identify(src/OrbbecSDK_ROS2/orbbec_camera) by extensions ['ignore', 'ignore_ament_install']
[1.080s] Level 1:colcon.colcon_core.package_identification:_identify(src/OrbbecSDK_ROS2/orbbec_camera) by extension 'ignore'
[1.080s] Level 1:colcon.colcon_core.package_identification:_identify(src/OrbbecSDK_ROS2/orbbec_camera) by extension 'ignore_ament_install'
[1.080s] Level 1:colcon.colcon_core.package_identification:_identify(src/OrbbecSDK_ROS2/orbbec_camera) by extensions ['colcon_pkg']
[1.080s] Level 1:colcon.colcon_core.package_identification:_identify(src/OrbbecSDK_ROS2/orbbec_camera) by extension 'colcon_pkg'
[1.080s] Level 1:colcon.colcon_core.package_identification:_identify(src/OrbbecSDK_ROS2/orbbec_camera) by extensions ['colcon_meta']
[1.080s] Level 1:colcon.colcon_core.package_identification:_identify(src/OrbbecSDK_ROS2/orbbec_camera) by extension 'colcon_meta'
[1.080s] Level 1:colcon.colcon_core.package_identification:_identify(src/OrbbecSDK_ROS2/orbbec_camera) by extensions ['ros']
[1.080s] Level 1:colcon.colcon_core.package_identification:_identify(src/OrbbecSDK_ROS2/orbbec_camera) by extension 'ros'
[1.105s] DEBUG:colcon.colcon_core.package_identification:Package 'src/OrbbecSDK_ROS2/orbbec_camera' with type 'ros.ament_cmake' and name 'orbbec_camera'
[1.105s] Level 1:colcon.colcon_core.package_identification:_identify(src/OrbbecSDK_ROS2/orbbec_camera_msgs) by extensions ['ignore', 'ignore_ament_install']
[1.105s] Level 1:colcon.colcon_core.package_identification:_identify(src/OrbbecSDK_ROS2/orbbec_camera_msgs) by extension 'ignore'
[1.105s] Level 1:colcon.colcon_core.package_identification:_identify(src/OrbbecSDK_ROS2/orbbec_camera_msgs) by extension 'ignore_ament_install'
[1.105s] Level 1:colcon.colcon_core.package_identification:_identify(src/OrbbecSDK_ROS2/orbbec_camera_msgs) by extensions ['colcon_pkg']
[1.105s] Level 1:colcon.colcon_core.package_identification:_identify(src/OrbbecSDK_ROS2/orbbec_camera_msgs) by extension 'colcon_pkg'
[1.105s] Level 1:colcon.colcon_core.package_identification:_identify(src/OrbbecSDK_ROS2/orbbec_camera_msgs) by extensions ['colcon_meta']
[1.105s] Level 1:colcon.colcon_core.package_identification:_identify(src/OrbbecSDK_ROS2/orbbec_camera_msgs) by extension 'colcon_meta'
[1.105s] Level 1:colcon.colcon_core.package_identification:_identify(src/OrbbecSDK_ROS2/orbbec_camera_msgs) by extensions ['ros']
[1.105s] Level 1:colcon.colcon_core.package_identification:_identify(src/OrbbecSDK_ROS2/orbbec_camera_msgs) by extension 'ros'
[1.105s] DEBUG:colcon.colcon_core.package_identification:Package 'src/OrbbecSDK_ROS2/orbbec_camera_msgs' with type 'ros.ament_cmake' and name 'orbbec_camera_msgs'
[1.105s] Level 1:colcon.colcon_core.package_identification:_identify(src/OrbbecSDK_ROS2/orbbec_description) by extensions ['ignore', 'ignore_ament_install']
[1.105s] Level 1:colcon.colcon_core.package_identification:_identify(src/OrbbecSDK_ROS2/orbbec_description) by extension 'ignore'
[1.106s] Level 1:colcon.colcon_core.package_identification:_identify(src/OrbbecSDK_ROS2/orbbec_description) by extension 'ignore_ament_install'
[1.106s] Level 1:colcon.colcon_core.package_identification:_identify(src/OrbbecSDK_ROS2/orbbec_description) by extensions ['colcon_pkg']
[1.106s] Level 1:colcon.colcon_core.package_identification:_identify(src/OrbbecSDK_ROS2/orbbec_description) by extension 'colcon_pkg'
[1.106s] Level 1:colcon.colcon_core.package_identification:_identify(src/OrbbecSDK_ROS2/orbbec_description) by extensions ['colcon_meta']
[1.106s] Level 1:colcon.colcon_core.package_identification:_identify(src/OrbbecSDK_ROS2/orbbec_description) by extension 'colcon_meta'
[1.106s] Level 1:colcon.colcon_core.package_identification:_identify(src/OrbbecSDK_ROS2/orbbec_description) by extensions ['ros']
[1.106s] Level 1:colcon.colcon_core.package_identification:_identify(src/OrbbecSDK_ROS2/orbbec_description) by extension 'ros'
[1.106s] DEBUG:colcon.colcon_core.package_identification:Package 'src/OrbbecSDK_ROS2/orbbec_description' with type 'ros.ament_cmake' and name 'orbbec_description'
[1.106s] Level 1:colcon.colcon_core.package_discovery:discover_packages(recursive) using defaults
[1.106s] Level 1:colcon.colcon_core.package_discovery:discover_packages(ignore) discover
[1.106s] Level 1:colcon.colcon_core.package_discovery:discover_packages(ignore) using defaults
[1.106s] Level 1:colcon.colcon_core.package_discovery:discover_packages(path) discover
[1.106s] Level 1:colcon.colcon_core.package_discovery:discover_packages(path) using defaults
[1.156s] Level 1:colcon.colcon_core.package_discovery:discover_packages(prefix_path) check parameters
[1.156s] Level 1:colcon.colcon_core.package_discovery:discover_packages(prefix_path) discover
[1.157s] DEBUG:colcon.colcon_installed_package_information.package_discovery:Found 279 installed packages in /opt/ros/humble
[1.162s] Level 1:colcon.colcon_core.package_discovery:discover_packages(prefix_path) using defaults
[1.179s] Level 5:colcon.colcon_core.verb:set package 'orbbec_camera_msgs' build argument 'cmake_args' from command line to '['-DCMAKE_BUILD_TYPE=Release']'
[1.179s] Level 5:colcon.colcon_core.verb:set package 'orbbec_camera_msgs' build argument 'cmake_target' from command line to 'None'
[1.179s] Level 5:colcon.colcon_core.verb:set package 'orbbec_camera_msgs' build argument 'cmake_target_skip_unavailable' from command line to 'False'
[1.179s] Level 5:colcon.colcon_core.verb:set package 'orbbec_camera_msgs' build argument 'cmake_clean_cache' from command line to 'False'
[1.179s] Level 5:colcon.colcon_core.verb:set package 'orbbec_camera_msgs' build argument 'cmake_clean_first' from command line to 'False'
[1.179s] Level 5:colcon.colcon_core.verb:set package 'orbbec_camera_msgs' build argument 'cmake_force_configure' from command line to 'False'
[1.179s] Level 5:colcon.colcon_core.verb:set package 'orbbec_camera_msgs' build argument 'ament_cmake_args' from command line to 'None'
[1.179s] Level 5:colcon.colcon_core.verb:set package 'orbbec_camera_msgs' build argument 'catkin_cmake_args' from command line to 'None'
[1.179s] Level 5:colcon.colcon_core.verb:set package 'orbbec_camera_msgs' build argument 'catkin_skip_building_tests' from command line to 'False'
[1.179s] DEBUG:colcon.colcon_core.verb:Building package 'orbbec_camera_msgs' with the following arguments: {'ament_cmake_args': None, 'build_base': '/home/wzb/ros2ws/orbbec_ws/build/orbbec_camera_msgs', 'catkin_cmake_args': None, 'catkin_skip_building_tests': False, 'cmake_args': ['-DCMAKE_BUILD_TYPE=Release'], 'cmake_clean_cache': False, 'cmake_clean_first': False, 'cmake_force_configure': False, 'cmake_target': None, 'cmake_target_skip_unavailable': False, 'install_base': '/home/wzb/ros2ws/orbbec_ws/install/orbbec_camera_msgs', 'merge_install': False, 'path': '/home/wzb/ros2ws/orbbec_ws/src/OrbbecSDK_ROS2/orbbec_camera_msgs', 'symlink_install': False, 'test_result_base': None}
[1.179s] Level 5:colcon.colcon_core.verb:set package 'orbbec_description' build argument 'cmake_args' from command line to '['-DCMAKE_BUILD_TYPE=Release']'
[1.179s] Level 5:colcon.colcon_core.verb:set package 'orbbec_description' build argument 'cmake_target' from command line to 'None'
[1.179s] Level 5:colcon.colcon_core.verb:set package 'orbbec_description' build argument 'cmake_target_skip_unavailable' from command line to 'False'
[1.179s] Level 5:colcon.colcon_core.verb:set package 'orbbec_description' build argument 'cmake_clean_cache' from command line to 'False'
[1.180s] Level 5:colcon.colcon_core.verb:set package 'orbbec_description' build argument 'cmake_clean_first' from command line to 'False'
[1.180s] Level 5:colcon.colcon_core.verb:set package 'orbbec_description' build argument 'cmake_force_configure' from command line to 'False'
[1.180s] Level 5:colcon.colcon_core.verb:set package 'orbbec_description' build argument 'ament_cmake_args' from command line to 'None'
[1.180s] Level 5:colcon.colcon_core.verb:set package 'orbbec_description' build argument 'catkin_cmake_args' from command line to 'None'
[1.180s] Level 5:colcon.colcon_core.verb:set package 'orbbec_description' build argument 'catkin_skip_building_tests' from command line to 'False'
[1.180s] DEBUG:colcon.colcon_core.verb:Building package 'orbbec_description' with the following arguments: {'ament_cmake_args': None, 'build_base': '/home/wzb/ros2ws/orbbec_ws/build/orbbec_description', 'catkin_cmake_args': None, 'catkin_skip_building_tests': False, 'cmake_args': ['-DCMAKE_BUILD_TYPE=Release'], 'cmake_clean_cache': False, 'cmake_clean_first': False, 'cmake_force_configure': False, 'cmake_target': None, 'cmake_target_skip_unavailable': False, 'install_base': '/home/wzb/ros2ws/orbbec_ws/install/orbbec_description', 'merge_install': False, 'path': '/home/wzb/ros2ws/orbbec_ws/src/OrbbecSDK_ROS2/orbbec_description', 'symlink_install': False, 'test_result_base': None}
[1.180s] Level 5:colcon.colcon_core.verb:set package 'orbbec_camera' build argument 'cmake_args' from command line to '['-DCMAKE_BUILD_TYPE=Release']'
[1.180s] Level 5:colcon.colcon_core.verb:set package 'orbbec_camera' build argument 'cmake_target' from command line to 'None'
[1.180s] Level 5:colcon.colcon_core.verb:set package 'orbbec_camera' build argument 'cmake_target_skip_unavailable' from command line to 'False'
[1.180s] Level 5:colcon.colcon_core.verb:set package 'orbbec_camera' build argument 'cmake_clean_cache' from command line to 'False'
[1.180s] Level 5:colcon.colcon_core.verb:set package 'orbbec_camera' build argument 'cmake_clean_first' from command line to 'False'
[1.180s] Level 5:colcon.colcon_core.verb:set package 'orbbec_camera' build argument 'cmake_force_configure' from command line to 'False'
[1.180s] Level 5:colcon.colcon_core.verb:set package 'orbbec_camera' build argument 'ament_cmake_args' from command line to 'None'
[1.180s] Level 5:colcon.colcon_core.verb:set package 'orbbec_camera' build argument 'catkin_cmake_args' from command line to 'None'
[1.180s] Level 5:colcon.colcon_core.verb:set package 'orbbec_camera' build argument 'catkin_skip_building_tests' from command line to 'False'
[1.180s] DEBUG:colcon.colcon_core.verb:Building package 'orbbec_camera' with the following arguments: {'ament_cmake_args': None, 'build_base': '/home/wzb/ros2ws/orbbec_ws/build/orbbec_camera', 'catkin_cmake_args': None, 'catkin_skip_building_tests': False, 'cmake_args': ['-DCMAKE_BUILD_TYPE=Release'], 'cmake_clean_cache': False, 'cmake_clean_first': False, 'cmake_force_configure': False, 'cmake_target': None, 'cmake_target_skip_unavailable': False, 'install_base': '/home/wzb/ros2ws/orbbec_ws/install/orbbec_camera', 'merge_install': False, 'path': '/home/wzb/ros2ws/orbbec_ws/src/OrbbecSDK_ROS2/orbbec_camera', 'symlink_install': False, 'test_result_base': None}
[1.180s] INFO:colcon.colcon_core.executor:Executing jobs using 'parallel' executor
[1.181s] DEBUG:colcon.colcon_parallel_executor.executor.parallel:run_until_complete
[1.181s] INFO:colcon.colcon_ros.task.ament_cmake.build:Building ROS package in '/home/wzb/ros2ws/orbbec_ws/src/OrbbecSDK_ROS2/orbbec_camera_msgs' with build type 'ament_cmake'
[1.181s] INFO:colcon.colcon_cmake.task.cmake.build:Building CMake package in '/home/wzb/ros2ws/orbbec_ws/src/OrbbecSDK_ROS2/orbbec_camera_msgs'
[1.182s] INFO:colcon.colcon_core.plugin_system:Skipping extension 'colcon_core.shell.bat': Not used on non-Windows systems
[1.182s] INFO:colcon.colcon_core.shell:Skip shell extension 'powershell' for command environment: Not usable outside of PowerShell
[1.182s] DEBUG:colcon.colcon_core.shell:Skip shell extension 'dsv' for command environment
[1.183s] INFO:colcon.colcon_ros.task.ament_cmake.build:Building ROS package in '/home/wzb/ros2ws/orbbec_ws/src/OrbbecSDK_ROS2/orbbec_description' with build type 'ament_cmake'
[1.183s] INFO:colcon.colcon_cmake.task.cmake.build:Building CMake package in '/home/wzb/ros2ws/orbbec_ws/src/OrbbecSDK_ROS2/orbbec_description'
[1.183s] INFO:colcon.colcon_core.shell:Skip shell extension 'powershell' for command environment: Not usable outside of PowerShell
[1.183s] DEBUG:colcon.colcon_core.shell:Skip shell extension 'dsv' for command environment
[1.186s] DEBUG:colcon.colcon_core.event_handler.log_command:Invoking command in '/home/wzb/ros2ws/orbbec_ws/build/orbbec_camera_msgs': CMAKE_PREFIX_PATH=/opt/ros/humble /usr/bin/cmake /home/wzb/ros2ws/orbbec_ws/src/OrbbecSDK_ROS2/orbbec_camera_msgs -DCMAKE_BUILD_TYPE=Release -DCMAKE_INSTALL_PREFIX=/home/wzb/ros2ws/orbbec_ws/install/orbbec_camera_msgs
[1.205s] DEBUG:colcon.colcon_core.event_handler.log_command:Invoking command in '/home/wzb/ros2ws/orbbec_ws/build/orbbec_description': CMAKE_PREFIX_PATH=/opt/ros/humble /usr/bin/cmake /home/wzb/ros2ws/orbbec_ws/src/OrbbecSDK_ROS2/orbbec_description -DCMAKE_BUILD_TYPE=Release -DCMAKE_INSTALL_PREFIX=/home/wzb/ros2ws/orbbec_ws/install/orbbec_description
[1.525s] DEBUG:colcon.colcon_core.event_handler.log_command:Invoked command in '/home/wzb/ros2ws/orbbec_ws/build/orbbec_description' returned '0': CMAKE_PREFIX_PATH=/opt/ros/humble /usr/bin/cmake /home/wzb/ros2ws/orbbec_ws/src/OrbbecSDK_ROS2/orbbec_description -DCMAKE_BUILD_TYPE=Release -DCMAKE_INSTALL_PREFIX=/home/wzb/ros2ws/orbbec_ws/install/orbbec_description
[1.525s] DEBUG:colcon.colcon_core.event_handler.log_command:Invoking command in '/home/wzb/ros2ws/orbbec_ws/build/orbbec_description': CMAKE_PREFIX_PATH=/opt/ros/humble /usr/bin/cmake --build /home/wzb/ros2ws/orbbec_ws/build/orbbec_description -- -j20 -l20
[1.541s] DEBUG:colcon.colcon_core.event_handler.log_command:Invoked command in '/home/wzb/ros2ws/orbbec_ws/build/orbbec_description' returned '0': CMAKE_PREFIX_PATH=/opt/ros/humble /usr/bin/cmake --build /home/wzb/ros2ws/orbbec_ws/build/orbbec_description -- -j20 -l20
[1.546s] DEBUG:colcon.colcon_core.event_handler.log_command:Invoking command in '/home/wzb/ros2ws/orbbec_ws/build/orbbec_description': CMAKE_PREFIX_PATH=/opt/ros/humble /usr/bin/cmake --install /home/wzb/ros2ws/orbbec_ws/build/orbbec_description
[1.591s] Level 1:colcon.colcon_core.environment:create_environment_scripts_only(orbbec_description)
[1.592s] DEBUG:colcon.colcon_core.event_handler.log_command:Invoked command in '/home/wzb/ros2ws/orbbec_ws/build/orbbec_description' returned '0': CMAKE_PREFIX_PATH=/opt/ros/humble /usr/bin/cmake --install /home/wzb/ros2ws/orbbec_ws/build/orbbec_description
[1.593s] Level 1:colcon.colcon_core.environment:checking '/home/wzb/ros2ws/orbbec_ws/install/orbbec_description' for CMake module files
[1.593s] Level 1:colcon.colcon_core.environment:checking '/home/wzb/ros2ws/orbbec_ws/install/orbbec_description' for CMake config files
[1.593s] Level 1:colcon.colcon_core.shell:create_environment_hook('orbbec_description', 'cmake_prefix_path')
[1.593s] INFO:colcon.colcon_core.shell:Creating environment hook '/home/wzb/ros2ws/orbbec_ws/install/orbbec_description/share/orbbec_description/hook/cmake_prefix_path.ps1'
[1.594s] INFO:colcon.colcon_core.shell:Creating environment descriptor '/home/wzb/ros2ws/orbbec_ws/install/orbbec_description/share/orbbec_description/hook/cmake_prefix_path.dsv'
[1.594s] INFO:colcon.colcon_core.shell:Creating environment hook '/home/wzb/ros2ws/orbbec_ws/install/orbbec_description/share/orbbec_description/hook/cmake_prefix_path.sh'
[1.594s] Level 1:colcon.colcon_core.environment:checking '/home/wzb/ros2ws/orbbec_ws/install/orbbec_description/bin'
[1.594s] Level 1:colcon.colcon_core.environment:checking '/home/wzb/ros2ws/orbbec_ws/install/orbbec_description/lib/pkgconfig/orbbec_description.pc'
[1.594s] Level 1:colcon.colcon_core.environment:checking '/home/wzb/ros2ws/orbbec_ws/install/orbbec_description/lib/python3.10/site-packages'
[1.595s] Level 1:colcon.colcon_core.environment:checking '/home/wzb/ros2ws/orbbec_ws/install/orbbec_description/bin'
[1.595s] INFO:colcon.colcon_core.shell:Creating package script '/home/wzb/ros2ws/orbbec_ws/install/orbbec_description/share/orbbec_description/package.ps1'
[1.595s] INFO:colcon.colcon_core.shell:Creating package descriptor '/home/wzb/ros2ws/orbbec_ws/install/orbbec_description/share/orbbec_description/package.dsv'
[1.595s] INFO:colcon.colcon_core.shell:Creating package script '/home/wzb/ros2ws/orbbec_ws/install/orbbec_description/share/orbbec_description/package.sh'
[1.596s] INFO:colcon.colcon_core.shell:Creating package script '/home/wzb/ros2ws/orbbec_ws/install/orbbec_description/share/orbbec_description/package.bash'
[1.596s] INFO:colcon.colcon_core.shell:Creating package script '/home/wzb/ros2ws/orbbec_ws/install/orbbec_description/share/orbbec_description/package.zsh'
[1.596s] Level 1:colcon.colcon_core.environment:create_file_with_runtime_dependencies(/home/wzb/ros2ws/orbbec_ws/install/orbbec_description/share/colcon-core/packages/orbbec_description)
[1.597s] Level 1:colcon.colcon_core.environment:create_environment_scripts_only(orbbec_description)
[1.597s] Level 1:colcon.colcon_core.environment:checking '/home/wzb/ros2ws/orbbec_ws/install/orbbec_description' for CMake module files
[1.597s] Level 1:colcon.colcon_core.environment:checking '/home/wzb/ros2ws/orbbec_ws/install/orbbec_description' for CMake config files
[1.597s] Level 1:colcon.colcon_core.shell:create_environment_hook('orbbec_description', 'cmake_prefix_path')
[1.597s] INFO:colcon.colcon_core.shell:Creating environment hook '/home/wzb/ros2ws/orbbec_ws/install/orbbec_description/share/orbbec_description/hook/cmake_prefix_path.ps1'
[1.598s] INFO:colcon.colcon_core.shell:Creating environment descriptor '/home/wzb/ros2ws/orbbec_ws/install/orbbec_description/share/orbbec_description/hook/cmake_prefix_path.dsv'
[1.598s] INFO:colcon.colcon_core.shell:Creating environment hook '/home/wzb/ros2ws/orbbec_ws/install/orbbec_description/share/orbbec_description/hook/cmake_prefix_path.sh'
[1.598s] Level 1:colcon.colcon_core.environment:checking '/home/wzb/ros2ws/orbbec_ws/install/orbbec_description/bin'
[1.598s] Level 1:colcon.colcon_core.environment:checking '/home/wzb/ros2ws/orbbec_ws/install/orbbec_description/lib/pkgconfig/orbbec_description.pc'
[1.598s] Level 1:colcon.colcon_core.environment:checking '/home/wzb/ros2ws/orbbec_ws/install/orbbec_description/lib/python3.10/site-packages'
[1.598s] Level 1:colcon.colcon_core.environment:checking '/home/wzb/ros2ws/orbbec_ws/install/orbbec_description/bin'
[1.598s] INFO:colcon.colcon_core.shell:Creating package script '/home/wzb/ros2ws/orbbec_ws/install/orbbec_description/share/orbbec_description/package.ps1'
[1.599s] INFO:colcon.colcon_core.shell:Creating package descriptor '/home/wzb/ros2ws/orbbec_ws/install/orbbec_description/share/orbbec_description/package.dsv'
[1.599s] INFO:colcon.colcon_core.shell:Creating package script '/home/wzb/ros2ws/orbbec_ws/install/orbbec_description/share/orbbec_description/package.sh'
[1.599s] INFO:colcon.colcon_core.shell:Creating package script '/home/wzb/ros2ws/orbbec_ws/install/orbbec_description/share/orbbec_description/package.bash'
[1.599s] INFO:colcon.colcon_core.shell:Creating package script '/home/wzb/ros2ws/orbbec_ws/install/orbbec_description/share/orbbec_description/package.zsh'
[1.599s] Level 1:colcon.colcon_core.environment:create_file_with_runtime_dependencies(/home/wzb/ros2ws/orbbec_ws/install/orbbec_description/share/colcon-core/packages/orbbec_description)
[2.241s] DEBUG:colcon.colcon_core.event_handler.log_command:Invoked command in '/home/wzb/ros2ws/orbbec_ws/build/orbbec_camera_msgs' returned '0': CMAKE_PREFIX_PATH=/opt/ros/humble /usr/bin/cmake /home/wzb/ros2ws/orbbec_ws/src/OrbbecSDK_ROS2/orbbec_camera_msgs -DCMAKE_BUILD_TYPE=Release -DCMAKE_INSTALL_PREFIX=/home/wzb/ros2ws/orbbec_ws/install/orbbec_camera_msgs
[2.241s] DEBUG:colcon.colcon_core.event_handler.log_command:Invoking command in '/home/wzb/ros2ws/orbbec_ws/build/orbbec_camera_msgs': CMAKE_PREFIX_PATH=/opt/ros/humble /usr/bin/cmake --build /home/wzb/ros2ws/orbbec_ws/build/orbbec_camera_msgs -- -j20 -l20
[6.968s] DEBUG:colcon.colcon_core.event_handler.log_command:Invoked command in '/home/wzb/ros2ws/orbbec_ws/build/orbbec_camera_msgs' returned '0': CMAKE_PREFIX_PATH=/opt/ros/humble /usr/bin/cmake --build /home/wzb/ros2ws/orbbec_ws/build/orbbec_camera_msgs -- -j20 -l20
[6.969s] DEBUG:colcon.colcon_core.event_handler.log_command:Invoking command in '/home/wzb/ros2ws/orbbec_ws/build/orbbec_camera_msgs': CMAKE_PREFIX_PATH=/opt/ros/humble /usr/bin/cmake --install /home/wzb/ros2ws/orbbec_ws/build/orbbec_camera_msgs
[7.078s] Level 1:colcon.colcon_core.environment:create_environment_scripts_only(orbbec_camera_msgs)
[7.078s] Level 1:colcon.colcon_core.environment:checking '/home/wzb/ros2ws/orbbec_ws/install/orbbec_camera_msgs' for CMake module files
[7.078s] DEBUG:colcon.colcon_core.event_handler.log_command:Invoked command in '/home/wzb/ros2ws/orbbec_ws/build/orbbec_camera_msgs' returned '0': CMAKE_PREFIX_PATH=/opt/ros/humble /usr/bin/cmake --install /home/wzb/ros2ws/orbbec_ws/build/orbbec_camera_msgs
[7.079s] Level 1:colcon.colcon_core.environment:checking '/home/wzb/ros2ws/orbbec_ws/install/orbbec_camera_msgs' for CMake config files
[7.079s] Level 1:colcon.colcon_core.shell:create_environment_hook('orbbec_camera_msgs', 'cmake_prefix_path')
[7.079s] INFO:colcon.colcon_core.shell:Creating environment hook '/home/wzb/ros2ws/orbbec_ws/install/orbbec_camera_msgs/share/orbbec_camera_msgs/hook/cmake_prefix_path.ps1'
[7.079s] INFO:colcon.colcon_core.shell:Creating environment descriptor '/home/wzb/ros2ws/orbbec_ws/install/orbbec_camera_msgs/share/orbbec_camera_msgs/hook/cmake_prefix_path.dsv'
[7.080s] INFO:colcon.colcon_core.shell:Creating environment hook '/home/wzb/ros2ws/orbbec_ws/install/orbbec_camera_msgs/share/orbbec_camera_msgs/hook/cmake_prefix_path.sh'
[7.080s] Level 1:colcon.colcon_core.environment:checking '/home/wzb/ros2ws/orbbec_ws/install/orbbec_camera_msgs/lib'
[7.080s] Level 1:colcon.colcon_core.shell:create_environment_hook('orbbec_camera_msgs', 'ld_library_path_lib')
[7.080s] INFO:colcon.colcon_core.shell:Creating environment hook '/home/wzb/ros2ws/orbbec_ws/install/orbbec_camera_msgs/share/orbbec_camera_msgs/hook/ld_library_path_lib.ps1'
[7.080s] INFO:colcon.colcon_core.shell:Creating environment descriptor '/home/wzb/ros2ws/orbbec_ws/install/orbbec_camera_msgs/share/orbbec_camera_msgs/hook/ld_library_path_lib.dsv'
[7.080s] INFO:colcon.colcon_core.shell:Creating environment hook '/home/wzb/ros2ws/orbbec_ws/install/orbbec_camera_msgs/share/orbbec_camera_msgs/hook/ld_library_path_lib.sh'
[7.081s] Level 1:colcon.colcon_core.environment:checking '/home/wzb/ros2ws/orbbec_ws/install/orbbec_camera_msgs/bin'
[7.081s] Level 1:colcon.colcon_core.environment:checking '/home/wzb/ros2ws/orbbec_ws/install/orbbec_camera_msgs/lib/pkgconfig/orbbec_camera_msgs.pc'
[7.081s] Level 1:colcon.colcon_core.environment:checking '/home/wzb/ros2ws/orbbec_ws/install/orbbec_camera_msgs/lib/python3.10/site-packages'
[7.081s] Level 1:colcon.colcon_core.environment:checking '/home/wzb/ros2ws/orbbec_ws/install/orbbec_camera_msgs/bin'
[7.081s] INFO:colcon.colcon_core.shell:Creating package script '/home/wzb/ros2ws/orbbec_ws/install/orbbec_camera_msgs/share/orbbec_camera_msgs/package.ps1'
[7.081s] INFO:colcon.colcon_core.shell:Creating package descriptor '/home/wzb/ros2ws/orbbec_ws/install/orbbec_camera_msgs/share/orbbec_camera_msgs/package.dsv'
[7.081s] INFO:colcon.colcon_core.shell:Creating package script '/home/wzb/ros2ws/orbbec_ws/install/orbbec_camera_msgs/share/orbbec_camera_msgs/package.sh'
[7.082s] INFO:colcon.colcon_core.shell:Creating package script '/home/wzb/ros2ws/orbbec_ws/install/orbbec_camera_msgs/share/orbbec_camera_msgs/package.bash'
[7.082s] INFO:colcon.colcon_core.shell:Creating package script '/home/wzb/ros2ws/orbbec_ws/install/orbbec_camera_msgs/share/orbbec_camera_msgs/package.zsh'
[7.082s] Level 1:colcon.colcon_core.environment:create_file_with_runtime_dependencies(/home/wzb/ros2ws/orbbec_ws/install/orbbec_camera_msgs/share/colcon-core/packages/orbbec_camera_msgs)
[7.082s] Level 1:colcon.colcon_core.environment:create_environment_scripts_only(orbbec_camera_msgs)
[7.082s] Level 1:colcon.colcon_core.environment:checking '/home/wzb/ros2ws/orbbec_ws/install/orbbec_camera_msgs' for CMake module files
[7.083s] Level 1:colcon.colcon_core.environment:checking '/home/wzb/ros2ws/orbbec_ws/install/orbbec_camera_msgs' for CMake config files
[7.083s] Level 1:colcon.colcon_core.shell:create_environment_hook('orbbec_camera_msgs', 'cmake_prefix_path')
[7.083s] INFO:colcon.colcon_core.shell:Creating environment hook '/home/wzb/ros2ws/orbbec_ws/install/orbbec_camera_msgs/share/orbbec_camera_msgs/hook/cmake_prefix_path.ps1'
[7.083s] INFO:colcon.colcon_core.shell:Creating environment descriptor '/home/wzb/ros2ws/orbbec_ws/install/orbbec_camera_msgs/share/orbbec_camera_msgs/hook/cmake_prefix_path.dsv'
[7.083s] INFO:colcon.colcon_core.shell:Creating environment hook '/home/wzb/ros2ws/orbbec_ws/install/orbbec_camera_msgs/share/orbbec_camera_msgs/hook/cmake_prefix_path.sh'
[7.084s] Level 1:colcon.colcon_core.environment:checking '/home/wzb/ros2ws/orbbec_ws/install/orbbec_camera_msgs/lib'
[7.084s] Level 1:colcon.colcon_core.shell:create_environment_hook('orbbec_camera_msgs', 'ld_library_path_lib')
[7.084s] INFO:colcon.colcon_core.shell:Creating environment hook '/home/wzb/ros2ws/orbbec_ws/install/orbbec_camera_msgs/share/orbbec_camera_msgs/hook/ld_library_path_lib.ps1'
[7.084s] INFO:colcon.colcon_core.shell:Creating environment descriptor '/home/wzb/ros2ws/orbbec_ws/install/orbbec_camera_msgs/share/orbbec_camera_msgs/hook/ld_library_path_lib.dsv'
[7.084s] INFO:colcon.colcon_core.shell:Creating environment hook '/home/wzb/ros2ws/orbbec_ws/install/orbbec_camera_msgs/share/orbbec_camera_msgs/hook/ld_library_path_lib.sh'
[7.084s] Level 1:colcon.colcon_core.environment:checking '/home/wzb/ros2ws/orbbec_ws/install/orbbec_camera_msgs/bin'
[7.084s] Level 1:colcon.colcon_core.environment:checking '/home/wzb/ros2ws/orbbec_ws/install/orbbec_camera_msgs/lib/pkgconfig/orbbec_camera_msgs.pc'
[7.084s] Level 1:colcon.colcon_core.environment:checking '/home/wzb/ros2ws/orbbec_ws/install/orbbec_camera_msgs/lib/python3.10/site-packages'
[7.085s] Level 1:colcon.colcon_core.environment:checking '/home/wzb/ros2ws/orbbec_ws/install/orbbec_camera_msgs/bin'
[7.085s] INFO:colcon.colcon_core.shell:Creating package script '/home/wzb/ros2ws/orbbec_ws/install/orbbec_camera_msgs/share/orbbec_camera_msgs/package.ps1'
[7.085s] INFO:colcon.colcon_core.shell:Creating package descriptor '/home/wzb/ros2ws/orbbec_ws/install/orbbec_camera_msgs/share/orbbec_camera_msgs/package.dsv'
[7.085s] INFO:colcon.colcon_core.shell:Creating package script '/home/wzb/ros2ws/orbbec_ws/install/orbbec_camera_msgs/share/orbbec_camera_msgs/package.sh'
[7.085s] INFO:colcon.colcon_core.shell:Creating package script '/home/wzb/ros2ws/orbbec_ws/install/orbbec_camera_msgs/share/orbbec_camera_msgs/package.bash'
[7.086s] INFO:colcon.colcon_core.shell:Creating package script '/home/wzb/ros2ws/orbbec_ws/install/orbbec_camera_msgs/share/orbbec_camera_msgs/package.zsh'
[7.086s] Level 1:colcon.colcon_core.environment:create_file_with_runtime_dependencies(/home/wzb/ros2ws/orbbec_ws/install/orbbec_camera_msgs/share/colcon-core/packages/orbbec_camera_msgs)
[7.086s] INFO:colcon.colcon_ros.task.ament_cmake.build:Building ROS package in '/home/wzb/ros2ws/orbbec_ws/src/OrbbecSDK_ROS2/orbbec_camera' with build type 'ament_cmake'
[7.086s] INFO:colcon.colcon_cmake.task.cmake.build:Building CMake package in '/home/wzb/ros2ws/orbbec_ws/src/OrbbecSDK_ROS2/orbbec_camera'
[7.086s] INFO:colcon.colcon_core.shell:Skip shell extension 'powershell' for command environment: Not usable outside of PowerShell
[7.086s] DEBUG:colcon.colcon_core.shell:Skip shell extension 'dsv' for command environment
[7.091s] DEBUG:colcon.colcon_core.event_handler.log_command:Invoking command in '/home/wzb/ros2ws/orbbec_ws/build/orbbec_camera': AMENT_PREFIX_PATH=/home/wzb/ros2ws/orbbec_ws/install/orbbec_camera_msgs:${AMENT_PREFIX_PATH} CMAKE_PREFIX_PATH=/home/wzb/ros2ws/orbbec_ws/install/orbbec_camera_msgs:/opt/ros/humble LD_LIBRARY_PATH=/home/wzb/ros2ws/orbbec_ws/install/orbbec_camera_msgs/lib:${LD_LIBRARY_PATH} PYTHONPATH=/home/wzb/ros2ws/orbbec_ws/install/orbbec_camera_msgs/local/lib/python3.10/dist-packages:${PYTHONPATH} /usr/bin/cmake /home/wzb/ros2ws/orbbec_ws/src/OrbbecSDK_ROS2/orbbec_camera -DCMAKE_BUILD_TYPE=Release -DCMAKE_INSTALL_PREFIX=/home/wzb/ros2ws/orbbec_ws/install/orbbec_camera
[8.039s] DEBUG:colcon.colcon_core.event_handler.log_command:Invoked command in '/home/wzb/ros2ws/orbbec_ws/build/orbbec_camera' returned '0': AMENT_PREFIX_PATH=/home/wzb/ros2ws/orbbec_ws/install/orbbec_camera_msgs:${AMENT_PREFIX_PATH} CMAKE_PREFIX_PATH=/home/wzb/ros2ws/orbbec_ws/install/orbbec_camera_msgs:/opt/ros/humble LD_LIBRARY_PATH=/home/wzb/ros2ws/orbbec_ws/install/orbbec_camera_msgs/lib:${LD_LIBRARY_PATH} PYTHONPATH=/home/wzb/ros2ws/orbbec_ws/install/orbbec_camera_msgs/local/lib/python3.10/dist-packages:${PYTHONPATH} /usr/bin/cmake /home/wzb/ros2ws/orbbec_ws/src/OrbbecSDK_ROS2/orbbec_camera -DCMAKE_BUILD_TYPE=Release -DCMAKE_INSTALL_PREFIX=/home/wzb/ros2ws/orbbec_ws/install/orbbec_camera
[8.040s] DEBUG:colcon.colcon_core.event_handler.log_command:Invoking command in '/home/wzb/ros2ws/orbbec_ws/build/orbbec_camera': AMENT_PREFIX_PATH=/home/wzb/ros2ws/orbbec_ws/install/orbbec_camera_msgs:${AMENT_PREFIX_PATH} CMAKE_PREFIX_PATH=/home/wzb/ros2ws/orbbec_ws/install/orbbec_camera_msgs:/opt/ros/humble LD_LIBRARY_PATH=/home/wzb/ros2ws/orbbec_ws/install/orbbec_camera_msgs/lib:${LD_LIBRARY_PATH} PYTHONPATH=/home/wzb/ros2ws/orbbec_ws/install/orbbec_camera_msgs/local/lib/python3.10/dist-packages:${PYTHONPATH} /usr/bin/cmake --build /home/wzb/ros2ws/orbbec_ws/build/orbbec_camera -- -j20 -l20
[45.199s] DEBUG:colcon.colcon_core.event_handler.log_command:Invoked command in '/home/wzb/ros2ws/orbbec_ws/build/orbbec_camera' returned '0': AMENT_PREFIX_PATH=/home/wzb/ros2ws/orbbec_ws/install/orbbec_camera_msgs:${AMENT_PREFIX_PATH} CMAKE_PREFIX_PATH=/home/wzb/ros2ws/orbbec_ws/install/orbbec_camera_msgs:/opt/ros/humble LD_LIBRARY_PATH=/home/wzb/ros2ws/orbbec_ws/install/orbbec_camera_msgs/lib:${LD_LIBRARY_PATH} PYTHONPATH=/home/wzb/ros2ws/orbbec_ws/install/orbbec_camera_msgs/local/lib/python3.10/dist-packages:${PYTHONPATH} /usr/bin/cmake --build /home/wzb/ros2ws/orbbec_ws/build/orbbec_camera -- -j20 -l20
[45.200s] DEBUG:colcon.colcon_core.event_handler.log_command:Invoking command in '/home/wzb/ros2ws/orbbec_ws/build/orbbec_camera': AMENT_PREFIX_PATH=/home/wzb/ros2ws/orbbec_ws/install/orbbec_camera_msgs:${AMENT_PREFIX_PATH} CMAKE_PREFIX_PATH=/home/wzb/ros2ws/orbbec_ws/install/orbbec_camera_msgs:/opt/ros/humble LD_LIBRARY_PATH=/home/wzb/ros2ws/orbbec_ws/install/orbbec_camera_msgs/lib:${LD_LIBRARY_PATH} PYTHONPATH=/home/wzb/ros2ws/orbbec_ws/install/orbbec_camera_msgs/local/lib/python3.10/dist-packages:${PYTHONPATH} /usr/bin/cmake --install /home/wzb/ros2ws/orbbec_ws/build/orbbec_camera
[45.237s] Level 1:colcon.colcon_core.environment:create_environment_scripts_only(orbbec_camera)
[45.237s] DEBUG:colcon.colcon_core.event_handler.log_command:Invoked command in '/home/wzb/ros2ws/orbbec_ws/build/orbbec_camera' returned '0': AMENT_PREFIX_PATH=/home/wzb/ros2ws/orbbec_ws/install/orbbec_camera_msgs:${AMENT_PREFIX_PATH} CMAKE_PREFIX_PATH=/home/wzb/ros2ws/orbbec_ws/install/orbbec_camera_msgs:/opt/ros/humble LD_LIBRARY_PATH=/home/wzb/ros2ws/orbbec_ws/install/orbbec_camera_msgs/lib:${LD_LIBRARY_PATH} PYTHONPATH=/home/wzb/ros2ws/orbbec_ws/install/orbbec_camera_msgs/local/lib/python3.10/dist-packages:${PYTHONPATH} /usr/bin/cmake --install /home/wzb/ros2ws/orbbec_ws/build/orbbec_camera
[45.237s] Level 1:colcon.colcon_core.environment:checking '/home/wzb/ros2ws/orbbec_ws/install/orbbec_camera' for CMake module files
[45.237s] Level 1:colcon.colcon_core.environment:checking '/home/wzb/ros2ws/orbbec_ws/install/orbbec_camera' for CMake config files
[45.238s] Level 1:colcon.colcon_core.shell:create_environment_hook('orbbec_camera', 'cmake_prefix_path')
[45.238s] INFO:colcon.colcon_core.shell:Creating environment hook '/home/wzb/ros2ws/orbbec_ws/install/orbbec_camera/share/orbbec_camera/hook/cmake_prefix_path.ps1'
[45.238s] INFO:colcon.colcon_core.shell:Creating environment descriptor '/home/wzb/ros2ws/orbbec_ws/install/orbbec_camera/share/orbbec_camera/hook/cmake_prefix_path.dsv'
[45.238s] INFO:colcon.colcon_core.shell:Creating environment hook '/home/wzb/ros2ws/orbbec_ws/install/orbbec_camera/share/orbbec_camera/hook/cmake_prefix_path.sh'
[45.238s] Level 1:colcon.colcon_core.environment:checking '/home/wzb/ros2ws/orbbec_ws/install/orbbec_camera/lib'
[45.238s] Level 1:colcon.colcon_core.shell:create_environment_hook('orbbec_camera', 'ld_library_path_lib')
[45.239s] INFO:colcon.colcon_core.shell:Creating environment hook '/home/wzb/ros2ws/orbbec_ws/install/orbbec_camera/share/orbbec_camera/hook/ld_library_path_lib.ps1'
[45.239s] INFO:colcon.colcon_core.shell:Creating environment descriptor '/home/wzb/ros2ws/orbbec_ws/install/orbbec_camera/share/orbbec_camera/hook/ld_library_path_lib.dsv'
[45.239s] INFO:colcon.colcon_core.shell:Creating environment hook '/home/wzb/ros2ws/orbbec_ws/install/orbbec_camera/share/orbbec_camera/hook/ld_library_path_lib.sh'
[45.239s] Level 1:colcon.colcon_core.environment:checking '/home/wzb/ros2ws/orbbec_ws/install/orbbec_camera/bin'
[45.239s] Level 1:colcon.colcon_core.environment:checking '/home/wzb/ros2ws/orbbec_ws/install/orbbec_camera/lib/pkgconfig/orbbec_camera.pc'
[45.239s] Level 1:colcon.colcon_core.environment:checking '/home/wzb/ros2ws/orbbec_ws/install/orbbec_camera/lib/python3.10/site-packages'
[45.239s] Level 1:colcon.colcon_core.environment:checking '/home/wzb/ros2ws/orbbec_ws/install/orbbec_camera/bin'
[45.240s] INFO:colcon.colcon_core.shell:Creating package script '/home/wzb/ros2ws/orbbec_ws/install/orbbec_camera/share/orbbec_camera/package.ps1'
[45.240s] INFO:colcon.colcon_core.shell:Creating package descriptor '/home/wzb/ros2ws/orbbec_ws/install/orbbec_camera/share/orbbec_camera/package.dsv'
[45.240s] INFO:colcon.colcon_core.shell:Creating package script '/home/wzb/ros2ws/orbbec_ws/install/orbbec_camera/share/orbbec_camera/package.sh'
[45.240s] INFO:colcon.colcon_core.shell:Creating package script '/home/wzb/ros2ws/orbbec_ws/install/orbbec_camera/share/orbbec_camera/package.bash'
[45.240s] INFO:colcon.colcon_core.shell:Creating package script '/home/wzb/ros2ws/orbbec_ws/install/orbbec_camera/share/orbbec_camera/package.zsh'
[45.240s] Level 1:colcon.colcon_core.environment:create_file_with_runtime_dependencies(/home/wzb/ros2ws/orbbec_ws/install/orbbec_camera/share/colcon-core/packages/orbbec_camera)
[45.241s] Level 1:colcon.colcon_core.environment:create_environment_scripts_only(orbbec_camera)
[45.241s] Level 1:colcon.colcon_core.environment:checking '/home/wzb/ros2ws/orbbec_ws/install/orbbec_camera' for CMake module files
[45.241s] Level 1:colcon.colcon_core.environment:checking '/home/wzb/ros2ws/orbbec_ws/install/orbbec_camera' for CMake config files
[45.241s] Level 1:colcon.colcon_core.shell:create_environment_hook('orbbec_camera', 'cmake_prefix_path')
[45.242s] INFO:colcon.colcon_core.shell:Creating environment hook '/home/wzb/ros2ws/orbbec_ws/install/orbbec_camera/share/orbbec_camera/hook/cmake_prefix_path.ps1'
[45.242s] INFO:colcon.colcon_core.shell:Creating environment descriptor '/home/wzb/ros2ws/orbbec_ws/install/orbbec_camera/share/orbbec_camera/hook/cmake_prefix_path.dsv'
[45.242s] INFO:colcon.colcon_core.shell:Creating environment hook '/home/wzb/ros2ws/orbbec_ws/install/orbbec_camera/share/orbbec_camera/hook/cmake_prefix_path.sh'
[45.242s] Level 1:colcon.colcon_core.environment:checking '/home/wzb/ros2ws/orbbec_ws/install/orbbec_camera/lib'
[45.242s] Level 1:colcon.colcon_core.shell:create_environment_hook('orbbec_camera', 'ld_library_path_lib')
[45.242s] INFO:colcon.colcon_core.shell:Creating environment hook '/home/wzb/ros2ws/orbbec_ws/install/orbbec_camera/share/orbbec_camera/hook/ld_library_path_lib.ps1'
[45.242s] INFO:colcon.colcon_core.shell:Creating environment descriptor '/home/wzb/ros2ws/orbbec_ws/install/orbbec_camera/share/orbbec_camera/hook/ld_library_path_lib.dsv'
[45.243s] INFO:colcon.colcon_core.shell:Creating environment hook '/home/wzb/ros2ws/orbbec_ws/install/orbbec_camera/share/orbbec_camera/hook/ld_library_path_lib.sh'
[45.243s] Level 1:colcon.colcon_core.environment:checking '/home/wzb/ros2ws/orbbec_ws/install/orbbec_camera/bin'
[45.243s] Level 1:colcon.colcon_core.environment:checking '/home/wzb/ros2ws/orbbec_ws/install/orbbec_camera/lib/pkgconfig/orbbec_camera.pc'
[45.243s] Level 1:colcon.colcon_core.environment:checking '/home/wzb/ros2ws/orbbec_ws/install/orbbec_camera/lib/python3.10/site-packages'
[45.243s] Level 1:colcon.colcon_core.environment:checking '/home/wzb/ros2ws/orbbec_ws/install/orbbec_camera/bin'
[45.243s] INFO:colcon.colcon_core.shell:Creating package script '/home/wzb/ros2ws/orbbec_ws/install/orbbec_camera/share/orbbec_camera/package.ps1'
[45.243s] INFO:colcon.colcon_core.shell:Creating package descriptor '/home/wzb/ros2ws/orbbec_ws/install/orbbec_camera/share/orbbec_camera/package.dsv'
[45.244s] INFO:colcon.colcon_core.shell:Creating package script '/home/wzb/ros2ws/orbbec_ws/install/orbbec_camera/share/orbbec_camera/package.sh'
[45.244s] INFO:colcon.colcon_core.shell:Creating package script '/home/wzb/ros2ws/orbbec_ws/install/orbbec_camera/share/orbbec_camera/package.bash'
[45.244s] INFO:colcon.colcon_core.shell:Creating package script '/home/wzb/ros2ws/orbbec_ws/install/orbbec_camera/share/orbbec_camera/package.zsh'
[45.244s] Level 1:colcon.colcon_core.environment:create_file_with_runtime_dependencies(/home/wzb/ros2ws/orbbec_ws/install/orbbec_camera/share/colcon-core/packages/orbbec_camera)
[45.244s] DEBUG:colcon.colcon_parallel_executor.executor.parallel:closing loop
[45.245s] DEBUG:colcon.colcon_parallel_executor.executor.parallel:loop closed
[45.245s] DEBUG:colcon.colcon_parallel_executor.executor.parallel:run_until_complete finished with '0'
[45.245s] DEBUG:colcon.colcon_core.event_reactor:joining thread
[45.247s] INFO:colcon.colcon_core.plugin_system:Skipping extension 'colcon_notification.desktop_notification.terminal_notifier': Not used on non-Darwin systems
[45.247s] INFO:colcon.colcon_core.plugin_system:Skipping extension 'colcon_notification.desktop_notification.win32': Not used on non-Windows systems
[45.247s] INFO:colcon.colcon_notification.desktop_notification:Sending desktop notification using 'notify2'
[45.313s] DEBUG:colcon.colcon_core.event_reactor:joined thread
[45.314s] INFO:colcon.colcon_core.shell:Creating prefix script '/home/wzb/ros2ws/orbbec_ws/install/local_setup.ps1'
[45.314s] INFO:colcon.colcon_core.shell:Creating prefix util module '/home/wzb/ros2ws/orbbec_ws/install/_local_setup_util_ps1.py'
[45.315s] INFO:colcon.colcon_core.shell:Creating prefix chain script '/home/wzb/ros2ws/orbbec_ws/install/setup.ps1'
[45.315s] INFO:colcon.colcon_core.shell:Creating prefix script '/home/wzb/ros2ws/orbbec_ws/install/local_setup.sh'
[45.316s] INFO:colcon.colcon_core.shell:Creating prefix util module '/home/wzb/ros2ws/orbbec_ws/install/_local_setup_util_sh.py'
[45.316s] INFO:colcon.colcon_core.shell:Creating prefix chain script '/home/wzb/ros2ws/orbbec_ws/install/setup.sh'
[45.317s] INFO:colcon.colcon_core.shell:Creating prefix script '/home/wzb/ros2ws/orbbec_ws/install/local_setup.bash'
[45.317s] INFO:colcon.colcon_core.shell:Creating prefix chain script '/home/wzb/ros2ws/orbbec_ws/install/setup.bash'
[45.317s] INFO:colcon.colcon_core.shell:Creating prefix script '/home/wzb/ros2ws/orbbec_ws/install/local_setup.zsh'
[45.317s] INFO:colcon.colcon_core.shell:Creating prefix chain script '/home/wzb/ros2ws/orbbec_ws/install/setup.zsh'
