[0.029s] Invoking command in '/home/wzb/ros2ws/moveit_ws/build/moveit_resources_panda_description': CMAKE_PREFIX_PATH=${CMAKE_PREFIX_PATH}:/home/wzb/ros2ws/my_piper_ros/install/piper:/home/wzb/ros2ws/moveit_ws/install/moveit_configs_utils:/opt/ros/humble /usr/bin/cmake /home/wzb/ros2ws/moveit_ws/src/moveit_resources/panda_description -DCMAKE_INSTALL_PREFIX=/home/wzb/ros2ws/moveit_ws/install/moveit_resources_panda_description
[0.173s] -- Found ament_cmake: 1.3.12 (/opt/ros/humble/share/ament_cmake/cmake)
[0.173s] -- Configuring done
[0.174s] -- Generating done
[0.174s] -- Build files have been written to: /home/wzb/ros2ws/moveit_ws/build/moveit_resources_panda_description
[0.177s] Invoked command in '/home/wzb/ros2ws/moveit_ws/build/moveit_resources_panda_description' returned '0': CMAKE_PREFIX_PATH=${CMAKE_PREFIX_PATH}:/home/wzb/ros2ws/my_piper_ros/install/piper:/home/wzb/ros2ws/moveit_ws/install/moveit_configs_utils:/opt/ros/humble /usr/bin/cmake /home/wzb/ros2ws/moveit_ws/src/moveit_resources/panda_description -DCMAKE_INSTALL_PREFIX=/home/wzb/ros2ws/moveit_ws/install/moveit_resources_panda_description
[0.177s] Invoking command in '/home/wzb/ros2ws/moveit_ws/build/moveit_resources_panda_description': CMAKE_PREFIX_PATH=${CMAKE_PREFIX_PATH}:/home/wzb/ros2ws/my_piper_ros/install/piper:/home/wzb/ros2ws/moveit_ws/install/moveit_configs_utils:/opt/ros/humble /usr/bin/cmake --build /home/wzb/ros2ws/moveit_ws/build/moveit_resources_panda_description -- -j20 -l20
[0.203s] Invoked command in '/home/wzb/ros2ws/moveit_ws/build/moveit_resources_panda_description' returned '0': CMAKE_PREFIX_PATH=${CMAKE_PREFIX_PATH}:/home/wzb/ros2ws/my_piper_ros/install/piper:/home/wzb/ros2ws/moveit_ws/install/moveit_configs_utils:/opt/ros/humble /usr/bin/cmake --build /home/wzb/ros2ws/moveit_ws/build/moveit_resources_panda_description -- -j20 -l20
[0.203s] Invoking command in '/home/wzb/ros2ws/moveit_ws/build/moveit_resources_panda_description': CMAKE_PREFIX_PATH=${CMAKE_PREFIX_PATH}:/home/wzb/ros2ws/my_piper_ros/install/piper:/home/wzb/ros2ws/moveit_ws/install/moveit_configs_utils:/opt/ros/humble /usr/bin/cmake --install /home/wzb/ros2ws/moveit_ws/build/moveit_resources_panda_description
[0.209s] -- Install configuration: "Release"
[0.209s] -- Up-to-date: /home/wzb/ros2ws/moveit_ws/install/moveit_resources_panda_description/share/ament_index/resource_index/package_run_dependencies/moveit_resources_panda_description
[0.209s] -- Installing: /home/wzb/ros2ws/moveit_ws/install/moveit_resources_panda_description/share/ament_index/resource_index/parent_prefix_path/moveit_resources_panda_description
[0.209s] -- Up-to-date: /home/wzb/ros2ws/moveit_ws/install/moveit_resources_panda_description/share/moveit_resources_panda_description/environment/ament_prefix_path.sh
[0.209s] -- Installing: /home/wzb/ros2ws/moveit_ws/install/moveit_resources_panda_description/share/moveit_resources_panda_description/environment/ament_prefix_path.dsv
[0.209s] -- Up-to-date: /home/wzb/ros2ws/moveit_ws/install/moveit_resources_panda_description/share/moveit_resources_panda_description/environment/path.sh
[0.209s] -- Installing: /home/wzb/ros2ws/moveit_ws/install/moveit_resources_panda_description/share/moveit_resources_panda_description/environment/path.dsv
[0.209s] -- Up-to-date: /home/wzb/ros2ws/moveit_ws/install/moveit_resources_panda_description/share/moveit_resources_panda_description/local_setup.bash
[0.210s] -- Up-to-date: /home/wzb/ros2ws/moveit_ws/install/moveit_resources_panda_description/share/moveit_resources_panda_description/local_setup.sh
[0.210s] -- Up-to-date: /home/wzb/ros2ws/moveit_ws/install/moveit_resources_panda_description/share/moveit_resources_panda_description/local_setup.zsh
[0.210s] -- Installing: /home/wzb/ros2ws/moveit_ws/install/moveit_resources_panda_description/share/moveit_resources_panda_description/local_setup.dsv
[0.210s] -- Installing: /home/wzb/ros2ws/moveit_ws/install/moveit_resources_panda_description/share/moveit_resources_panda_description/package.dsv
[0.210s] -- Up-to-date: /home/wzb/ros2ws/moveit_ws/install/moveit_resources_panda_description/share/ament_index/resource_index/packages/moveit_resources_panda_description
[0.210s] -- Up-to-date: /home/wzb/ros2ws/moveit_ws/install/moveit_resources_panda_description/share/moveit_resources_panda_description/cmake/moveit_resources_panda_descriptionConfig.cmake
[0.210s] -- Up-to-date: /home/wzb/ros2ws/moveit_ws/install/moveit_resources_panda_description/share/moveit_resources_panda_description/cmake/moveit_resources_panda_descriptionConfig-version.cmake
[0.210s] -- Up-to-date: /home/wzb/ros2ws/moveit_ws/install/moveit_resources_panda_description/share/moveit_resources_panda_description/package.xml
[0.211s] -- Up-to-date: /home/wzb/ros2ws/moveit_ws/install/moveit_resources_panda_description/share/moveit_resources_panda_description/meshes
[0.212s] -- Up-to-date: /home/wzb/ros2ws/moveit_ws/install/moveit_resources_panda_description/share/moveit_resources_panda_description/meshes/visual
[0.212s] -- Up-to-date: /home/wzb/ros2ws/moveit_ws/install/moveit_resources_panda_description/share/moveit_resources_panda_description/meshes/visual/link3.dae
[0.212s] -- Up-to-date: /home/wzb/ros2ws/moveit_ws/install/moveit_resources_panda_description/share/moveit_resources_panda_description/meshes/visual/finger.dae
[0.212s] -- Up-to-date: /home/wzb/ros2ws/moveit_ws/install/moveit_resources_panda_description/share/moveit_resources_panda_description/meshes/visual/link1.dae
[0.213s] -- Up-to-date: /home/wzb/ros2ws/moveit_ws/install/moveit_resources_panda_description/share/moveit_resources_panda_description/meshes/visual/link5.dae
[0.213s] -- Up-to-date: /home/wzb/ros2ws/moveit_ws/install/moveit_resources_panda_description/share/moveit_resources_panda_description/meshes/visual/link4.dae
[0.213s] -- Up-to-date: /home/wzb/ros2ws/moveit_ws/install/moveit_resources_panda_description/share/moveit_resources_panda_description/meshes/visual/link2.dae
[0.213s] -- Up-to-date: /home/wzb/ros2ws/moveit_ws/install/moveit_resources_panda_description/share/moveit_resources_panda_description/meshes/visual/link0.dae
[0.213s] -- Up-to-date: /home/wzb/ros2ws/moveit_ws/install/moveit_resources_panda_description/share/moveit_resources_panda_description/meshes/visual/link7.dae
[0.213s] -- Up-to-date: /home/wzb/ros2ws/moveit_ws/install/moveit_resources_panda_description/share/moveit_resources_panda_description/meshes/visual/hand.dae
[0.213s] -- Up-to-date: /home/wzb/ros2ws/moveit_ws/install/moveit_resources_panda_description/share/moveit_resources_panda_description/meshes/visual/link6.dae
[0.213s] -- Up-to-date: /home/wzb/ros2ws/moveit_ws/install/moveit_resources_panda_description/share/moveit_resources_panda_description/meshes/collision
[0.214s] -- Up-to-date: /home/wzb/ros2ws/moveit_ws/install/moveit_resources_panda_description/share/moveit_resources_panda_description/meshes/collision/link0.stl
[0.214s] -- Up-to-date: /home/wzb/ros2ws/moveit_ws/install/moveit_resources_panda_description/share/moveit_resources_panda_description/meshes/collision/hand.stl
[0.214s] -- Up-to-date: /home/wzb/ros2ws/moveit_ws/install/moveit_resources_panda_description/share/moveit_resources_panda_description/meshes/collision/link3.stl
[0.214s] -- Up-to-date: /home/wzb/ros2ws/moveit_ws/install/moveit_resources_panda_description/share/moveit_resources_panda_description/meshes/collision/link5.stl
[0.214s] -- Up-to-date: /home/wzb/ros2ws/moveit_ws/install/moveit_resources_panda_description/share/moveit_resources_panda_description/meshes/collision/link4.stl
[0.214s] -- Up-to-date: /home/wzb/ros2ws/moveit_ws/install/moveit_resources_panda_description/share/moveit_resources_panda_description/meshes/collision/link7.stl
[0.215s] -- Up-to-date: /home/wzb/ros2ws/moveit_ws/install/moveit_resources_panda_description/share/moveit_resources_panda_description/meshes/collision/finger.stl
[0.215s] -- Up-to-date: /home/wzb/ros2ws/moveit_ws/install/moveit_resources_panda_description/share/moveit_resources_panda_description/meshes/collision/link2.stl
[0.215s] -- Up-to-date: /home/wzb/ros2ws/moveit_ws/install/moveit_resources_panda_description/share/moveit_resources_panda_description/meshes/collision/link6.stl
[0.215s] -- Up-to-date: /home/wzb/ros2ws/moveit_ws/install/moveit_resources_panda_description/share/moveit_resources_panda_description/meshes/collision/link1.stl
[0.215s] -- Up-to-date: /home/wzb/ros2ws/moveit_ws/install/moveit_resources_panda_description/share/moveit_resources_panda_description/urdf
[0.215s] -- Up-to-date: /home/wzb/ros2ws/moveit_ws/install/moveit_resources_panda_description/share/moveit_resources_panda_description/urdf/panda.urdf
[0.215s] -- Up-to-date: /home/wzb/ros2ws/moveit_ws/install/moveit_resources_panda_description/share/moveit_resources_panda_description/urdf/panda.urdf.xacro
[0.219s] Invoked command in '/home/wzb/ros2ws/moveit_ws/build/moveit_resources_panda_description' returned '0': CMAKE_PREFIX_PATH=${CMAKE_PREFIX_PATH}:/home/wzb/ros2ws/my_piper_ros/install/piper:/home/wzb/ros2ws/moveit_ws/install/moveit_configs_utils:/opt/ros/humble /usr/bin/cmake --install /home/wzb/ros2ws/moveit_ws/build/moveit_resources_panda_description
