[0.010s] Invoking command in '/home/wzb/ros2ws/moveit_ws/build/moveit_ros_warehouse': AMENT_PREFIX_PATH=/home/wzb/ros2ws/moveit_ws/install/moveit_ros_planning:/home/wzb/ros2ws/moveit_ws/install/moveit_ros_occupancy_map_monitor:/home/wzb/ros2ws/moveit_ws/install/moveit_core:/home/wzb/ros2ws/moveit_ws/install/moveit_resources_panda_moveit_config:/home/wzb/ros2ws/moveit_ws/install/moveit_resources_pr2_description:/home/wzb/ros2ws/moveit_ws/install/moveit_resources_panda_description:/home/wzb/ros2ws/moveit_ws/install/moveit_msgs:/home/wzb/ros2ws/moveit_ws/install/moveit_configs_utils:/home/wzb/ros2ws/moveit_ws/install/moveit_common:${AMENT_PREFIX_PATH} CMAKE_PREFIX_PATH=/home/wzb/ros2ws/moveit_ws/install/moveit_ros_planning:/home/wzb/ros2ws/moveit_ws/install/moveit_ros_occupancy_map_monitor:/home/wzb/ros2ws/moveit_ws/install/moveit_core:/home/wzb/ros2ws/moveit_ws/install/moveit_resources_panda_moveit_config:/home/wzb/ros2ws/moveit_ws/install/moveit_resources_pr2_description:/home/wzb/ros2ws/moveit_ws/install/moveit_resources_panda_description:/home/wzb/ros2ws/moveit_ws/install/moveit_msgs:/home/wzb/ros2ws/moveit_ws/install/moveit_common:/opt/ros/humble LD_LIBRARY_PATH=/home/wzb/ros2ws/moveit_ws/install/moveit_ros_planning/lib:/home/wzb/ros2ws/moveit_ws/install/moveit_ros_occupancy_map_monitor/lib:/home/wzb/ros2ws/moveit_ws/install/moveit_core/lib:/home/wzb/ros2ws/moveit_ws/install/moveit_msgs/lib:${LD_LIBRARY_PATH} PATH=/home/wzb/ros2ws/moveit_ws/install/moveit_core/bin:${PATH} PYTHONPATH=/home/wzb/ros2ws/moveit_ws/install/moveit_msgs/local/lib/python3.10/dist-packages:/home/wzb/ros2ws/moveit_ws/install/moveit_configs_utils/lib/python3.10/site-packages:${PYTHONPATH} /usr/bin/cmake /home/wzb/ros2ws/moveit_ws/src/moveit2/moveit_ros/warehouse -DCMAKE_BUILD_TYPE=Release -DCMAKE_INSTALL_PREFIX=/home/wzb/ros2ws/moveit_ws/install/moveit_ros_warehouse
[0.044s] -- The CXX compiler identification is GNU 11.4.0
[0.048s] -- Detecting CXX compiler ABI info
[0.087s] -- Detecting CXX compiler ABI info - done
[0.092s] -- Check for working CXX compiler: /usr/bin/c++ - skipped
[0.092s] -- Detecting CXX compile features
[0.092s] -- Detecting CXX compile features - done
[0.093s] -- Found moveit_common: 2.14.1 (/home/wzb/ros2ws/moveit_ws/install/moveit_common/share/moveit_common/cmake)
[0.094s] -- Found ament_cmake: 1.3.12 (/opt/ros/humble/share/ament_cmake/cmake)
[0.177s] -- Found Python3: /usr/bin/python3 (found version "3.10.12") found components: Interpreter 
[0.270s] -- Found rclcpp: 16.0.16 (/opt/ros/humble/share/rclcpp/cmake)
[0.299s] -- Found rosidl_generator_c: 3.1.7 (/opt/ros/humble/share/rosidl_generator_c/cmake)
[0.302s] -- Found rosidl_adapter: 3.1.7 (/opt/ros/humble/share/rosidl_adapter/cmake)
[0.307s] -- Found rosidl_generator_cpp: 3.1.7 (/opt/ros/humble/share/rosidl_generator_cpp/cmake)
[0.314s] -- Using all available rosidl_typesupport_c: rosidl_typesupport_fastrtps_c;rosidl_typesupport_introspection_c
[0.324s] -- Using all available rosidl_typesupport_cpp: rosidl_typesupport_fastrtps_cpp;rosidl_typesupport_introspection_cpp
[0.350s] -- Found rmw_implementation_cmake: 6.1.2 (/opt/ros/humble/share/rmw_implementation_cmake/cmake)
[0.352s] -- Found rmw_fastrtps_cpp: 6.2.9 (/opt/ros/humble/share/rmw_fastrtps_cpp/cmake)
[0.393s] -- Found OpenSSL: /usr/lib/x86_64-linux-gnu/libcrypto.so (found version "3.0.2")  
[0.407s] -- Found FastRTPS: /opt/ros/humble/include  
[0.428s] -- Using RMW implementation 'rmw_fastrtps_cpp' as default
[0.434s] -- Looking for C++ include pthread.h
[0.491s] -- Looking for C++ include pthread.h - found
[0.492s] -- Performing Test CMAKE_HAVE_LIBC_PTHREAD
[0.553s] -- Performing Test CMAKE_HAVE_LIBC_PTHREAD - Success
[0.554s] -- Found Threads: TRUE  
[0.581s] -- Found moveit_core: 2.14.1 (/home/wzb/ros2ws/moveit_ws/install/moveit_core/share/moveit_core/cmake)
[0.601s] -- Found Boost: /usr/lib/x86_64-linux-gnu/cmake/Boost-1.74.0/BoostConfig.cmake (found version "1.74.0") found components: chrono date_time filesystem iostreams program_options regex serialization system thread 
[0.626s] -- Found parameter_traits: 0.5.0 (/opt/ros/humble/share/parameter_traits/cmake)
[0.633s] -- Found rclcpp_lifecycle: 16.0.16 (/opt/ros/humble/share/rclcpp_lifecycle/cmake)
[0.647s] -- Found Boost: /usr/lib/x86_64-linux-gnu/cmake/Boost-1.74.0/BoostConfig.cmake (found version "1.74.0") found components: filesystem 
[0.698s] -- library: /usr/lib/x86_64-linux-gnu/libcurl.so
[0.737s] -- Found Eigen3: TRUE (found version "3.4.0") 
[0.737s] -- Ensuring Eigen3 include directory is part of orocos-kdl CMake target
[0.872s] -- Found warehouse_ros: 2.0.5 (/opt/ros/humble/share/warehouse_ros/cmake)
[0.875s] -- Found moveit_ros_planning: 2.14.1 (/home/wzb/ros2ws/moveit_ws/install/moveit_ros_planning/share/moveit_ros_planning/cmake)
[0.878s] -- Found Boost: /usr/lib/x86_64-linux-gnu/cmake/Boost-1.74.0/BoostConfig.cmake (found version "1.74.0") found components: system filesystem date_time program_options thread chrono 
[0.898s] -- Found Boost: /usr/lib/x86_64-linux-gnu/cmake/Boost-1.74.0/BoostConfig.cmake (found version "1.74.0") found components: thread system filesystem regex date_time program_options 
[0.899s] -- Performing Test COMPILER_HAS_HIDDEN_VISIBILITY
[0.954s] -- Performing Test COMPILER_HAS_HIDDEN_VISIBILITY - Success
[0.955s] -- Performing Test COMPILER_HAS_HIDDEN_INLINE_VISIBILITY
[1.011s] -- Performing Test COMPILER_HAS_HIDDEN_INLINE_VISIBILITY - Success
[1.011s] -- Performing Test COMPILER_HAS_DEPRECATED_ATTR
[1.070s] -- Performing Test COMPILER_HAS_DEPRECATED_ATTR - Success
[1.093s] -- Configuring done
[1.155s] -- Generating done
[1.177s] -- Build files have been written to: /home/wzb/ros2ws/moveit_ws/build/moveit_ros_warehouse
[1.189s] Invoked command in '/home/wzb/ros2ws/moveit_ws/build/moveit_ros_warehouse' returned '0': AMENT_PREFIX_PATH=/home/wzb/ros2ws/moveit_ws/install/moveit_ros_planning:/home/wzb/ros2ws/moveit_ws/install/moveit_ros_occupancy_map_monitor:/home/wzb/ros2ws/moveit_ws/install/moveit_core:/home/wzb/ros2ws/moveit_ws/install/moveit_resources_panda_moveit_config:/home/wzb/ros2ws/moveit_ws/install/moveit_resources_pr2_description:/home/wzb/ros2ws/moveit_ws/install/moveit_resources_panda_description:/home/wzb/ros2ws/moveit_ws/install/moveit_msgs:/home/wzb/ros2ws/moveit_ws/install/moveit_configs_utils:/home/wzb/ros2ws/moveit_ws/install/moveit_common:${AMENT_PREFIX_PATH} CMAKE_PREFIX_PATH=/home/wzb/ros2ws/moveit_ws/install/moveit_ros_planning:/home/wzb/ros2ws/moveit_ws/install/moveit_ros_occupancy_map_monitor:/home/wzb/ros2ws/moveit_ws/install/moveit_core:/home/wzb/ros2ws/moveit_ws/install/moveit_resources_panda_moveit_config:/home/wzb/ros2ws/moveit_ws/install/moveit_resources_pr2_description:/home/wzb/ros2ws/moveit_ws/install/moveit_resources_panda_description:/home/wzb/ros2ws/moveit_ws/install/moveit_msgs:/home/wzb/ros2ws/moveit_ws/install/moveit_common:/opt/ros/humble LD_LIBRARY_PATH=/home/wzb/ros2ws/moveit_ws/install/moveit_ros_planning/lib:/home/wzb/ros2ws/moveit_ws/install/moveit_ros_occupancy_map_monitor/lib:/home/wzb/ros2ws/moveit_ws/install/moveit_core/lib:/home/wzb/ros2ws/moveit_ws/install/moveit_msgs/lib:${LD_LIBRARY_PATH} PATH=/home/wzb/ros2ws/moveit_ws/install/moveit_core/bin:${PATH} PYTHONPATH=/home/wzb/ros2ws/moveit_ws/install/moveit_msgs/local/lib/python3.10/dist-packages:/home/wzb/ros2ws/moveit_ws/install/moveit_configs_utils/lib/python3.10/site-packages:${PYTHONPATH} /usr/bin/cmake /home/wzb/ros2ws/moveit_ws/src/moveit2/moveit_ros/warehouse -DCMAKE_BUILD_TYPE=Release -DCMAKE_INSTALL_PREFIX=/home/wzb/ros2ws/moveit_ws/install/moveit_ros_warehouse
[1.190s] Invoking command in '/home/wzb/ros2ws/moveit_ws/build/moveit_ros_warehouse': AMENT_PREFIX_PATH=/home/wzb/ros2ws/moveit_ws/install/moveit_ros_planning:/home/wzb/ros2ws/moveit_ws/install/moveit_ros_occupancy_map_monitor:/home/wzb/ros2ws/moveit_ws/install/moveit_core:/home/wzb/ros2ws/moveit_ws/install/moveit_resources_panda_moveit_config:/home/wzb/ros2ws/moveit_ws/install/moveit_resources_pr2_description:/home/wzb/ros2ws/moveit_ws/install/moveit_resources_panda_description:/home/wzb/ros2ws/moveit_ws/install/moveit_msgs:/home/wzb/ros2ws/moveit_ws/install/moveit_configs_utils:/home/wzb/ros2ws/moveit_ws/install/moveit_common:${AMENT_PREFIX_PATH} CMAKE_PREFIX_PATH=/home/wzb/ros2ws/moveit_ws/install/moveit_ros_planning:/home/wzb/ros2ws/moveit_ws/install/moveit_ros_occupancy_map_monitor:/home/wzb/ros2ws/moveit_ws/install/moveit_core:/home/wzb/ros2ws/moveit_ws/install/moveit_resources_panda_moveit_config:/home/wzb/ros2ws/moveit_ws/install/moveit_resources_pr2_description:/home/wzb/ros2ws/moveit_ws/install/moveit_resources_panda_description:/home/wzb/ros2ws/moveit_ws/install/moveit_msgs:/home/wzb/ros2ws/moveit_ws/install/moveit_common:/opt/ros/humble LD_LIBRARY_PATH=/home/wzb/ros2ws/moveit_ws/install/moveit_ros_planning/lib:/home/wzb/ros2ws/moveit_ws/install/moveit_ros_occupancy_map_monitor/lib:/home/wzb/ros2ws/moveit_ws/install/moveit_core/lib:/home/wzb/ros2ws/moveit_ws/install/moveit_msgs/lib:${LD_LIBRARY_PATH} PATH=/home/wzb/ros2ws/moveit_ws/install/moveit_core/bin:${PATH} PYTHONPATH=/home/wzb/ros2ws/moveit_ws/install/moveit_msgs/local/lib/python3.10/dist-packages:/home/wzb/ros2ws/moveit_ws/install/moveit_configs_utils/lib/python3.10/site-packages:${PYTHONPATH} /usr/bin/cmake --build /home/wzb/ros2ws/moveit_ws/build/moveit_ros_warehouse -- -j20 -l20
[1.226s] [  5%] [32mBuilding CXX object CMakeFiles/moveit_warehouse.dir/src/planning_scene_world_storage.cpp.o[0m
[1.226s] [ 10%] [32mBuilding CXX object CMakeFiles/moveit_warehouse.dir/src/constraints_storage.cpp.o[0m
[1.226s] [ 20%] [32mBuilding CXX object CMakeFiles/moveit_warehouse.dir/src/moveit_message_storage.cpp.o[0m
[1.226s] [ 20%] [32mBuilding CXX object CMakeFiles/moveit_warehouse.dir/src/planning_scene_storage.cpp.o[0m
[1.234s] [ 25%] [32mBuilding CXX object CMakeFiles/moveit_warehouse.dir/src/trajectory_constraints_storage.cpp.o[0m
[1.262s] [ 30%] [32mBuilding CXX object CMakeFiles/moveit_warehouse.dir/src/warehouse_connector.cpp.o[0m
[1.263s] [ 35%] [32mBuilding CXX object CMakeFiles/moveit_warehouse.dir/src/state_storage.cpp.o[0m
[22.223s] [ 40%] [32m[1mLinking CXX shared library libmoveit_warehouse.so[0m
[23.081s] [ 40%] Built target moveit_warehouse
[23.100s] [ 70%] [32mBuilding CXX object CMakeFiles/moveit_warehouse_services.dir/src/warehouse_services.cpp.o[0m
[23.100s] [ 70%] [32mBuilding CXX object CMakeFiles/moveit_save_to_warehouse.dir/src/save_to_warehouse.cpp.o[0m
[23.100s] [ 70%] [32mBuilding CXX object CMakeFiles/moveit_init_demo_warehouse.dir/src/initialize_demo_db.cpp.o[0m
[23.100s] [ 70%] [32mBuilding CXX object CMakeFiles/moveit_warehouse_broadcast.dir/src/broadcast.cpp.o[0m
[23.100s] [ 70%] [32mBuilding CXX object CMakeFiles/moveit_warehouse_save_as_text.dir/src/save_as_text.cpp.o[0m
[23.100s] [ 70%] [32mBuilding CXX object CMakeFiles/moveit_warehouse_import_from_text.dir/src/import_from_text.cpp.o[0m
[35.181s] [ 75%] [32m[1mLinking CXX executable moveit_warehouse_services[0m
[35.416s] [ 75%] Built target moveit_warehouse_services
[35.742s] [ 80%] [32m[1mLinking CXX executable moveit_warehouse_import_from_text[0m
[35.946s] [ 85%] [32m[1mLinking CXX executable moveit_warehouse_broadcast[0m
[36.041s] [ 85%] Built target moveit_warehouse_import_from_text
[36.147s] [ 85%] Built target moveit_warehouse_broadcast
[36.411s] [ 90%] [32m[1mLinking CXX executable moveit_warehouse_save_as_text[0m
[37.033s] [ 90%] Built target moveit_warehouse_save_as_text
[37.432s] [ 95%] [32m[1mLinking CXX executable moveit_init_demo_warehouse[0m
[37.714s] [ 95%] Built target moveit_init_demo_warehouse
[46.188s] [100%] [32m[1mLinking CXX executable moveit_save_to_warehouse[0m
[46.451s] [100%] Built target moveit_save_to_warehouse
[46.457s] Invoked command in '/home/wzb/ros2ws/moveit_ws/build/moveit_ros_warehouse' returned '0': AMENT_PREFIX_PATH=/home/wzb/ros2ws/moveit_ws/install/moveit_ros_planning:/home/wzb/ros2ws/moveit_ws/install/moveit_ros_occupancy_map_monitor:/home/wzb/ros2ws/moveit_ws/install/moveit_core:/home/wzb/ros2ws/moveit_ws/install/moveit_resources_panda_moveit_config:/home/wzb/ros2ws/moveit_ws/install/moveit_resources_pr2_description:/home/wzb/ros2ws/moveit_ws/install/moveit_resources_panda_description:/home/wzb/ros2ws/moveit_ws/install/moveit_msgs:/home/wzb/ros2ws/moveit_ws/install/moveit_configs_utils:/home/wzb/ros2ws/moveit_ws/install/moveit_common:${AMENT_PREFIX_PATH} CMAKE_PREFIX_PATH=/home/wzb/ros2ws/moveit_ws/install/moveit_ros_planning:/home/wzb/ros2ws/moveit_ws/install/moveit_ros_occupancy_map_monitor:/home/wzb/ros2ws/moveit_ws/install/moveit_core:/home/wzb/ros2ws/moveit_ws/install/moveit_resources_panda_moveit_config:/home/wzb/ros2ws/moveit_ws/install/moveit_resources_pr2_description:/home/wzb/ros2ws/moveit_ws/install/moveit_resources_panda_description:/home/wzb/ros2ws/moveit_ws/install/moveit_msgs:/home/wzb/ros2ws/moveit_ws/install/moveit_common:/opt/ros/humble LD_LIBRARY_PATH=/home/wzb/ros2ws/moveit_ws/install/moveit_ros_planning/lib:/home/wzb/ros2ws/moveit_ws/install/moveit_ros_occupancy_map_monitor/lib:/home/wzb/ros2ws/moveit_ws/install/moveit_core/lib:/home/wzb/ros2ws/moveit_ws/install/moveit_msgs/lib:${LD_LIBRARY_PATH} PATH=/home/wzb/ros2ws/moveit_ws/install/moveit_core/bin:${PATH} PYTHONPATH=/home/wzb/ros2ws/moveit_ws/install/moveit_msgs/local/lib/python3.10/dist-packages:/home/wzb/ros2ws/moveit_ws/install/moveit_configs_utils/lib/python3.10/site-packages:${PYTHONPATH} /usr/bin/cmake --build /home/wzb/ros2ws/moveit_ws/build/moveit_ros_warehouse -- -j20 -l20
[46.457s] Invoking command in '/home/wzb/ros2ws/moveit_ws/build/moveit_ros_warehouse': AMENT_PREFIX_PATH=/home/wzb/ros2ws/moveit_ws/install/moveit_ros_planning:/home/wzb/ros2ws/moveit_ws/install/moveit_ros_occupancy_map_monitor:/home/wzb/ros2ws/moveit_ws/install/moveit_core:/home/wzb/ros2ws/moveit_ws/install/moveit_resources_panda_moveit_config:/home/wzb/ros2ws/moveit_ws/install/moveit_resources_pr2_description:/home/wzb/ros2ws/moveit_ws/install/moveit_resources_panda_description:/home/wzb/ros2ws/moveit_ws/install/moveit_msgs:/home/wzb/ros2ws/moveit_ws/install/moveit_configs_utils:/home/wzb/ros2ws/moveit_ws/install/moveit_common:${AMENT_PREFIX_PATH} CMAKE_PREFIX_PATH=/home/wzb/ros2ws/moveit_ws/install/moveit_ros_planning:/home/wzb/ros2ws/moveit_ws/install/moveit_ros_occupancy_map_monitor:/home/wzb/ros2ws/moveit_ws/install/moveit_core:/home/wzb/ros2ws/moveit_ws/install/moveit_resources_panda_moveit_config:/home/wzb/ros2ws/moveit_ws/install/moveit_resources_pr2_description:/home/wzb/ros2ws/moveit_ws/install/moveit_resources_panda_description:/home/wzb/ros2ws/moveit_ws/install/moveit_msgs:/home/wzb/ros2ws/moveit_ws/install/moveit_common:/opt/ros/humble LD_LIBRARY_PATH=/home/wzb/ros2ws/moveit_ws/install/moveit_ros_planning/lib:/home/wzb/ros2ws/moveit_ws/install/moveit_ros_occupancy_map_monitor/lib:/home/wzb/ros2ws/moveit_ws/install/moveit_core/lib:/home/wzb/ros2ws/moveit_ws/install/moveit_msgs/lib:${LD_LIBRARY_PATH} PATH=/home/wzb/ros2ws/moveit_ws/install/moveit_core/bin:${PATH} PYTHONPATH=/home/wzb/ros2ws/moveit_ws/install/moveit_msgs/local/lib/python3.10/dist-packages:/home/wzb/ros2ws/moveit_ws/install/moveit_configs_utils/lib/python3.10/site-packages:${PYTHONPATH} /usr/bin/cmake --install /home/wzb/ros2ws/moveit_ws/build/moveit_ros_warehouse
[46.461s] -- Install configuration: "Release"
[46.461s] -- Installing: /home/wzb/ros2ws/moveit_ws/install/moveit_ros_warehouse/lib/moveit_ros_warehouse/moveit_save_to_warehouse
[46.462s] -- Set runtime path of "/home/wzb/ros2ws/moveit_ws/install/moveit_ros_warehouse/lib/moveit_ros_warehouse/moveit_save_to_warehouse" to ""
[46.462s] -- Installing: /home/wzb/ros2ws/moveit_ws/install/moveit_ros_warehouse/lib/moveit_ros_warehouse/moveit_warehouse_broadcast
[46.463s] -- Set runtime path of "/home/wzb/ros2ws/moveit_ws/install/moveit_ros_warehouse/lib/moveit_ros_warehouse/moveit_warehouse_broadcast" to ""
[46.463s] -- Installing: /home/wzb/ros2ws/moveit_ws/install/moveit_ros_warehouse/lib/moveit_ros_warehouse/moveit_warehouse_import_from_text
[46.463s] -- Set runtime path of "/home/wzb/ros2ws/moveit_ws/install/moveit_ros_warehouse/lib/moveit_ros_warehouse/moveit_warehouse_import_from_text" to ""
[46.463s] -- Installing: /home/wzb/ros2ws/moveit_ws/install/moveit_ros_warehouse/lib/moveit_ros_warehouse/moveit_warehouse_save_as_text
[46.463s] -- Set runtime path of "/home/wzb/ros2ws/moveit_ws/install/moveit_ros_warehouse/lib/moveit_ros_warehouse/moveit_warehouse_save_as_text" to ""
[46.463s] -- Installing: /home/wzb/ros2ws/moveit_ws/install/moveit_ros_warehouse/lib/moveit_ros_warehouse/moveit_init_demo_warehouse
[46.463s] -- Set runtime path of "/home/wzb/ros2ws/moveit_ws/install/moveit_ros_warehouse/lib/moveit_ros_warehouse/moveit_init_demo_warehouse" to ""
[46.463s] -- Installing: /home/wzb/ros2ws/moveit_ws/install/moveit_ros_warehouse/lib/moveit_ros_warehouse/moveit_warehouse_services
[46.464s] -- Set runtime path of "/home/wzb/ros2ws/moveit_ws/install/moveit_ros_warehouse/lib/moveit_ros_warehouse/moveit_warehouse_services" to ""
[46.464s] -- Installing: /home/wzb/ros2ws/moveit_ws/install/moveit_ros_warehouse/include/moveit_ros_warehouse
[46.464s] -- Installing: /home/wzb/ros2ws/moveit_ws/install/moveit_ros_warehouse/include/moveit_ros_warehouse/moveit
[46.464s] -- Installing: /home/wzb/ros2ws/moveit_ws/install/moveit_ros_warehouse/include/moveit_ros_warehouse/moveit/warehouse
[46.464s] -- Installing: /home/wzb/ros2ws/moveit_ws/install/moveit_ros_warehouse/include/moveit_ros_warehouse/moveit/warehouse/constraints_storage.hpp
[46.464s] -- Installing: /home/wzb/ros2ws/moveit_ws/install/moveit_ros_warehouse/include/moveit_ros_warehouse/moveit/warehouse/trajectory_constraints_storage.hpp
[46.464s] -- Installing: /home/wzb/ros2ws/moveit_ws/install/moveit_ros_warehouse/include/moveit_ros_warehouse/moveit/warehouse/moveit_message_storage.h
[46.464s] -- Installing: /home/wzb/ros2ws/moveit_ws/install/moveit_ros_warehouse/include/moveit_ros_warehouse/moveit/warehouse/moveit_message_storage.hpp
[46.464s] -- Installing: /home/wzb/ros2ws/moveit_ws/install/moveit_ros_warehouse/include/moveit_ros_warehouse/moveit/warehouse/state_storage.hpp
[46.464s] -- Installing: /home/wzb/ros2ws/moveit_ws/install/moveit_ros_warehouse/include/moveit_ros_warehouse/moveit/warehouse/trajectory_constraints_storage.h
[46.464s] -- Installing: /home/wzb/ros2ws/moveit_ws/install/moveit_ros_warehouse/include/moveit_ros_warehouse/moveit/warehouse/state_storage.h
[46.464s] -- Installing: /home/wzb/ros2ws/moveit_ws/install/moveit_ros_warehouse/include/moveit_ros_warehouse/moveit/warehouse/warehouse_connector.hpp
[46.464s] -- Installing: /home/wzb/ros2ws/moveit_ws/install/moveit_ros_warehouse/include/moveit_ros_warehouse/moveit/warehouse/planning_scene_storage.hpp
[46.465s] -- Installing: /home/wzb/ros2ws/moveit_ws/install/moveit_ros_warehouse/include/moveit_ros_warehouse/moveit/warehouse/planning_scene_storage.h
[46.465s] -- Installing: /home/wzb/ros2ws/moveit_ws/install/moveit_ros_warehouse/include/moveit_ros_warehouse/moveit/warehouse/planning_scene_world_storage.h
[46.465s] -- Installing: /home/wzb/ros2ws/moveit_ws/install/moveit_ros_warehouse/include/moveit_ros_warehouse/moveit/warehouse/warehouse_connector.h
[46.465s] -- Installing: /home/wzb/ros2ws/moveit_ws/install/moveit_ros_warehouse/include/moveit_ros_warehouse/moveit/warehouse/planning_scene_world_storage.hpp
[46.465s] -- Installing: /home/wzb/ros2ws/moveit_ws/install/moveit_ros_warehouse/include/moveit_ros_warehouse/moveit/warehouse/constraints_storage.h
[46.465s] -- Installing: /home/wzb/ros2ws/moveit_ws/install/moveit_ros_warehouse/include/moveit_ros_warehouse/moveit_warehouse_export.h
[46.465s] -- Installing: /home/wzb/ros2ws/moveit_ws/install/moveit_ros_warehouse/lib/libmoveit_warehouse.so.2.14.1
[46.465s] -- Set runtime path of "/home/wzb/ros2ws/moveit_ws/install/moveit_ros_warehouse/lib/libmoveit_warehouse.so.2.14.1" to ""
[46.465s] -- Installing: /home/wzb/ros2ws/moveit_ws/install/moveit_ros_warehouse/lib/libmoveit_warehouse.so
[46.465s] -- Installing: /home/wzb/ros2ws/moveit_ws/install/moveit_ros_warehouse/share/moveit_ros_warehouse/environment/library_path.sh
[46.465s] -- Installing: /home/wzb/ros2ws/moveit_ws/install/moveit_ros_warehouse/share/moveit_ros_warehouse/environment/library_path.dsv
[46.465s] -- Installing: /home/wzb/ros2ws/moveit_ws/install/moveit_ros_warehouse/share/ament_index/resource_index/package_run_dependencies/moveit_ros_warehouse
[46.465s] -- Installing: /home/wzb/ros2ws/moveit_ws/install/moveit_ros_warehouse/share/ament_index/resource_index/parent_prefix_path/moveit_ros_warehouse
[46.465s] -- Installing: /home/wzb/ros2ws/moveit_ws/install/moveit_ros_warehouse/share/moveit_ros_warehouse/environment/ament_prefix_path.sh
[46.466s] -- Installing: /home/wzb/ros2ws/moveit_ws/install/moveit_ros_warehouse/share/moveit_ros_warehouse/environment/ament_prefix_path.dsv
[46.466s] -- Installing: /home/wzb/ros2ws/moveit_ws/install/moveit_ros_warehouse/share/moveit_ros_warehouse/environment/path.sh
[46.466s] -- Installing: /home/wzb/ros2ws/moveit_ws/install/moveit_ros_warehouse/share/moveit_ros_warehouse/environment/path.dsv
[46.466s] -- Installing: /home/wzb/ros2ws/moveit_ws/install/moveit_ros_warehouse/share/moveit_ros_warehouse/local_setup.bash
[46.466s] -- Installing: /home/wzb/ros2ws/moveit_ws/install/moveit_ros_warehouse/share/moveit_ros_warehouse/local_setup.sh
[46.466s] -- Installing: /home/wzb/ros2ws/moveit_ws/install/moveit_ros_warehouse/share/moveit_ros_warehouse/local_setup.zsh
[46.466s] -- Installing: /home/wzb/ros2ws/moveit_ws/install/moveit_ros_warehouse/share/moveit_ros_warehouse/local_setup.dsv
[46.466s] -- Installing: /home/wzb/ros2ws/moveit_ws/install/moveit_ros_warehouse/share/moveit_ros_warehouse/package.dsv
[46.466s] -- Installing: /home/wzb/ros2ws/moveit_ws/install/moveit_ros_warehouse/share/ament_index/resource_index/packages/moveit_ros_warehouse
[46.466s] -- Installing: /home/wzb/ros2ws/moveit_ws/install/moveit_ros_warehouse/share/moveit_ros_warehouse/cmake/moveit_ros_warehouseTargetsExport.cmake
[46.466s] -- Installing: /home/wzb/ros2ws/moveit_ws/install/moveit_ros_warehouse/share/moveit_ros_warehouse/cmake/moveit_ros_warehouseTargetsExport-release.cmake
[46.466s] -- Installing: /home/wzb/ros2ws/moveit_ws/install/moveit_ros_warehouse/share/moveit_ros_warehouse/cmake/ConfigExtras.cmake
[46.466s] -- Installing: /home/wzb/ros2ws/moveit_ws/install/moveit_ros_warehouse/share/moveit_ros_warehouse/cmake/ament_cmake_export_targets-extras.cmake
[46.467s] -- Installing: /home/wzb/ros2ws/moveit_ws/install/moveit_ros_warehouse/share/moveit_ros_warehouse/cmake/ament_cmake_export_dependencies-extras.cmake
[46.467s] -- Installing: /home/wzb/ros2ws/moveit_ws/install/moveit_ros_warehouse/share/moveit_ros_warehouse/cmake/moveit_ros_warehouseConfig.cmake
[46.467s] -- Installing: /home/wzb/ros2ws/moveit_ws/install/moveit_ros_warehouse/share/moveit_ros_warehouse/cmake/moveit_ros_warehouseConfig-version.cmake
[46.467s] -- Installing: /home/wzb/ros2ws/moveit_ws/install/moveit_ros_warehouse/share/moveit_ros_warehouse/package.xml
[46.468s] Invoked command in '/home/wzb/ros2ws/moveit_ws/build/moveit_ros_warehouse' returned '0': AMENT_PREFIX_PATH=/home/wzb/ros2ws/moveit_ws/install/moveit_ros_planning:/home/wzb/ros2ws/moveit_ws/install/moveit_ros_occupancy_map_monitor:/home/wzb/ros2ws/moveit_ws/install/moveit_core:/home/wzb/ros2ws/moveit_ws/install/moveit_resources_panda_moveit_config:/home/wzb/ros2ws/moveit_ws/install/moveit_resources_pr2_description:/home/wzb/ros2ws/moveit_ws/install/moveit_resources_panda_description:/home/wzb/ros2ws/moveit_ws/install/moveit_msgs:/home/wzb/ros2ws/moveit_ws/install/moveit_configs_utils:/home/wzb/ros2ws/moveit_ws/install/moveit_common:${AMENT_PREFIX_PATH} CMAKE_PREFIX_PATH=/home/wzb/ros2ws/moveit_ws/install/moveit_ros_planning:/home/wzb/ros2ws/moveit_ws/install/moveit_ros_occupancy_map_monitor:/home/wzb/ros2ws/moveit_ws/install/moveit_core:/home/wzb/ros2ws/moveit_ws/install/moveit_resources_panda_moveit_config:/home/wzb/ros2ws/moveit_ws/install/moveit_resources_pr2_description:/home/wzb/ros2ws/moveit_ws/install/moveit_resources_panda_description:/home/wzb/ros2ws/moveit_ws/install/moveit_msgs:/home/wzb/ros2ws/moveit_ws/install/moveit_common:/opt/ros/humble LD_LIBRARY_PATH=/home/wzb/ros2ws/moveit_ws/install/moveit_ros_planning/lib:/home/wzb/ros2ws/moveit_ws/install/moveit_ros_occupancy_map_monitor/lib:/home/wzb/ros2ws/moveit_ws/install/moveit_core/lib:/home/wzb/ros2ws/moveit_ws/install/moveit_msgs/lib:${LD_LIBRARY_PATH} PATH=/home/wzb/ros2ws/moveit_ws/install/moveit_core/bin:${PATH} PYTHONPATH=/home/wzb/ros2ws/moveit_ws/install/moveit_msgs/local/lib/python3.10/dist-packages:/home/wzb/ros2ws/moveit_ws/install/moveit_configs_utils/lib/python3.10/site-packages:${PYTHONPATH} /usr/bin/cmake --install /home/wzb/ros2ws/moveit_ws/build/moveit_ros_warehouse
