[0.053s] DEBUG:colcon:Command line arguments: ['/usr/bin/colcon', 'build']
[0.053s] DEBUG:colcon:Parsed command line arguments: Namespace(log_base=None, log_level=None, verb_name='build', build_base='build', install_base='install', merge_install=False, symlink_install=False, test_result_base=None, continue_on_error=False, executor='parallel', parallel_workers=20, event_handlers=None, ignore_user_meta=False, metas=['./colcon.meta'], base_paths=['.'], packages_ignore=None, packages_ignore_regex=None, paths=None, packages_up_to=None, packages_up_to_regex=None, packages_above=None, packages_above_and_dependencies=None, packages_above_depth=None, packages_select_by_dep=None, packages_skip_by_dep=None, packages_skip_up_to=None, packages_select_build_failed=False, packages_skip_build_finished=False, packages_select_test_failures=False, packages_skip_test_passed=False, packages_select=None, packages_skip=None, packages_select_regex=None, packages_skip_regex=None, packages_start=None, packages_end=None, allow_overriding=[], cmake_args=None, cmake_target=None, cmake_target_skip_unavailable=False, cmake_clean_cache=False, cmake_clean_first=False, cmake_force_configure=False, ament_cmake_args=None, catkin_cmake_args=None, catkin_skip_building_tests=False, verb_parser=<colcon_defaults.argument_parser.defaults.DefaultArgumentsDecorator object at 0x7a98bbe4db40>, verb_extension=<colcon_core.verb.build.BuildVerb object at 0x7a98bbf3f580>, main=<bound method BuildVerb.main of <colcon_core.verb.build.BuildVerb object at 0x7a98bbf3f580>>)
[0.129s] Level 1:colcon.colcon_core.package_discovery:discover_packages(colcon_meta) check parameters
[0.129s] Level 1:colcon.colcon_core.package_discovery:discover_packages(recursive) check parameters
[0.129s] Level 1:colcon.colcon_core.package_discovery:discover_packages(ignore) check parameters
[0.129s] Level 1:colcon.colcon_core.package_discovery:discover_packages(path) check parameters
[0.129s] Level 1:colcon.colcon_core.package_discovery:discover_packages(colcon_meta) discover
[0.129s] Level 1:colcon.colcon_core.package_discovery:discover_packages(recursive) discover
[0.129s] INFO:colcon.colcon_core.package_discovery:Crawling recursively for packages in '/home/wzb/ros2ws/coffee_ws'
[0.129s] Level 1:colcon.colcon_core.package_identification:_identify(.) by extensions ['ignore', 'ignore_ament_install']
[0.129s] Level 1:colcon.colcon_core.package_identification:_identify(.) by extension 'ignore'
[0.129s] Level 1:colcon.colcon_core.package_identification:_identify(.) by extension 'ignore_ament_install'
[0.129s] Level 1:colcon.colcon_core.package_identification:_identify(.) by extensions ['colcon_pkg']
[0.129s] Level 1:colcon.colcon_core.package_identification:_identify(.) by extension 'colcon_pkg'
[0.129s] Level 1:colcon.colcon_core.package_identification:_identify(.) by extensions ['colcon_meta']
[0.129s] Level 1:colcon.colcon_core.package_identification:_identify(.) by extension 'colcon_meta'
[0.129s] Level 1:colcon.colcon_core.package_identification:_identify(.) by extensions ['ros']
[0.129s] Level 1:colcon.colcon_core.package_identification:_identify(.) by extension 'ros'
[0.135s] Level 1:colcon.colcon_core.package_identification:_identify(.) by extensions ['cmake', 'python']
[0.135s] Level 1:colcon.colcon_core.package_identification:_identify(.) by extension 'cmake'
[0.135s] Level 1:colcon.colcon_core.package_identification:_identify(.) by extension 'python'
[0.135s] Level 1:colcon.colcon_core.package_identification:_identify(.) by extensions ['python_setup_py']
[0.135s] Level 1:colcon.colcon_core.package_identification:_identify(.) by extension 'python_setup_py'
[0.135s] Level 1:colcon.colcon_core.package_identification:_identify(build) by extensions ['ignore', 'ignore_ament_install']
[0.135s] Level 1:colcon.colcon_core.package_identification:_identify(build) by extension 'ignore'
[0.135s] Level 1:colcon.colcon_core.package_identification:_identify(build) ignored
[0.135s] Level 1:colcon.colcon_core.package_identification:_identify(install) by extensions ['ignore', 'ignore_ament_install']
[0.136s] Level 1:colcon.colcon_core.package_identification:_identify(install) by extension 'ignore'
[0.136s] Level 1:colcon.colcon_core.package_identification:_identify(install) ignored
[0.136s] Level 1:colcon.colcon_core.package_identification:_identify(log) by extensions ['ignore', 'ignore_ament_install']
[0.136s] Level 1:colcon.colcon_core.package_identification:_identify(log) by extension 'ignore'
[0.136s] Level 1:colcon.colcon_core.package_identification:_identify(log) ignored
[0.136s] Level 1:colcon.colcon_core.package_identification:_identify(src) by extensions ['ignore', 'ignore_ament_install']
[0.136s] Level 1:colcon.colcon_core.package_identification:_identify(src) by extension 'ignore'
[0.136s] Level 1:colcon.colcon_core.package_identification:_identify(src) by extension 'ignore_ament_install'
[0.136s] Level 1:colcon.colcon_core.package_identification:_identify(src) by extensions ['colcon_pkg']
[0.136s] Level 1:colcon.colcon_core.package_identification:_identify(src) by extension 'colcon_pkg'
[0.136s] Level 1:colcon.colcon_core.package_identification:_identify(src) by extensions ['colcon_meta']
[0.136s] Level 1:colcon.colcon_core.package_identification:_identify(src) by extension 'colcon_meta'
[0.136s] Level 1:colcon.colcon_core.package_identification:_identify(src) by extensions ['ros']
[0.136s] Level 1:colcon.colcon_core.package_identification:_identify(src) by extension 'ros'
[0.136s] Level 1:colcon.colcon_core.package_identification:_identify(src) by extensions ['cmake', 'python']
[0.136s] Level 1:colcon.colcon_core.package_identification:_identify(src) by extension 'cmake'
[0.136s] Level 1:colcon.colcon_core.package_identification:_identify(src) by extension 'python'
[0.136s] Level 1:colcon.colcon_core.package_identification:_identify(src) by extensions ['python_setup_py']
[0.136s] Level 1:colcon.colcon_core.package_identification:_identify(src) by extension 'python_setup_py'
[0.136s] Level 1:colcon.colcon_core.package_identification:_identify(src/coffee_detect) by extensions ['ignore', 'ignore_ament_install']
[0.136s] Level 1:colcon.colcon_core.package_identification:_identify(src/coffee_detect) by extension 'ignore'
[0.136s] Level 1:colcon.colcon_core.package_identification:_identify(src/coffee_detect) by extension 'ignore_ament_install'
[0.136s] Level 1:colcon.colcon_core.package_identification:_identify(src/coffee_detect) by extensions ['colcon_pkg']
[0.136s] Level 1:colcon.colcon_core.package_identification:_identify(src/coffee_detect) by extension 'colcon_pkg'
[0.136s] Level 1:colcon.colcon_core.package_identification:_identify(src/coffee_detect) by extensions ['colcon_meta']
[0.136s] Level 1:colcon.colcon_core.package_identification:_identify(src/coffee_detect) by extension 'colcon_meta'
[0.136s] Level 1:colcon.colcon_core.package_identification:_identify(src/coffee_detect) by extensions ['ros']
[0.136s] Level 1:colcon.colcon_core.package_identification:_identify(src/coffee_detect) by extension 'ros'
[0.138s] DEBUG:colcon.colcon_core.package_identification:Package 'src/coffee_detect' with type 'ros.ament_cmake' and name 'coffee_detect'
[0.138s] Level 1:colcon.colcon_core.package_discovery:discover_packages(recursive) using defaults
[0.138s] Level 1:colcon.colcon_core.package_discovery:discover_packages(ignore) discover
[0.138s] Level 1:colcon.colcon_core.package_discovery:discover_packages(ignore) using defaults
[0.138s] Level 1:colcon.colcon_core.package_discovery:discover_packages(path) discover
[0.138s] Level 1:colcon.colcon_core.package_discovery:discover_packages(path) using defaults
[0.149s] Level 1:colcon.colcon_core.package_discovery:discover_packages(prefix_path) check parameters
[0.149s] Level 1:colcon.colcon_core.package_discovery:discover_packages(prefix_path) discover
[0.155s] DEBUG:colcon.colcon_installed_package_information.package_discovery:Found 4 installed packages in /home/wzb/ros2ws/trac_ws/install
[0.155s] DEBUG:colcon.colcon_installed_package_information.package_discovery:Found 3 installed packages in /home/wzb/ros2ws/orbbec_ws/install
[0.155s] DEBUG:colcon.colcon_installed_package_information.package_discovery:Found 8 installed packages in /home/wzb/ros2ws/my_piper_ros/install
[0.156s] DEBUG:colcon.colcon_installed_package_information.package_discovery:Found 49 installed packages in /home/wzb/ros2ws/moveit_ws/install
[0.157s] DEBUG:colcon.colcon_installed_package_information.package_discovery:Found 344 installed packages in /opt/ros/humble
[0.157s] Level 1:colcon.colcon_core.package_discovery:discover_packages(prefix_path) using defaults
[0.179s] Level 5:colcon.colcon_core.verb:set package 'coffee_detect' build argument 'cmake_args' from command line to 'None'
[0.179s] Level 5:colcon.colcon_core.verb:set package 'coffee_detect' build argument 'cmake_target' from command line to 'None'
[0.179s] Level 5:colcon.colcon_core.verb:set package 'coffee_detect' build argument 'cmake_target_skip_unavailable' from command line to 'False'
[0.179s] Level 5:colcon.colcon_core.verb:set package 'coffee_detect' build argument 'cmake_clean_cache' from command line to 'False'
[0.179s] Level 5:colcon.colcon_core.verb:set package 'coffee_detect' build argument 'cmake_clean_first' from command line to 'False'
[0.179s] Level 5:colcon.colcon_core.verb:set package 'coffee_detect' build argument 'cmake_force_configure' from command line to 'False'
[0.179s] Level 5:colcon.colcon_core.verb:set package 'coffee_detect' build argument 'ament_cmake_args' from command line to 'None'
[0.179s] Level 5:colcon.colcon_core.verb:set package 'coffee_detect' build argument 'catkin_cmake_args' from command line to 'None'
[0.179s] Level 5:colcon.colcon_core.verb:set package 'coffee_detect' build argument 'catkin_skip_building_tests' from command line to 'False'
[0.179s] DEBUG:colcon.colcon_core.verb:Building package 'coffee_detect' with the following arguments: {'ament_cmake_args': None, 'build_base': '/home/wzb/ros2ws/coffee_ws/build/coffee_detect', 'catkin_cmake_args': None, 'catkin_skip_building_tests': False, 'cmake_args': None, 'cmake_clean_cache': False, 'cmake_clean_first': False, 'cmake_force_configure': False, 'cmake_target': None, 'cmake_target_skip_unavailable': False, 'install_base': '/home/wzb/ros2ws/coffee_ws/install/coffee_detect', 'merge_install': False, 'path': '/home/wzb/ros2ws/coffee_ws/src/coffee_detect', 'symlink_install': False, 'test_result_base': None}
[0.179s] INFO:colcon.colcon_core.executor:Executing jobs using 'parallel' executor
[0.180s] DEBUG:colcon.colcon_parallel_executor.executor.parallel:run_until_complete
[0.180s] INFO:colcon.colcon_ros.task.ament_cmake.build:Building ROS package in '/home/wzb/ros2ws/coffee_ws/src/coffee_detect' with build type 'ament_cmake'
[0.180s] INFO:colcon.colcon_cmake.task.cmake.build:Building CMake package in '/home/wzb/ros2ws/coffee_ws/src/coffee_detect'
[0.181s] INFO:colcon.colcon_core.plugin_system:Skipping extension 'colcon_core.shell.bat': Not used on non-Windows systems
[0.181s] INFO:colcon.colcon_core.shell:Skip shell extension 'powershell' for command environment: Not usable outside of PowerShell
[0.181s] DEBUG:colcon.colcon_core.shell:Skip shell extension 'dsv' for command environment
[0.190s] DEBUG:colcon.colcon_core.event_handler.log_command:Invoking command in '/home/wzb/ros2ws/coffee_ws/build/coffee_detect': CMAKE_PREFIX_PATH=${CMAKE_PREFIX_PATH}:/home/wzb/ros2ws/moveit_ws/install/moveit_configs_utils:/home/wzb/ros2ws/my_piper_ros/install/piper:/opt/ros/humble /usr/bin/cmake --build /home/wzb/ros2ws/coffee_ws/build/coffee_detect -- -j20 -l20
[0.382s] DEBUG:colcon.colcon_core.event_handler.log_command:Invoked command in '/home/wzb/ros2ws/coffee_ws/build/coffee_detect' returned '0': CMAKE_PREFIX_PATH=${CMAKE_PREFIX_PATH}:/home/wzb/ros2ws/moveit_ws/install/moveit_configs_utils:/home/wzb/ros2ws/my_piper_ros/install/piper:/opt/ros/humble /usr/bin/cmake --build /home/wzb/ros2ws/coffee_ws/build/coffee_detect -- -j20 -l20
[0.388s] DEBUG:colcon.colcon_core.event_handler.log_command:Invoking command in '/home/wzb/ros2ws/coffee_ws/build/coffee_detect': CMAKE_PREFIX_PATH=${CMAKE_PREFIX_PATH}:/home/wzb/ros2ws/moveit_ws/install/moveit_configs_utils:/home/wzb/ros2ws/my_piper_ros/install/piper:/opt/ros/humble /usr/bin/cmake --install /home/wzb/ros2ws/coffee_ws/build/coffee_detect
[0.417s] Level 1:colcon.colcon_core.environment:create_environment_scripts_only(coffee_detect)
[0.417s] DEBUG:colcon.colcon_core.event_handler.log_command:Invoked command in '/home/wzb/ros2ws/coffee_ws/build/coffee_detect' returned '0': CMAKE_PREFIX_PATH=${CMAKE_PREFIX_PATH}:/home/wzb/ros2ws/moveit_ws/install/moveit_configs_utils:/home/wzb/ros2ws/my_piper_ros/install/piper:/opt/ros/humble /usr/bin/cmake --install /home/wzb/ros2ws/coffee_ws/build/coffee_detect
[0.419s] Level 1:colcon.colcon_core.environment:checking '/home/wzb/ros2ws/coffee_ws/install/coffee_detect' for CMake module files
[0.420s] Level 1:colcon.colcon_core.environment:checking '/home/wzb/ros2ws/coffee_ws/install/coffee_detect' for CMake config files
[0.420s] Level 1:colcon.colcon_core.shell:create_environment_hook('coffee_detect', 'cmake_prefix_path')
[0.420s] INFO:colcon.colcon_core.shell:Creating environment hook '/home/wzb/ros2ws/coffee_ws/install/coffee_detect/share/coffee_detect/hook/cmake_prefix_path.ps1'
[0.420s] INFO:colcon.colcon_core.shell:Creating environment descriptor '/home/wzb/ros2ws/coffee_ws/install/coffee_detect/share/coffee_detect/hook/cmake_prefix_path.dsv'
[0.421s] INFO:colcon.colcon_core.shell:Creating environment hook '/home/wzb/ros2ws/coffee_ws/install/coffee_detect/share/coffee_detect/hook/cmake_prefix_path.sh'
[0.421s] Level 1:colcon.colcon_core.environment:checking '/home/wzb/ros2ws/coffee_ws/install/coffee_detect/lib'
[0.421s] Level 1:colcon.colcon_core.environment:checking '/home/wzb/ros2ws/coffee_ws/install/coffee_detect/bin'
[0.421s] Level 1:colcon.colcon_core.environment:checking '/home/wzb/ros2ws/coffee_ws/install/coffee_detect/lib/pkgconfig/coffee_detect.pc'
[0.421s] Level 1:colcon.colcon_core.environment:checking '/home/wzb/ros2ws/coffee_ws/install/coffee_detect/lib/python3.10/site-packages'
[0.422s] Level 1:colcon.colcon_core.environment:checking '/home/wzb/ros2ws/coffee_ws/install/coffee_detect/bin'
[0.422s] INFO:colcon.colcon_core.shell:Creating package script '/home/wzb/ros2ws/coffee_ws/install/coffee_detect/share/coffee_detect/package.ps1'
[0.422s] INFO:colcon.colcon_core.shell:Creating package descriptor '/home/wzb/ros2ws/coffee_ws/install/coffee_detect/share/coffee_detect/package.dsv'
[0.422s] INFO:colcon.colcon_core.shell:Creating package script '/home/wzb/ros2ws/coffee_ws/install/coffee_detect/share/coffee_detect/package.sh'
[0.423s] INFO:colcon.colcon_core.shell:Creating package script '/home/wzb/ros2ws/coffee_ws/install/coffee_detect/share/coffee_detect/package.bash'
[0.423s] INFO:colcon.colcon_core.shell:Creating package script '/home/wzb/ros2ws/coffee_ws/install/coffee_detect/share/coffee_detect/package.zsh'
[0.423s] Level 1:colcon.colcon_core.environment:create_file_with_runtime_dependencies(/home/wzb/ros2ws/coffee_ws/install/coffee_detect/share/colcon-core/packages/coffee_detect)
[0.424s] Level 1:colcon.colcon_core.environment:create_environment_scripts_only(coffee_detect)
[0.424s] Level 1:colcon.colcon_core.environment:checking '/home/wzb/ros2ws/coffee_ws/install/coffee_detect' for CMake module files
[0.424s] Level 1:colcon.colcon_core.environment:checking '/home/wzb/ros2ws/coffee_ws/install/coffee_detect' for CMake config files
[0.424s] Level 1:colcon.colcon_core.shell:create_environment_hook('coffee_detect', 'cmake_prefix_path')
[0.424s] INFO:colcon.colcon_core.shell:Creating environment hook '/home/wzb/ros2ws/coffee_ws/install/coffee_detect/share/coffee_detect/hook/cmake_prefix_path.ps1'
[0.424s] INFO:colcon.colcon_core.shell:Creating environment descriptor '/home/wzb/ros2ws/coffee_ws/install/coffee_detect/share/coffee_detect/hook/cmake_prefix_path.dsv'
[0.424s] INFO:colcon.colcon_core.shell:Creating environment hook '/home/wzb/ros2ws/coffee_ws/install/coffee_detect/share/coffee_detect/hook/cmake_prefix_path.sh'
[0.425s] Level 1:colcon.colcon_core.environment:checking '/home/wzb/ros2ws/coffee_ws/install/coffee_detect/lib'
[0.425s] Level 1:colcon.colcon_core.environment:checking '/home/wzb/ros2ws/coffee_ws/install/coffee_detect/bin'
[0.425s] Level 1:colcon.colcon_core.environment:checking '/home/wzb/ros2ws/coffee_ws/install/coffee_detect/lib/pkgconfig/coffee_detect.pc'
[0.425s] Level 1:colcon.colcon_core.environment:checking '/home/wzb/ros2ws/coffee_ws/install/coffee_detect/lib/python3.10/site-packages'
[0.425s] Level 1:colcon.colcon_core.environment:checking '/home/wzb/ros2ws/coffee_ws/install/coffee_detect/bin'
[0.425s] INFO:colcon.colcon_core.shell:Creating package script '/home/wzb/ros2ws/coffee_ws/install/coffee_detect/share/coffee_detect/package.ps1'
[0.426s] INFO:colcon.colcon_core.shell:Creating package descriptor '/home/wzb/ros2ws/coffee_ws/install/coffee_detect/share/coffee_detect/package.dsv'
[0.426s] INFO:colcon.colcon_core.shell:Creating package script '/home/wzb/ros2ws/coffee_ws/install/coffee_detect/share/coffee_detect/package.sh'
[0.426s] INFO:colcon.colcon_core.shell:Creating package script '/home/wzb/ros2ws/coffee_ws/install/coffee_detect/share/coffee_detect/package.bash'
[0.426s] INFO:colcon.colcon_core.shell:Creating package script '/home/wzb/ros2ws/coffee_ws/install/coffee_detect/share/coffee_detect/package.zsh'
[0.426s] Level 1:colcon.colcon_core.environment:create_file_with_runtime_dependencies(/home/wzb/ros2ws/coffee_ws/install/coffee_detect/share/colcon-core/packages/coffee_detect)
[0.426s] DEBUG:colcon.colcon_parallel_executor.executor.parallel:closing loop
[0.427s] DEBUG:colcon.colcon_parallel_executor.executor.parallel:loop closed
[0.427s] DEBUG:colcon.colcon_parallel_executor.executor.parallel:run_until_complete finished with '0'
[0.427s] DEBUG:colcon.colcon_core.event_reactor:joining thread
[0.429s] INFO:colcon.colcon_core.plugin_system:Skipping extension 'colcon_notification.desktop_notification.terminal_notifier': Not used on non-Darwin systems
[0.429s] INFO:colcon.colcon_core.plugin_system:Skipping extension 'colcon_notification.desktop_notification.win32': Not used on non-Windows systems
[0.429s] INFO:colcon.colcon_notification.desktop_notification:Sending desktop notification using 'notify2'
[0.436s] DEBUG:colcon.colcon_core.event_reactor:joined thread
[0.436s] INFO:colcon.colcon_core.shell:Creating prefix script '/home/wzb/ros2ws/coffee_ws/install/local_setup.ps1'
[0.437s] INFO:colcon.colcon_core.shell:Creating prefix util module '/home/wzb/ros2ws/coffee_ws/install/_local_setup_util_ps1.py'
[0.437s] INFO:colcon.colcon_core.shell:Creating prefix chain script '/home/wzb/ros2ws/coffee_ws/install/setup.ps1'
[0.439s] INFO:colcon.colcon_core.shell:Creating prefix script '/home/wzb/ros2ws/coffee_ws/install/local_setup.sh'
[0.439s] INFO:colcon.colcon_core.shell:Creating prefix util module '/home/wzb/ros2ws/coffee_ws/install/_local_setup_util_sh.py'
[0.440s] INFO:colcon.colcon_core.shell:Creating prefix chain script '/home/wzb/ros2ws/coffee_ws/install/setup.sh'
[0.441s] INFO:colcon.colcon_core.shell:Creating prefix script '/home/wzb/ros2ws/coffee_ws/install/local_setup.bash'
[0.441s] INFO:colcon.colcon_core.shell:Creating prefix chain script '/home/wzb/ros2ws/coffee_ws/install/setup.bash'
[0.443s] INFO:colcon.colcon_core.shell:Creating prefix script '/home/wzb/ros2ws/coffee_ws/install/local_setup.zsh'
[0.443s] INFO:colcon.colcon_core.shell:Creating prefix chain script '/home/wzb/ros2ws/coffee_ws/install/setup.zsh'
