[0.009s] Invoking command in '/home/wzb/ros2ws/orbbec_ws/build/orbbec_description': CMAKE_PREFIX_PATH=${CMAKE_PREFIX_PATH}:/home/wzb/ros2ws/moveit_ws/install/moveit_configs_utils:/home/wzb/ros2ws/my_piper_ros/install/piper:/opt/ros/humble /usr/bin/cmake /home/wzb/ros2ws/orbbec_ws/src/OrbbecSDK_ROS2/orbbec_description -DCMAKE_INSTALL_PREFIX=/home/wzb/ros2ws/orbbec_ws/install/orbbec_description
[0.028s] -- Found ament_cmake: 1.3.12 (/opt/ros/humble/share/ament_cmake/cmake)
[0.151s] -- Configuring done
[0.153s] -- Generating done
[0.154s] -- Build files have been written to: /home/wzb/ros2ws/orbbec_ws/build/orbbec_description
[0.156s] Invoked command in '/home/wzb/ros2ws/orbbec_ws/build/orbbec_description' returned '0': CMAKE_PREFIX_PATH=${CMAKE_PREFIX_PATH}:/home/wzb/ros2ws/moveit_ws/install/moveit_configs_utils:/home/wzb/ros2ws/my_piper_ros/install/piper:/opt/ros/humble /usr/bin/cmake /home/wzb/ros2ws/orbbec_ws/src/OrbbecSDK_ROS2/orbbec_description -DCMAKE_INSTALL_PREFIX=/home/wzb/ros2ws/orbbec_ws/install/orbbec_description
[0.157s] Invoking command in '/home/wzb/ros2ws/orbbec_ws/build/orbbec_description': CMAKE_PREFIX_PATH=${CMAKE_PREFIX_PATH}:/home/wzb/ros2ws/moveit_ws/install/moveit_configs_utils:/home/wzb/ros2ws/my_piper_ros/install/piper:/opt/ros/humble /usr/bin/cmake --build /home/wzb/ros2ws/orbbec_ws/build/orbbec_description -- -j20 -l20
[0.190s] Invoked command in '/home/wzb/ros2ws/orbbec_ws/build/orbbec_description' returned '0': CMAKE_PREFIX_PATH=${CMAKE_PREFIX_PATH}:/home/wzb/ros2ws/moveit_ws/install/moveit_configs_utils:/home/wzb/ros2ws/my_piper_ros/install/piper:/opt/ros/humble /usr/bin/cmake --build /home/wzb/ros2ws/orbbec_ws/build/orbbec_description -- -j20 -l20
[0.197s] Invoking command in '/home/wzb/ros2ws/orbbec_ws/build/orbbec_description': CMAKE_PREFIX_PATH=${CMAKE_PREFIX_PATH}:/home/wzb/ros2ws/moveit_ws/install/moveit_configs_utils:/home/wzb/ros2ws/my_piper_ros/install/piper:/opt/ros/humble /usr/bin/cmake --install /home/wzb/ros2ws/orbbec_ws/build/orbbec_description
[0.204s] -- Install configuration: "Release"
[0.204s] -- Up-to-date: /home/wzb/ros2ws/orbbec_ws/install/orbbec_description/share/orbbec_description/launch
[0.204s] -- Up-to-date: /home/wzb/ros2ws/orbbec_ws/install/orbbec_description/share/orbbec_description/launch/view_model.launch.py
[0.204s] -- Up-to-date: /home/wzb/ros2ws/orbbec_ws/install/orbbec_description/share/orbbec_description/launch/launch_utils.py
[0.204s] -- Up-to-date: /home/wzb/ros2ws/orbbec_ws/install/orbbec_description/share/orbbec_description/meshes
[0.205s] -- Up-to-date: /home/wzb/ros2ws/orbbec_ws/install/orbbec_description/share/orbbec_description/meshes/AstraPlus.stl
[0.205s] -- Up-to-date: /home/wzb/ros2ws/orbbec_ws/install/orbbec_description/share/orbbec_description/meshes/femto_bolt
[0.205s] -- Up-to-date: /home/wzb/ros2ws/orbbec_ws/install/orbbec_description/share/orbbec_description/meshes/femto_bolt/femto_bolt.stl
[0.205s] -- Up-to-date: /home/wzb/ros2ws/orbbec_ws/install/orbbec_description/share/orbbec_description/meshes/gemini335_336
[0.205s] -- Installing: /home/wzb/ros2ws/orbbec_ws/install/orbbec_description/share/orbbec_description/meshes/gemini335_336/camera_infra_1_frame.STL
[0.205s] -- Installing: /home/wzb/ros2ws/orbbec_ws/install/orbbec_description/share/orbbec_description/meshes/gemini335_336/camera_infra_1_optical_frame.STL
[0.205s] -- Up-to-date: /home/wzb/ros2ws/orbbec_ws/install/orbbec_description/share/orbbec_description/meshes/gemini335_336/camera_color_optical_frame.STL
[0.205s] -- Installing: /home/wzb/ros2ws/orbbec_ws/install/orbbec_description/share/orbbec_description/meshes/gemini335_336/camera_infra2_optical_frame.STL
[0.205s] -- Installing: /home/wzb/ros2ws/orbbec_ws/install/orbbec_description/share/orbbec_description/meshes/gemini335_336/camera_infra2_frame.STL
[0.205s] -- Up-to-date: /home/wzb/ros2ws/orbbec_ws/install/orbbec_description/share/orbbec_description/meshes/gemini335_336/camera_bottom_screw_frame.STL
[0.205s] -- Up-to-date: /home/wzb/ros2ws/orbbec_ws/install/orbbec_description/share/orbbec_description/meshes/gemini335_336/camera_depth_frame.STL
[0.205s] -- Up-to-date: /home/wzb/ros2ws/orbbec_ws/install/orbbec_description/share/orbbec_description/meshes/gemini335_336/camera_color_frame.STL
[0.205s] -- Up-to-date: /home/wzb/ros2ws/orbbec_ws/install/orbbec_description/share/orbbec_description/meshes/gemini335_336/camera_link.STL
[0.206s] -- Up-to-date: /home/wzb/ros2ws/orbbec_ws/install/orbbec_description/share/orbbec_description/meshes/gemini335_336/camera_depth_optical_frame.STL
[0.206s] -- Up-to-date: /home/wzb/ros2ws/orbbec_ws/install/orbbec_description/share/orbbec_description/urdf
[0.206s] -- Installing: /home/wzb/ros2ws/orbbec_ws/install/orbbec_description/share/orbbec_description/urdf/_gemini_335_336.urdf.xacro
[0.206s] -- Installing: /home/wzb/ros2ws/orbbec_ws/install/orbbec_description/share/orbbec_description/urdf/test_gemini_336.urdf.xarco
[0.206s] -- Up-to-date: /home/wzb/ros2ws/orbbec_ws/install/orbbec_description/share/orbbec_description/urdf/femto_bolt.urdf.xacro
[0.206s] -- Installing: /home/wzb/ros2ws/orbbec_ws/install/orbbec_description/share/orbbec_description/urdf/test_gemini_335.urdf.xarco
[0.206s] -- Up-to-date: /home/wzb/ros2ws/orbbec_ws/install/orbbec_description/share/orbbec_description/rviz
[0.206s] -- Installing: /home/wzb/ros2ws/orbbec_ws/install/orbbec_description/share/orbbec_description/rviz/urdf.rviz
[0.206s] -- Up-to-date: /home/wzb/ros2ws/orbbec_ws/install/orbbec_description/share/ament_index/resource_index/package_run_dependencies/orbbec_description
[0.206s] -- Installing: /home/wzb/ros2ws/orbbec_ws/install/orbbec_description/share/ament_index/resource_index/parent_prefix_path/orbbec_description
[0.206s] -- Up-to-date: /home/wzb/ros2ws/orbbec_ws/install/orbbec_description/share/orbbec_description/environment/ament_prefix_path.sh
[0.206s] -- Installing: /home/wzb/ros2ws/orbbec_ws/install/orbbec_description/share/orbbec_description/environment/ament_prefix_path.dsv
[0.206s] -- Up-to-date: /home/wzb/ros2ws/orbbec_ws/install/orbbec_description/share/orbbec_description/environment/path.sh
[0.206s] -- Installing: /home/wzb/ros2ws/orbbec_ws/install/orbbec_description/share/orbbec_description/environment/path.dsv
[0.206s] -- Up-to-date: /home/wzb/ros2ws/orbbec_ws/install/orbbec_description/share/orbbec_description/local_setup.bash
[0.207s] -- Up-to-date: /home/wzb/ros2ws/orbbec_ws/install/orbbec_description/share/orbbec_description/local_setup.sh
[0.207s] -- Up-to-date: /home/wzb/ros2ws/orbbec_ws/install/orbbec_description/share/orbbec_description/local_setup.zsh
[0.207s] -- Installing: /home/wzb/ros2ws/orbbec_ws/install/orbbec_description/share/orbbec_description/local_setup.dsv
[0.207s] -- Installing: /home/wzb/ros2ws/orbbec_ws/install/orbbec_description/share/orbbec_description/package.dsv
[0.207s] -- Up-to-date: /home/wzb/ros2ws/orbbec_ws/install/orbbec_description/share/ament_index/resource_index/packages/orbbec_description
[0.207s] -- Installing: /home/wzb/ros2ws/orbbec_ws/install/orbbec_description/share/orbbec_description/cmake/orbbec_descriptionConfig.cmake
[0.207s] -- Installing: /home/wzb/ros2ws/orbbec_ws/install/orbbec_description/share/orbbec_description/cmake/orbbec_descriptionConfig-version.cmake
[0.207s] -- Installing: /home/wzb/ros2ws/orbbec_ws/install/orbbec_description/share/orbbec_description/package.xml
[0.208s] Invoked command in '/home/wzb/ros2ws/orbbec_ws/build/orbbec_description' returned '0': CMAKE_PREFIX_PATH=${CMAKE_PREFIX_PATH}:/home/wzb/ros2ws/moveit_ws/install/moveit_configs_utils:/home/wzb/ros2ws/my_piper_ros/install/piper:/opt/ros/humble /usr/bin/cmake --install /home/wzb/ros2ws/orbbec_ws/build/orbbec_description
