[0.010s] Invoking command in '/home/wzb/ros2ws/moveit_ws/build/moveit_planners_ompl': AMENT_PREFIX_PATH=/home/wzb/ros2ws/moveit_ws/install/moveit_ros_planning:/home/wzb/ros2ws/moveit_ws/install/moveit_ros_occupancy_map_monitor:/home/wzb/ros2ws/moveit_ws/install/moveit_core:/home/wzb/ros2ws/moveit_ws/install/moveit_resources_panda_moveit_config:/home/wzb/ros2ws/moveit_ws/install/moveit_resources_fanuc_moveit_config:/home/wzb/ros2ws/moveit_ws/install/moveit_resources_pr2_description:/home/wzb/ros2ws/moveit_ws/install/moveit_resources_panda_description:/home/wzb/ros2ws/moveit_ws/install/moveit_resources_fanuc_description:/home/wzb/ros2ws/moveit_ws/install/moveit_msgs:/home/wzb/ros2ws/moveit_ws/install/moveit_configs_utils:/home/wzb/ros2ws/moveit_ws/install/moveit_common:${AMENT_PREFIX_PATH} CMAKE_PREFIX_PATH=/home/wzb/ros2ws/moveit_ws/install/moveit_ros_planning:/home/wzb/ros2ws/moveit_ws/install/moveit_ros_occupancy_map_monitor:/home/wzb/ros2ws/moveit_ws/install/moveit_core:/home/wzb/ros2ws/moveit_ws/install/moveit_resources_panda_moveit_config:/home/wzb/ros2ws/moveit_ws/install/moveit_resources_fanuc_moveit_config:/home/wzb/ros2ws/moveit_ws/install/moveit_resources_pr2_description:/home/wzb/ros2ws/moveit_ws/install/moveit_resources_panda_description:/home/wzb/ros2ws/moveit_ws/install/moveit_resources_fanuc_description:/home/wzb/ros2ws/moveit_ws/install/moveit_msgs:/home/wzb/ros2ws/moveit_ws/install/moveit_common:/opt/ros/humble LD_LIBRARY_PATH=/home/wzb/ros2ws/moveit_ws/install/moveit_ros_planning/lib:/home/wzb/ros2ws/moveit_ws/install/moveit_ros_occupancy_map_monitor/lib:/home/wzb/ros2ws/moveit_ws/install/moveit_core/lib:/home/wzb/ros2ws/moveit_ws/install/moveit_msgs/lib:${LD_LIBRARY_PATH} PATH=/home/wzb/ros2ws/moveit_ws/install/moveit_core/bin:${PATH} PYTHONPATH=/home/wzb/ros2ws/moveit_ws/install/moveit_msgs/local/lib/python3.10/dist-packages:/home/wzb/ros2ws/moveit_ws/install/moveit_configs_utils/lib/python3.10/site-packages:${PYTHONPATH} /usr/bin/cmake /home/wzb/ros2ws/moveit_ws/src/moveit2/moveit_planners/ompl -DCMAKE_BUILD_TYPE=Release -DCMAKE_INSTALL_PREFIX=/home/wzb/ros2ws/moveit_ws/install/moveit_planners_ompl
[0.041s] -- The CXX compiler identification is GNU 11.4.0
[0.045s] -- Detecting CXX compiler ABI info
[0.083s] -- Detecting CXX compiler ABI info - done
[0.087s] -- Check for working CXX compiler: /usr/bin/c++ - skipped
[0.087s] -- Detecting CXX compile features
[0.087s] -- Detecting CXX compile features - done
[0.088s] -- Found moveit_common: 2.14.1 (/home/wzb/ros2ws/moveit_ws/install/moveit_common/share/moveit_common/cmake)
[0.089s] -- Found ament_cmake: 1.3.12 (/opt/ros/humble/share/ament_cmake/cmake)
[0.173s] -- Found Python3: /usr/bin/python3 (found version "3.10.12") found components: Interpreter 
[0.402s] -- Found Boost: /usr/lib/x86_64-linux-gnu/cmake/Boost-1.74.0/BoostConfig.cmake (found version "1.74.0") found components: system filesystem date_time thread serialization 
[0.403s] -- Found moveit_core: 2.14.1 (/home/wzb/ros2ws/moveit_ws/install/moveit_core/share/moveit_core/cmake)
[0.412s] -- Found Boost: /usr/lib/x86_64-linux-gnu/cmake/Boost-1.74.0/BoostConfig.cmake (found version "1.74.0") found components: chrono date_time filesystem iostreams program_options regex serialization system thread 
[0.444s] -- Found parameter_traits: 0.5.0 (/opt/ros/humble/share/parameter_traits/cmake)
[0.467s] -- Found rosidl_generator_c: 3.1.7 (/opt/ros/humble/share/rosidl_generator_c/cmake)
[0.471s] -- Found rosidl_adapter: 3.1.7 (/opt/ros/humble/share/rosidl_adapter/cmake)
[0.476s] -- Found rosidl_generator_cpp: 3.1.7 (/opt/ros/humble/share/rosidl_generator_cpp/cmake)
[0.484s] -- Using all available rosidl_typesupport_c: rosidl_typesupport_fastrtps_c;rosidl_typesupport_introspection_c
[0.494s] -- Using all available rosidl_typesupport_cpp: rosidl_typesupport_fastrtps_cpp;rosidl_typesupport_introspection_cpp
[0.522s] -- Found rmw_implementation_cmake: 6.1.2 (/opt/ros/humble/share/rmw_implementation_cmake/cmake)
[0.523s] -- Found rmw_fastrtps_cpp: 6.2.9 (/opt/ros/humble/share/rmw_fastrtps_cpp/cmake)
[0.566s] -- Found OpenSSL: /usr/lib/x86_64-linux-gnu/libcrypto.so (found version "3.0.2")  
[0.579s] -- Found FastRTPS: /opt/ros/humble/include  
[0.600s] -- Using RMW implementation 'rmw_fastrtps_cpp' as default
[0.606s] -- Found Threads: TRUE  
[0.640s] -- Found rclcpp_lifecycle: 16.0.16 (/opt/ros/humble/share/rclcpp_lifecycle/cmake)
[0.654s] -- Found Boost: /usr/lib/x86_64-linux-gnu/cmake/Boost-1.74.0/BoostConfig.cmake (found version "1.74.0") found components: filesystem 
[0.702s] -- library: /usr/lib/x86_64-linux-gnu/libcurl.so
[0.740s] -- Found Eigen3: TRUE (found version "3.4.0") 
[0.740s] -- Ensuring Eigen3 include directory is part of orocos-kdl CMake target
[0.875s] -- Found moveit_ros_planning: 2.14.1 (/home/wzb/ros2ws/moveit_ws/install/moveit_ros_planning/share/moveit_ros_planning/cmake)
[0.878s] -- Found Boost: /usr/lib/x86_64-linux-gnu/cmake/Boost-1.74.0/BoostConfig.cmake (found version "1.74.0") found components: system filesystem date_time program_options thread chrono 
[0.899s] -- Found Boost: /usr/lib/x86_64-linux-gnu/cmake/Boost-1.74.0/BoostConfig.cmake (found version "1.74.0") found components: serialization filesystem system 
[0.901s] -- Found ompl: /opt/ros/humble/include/ompl-1.7;/usr/include;/usr/include/eigen3  
[1.066s] -- Found OpenMP_CXX: -fopenmp (found version "4.5") 
[1.066s] -- Found OpenMP: TRUE (found version "4.5")  
[1.074s] -- Found ament_cmake_gtest: 1.3.12 (/opt/ros/humble/share/ament_cmake_gtest/cmake)
[1.076s] -- Found gtest sources under '/opt/ros/humble/src/gtest_vendor': C++ tests using 'Google Test' will be built
[1.099s] -- The C compiler identification is GNU 11.4.0
[1.105s] -- Detecting C compiler ABI info
[1.155s] -- Detecting C compiler ABI info - done
[1.161s] -- Check for working C compiler: /usr/bin/cc - skipped
[1.161s] -- Detecting C compile features
[1.161s] -- Detecting C compile features - done
[1.185s] -- Configuring done
[1.308s] -- Generating done
[1.358s] -- Build files have been written to: /home/wzb/ros2ws/moveit_ws/build/moveit_planners_ompl
[1.378s] Invoked command in '/home/wzb/ros2ws/moveit_ws/build/moveit_planners_ompl' returned '0': AMENT_PREFIX_PATH=/home/wzb/ros2ws/moveit_ws/install/moveit_ros_planning:/home/wzb/ros2ws/moveit_ws/install/moveit_ros_occupancy_map_monitor:/home/wzb/ros2ws/moveit_ws/install/moveit_core:/home/wzb/ros2ws/moveit_ws/install/moveit_resources_panda_moveit_config:/home/wzb/ros2ws/moveit_ws/install/moveit_resources_fanuc_moveit_config:/home/wzb/ros2ws/moveit_ws/install/moveit_resources_pr2_description:/home/wzb/ros2ws/moveit_ws/install/moveit_resources_panda_description:/home/wzb/ros2ws/moveit_ws/install/moveit_resources_fanuc_description:/home/wzb/ros2ws/moveit_ws/install/moveit_msgs:/home/wzb/ros2ws/moveit_ws/install/moveit_configs_utils:/home/wzb/ros2ws/moveit_ws/install/moveit_common:${AMENT_PREFIX_PATH} CMAKE_PREFIX_PATH=/home/wzb/ros2ws/moveit_ws/install/moveit_ros_planning:/home/wzb/ros2ws/moveit_ws/install/moveit_ros_occupancy_map_monitor:/home/wzb/ros2ws/moveit_ws/install/moveit_core:/home/wzb/ros2ws/moveit_ws/install/moveit_resources_panda_moveit_config:/home/wzb/ros2ws/moveit_ws/install/moveit_resources_fanuc_moveit_config:/home/wzb/ros2ws/moveit_ws/install/moveit_resources_pr2_description:/home/wzb/ros2ws/moveit_ws/install/moveit_resources_panda_description:/home/wzb/ros2ws/moveit_ws/install/moveit_resources_fanuc_description:/home/wzb/ros2ws/moveit_ws/install/moveit_msgs:/home/wzb/ros2ws/moveit_ws/install/moveit_common:/opt/ros/humble LD_LIBRARY_PATH=/home/wzb/ros2ws/moveit_ws/install/moveit_ros_planning/lib:/home/wzb/ros2ws/moveit_ws/install/moveit_ros_occupancy_map_monitor/lib:/home/wzb/ros2ws/moveit_ws/install/moveit_core/lib:/home/wzb/ros2ws/moveit_ws/install/moveit_msgs/lib:${LD_LIBRARY_PATH} PATH=/home/wzb/ros2ws/moveit_ws/install/moveit_core/bin:${PATH} PYTHONPATH=/home/wzb/ros2ws/moveit_ws/install/moveit_msgs/local/lib/python3.10/dist-packages:/home/wzb/ros2ws/moveit_ws/install/moveit_configs_utils/lib/python3.10/site-packages:${PYTHONPATH} /usr/bin/cmake /home/wzb/ros2ws/moveit_ws/src/moveit2/moveit_planners/ompl -DCMAKE_BUILD_TYPE=Release -DCMAKE_INSTALL_PREFIX=/home/wzb/ros2ws/moveit_ws/install/moveit_planners_ompl
[1.378s] Invoking command in '/home/wzb/ros2ws/moveit_ws/build/moveit_planners_ompl': AMENT_PREFIX_PATH=/home/wzb/ros2ws/moveit_ws/install/moveit_ros_planning:/home/wzb/ros2ws/moveit_ws/install/moveit_ros_occupancy_map_monitor:/home/wzb/ros2ws/moveit_ws/install/moveit_core:/home/wzb/ros2ws/moveit_ws/install/moveit_resources_panda_moveit_config:/home/wzb/ros2ws/moveit_ws/install/moveit_resources_fanuc_moveit_config:/home/wzb/ros2ws/moveit_ws/install/moveit_resources_pr2_description:/home/wzb/ros2ws/moveit_ws/install/moveit_resources_panda_description:/home/wzb/ros2ws/moveit_ws/install/moveit_resources_fanuc_description:/home/wzb/ros2ws/moveit_ws/install/moveit_msgs:/home/wzb/ros2ws/moveit_ws/install/moveit_configs_utils:/home/wzb/ros2ws/moveit_ws/install/moveit_common:${AMENT_PREFIX_PATH} CMAKE_PREFIX_PATH=/home/wzb/ros2ws/moveit_ws/install/moveit_ros_planning:/home/wzb/ros2ws/moveit_ws/install/moveit_ros_occupancy_map_monitor:/home/wzb/ros2ws/moveit_ws/install/moveit_core:/home/wzb/ros2ws/moveit_ws/install/moveit_resources_panda_moveit_config:/home/wzb/ros2ws/moveit_ws/install/moveit_resources_fanuc_moveit_config:/home/wzb/ros2ws/moveit_ws/install/moveit_resources_pr2_description:/home/wzb/ros2ws/moveit_ws/install/moveit_resources_panda_description:/home/wzb/ros2ws/moveit_ws/install/moveit_resources_fanuc_description:/home/wzb/ros2ws/moveit_ws/install/moveit_msgs:/home/wzb/ros2ws/moveit_ws/install/moveit_common:/opt/ros/humble LD_LIBRARY_PATH=/home/wzb/ros2ws/moveit_ws/install/moveit_ros_planning/lib:/home/wzb/ros2ws/moveit_ws/install/moveit_ros_occupancy_map_monitor/lib:/home/wzb/ros2ws/moveit_ws/install/moveit_core/lib:/home/wzb/ros2ws/moveit_ws/install/moveit_msgs/lib:${LD_LIBRARY_PATH} PATH=/home/wzb/ros2ws/moveit_ws/install/moveit_core/bin:${PATH} PYTHONPATH=/home/wzb/ros2ws/moveit_ws/install/moveit_msgs/local/lib/python3.10/dist-packages:/home/wzb/ros2ws/moveit_ws/install/moveit_configs_utils/lib/python3.10/site-packages:${PYTHONPATH} /usr/bin/cmake --build /home/wzb/ros2ws/moveit_ws/build/moveit_planners_ompl -- -j20 -l20
[1.479s] [  2%] [32mBuilding CXX object ompl_interface/CMakeFiles/moveit_ompl_interface.dir/src/planning_context_manager.cpp.o[0m
[1.490s] [  5%] [32mBuilding CXX object ompl_interface/CMakeFiles/moveit_ompl_interface.dir/src/ompl_interface.cpp.o[0m
[1.493s] [  7%] [32mBuilding CXX object ompl_interface/CMakeFiles/moveit_ompl_interface.dir/src/model_based_planning_context.cpp.o[0m
[1.507s] [ 10%] [32mBuilding CXX object gtest/CMakeFiles/gtest.dir/src/gtest-all.cc.o[0m
[1.515s] [ 12%] [32mBuilding CXX object ompl_interface/CMakeFiles/moveit_ompl_interface.dir/src/parameterization/model_based_state_space.cpp.o[0m
[1.518s] [ 15%] [32mBuilding CXX object gtest/CMakeFiles/gtest_main.dir/src/gtest_main.cc.o[0m
[1.605s] [ 17%] [32mBuilding CXX object ompl_interface/CMakeFiles/moveit_ompl_interface.dir/src/parameterization/model_based_state_space_factory.cpp.o[0m
[1.606s] [ 20%] [32mBuilding CXX object ompl_interface/CMakeFiles/moveit_ompl_interface.dir/src/parameterization/joint_space/constrained_planning_state_space.cpp.o[0m
[1.645s] [ 22%] [32mBuilding CXX object ompl_interface/CMakeFiles/moveit_ompl_interface.dir/src/parameterization/joint_space/constrained_planning_state_space_factory.cpp.o[0m
[1.664s] [ 25%] [32mBuilding CXX object ompl_interface/CMakeFiles/moveit_ompl_interface.dir/src/parameterization/joint_space/joint_model_state_space.cpp.o[0m
[1.739s] [ 27%] [32mBuilding CXX object ompl_interface/CMakeFiles/moveit_ompl_interface.dir/src/parameterization/joint_space/joint_model_state_space_factory.cpp.o[0m
[1.777s] [ 30%] [32mBuilding CXX object ompl_interface/CMakeFiles/moveit_ompl_interface.dir/src/parameterization/work_space/pose_model_state_space_factory.cpp.o[0m
[1.778s] [ 32%] [32mBuilding CXX object ompl_interface/CMakeFiles/moveit_ompl_interface.dir/src/parameterization/work_space/pose_model_state_space.cpp.o[0m
[1.856s] [ 35%] [32mBuilding CXX object ompl_interface/CMakeFiles/moveit_ompl_interface.dir/src/detail/ompl_constraints.cpp.o[0m
[1.866s] [ 37%] [32mBuilding CXX object ompl_interface/CMakeFiles/moveit_ompl_interface.dir/src/detail/state_validity_checker.cpp.o[0m
[1.866s] [ 40%] [32mBuilding CXX object ompl_interface/CMakeFiles/moveit_ompl_interface.dir/src/detail/threadsafe_state_storage.cpp.o[0m
[1.896s] [ 42%] [32mBuilding CXX object ompl_interface/CMakeFiles/moveit_ompl_interface.dir/src/detail/projection_evaluators.cpp.o[0m
[1.904s] [ 45%] [32mBuilding CXX object ompl_interface/CMakeFiles/moveit_ompl_interface.dir/src/detail/goal_union.cpp.o[0m
[1.970s] [ 50%] [32mBuilding CXX object ompl_interface/CMakeFiles/moveit_ompl_interface.dir/src/detail/constrained_sampler.cpp.o[0m
[1.971s] [ 50%] [32mBuilding CXX object ompl_interface/CMakeFiles/moveit_ompl_interface.dir/src/detail/constraints_library.cpp.o[0m
[4.661s] [ 52%] [32m[1mLinking CXX static library libgtest_main.a[0m
[4.833s] [ 52%] Built target gtest_main
[4.889s] [ 55%] [32mBuilding CXX object ompl_interface/CMakeFiles/moveit_ompl_interface.dir/src/detail/constrained_goal_sampler.cpp.o[0m
[14.923s] [ 57%] [32m[1mLinking CXX static library libgtest.a[0m
[15.083s] [ 57%] Built target gtest
[27.714s] [ 60%] [32m[1mLinking CXX shared library libmoveit_ompl_interface.so[0m
[28.079s] [ 60%] Built target moveit_ompl_interface
[28.098s] [ 67%] [32mBuilding CXX object ompl_interface/CMakeFiles/moveit_ompl_planner_plugin.dir/src/ompl_planner_manager.cpp.o[0m
[28.098s] [ 67%] [32mBuilding CXX object ompl_interface/CMakeFiles/moveit_generate_state_database.dir/scripts/generate_state_database.cpp.o[0m
[28.098s] [ 67%] [32mBuilding CXX object ompl_interface/CMakeFiles/test_state_space.dir/test/test_state_space.cpp.o[0m
[28.098s] [ 70%] [32mBuilding CXX object ompl_interface/CMakeFiles/test_state_validity_checker.dir/test/test_state_validity_checker.cpp.o[0m
[28.102s] [ 72%] [32mBuilding CXX object ompl_interface/CMakeFiles/test_constrained_state_validity_checker.dir/test/test_constrained_state_validity_checker.cpp.o[0m
[28.105s] [ 77%] [32mBuilding CXX object ompl_interface/CMakeFiles/test_constrained_planning_state_space.dir/test/test_constrained_planning_state_space.cpp.o[0m
[28.105s] [ 77%] [32mBuilding CXX object ompl_interface/CMakeFiles/test_planning_context_manager.dir/test/test_planning_context_manager.cpp.o[0m
[28.107s] [ 80%] [32mBuilding CXX object ompl_interface/CMakeFiles/test_threadsafe_state_storage.dir/test/test_threadsafe_state_storage.cpp.o[0m
[34.671s] [ 82%] [32m[1mLinking CXX executable test_threadsafe_state_storage[0m
[35.145s] [ 82%] Built target test_threadsafe_state_storage
[38.559s] [ 85%] [32m[1mLinking CXX executable test_state_space[0m
[38.726s] [ 87%] [32m[1mLinking CXX executable test_constrained_planning_state_space[0m
[38.729s] [ 90%] [32m[1mLinking CXX shared library libmoveit_ompl_planner_plugin.so[0m
[39.085s] [ 90%] Built target test_state_space
[39.184s] [ 90%] Built target test_constrained_planning_state_space
[39.211s] [ 90%] Built target moveit_ompl_planner_plugin
[39.801s] [ 92%] [32m[1mLinking CXX executable test_constrained_state_validity_checker[0m
[39.835s] [ 95%] [32m[1mLinking CXX executable test_state_validity_checker[0m
[40.150s] [ 95%] Built target test_constrained_state_validity_checker
[40.183s] [ 95%] Built target test_state_validity_checker
[40.628s] [ 97%] [32m[1mLinking CXX executable generate_state_database[0m
[40.778s] [100%] [32m[1mLinking CXX executable test_planning_context_manager[0m
[40.879s] [100%] Built target moveit_generate_state_database
[41.026s] [100%] Built target test_planning_context_manager
[41.032s] Invoked command in '/home/wzb/ros2ws/moveit_ws/build/moveit_planners_ompl' returned '0': AMENT_PREFIX_PATH=/home/wzb/ros2ws/moveit_ws/install/moveit_ros_planning:/home/wzb/ros2ws/moveit_ws/install/moveit_ros_occupancy_map_monitor:/home/wzb/ros2ws/moveit_ws/install/moveit_core:/home/wzb/ros2ws/moveit_ws/install/moveit_resources_panda_moveit_config:/home/wzb/ros2ws/moveit_ws/install/moveit_resources_fanuc_moveit_config:/home/wzb/ros2ws/moveit_ws/install/moveit_resources_pr2_description:/home/wzb/ros2ws/moveit_ws/install/moveit_resources_panda_description:/home/wzb/ros2ws/moveit_ws/install/moveit_resources_fanuc_description:/home/wzb/ros2ws/moveit_ws/install/moveit_msgs:/home/wzb/ros2ws/moveit_ws/install/moveit_configs_utils:/home/wzb/ros2ws/moveit_ws/install/moveit_common:${AMENT_PREFIX_PATH} CMAKE_PREFIX_PATH=/home/wzb/ros2ws/moveit_ws/install/moveit_ros_planning:/home/wzb/ros2ws/moveit_ws/install/moveit_ros_occupancy_map_monitor:/home/wzb/ros2ws/moveit_ws/install/moveit_core:/home/wzb/ros2ws/moveit_ws/install/moveit_resources_panda_moveit_config:/home/wzb/ros2ws/moveit_ws/install/moveit_resources_fanuc_moveit_config:/home/wzb/ros2ws/moveit_ws/install/moveit_resources_pr2_description:/home/wzb/ros2ws/moveit_ws/install/moveit_resources_panda_description:/home/wzb/ros2ws/moveit_ws/install/moveit_resources_fanuc_description:/home/wzb/ros2ws/moveit_ws/install/moveit_msgs:/home/wzb/ros2ws/moveit_ws/install/moveit_common:/opt/ros/humble LD_LIBRARY_PATH=/home/wzb/ros2ws/moveit_ws/install/moveit_ros_planning/lib:/home/wzb/ros2ws/moveit_ws/install/moveit_ros_occupancy_map_monitor/lib:/home/wzb/ros2ws/moveit_ws/install/moveit_core/lib:/home/wzb/ros2ws/moveit_ws/install/moveit_msgs/lib:${LD_LIBRARY_PATH} PATH=/home/wzb/ros2ws/moveit_ws/install/moveit_core/bin:${PATH} PYTHONPATH=/home/wzb/ros2ws/moveit_ws/install/moveit_msgs/local/lib/python3.10/dist-packages:/home/wzb/ros2ws/moveit_ws/install/moveit_configs_utils/lib/python3.10/site-packages:${PYTHONPATH} /usr/bin/cmake --build /home/wzb/ros2ws/moveit_ws/build/moveit_planners_ompl -- -j20 -l20
[41.033s] Invoking command in '/home/wzb/ros2ws/moveit_ws/build/moveit_planners_ompl': AMENT_PREFIX_PATH=/home/wzb/ros2ws/moveit_ws/install/moveit_ros_planning:/home/wzb/ros2ws/moveit_ws/install/moveit_ros_occupancy_map_monitor:/home/wzb/ros2ws/moveit_ws/install/moveit_core:/home/wzb/ros2ws/moveit_ws/install/moveit_resources_panda_moveit_config:/home/wzb/ros2ws/moveit_ws/install/moveit_resources_fanuc_moveit_config:/home/wzb/ros2ws/moveit_ws/install/moveit_resources_pr2_description:/home/wzb/ros2ws/moveit_ws/install/moveit_resources_panda_description:/home/wzb/ros2ws/moveit_ws/install/moveit_resources_fanuc_description:/home/wzb/ros2ws/moveit_ws/install/moveit_msgs:/home/wzb/ros2ws/moveit_ws/install/moveit_configs_utils:/home/wzb/ros2ws/moveit_ws/install/moveit_common:${AMENT_PREFIX_PATH} CMAKE_PREFIX_PATH=/home/wzb/ros2ws/moveit_ws/install/moveit_ros_planning:/home/wzb/ros2ws/moveit_ws/install/moveit_ros_occupancy_map_monitor:/home/wzb/ros2ws/moveit_ws/install/moveit_core:/home/wzb/ros2ws/moveit_ws/install/moveit_resources_panda_moveit_config:/home/wzb/ros2ws/moveit_ws/install/moveit_resources_fanuc_moveit_config:/home/wzb/ros2ws/moveit_ws/install/moveit_resources_pr2_description:/home/wzb/ros2ws/moveit_ws/install/moveit_resources_panda_description:/home/wzb/ros2ws/moveit_ws/install/moveit_resources_fanuc_description:/home/wzb/ros2ws/moveit_ws/install/moveit_msgs:/home/wzb/ros2ws/moveit_ws/install/moveit_common:/opt/ros/humble LD_LIBRARY_PATH=/home/wzb/ros2ws/moveit_ws/install/moveit_ros_planning/lib:/home/wzb/ros2ws/moveit_ws/install/moveit_ros_occupancy_map_monitor/lib:/home/wzb/ros2ws/moveit_ws/install/moveit_core/lib:/home/wzb/ros2ws/moveit_ws/install/moveit_msgs/lib:${LD_LIBRARY_PATH} PATH=/home/wzb/ros2ws/moveit_ws/install/moveit_core/bin:${PATH} PYTHONPATH=/home/wzb/ros2ws/moveit_ws/install/moveit_msgs/local/lib/python3.10/dist-packages:/home/wzb/ros2ws/moveit_ws/install/moveit_configs_utils/lib/python3.10/site-packages:${PYTHONPATH} /usr/bin/cmake --install /home/wzb/ros2ws/moveit_ws/build/moveit_planners_ompl
[41.036s] -- Install configuration: "Release"
[41.037s] -- Installing: /home/wzb/ros2ws/moveit_ws/install/moveit_planners_ompl/lib/moveit_planners_ompl/generate_state_database
[41.037s] -- Set runtime path of "/home/wzb/ros2ws/moveit_ws/install/moveit_planners_ompl/lib/moveit_planners_ompl/generate_state_database" to ""
[41.037s] -- Installing: /home/wzb/ros2ws/moveit_ws/install/moveit_planners_ompl/include/moveit_planners
[41.037s] -- Installing: /home/wzb/ros2ws/moveit_ws/install/moveit_planners_ompl/include/moveit_planners/moveit
[41.037s] -- Installing: /home/wzb/ros2ws/moveit_ws/install/moveit_planners_ompl/include/moveit_planners/moveit/ompl_interface
[41.037s] -- Installing: /home/wzb/ros2ws/moveit_ws/install/moveit_planners_ompl/include/moveit_planners/moveit/ompl_interface/model_based_planning_context.h
[41.037s] -- Installing: /home/wzb/ros2ws/moveit_ws/install/moveit_planners_ompl/include/moveit_planners/moveit/ompl_interface/ompl_interface.hpp
[41.038s] -- Installing: /home/wzb/ros2ws/moveit_ws/install/moveit_planners_ompl/include/moveit_planners/moveit/ompl_interface/parameterization
[41.038s] -- Installing: /home/wzb/ros2ws/moveit_ws/install/moveit_planners_ompl/include/moveit_planners/moveit/ompl_interface/parameterization/model_based_state_space.hpp
[41.038s] -- Installing: /home/wzb/ros2ws/moveit_ws/install/moveit_planners_ompl/include/moveit_planners/moveit/ompl_interface/parameterization/model_based_state_space_factory.hpp
[41.038s] -- Installing: /home/wzb/ros2ws/moveit_ws/install/moveit_planners_ompl/include/moveit_planners/moveit/ompl_interface/parameterization/joint_space
[41.038s] -- Installing: /home/wzb/ros2ws/moveit_ws/install/moveit_planners_ompl/include/moveit_planners/moveit/ompl_interface/parameterization/joint_space/constrained_planning_state_space_factory.hpp
[41.038s] -- Installing: /home/wzb/ros2ws/moveit_ws/install/moveit_planners_ompl/include/moveit_planners/moveit/ompl_interface/parameterization/joint_space/constrained_planning_state_space.hpp
[41.038s] -- Installing: /home/wzb/ros2ws/moveit_ws/install/moveit_planners_ompl/include/moveit_planners/moveit/ompl_interface/parameterization/joint_space/constrained_planning_state_space.h
[41.038s] -- Installing: /home/wzb/ros2ws/moveit_ws/install/moveit_planners_ompl/include/moveit_planners/moveit/ompl_interface/parameterization/joint_space/joint_model_state_space.hpp
[41.038s] -- Installing: /home/wzb/ros2ws/moveit_ws/install/moveit_planners_ompl/include/moveit_planners/moveit/ompl_interface/parameterization/joint_space/joint_model_state_space_factory.hpp
[41.038s] -- Installing: /home/wzb/ros2ws/moveit_ws/install/moveit_planners_ompl/include/moveit_planners/moveit/ompl_interface/parameterization/joint_space/joint_model_state_space.h
[41.038s] -- Installing: /home/wzb/ros2ws/moveit_ws/install/moveit_planners_ompl/include/moveit_planners/moveit/ompl_interface/parameterization/joint_space/constrained_planning_state_space_factory.h
[41.038s] -- Installing: /home/wzb/ros2ws/moveit_ws/install/moveit_planners_ompl/include/moveit_planners/moveit/ompl_interface/parameterization/joint_space/joint_model_state_space_factory.h
[41.039s] -- Installing: /home/wzb/ros2ws/moveit_ws/install/moveit_planners_ompl/include/moveit_planners/moveit/ompl_interface/parameterization/model_based_state_space.h
[41.039s] -- Installing: /home/wzb/ros2ws/moveit_ws/install/moveit_planners_ompl/include/moveit_planners/moveit/ompl_interface/parameterization/work_space
[41.039s] -- Installing: /home/wzb/ros2ws/moveit_ws/install/moveit_planners_ompl/include/moveit_planners/moveit/ompl_interface/parameterization/work_space/pose_model_state_space.h
[41.039s] -- Installing: /home/wzb/ros2ws/moveit_ws/install/moveit_planners_ompl/include/moveit_planners/moveit/ompl_interface/parameterization/work_space/pose_model_state_space.hpp
[41.039s] -- Installing: /home/wzb/ros2ws/moveit_ws/install/moveit_planners_ompl/include/moveit_planners/moveit/ompl_interface/parameterization/work_space/pose_model_state_space_factory.h
[41.039s] -- Installing: /home/wzb/ros2ws/moveit_ws/install/moveit_planners_ompl/include/moveit_planners/moveit/ompl_interface/parameterization/work_space/pose_model_state_space_factory.hpp
[41.039s] -- Installing: /home/wzb/ros2ws/moveit_ws/install/moveit_planners_ompl/include/moveit_planners/moveit/ompl_interface/parameterization/model_based_state_space_factory.h
[41.039s] -- Installing: /home/wzb/ros2ws/moveit_ws/install/moveit_planners_ompl/include/moveit_planners/moveit/ompl_interface/planning_context_manager.h
[41.039s] -- Installing: /home/wzb/ros2ws/moveit_ws/install/moveit_planners_ompl/include/moveit_planners/moveit/ompl_interface/planning_context_manager.hpp
[41.039s] -- Installing: /home/wzb/ros2ws/moveit_ws/install/moveit_planners_ompl/include/moveit_planners/moveit/ompl_interface/ompl_interface.h
[41.039s] -- Installing: /home/wzb/ros2ws/moveit_ws/install/moveit_planners_ompl/include/moveit_planners/moveit/ompl_interface/model_based_planning_context.hpp
[41.039s] -- Installing: /home/wzb/ros2ws/moveit_ws/install/moveit_planners_ompl/include/moveit_planners/moveit/ompl_interface/detail
[41.039s] -- Installing: /home/wzb/ros2ws/moveit_ws/install/moveit_planners_ompl/include/moveit_planners/moveit/ompl_interface/detail/constraint_approximations.h
[41.039s] -- Installing: /home/wzb/ros2ws/moveit_ws/install/moveit_planners_ompl/include/moveit_planners/moveit/ompl_interface/detail/threadsafe_state_storage.hpp
[41.039s] -- Installing: /home/wzb/ros2ws/moveit_ws/install/moveit_planners_ompl/include/moveit_planners/moveit/ompl_interface/detail/constrained_goal_sampler.h
[41.039s] -- Installing: /home/wzb/ros2ws/moveit_ws/install/moveit_planners_ompl/include/moveit_planners/moveit/ompl_interface/detail/threadsafe_state_storage.h
[41.039s] -- Installing: /home/wzb/ros2ws/moveit_ws/install/moveit_planners_ompl/include/moveit_planners/moveit/ompl_interface/detail/constrained_sampler.hpp
[41.040s] -- Installing: /home/wzb/ros2ws/moveit_ws/install/moveit_planners_ompl/include/moveit_planners/moveit/ompl_interface/detail/constraints_library.h
[41.040s] -- Installing: /home/wzb/ros2ws/moveit_ws/install/moveit_planners_ompl/include/moveit_planners/moveit/ompl_interface/detail/constrained_goal_sampler.hpp
[41.040s] -- Installing: /home/wzb/ros2ws/moveit_ws/install/moveit_planners_ompl/include/moveit_planners/moveit/ompl_interface/detail/state_validity_checker.h
[41.040s] -- Installing: /home/wzb/ros2ws/moveit_ws/install/moveit_planners_ompl/include/moveit_planners/moveit/ompl_interface/detail/ompl_constraints.h
[41.040s] -- Installing: /home/wzb/ros2ws/moveit_ws/install/moveit_planners_ompl/include/moveit_planners/moveit/ompl_interface/detail/constrained_sampler.h
[41.040s] -- Installing: /home/wzb/ros2ws/moveit_ws/install/moveit_planners_ompl/include/moveit_planners/moveit/ompl_interface/detail/ompl_constraints.hpp
[41.040s] -- Installing: /home/wzb/ros2ws/moveit_ws/install/moveit_planners_ompl/include/moveit_planners/moveit/ompl_interface/detail/constraints_library.hpp
[41.040s] -- Installing: /home/wzb/ros2ws/moveit_ws/install/moveit_planners_ompl/include/moveit_planners/moveit/ompl_interface/detail/constraint_approximations.hpp
[41.040s] -- Installing: /home/wzb/ros2ws/moveit_ws/install/moveit_planners_ompl/include/moveit_planners/moveit/ompl_interface/detail/projection_evaluators.h
[41.040s] -- Installing: /home/wzb/ros2ws/moveit_ws/install/moveit_planners_ompl/include/moveit_planners/moveit/ompl_interface/detail/state_validity_checker.hpp
[41.040s] -- Installing: /home/wzb/ros2ws/moveit_ws/install/moveit_planners_ompl/include/moveit_planners/moveit/ompl_interface/detail/goal_union.hpp
[41.040s] -- Installing: /home/wzb/ros2ws/moveit_ws/install/moveit_planners_ompl/include/moveit_planners/moveit/ompl_interface/detail/goal_union.h
[41.040s] -- Installing: /home/wzb/ros2ws/moveit_ws/install/moveit_planners_ompl/include/moveit_planners/moveit/ompl_interface/detail/projection_evaluators.hpp
[41.041s] -- Installing: /home/wzb/ros2ws/moveit_ws/install/moveit_planners_ompl/lib/libmoveit_ompl_interface.so.2.14.1
[41.041s] -- Set runtime path of "/home/wzb/ros2ws/moveit_ws/install/moveit_planners_ompl/lib/libmoveit_ompl_interface.so.2.14.1" to ""
[41.041s] -- Installing: /home/wzb/ros2ws/moveit_ws/install/moveit_planners_ompl/lib/libmoveit_ompl_interface.so
[41.041s] -- Installing: /home/wzb/ros2ws/moveit_ws/install/moveit_planners_ompl/lib/libmoveit_ompl_planner_plugin.so.2.14.1
[41.041s] -- Set runtime path of "/home/wzb/ros2ws/moveit_ws/install/moveit_planners_ompl/lib/libmoveit_ompl_planner_plugin.so.2.14.1" to ""
[41.041s] -- Installing: /home/wzb/ros2ws/moveit_ws/install/moveit_planners_ompl/lib/libmoveit_ompl_planner_plugin.so
[41.041s] -- Installing: /home/wzb/ros2ws/moveit_ws/install/moveit_planners_ompl/share/moveit_planners_ompl/environment/library_path.sh
[41.041s] -- Installing: /home/wzb/ros2ws/moveit_ws/install/moveit_planners_ompl/share/moveit_planners_ompl/environment/library_path.dsv
[41.041s] -- Installing: /home/wzb/ros2ws/moveit_ws/install/moveit_planners_ompl/share/moveit_planners_ompl/ompl_interface_plugin_description.xml
[41.041s] -- Installing: /home/wzb/ros2ws/moveit_ws/install/moveit_planners_ompl/share/ament_index/resource_index/package_run_dependencies/moveit_planners_ompl
[41.041s] -- Installing: /home/wzb/ros2ws/moveit_ws/install/moveit_planners_ompl/share/ament_index/resource_index/parent_prefix_path/moveit_planners_ompl
[41.041s] -- Installing: /home/wzb/ros2ws/moveit_ws/install/moveit_planners_ompl/share/moveit_planners_ompl/environment/ament_prefix_path.sh
[41.041s] -- Installing: /home/wzb/ros2ws/moveit_ws/install/moveit_planners_ompl/share/moveit_planners_ompl/environment/ament_prefix_path.dsv
[41.041s] -- Installing: /home/wzb/ros2ws/moveit_ws/install/moveit_planners_ompl/share/moveit_planners_ompl/environment/path.sh
[41.041s] -- Installing: /home/wzb/ros2ws/moveit_ws/install/moveit_planners_ompl/share/moveit_planners_ompl/environment/path.dsv
[41.041s] -- Installing: /home/wzb/ros2ws/moveit_ws/install/moveit_planners_ompl/share/moveit_planners_ompl/local_setup.bash
[41.041s] -- Installing: /home/wzb/ros2ws/moveit_ws/install/moveit_planners_ompl/share/moveit_planners_ompl/local_setup.sh
[41.041s] -- Installing: /home/wzb/ros2ws/moveit_ws/install/moveit_planners_ompl/share/moveit_planners_ompl/local_setup.zsh
[41.041s] -- Installing: /home/wzb/ros2ws/moveit_ws/install/moveit_planners_ompl/share/moveit_planners_ompl/local_setup.dsv
[41.042s] -- Installing: /home/wzb/ros2ws/moveit_ws/install/moveit_planners_ompl/share/moveit_planners_ompl/package.dsv
[41.042s] -- Installing: /home/wzb/ros2ws/moveit_ws/install/moveit_planners_ompl/share/ament_index/resource_index/packages/moveit_planners_ompl
[41.042s] -- Installing: /home/wzb/ros2ws/moveit_ws/install/moveit_planners_ompl/share/ament_index/resource_index/moveit_core__pluginlib__plugin/moveit_planners_ompl
[41.042s] -- Installing: /home/wzb/ros2ws/moveit_ws/install/moveit_planners_ompl/share/moveit_planners_ompl/cmake/moveit_planners_omplTargetsExport.cmake
[41.042s] -- Installing: /home/wzb/ros2ws/moveit_ws/install/moveit_planners_ompl/share/moveit_planners_ompl/cmake/moveit_planners_omplTargetsExport-release.cmake
[41.042s] -- Installing: /home/wzb/ros2ws/moveit_ws/install/moveit_planners_ompl/share/moveit_planners_ompl/cmake/ament_cmake_export_targets-extras.cmake
[41.042s] -- Installing: /home/wzb/ros2ws/moveit_ws/install/moveit_planners_ompl/share/moveit_planners_ompl/cmake/ament_cmake_export_dependencies-extras.cmake
[41.042s] -- Installing: /home/wzb/ros2ws/moveit_ws/install/moveit_planners_ompl/share/moveit_planners_ompl/cmake/moveit_planners_omplConfig.cmake
[41.042s] -- Installing: /home/wzb/ros2ws/moveit_ws/install/moveit_planners_ompl/share/moveit_planners_ompl/cmake/moveit_planners_omplConfig-version.cmake
[41.042s] -- Installing: /home/wzb/ros2ws/moveit_ws/install/moveit_planners_ompl/share/moveit_planners_ompl/package.xml
[41.043s] Invoked command in '/home/wzb/ros2ws/moveit_ws/build/moveit_planners_ompl' returned '0': AMENT_PREFIX_PATH=/home/wzb/ros2ws/moveit_ws/install/moveit_ros_planning:/home/wzb/ros2ws/moveit_ws/install/moveit_ros_occupancy_map_monitor:/home/wzb/ros2ws/moveit_ws/install/moveit_core:/home/wzb/ros2ws/moveit_ws/install/moveit_resources_panda_moveit_config:/home/wzb/ros2ws/moveit_ws/install/moveit_resources_fanuc_moveit_config:/home/wzb/ros2ws/moveit_ws/install/moveit_resources_pr2_description:/home/wzb/ros2ws/moveit_ws/install/moveit_resources_panda_description:/home/wzb/ros2ws/moveit_ws/install/moveit_resources_fanuc_description:/home/wzb/ros2ws/moveit_ws/install/moveit_msgs:/home/wzb/ros2ws/moveit_ws/install/moveit_configs_utils:/home/wzb/ros2ws/moveit_ws/install/moveit_common:${AMENT_PREFIX_PATH} CMAKE_PREFIX_PATH=/home/wzb/ros2ws/moveit_ws/install/moveit_ros_planning:/home/wzb/ros2ws/moveit_ws/install/moveit_ros_occupancy_map_monitor:/home/wzb/ros2ws/moveit_ws/install/moveit_core:/home/wzb/ros2ws/moveit_ws/install/moveit_resources_panda_moveit_config:/home/wzb/ros2ws/moveit_ws/install/moveit_resources_fanuc_moveit_config:/home/wzb/ros2ws/moveit_ws/install/moveit_resources_pr2_description:/home/wzb/ros2ws/moveit_ws/install/moveit_resources_panda_description:/home/wzb/ros2ws/moveit_ws/install/moveit_resources_fanuc_description:/home/wzb/ros2ws/moveit_ws/install/moveit_msgs:/home/wzb/ros2ws/moveit_ws/install/moveit_common:/opt/ros/humble LD_LIBRARY_PATH=/home/wzb/ros2ws/moveit_ws/install/moveit_ros_planning/lib:/home/wzb/ros2ws/moveit_ws/install/moveit_ros_occupancy_map_monitor/lib:/home/wzb/ros2ws/moveit_ws/install/moveit_core/lib:/home/wzb/ros2ws/moveit_ws/install/moveit_msgs/lib:${LD_LIBRARY_PATH} PATH=/home/wzb/ros2ws/moveit_ws/install/moveit_core/bin:${PATH} PYTHONPATH=/home/wzb/ros2ws/moveit_ws/install/moveit_msgs/local/lib/python3.10/dist-packages:/home/wzb/ros2ws/moveit_ws/install/moveit_configs_utils/lib/python3.10/site-packages:${PYTHONPATH} /usr/bin/cmake --install /home/wzb/ros2ws/moveit_ws/build/moveit_planners_ompl
