[0.010s] Invoking command in '/home/wzb/ros2ws/trac_ws/build/trac_ik_lib': CMAKE_PREFIX_PATH=${CMAKE_PREFIX_PATH}:/home/wzb/ros2ws/moveit_ws/install/moveit_configs_utils:/home/wzb/ros2ws/my_piper_ros/install/piper:/opt/ros/humble CONDA_PROMPT_MODIFIER=(sam) /usr/bin/cmake --build /home/wzb/ros2ws/trac_ws/build/trac_ik_lib -- -j20 -l20
[0.056s] [100%] Built target trac_ik_lib
[0.064s] Invoked command in '/home/wzb/ros2ws/trac_ws/build/trac_ik_lib' returned '0': CMAKE_PREFIX_PATH=${CMAKE_PREFIX_PATH}:/home/wzb/ros2ws/moveit_ws/install/moveit_configs_utils:/home/wzb/ros2ws/my_piper_ros/install/piper:/opt/ros/humble CONDA_PROMPT_MODIFIER=(sam) /usr/bin/cmake --build /home/wzb/ros2ws/trac_ws/build/trac_ik_lib -- -j20 -l20
[0.073s] Invoking command in '/home/wzb/ros2ws/trac_ws/build/trac_ik_lib': CMAKE_PREFIX_PATH=${CMAKE_PREFIX_PATH}:/home/wzb/ros2ws/moveit_ws/install/moveit_configs_utils:/home/wzb/ros2ws/my_piper_ros/install/piper:/opt/ros/humble CONDA_PROMPT_MODIFIER=(sam) /usr/bin/cmake --install /home/wzb/ros2ws/trac_ws/build/trac_ik_lib
[0.080s] -- Install configuration: ""
[0.080s] -- Up-to-date: /home/wzb/ros2ws/trac_ws/install/trac_ik_lib/share/trac_ik_lib/environment/library_path.sh
[0.081s] -- Up-to-date: /home/wzb/ros2ws/trac_ws/install/trac_ik_lib/share/trac_ik_lib/environment/library_path.dsv
[0.081s] -- Up-to-date: /home/wzb/ros2ws/trac_ws/install/trac_ik_lib/include
[0.081s] -- Up-to-date: /home/wzb/ros2ws/trac_ws/install/trac_ik_lib/include/trac_ik
[0.081s] -- Up-to-date: /home/wzb/ros2ws/trac_ws/install/trac_ik_lib/include/trac_ik/dual_quaternion.h
[0.081s] -- Up-to-date: /home/wzb/ros2ws/trac_ws/install/trac_ik_lib/include/trac_ik/visibility_control.hpp
[0.081s] -- Up-to-date: /home/wzb/ros2ws/trac_ws/install/trac_ik_lib/include/trac_ik/kdl_tl.hpp
[0.081s] -- Up-to-date: /home/wzb/ros2ws/trac_ws/install/trac_ik_lib/include/trac_ik/nlopt_ik.hpp
[0.081s] -- Up-to-date: /home/wzb/ros2ws/trac_ws/install/trac_ik_lib/include/trac_ik/math3d.h
[0.081s] -- Up-to-date: /home/wzb/ros2ws/trac_ws/install/trac_ik_lib/include/trac_ik/trac_ik.hpp
[0.081s] -- Up-to-date: /home/wzb/ros2ws/trac_ws/install/trac_ik_lib/lib/libtrac_ik_lib.so
[0.081s] -- Up-to-date: /home/wzb/ros2ws/trac_ws/install/trac_ik_lib/share/ament_index/resource_index/package_run_dependencies/trac_ik_lib
[0.081s] -- Up-to-date: /home/wzb/ros2ws/trac_ws/install/trac_ik_lib/share/ament_index/resource_index/parent_prefix_path/trac_ik_lib
[0.081s] -- Up-to-date: /home/wzb/ros2ws/trac_ws/install/trac_ik_lib/share/trac_ik_lib/environment/ament_prefix_path.sh
[0.081s] -- Up-to-date: /home/wzb/ros2ws/trac_ws/install/trac_ik_lib/share/trac_ik_lib/environment/ament_prefix_path.dsv
[0.081s] -- Up-to-date: /home/wzb/ros2ws/trac_ws/install/trac_ik_lib/share/trac_ik_lib/environment/path.sh
[0.081s] -- Up-to-date: /home/wzb/ros2ws/trac_ws/install/trac_ik_lib/share/trac_ik_lib/environment/path.dsv
[0.081s] -- Up-to-date: /home/wzb/ros2ws/trac_ws/install/trac_ik_lib/share/trac_ik_lib/local_setup.bash
[0.081s] -- Up-to-date: /home/wzb/ros2ws/trac_ws/install/trac_ik_lib/share/trac_ik_lib/local_setup.sh
[0.081s] -- Up-to-date: /home/wzb/ros2ws/trac_ws/install/trac_ik_lib/share/trac_ik_lib/local_setup.zsh
[0.081s] -- Up-to-date: /home/wzb/ros2ws/trac_ws/install/trac_ik_lib/share/trac_ik_lib/local_setup.dsv
[0.081s] -- Installing: /home/wzb/ros2ws/trac_ws/install/trac_ik_lib/share/trac_ik_lib/package.dsv
[0.081s] -- Up-to-date: /home/wzb/ros2ws/trac_ws/install/trac_ik_lib/share/ament_index/resource_index/packages/trac_ik_lib
[0.081s] -- Up-to-date: /home/wzb/ros2ws/trac_ws/install/trac_ik_lib/share/trac_ik_lib/cmake/export_trac_ik_libExport.cmake
[0.081s] -- Up-to-date: /home/wzb/ros2ws/trac_ws/install/trac_ik_lib/share/trac_ik_lib/cmake/export_trac_ik_libExport-noconfig.cmake
[0.081s] -- Up-to-date: /home/wzb/ros2ws/trac_ws/install/trac_ik_lib/share/trac_ik_lib/cmake/ament_cmake_export_targets-extras.cmake
[0.081s] -- Up-to-date: /home/wzb/ros2ws/trac_ws/install/trac_ik_lib/share/trac_ik_lib/cmake/ament_cmake_export_dependencies-extras.cmake
[0.081s] -- Up-to-date: /home/wzb/ros2ws/trac_ws/install/trac_ik_lib/share/trac_ik_lib/cmake/trac_ik_libConfig.cmake
[0.081s] -- Up-to-date: /home/wzb/ros2ws/trac_ws/install/trac_ik_lib/share/trac_ik_lib/cmake/trac_ik_libConfig-version.cmake
[0.081s] -- Up-to-date: /home/wzb/ros2ws/trac_ws/install/trac_ik_lib/share/trac_ik_lib/package.xml
[0.083s] Invoked command in '/home/wzb/ros2ws/trac_ws/build/trac_ik_lib' returned '0': CMAKE_PREFIX_PATH=${CMAKE_PREFIX_PATH}:/home/wzb/ros2ws/moveit_ws/install/moveit_configs_utils:/home/wzb/ros2ws/my_piper_ros/install/piper:/opt/ros/humble CONDA_PROMPT_MODIFIER=(sam) /usr/bin/cmake --install /home/wzb/ros2ws/trac_ws/build/trac_ik_lib
