-- Found ament_cmake: 1.3.12 (/opt/ros/humble/share/ament_cmake/cmake)
-- Found rclcpp: 16.0.16 (/opt/ros/humble/share/rclcpp/cmake)
-- Found rosidl_generator_c: 3.1.7 (/opt/ros/humble/share/rosidl_generator_c/cmake)
-- Found rosidl_adapter: 3.1.7 (/opt/ros/humble/share/rosidl_adapter/cmake)
-- Found rosidl_generator_cpp: 3.1.7 (/opt/ros/humble/share/rosidl_generator_cpp/cmake)
-- Using all available rosidl_typesupport_c: rosidl_typesupport_fastrtps_c;rosidl_typesupport_introspection_c
-- Using all available rosidl_typesupport_cpp: rosidl_typesupport_fastrtps_cpp;rosidl_typesupport_introspection_cpp
-- Found rmw_implementation_cmake: 6.1.2 (/opt/ros/humble/share/rmw_implementation_cmake/cmake)
-- Found rmw_fastrtps_cpp: 6.2.9 (/opt/ros/humble/share/rmw_fastrtps_cpp/cmake)
-- Using RMW implementation 'rmw_fastrtps_cpp' as default
-- Found trac_ik_lib: 0.1.0 (/home/wzb/ros2ws/trac_ws/install/trac_ik_lib/share/trac_ik_lib/cmake)
-- Found eigen3_cmake_module: 0.1.1 (/opt/ros/humble/share/eigen3_cmake_module/cmake)
-- Ensuring Eigen3 include directory is part of orocos-kdl CMake target
-- Found ament_lint_auto: 0.12.14 (/opt/ros/humble/share/ament_lint_auto/cmake)
-- Added test 'copyright' to check source files copyright and LICENSE
-- Added test 'cppcheck' to perform static code analysis on C / C++ code
-- Configured cppcheck include dirs: 
-- Configured cppcheck exclude dirs and/or files: 
-- Added test 'cpplint' to check C / C++ code against the Google style
-- Configured cpplint exclude dirs and/or files: 
-- Added test 'flake8' to check Python code syntax and style conventions
-- Added test 'lint_cmake' to check CMake code style
-- Added test 'pep257' to check Python code against some of the docstring style conventions in PEP 257
-- Added test 'uncrustify' to check C / C++ code style
-- Configured uncrustify additional arguments: 
-- Added test 'xmllint' to check XML markup files
-- Configuring done
-- Generating done
-- Build files have been written to: /home/wzb/ros2ws/trac_ws/build/trac_ik_examples
[35m[1mConsolidate compiler generated dependencies of target ik_tests[0m
[ 50%] [32mBuilding CXX object CMakeFiles/ik_tests.dir/src/ik_tests.cpp.o[0m
[100%] [32m[1mLinking CXX executable ik_tests[0m
[100%] Built target ik_tests
-- Install configuration: ""
-- Installing: /home/wzb/ros2ws/trac_ws/install/trac_ik_examples/lib/trac_ik_examples/ik_tests
-- Set runtime path of "/home/wzb/ros2ws/trac_ws/install/trac_ik_examples/lib/trac_ik_examples/ik_tests" to ""
-- Up-to-date: /home/wzb/ros2ws/trac_ws/install/trac_ik_examples/share/trac_ik_examples/launch
-- Installing: /home/wzb/ros2ws/trac_ws/install/trac_ik_examples/share/trac_ik_examples/launch/pr2_arm.launch.py
-- Installing: /home/wzb/ros2ws/trac_ws/install/trac_ik_examples/share/trac_ik_examples/launch/pr2.urdf
-- Up-to-date: /home/wzb/ros2ws/trac_ws/install/trac_ik_examples/share/ament_index/resource_index/package_run_dependencies/trac_ik_examples
-- Up-to-date: /home/wzb/ros2ws/trac_ws/install/trac_ik_examples/share/ament_index/resource_index/parent_prefix_path/trac_ik_examples
-- Up-to-date: /home/wzb/ros2ws/trac_ws/install/trac_ik_examples/share/trac_ik_examples/environment/ament_prefix_path.sh
-- Installing: /home/wzb/ros2ws/trac_ws/install/trac_ik_examples/share/trac_ik_examples/environment/ament_prefix_path.dsv
-- Up-to-date: /home/wzb/ros2ws/trac_ws/install/trac_ik_examples/share/trac_ik_examples/environment/path.sh
-- Installing: /home/wzb/ros2ws/trac_ws/install/trac_ik_examples/share/trac_ik_examples/environment/path.dsv
-- Up-to-date: /home/wzb/ros2ws/trac_ws/install/trac_ik_examples/share/trac_ik_examples/local_setup.bash
-- Up-to-date: /home/wzb/ros2ws/trac_ws/install/trac_ik_examples/share/trac_ik_examples/local_setup.sh
-- Up-to-date: /home/wzb/ros2ws/trac_ws/install/trac_ik_examples/share/trac_ik_examples/local_setup.zsh
-- Installing: /home/wzb/ros2ws/trac_ws/install/trac_ik_examples/share/trac_ik_examples/local_setup.dsv
-- Installing: /home/wzb/ros2ws/trac_ws/install/trac_ik_examples/share/trac_ik_examples/package.dsv
-- Up-to-date: /home/wzb/ros2ws/trac_ws/install/trac_ik_examples/share/ament_index/resource_index/packages/trac_ik_examples
-- Up-to-date: /home/wzb/ros2ws/trac_ws/install/trac_ik_examples/share/trac_ik_examples/cmake/trac_ik_examplesConfig.cmake
-- Up-to-date: /home/wzb/ros2ws/trac_ws/install/trac_ik_examples/share/trac_ik_examples/cmake/trac_ik_examplesConfig-version.cmake
-- Installing: /home/wzb/ros2ws/trac_ws/install/trac_ik_examples/share/trac_ik_examples/package.xml
