[0.053s] DEBUG:colcon:Command line arguments: ['/usr/bin/colcon', 'build']
[0.053s] DEBUG:colcon:Parsed command line arguments: Namespace(log_base=None, log_level=None, verb_name='build', build_base='build', install_base='install', merge_install=False, symlink_install=False, test_result_base=None, continue_on_error=False, executor='parallel', parallel_workers=20, event_handlers=None, ignore_user_meta=False, metas=['./colcon.meta'], base_paths=['.'], packages_ignore=None, packages_ignore_regex=None, paths=None, packages_up_to=None, packages_up_to_regex=None, packages_above=None, packages_above_and_dependencies=None, packages_above_depth=None, packages_select_by_dep=None, packages_skip_by_dep=None, packages_skip_up_to=None, packages_select_build_failed=False, packages_skip_build_finished=False, packages_select_test_failures=False, packages_skip_test_passed=False, packages_select=None, packages_skip=None, packages_select_regex=None, packages_skip_regex=None, packages_start=None, packages_end=None, allow_overriding=[], cmake_args=None, cmake_target=None, cmake_target_skip_unavailable=False, cmake_clean_cache=False, cmake_clean_first=False, cmake_force_configure=False, ament_cmake_args=None, catkin_cmake_args=None, catkin_skip_building_tests=False, verb_parser=<colcon_defaults.argument_parser.defaults.DefaultArgumentsDecorator object at 0x7f4d30219810>, verb_extension=<colcon_core.verb.build.BuildVerb object at 0x7f4d30303250>, main=<bound method BuildVerb.main of <colcon_core.verb.build.BuildVerb object at 0x7f4d30303250>>)
[0.131s] Level 1:colcon.colcon_core.package_discovery:discover_packages(colcon_meta) check parameters
[0.131s] Level 1:colcon.colcon_core.package_discovery:discover_packages(recursive) check parameters
[0.131s] Level 1:colcon.colcon_core.package_discovery:discover_packages(ignore) check parameters
[0.131s] Level 1:colcon.colcon_core.package_discovery:discover_packages(path) check parameters
[0.131s] Level 1:colcon.colcon_core.package_discovery:discover_packages(colcon_meta) discover
[0.131s] Level 1:colcon.colcon_core.package_discovery:discover_packages(recursive) discover
[0.131s] INFO:colcon.colcon_core.package_discovery:Crawling recursively for packages in '/home/wzb/ros2ws/trac_ws'
[0.131s] Level 1:colcon.colcon_core.package_identification:_identify(.) by extensions ['ignore', 'ignore_ament_install']
[0.131s] Level 1:colcon.colcon_core.package_identification:_identify(.) by extension 'ignore'
[0.131s] Level 1:colcon.colcon_core.package_identification:_identify(.) by extension 'ignore_ament_install'
[0.131s] Level 1:colcon.colcon_core.package_identification:_identify(.) by extensions ['colcon_pkg']
[0.131s] Level 1:colcon.colcon_core.package_identification:_identify(.) by extension 'colcon_pkg'
[0.131s] Level 1:colcon.colcon_core.package_identification:_identify(.) by extensions ['colcon_meta']
[0.131s] Level 1:colcon.colcon_core.package_identification:_identify(.) by extension 'colcon_meta'
[0.131s] Level 1:colcon.colcon_core.package_identification:_identify(.) by extensions ['ros']
[0.131s] Level 1:colcon.colcon_core.package_identification:_identify(.) by extension 'ros'
[0.137s] Level 1:colcon.colcon_core.package_identification:_identify(.) by extensions ['cmake', 'python']
[0.137s] Level 1:colcon.colcon_core.package_identification:_identify(.) by extension 'cmake'
[0.138s] Level 1:colcon.colcon_core.package_identification:_identify(.) by extension 'python'
[0.138s] Level 1:colcon.colcon_core.package_identification:_identify(.) by extensions ['python_setup_py']
[0.138s] Level 1:colcon.colcon_core.package_identification:_identify(.) by extension 'python_setup_py'
[0.138s] Level 1:colcon.colcon_core.package_identification:_identify(build) by extensions ['ignore', 'ignore_ament_install']
[0.138s] Level 1:colcon.colcon_core.package_identification:_identify(build) by extension 'ignore'
[0.138s] Level 1:colcon.colcon_core.package_identification:_identify(build) ignored
[0.138s] Level 1:colcon.colcon_core.package_identification:_identify(install) by extensions ['ignore', 'ignore_ament_install']
[0.138s] Level 1:colcon.colcon_core.package_identification:_identify(install) by extension 'ignore'
[0.138s] Level 1:colcon.colcon_core.package_identification:_identify(install) ignored
[0.138s] Level 1:colcon.colcon_core.package_identification:_identify(log) by extensions ['ignore', 'ignore_ament_install']
[0.138s] Level 1:colcon.colcon_core.package_identification:_identify(log) by extension 'ignore'
[0.138s] Level 1:colcon.colcon_core.package_identification:_identify(log) ignored
[0.138s] Level 1:colcon.colcon_core.package_identification:_identify(src) by extensions ['ignore', 'ignore_ament_install']
[0.138s] Level 1:colcon.colcon_core.package_identification:_identify(src) by extension 'ignore'
[0.138s] Level 1:colcon.colcon_core.package_identification:_identify(src) by extension 'ignore_ament_install'
[0.138s] Level 1:colcon.colcon_core.package_identification:_identify(src) by extensions ['colcon_pkg']
[0.138s] Level 1:colcon.colcon_core.package_identification:_identify(src) by extension 'colcon_pkg'
[0.138s] Level 1:colcon.colcon_core.package_identification:_identify(src) by extensions ['colcon_meta']
[0.138s] Level 1:colcon.colcon_core.package_identification:_identify(src) by extension 'colcon_meta'
[0.138s] Level 1:colcon.colcon_core.package_identification:_identify(src) by extensions ['ros']
[0.138s] Level 1:colcon.colcon_core.package_identification:_identify(src) by extension 'ros'
[0.138s] Level 1:colcon.colcon_core.package_identification:_identify(src) by extensions ['cmake', 'python']
[0.138s] Level 1:colcon.colcon_core.package_identification:_identify(src) by extension 'cmake'
[0.138s] Level 1:colcon.colcon_core.package_identification:_identify(src) by extension 'python'
[0.138s] Level 1:colcon.colcon_core.package_identification:_identify(src) by extensions ['python_setup_py']
[0.138s] Level 1:colcon.colcon_core.package_identification:_identify(src) by extension 'python_setup_py'
[0.138s] Level 1:colcon.colcon_core.package_identification:_identify(src/trac_ik) by extensions ['ignore', 'ignore_ament_install']
[0.138s] Level 1:colcon.colcon_core.package_identification:_identify(src/trac_ik) by extension 'ignore'
[0.138s] Level 1:colcon.colcon_core.package_identification:_identify(src/trac_ik) by extension 'ignore_ament_install'
[0.138s] Level 1:colcon.colcon_core.package_identification:_identify(src/trac_ik) by extensions ['colcon_pkg']
[0.138s] Level 1:colcon.colcon_core.package_identification:_identify(src/trac_ik) by extension 'colcon_pkg'
[0.138s] Level 1:colcon.colcon_core.package_identification:_identify(src/trac_ik) by extensions ['colcon_meta']
[0.138s] Level 1:colcon.colcon_core.package_identification:_identify(src/trac_ik) by extension 'colcon_meta'
[0.138s] Level 1:colcon.colcon_core.package_identification:_identify(src/trac_ik) by extensions ['ros']
[0.138s] Level 1:colcon.colcon_core.package_identification:_identify(src/trac_ik) by extension 'ros'
[0.138s] Level 1:colcon.colcon_core.package_identification:_identify(src/trac_ik) by extensions ['cmake', 'python']
[0.138s] Level 1:colcon.colcon_core.package_identification:_identify(src/trac_ik) by extension 'cmake'
[0.138s] Level 1:colcon.colcon_core.package_identification:_identify(src/trac_ik) by extension 'python'
[0.138s] Level 1:colcon.colcon_core.package_identification:_identify(src/trac_ik) by extensions ['python_setup_py']
[0.138s] Level 1:colcon.colcon_core.package_identification:_identify(src/trac_ik) by extension 'python_setup_py'
[0.138s] Level 1:colcon.colcon_core.package_identification:_identify(src/trac_ik/trac_ik) by extensions ['ignore', 'ignore_ament_install']
[0.139s] Level 1:colcon.colcon_core.package_identification:_identify(src/trac_ik/trac_ik) by extension 'ignore'
[0.139s] Level 1:colcon.colcon_core.package_identification:_identify(src/trac_ik/trac_ik) by extension 'ignore_ament_install'
[0.139s] Level 1:colcon.colcon_core.package_identification:_identify(src/trac_ik/trac_ik) by extensions ['colcon_pkg']
[0.139s] Level 1:colcon.colcon_core.package_identification:_identify(src/trac_ik/trac_ik) by extension 'colcon_pkg'
[0.139s] Level 1:colcon.colcon_core.package_identification:_identify(src/trac_ik/trac_ik) by extensions ['colcon_meta']
[0.139s] Level 1:colcon.colcon_core.package_identification:_identify(src/trac_ik/trac_ik) by extension 'colcon_meta'
[0.139s] Level 1:colcon.colcon_core.package_identification:_identify(src/trac_ik/trac_ik) by extensions ['ros']
[0.139s] Level 1:colcon.colcon_core.package_identification:_identify(src/trac_ik/trac_ik) by extension 'ros'
[0.140s] DEBUG:colcon.colcon_core.package_identification:Package 'src/trac_ik/trac_ik' with type 'ros.ament_cmake' and name 'trac_ik'
[0.140s] Level 1:colcon.colcon_core.package_identification:_identify(src/trac_ik/trac_ik_examples) by extensions ['ignore', 'ignore_ament_install']
[0.140s] Level 1:colcon.colcon_core.package_identification:_identify(src/trac_ik/trac_ik_examples) by extension 'ignore'
[0.140s] Level 1:colcon.colcon_core.package_identification:_identify(src/trac_ik/trac_ik_examples) by extension 'ignore_ament_install'
[0.140s] Level 1:colcon.colcon_core.package_identification:_identify(src/trac_ik/trac_ik_examples) by extensions ['colcon_pkg']
[0.140s] Level 1:colcon.colcon_core.package_identification:_identify(src/trac_ik/trac_ik_examples) by extension 'colcon_pkg'
[0.140s] Level 1:colcon.colcon_core.package_identification:_identify(src/trac_ik/trac_ik_examples) by extensions ['colcon_meta']
[0.140s] Level 1:colcon.colcon_core.package_identification:_identify(src/trac_ik/trac_ik_examples) by extension 'colcon_meta'
[0.140s] Level 1:colcon.colcon_core.package_identification:_identify(src/trac_ik/trac_ik_examples) by extensions ['ros']
[0.140s] Level 1:colcon.colcon_core.package_identification:_identify(src/trac_ik/trac_ik_examples) by extension 'ros'
[0.141s] DEBUG:colcon.colcon_core.package_identification:Package 'src/trac_ik/trac_ik_examples' with type 'ros.ament_cmake' and name 'trac_ik_examples'
[0.141s] Level 1:colcon.colcon_core.package_identification:_identify(src/trac_ik/trac_ik_kinematics_plugin) by extensions ['ignore', 'ignore_ament_install']
[0.141s] Level 1:colcon.colcon_core.package_identification:_identify(src/trac_ik/trac_ik_kinematics_plugin) by extension 'ignore'
[0.141s] Level 1:colcon.colcon_core.package_identification:_identify(src/trac_ik/trac_ik_kinematics_plugin) ignored
[0.141s] Level 1:colcon.colcon_core.package_identification:_identify(src/trac_ik/trac_ik_lib) by extensions ['ignore', 'ignore_ament_install']
[0.141s] Level 1:colcon.colcon_core.package_identification:_identify(src/trac_ik/trac_ik_lib) by extension 'ignore'
[0.141s] Level 1:colcon.colcon_core.package_identification:_identify(src/trac_ik/trac_ik_lib) by extension 'ignore_ament_install'
[0.141s] Level 1:colcon.colcon_core.package_identification:_identify(src/trac_ik/trac_ik_lib) by extensions ['colcon_pkg']
[0.141s] Level 1:colcon.colcon_core.package_identification:_identify(src/trac_ik/trac_ik_lib) by extension 'colcon_pkg'
[0.141s] Level 1:colcon.colcon_core.package_identification:_identify(src/trac_ik/trac_ik_lib) by extensions ['colcon_meta']
[0.141s] Level 1:colcon.colcon_core.package_identification:_identify(src/trac_ik/trac_ik_lib) by extension 'colcon_meta'
[0.141s] Level 1:colcon.colcon_core.package_identification:_identify(src/trac_ik/trac_ik_lib) by extensions ['ros']
[0.141s] Level 1:colcon.colcon_core.package_identification:_identify(src/trac_ik/trac_ik_lib) by extension 'ros'
[0.141s] DEBUG:colcon.colcon_core.package_identification:Package 'src/trac_ik/trac_ik_lib' with type 'ros.ament_cmake' and name 'trac_ik_lib'
[0.141s] Level 1:colcon.colcon_core.package_identification:_identify(src/trac_ik/trac_ik_python) by extensions ['ignore', 'ignore_ament_install']
[0.141s] Level 1:colcon.colcon_core.package_identification:_identify(src/trac_ik/trac_ik_python) by extension 'ignore'
[0.141s] Level 1:colcon.colcon_core.package_identification:_identify(src/trac_ik/trac_ik_python) ignored
[0.141s] Level 1:colcon.colcon_core.package_discovery:discover_packages(recursive) using defaults
[0.141s] Level 1:colcon.colcon_core.package_discovery:discover_packages(ignore) discover
[0.141s] Level 1:colcon.colcon_core.package_discovery:discover_packages(ignore) using defaults
[0.141s] Level 1:colcon.colcon_core.package_discovery:discover_packages(path) discover
[0.141s] Level 1:colcon.colcon_core.package_discovery:discover_packages(path) using defaults
[0.157s] Level 1:colcon.colcon_core.package_discovery:discover_packages(prefix_path) check parameters
[0.157s] Level 1:colcon.colcon_core.package_discovery:discover_packages(prefix_path) discover
[0.159s] DEBUG:colcon.colcon_installed_package_information.package_discovery:Found 3 installed packages in /home/wzb/ros2ws/orbbec_ws/install
[0.159s] DEBUG:colcon.colcon_installed_package_information.package_discovery:Found 8 installed packages in /home/wzb/ros2ws/my_piper_ros/install
[0.160s] DEBUG:colcon.colcon_installed_package_information.package_discovery:Found 49 installed packages in /home/wzb/ros2ws/moveit_ws/install
[0.161s] DEBUG:colcon.colcon_installed_package_information.package_discovery:Found 344 installed packages in /opt/ros/humble
[0.162s] Level 1:colcon.colcon_core.package_discovery:discover_packages(prefix_path) using defaults
[0.185s] Level 5:colcon.colcon_core.verb:set package 'trac_ik_lib' build argument 'cmake_args' from command line to 'None'
[0.185s] Level 5:colcon.colcon_core.verb:set package 'trac_ik_lib' build argument 'cmake_target' from command line to 'None'
[0.185s] Level 5:colcon.colcon_core.verb:set package 'trac_ik_lib' build argument 'cmake_target_skip_unavailable' from command line to 'False'
[0.185s] Level 5:colcon.colcon_core.verb:set package 'trac_ik_lib' build argument 'cmake_clean_cache' from command line to 'False'
[0.185s] Level 5:colcon.colcon_core.verb:set package 'trac_ik_lib' build argument 'cmake_clean_first' from command line to 'False'
[0.185s] Level 5:colcon.colcon_core.verb:set package 'trac_ik_lib' build argument 'cmake_force_configure' from command line to 'False'
[0.185s] Level 5:colcon.colcon_core.verb:set package 'trac_ik_lib' build argument 'ament_cmake_args' from command line to 'None'
[0.185s] Level 5:colcon.colcon_core.verb:set package 'trac_ik_lib' build argument 'catkin_cmake_args' from command line to 'None'
[0.185s] Level 5:colcon.colcon_core.verb:set package 'trac_ik_lib' build argument 'catkin_skip_building_tests' from command line to 'False'
[0.185s] DEBUG:colcon.colcon_core.verb:Building package 'trac_ik_lib' with the following arguments: {'ament_cmake_args': None, 'build_base': '/home/wzb/ros2ws/trac_ws/build/trac_ik_lib', 'catkin_cmake_args': None, 'catkin_skip_building_tests': False, 'cmake_args': None, 'cmake_clean_cache': False, 'cmake_clean_first': False, 'cmake_force_configure': False, 'cmake_target': None, 'cmake_target_skip_unavailable': False, 'install_base': '/home/wzb/ros2ws/trac_ws/install/trac_ik_lib', 'merge_install': False, 'path': '/home/wzb/ros2ws/trac_ws/src/trac_ik/trac_ik_lib', 'symlink_install': False, 'test_result_base': None}
[0.185s] Level 5:colcon.colcon_core.verb:set package 'trac_ik_examples' build argument 'cmake_args' from command line to 'None'
[0.185s] Level 5:colcon.colcon_core.verb:set package 'trac_ik_examples' build argument 'cmake_target' from command line to 'None'
[0.185s] Level 5:colcon.colcon_core.verb:set package 'trac_ik_examples' build argument 'cmake_target_skip_unavailable' from command line to 'False'
[0.185s] Level 5:colcon.colcon_core.verb:set package 'trac_ik_examples' build argument 'cmake_clean_cache' from command line to 'False'
[0.185s] Level 5:colcon.colcon_core.verb:set package 'trac_ik_examples' build argument 'cmake_clean_first' from command line to 'False'
[0.185s] Level 5:colcon.colcon_core.verb:set package 'trac_ik_examples' build argument 'cmake_force_configure' from command line to 'False'
[0.185s] Level 5:colcon.colcon_core.verb:set package 'trac_ik_examples' build argument 'ament_cmake_args' from command line to 'None'
[0.185s] Level 5:colcon.colcon_core.verb:set package 'trac_ik_examples' build argument 'catkin_cmake_args' from command line to 'None'
[0.185s] Level 5:colcon.colcon_core.verb:set package 'trac_ik_examples' build argument 'catkin_skip_building_tests' from command line to 'False'
[0.185s] DEBUG:colcon.colcon_core.verb:Building package 'trac_ik_examples' with the following arguments: {'ament_cmake_args': None, 'build_base': '/home/wzb/ros2ws/trac_ws/build/trac_ik_examples', 'catkin_cmake_args': None, 'catkin_skip_building_tests': False, 'cmake_args': None, 'cmake_clean_cache': False, 'cmake_clean_first': False, 'cmake_force_configure': False, 'cmake_target': None, 'cmake_target_skip_unavailable': False, 'install_base': '/home/wzb/ros2ws/trac_ws/install/trac_ik_examples', 'merge_install': False, 'path': '/home/wzb/ros2ws/trac_ws/src/trac_ik/trac_ik_examples', 'symlink_install': False, 'test_result_base': None}
[0.185s] Level 5:colcon.colcon_core.verb:set package 'trac_ik' build argument 'cmake_args' from command line to 'None'
[0.185s] Level 5:colcon.colcon_core.verb:set package 'trac_ik' build argument 'cmake_target' from command line to 'None'
[0.185s] Level 5:colcon.colcon_core.verb:set package 'trac_ik' build argument 'cmake_target_skip_unavailable' from command line to 'False'
[0.185s] Level 5:colcon.colcon_core.verb:set package 'trac_ik' build argument 'cmake_clean_cache' from command line to 'False'
[0.185s] Level 5:colcon.colcon_core.verb:set package 'trac_ik' build argument 'cmake_clean_first' from command line to 'False'
[0.185s] Level 5:colcon.colcon_core.verb:set package 'trac_ik' build argument 'cmake_force_configure' from command line to 'False'
[0.185s] Level 5:colcon.colcon_core.verb:set package 'trac_ik' build argument 'ament_cmake_args' from command line to 'None'
[0.185s] Level 5:colcon.colcon_core.verb:set package 'trac_ik' build argument 'catkin_cmake_args' from command line to 'None'
[0.185s] Level 5:colcon.colcon_core.verb:set package 'trac_ik' build argument 'catkin_skip_building_tests' from command line to 'False'
[0.185s] DEBUG:colcon.colcon_core.verb:Building package 'trac_ik' with the following arguments: {'ament_cmake_args': None, 'build_base': '/home/wzb/ros2ws/trac_ws/build/trac_ik', 'catkin_cmake_args': None, 'catkin_skip_building_tests': False, 'cmake_args': None, 'cmake_clean_cache': False, 'cmake_clean_first': False, 'cmake_force_configure': False, 'cmake_target': None, 'cmake_target_skip_unavailable': False, 'install_base': '/home/wzb/ros2ws/trac_ws/install/trac_ik', 'merge_install': False, 'path': '/home/wzb/ros2ws/trac_ws/src/trac_ik/trac_ik', 'symlink_install': False, 'test_result_base': None}
[0.185s] INFO:colcon.colcon_core.executor:Executing jobs using 'parallel' executor
[0.186s] DEBUG:colcon.colcon_parallel_executor.executor.parallel:run_until_complete
[0.186s] INFO:colcon.colcon_ros.task.ament_cmake.build:Building ROS package in '/home/wzb/ros2ws/trac_ws/src/trac_ik/trac_ik_lib' with build type 'ament_cmake'
[0.186s] INFO:colcon.colcon_cmake.task.cmake.build:Building CMake package in '/home/wzb/ros2ws/trac_ws/src/trac_ik/trac_ik_lib'
[0.187s] INFO:colcon.colcon_core.plugin_system:Skipping extension 'colcon_core.shell.bat': Not used on non-Windows systems
[0.187s] INFO:colcon.colcon_core.shell:Skip shell extension 'powershell' for command environment: Not usable outside of PowerShell
[0.187s] DEBUG:colcon.colcon_core.shell:Skip shell extension 'dsv' for command environment
[0.194s] DEBUG:colcon.colcon_core.event_handler.log_command:Invoking command in '/home/wzb/ros2ws/trac_ws/build/trac_ik_lib': CMAKE_PREFIX_PATH=${CMAKE_PREFIX_PATH}:/home/wzb/ros2ws/my_piper_ros/install/piper:/home/wzb/ros2ws/moveit_ws/install/moveit_configs_utils:/opt/ros/humble /usr/bin/cmake /home/wzb/ros2ws/trac_ws/src/trac_ik/trac_ik_lib -DCMAKE_INSTALL_PREFIX=/home/wzb/ros2ws/trac_ws/install/trac_ik_lib
[1.470s] DEBUG:colcon.colcon_core.event_handler.log_command:Invoked command in '/home/wzb/ros2ws/trac_ws/build/trac_ik_lib' returned '0': CMAKE_PREFIX_PATH=${CMAKE_PREFIX_PATH}:/home/wzb/ros2ws/my_piper_ros/install/piper:/home/wzb/ros2ws/moveit_ws/install/moveit_configs_utils:/opt/ros/humble /usr/bin/cmake /home/wzb/ros2ws/trac_ws/src/trac_ik/trac_ik_lib -DCMAKE_INSTALL_PREFIX=/home/wzb/ros2ws/trac_ws/install/trac_ik_lib
[1.471s] DEBUG:colcon.colcon_core.event_handler.log_command:Invoking command in '/home/wzb/ros2ws/trac_ws/build/trac_ik_lib': CMAKE_PREFIX_PATH=${CMAKE_PREFIX_PATH}:/home/wzb/ros2ws/my_piper_ros/install/piper:/home/wzb/ros2ws/moveit_ws/install/moveit_configs_utils:/opt/ros/humble /usr/bin/cmake --build /home/wzb/ros2ws/trac_ws/build/trac_ik_lib -- -j20 -l20
[6.732s] DEBUG:colcon.colcon_core.event_handler.log_command:Invoked command in '/home/wzb/ros2ws/trac_ws/build/trac_ik_lib' returned '0': CMAKE_PREFIX_PATH=${CMAKE_PREFIX_PATH}:/home/wzb/ros2ws/my_piper_ros/install/piper:/home/wzb/ros2ws/moveit_ws/install/moveit_configs_utils:/opt/ros/humble /usr/bin/cmake --build /home/wzb/ros2ws/trac_ws/build/trac_ik_lib -- -j20 -l20
[6.738s] DEBUG:colcon.colcon_core.event_handler.log_command:Invoking command in '/home/wzb/ros2ws/trac_ws/build/trac_ik_lib': CMAKE_PREFIX_PATH=${CMAKE_PREFIX_PATH}:/home/wzb/ros2ws/my_piper_ros/install/piper:/home/wzb/ros2ws/moveit_ws/install/moveit_configs_utils:/opt/ros/humble /usr/bin/cmake --install /home/wzb/ros2ws/trac_ws/build/trac_ik_lib
[6.747s] Level 1:colcon.colcon_core.environment:create_environment_scripts_only(trac_ik_lib)
[6.748s] DEBUG:colcon.colcon_core.event_handler.log_command:Invoked command in '/home/wzb/ros2ws/trac_ws/build/trac_ik_lib' returned '0': CMAKE_PREFIX_PATH=${CMAKE_PREFIX_PATH}:/home/wzb/ros2ws/my_piper_ros/install/piper:/home/wzb/ros2ws/moveit_ws/install/moveit_configs_utils:/opt/ros/humble /usr/bin/cmake --install /home/wzb/ros2ws/trac_ws/build/trac_ik_lib
[6.749s] Level 1:colcon.colcon_core.environment:checking '/home/wzb/ros2ws/trac_ws/install/trac_ik_lib' for CMake module files
[6.749s] Level 1:colcon.colcon_core.environment:checking '/home/wzb/ros2ws/trac_ws/install/trac_ik_lib' for CMake config files
[6.749s] Level 1:colcon.colcon_core.shell:create_environment_hook('trac_ik_lib', 'cmake_prefix_path')
[6.749s] INFO:colcon.colcon_core.shell:Creating environment hook '/home/wzb/ros2ws/trac_ws/install/trac_ik_lib/share/trac_ik_lib/hook/cmake_prefix_path.ps1'
[6.750s] INFO:colcon.colcon_core.shell:Creating environment descriptor '/home/wzb/ros2ws/trac_ws/install/trac_ik_lib/share/trac_ik_lib/hook/cmake_prefix_path.dsv'
[6.750s] INFO:colcon.colcon_core.shell:Creating environment hook '/home/wzb/ros2ws/trac_ws/install/trac_ik_lib/share/trac_ik_lib/hook/cmake_prefix_path.sh'
[6.750s] Level 1:colcon.colcon_core.environment:checking '/home/wzb/ros2ws/trac_ws/install/trac_ik_lib/lib'
[6.750s] Level 1:colcon.colcon_core.shell:create_environment_hook('trac_ik_lib', 'ld_library_path_lib')
[6.750s] INFO:colcon.colcon_core.shell:Creating environment hook '/home/wzb/ros2ws/trac_ws/install/trac_ik_lib/share/trac_ik_lib/hook/ld_library_path_lib.ps1'
[6.751s] INFO:colcon.colcon_core.shell:Creating environment descriptor '/home/wzb/ros2ws/trac_ws/install/trac_ik_lib/share/trac_ik_lib/hook/ld_library_path_lib.dsv'
[6.751s] INFO:colcon.colcon_core.shell:Creating environment hook '/home/wzb/ros2ws/trac_ws/install/trac_ik_lib/share/trac_ik_lib/hook/ld_library_path_lib.sh'
[6.751s] Level 1:colcon.colcon_core.environment:checking '/home/wzb/ros2ws/trac_ws/install/trac_ik_lib/bin'
[6.751s] Level 1:colcon.colcon_core.environment:checking '/home/wzb/ros2ws/trac_ws/install/trac_ik_lib/lib/pkgconfig/trac_ik_lib.pc'
[6.751s] Level 1:colcon.colcon_core.environment:checking '/home/wzb/ros2ws/trac_ws/install/trac_ik_lib/lib/python3.10/site-packages'
[6.751s] Level 1:colcon.colcon_core.environment:checking '/home/wzb/ros2ws/trac_ws/install/trac_ik_lib/bin'
[6.751s] INFO:colcon.colcon_core.shell:Creating package script '/home/wzb/ros2ws/trac_ws/install/trac_ik_lib/share/trac_ik_lib/package.ps1'
[6.752s] INFO:colcon.colcon_core.shell:Creating package descriptor '/home/wzb/ros2ws/trac_ws/install/trac_ik_lib/share/trac_ik_lib/package.dsv'
[6.752s] INFO:colcon.colcon_core.shell:Creating package script '/home/wzb/ros2ws/trac_ws/install/trac_ik_lib/share/trac_ik_lib/package.sh'
[6.752s] INFO:colcon.colcon_core.shell:Creating package script '/home/wzb/ros2ws/trac_ws/install/trac_ik_lib/share/trac_ik_lib/package.bash'
[6.753s] INFO:colcon.colcon_core.shell:Creating package script '/home/wzb/ros2ws/trac_ws/install/trac_ik_lib/share/trac_ik_lib/package.zsh'
[6.753s] Level 1:colcon.colcon_core.environment:create_file_with_runtime_dependencies(/home/wzb/ros2ws/trac_ws/install/trac_ik_lib/share/colcon-core/packages/trac_ik_lib)
[6.753s] Level 1:colcon.colcon_core.environment:create_environment_scripts_only(trac_ik_lib)
[6.753s] Level 1:colcon.colcon_core.environment:checking '/home/wzb/ros2ws/trac_ws/install/trac_ik_lib' for CMake module files
[6.754s] Level 1:colcon.colcon_core.environment:checking '/home/wzb/ros2ws/trac_ws/install/trac_ik_lib' for CMake config files
[6.754s] Level 1:colcon.colcon_core.shell:create_environment_hook('trac_ik_lib', 'cmake_prefix_path')
[6.754s] INFO:colcon.colcon_core.shell:Creating environment hook '/home/wzb/ros2ws/trac_ws/install/trac_ik_lib/share/trac_ik_lib/hook/cmake_prefix_path.ps1'
[6.754s] INFO:colcon.colcon_core.shell:Creating environment descriptor '/home/wzb/ros2ws/trac_ws/install/trac_ik_lib/share/trac_ik_lib/hook/cmake_prefix_path.dsv'
[6.754s] INFO:colcon.colcon_core.shell:Creating environment hook '/home/wzb/ros2ws/trac_ws/install/trac_ik_lib/share/trac_ik_lib/hook/cmake_prefix_path.sh'
[6.754s] Level 1:colcon.colcon_core.environment:checking '/home/wzb/ros2ws/trac_ws/install/trac_ik_lib/lib'
[6.755s] Level 1:colcon.colcon_core.shell:create_environment_hook('trac_ik_lib', 'ld_library_path_lib')
[6.755s] INFO:colcon.colcon_core.shell:Creating environment hook '/home/wzb/ros2ws/trac_ws/install/trac_ik_lib/share/trac_ik_lib/hook/ld_library_path_lib.ps1'
[6.755s] INFO:colcon.colcon_core.shell:Creating environment descriptor '/home/wzb/ros2ws/trac_ws/install/trac_ik_lib/share/trac_ik_lib/hook/ld_library_path_lib.dsv'
[6.755s] INFO:colcon.colcon_core.shell:Creating environment hook '/home/wzb/ros2ws/trac_ws/install/trac_ik_lib/share/trac_ik_lib/hook/ld_library_path_lib.sh'
[6.755s] Level 1:colcon.colcon_core.environment:checking '/home/wzb/ros2ws/trac_ws/install/trac_ik_lib/bin'
[6.755s] Level 1:colcon.colcon_core.environment:checking '/home/wzb/ros2ws/trac_ws/install/trac_ik_lib/lib/pkgconfig/trac_ik_lib.pc'
[6.755s] Level 1:colcon.colcon_core.environment:checking '/home/wzb/ros2ws/trac_ws/install/trac_ik_lib/lib/python3.10/site-packages'
[6.755s] Level 1:colcon.colcon_core.environment:checking '/home/wzb/ros2ws/trac_ws/install/trac_ik_lib/bin'
[6.756s] INFO:colcon.colcon_core.shell:Creating package script '/home/wzb/ros2ws/trac_ws/install/trac_ik_lib/share/trac_ik_lib/package.ps1'
[6.756s] INFO:colcon.colcon_core.shell:Creating package descriptor '/home/wzb/ros2ws/trac_ws/install/trac_ik_lib/share/trac_ik_lib/package.dsv'
[6.756s] INFO:colcon.colcon_core.shell:Creating package script '/home/wzb/ros2ws/trac_ws/install/trac_ik_lib/share/trac_ik_lib/package.sh'
[6.756s] INFO:colcon.colcon_core.shell:Creating package script '/home/wzb/ros2ws/trac_ws/install/trac_ik_lib/share/trac_ik_lib/package.bash'
[6.756s] INFO:colcon.colcon_core.shell:Creating package script '/home/wzb/ros2ws/trac_ws/install/trac_ik_lib/share/trac_ik_lib/package.zsh'
[6.757s] Level 1:colcon.colcon_core.environment:create_file_with_runtime_dependencies(/home/wzb/ros2ws/trac_ws/install/trac_ik_lib/share/colcon-core/packages/trac_ik_lib)
[6.757s] INFO:colcon.colcon_ros.task.ament_cmake.build:Building ROS package in '/home/wzb/ros2ws/trac_ws/src/trac_ik/trac_ik_examples' with build type 'ament_cmake'
[6.757s] INFO:colcon.colcon_cmake.task.cmake.build:Building CMake package in '/home/wzb/ros2ws/trac_ws/src/trac_ik/trac_ik_examples'
[6.757s] INFO:colcon.colcon_core.shell:Skip shell extension 'powershell' for command environment: Not usable outside of PowerShell
[6.757s] DEBUG:colcon.colcon_core.shell:Skip shell extension 'dsv' for command environment
[6.765s] DEBUG:colcon.colcon_core.event_handler.log_command:Invoking command in '/home/wzb/ros2ws/trac_ws/build/trac_ik_examples': AMENT_PREFIX_PATH=/home/wzb/ros2ws/trac_ws/install/trac_ik_lib:${AMENT_PREFIX_PATH} CMAKE_PREFIX_PATH=/home/wzb/ros2ws/trac_ws/install/trac_ik_lib:/home/wzb/ros2ws/orbbec_ws/install/orbbec_description:/home/wzb/ros2ws/orbbec_ws/install/orbbec_camera:/home/wzb/ros2ws/orbbec_ws/install/orbbec_camera_msgs:/home/wzb/ros2ws/my_piper_ros/install/piper_with_gripper_moveit:/home/wzb/ros2ws/my_piper_ros/install/piper_no_gripper_moveit:/home/wzb/ros2ws/my_piper_ros/install/piper_mujoco:/home/wzb/ros2ws/my_piper_ros/install/piper_msgs:/home/wzb/ros2ws/my_piper_ros/install/piper_humble:/home/wzb/ros2ws/my_piper_ros/install/piper_gazebo:/home/wzb/ros2ws/my_piper_ros/install/piper_description:/home/wzb/ros2ws/moveit_ws/install/pilz_industrial_motion_planner_testutils:/home/wzb/ros2ws/moveit_ws/install/moveit_runtime:/home/wzb/ros2ws/moveit_ws/install/moveit:/home/wzb/ros2ws/moveit_ws/install/moveit_planners:/home/wzb/ros2ws/moveit_ws/install/pilz_industrial_motion_planner:/home/wzb/ros2ws/moveit_ws/install/moveit_ros_control_interface:/home/wzb/ros2ws/moveit_ws/install/moveit_plugins:/home/wzb/ros2ws/moveit_ws/install/moveit_simple_controller_manager:/home/wzb/ros2ws/moveit_ws/install/moveit_setup_assistant:/home/wzb/ros2ws/moveit_ws/install/moveit_setup_srdf_plugins:/home/wzb/ros2ws/moveit_ws/install/moveit_setup_core_plugins:/home/wzb/ros2ws/moveit_ws/install/moveit_setup_controllers:/home/wzb/ros2ws/moveit_ws/install/moveit_setup_app_plugins:/home/wzb/ros2ws/moveit_ws/install/moveit_setup_framework:/home/wzb/ros2ws/moveit_ws/install/moveit_servo:/home/wzb/ros2ws/moveit_ws/install/moveit_ros_trajectory_cache:/home/wzb/ros2ws/moveit_ws/install/moveit_ros:/home/wzb/ros2ws/moveit_ws/install/moveit_ros_visualization:/home/wzb/ros2ws/moveit_ws/install/moveit_py:/home/wzb/ros2ws/moveit_ws/install/moveit_hybrid_planning:/home/wzb/ros2ws/moveit_ws/install/moveit_ros_planning_interface:/home/wzb/ros2ws/moveit_ws/install/moveit_ros_benchmarks:/home/wzb/ros2ws/moveit_ws/install/moveit_ros_warehouse:/home/wzb/ros2ws/moveit_ws/install/moveit_ros_robot_interaction:/home/wzb/ros2ws/moveit_ws/install/moveit_ros_perception:/home/wzb/ros2ws/moveit_ws/install/moveit_resources_prbt_pg70_support:/home/wzb/ros2ws/moveit_ws/install/moveit_resources_prbt_moveit_config:/home/wzb/ros2ws/moveit_ws/install/moveit_ros_move_group:/home/wzb/ros2ws/moveit_ws/install/moveit_planners_ompl:/home/wzb/ros2ws/moveit_ws/install/moveit_kinematics:/home/wzb/ros2ws/moveit_ws/install/moveit_ros_planning:/home/wzb/ros2ws/moveit_ws/install/moveit_ros_occupancy_map_monitor:/home/wzb/ros2ws/moveit_ws/install/moveit_resources_prbt_support:/home/wzb/ros2ws/moveit_ws/install/moveit_resources_prbt_ikfast_manipulator_plugin:/home/wzb/ros2ws/moveit_ws/install/moveit_resources:/home/wzb/ros2ws/moveit_ws/install/moveit_resources_pr2_description:/home/wzb/ros2ws/moveit_ws/install/moveit_resources_panda_moveit_config:/home/wzb/ros2ws/moveit_ws/install/dual_arm_panda_moveit_config:/home/wzb/ros2ws/moveit_ws/install/moveit_resources_panda_description:/home/wzb/ros2ws/moveit_ws/install/moveit_resources_fanuc_moveit_config:/home/wzb/ros2ws/moveit_ws/install/moveit_resources_fanuc_description:/home/wzb/ros2ws/moveit_ws/install/moveit_planners_stomp:/home/wzb/ros2ws/moveit_ws/install/moveit_planners_chomp:/home/wzb/ros2ws/moveit_ws/install/chomp_motion_planner:/home/wzb/ros2ws/moveit_ws/install/moveit_core:/home/wzb/ros2ws/moveit_ws/install/moveit_msgs:/home/wzb/ros2ws/moveit_ws/install/moveit_common:/home/wzb/ros2ws/my_piper_ros/install/piper:/home/wzb/ros2ws/moveit_ws/install/moveit_configs_utils:/opt/ros/humble LD_LIBRARY_PATH=/home/wzb/ros2ws/trac_ws/install/trac_ik_lib/lib:${LD_LIBRARY_PATH} /usr/bin/cmake /home/wzb/ros2ws/trac_ws/src/trac_ik/trac_ik_examples -DCMAKE_INSTALL_PREFIX=/home/wzb/ros2ws/trac_ws/install/trac_ik_examples
[7.640s] DEBUG:colcon.colcon_core.event_handler.log_command:Invoked command in '/home/wzb/ros2ws/trac_ws/build/trac_ik_examples' returned '0': AMENT_PREFIX_PATH=/home/wzb/ros2ws/trac_ws/install/trac_ik_lib:${AMENT_PREFIX_PATH} CMAKE_PREFIX_PATH=/home/wzb/ros2ws/trac_ws/install/trac_ik_lib:/home/wzb/ros2ws/orbbec_ws/install/orbbec_description:/home/wzb/ros2ws/orbbec_ws/install/orbbec_camera:/home/wzb/ros2ws/orbbec_ws/install/orbbec_camera_msgs:/home/wzb/ros2ws/my_piper_ros/install/piper_with_gripper_moveit:/home/wzb/ros2ws/my_piper_ros/install/piper_no_gripper_moveit:/home/wzb/ros2ws/my_piper_ros/install/piper_mujoco:/home/wzb/ros2ws/my_piper_ros/install/piper_msgs:/home/wzb/ros2ws/my_piper_ros/install/piper_humble:/home/wzb/ros2ws/my_piper_ros/install/piper_gazebo:/home/wzb/ros2ws/my_piper_ros/install/piper_description:/home/wzb/ros2ws/moveit_ws/install/pilz_industrial_motion_planner_testutils:/home/wzb/ros2ws/moveit_ws/install/moveit_runtime:/home/wzb/ros2ws/moveit_ws/install/moveit:/home/wzb/ros2ws/moveit_ws/install/moveit_planners:/home/wzb/ros2ws/moveit_ws/install/pilz_industrial_motion_planner:/home/wzb/ros2ws/moveit_ws/install/moveit_ros_control_interface:/home/wzb/ros2ws/moveit_ws/install/moveit_plugins:/home/wzb/ros2ws/moveit_ws/install/moveit_simple_controller_manager:/home/wzb/ros2ws/moveit_ws/install/moveit_setup_assistant:/home/wzb/ros2ws/moveit_ws/install/moveit_setup_srdf_plugins:/home/wzb/ros2ws/moveit_ws/install/moveit_setup_core_plugins:/home/wzb/ros2ws/moveit_ws/install/moveit_setup_controllers:/home/wzb/ros2ws/moveit_ws/install/moveit_setup_app_plugins:/home/wzb/ros2ws/moveit_ws/install/moveit_setup_framework:/home/wzb/ros2ws/moveit_ws/install/moveit_servo:/home/wzb/ros2ws/moveit_ws/install/moveit_ros_trajectory_cache:/home/wzb/ros2ws/moveit_ws/install/moveit_ros:/home/wzb/ros2ws/moveit_ws/install/moveit_ros_visualization:/home/wzb/ros2ws/moveit_ws/install/moveit_py:/home/wzb/ros2ws/moveit_ws/install/moveit_hybrid_planning:/home/wzb/ros2ws/moveit_ws/install/moveit_ros_planning_interface:/home/wzb/ros2ws/moveit_ws/install/moveit_ros_benchmarks:/home/wzb/ros2ws/moveit_ws/install/moveit_ros_warehouse:/home/wzb/ros2ws/moveit_ws/install/moveit_ros_robot_interaction:/home/wzb/ros2ws/moveit_ws/install/moveit_ros_perception:/home/wzb/ros2ws/moveit_ws/install/moveit_resources_prbt_pg70_support:/home/wzb/ros2ws/moveit_ws/install/moveit_resources_prbt_moveit_config:/home/wzb/ros2ws/moveit_ws/install/moveit_ros_move_group:/home/wzb/ros2ws/moveit_ws/install/moveit_planners_ompl:/home/wzb/ros2ws/moveit_ws/install/moveit_kinematics:/home/wzb/ros2ws/moveit_ws/install/moveit_ros_planning:/home/wzb/ros2ws/moveit_ws/install/moveit_ros_occupancy_map_monitor:/home/wzb/ros2ws/moveit_ws/install/moveit_resources_prbt_support:/home/wzb/ros2ws/moveit_ws/install/moveit_resources_prbt_ikfast_manipulator_plugin:/home/wzb/ros2ws/moveit_ws/install/moveit_resources:/home/wzb/ros2ws/moveit_ws/install/moveit_resources_pr2_description:/home/wzb/ros2ws/moveit_ws/install/moveit_resources_panda_moveit_config:/home/wzb/ros2ws/moveit_ws/install/dual_arm_panda_moveit_config:/home/wzb/ros2ws/moveit_ws/install/moveit_resources_panda_description:/home/wzb/ros2ws/moveit_ws/install/moveit_resources_fanuc_moveit_config:/home/wzb/ros2ws/moveit_ws/install/moveit_resources_fanuc_description:/home/wzb/ros2ws/moveit_ws/install/moveit_planners_stomp:/home/wzb/ros2ws/moveit_ws/install/moveit_planners_chomp:/home/wzb/ros2ws/moveit_ws/install/chomp_motion_planner:/home/wzb/ros2ws/moveit_ws/install/moveit_core:/home/wzb/ros2ws/moveit_ws/install/moveit_msgs:/home/wzb/ros2ws/moveit_ws/install/moveit_common:/home/wzb/ros2ws/my_piper_ros/install/piper:/home/wzb/ros2ws/moveit_ws/install/moveit_configs_utils:/opt/ros/humble LD_LIBRARY_PATH=/home/wzb/ros2ws/trac_ws/install/trac_ik_lib/lib:${LD_LIBRARY_PATH} /usr/bin/cmake /home/wzb/ros2ws/trac_ws/src/trac_ik/trac_ik_examples -DCMAKE_INSTALL_PREFIX=/home/wzb/ros2ws/trac_ws/install/trac_ik_examples
[7.641s] DEBUG:colcon.colcon_core.event_handler.log_command:Invoking command in '/home/wzb/ros2ws/trac_ws/build/trac_ik_examples': AMENT_PREFIX_PATH=/home/wzb/ros2ws/trac_ws/install/trac_ik_lib:${AMENT_PREFIX_PATH} CMAKE_PREFIX_PATH=/home/wzb/ros2ws/trac_ws/install/trac_ik_lib:/home/wzb/ros2ws/orbbec_ws/install/orbbec_description:/home/wzb/ros2ws/orbbec_ws/install/orbbec_camera:/home/wzb/ros2ws/orbbec_ws/install/orbbec_camera_msgs:/home/wzb/ros2ws/my_piper_ros/install/piper_with_gripper_moveit:/home/wzb/ros2ws/my_piper_ros/install/piper_no_gripper_moveit:/home/wzb/ros2ws/my_piper_ros/install/piper_mujoco:/home/wzb/ros2ws/my_piper_ros/install/piper_msgs:/home/wzb/ros2ws/my_piper_ros/install/piper_humble:/home/wzb/ros2ws/my_piper_ros/install/piper_gazebo:/home/wzb/ros2ws/my_piper_ros/install/piper_description:/home/wzb/ros2ws/moveit_ws/install/pilz_industrial_motion_planner_testutils:/home/wzb/ros2ws/moveit_ws/install/moveit_runtime:/home/wzb/ros2ws/moveit_ws/install/moveit:/home/wzb/ros2ws/moveit_ws/install/moveit_planners:/home/wzb/ros2ws/moveit_ws/install/pilz_industrial_motion_planner:/home/wzb/ros2ws/moveit_ws/install/moveit_ros_control_interface:/home/wzb/ros2ws/moveit_ws/install/moveit_plugins:/home/wzb/ros2ws/moveit_ws/install/moveit_simple_controller_manager:/home/wzb/ros2ws/moveit_ws/install/moveit_setup_assistant:/home/wzb/ros2ws/moveit_ws/install/moveit_setup_srdf_plugins:/home/wzb/ros2ws/moveit_ws/install/moveit_setup_core_plugins:/home/wzb/ros2ws/moveit_ws/install/moveit_setup_controllers:/home/wzb/ros2ws/moveit_ws/install/moveit_setup_app_plugins:/home/wzb/ros2ws/moveit_ws/install/moveit_setup_framework:/home/wzb/ros2ws/moveit_ws/install/moveit_servo:/home/wzb/ros2ws/moveit_ws/install/moveit_ros_trajectory_cache:/home/wzb/ros2ws/moveit_ws/install/moveit_ros:/home/wzb/ros2ws/moveit_ws/install/moveit_ros_visualization:/home/wzb/ros2ws/moveit_ws/install/moveit_py:/home/wzb/ros2ws/moveit_ws/install/moveit_hybrid_planning:/home/wzb/ros2ws/moveit_ws/install/moveit_ros_planning_interface:/home/wzb/ros2ws/moveit_ws/install/moveit_ros_benchmarks:/home/wzb/ros2ws/moveit_ws/install/moveit_ros_warehouse:/home/wzb/ros2ws/moveit_ws/install/moveit_ros_robot_interaction:/home/wzb/ros2ws/moveit_ws/install/moveit_ros_perception:/home/wzb/ros2ws/moveit_ws/install/moveit_resources_prbt_pg70_support:/home/wzb/ros2ws/moveit_ws/install/moveit_resources_prbt_moveit_config:/home/wzb/ros2ws/moveit_ws/install/moveit_ros_move_group:/home/wzb/ros2ws/moveit_ws/install/moveit_planners_ompl:/home/wzb/ros2ws/moveit_ws/install/moveit_kinematics:/home/wzb/ros2ws/moveit_ws/install/moveit_ros_planning:/home/wzb/ros2ws/moveit_ws/install/moveit_ros_occupancy_map_monitor:/home/wzb/ros2ws/moveit_ws/install/moveit_resources_prbt_support:/home/wzb/ros2ws/moveit_ws/install/moveit_resources_prbt_ikfast_manipulator_plugin:/home/wzb/ros2ws/moveit_ws/install/moveit_resources:/home/wzb/ros2ws/moveit_ws/install/moveit_resources_pr2_description:/home/wzb/ros2ws/moveit_ws/install/moveit_resources_panda_moveit_config:/home/wzb/ros2ws/moveit_ws/install/dual_arm_panda_moveit_config:/home/wzb/ros2ws/moveit_ws/install/moveit_resources_panda_description:/home/wzb/ros2ws/moveit_ws/install/moveit_resources_fanuc_moveit_config:/home/wzb/ros2ws/moveit_ws/install/moveit_resources_fanuc_description:/home/wzb/ros2ws/moveit_ws/install/moveit_planners_stomp:/home/wzb/ros2ws/moveit_ws/install/moveit_planners_chomp:/home/wzb/ros2ws/moveit_ws/install/chomp_motion_planner:/home/wzb/ros2ws/moveit_ws/install/moveit_core:/home/wzb/ros2ws/moveit_ws/install/moveit_msgs:/home/wzb/ros2ws/moveit_ws/install/moveit_common:/home/wzb/ros2ws/my_piper_ros/install/piper:/home/wzb/ros2ws/moveit_ws/install/moveit_configs_utils:/opt/ros/humble LD_LIBRARY_PATH=/home/wzb/ros2ws/trac_ws/install/trac_ik_lib/lib:${LD_LIBRARY_PATH} /usr/bin/cmake --build /home/wzb/ros2ws/trac_ws/build/trac_ik_examples -- -j20 -l20
[9.984s] DEBUG:colcon.colcon_core.event_handler.log_command:Invoked command in '/home/wzb/ros2ws/trac_ws/build/trac_ik_examples' returned '0': AMENT_PREFIX_PATH=/home/wzb/ros2ws/trac_ws/install/trac_ik_lib:${AMENT_PREFIX_PATH} CMAKE_PREFIX_PATH=/home/wzb/ros2ws/trac_ws/install/trac_ik_lib:/home/wzb/ros2ws/orbbec_ws/install/orbbec_description:/home/wzb/ros2ws/orbbec_ws/install/orbbec_camera:/home/wzb/ros2ws/orbbec_ws/install/orbbec_camera_msgs:/home/wzb/ros2ws/my_piper_ros/install/piper_with_gripper_moveit:/home/wzb/ros2ws/my_piper_ros/install/piper_no_gripper_moveit:/home/wzb/ros2ws/my_piper_ros/install/piper_mujoco:/home/wzb/ros2ws/my_piper_ros/install/piper_msgs:/home/wzb/ros2ws/my_piper_ros/install/piper_humble:/home/wzb/ros2ws/my_piper_ros/install/piper_gazebo:/home/wzb/ros2ws/my_piper_ros/install/piper_description:/home/wzb/ros2ws/moveit_ws/install/pilz_industrial_motion_planner_testutils:/home/wzb/ros2ws/moveit_ws/install/moveit_runtime:/home/wzb/ros2ws/moveit_ws/install/moveit:/home/wzb/ros2ws/moveit_ws/install/moveit_planners:/home/wzb/ros2ws/moveit_ws/install/pilz_industrial_motion_planner:/home/wzb/ros2ws/moveit_ws/install/moveit_ros_control_interface:/home/wzb/ros2ws/moveit_ws/install/moveit_plugins:/home/wzb/ros2ws/moveit_ws/install/moveit_simple_controller_manager:/home/wzb/ros2ws/moveit_ws/install/moveit_setup_assistant:/home/wzb/ros2ws/moveit_ws/install/moveit_setup_srdf_plugins:/home/wzb/ros2ws/moveit_ws/install/moveit_setup_core_plugins:/home/wzb/ros2ws/moveit_ws/install/moveit_setup_controllers:/home/wzb/ros2ws/moveit_ws/install/moveit_setup_app_plugins:/home/wzb/ros2ws/moveit_ws/install/moveit_setup_framework:/home/wzb/ros2ws/moveit_ws/install/moveit_servo:/home/wzb/ros2ws/moveit_ws/install/moveit_ros_trajectory_cache:/home/wzb/ros2ws/moveit_ws/install/moveit_ros:/home/wzb/ros2ws/moveit_ws/install/moveit_ros_visualization:/home/wzb/ros2ws/moveit_ws/install/moveit_py:/home/wzb/ros2ws/moveit_ws/install/moveit_hybrid_planning:/home/wzb/ros2ws/moveit_ws/install/moveit_ros_planning_interface:/home/wzb/ros2ws/moveit_ws/install/moveit_ros_benchmarks:/home/wzb/ros2ws/moveit_ws/install/moveit_ros_warehouse:/home/wzb/ros2ws/moveit_ws/install/moveit_ros_robot_interaction:/home/wzb/ros2ws/moveit_ws/install/moveit_ros_perception:/home/wzb/ros2ws/moveit_ws/install/moveit_resources_prbt_pg70_support:/home/wzb/ros2ws/moveit_ws/install/moveit_resources_prbt_moveit_config:/home/wzb/ros2ws/moveit_ws/install/moveit_ros_move_group:/home/wzb/ros2ws/moveit_ws/install/moveit_planners_ompl:/home/wzb/ros2ws/moveit_ws/install/moveit_kinematics:/home/wzb/ros2ws/moveit_ws/install/moveit_ros_planning:/home/wzb/ros2ws/moveit_ws/install/moveit_ros_occupancy_map_monitor:/home/wzb/ros2ws/moveit_ws/install/moveit_resources_prbt_support:/home/wzb/ros2ws/moveit_ws/install/moveit_resources_prbt_ikfast_manipulator_plugin:/home/wzb/ros2ws/moveit_ws/install/moveit_resources:/home/wzb/ros2ws/moveit_ws/install/moveit_resources_pr2_description:/home/wzb/ros2ws/moveit_ws/install/moveit_resources_panda_moveit_config:/home/wzb/ros2ws/moveit_ws/install/dual_arm_panda_moveit_config:/home/wzb/ros2ws/moveit_ws/install/moveit_resources_panda_description:/home/wzb/ros2ws/moveit_ws/install/moveit_resources_fanuc_moveit_config:/home/wzb/ros2ws/moveit_ws/install/moveit_resources_fanuc_description:/home/wzb/ros2ws/moveit_ws/install/moveit_planners_stomp:/home/wzb/ros2ws/moveit_ws/install/moveit_planners_chomp:/home/wzb/ros2ws/moveit_ws/install/chomp_motion_planner:/home/wzb/ros2ws/moveit_ws/install/moveit_core:/home/wzb/ros2ws/moveit_ws/install/moveit_msgs:/home/wzb/ros2ws/moveit_ws/install/moveit_common:/home/wzb/ros2ws/my_piper_ros/install/piper:/home/wzb/ros2ws/moveit_ws/install/moveit_configs_utils:/opt/ros/humble LD_LIBRARY_PATH=/home/wzb/ros2ws/trac_ws/install/trac_ik_lib/lib:${LD_LIBRARY_PATH} /usr/bin/cmake --build /home/wzb/ros2ws/trac_ws/build/trac_ik_examples -- -j20 -l20
[9.985s] DEBUG:colcon.colcon_core.event_handler.log_command:Invoking command in '/home/wzb/ros2ws/trac_ws/build/trac_ik_examples': AMENT_PREFIX_PATH=/home/wzb/ros2ws/trac_ws/install/trac_ik_lib:${AMENT_PREFIX_PATH} CMAKE_PREFIX_PATH=/home/wzb/ros2ws/trac_ws/install/trac_ik_lib:/home/wzb/ros2ws/orbbec_ws/install/orbbec_description:/home/wzb/ros2ws/orbbec_ws/install/orbbec_camera:/home/wzb/ros2ws/orbbec_ws/install/orbbec_camera_msgs:/home/wzb/ros2ws/my_piper_ros/install/piper_with_gripper_moveit:/home/wzb/ros2ws/my_piper_ros/install/piper_no_gripper_moveit:/home/wzb/ros2ws/my_piper_ros/install/piper_mujoco:/home/wzb/ros2ws/my_piper_ros/install/piper_msgs:/home/wzb/ros2ws/my_piper_ros/install/piper_humble:/home/wzb/ros2ws/my_piper_ros/install/piper_gazebo:/home/wzb/ros2ws/my_piper_ros/install/piper_description:/home/wzb/ros2ws/moveit_ws/install/pilz_industrial_motion_planner_testutils:/home/wzb/ros2ws/moveit_ws/install/moveit_runtime:/home/wzb/ros2ws/moveit_ws/install/moveit:/home/wzb/ros2ws/moveit_ws/install/moveit_planners:/home/wzb/ros2ws/moveit_ws/install/pilz_industrial_motion_planner:/home/wzb/ros2ws/moveit_ws/install/moveit_ros_control_interface:/home/wzb/ros2ws/moveit_ws/install/moveit_plugins:/home/wzb/ros2ws/moveit_ws/install/moveit_simple_controller_manager:/home/wzb/ros2ws/moveit_ws/install/moveit_setup_assistant:/home/wzb/ros2ws/moveit_ws/install/moveit_setup_srdf_plugins:/home/wzb/ros2ws/moveit_ws/install/moveit_setup_core_plugins:/home/wzb/ros2ws/moveit_ws/install/moveit_setup_controllers:/home/wzb/ros2ws/moveit_ws/install/moveit_setup_app_plugins:/home/wzb/ros2ws/moveit_ws/install/moveit_setup_framework:/home/wzb/ros2ws/moveit_ws/install/moveit_servo:/home/wzb/ros2ws/moveit_ws/install/moveit_ros_trajectory_cache:/home/wzb/ros2ws/moveit_ws/install/moveit_ros:/home/wzb/ros2ws/moveit_ws/install/moveit_ros_visualization:/home/wzb/ros2ws/moveit_ws/install/moveit_py:/home/wzb/ros2ws/moveit_ws/install/moveit_hybrid_planning:/home/wzb/ros2ws/moveit_ws/install/moveit_ros_planning_interface:/home/wzb/ros2ws/moveit_ws/install/moveit_ros_benchmarks:/home/wzb/ros2ws/moveit_ws/install/moveit_ros_warehouse:/home/wzb/ros2ws/moveit_ws/install/moveit_ros_robot_interaction:/home/wzb/ros2ws/moveit_ws/install/moveit_ros_perception:/home/wzb/ros2ws/moveit_ws/install/moveit_resources_prbt_pg70_support:/home/wzb/ros2ws/moveit_ws/install/moveit_resources_prbt_moveit_config:/home/wzb/ros2ws/moveit_ws/install/moveit_ros_move_group:/home/wzb/ros2ws/moveit_ws/install/moveit_planners_ompl:/home/wzb/ros2ws/moveit_ws/install/moveit_kinematics:/home/wzb/ros2ws/moveit_ws/install/moveit_ros_planning:/home/wzb/ros2ws/moveit_ws/install/moveit_ros_occupancy_map_monitor:/home/wzb/ros2ws/moveit_ws/install/moveit_resources_prbt_support:/home/wzb/ros2ws/moveit_ws/install/moveit_resources_prbt_ikfast_manipulator_plugin:/home/wzb/ros2ws/moveit_ws/install/moveit_resources:/home/wzb/ros2ws/moveit_ws/install/moveit_resources_pr2_description:/home/wzb/ros2ws/moveit_ws/install/moveit_resources_panda_moveit_config:/home/wzb/ros2ws/moveit_ws/install/dual_arm_panda_moveit_config:/home/wzb/ros2ws/moveit_ws/install/moveit_resources_panda_description:/home/wzb/ros2ws/moveit_ws/install/moveit_resources_fanuc_moveit_config:/home/wzb/ros2ws/moveit_ws/install/moveit_resources_fanuc_description:/home/wzb/ros2ws/moveit_ws/install/moveit_planners_stomp:/home/wzb/ros2ws/moveit_ws/install/moveit_planners_chomp:/home/wzb/ros2ws/moveit_ws/install/chomp_motion_planner:/home/wzb/ros2ws/moveit_ws/install/moveit_core:/home/wzb/ros2ws/moveit_ws/install/moveit_msgs:/home/wzb/ros2ws/moveit_ws/install/moveit_common:/home/wzb/ros2ws/my_piper_ros/install/piper:/home/wzb/ros2ws/moveit_ws/install/moveit_configs_utils:/opt/ros/humble LD_LIBRARY_PATH=/home/wzb/ros2ws/trac_ws/install/trac_ik_lib/lib:${LD_LIBRARY_PATH} /usr/bin/cmake --install /home/wzb/ros2ws/trac_ws/build/trac_ik_examples
[9.992s] Level 1:colcon.colcon_core.environment:create_environment_scripts_only(trac_ik_examples)
[9.992s] Level 1:colcon.colcon_core.environment:checking '/home/wzb/ros2ws/trac_ws/install/trac_ik_examples' for CMake module files
[9.993s] DEBUG:colcon.colcon_core.event_handler.log_command:Invoked command in '/home/wzb/ros2ws/trac_ws/build/trac_ik_examples' returned '0': AMENT_PREFIX_PATH=/home/wzb/ros2ws/trac_ws/install/trac_ik_lib:${AMENT_PREFIX_PATH} CMAKE_PREFIX_PATH=/home/wzb/ros2ws/trac_ws/install/trac_ik_lib:/home/wzb/ros2ws/orbbec_ws/install/orbbec_description:/home/wzb/ros2ws/orbbec_ws/install/orbbec_camera:/home/wzb/ros2ws/orbbec_ws/install/orbbec_camera_msgs:/home/wzb/ros2ws/my_piper_ros/install/piper_with_gripper_moveit:/home/wzb/ros2ws/my_piper_ros/install/piper_no_gripper_moveit:/home/wzb/ros2ws/my_piper_ros/install/piper_mujoco:/home/wzb/ros2ws/my_piper_ros/install/piper_msgs:/home/wzb/ros2ws/my_piper_ros/install/piper_humble:/home/wzb/ros2ws/my_piper_ros/install/piper_gazebo:/home/wzb/ros2ws/my_piper_ros/install/piper_description:/home/wzb/ros2ws/moveit_ws/install/pilz_industrial_motion_planner_testutils:/home/wzb/ros2ws/moveit_ws/install/moveit_runtime:/home/wzb/ros2ws/moveit_ws/install/moveit:/home/wzb/ros2ws/moveit_ws/install/moveit_planners:/home/wzb/ros2ws/moveit_ws/install/pilz_industrial_motion_planner:/home/wzb/ros2ws/moveit_ws/install/moveit_ros_control_interface:/home/wzb/ros2ws/moveit_ws/install/moveit_plugins:/home/wzb/ros2ws/moveit_ws/install/moveit_simple_controller_manager:/home/wzb/ros2ws/moveit_ws/install/moveit_setup_assistant:/home/wzb/ros2ws/moveit_ws/install/moveit_setup_srdf_plugins:/home/wzb/ros2ws/moveit_ws/install/moveit_setup_core_plugins:/home/wzb/ros2ws/moveit_ws/install/moveit_setup_controllers:/home/wzb/ros2ws/moveit_ws/install/moveit_setup_app_plugins:/home/wzb/ros2ws/moveit_ws/install/moveit_setup_framework:/home/wzb/ros2ws/moveit_ws/install/moveit_servo:/home/wzb/ros2ws/moveit_ws/install/moveit_ros_trajectory_cache:/home/wzb/ros2ws/moveit_ws/install/moveit_ros:/home/wzb/ros2ws/moveit_ws/install/moveit_ros_visualization:/home/wzb/ros2ws/moveit_ws/install/moveit_py:/home/wzb/ros2ws/moveit_ws/install/moveit_hybrid_planning:/home/wzb/ros2ws/moveit_ws/install/moveit_ros_planning_interface:/home/wzb/ros2ws/moveit_ws/install/moveit_ros_benchmarks:/home/wzb/ros2ws/moveit_ws/install/moveit_ros_warehouse:/home/wzb/ros2ws/moveit_ws/install/moveit_ros_robot_interaction:/home/wzb/ros2ws/moveit_ws/install/moveit_ros_perception:/home/wzb/ros2ws/moveit_ws/install/moveit_resources_prbt_pg70_support:/home/wzb/ros2ws/moveit_ws/install/moveit_resources_prbt_moveit_config:/home/wzb/ros2ws/moveit_ws/install/moveit_ros_move_group:/home/wzb/ros2ws/moveit_ws/install/moveit_planners_ompl:/home/wzb/ros2ws/moveit_ws/install/moveit_kinematics:/home/wzb/ros2ws/moveit_ws/install/moveit_ros_planning:/home/wzb/ros2ws/moveit_ws/install/moveit_ros_occupancy_map_monitor:/home/wzb/ros2ws/moveit_ws/install/moveit_resources_prbt_support:/home/wzb/ros2ws/moveit_ws/install/moveit_resources_prbt_ikfast_manipulator_plugin:/home/wzb/ros2ws/moveit_ws/install/moveit_resources:/home/wzb/ros2ws/moveit_ws/install/moveit_resources_pr2_description:/home/wzb/ros2ws/moveit_ws/install/moveit_resources_panda_moveit_config:/home/wzb/ros2ws/moveit_ws/install/dual_arm_panda_moveit_config:/home/wzb/ros2ws/moveit_ws/install/moveit_resources_panda_description:/home/wzb/ros2ws/moveit_ws/install/moveit_resources_fanuc_moveit_config:/home/wzb/ros2ws/moveit_ws/install/moveit_resources_fanuc_description:/home/wzb/ros2ws/moveit_ws/install/moveit_planners_stomp:/home/wzb/ros2ws/moveit_ws/install/moveit_planners_chomp:/home/wzb/ros2ws/moveit_ws/install/chomp_motion_planner:/home/wzb/ros2ws/moveit_ws/install/moveit_core:/home/wzb/ros2ws/moveit_ws/install/moveit_msgs:/home/wzb/ros2ws/moveit_ws/install/moveit_common:/home/wzb/ros2ws/my_piper_ros/install/piper:/home/wzb/ros2ws/moveit_ws/install/moveit_configs_utils:/opt/ros/humble LD_LIBRARY_PATH=/home/wzb/ros2ws/trac_ws/install/trac_ik_lib/lib:${LD_LIBRARY_PATH} /usr/bin/cmake --install /home/wzb/ros2ws/trac_ws/build/trac_ik_examples
[9.993s] Level 1:colcon.colcon_core.environment:checking '/home/wzb/ros2ws/trac_ws/install/trac_ik_examples' for CMake config files
[9.993s] Level 1:colcon.colcon_core.shell:create_environment_hook('trac_ik_examples', 'cmake_prefix_path')
[9.993s] INFO:colcon.colcon_core.shell:Creating environment hook '/home/wzb/ros2ws/trac_ws/install/trac_ik_examples/share/trac_ik_examples/hook/cmake_prefix_path.ps1'
[9.993s] INFO:colcon.colcon_core.shell:Creating environment descriptor '/home/wzb/ros2ws/trac_ws/install/trac_ik_examples/share/trac_ik_examples/hook/cmake_prefix_path.dsv'
[9.993s] INFO:colcon.colcon_core.shell:Creating environment hook '/home/wzb/ros2ws/trac_ws/install/trac_ik_examples/share/trac_ik_examples/hook/cmake_prefix_path.sh'
[9.994s] Level 1:colcon.colcon_core.environment:checking '/home/wzb/ros2ws/trac_ws/install/trac_ik_examples/lib'
[9.994s] Level 1:colcon.colcon_core.environment:checking '/home/wzb/ros2ws/trac_ws/install/trac_ik_examples/bin'
[9.994s] Level 1:colcon.colcon_core.environment:checking '/home/wzb/ros2ws/trac_ws/install/trac_ik_examples/lib/pkgconfig/trac_ik_examples.pc'
[9.994s] Level 1:colcon.colcon_core.environment:checking '/home/wzb/ros2ws/trac_ws/install/trac_ik_examples/lib/python3.10/site-packages'
[9.994s] Level 1:colcon.colcon_core.environment:checking '/home/wzb/ros2ws/trac_ws/install/trac_ik_examples/bin'
[9.994s] INFO:colcon.colcon_core.shell:Creating package script '/home/wzb/ros2ws/trac_ws/install/trac_ik_examples/share/trac_ik_examples/package.ps1'
[9.994s] INFO:colcon.colcon_core.shell:Creating package descriptor '/home/wzb/ros2ws/trac_ws/install/trac_ik_examples/share/trac_ik_examples/package.dsv'
[9.994s] INFO:colcon.colcon_core.shell:Creating package script '/home/wzb/ros2ws/trac_ws/install/trac_ik_examples/share/trac_ik_examples/package.sh'
[9.995s] INFO:colcon.colcon_core.shell:Creating package script '/home/wzb/ros2ws/trac_ws/install/trac_ik_examples/share/trac_ik_examples/package.bash'
[9.995s] INFO:colcon.colcon_core.shell:Creating package script '/home/wzb/ros2ws/trac_ws/install/trac_ik_examples/share/trac_ik_examples/package.zsh'
[9.995s] Level 1:colcon.colcon_core.environment:create_file_with_runtime_dependencies(/home/wzb/ros2ws/trac_ws/install/trac_ik_examples/share/colcon-core/packages/trac_ik_examples)
[9.995s] Level 1:colcon.colcon_core.environment:create_environment_scripts_only(trac_ik_examples)
[9.995s] Level 1:colcon.colcon_core.environment:checking '/home/wzb/ros2ws/trac_ws/install/trac_ik_examples' for CMake module files
[9.995s] Level 1:colcon.colcon_core.environment:checking '/home/wzb/ros2ws/trac_ws/install/trac_ik_examples' for CMake config files
[9.996s] Level 1:colcon.colcon_core.shell:create_environment_hook('trac_ik_examples', 'cmake_prefix_path')
[9.996s] INFO:colcon.colcon_core.shell:Creating environment hook '/home/wzb/ros2ws/trac_ws/install/trac_ik_examples/share/trac_ik_examples/hook/cmake_prefix_path.ps1'
[9.996s] INFO:colcon.colcon_core.shell:Creating environment descriptor '/home/wzb/ros2ws/trac_ws/install/trac_ik_examples/share/trac_ik_examples/hook/cmake_prefix_path.dsv'
[9.996s] INFO:colcon.colcon_core.shell:Creating environment hook '/home/wzb/ros2ws/trac_ws/install/trac_ik_examples/share/trac_ik_examples/hook/cmake_prefix_path.sh'
[9.996s] Level 1:colcon.colcon_core.environment:checking '/home/wzb/ros2ws/trac_ws/install/trac_ik_examples/lib'
[9.996s] Level 1:colcon.colcon_core.environment:checking '/home/wzb/ros2ws/trac_ws/install/trac_ik_examples/bin'
[9.996s] Level 1:colcon.colcon_core.environment:checking '/home/wzb/ros2ws/trac_ws/install/trac_ik_examples/lib/pkgconfig/trac_ik_examples.pc'
[9.996s] Level 1:colcon.colcon_core.environment:checking '/home/wzb/ros2ws/trac_ws/install/trac_ik_examples/lib/python3.10/site-packages'
[9.997s] Level 1:colcon.colcon_core.environment:checking '/home/wzb/ros2ws/trac_ws/install/trac_ik_examples/bin'
[9.997s] INFO:colcon.colcon_core.shell:Creating package script '/home/wzb/ros2ws/trac_ws/install/trac_ik_examples/share/trac_ik_examples/package.ps1'
[9.997s] INFO:colcon.colcon_core.shell:Creating package descriptor '/home/wzb/ros2ws/trac_ws/install/trac_ik_examples/share/trac_ik_examples/package.dsv'
[9.997s] INFO:colcon.colcon_core.shell:Creating package script '/home/wzb/ros2ws/trac_ws/install/trac_ik_examples/share/trac_ik_examples/package.sh'
[9.997s] INFO:colcon.colcon_core.shell:Creating package script '/home/wzb/ros2ws/trac_ws/install/trac_ik_examples/share/trac_ik_examples/package.bash'
[9.997s] INFO:colcon.colcon_core.shell:Creating package script '/home/wzb/ros2ws/trac_ws/install/trac_ik_examples/share/trac_ik_examples/package.zsh'
[9.998s] Level 1:colcon.colcon_core.environment:create_file_with_runtime_dependencies(/home/wzb/ros2ws/trac_ws/install/trac_ik_examples/share/colcon-core/packages/trac_ik_examples)
[9.998s] INFO:colcon.colcon_ros.task.ament_cmake.build:Building ROS package in '/home/wzb/ros2ws/trac_ws/src/trac_ik/trac_ik' with build type 'ament_cmake'
[9.998s] INFO:colcon.colcon_cmake.task.cmake.build:Building CMake package in '/home/wzb/ros2ws/trac_ws/src/trac_ik/trac_ik'
[9.998s] INFO:colcon.colcon_core.shell:Skip shell extension 'powershell' for command environment: Not usable outside of PowerShell
[9.998s] DEBUG:colcon.colcon_core.shell:Skip shell extension 'dsv' for command environment
[10.006s] DEBUG:colcon.colcon_core.event_handler.log_command:Invoking command in '/home/wzb/ros2ws/trac_ws/build/trac_ik': AMENT_PREFIX_PATH=/home/wzb/ros2ws/trac_ws/install/trac_ik_examples:/home/wzb/ros2ws/trac_ws/install/trac_ik_lib:${AMENT_PREFIX_PATH} CMAKE_PREFIX_PATH=/home/wzb/ros2ws/trac_ws/install/trac_ik_examples:/home/wzb/ros2ws/trac_ws/install/trac_ik_lib:/home/wzb/ros2ws/orbbec_ws/install/orbbec_description:/home/wzb/ros2ws/orbbec_ws/install/orbbec_camera:/home/wzb/ros2ws/orbbec_ws/install/orbbec_camera_msgs:/home/wzb/ros2ws/my_piper_ros/install/piper_with_gripper_moveit:/home/wzb/ros2ws/my_piper_ros/install/piper_no_gripper_moveit:/home/wzb/ros2ws/my_piper_ros/install/piper_mujoco:/home/wzb/ros2ws/my_piper_ros/install/piper_msgs:/home/wzb/ros2ws/my_piper_ros/install/piper_humble:/home/wzb/ros2ws/my_piper_ros/install/piper_gazebo:/home/wzb/ros2ws/my_piper_ros/install/piper_description:/home/wzb/ros2ws/moveit_ws/install/pilz_industrial_motion_planner_testutils:/home/wzb/ros2ws/moveit_ws/install/moveit_runtime:/home/wzb/ros2ws/moveit_ws/install/moveit:/home/wzb/ros2ws/moveit_ws/install/moveit_planners:/home/wzb/ros2ws/moveit_ws/install/pilz_industrial_motion_planner:/home/wzb/ros2ws/moveit_ws/install/moveit_ros_control_interface:/home/wzb/ros2ws/moveit_ws/install/moveit_plugins:/home/wzb/ros2ws/moveit_ws/install/moveit_simple_controller_manager:/home/wzb/ros2ws/moveit_ws/install/moveit_setup_assistant:/home/wzb/ros2ws/moveit_ws/install/moveit_setup_srdf_plugins:/home/wzb/ros2ws/moveit_ws/install/moveit_setup_core_plugins:/home/wzb/ros2ws/moveit_ws/install/moveit_setup_controllers:/home/wzb/ros2ws/moveit_ws/install/moveit_setup_app_plugins:/home/wzb/ros2ws/moveit_ws/install/moveit_setup_framework:/home/wzb/ros2ws/moveit_ws/install/moveit_servo:/home/wzb/ros2ws/moveit_ws/install/moveit_ros_trajectory_cache:/home/wzb/ros2ws/moveit_ws/install/moveit_ros:/home/wzb/ros2ws/moveit_ws/install/moveit_ros_visualization:/home/wzb/ros2ws/moveit_ws/install/moveit_py:/home/wzb/ros2ws/moveit_ws/install/moveit_hybrid_planning:/home/wzb/ros2ws/moveit_ws/install/moveit_ros_planning_interface:/home/wzb/ros2ws/moveit_ws/install/moveit_ros_benchmarks:/home/wzb/ros2ws/moveit_ws/install/moveit_ros_warehouse:/home/wzb/ros2ws/moveit_ws/install/moveit_ros_robot_interaction:/home/wzb/ros2ws/moveit_ws/install/moveit_ros_perception:/home/wzb/ros2ws/moveit_ws/install/moveit_resources_prbt_pg70_support:/home/wzb/ros2ws/moveit_ws/install/moveit_resources_prbt_moveit_config:/home/wzb/ros2ws/moveit_ws/install/moveit_ros_move_group:/home/wzb/ros2ws/moveit_ws/install/moveit_planners_ompl:/home/wzb/ros2ws/moveit_ws/install/moveit_kinematics:/home/wzb/ros2ws/moveit_ws/install/moveit_ros_planning:/home/wzb/ros2ws/moveit_ws/install/moveit_ros_occupancy_map_monitor:/home/wzb/ros2ws/moveit_ws/install/moveit_resources_prbt_support:/home/wzb/ros2ws/moveit_ws/install/moveit_resources_prbt_ikfast_manipulator_plugin:/home/wzb/ros2ws/moveit_ws/install/moveit_resources:/home/wzb/ros2ws/moveit_ws/install/moveit_resources_pr2_description:/home/wzb/ros2ws/moveit_ws/install/moveit_resources_panda_moveit_config:/home/wzb/ros2ws/moveit_ws/install/dual_arm_panda_moveit_config:/home/wzb/ros2ws/moveit_ws/install/moveit_resources_panda_description:/home/wzb/ros2ws/moveit_ws/install/moveit_resources_fanuc_moveit_config:/home/wzb/ros2ws/moveit_ws/install/moveit_resources_fanuc_description:/home/wzb/ros2ws/moveit_ws/install/moveit_planners_stomp:/home/wzb/ros2ws/moveit_ws/install/moveit_planners_chomp:/home/wzb/ros2ws/moveit_ws/install/chomp_motion_planner:/home/wzb/ros2ws/moveit_ws/install/moveit_core:/home/wzb/ros2ws/moveit_ws/install/moveit_msgs:/home/wzb/ros2ws/moveit_ws/install/moveit_common:/home/wzb/ros2ws/my_piper_ros/install/piper:/home/wzb/ros2ws/moveit_ws/install/moveit_configs_utils:/opt/ros/humble LD_LIBRARY_PATH=/home/wzb/ros2ws/trac_ws/install/trac_ik_lib/lib:${LD_LIBRARY_PATH} /usr/bin/cmake /home/wzb/ros2ws/trac_ws/src/trac_ik/trac_ik -DCMAKE_INSTALL_PREFIX=/home/wzb/ros2ws/trac_ws/install/trac_ik
[10.384s] DEBUG:colcon.colcon_core.event_handler.log_command:Invoked command in '/home/wzb/ros2ws/trac_ws/build/trac_ik' returned '0': AMENT_PREFIX_PATH=/home/wzb/ros2ws/trac_ws/install/trac_ik_examples:/home/wzb/ros2ws/trac_ws/install/trac_ik_lib:${AMENT_PREFIX_PATH} CMAKE_PREFIX_PATH=/home/wzb/ros2ws/trac_ws/install/trac_ik_examples:/home/wzb/ros2ws/trac_ws/install/trac_ik_lib:/home/wzb/ros2ws/orbbec_ws/install/orbbec_description:/home/wzb/ros2ws/orbbec_ws/install/orbbec_camera:/home/wzb/ros2ws/orbbec_ws/install/orbbec_camera_msgs:/home/wzb/ros2ws/my_piper_ros/install/piper_with_gripper_moveit:/home/wzb/ros2ws/my_piper_ros/install/piper_no_gripper_moveit:/home/wzb/ros2ws/my_piper_ros/install/piper_mujoco:/home/wzb/ros2ws/my_piper_ros/install/piper_msgs:/home/wzb/ros2ws/my_piper_ros/install/piper_humble:/home/wzb/ros2ws/my_piper_ros/install/piper_gazebo:/home/wzb/ros2ws/my_piper_ros/install/piper_description:/home/wzb/ros2ws/moveit_ws/install/pilz_industrial_motion_planner_testutils:/home/wzb/ros2ws/moveit_ws/install/moveit_runtime:/home/wzb/ros2ws/moveit_ws/install/moveit:/home/wzb/ros2ws/moveit_ws/install/moveit_planners:/home/wzb/ros2ws/moveit_ws/install/pilz_industrial_motion_planner:/home/wzb/ros2ws/moveit_ws/install/moveit_ros_control_interface:/home/wzb/ros2ws/moveit_ws/install/moveit_plugins:/home/wzb/ros2ws/moveit_ws/install/moveit_simple_controller_manager:/home/wzb/ros2ws/moveit_ws/install/moveit_setup_assistant:/home/wzb/ros2ws/moveit_ws/install/moveit_setup_srdf_plugins:/home/wzb/ros2ws/moveit_ws/install/moveit_setup_core_plugins:/home/wzb/ros2ws/moveit_ws/install/moveit_setup_controllers:/home/wzb/ros2ws/moveit_ws/install/moveit_setup_app_plugins:/home/wzb/ros2ws/moveit_ws/install/moveit_setup_framework:/home/wzb/ros2ws/moveit_ws/install/moveit_servo:/home/wzb/ros2ws/moveit_ws/install/moveit_ros_trajectory_cache:/home/wzb/ros2ws/moveit_ws/install/moveit_ros:/home/wzb/ros2ws/moveit_ws/install/moveit_ros_visualization:/home/wzb/ros2ws/moveit_ws/install/moveit_py:/home/wzb/ros2ws/moveit_ws/install/moveit_hybrid_planning:/home/wzb/ros2ws/moveit_ws/install/moveit_ros_planning_interface:/home/wzb/ros2ws/moveit_ws/install/moveit_ros_benchmarks:/home/wzb/ros2ws/moveit_ws/install/moveit_ros_warehouse:/home/wzb/ros2ws/moveit_ws/install/moveit_ros_robot_interaction:/home/wzb/ros2ws/moveit_ws/install/moveit_ros_perception:/home/wzb/ros2ws/moveit_ws/install/moveit_resources_prbt_pg70_support:/home/wzb/ros2ws/moveit_ws/install/moveit_resources_prbt_moveit_config:/home/wzb/ros2ws/moveit_ws/install/moveit_ros_move_group:/home/wzb/ros2ws/moveit_ws/install/moveit_planners_ompl:/home/wzb/ros2ws/moveit_ws/install/moveit_kinematics:/home/wzb/ros2ws/moveit_ws/install/moveit_ros_planning:/home/wzb/ros2ws/moveit_ws/install/moveit_ros_occupancy_map_monitor:/home/wzb/ros2ws/moveit_ws/install/moveit_resources_prbt_support:/home/wzb/ros2ws/moveit_ws/install/moveit_resources_prbt_ikfast_manipulator_plugin:/home/wzb/ros2ws/moveit_ws/install/moveit_resources:/home/wzb/ros2ws/moveit_ws/install/moveit_resources_pr2_description:/home/wzb/ros2ws/moveit_ws/install/moveit_resources_panda_moveit_config:/home/wzb/ros2ws/moveit_ws/install/dual_arm_panda_moveit_config:/home/wzb/ros2ws/moveit_ws/install/moveit_resources_panda_description:/home/wzb/ros2ws/moveit_ws/install/moveit_resources_fanuc_moveit_config:/home/wzb/ros2ws/moveit_ws/install/moveit_resources_fanuc_description:/home/wzb/ros2ws/moveit_ws/install/moveit_planners_stomp:/home/wzb/ros2ws/moveit_ws/install/moveit_planners_chomp:/home/wzb/ros2ws/moveit_ws/install/chomp_motion_planner:/home/wzb/ros2ws/moveit_ws/install/moveit_core:/home/wzb/ros2ws/moveit_ws/install/moveit_msgs:/home/wzb/ros2ws/moveit_ws/install/moveit_common:/home/wzb/ros2ws/my_piper_ros/install/piper:/home/wzb/ros2ws/moveit_ws/install/moveit_configs_utils:/opt/ros/humble LD_LIBRARY_PATH=/home/wzb/ros2ws/trac_ws/install/trac_ik_lib/lib:${LD_LIBRARY_PATH} /usr/bin/cmake /home/wzb/ros2ws/trac_ws/src/trac_ik/trac_ik -DCMAKE_INSTALL_PREFIX=/home/wzb/ros2ws/trac_ws/install/trac_ik
[10.385s] DEBUG:colcon.colcon_core.event_handler.log_command:Invoking command in '/home/wzb/ros2ws/trac_ws/build/trac_ik': AMENT_PREFIX_PATH=/home/wzb/ros2ws/trac_ws/install/trac_ik_examples:/home/wzb/ros2ws/trac_ws/install/trac_ik_lib:${AMENT_PREFIX_PATH} CMAKE_PREFIX_PATH=/home/wzb/ros2ws/trac_ws/install/trac_ik_examples:/home/wzb/ros2ws/trac_ws/install/trac_ik_lib:/home/wzb/ros2ws/orbbec_ws/install/orbbec_description:/home/wzb/ros2ws/orbbec_ws/install/orbbec_camera:/home/wzb/ros2ws/orbbec_ws/install/orbbec_camera_msgs:/home/wzb/ros2ws/my_piper_ros/install/piper_with_gripper_moveit:/home/wzb/ros2ws/my_piper_ros/install/piper_no_gripper_moveit:/home/wzb/ros2ws/my_piper_ros/install/piper_mujoco:/home/wzb/ros2ws/my_piper_ros/install/piper_msgs:/home/wzb/ros2ws/my_piper_ros/install/piper_humble:/home/wzb/ros2ws/my_piper_ros/install/piper_gazebo:/home/wzb/ros2ws/my_piper_ros/install/piper_description:/home/wzb/ros2ws/moveit_ws/install/pilz_industrial_motion_planner_testutils:/home/wzb/ros2ws/moveit_ws/install/moveit_runtime:/home/wzb/ros2ws/moveit_ws/install/moveit:/home/wzb/ros2ws/moveit_ws/install/moveit_planners:/home/wzb/ros2ws/moveit_ws/install/pilz_industrial_motion_planner:/home/wzb/ros2ws/moveit_ws/install/moveit_ros_control_interface:/home/wzb/ros2ws/moveit_ws/install/moveit_plugins:/home/wzb/ros2ws/moveit_ws/install/moveit_simple_controller_manager:/home/wzb/ros2ws/moveit_ws/install/moveit_setup_assistant:/home/wzb/ros2ws/moveit_ws/install/moveit_setup_srdf_plugins:/home/wzb/ros2ws/moveit_ws/install/moveit_setup_core_plugins:/home/wzb/ros2ws/moveit_ws/install/moveit_setup_controllers:/home/wzb/ros2ws/moveit_ws/install/moveit_setup_app_plugins:/home/wzb/ros2ws/moveit_ws/install/moveit_setup_framework:/home/wzb/ros2ws/moveit_ws/install/moveit_servo:/home/wzb/ros2ws/moveit_ws/install/moveit_ros_trajectory_cache:/home/wzb/ros2ws/moveit_ws/install/moveit_ros:/home/wzb/ros2ws/moveit_ws/install/moveit_ros_visualization:/home/wzb/ros2ws/moveit_ws/install/moveit_py:/home/wzb/ros2ws/moveit_ws/install/moveit_hybrid_planning:/home/wzb/ros2ws/moveit_ws/install/moveit_ros_planning_interface:/home/wzb/ros2ws/moveit_ws/install/moveit_ros_benchmarks:/home/wzb/ros2ws/moveit_ws/install/moveit_ros_warehouse:/home/wzb/ros2ws/moveit_ws/install/moveit_ros_robot_interaction:/home/wzb/ros2ws/moveit_ws/install/moveit_ros_perception:/home/wzb/ros2ws/moveit_ws/install/moveit_resources_prbt_pg70_support:/home/wzb/ros2ws/moveit_ws/install/moveit_resources_prbt_moveit_config:/home/wzb/ros2ws/moveit_ws/install/moveit_ros_move_group:/home/wzb/ros2ws/moveit_ws/install/moveit_planners_ompl:/home/wzb/ros2ws/moveit_ws/install/moveit_kinematics:/home/wzb/ros2ws/moveit_ws/install/moveit_ros_planning:/home/wzb/ros2ws/moveit_ws/install/moveit_ros_occupancy_map_monitor:/home/wzb/ros2ws/moveit_ws/install/moveit_resources_prbt_support:/home/wzb/ros2ws/moveit_ws/install/moveit_resources_prbt_ikfast_manipulator_plugin:/home/wzb/ros2ws/moveit_ws/install/moveit_resources:/home/wzb/ros2ws/moveit_ws/install/moveit_resources_pr2_description:/home/wzb/ros2ws/moveit_ws/install/moveit_resources_panda_moveit_config:/home/wzb/ros2ws/moveit_ws/install/dual_arm_panda_moveit_config:/home/wzb/ros2ws/moveit_ws/install/moveit_resources_panda_description:/home/wzb/ros2ws/moveit_ws/install/moveit_resources_fanuc_moveit_config:/home/wzb/ros2ws/moveit_ws/install/moveit_resources_fanuc_description:/home/wzb/ros2ws/moveit_ws/install/moveit_planners_stomp:/home/wzb/ros2ws/moveit_ws/install/moveit_planners_chomp:/home/wzb/ros2ws/moveit_ws/install/chomp_motion_planner:/home/wzb/ros2ws/moveit_ws/install/moveit_core:/home/wzb/ros2ws/moveit_ws/install/moveit_msgs:/home/wzb/ros2ws/moveit_ws/install/moveit_common:/home/wzb/ros2ws/my_piper_ros/install/piper:/home/wzb/ros2ws/moveit_ws/install/moveit_configs_utils:/opt/ros/humble LD_LIBRARY_PATH=/home/wzb/ros2ws/trac_ws/install/trac_ik_lib/lib:${LD_LIBRARY_PATH} /usr/bin/cmake --build /home/wzb/ros2ws/trac_ws/build/trac_ik -- -j20 -l20
[10.407s] DEBUG:colcon.colcon_core.event_handler.log_command:Invoked command in '/home/wzb/ros2ws/trac_ws/build/trac_ik' returned '0': AMENT_PREFIX_PATH=/home/wzb/ros2ws/trac_ws/install/trac_ik_examples:/home/wzb/ros2ws/trac_ws/install/trac_ik_lib:${AMENT_PREFIX_PATH} CMAKE_PREFIX_PATH=/home/wzb/ros2ws/trac_ws/install/trac_ik_examples:/home/wzb/ros2ws/trac_ws/install/trac_ik_lib:/home/wzb/ros2ws/orbbec_ws/install/orbbec_description:/home/wzb/ros2ws/orbbec_ws/install/orbbec_camera:/home/wzb/ros2ws/orbbec_ws/install/orbbec_camera_msgs:/home/wzb/ros2ws/my_piper_ros/install/piper_with_gripper_moveit:/home/wzb/ros2ws/my_piper_ros/install/piper_no_gripper_moveit:/home/wzb/ros2ws/my_piper_ros/install/piper_mujoco:/home/wzb/ros2ws/my_piper_ros/install/piper_msgs:/home/wzb/ros2ws/my_piper_ros/install/piper_humble:/home/wzb/ros2ws/my_piper_ros/install/piper_gazebo:/home/wzb/ros2ws/my_piper_ros/install/piper_description:/home/wzb/ros2ws/moveit_ws/install/pilz_industrial_motion_planner_testutils:/home/wzb/ros2ws/moveit_ws/install/moveit_runtime:/home/wzb/ros2ws/moveit_ws/install/moveit:/home/wzb/ros2ws/moveit_ws/install/moveit_planners:/home/wzb/ros2ws/moveit_ws/install/pilz_industrial_motion_planner:/home/wzb/ros2ws/moveit_ws/install/moveit_ros_control_interface:/home/wzb/ros2ws/moveit_ws/install/moveit_plugins:/home/wzb/ros2ws/moveit_ws/install/moveit_simple_controller_manager:/home/wzb/ros2ws/moveit_ws/install/moveit_setup_assistant:/home/wzb/ros2ws/moveit_ws/install/moveit_setup_srdf_plugins:/home/wzb/ros2ws/moveit_ws/install/moveit_setup_core_plugins:/home/wzb/ros2ws/moveit_ws/install/moveit_setup_controllers:/home/wzb/ros2ws/moveit_ws/install/moveit_setup_app_plugins:/home/wzb/ros2ws/moveit_ws/install/moveit_setup_framework:/home/wzb/ros2ws/moveit_ws/install/moveit_servo:/home/wzb/ros2ws/moveit_ws/install/moveit_ros_trajectory_cache:/home/wzb/ros2ws/moveit_ws/install/moveit_ros:/home/wzb/ros2ws/moveit_ws/install/moveit_ros_visualization:/home/wzb/ros2ws/moveit_ws/install/moveit_py:/home/wzb/ros2ws/moveit_ws/install/moveit_hybrid_planning:/home/wzb/ros2ws/moveit_ws/install/moveit_ros_planning_interface:/home/wzb/ros2ws/moveit_ws/install/moveit_ros_benchmarks:/home/wzb/ros2ws/moveit_ws/install/moveit_ros_warehouse:/home/wzb/ros2ws/moveit_ws/install/moveit_ros_robot_interaction:/home/wzb/ros2ws/moveit_ws/install/moveit_ros_perception:/home/wzb/ros2ws/moveit_ws/install/moveit_resources_prbt_pg70_support:/home/wzb/ros2ws/moveit_ws/install/moveit_resources_prbt_moveit_config:/home/wzb/ros2ws/moveit_ws/install/moveit_ros_move_group:/home/wzb/ros2ws/moveit_ws/install/moveit_planners_ompl:/home/wzb/ros2ws/moveit_ws/install/moveit_kinematics:/home/wzb/ros2ws/moveit_ws/install/moveit_ros_planning:/home/wzb/ros2ws/moveit_ws/install/moveit_ros_occupancy_map_monitor:/home/wzb/ros2ws/moveit_ws/install/moveit_resources_prbt_support:/home/wzb/ros2ws/moveit_ws/install/moveit_resources_prbt_ikfast_manipulator_plugin:/home/wzb/ros2ws/moveit_ws/install/moveit_resources:/home/wzb/ros2ws/moveit_ws/install/moveit_resources_pr2_description:/home/wzb/ros2ws/moveit_ws/install/moveit_resources_panda_moveit_config:/home/wzb/ros2ws/moveit_ws/install/dual_arm_panda_moveit_config:/home/wzb/ros2ws/moveit_ws/install/moveit_resources_panda_description:/home/wzb/ros2ws/moveit_ws/install/moveit_resources_fanuc_moveit_config:/home/wzb/ros2ws/moveit_ws/install/moveit_resources_fanuc_description:/home/wzb/ros2ws/moveit_ws/install/moveit_planners_stomp:/home/wzb/ros2ws/moveit_ws/install/moveit_planners_chomp:/home/wzb/ros2ws/moveit_ws/install/chomp_motion_planner:/home/wzb/ros2ws/moveit_ws/install/moveit_core:/home/wzb/ros2ws/moveit_ws/install/moveit_msgs:/home/wzb/ros2ws/moveit_ws/install/moveit_common:/home/wzb/ros2ws/my_piper_ros/install/piper:/home/wzb/ros2ws/moveit_ws/install/moveit_configs_utils:/opt/ros/humble LD_LIBRARY_PATH=/home/wzb/ros2ws/trac_ws/install/trac_ik_lib/lib:${LD_LIBRARY_PATH} /usr/bin/cmake --build /home/wzb/ros2ws/trac_ws/build/trac_ik -- -j20 -l20
[10.407s] DEBUG:colcon.colcon_core.event_handler.log_command:Invoking command in '/home/wzb/ros2ws/trac_ws/build/trac_ik': AMENT_PREFIX_PATH=/home/wzb/ros2ws/trac_ws/install/trac_ik_examples:/home/wzb/ros2ws/trac_ws/install/trac_ik_lib:${AMENT_PREFIX_PATH} CMAKE_PREFIX_PATH=/home/wzb/ros2ws/trac_ws/install/trac_ik_examples:/home/wzb/ros2ws/trac_ws/install/trac_ik_lib:/home/wzb/ros2ws/orbbec_ws/install/orbbec_description:/home/wzb/ros2ws/orbbec_ws/install/orbbec_camera:/home/wzb/ros2ws/orbbec_ws/install/orbbec_camera_msgs:/home/wzb/ros2ws/my_piper_ros/install/piper_with_gripper_moveit:/home/wzb/ros2ws/my_piper_ros/install/piper_no_gripper_moveit:/home/wzb/ros2ws/my_piper_ros/install/piper_mujoco:/home/wzb/ros2ws/my_piper_ros/install/piper_msgs:/home/wzb/ros2ws/my_piper_ros/install/piper_humble:/home/wzb/ros2ws/my_piper_ros/install/piper_gazebo:/home/wzb/ros2ws/my_piper_ros/install/piper_description:/home/wzb/ros2ws/moveit_ws/install/pilz_industrial_motion_planner_testutils:/home/wzb/ros2ws/moveit_ws/install/moveit_runtime:/home/wzb/ros2ws/moveit_ws/install/moveit:/home/wzb/ros2ws/moveit_ws/install/moveit_planners:/home/wzb/ros2ws/moveit_ws/install/pilz_industrial_motion_planner:/home/wzb/ros2ws/moveit_ws/install/moveit_ros_control_interface:/home/wzb/ros2ws/moveit_ws/install/moveit_plugins:/home/wzb/ros2ws/moveit_ws/install/moveit_simple_controller_manager:/home/wzb/ros2ws/moveit_ws/install/moveit_setup_assistant:/home/wzb/ros2ws/moveit_ws/install/moveit_setup_srdf_plugins:/home/wzb/ros2ws/moveit_ws/install/moveit_setup_core_plugins:/home/wzb/ros2ws/moveit_ws/install/moveit_setup_controllers:/home/wzb/ros2ws/moveit_ws/install/moveit_setup_app_plugins:/home/wzb/ros2ws/moveit_ws/install/moveit_setup_framework:/home/wzb/ros2ws/moveit_ws/install/moveit_servo:/home/wzb/ros2ws/moveit_ws/install/moveit_ros_trajectory_cache:/home/wzb/ros2ws/moveit_ws/install/moveit_ros:/home/wzb/ros2ws/moveit_ws/install/moveit_ros_visualization:/home/wzb/ros2ws/moveit_ws/install/moveit_py:/home/wzb/ros2ws/moveit_ws/install/moveit_hybrid_planning:/home/wzb/ros2ws/moveit_ws/install/moveit_ros_planning_interface:/home/wzb/ros2ws/moveit_ws/install/moveit_ros_benchmarks:/home/wzb/ros2ws/moveit_ws/install/moveit_ros_warehouse:/home/wzb/ros2ws/moveit_ws/install/moveit_ros_robot_interaction:/home/wzb/ros2ws/moveit_ws/install/moveit_ros_perception:/home/wzb/ros2ws/moveit_ws/install/moveit_resources_prbt_pg70_support:/home/wzb/ros2ws/moveit_ws/install/moveit_resources_prbt_moveit_config:/home/wzb/ros2ws/moveit_ws/install/moveit_ros_move_group:/home/wzb/ros2ws/moveit_ws/install/moveit_planners_ompl:/home/wzb/ros2ws/moveit_ws/install/moveit_kinematics:/home/wzb/ros2ws/moveit_ws/install/moveit_ros_planning:/home/wzb/ros2ws/moveit_ws/install/moveit_ros_occupancy_map_monitor:/home/wzb/ros2ws/moveit_ws/install/moveit_resources_prbt_support:/home/wzb/ros2ws/moveit_ws/install/moveit_resources_prbt_ikfast_manipulator_plugin:/home/wzb/ros2ws/moveit_ws/install/moveit_resources:/home/wzb/ros2ws/moveit_ws/install/moveit_resources_pr2_description:/home/wzb/ros2ws/moveit_ws/install/moveit_resources_panda_moveit_config:/home/wzb/ros2ws/moveit_ws/install/dual_arm_panda_moveit_config:/home/wzb/ros2ws/moveit_ws/install/moveit_resources_panda_description:/home/wzb/ros2ws/moveit_ws/install/moveit_resources_fanuc_moveit_config:/home/wzb/ros2ws/moveit_ws/install/moveit_resources_fanuc_description:/home/wzb/ros2ws/moveit_ws/install/moveit_planners_stomp:/home/wzb/ros2ws/moveit_ws/install/moveit_planners_chomp:/home/wzb/ros2ws/moveit_ws/install/chomp_motion_planner:/home/wzb/ros2ws/moveit_ws/install/moveit_core:/home/wzb/ros2ws/moveit_ws/install/moveit_msgs:/home/wzb/ros2ws/moveit_ws/install/moveit_common:/home/wzb/ros2ws/my_piper_ros/install/piper:/home/wzb/ros2ws/moveit_ws/install/moveit_configs_utils:/opt/ros/humble LD_LIBRARY_PATH=/home/wzb/ros2ws/trac_ws/install/trac_ik_lib/lib:${LD_LIBRARY_PATH} /usr/bin/cmake --install /home/wzb/ros2ws/trac_ws/build/trac_ik
[10.412s] Level 1:colcon.colcon_core.environment:create_environment_scripts_only(trac_ik)
[10.413s] Level 1:colcon.colcon_core.environment:checking '/home/wzb/ros2ws/trac_ws/install/trac_ik' for CMake module files
[10.413s] DEBUG:colcon.colcon_core.event_handler.log_command:Invoked command in '/home/wzb/ros2ws/trac_ws/build/trac_ik' returned '0': AMENT_PREFIX_PATH=/home/wzb/ros2ws/trac_ws/install/trac_ik_examples:/home/wzb/ros2ws/trac_ws/install/trac_ik_lib:${AMENT_PREFIX_PATH} CMAKE_PREFIX_PATH=/home/wzb/ros2ws/trac_ws/install/trac_ik_examples:/home/wzb/ros2ws/trac_ws/install/trac_ik_lib:/home/wzb/ros2ws/orbbec_ws/install/orbbec_description:/home/wzb/ros2ws/orbbec_ws/install/orbbec_camera:/home/wzb/ros2ws/orbbec_ws/install/orbbec_camera_msgs:/home/wzb/ros2ws/my_piper_ros/install/piper_with_gripper_moveit:/home/wzb/ros2ws/my_piper_ros/install/piper_no_gripper_moveit:/home/wzb/ros2ws/my_piper_ros/install/piper_mujoco:/home/wzb/ros2ws/my_piper_ros/install/piper_msgs:/home/wzb/ros2ws/my_piper_ros/install/piper_humble:/home/wzb/ros2ws/my_piper_ros/install/piper_gazebo:/home/wzb/ros2ws/my_piper_ros/install/piper_description:/home/wzb/ros2ws/moveit_ws/install/pilz_industrial_motion_planner_testutils:/home/wzb/ros2ws/moveit_ws/install/moveit_runtime:/home/wzb/ros2ws/moveit_ws/install/moveit:/home/wzb/ros2ws/moveit_ws/install/moveit_planners:/home/wzb/ros2ws/moveit_ws/install/pilz_industrial_motion_planner:/home/wzb/ros2ws/moveit_ws/install/moveit_ros_control_interface:/home/wzb/ros2ws/moveit_ws/install/moveit_plugins:/home/wzb/ros2ws/moveit_ws/install/moveit_simple_controller_manager:/home/wzb/ros2ws/moveit_ws/install/moveit_setup_assistant:/home/wzb/ros2ws/moveit_ws/install/moveit_setup_srdf_plugins:/home/wzb/ros2ws/moveit_ws/install/moveit_setup_core_plugins:/home/wzb/ros2ws/moveit_ws/install/moveit_setup_controllers:/home/wzb/ros2ws/moveit_ws/install/moveit_setup_app_plugins:/home/wzb/ros2ws/moveit_ws/install/moveit_setup_framework:/home/wzb/ros2ws/moveit_ws/install/moveit_servo:/home/wzb/ros2ws/moveit_ws/install/moveit_ros_trajectory_cache:/home/wzb/ros2ws/moveit_ws/install/moveit_ros:/home/wzb/ros2ws/moveit_ws/install/moveit_ros_visualization:/home/wzb/ros2ws/moveit_ws/install/moveit_py:/home/wzb/ros2ws/moveit_ws/install/moveit_hybrid_planning:/home/wzb/ros2ws/moveit_ws/install/moveit_ros_planning_interface:/home/wzb/ros2ws/moveit_ws/install/moveit_ros_benchmarks:/home/wzb/ros2ws/moveit_ws/install/moveit_ros_warehouse:/home/wzb/ros2ws/moveit_ws/install/moveit_ros_robot_interaction:/home/wzb/ros2ws/moveit_ws/install/moveit_ros_perception:/home/wzb/ros2ws/moveit_ws/install/moveit_resources_prbt_pg70_support:/home/wzb/ros2ws/moveit_ws/install/moveit_resources_prbt_moveit_config:/home/wzb/ros2ws/moveit_ws/install/moveit_ros_move_group:/home/wzb/ros2ws/moveit_ws/install/moveit_planners_ompl:/home/wzb/ros2ws/moveit_ws/install/moveit_kinematics:/home/wzb/ros2ws/moveit_ws/install/moveit_ros_planning:/home/wzb/ros2ws/moveit_ws/install/moveit_ros_occupancy_map_monitor:/home/wzb/ros2ws/moveit_ws/install/moveit_resources_prbt_support:/home/wzb/ros2ws/moveit_ws/install/moveit_resources_prbt_ikfast_manipulator_plugin:/home/wzb/ros2ws/moveit_ws/install/moveit_resources:/home/wzb/ros2ws/moveit_ws/install/moveit_resources_pr2_description:/home/wzb/ros2ws/moveit_ws/install/moveit_resources_panda_moveit_config:/home/wzb/ros2ws/moveit_ws/install/dual_arm_panda_moveit_config:/home/wzb/ros2ws/moveit_ws/install/moveit_resources_panda_description:/home/wzb/ros2ws/moveit_ws/install/moveit_resources_fanuc_moveit_config:/home/wzb/ros2ws/moveit_ws/install/moveit_resources_fanuc_description:/home/wzb/ros2ws/moveit_ws/install/moveit_planners_stomp:/home/wzb/ros2ws/moveit_ws/install/moveit_planners_chomp:/home/wzb/ros2ws/moveit_ws/install/chomp_motion_planner:/home/wzb/ros2ws/moveit_ws/install/moveit_core:/home/wzb/ros2ws/moveit_ws/install/moveit_msgs:/home/wzb/ros2ws/moveit_ws/install/moveit_common:/home/wzb/ros2ws/my_piper_ros/install/piper:/home/wzb/ros2ws/moveit_ws/install/moveit_configs_utils:/opt/ros/humble LD_LIBRARY_PATH=/home/wzb/ros2ws/trac_ws/install/trac_ik_lib/lib:${LD_LIBRARY_PATH} /usr/bin/cmake --install /home/wzb/ros2ws/trac_ws/build/trac_ik
[10.413s] Level 1:colcon.colcon_core.environment:checking '/home/wzb/ros2ws/trac_ws/install/trac_ik' for CMake config files
[10.413s] Level 1:colcon.colcon_core.shell:create_environment_hook('trac_ik', 'cmake_prefix_path')
[10.413s] INFO:colcon.colcon_core.shell:Creating environment hook '/home/wzb/ros2ws/trac_ws/install/trac_ik/share/trac_ik/hook/cmake_prefix_path.ps1'
[10.413s] INFO:colcon.colcon_core.shell:Creating environment descriptor '/home/wzb/ros2ws/trac_ws/install/trac_ik/share/trac_ik/hook/cmake_prefix_path.dsv'
[10.413s] INFO:colcon.colcon_core.shell:Creating environment hook '/home/wzb/ros2ws/trac_ws/install/trac_ik/share/trac_ik/hook/cmake_prefix_path.sh'
[10.414s] Level 1:colcon.colcon_core.environment:checking '/home/wzb/ros2ws/trac_ws/install/trac_ik/bin'
[10.414s] Level 1:colcon.colcon_core.environment:checking '/home/wzb/ros2ws/trac_ws/install/trac_ik/lib/pkgconfig/trac_ik.pc'
[10.414s] Level 1:colcon.colcon_core.environment:checking '/home/wzb/ros2ws/trac_ws/install/trac_ik/lib/python3.10/site-packages'
[10.414s] Level 1:colcon.colcon_core.environment:checking '/home/wzb/ros2ws/trac_ws/install/trac_ik/bin'
[10.414s] INFO:colcon.colcon_core.shell:Creating package script '/home/wzb/ros2ws/trac_ws/install/trac_ik/share/trac_ik/package.ps1'
[10.414s] INFO:colcon.colcon_core.shell:Creating package descriptor '/home/wzb/ros2ws/trac_ws/install/trac_ik/share/trac_ik/package.dsv'
[10.415s] INFO:colcon.colcon_core.shell:Creating package script '/home/wzb/ros2ws/trac_ws/install/trac_ik/share/trac_ik/package.sh'
[10.415s] INFO:colcon.colcon_core.shell:Creating package script '/home/wzb/ros2ws/trac_ws/install/trac_ik/share/trac_ik/package.bash'
[10.415s] INFO:colcon.colcon_core.shell:Creating package script '/home/wzb/ros2ws/trac_ws/install/trac_ik/share/trac_ik/package.zsh'
[10.415s] Level 1:colcon.colcon_core.environment:create_file_with_runtime_dependencies(/home/wzb/ros2ws/trac_ws/install/trac_ik/share/colcon-core/packages/trac_ik)
[10.415s] Level 1:colcon.colcon_core.environment:create_environment_scripts_only(trac_ik)
[10.415s] Level 1:colcon.colcon_core.environment:checking '/home/wzb/ros2ws/trac_ws/install/trac_ik' for CMake module files
[10.416s] Level 1:colcon.colcon_core.environment:checking '/home/wzb/ros2ws/trac_ws/install/trac_ik' for CMake config files
[10.416s] Level 1:colcon.colcon_core.shell:create_environment_hook('trac_ik', 'cmake_prefix_path')
[10.416s] INFO:colcon.colcon_core.shell:Creating environment hook '/home/wzb/ros2ws/trac_ws/install/trac_ik/share/trac_ik/hook/cmake_prefix_path.ps1'
[10.416s] INFO:colcon.colcon_core.shell:Creating environment descriptor '/home/wzb/ros2ws/trac_ws/install/trac_ik/share/trac_ik/hook/cmake_prefix_path.dsv'
[10.416s] INFO:colcon.colcon_core.shell:Creating environment hook '/home/wzb/ros2ws/trac_ws/install/trac_ik/share/trac_ik/hook/cmake_prefix_path.sh'
[10.417s] Level 1:colcon.colcon_core.environment:checking '/home/wzb/ros2ws/trac_ws/install/trac_ik/bin'
[10.417s] Level 1:colcon.colcon_core.environment:checking '/home/wzb/ros2ws/trac_ws/install/trac_ik/lib/pkgconfig/trac_ik.pc'
[10.417s] Level 1:colcon.colcon_core.environment:checking '/home/wzb/ros2ws/trac_ws/install/trac_ik/lib/python3.10/site-packages'
[10.417s] Level 1:colcon.colcon_core.environment:checking '/home/wzb/ros2ws/trac_ws/install/trac_ik/bin'
[10.417s] INFO:colcon.colcon_core.shell:Creating package script '/home/wzb/ros2ws/trac_ws/install/trac_ik/share/trac_ik/package.ps1'
[10.417s] INFO:colcon.colcon_core.shell:Creating package descriptor '/home/wzb/ros2ws/trac_ws/install/trac_ik/share/trac_ik/package.dsv'
[10.418s] INFO:colcon.colcon_core.shell:Creating package script '/home/wzb/ros2ws/trac_ws/install/trac_ik/share/trac_ik/package.sh'
[10.418s] INFO:colcon.colcon_core.shell:Creating package script '/home/wzb/ros2ws/trac_ws/install/trac_ik/share/trac_ik/package.bash'
[10.418s] INFO:colcon.colcon_core.shell:Creating package script '/home/wzb/ros2ws/trac_ws/install/trac_ik/share/trac_ik/package.zsh'
[10.418s] Level 1:colcon.colcon_core.environment:create_file_with_runtime_dependencies(/home/wzb/ros2ws/trac_ws/install/trac_ik/share/colcon-core/packages/trac_ik)
[10.418s] DEBUG:colcon.colcon_parallel_executor.executor.parallel:closing loop
[10.418s] DEBUG:colcon.colcon_parallel_executor.executor.parallel:loop closed
[10.418s] DEBUG:colcon.colcon_parallel_executor.executor.parallel:run_until_complete finished with '0'
[10.418s] DEBUG:colcon.colcon_core.event_reactor:joining thread
[10.421s] INFO:colcon.colcon_core.plugin_system:Skipping extension 'colcon_notification.desktop_notification.terminal_notifier': Not used on non-Darwin systems
[10.421s] INFO:colcon.colcon_core.plugin_system:Skipping extension 'colcon_notification.desktop_notification.win32': Not used on non-Windows systems
[10.421s] INFO:colcon.colcon_notification.desktop_notification:Sending desktop notification using 'notify2'
[10.427s] DEBUG:colcon.colcon_core.event_reactor:joined thread
[10.428s] INFO:colcon.colcon_core.shell:Creating prefix script '/home/wzb/ros2ws/trac_ws/install/local_setup.ps1'
[10.428s] INFO:colcon.colcon_core.shell:Creating prefix util module '/home/wzb/ros2ws/trac_ws/install/_local_setup_util_ps1.py'
[10.429s] INFO:colcon.colcon_core.shell:Creating prefix chain script '/home/wzb/ros2ws/trac_ws/install/setup.ps1'
[10.430s] INFO:colcon.colcon_core.shell:Creating prefix script '/home/wzb/ros2ws/trac_ws/install/local_setup.sh'
[10.430s] INFO:colcon.colcon_core.shell:Creating prefix util module '/home/wzb/ros2ws/trac_ws/install/_local_setup_util_sh.py'
[10.430s] INFO:colcon.colcon_core.shell:Creating prefix chain script '/home/wzb/ros2ws/trac_ws/install/setup.sh'
[10.432s] INFO:colcon.colcon_core.shell:Creating prefix script '/home/wzb/ros2ws/trac_ws/install/local_setup.bash'
[10.432s] INFO:colcon.colcon_core.shell:Creating prefix chain script '/home/wzb/ros2ws/trac_ws/install/setup.bash'
[10.433s] INFO:colcon.colcon_core.shell:Creating prefix script '/home/wzb/ros2ws/trac_ws/install/local_setup.zsh'
[10.434s] INFO:colcon.colcon_core.shell:Creating prefix chain script '/home/wzb/ros2ws/trac_ws/install/setup.zsh'
